[0;32m[INFO][0m 2025-06-09 03:55:34 - 🚀 Parallel Compaction 스케일링 효과 분석 시작
[0;32m[INFO][0m 2025-06-09 03:55:34 - 결과 저장 위치: ./results_20250609_035534
[1;33m실험 설정:[0m
  - Subcompaction 값: 1 2 4 8 12 16 24 32
  - 키 개수: 50000000
  - 값 크기: 100 bytes
  - 예상 소요 시간: 80 - 160분


[0;34m[PHASE][0m 2025-06-09 03:55:38 - Phase 1: 환경 준비 및 초기 설정
[0;32m[INFO][0m 2025-06-09 03:55:38 - 시스템 정보 수집 중...
[0;32m[INFO][0m 2025-06-09 03:55:38 - 환경 준비 완료
[0;34m[PHASE][0m 2025-06-09 03:55:38 - Phase 2: Subcompaction별 성능 테스트 시작
[0;32m[INFO][0m 2025-06-09 03:55:38 - === Subcompactions=1 테스트 시작 ===
[0;32m[INFO][0m 2025-06-09 03:55:39 - 시스템 리소스 모니터링 시작 (subcompactions=1)
[0;32m[INFO][0m 2025-06-09 03:55:40 - db_bench 실행 중... (subcompactions=1)
[0;32m[INFO][0m 2025-06-09 03:55:40 - db_bench 프로세스 모니터링 시작 (PID: 150646)
[0;32m[INFO][0m 2025-06-09 04:08:20 - 모든 모니터링 중지
[0;32m[INFO][0m 2025-06-09 04:08:20 - 실행 중인 모니터링 프로세스 정리 중...
[0;32m[INFO][0m 2025-06-09 04:08:21 - Subcompactions=1 테스트 완료 (760초)
[0;32m[INFO][0m 2025-06-09 04:08:21 - 결과 파싱 중... (subcompactions=1)
[0;32m[INFO][0m 2025-06-09 04:08:21 - 결과 저장 완료:
[0;32m[INFO][0m 2025-06-09 04:08:21 -   - Fillrandom 처리량: 73311 ops/sec
[0;32m[INFO][0m 2025-06-09 04:08:21 -   - Compact 처리량:  MB/s
[0;32m[INFO][0m 2025-06-09 04:08:21 -   - 평균 CPU 사용률: 13.875%
[0;32m[INFO][0m 2025-06-09 04:08:21 -   - 평균 메모리 사용량: 0.902213 GB
[0;32m[INFO][0m 2025-06-09 04:08:21 -   - 최대 프로세스 메모리: 0 GB
[0;32m[INFO][0m 2025-06-09 04:08:21 -   - 총 실행 시간: 760초
[0;32m[INFO][0m 2025-06-09 04:08:21 - 시스템 안정화 대기 (30초)...
[0;32m[INFO][0m 2025-06-09 04:08:51 - === Subcompactions=2 테스트 시작 ===
[0;32m[INFO][0m 2025-06-09 04:08:51 - 시스템 리소스 모니터링 시작 (subcompactions=2)
[0;32m[INFO][0m 2025-06-09 04:08:52 - db_bench 실행 중... (subcompactions=2)
[0;32m[INFO][0m 2025-06-09 04:08:52 - db_bench 프로세스 모니터링 시작 (PID: 165680)
[0;32m[INFO][0m 2025-06-09 04:20:18 - 모든 모니터링 중지
[0;32m[INFO][0m 2025-06-09 04:20:18 - 실행 중인 모니터링 프로세스 정리 중...
[0;32m[INFO][0m 2025-06-09 04:20:19 - Subcompactions=2 테스트 완료 (686초)
[0;32m[INFO][0m 2025-06-09 04:20:19 - 결과 파싱 중... (subcompactions=2)
[0;32m[INFO][0m 2025-06-09 04:20:19 - 결과 저장 완료:
[0;32m[INFO][0m 2025-06-09 04:20:19 -   - Fillrandom 처리량: 78204 ops/sec
[0;32m[INFO][0m 2025-06-09 04:20:19 -   - Compact 처리량:  MB/s
[0;32m[INFO][0m 2025-06-09 04:20:19 -   - 평균 CPU 사용률: 25.9%
[0;32m[INFO][0m 2025-06-09 04:20:19 -   - 평균 메모리 사용량: 1.26348 GB
[0;32m[INFO][0m 2025-06-09 04:20:19 -   - 최대 프로세스 메모리: 0 GB
[0;32m[INFO][0m 2025-06-09 04:20:19 -   - 총 실행 시간: 686초
[0;32m[INFO][0m 2025-06-09 04:20:19 - 시스템 안정화 대기 (30초)...
[0;32m[INFO][0m 2025-06-09 04:20:49 - === Subcompactions=4 테스트 시작 ===
[0;32m[INFO][0m 2025-06-09 04:20:50 - 시스템 리소스 모니터링 시작 (subcompactions=4)
[0;32m[INFO][0m 2025-06-09 04:20:51 - db_bench 실행 중... (subcompactions=4)
[0;32m[INFO][0m 2025-06-09 04:20:51 - db_bench 프로세스 모니터링 시작 (PID: 179407)
[0;32m[INFO][0m 2025-06-09 04:32:13 - 모든 모니터링 중지
[0;32m[INFO][0m 2025-06-09 04:32:13 - 실행 중인 모니터링 프로세스 정리 중...
[0;32m[INFO][0m 2025-06-09 04:32:14 - Subcompactions=4 테스트 완료 (682초)
[0;32m[INFO][0m 2025-06-09 04:32:14 - 결과 파싱 중... (subcompactions=4)
[0;32m[INFO][0m 2025-06-09 04:32:14 - 결과 저장 완료:
[0;32m[INFO][0m 2025-06-09 04:32:14 -   - Fillrandom 처리량: 77560 ops/sec
[0;32m[INFO][0m 2025-06-09 04:32:14 -   - Compact 처리량:  MB/s
[0;32m[INFO][0m 2025-06-09 04:32:14 -   - 평균 CPU 사용률: 47%
[0;32m[INFO][0m 2025-06-09 04:32:14 -   - 평균 메모리 사용량: 1.18509 GB
[0;32m[INFO][0m 2025-06-09 04:32:14 -   - 최대 프로세스 메모리: 0 GB
[0;32m[INFO][0m 2025-06-09 04:32:14 -   - 총 실행 시간: 682초
[0;32m[INFO][0m 2025-06-09 04:32:14 - 시스템 안정화 대기 (30초)...
[0;32m[INFO][0m 2025-06-09 04:32:44 - === Subcompactions=8 테스트 시작 ===
[0;32m[INFO][0m 2025-06-09 04:32:45 - 시스템 리소스 모니터링 시작 (subcompactions=8)
[0;32m[INFO][0m 2025-06-09 04:32:46 - db_bench 실행 중... (subcompactions=8)
[0;32m[INFO][0m 2025-06-09 04:32:46 - db_bench 프로세스 모니터링 시작 (PID: 193196)
[0;32m[INFO][0m 2025-06-09 04:44:01 - 모든 모니터링 중지
[0;32m[INFO][0m 2025-06-09 04:44:01 - 실행 중인 모니터링 프로세스 정리 중...
[0;32m[INFO][0m 2025-06-09 04:44:02 - Subcompactions=8 테스트 완료 (675초)
[0;32m[INFO][0m 2025-06-09 04:44:02 - 결과 파싱 중... (subcompactions=8)
[0;32m[INFO][0m 2025-06-09 04:44:02 - 결과 저장 완료:
[0;32m[INFO][0m 2025-06-09 04:44:02 -   - Fillrandom 처리량: 77551 ops/sec
[0;32m[INFO][0m 2025-06-09 04:44:02 -   - Compact 처리량:  MB/s
[0;32m[INFO][0m 2025-06-09 04:44:02 -   - 평균 CPU 사용률: 80.25%
[0;32m[INFO][0m 2025-06-09 04:44:02 -   - 평균 메모리 사용량: 1.10907 GB
[0;32m[INFO][0m 2025-06-09 04:44:02 -   - 최대 프로세스 메모리: 0 GB
[0;32m[INFO][0m 2025-06-09 04:44:02 -   - 총 실행 시간: 675초
[0;32m[INFO][0m 2025-06-09 04:44:02 - 시스템 안정화 대기 (30초)...
[0;32m[INFO][0m 2025-06-09 04:44:32 - === Subcompactions=12 테스트 시작 ===
[0;32m[INFO][0m 2025-06-09 04:44:32 - 시스템 리소스 모니터링 시작 (subcompactions=12)
[0;32m[INFO][0m 2025-06-09 04:44:33 - db_bench 실행 중... (subcompactions=12)
[0;32m[INFO][0m 2025-06-09 04:44:33 - db_bench 프로세스 모니터링 시작 (PID: 206995)
[0;32m[INFO][0m 2025-06-09 04:55:20 - 모든 모니터링 중지
[0;32m[INFO][0m 2025-06-09 04:55:20 - 실행 중인 모니터링 프로세스 정리 중...
[0;32m[INFO][0m 2025-06-09 04:55:21 - Subcompactions=12 테스트 완료 (647초)
[0;32m[INFO][0m 2025-06-09 04:55:21 - 결과 파싱 중... (subcompactions=12)
[0;32m[INFO][0m 2025-06-09 04:55:21 - 결과 저장 완료:
[0;32m[INFO][0m 2025-06-09 04:55:21 -   - Fillrandom 처리량: 81747 ops/sec
[0;32m[INFO][0m 2025-06-09 04:55:21 -   - Compact 처리량:  MB/s
[0;32m[INFO][0m 2025-06-09 04:55:21 -   - 평균 CPU 사용률: 84.8%
[0;32m[INFO][0m 2025-06-09 04:55:21 -   - 평균 메모리 사용량: 0.731298 GB
[0;32m[INFO][0m 2025-06-09 04:55:21 -   - 최대 프로세스 메모리: 0 GB
[0;32m[INFO][0m 2025-06-09 04:55:21 -   - 총 실행 시간: 647초
[0;32m[INFO][0m 2025-06-09 04:55:21 - 시스템 안정화 대기 (30초)...
[0;32m[INFO][0m 2025-06-09 04:55:51 - === Subcompactions=16 테스트 시작 ===
[0;32m[INFO][0m 2025-06-09 04:55:51 - 시스템 리소스 모니터링 시작 (subcompactions=16)
[0;32m[INFO][0m 2025-06-09 04:55:52 - db_bench 실행 중... (subcompactions=16)
[0;32m[INFO][0m 2025-06-09 04:55:52 - db_bench 프로세스 모니터링 시작 (PID: 220060)
[0;32m[INFO][0m 2025-06-09 05:08:30 - 모든 모니터링 중지
[0;32m[INFO][0m 2025-06-09 05:08:30 - 실행 중인 모니터링 프로세스 정리 중...
[0;32m[INFO][0m 2025-06-09 05:08:31 - Subcompactions=16 테스트 완료 (758초)
[0;32m[INFO][0m 2025-06-09 05:08:31 - 결과 파싱 중... (subcompactions=16)
[0;32m[INFO][0m 2025-06-09 05:08:31 - 결과 저장 완료:
[0;32m[INFO][0m 2025-06-09 05:08:31 -   - Fillrandom 처리량: 68874 ops/sec
[0;32m[INFO][0m 2025-06-09 05:08:31 -   - Compact 처리량:  MB/s
[0;32m[INFO][0m 2025-06-09 05:08:31 -   - 평균 CPU 사용률: 78%
[0;32m[INFO][0m 2025-06-09 05:08:31 -   - 평균 메모리 사용량: 0.759982 GB
[0;32m[INFO][0m 2025-06-09 05:08:31 -   - 최대 프로세스 메모리: 0 GB
[0;32m[INFO][0m 2025-06-09 05:08:31 -   - 총 실행 시간: 758초
[0;32m[INFO][0m 2025-06-09 05:08:31 - 시스템 안정화 대기 (30초)...
[0;32m[INFO][0m 2025-06-09 05:09:01 - === Subcompactions=24 테스트 시작 ===
[0;32m[INFO][0m 2025-06-09 05:09:01 - 시스템 리소스 모니터링 시작 (subcompactions=24)
[0;32m[INFO][0m 2025-06-09 05:09:02 - db_bench 실행 중... (subcompactions=24)
[0;32m[INFO][0m 2025-06-09 05:09:02 - db_bench 프로세스 모니터링 시작 (PID: 235335)
[0;32m[INFO][0m 2025-06-09 05:20:41 - 모든 모니터링 중지
[0;32m[INFO][0m 2025-06-09 05:20:41 - 실행 중인 모니터링 프로세스 정리 중...
[0;32m[INFO][0m 2025-06-09 05:20:42 - Subcompactions=24 테스트 완료 (699초)
[0;32m[INFO][0m 2025-06-09 05:20:42 - 결과 파싱 중... (subcompactions=24)
[0;32m[INFO][0m 2025-06-09 05:20:42 - 결과 저장 완료:
[0;32m[INFO][0m 2025-06-09 05:20:42 -   - Fillrandom 처리량: 74971 ops/sec
[0;32m[INFO][0m 2025-06-09 05:20:42 -   - Compact 처리량:  MB/s
[0;32m[INFO][0m 2025-06-09 05:20:42 -   - 평균 CPU 사용률: 84.5%
[0;32m[INFO][0m 2025-06-09 05:20:42 -   - 평균 메모리 사용량: 0.677701 GB
[0;32m[INFO][0m 2025-06-09 05:20:42 -   - 최대 프로세스 메모리: 0 GB
[0;32m[INFO][0m 2025-06-09 05:20:42 -   - 총 실행 시간: 699초
[0;32m[INFO][0m 2025-06-09 05:20:42 - 시스템 안정화 대기 (30초)...
[0;32m[INFO][0m 2025-06-09 05:21:12 - === Subcompactions=32 테스트 시작 ===
[0;32m[INFO][0m 2025-06-09 05:21:12 - 시스템 리소스 모니터링 시작 (subcompactions=32)
[0;32m[INFO][0m 2025-06-09 05:21:13 - db_bench 실행 중... (subcompactions=32)
[0;32m[INFO][0m 2025-06-09 05:21:13 - db_bench 프로세스 모니터링 시작 (PID: 249499)
[0;32m[INFO][0m 2025-06-09 05:32:51 - 모든 모니터링 중지
[0;32m[INFO][0m 2025-06-09 05:32:51 - 실행 중인 모니터링 프로세스 정리 중...
[0;32m[INFO][0m 2025-06-09 05:32:52 - Subcompactions=32 테스트 완료 (698초)
[0;32m[INFO][0m 2025-06-09 05:32:52 - 결과 파싱 중... (subcompactions=32)
[0;32m[INFO][0m 2025-06-09 05:32:53 - 결과 저장 완료:
[0;32m[INFO][0m 2025-06-09 05:32:53 -   - Fillrandom 처리량: 75224 ops/sec
[0;32m[INFO][0m 2025-06-09 05:32:53 -   - Compact 처리량:  MB/s
[0;32m[INFO][0m 2025-06-09 05:32:53 -   - 평균 CPU 사용률: 75.5%
[0;32m[INFO][0m 2025-06-09 05:32:53 -   - 평균 메모리 사용량: 0.816422 GB
[0;32m[INFO][0m 2025-06-09 05:32:53 -   - 최대 프로세스 메모리: 0 GB
[0;32m[INFO][0m 2025-06-09 05:32:53 -   - 총 실행 시간: 698초
[0;32m[INFO][0m 2025-06-09 05:32:53 - 시스템 안정화 대기 (30초)...
[0;32m[INFO][0m 2025-06-09 05:33:23 - Phase 2 완료
[0;34m[PHASE][0m 2025-06-09 05:33:23 - Phase 3: 결과 분석 및 리포트 생성
[1;33m[WARN][0m 2025-06-09 05:33:23 - Python 분석 실행 실패
[0;32m[INFO][0m 2025-06-09 05:33:23 - 요약 리포트 생성: ./results_20250609_035534/experiment_summary.md
[0;32m[INFO][0m 2025-06-09 05:33:23 - Phase 3 완료
[0;32m[INFO][0m 2025-06-09 05:33:23 - ✅ 모든 실험이 성공적으로 완료되었습니다!
[0;32m[INFO][0m 2025-06-09 05:33:23 - 실험 정리 중...
[0;32m[INFO][0m 2025-06-09 05:33:23 - 모든 모니터링 중지
[0;32m[INFO][0m 2025-06-09 05:33:23 - 실행 중인 모니터링 프로세스 정리 중...
[0;32m[INFO][0m 2025-06-09 05:33:24 - 실험 완료! 결과는 ./results_20250609_035534에 저장되었습니다.
[0;32m주요 결과 파일:[0m
  - 요약: ./results_20250609_035534/experiment_summary.md
  - CSV 데이터: ./results_20250609_035534/compaction_results.csv
  - 로그: ./results_20250609_035534/logs/
