procs -----------memory---------- ---swap-- -----io---- -system-- ------cpu-----
 r  b   swpd   free   buff  cache   si   so    bi    bo   in   cs us sy id wa st
 1  0      0 1932196 130776 13431720    0    0    20  2374  179  149 14  3 80  1  1
 2  0      0 1931944 130780 13431748    0    0     4    32  720  933  1  0 99  0  0
 1  0      0 1907756 130820 13442120    0    0     0   868 1793 1802  9  5 85  0  0
 1  0      0 1886592 130820 13452128    0    0     0     0 1175 1104 10  4 86  0  0
 1  0      0 1865424 130820 13462592    0    0     0     0 1036  992 10  4 86  0  0
 1  0      0 1845516 130820 13472196    0    0     0     0 1052  988 10  4 86  0  0
 2  0      0 1826868 130820 13481032    0    0     0  8252 1162 1081 11  3 85  1  0
 1  0      0 1808220 130820 13490204    0    0    28   172 1285 1098 11  4 85  0  0
 2  1      0 1752276 130820 13531528    0    0     0  1028 1781 1493 21  6 74  0  0
 1  0      0 1856520 130840 13479600    0    0     0 29992 2920 2453 14  5 79  1  0
 1  0      0 1835892 130840 13489200    0    0     0    76 1281 1145 11  3 86  0  0
 1  0      0 1816772 130840 13498944    0    0     0     0 1231 1097 11  4 86  0  0
 1  0      0 1798156 130840 13508304    0    0    68     0 1072  993 10  3 86  0  0
 1  0      0 1779808 130840 13517624    0    0     0     0 1059  970 11  3 86  0  0
 4  0      0 1754636 130840 13538304    0    0     0    72 1234  994 13  4 83  0  0
 1  0      0 1784032 130844 13506288    0    0     0 30992 1672 1204 14  5 79  1  0
 2  0      0 1773956 130844 13516424    0    0     0    36 1172 1034 11  3 86  0  0
 2  0      0 1764156 130844 13526356    0    0     0     0 1081  957 10  4 86  0  0
 2  0      0 1755116 130844 13535808    0    0     0     0 1069  966 11  3 86  0  0
 2  0      0 1745800 130844 13544900    0    0     0     0 1140  959 10  4 86  0  0
 2  0      0 1737552 130844 13553576    0    0     0    96 1119  979 11  3 86  0  0
procs -----------memory---------- ---swap-- -----io---- -system-- ------cpu-----
 r  b   swpd   free   buff  cache   si   so    bi    bo   in   cs us sy id wa st
 2  2      0 1695488 130844 13593540    0    0     0 12320 1381 1049 18  5 76  1  1
 2  0      0 1744680 130844 13541240    0    0     0 18696 1379 1143 10  4 85  1  0
 3  0      0 1735620 130844 13550376    0    0    52     0 1345 1251 11  3 86  0  0
 2  0      0 1724428 130844 13559296    0    0  3281     0 2639 2520 11  4 84  0  0
 2  0      0 1714112 130844 13568324    0    0     0    56 1098  983 10  4 86  0  0
 2  0      0 1705292 130844 13577584    0    0     0     0 1115  977 10  3 86  0  0
 2  0      0 1696976 130844 13585256    0    0     0    60 1112  949 10  4 86  0  0
 7  0      0 1715240 130844 13570168    0    0    36 30972 1700 1262 19  6 74  2  0
 4  0      0 1640180 130844 13645752    0    0     0     0 1557  906 31  8 61  0  0
 3  1      0 1583480 130844 13698592    0    0     0 110196 2008 1357 25  6 65  4  1
 1  0      0 1699408 130860 13584188    0    0     0  3840 1221 1078 11  3 84  1  0
 2  0      0 1690084 130860 13593020    0    0     0    16 1101  967 11  3 86  0  0
 1  0      0 1681516 130860 13601400    0    0     0     0 1033  925 11  3 86  0  0
 2  0      0 1669196 130860 13615920    0    0     0     0 1180  962 11  4 85  0  0
 1  0      0 1702552 130860 13590244    0    0     0 31012 1593 1119 16  4 78  2  0
 1  0      0 1692472 130860 13600284    0    0     0     0 1049  913 11  3 86  0  0
 1  0      0 1682392 130860 13609756    0    0    28    72 1075  932 10  4 86  0  0
 1  0      0 1672816 130860 13619120    0    0     0     0 1068  945 11  3 86  0  0
 1  0      0 1663996 130860 13628312    0    0     0     0 1064  899 11  3 86  0  0
 2  0      0 1653916 130860 13637936    0    0     0   144 1059  960 11  3 86  0  0
 2  0      0 1668368 130864 13617404    0    0     0 30964 1674 1219 17  5 77  1  0
procs -----------memory---------- ---swap-- -----io---- -system-- ------cpu-----
 r  b   swpd   free   buff  cache   si   so    bi    bo   in   cs us sy id wa st
 2  0      0 1656776 130864 13628256    0    0     0    24 1157  996 11  3 86  0  0
 2  0      0 1646456 130864 13638032    0    0     0     0 1098  933 10  4 86  0  0
 2  0      0 1636124 130864 13647908    0    0     0     0 1105  960 10  4 86  0  0
 2  0      0 1626296 130864 13657444    0    0     0     0 1083  916 11  3 86  0  0
 2  0      0 1617224 130864 13667128    0    0     0   148 1115  953 11  2 86  0  0
 2  1      0 1575644 130864 13708728    0    0     0  4112 1229  945 16  5 79  0  0
 2  0      0 1635232 130872 13656920    0    0     0 26904 1489 1168 10  4 84  1  0
 2  0      0 1624400 130872 13667060    0    0     0     0 1098  934 11  3 86  0  0
 1  0      0 1614572 130872 13676228    0    0     0     0 1178 1040 11  3 86  0  0
 1  0      0 1605500 130872 13685392    0    0     0     0 1133  952 10  4 86  0  0
 1  0      0 1597184 130872 13693256    0    0     0    52 1134  990 11  3 86  0  0
 1  0      0 1586880 130872 13702036    0    0     0   188 1024  945 11  3 86  0  0
 6  0      0 1580996 130872 13702492    0    0     0 30972 1778 1163 26  6 67  2  0
 4  0      0 1440820 130872 13841044    0    0     0 36092 2263 1046 51 12 37  1  0
 1  3      0 1348336 130872 13928900    0    0     0 81828 2219 1346 36  9 49  6  1
 1  0      0 1581176 130876 13698756    0    0     0 105844 2477 1883 10  5 76  9  0
 1  0      0 1570848 130876 13708084    0    0     0     0 1035  911 10  4 86  0  0
 1  0      0 1561524 130876 13717660    0    0     0    20  975  874 11  3 86  0  0
 2  0      0 1535596 130876 13745928    0    0     0     0 1120  907 15  4 81  0  0
 1  0      0 1583588 130888 13704580    0    0     0 31016 1399 1123 13  4 81  2  0
 1  0      0 1573256 130888 13714832    0    0     0     0 1045  916 10  4 87  0  0
procs -----------memory---------- ---swap-- -----io---- -system-- ------cpu-----
 r  b   swpd   free   buff  cache   si   so    bi    bo   in   cs us sy id wa st
 1  0      0 1564184 130888 13723860    0    0    24     0 1003  871 11  4 86  0  0
 1  0      0 1554608 130888 13733232    0    0    28     0 1041  913 10  3 86  0  0
 1  0      0 1544280 130888 13742832    0    0     0     0 1031  910 10  4 86  0  0
 1  0      0 1534452 130888 13751976    0    0     0   156 1083  916 11  3 86  0  0
 1  0      0 1551672 130892 13730164    0    0     0 30976 1546 1104 18  5 75  2  0
 1  0      0 1542096 130892 13739268    0    0     0    16 1019  900 10  4 86  0  0
 1  0      0 1533028 130892 13748188    0    0     0     0  981  885 10  4 86  0  0
 1  0      0 1524712 130892 13756440    0    0     0     0 1041  899 10  4 86  0  0
 2  0      0 1516396 130892 13764872    0    0     0    28 1011  878 11  3 86  0  0
 1  0      0 1508080 130892 13773116    0    0     0    92 1067  911 11  3 86  0  0
 1  0      0 1499512 130892 13781492    0    0     0   128 1070  916 11  3 86  0  0
 1  0      0 1526592 130896 13760808    0    0    16 31008 1598 1102 17  5 77  1  0
 1  0      0 1515928 130896 13771996    0    0     0     0 1003  905 11  3 86  0  0
 1  0      0 1505628 130896 13782120    0    0     0     0 1048  925 10  4 86  0  0
 1  0      0 1497060 130896 13791292    0    0     0     0  979  914 10  4 86  0  0
 3  0      0 1487020 130896 13800496    0    0     0     0  964  866 10  4 86  0  0
 1  0      0 1478452 130896 13808936    0    0     0   100 1019  860 11  3 86  0  0
 2  0      0 1456528 130896 13831500    0    0     0     0 1129  932 13  4 82  0  0
 7  0      0 1408524 130900 13875272    0    0     0 30968 2136 1118 48  9 41  1  1
 6  0      0 1257828 130900 14020704    0    0     0 15160 2231  958 64 12 23  1  1
 1  5      0 1121016 130900 14148940    0    0     0 64488 2409 1177 57 12 24  7  1
procs -----------memory---------- ---swap-- -----io---- -system-- ------cpu-----
 r  b   swpd   free   buff  cache   si   so    bi    bo   in   cs us sy id wa st
 1  0      0 1456644 130908 13805716    0    0  2837 250104 6262 5260 11  7 43 38  1
 1  0      0 1445824 130908 13814392    0    0   496   108 1241 1210 11  3 86  0  0
 1  0      0 1437760 130908 13821948    0    0     0     0  992  882 11  3 86  0  0
 1  0      0 1429444 130908 13830300    0    0     0     0  946  840 11  3 86  0  0
 1  0      0 1466960 130912 13808416    0    0    28 30976 1448 1027 17  5 76  2  0
 1  0      0 1457556 130912 13816632    0    0     0     0  998  885 11  3 86  0  0
 1  0      0 1448736 130912 13825388    0    0     0     0 1035  921 10  4 86  0  0
 1  0      0 1439412 130912 13834632    0    0     0     0  994  890 11  3 86  0  0
 1  0      0 1429588 130912 13844168    0    0     0     0  994  936 11  3 86  0  0
 1  0      0 1420264 130912 13853104    0    0    24    60  960  890 10  3 86  0  0
 2  0      0 1407916 130912 13866320    0    0     0    56 1095  944 12  3 85  0  0
 1  0      0 1425892 130912 13841444    0    0     0 30976 1479 1073 17  5 77  1  0
 1  0      0 1415060 130912 13851488    0    0     0     0 1019  908 10  4 86  0  0
 1  0      0 1406996 130912 13859680    0    0     0     0 1061  899 10  4 86  0  0
 1  0      0 1400472 130912 13866200    0    0     0     4 1045  909  9  5 86  0  0
 1  0      0 1391148 130912 13875300    0    0     0     0 1019  886 10  4 86  0  0
 1  0      0 1382108 130912 13883948    0    0     0    68 1066  955 11  3 86  0  0
 2  0      0 1371300 130912 13894684    0    0     0     0 1063  977 12  3 85  0  0
 1  0      0 1400364 130924 13872492    0    0     0 30980 1614 1158 17  4 77  1  0
 1  0      0 1391292 130924 13881776    0    0     0     0 1023  909 11  3 86  0  0
 1  0      0 1382276 130924 13890516    0    0     0    20 1081  955 10  3 86  0  0
procs -----------memory---------- ---swap-- -----io---- -system-- ------cpu-----
 r  b   swpd   free   buff  cache   si   so    bi    bo   in   cs us sy id wa st
 1  0      0 1374488 130924 13898808    0    0     0    16  995  871 10  4 86  0  0
 1  0      0 1366708 130924 13906972    0    0     0     0 1020  900 11  3 86  0  0
 1  0      0 1357692 130924 13915452    0    0     0    68  949  864 11  3 86  0  0
 2  0      0 1344084 130924 13930920    0    0     0     0 1023  875 11  4 84  0  0
 4  0      0 1340924 130932 13940740    0    0     0 34096 1838 1125 29  7 63  1  0
 8  0      0 1230296 130932 14048184    0    0     0     0 1762  910 42  9 49  0  0
 0  3      0 1150440 130932 14125536    0    0     0 188000 3122 2088 31  8 49 11  0
 1  0      0 1343724 130936 13930392    0    0     0  8008 1364 1201 10  4 85  1  0
 1  0      0 1333168 130936 13939984    0    0     0     0 1029  881 11  3 86  0  0
 1  0      0 1323592 130936 13949272    0    0     0     0 1065  913 11  3 86  0  0
 2  0      0 1291336 130936 13981988    0    0    32    56 1138  891 16  4 80  0  0
 1  0      0 1340592 130940 13936868    0    0     0 31032 1470 1112 12  4 83  1  0
 1  0      0 1330260 130940 13946568    0    0     0     0  979  889 11  3 86  0  0
 1  0      0 1320936 130940 13956108    0    0     0     0 1030  919 10  4 86  0  0
 1  0      0 1311108 130940 13965412    0    0     0     0  984  879 10  3 86  0  0
 1  0      0 1301784 130940 13974448    0    0    72     0  984  902 10  4 86  0  0
 1  0      0 1290700 130940 13983480    0    0     0   164  961  888 11  3 86  0  0
 1  0      0 1306660 130948 13962552    0    0    52 30968 1741 1227 16  6 75  2  0
 1  0      0 1297088 130948 13971732    0    0     0     0 1011  879 10  4 86  0  0
 2  0      0 1287764 130948 13980636    0    0     0     4 1035  902 10  4 86  0  0
 1  0      0 1279224 130948 13989912    0    0     0     0 1006  892 11  3 86  0  0
procs -----------memory---------- ---swap-- -----io---- -system-- ------cpu-----
 r  b   swpd   free   buff  cache   si   so    bi    bo   in   cs us sy id wa st
 1  0      0 1270656 130948 13998204    0    0     0     0 1021  917 10  4 86  0  0
 1  0      0 1262200 130948 14006780    0    0     0    60  975  878 11  3 86  0  0
 1  0      0 1253664 130948 14015028    0    0     0    52 1072  941 11  3 86  0  0
 1  0      0 1282992 130948 13993880    0    0     0 30984 1499 1059 18  5 76  1  0
 1  0      0 1273476 130948 14003304    0    0     0     0  987  893 10  3 86  0  0
 1  0      0 1263428 130948 14012924    0    0     0     0 1013  876 10  4 86  0  0
 1  0      0 1253628 130948 14021836    0    0     0     0 1023  923 10  4 86  0  0
 1  0      0 1245068 130948 14030752    0    0     0     0  985  868 11  3 86  0  0
 1  0      0 1236836 130948 14039416    0    0   128   136 1043  937 10  3 86  0  0
 2  0      0 1222252 130948 14054236    0    0     0     0 1052  884 12  4 84  0  0
 6  0      0 1208256 130952 14069696    0    0     0 30976 1901 1144 33  8 58  2  0
 6  0      0 1053580 130952 14220992    0    0     0     0 2104  885 62 12 24  0  2
 5  0      0 917888 130952 14347840    0    0     0 178952 3214 1714 52 11 25 10  2
 2  0      0 1221576 130960 14046312    0    0     0 135972 2818 2018 15  6 63 15  1
 1  0      0 1212968 130960 14054800    0    0     0     0 1070  957 10  4 86  0  0
 1  0      0 1204652 130960 14063036    0    0     0   148 1058  929 10  4 86  0  0
 1  0      0 1195608 130960 14071560    0    0    36     0 1096  968 11  3 86  0  0
 1  0      0 1223296 130960 14049432    0    0     0 31000 1463 1054 17  5 76  2  0
 1  0      0 1208240 130960 14058620    0    0  1666     0 1921 1909 11  4 85  0  0
 1  0      0 1198668 130960 14068060    0    0  1667     0 1794 1873 11  4 85  0  0
 1  0      0 1189848 130960 14077236    0    0     0     0 1022  896 10  4 86  0  0
procs -----------memory---------- ---swap-- -----io---- -system-- ------cpu-----
 r  b   swpd   free   buff  cache   si   so    bi    bo   in   cs us sy id wa st
 1  0      0 1180524 130960 14086092    0    0    48     0 1031  876 10  4 86  0  0
 1  0      0 1170948 130960 14095136    0    0     0    60  975  899 11  3 86  0  0
 2  0      0 1158096 130960 14109464    0    0     0    72 1054  883 12  3 85  0  0
 1  0      0 1178368 130964 14084336    0    0     0 30972 1511 1116 16  5 78  1  0
 1  0      0 1167788 130964 14094216    0    0     0     0 1006  858 11  3 86  0  0
 1  0      0 1157984 130964 14104156    0    0     0     0 1017  896 11  3 86  0  0
 1  0      0 1148156 130964 14113496    0    0     0     0 1060  944 10  4 86  0  0
 1  0      0 1139588 130964 14121920    0    0     0     0 1008  875 11  3 87  0  0
 1  0      0 1131020 130964 14130200    0    0     0   124  992  866 11  3 86  0  0
 2  0      0 1099268 130964 14161884    0    0     0     0 1175  907 17  3 80  0  0
 1  0      0 1149756 130972 14118088    0    0     0 31040 1423 1098 13  3 83  1  0
 1  0      0 1139680 130972 14127492    0    0     0     0  983  880 11  3 86  0  0
 1  0      0 1130860 130972 14136288    0    0     0     0 1049  890 11  3 86  0  0
 1  0      0 1122292 130972 14144712    0    0     0     4 1007  895 11  3 86  0  0
 1  0      0 1113220 130972 14152872    0    0     0     0  985  883 11  3 86  0  0
 1  0      0 1104980 130972 14161720    0    0     0   144 1072  945 11  3 86  0  0
 2  0      0 1059872 130972 14201412    0    0     0     0 1194  890 17  4 79  0  0
 6  0      0 978344 130972 14288664    0    0     0 30968 2390 1092 54 12 32  1  0
 5  0      0 816892 130972 14449500    0    0     0 40776 2514 1151 56 13 29  2  0
 2  0      0 1029256 130972 14234000    0    0    48 258344 4674 3034 15  7 46 33  0
 2  0      0 1070100 130972 14199372    0    0     0     0 1357  914 19  8 73  0  0
procs -----------memory---------- ---swap-- -----io---- -system-- ------cpu-----
 r  b   swpd   free   buff  cache   si   so    bi    bo   in   cs us sy id wa st
 1  1      0 1021968 130972 14243860    0    0     0  4964 1316  928 21  5 74  0  0
 2  0      0 988956 130972 14278876    0    0     0 61248 1740 1116 19  5 74  2  0
 2  0      0 930748 130972 14335524    0    0     0 51728 2038 1339 22  7 70  2  0
 1  0      0 1109268 130972 14163116    0    0    24 30960 1421 1096 13  4 82  1  0
 1  0      0 1098432 130972 14173240    0    0     0     0 1086  993 10  4 86  0  0
 1  0      0 1087096 130972 14183476    0    0     0     0 1026  867 11  3 86  0  0
 1  0      0 1077520 130972 14193220    0    0     0     0 1090  894 10  3 86  0  0
 1  0      0 1067696 130972 14202596    0    0     0    84  977  861 11  3 86  0  0
 2  0      0 1055096 130972 14215972    0    0     0   100 1041  900 11  5 84  0  0
 1  0      0 1073828 130972 14189924    0    0     0 30964 1591 1161 16  6 77  1  0
 1  0      0 1063500 130972 14199732    0    0     0     0 1019  904 11  3 86  0  0
 1  0      0 1054960 130972 14208660    0    0    36     0  974  829 11  3 86  0  0
 1  0      0 1045920 130972 14217436    0    0     0     0  979  893 10  3 86  0  0
 1  0      0 1037168 130972 14225992    0    0     0    48  986  851 10  4 86  0  0
 1  0      0 1028384 130972 14234684    0    0     0    64 1042  903 10  4 86  0  0
 2  0      0 1006712 130972 14256936    0    0     0     0 1056  871 13  4 83  0  0
 1  0      0 1037540 130984 14225056    0    0     0 30968 1548 1107 14  4 81  1  0
 1  0      0 1026480 130984 14235248    0    0     0     0  963  863 10  3 86  0  0
 1  0      0 1016180 130984 14245712    0    0     0     0 1004  872 11  3 86  0  0
 1  0      0 1006352 130984 14255452    0    0     0    16 1007  859 10  4 86  0  0
 1  0      0 996524 130984 14263788    0    0     0     0 1135 1021 11  3 86  0  0
procs -----------memory---------- ---swap-- -----io---- -system-- ------cpu-----
 r  b   swpd   free   buff  cache   si   so    bi    bo   in   cs us sy id wa st
 1  0      0 988212 130984 14272528    0    0     0    60  977  846 10  4 86  0  0
 7  0      0 1017340 130984 14251728    0    0     0 30968 1720 1199 19  6 74  2  0
 8  0      0 846276 130984 14430336    0    0     0 25884 2417  914 72 12 12  1  3
 6  0      0 676724 130984 14592080    0    0     0 48884 2652 1191 62 12 24  2  1
 2  0      0 1007824 130992 14270448    0    0     0 273436 5214 3373 20  7 47 26  0
 2  0      0 961460 130992 14315040    0    0     0    80 1322  966 20  6 74  0  0
 2  0      0 919884 130992 14356016    0    0     0 66072 1828 1123 19  5 74  3  0
 2  0      0 871360 130992 14403408    0    0     0     8 1336  936 21  5 74  0  0
 3  0      0 987880 131000 14284120    0    0     0 94668 2412 1528 23  8 65  4  0
 2  0      0 957784 131000 14310032    0    0     0     0 1324  932 21  6 73  0  0
 2  0      0 920740 131000 14346420    0    0     0 66064 2069 1302 18  5 74  3  0
 1  1      0 874120 131000 14392952    0    0     0 32940 1575 1065 21  5 74  1  0
 1  0      0 974820 131000 14289296    0    0     0  4672 1179 1038 11  4 85  0  0
 1  0      0 964488 131000 14298816    0    0     0     0 1086  953 11  3 86  0  0
 2  0      0 943100 131000 14324956    0    0     0     0 1192  906 14  3 82  0  0
 1  0      0 981744 131004 14288392    0    0   547 31032 1800 1514 14  4 81  1  0
 1  0      0 966876 131004 14298724    0    0  2786     0 2455 2554 10  4 85  0  0
 1  0      0 956332 131004 14308736    0    0     0   104 1119  946 11  3 86  0  0
 2  0      0 947260 131004 14317912    0    0     0     0 1065  897 10  4 86  0  0
 1  0      0 938440 131004 14326176    0    0     0     0 1033  918 10  3 86  0  0
 2  0      0 929620 131004 14334900    0    0     0    56 1086  930 11  3 86  0  0
procs -----------memory---------- ---swap-- -----io---- -system-- ------cpu-----
 r  b   swpd   free   buff  cache   si   so    bi    bo   in   cs us sy id wa st
 1  1      0 883000 131004 14375916    0    0     0  8192 1370 1004 18  4 77  1  0
 1  0      0 933024 131004 14322648    0    0     0 22836 1425 1163 10  4 85  1  0
 1  0      0 923984 131004 14331640    0    0     0     0 1066  944 11  3 86  0  0
 1  0      0 914912 131004 14340556    0    0     0     0 1019  913 11  3 86  0  0
 1  0      0 905084 131004 14350208    0    0     0    24 1104  972 10  4 86  0  0
 1  0      0 895536 131004 14359308    0    0     0     0 1022  909 10  3 86  0  0
 2  0      0 886492 131004 14368824    0    0     0    68 1147  991 11  3 86  0  0
 6  0      0 882056 131004 14391860    0    0     0 30952 1892 1197 34  8 57  1  0
 5  1      0 700200 131004 14574572    0    0     0 20520 2284  966 65 12 22  1  0
 2  4      0 566164 131012 14706448    0    0     0 288236 4287 2557 47 12 25 15  0
 2  0      0 878628 131032 14395268    0    0     0 26248 2103 1858 18  6 70  6  0
 1  1      0 828060 131032 14442680    0    0     0  8324 1387  942 21  5 74  0  0
 2  0      0 786900 131040 14485628    0    0     0 57872 1945 1257 20  5 74  2  0
 3  0      0 851180 131040 14421684    0    0    56 42712 1864 1216 22  6 70  2  0
 5  0      0 845808 131040 14420680    0    0     0 31024 1788 1123 25  7 67  1  0
 2  0      0 818088 131040 14448460    0    0     0 65976 1931 1281 14  7 73  5  0
 1  0      0 896344 131040 14367344    0    0     0 27648 1548 1140 15  5 79  1  0
 1  0      0 886824 131040 14376704    0    0     0    88 1045  878 10  4 86  0  0
 1  0      0 877556 131040 14385768    0    0     0     0 1053  900 11  3 86  0  0
 1  0      0 868036 131040 14395280    0    0     0     0 1010  892 11  3 86  0  0
 2  0      0 841632 131040 14420516    0    0     0     0 1120  915 13  4 82  0  0
procs -----------memory---------- ---swap-- -----io---- -system-- ------cpu-----
 r  b   swpd   free   buff  cache   si   so    bi    bo   in   cs us sy id wa st
 3  0      0 883116 131040 14384080    0    0     0 31032 1364 1073 13  4 81  2  0
 1  0      0 873596 131040 14393708    0    0     0     0 1062  915 10  4 86  0  0
 1  0      0 862568 131040 14403972    0    0     0     0 1038  916 10  4 86  0  0
 1  0      0 852016 131040 14413740    0    0     0     0 1066  893 11  3 86  0  0
 1  0      0 842472 131040 14423100    0    0     0     0  977  884 11  3 86  0  0
 1  0      0 831180 131044 14432424    0    0     0   164 1130  961 10  3 86  0  0
 1  0      0 841592 131044 14411532    0    0     0 30988 1533 1056 17  5 76  1  0
 1  0      0 832068 131044 14421268    0    0     0     0 1074  934 10  3 86  0  0
 1  0      0 819248 131044 14431552    0    0   136    72 1202  953 11  3 86  0  0
 1  0      0 809200 131044 14441176    0    0     8    48 1179  997 11  3 86  0  0
 2  0      0 800772 131044 14450488    0    0    16     0 1974 1717 17  7 76  0  0
 1  0      0 787480 131044 14458944    0    0     0   108 2535 2342 15  5 80  0  0
 2  0      0 757300 131048 14485204    0    0     0   104 1416 1084 15  4 81  0  0
 5  0      0 733004 131052 14538264    0    0    16 30992 2466 1287 49 10 39  1  1
 6  0      0 559952 131052 14707964    0    0    24 29512 2588 1053 69 12 17  1  1
 1  5      0 437512 131052 14824156    0    0     0 127612 3268 1896 49 10 23 17  1
 2  0      0 805904 131060 14471256    0    0     0 194748 4102 3221 13  6 50 31  0
 2  0      0 759140 131060 14516772    0    0     0   140 1306  962 22  5 74  0  0
 2  0      0 720112 131060 14555404    0    0     0 66084 1941 1322 18  6 74  2  0
 3  0      0 657684 131060 14612932    0    0    44     0 1320  944 24  5 71  0  0
 3  0      0 654840 131064 14605768    0    0     0 97216 2476 1477 23  6 66  4  0
procs -----------memory---------- ---swap-- -----io---- -system-- ------cpu-----
 r  b   swpd   free   buff  cache   si   so    bi    bo   in   cs us sy id wa st
 2  0      0 794728 131072 14460052    0    0     0 34284 1704 1204 20  6 73  1  0
 2  0      0 755156 131072 14504416    0    0     0     0 1276  923 21  5 74  0  0
 1  1      0 713324 131072 14543644    0    0     0 26744 1517 1036 20  5 74  1  0
 3  0      0 675780 131076 14581656    0    0     0 39388 1724 1099 20  5 73  2  0
 2  0      0 632220 131076 14623692    0    0     0     4 1347  985 21  6 74  0  0
 2  0      0 598048 131080 14650608    0    0    40 87344 1998 1374 18  5 73  3  1
 1  0      0 789124 131092 14467848    0    0     0 31064 1551 1140 19  5 74  2  0
 1  0      0 779492 131092 14477156    0    0     0     4  972  867 10  3 86  0  0
 1  0      0 769668 131092 14485404    0    0     0    88  986  891 10  3 86  0  0
 1  0      0 759404 131092 14494288    0    0     0     0  966  893 11  3 86  0  0
 1  0      0 749828 131092 14503500    0    0     0     8  944  874 10  3 86  0  0
 1  0      0 740256 131092 14512332    0    0     0    96  973  872 11  3 86  0  0
 1  0      0 729476 131092 14521756    0    0     0     0  982  897 10  4 86  0  0
 2  0      0 759312 131092 14501324    0    0  1666 30992 2462 2266 18  4 76  1  0
 1  0      0 746236 131092 14511588    0    0  1667     0 1888 1735 11  3 85  0  0
 1  0      0 735812 131092 14521372    0    0     0   280 1103  874 11  3 86  0  0
 1  0      0 725792 131092 14530864    0    0     0     0  996  894 11  3 86  0  0
 1  0      0 716048 131092 14539892    0    0     0    36 1014  884 10  4 86  0  0
 1  0      0 707284 131092 14548904    0    0     0    76 1021  906 10  3 86  0  0
 2  0      0 668276 131092 14583180    0    0     0    36 1188  935 16  4 80  0  0
 6  0      0 590760 131092 14671484    0    0     0 46160 2498 1182 57 11 30  2  0
procs -----------memory---------- ---swap-- -----io---- -system-- ------cpu-----
 r  b   swpd   free   buff  cache   si   so    bi    bo   in   cs us sy id wa st
 6  0      0 411392 131100 14844692    0    0     0 45024 2292 1098 62 12 24  2  0
 2  0      0 709024 131104 14548000    0    0     0 277072 5172 3412 24  7 39 30  0
 2  0      0 659140 131104 14598660    0    0     0   144 1263  876 20  6 74  0  0
 2  0      0 619352 131104 14637900    0    0     0 66064 1824 1254 19  5 74  3  0
 3  0      0 570224 131104 14684868    0    0     0     0 1227  861 21  5 74  0  0
 2  1      0 502464 131104 14751296    0    0     0 96892 2367 1360 25  7 64  4  0
 2  0      0 527088 131112 14737004    0    0     0   100 1405  983 21  6 73  0  0
 2  0      0 685088 131116 14577172    0    0     0 51556 1905 1182 18  6 74  2  0
 2  0      0 641268 131116 14620076    0    0     0    68 1416  952 20  6 73  0  0
 2  0      0 606520 131116 14655012    0    0     0 66024 1850 1260 18  5 74  3  0
 2  0      0 563180 131116 14698324    0    0     0    68 1326  950 21  5 73  0  0
 1  0      0 671948 131120 14583652    0    0     0 62364 1956 1309 16  5 77  2  0
 1  1      0 625836 131120 14624696    0    0     0 13876 1352 1021 17  5 77  1  0
 1  0      0 676984 131128 14570788    0    0     0 17160 1368 1180 10  4 85  1  0
 1  0      0 666936 131128 14580036    0    0     0    68 1159  972 11  3 86  0  0
 1  0      0 658116 131128 14589204    0    0     0     0 1138 1000 11  3 86  0  0
 1  0      0 650108 131128 14598056    0    0     0     0 1130  959 10  4 86  0  0
 1  0      0 641824 131128 14607452    0    0     0     0 1214 1135 11  3 86  0  0
 1  0      0 633288 131128 14616032    0    0     0    60 1045  911 11  2 86  0  0
 2  0      0 592788 131128 14657204    0    0     0 24532 1523 1088 18  5 76  1  0
 1  0      0 652900 131128 14603304    0    0     0  6492 1230 1020 10  4 85  1  0
procs -----------memory---------- ---swap-- -----io---- -system-- ------cpu-----
 r  b   swpd   free   buff  cache   si   so    bi    bo   in   cs us sy id wa st
 1  0      0 643576 131128 14612660    0    0     0     0 1074  934 10  4 86  0  0
 1  0      0 632996 131128 14622312    0    0     0     0 1026  896 11  3 86  0  0
 1  0      0 623168 131128 14631756    0    0     0    20 1067  943 10  4 86  0  0
 1  0      0 614352 131128 14641404    0    0     0     0  997  897 10  3 86  0  0
 2  0      0 596496 131128 14659320    0    0     0    68 1160  941 12  4 84  0  0
 7  0      0 561988 131132 14696016    0    0     0 31004 2035 1173 41  9 48  1  1
 6  0      0 397248 131132 14857572    0    0     0 19236 2385 1003 65 14 20  1  1
 1  5      0 250484 131132 14996788    0    0     0 143664 3188 1667 55 12 24  8  1
 2  0      0 595088 131132 14658284    0    0     0 179028 3658 2940 14  6 58 22  0
 2  0      0 552092 131132 14701200    0    0     0     0 1301  918 21  5 74  0  0
 2  0      0 516320 131132 14736284    0    0     0 66068 1873 1259 18  5 74  3  0
 3  0      0 473816 131132 14778304    0    0     0     0 1226  897 21  5 74  0  0
 0  3      0 404040 131132 14846940    0    0     0 71984 2148 1280 27  6 63  4  0
 2  0      0 443348 131132 14821224    0    0     0 25016 1573 1091 20  5 73  1  0
 2  0      0 601916 131136 14659604    0    0     0 45940 1796 1198 19  6 74  2  0
 2  0      0 558572 131136 14701796    0    0     0     0 1330  897 21  5 73  0  0
 2  0      0 526984 131140 14735664    0    0     0 66032 1833 1230 19  4 74  3  0
 2  0      0 481636 131140 14780544    0    0     0     0 1285  948 21  5 74  0  0
 2  0      0 443092 131144 14817368    0    0     0 66076 1916 1320 19  5 74  3  0
 3  0      0 363692 131144 14886224    0    0     0     0 1441  929 27  7 66  0  0
 2  0      0 384488 131152 14867384    0    0     0 31016 1630 1139 22  6 71  1  0
procs -----------memory---------- ---swap-- -----io---- -system-- ------cpu-----
 r  b   swpd   free   buff  cache   si   so    bi    bo   in   cs us sy id wa st
 1  0      0 594656 131156 14653548    0    0     0 77544 1855 1230 15  5 77  3  0
 1  0      0 585868 131156 14661484    0    0     0    68 1135  944 10  4 85  0  0
 1  0      0 576572 131156 14670000    0    0     0     0 1173 1001 11  3 86  0  0
 1  0      0 568508 131156 14678432    0    0     0     0  990  915 10  3 86  0  0
 1  0      0 560212 131156 14686096    0    0     0     0 1035  888 10  3 86  0  1
 2  0      0 551624 131160 14696104    0    0     0   144 1135  959 12  3 85  0  0
 2  0      0 576548 131160 14673096    0    0     0 31000 1560 1260 18  4 76  2  0
 1  0      0 566220 131160 14682988    0    0     0     8 1037  929 11  3 86  0  0
 1  0      0 555648 131160 14692860    0    0     0     0  992  895 11  3 86  0  0
 1  0      0 546884 131160 14702256    0    0     0     0 1050  920 11  3 86  0  0
 1  0      0 530092 131160 14711332    0    0  1666     0 1861 1757 11  4 86  0  0
 1  0      0 519376 131160 14720604    0    0  1667    80 1948 1913 11  4 85  0  0
 2  0      0 485564 131160 14757084    0    0     0     0 1188  913 16  4 80  0  0
 6  0      0 439316 131164 14825140    0    0     0 31020 2306 1183 52 10 36  2  0
 3  3      0 268768 131164 14990332    0    0     0 70040 2935 1269 58 14 24  4  0
 2  0      0 547468 131168 14717240    0    0     0 240544 4599 3034 23  8 48 22  0
 3  0      0 505676 131168 14757864    0    0     0    32 1299  886 21  5 73  0  0
 1  1      0 460568 131168 14800620    0    0     0 29400 1517  979 20  5 74  1  0
 2  0      0 424096 131168 14838088    0    0     0 37084 1715 1169 20  5 73  1  0
16  0      0 377760 131168 14881372    0    0     0     0 1208  812 22  5 73  0  0
 1  0      0 540132 131180 14710928    0    0     0 106924 2336 1562 22  6 67  5  0
procs -----------memory---------- ---swap-- -----io---- -system-- ------cpu-----
 r  b   swpd   free   buff  cache   si   so    bi    bo   in   cs us sy id wa st
 1  0      0 530812 131180 14719776    0    0     0     0  969  865 10  3 86  0  0
 1  0      0 521012 131180 14728844    0    0     0    12  973  855 11  3 86  0  0
 1  0      0 511688 131180 14738096    0    0     0     0 1021  898 10  4 86  0  0
 1  0      0 501360 131180 14748080    0    0     0     0  983  851 11  3 86  0  0
 1  0      0 492036 131180 14757188    0    0     0   124 1016  908 10  3 86  0  0
 2  0      0 475164 131180 14777088    0    0     0    36 1095  896 14  3 83  0  0
 1  0      0 514564 131180 14745180    0    0     0 31032 1554 1185 15  4 80  1  0
 2  0      0 504488 131180 14755264    0    0     0     0 1005  851 11  3 86  0  0
 3  0      0 494660 131180 14764764    0    0     0     0  974  871 10  4 86  0  0
 2  0      0 484832 131180 14774568    0    0     0     0  961  844 11  3 86  0  0
 2  0      0 474248 131180 14783980    0    0     0     0 1020  894 11  3 86  0  0
 2  0      0 464424 131180 14793428    0    0     0    60  963  846 10  4 86  0  0
 2  1      0 415044 131180 14834408    0    0     0 16384 1245  947 18  5 77  1  0
 2  0      0 466284 131180 14781204    0    0     0 14620 1296 1063 11  3 85  1  0
 2  0      0 456456 131180 14790452    0    0     0     0 1004  897 11  3 86  0  0
 2  0      0 446416 131180 14799716    0    0     0     0  935  846 10  4 86  0  0
 2  0      0 437348 131180 14808752    0    0     0    60 1028  928 10  3 86  0  0
 2  0      0 427016 131180 14818024    0    0     0     0 1015  887 10  3 86  0  0
 2  0      0 417440 131180 14826924    0    0     0    68 1043  935 11  3 86  0  0
 9  0      0 432720 131180 14821608    0    0     0 31004 1716 1096 25  6 67  2  0
 8  0      0 250148 131180 15012552    0    0     0     0 2238  829 75 14 11  0  0
procs -----------memory---------- ---swap-- -----io---- -system-- ------cpu-----
 r  b   swpd   free   buff  cache   si   so    bi    bo   in   cs us sy id wa st
 6  1      0 155776 131180 15104008    0    0     0 96088 2925 1296 67 12 16  3  1
 3  0      0 420188 131192 14847724    0    0     0 273332 4891 3389 12  7 45 35  0
 3  0      0 517588 131192 14756264    0    0     0     0 1232  877 21  6 73  0  0
 2  1      0 472480 131192 14800080    0    0     0  6176 1265  938 20  5 74  0  0
 3  0      0 439972 131192 14833124    0    0     0 59960 1777 1140 19  5 73  3  0
 4  0      0 361604 131192 14905572    0    0     0     8 1377  900 27  7 66  0  0
 3  0      0 374296 131200 14887292    0    0     0 96988 2216 1350 19  7 71  3  0
 3  0      0 538136 131200 14724292    0    0     0 43476 1637 1104 18  7 74  2  0
 3  0      0 489920 131200 14770864    0    0     0     0 1225  856 20  6 74  0  0
 3  0      0 454388 131200 14806412    0    0     0 66040 1884 1220 19  5 74  3  0
 3  0      0 409784 131200 14850396    0    0     0   272 1263  856 21  5 74  0  0
 3  0      0 372996 131204 14885420    0    0     0 65988 1866 1275 19  5 73  2  0
 4  0      0 305008 131204 14954984    0    0     0     0 1414  881 28  6 66  0  0
 2  0      0 544584 131212 14716324    0    0     0 87572 2059 1430 18  6 72  4  0
 2  0      0 535296 131212 14725640    0    0     0     0  965  848 10  4 86  0  0
 2  0      0 524968 131212 14734768    0    0     0    12  983  873 11  3 86  0  0
 3  0      0 515676 131212 14743648    0    0     0     0  961  862 11  3 86  0  0
 3  0      0 505848 131212 14752424    0    0     0     0  962  879 11  3 86  0  0
 4  0      0 497028 131212 14761152    0    0     0   140 1001  876 10  4 86  0  0
 4  0      0 452704 131212 14802232    0    0     0 15360 1296  937 17  5 77  1  0
 5  0      0 495940 131216 14750144    0    0     0 15640 1224 1026 10  4 85  1  0
procs -----------memory---------- ---swap-- -----io---- -system-- ------cpu-----
 r  b   swpd   free   buff  cache   si   so    bi    bo   in   cs us sy id wa st
 4  0      0 484860 131216 14760076    0    0     0     0  970  862 10  3 86  0  0
 5  0      0 475032 131216 14769216    0    0     0     0  906  812 10  4 86  0  0
 6  0      0 465460 131216 14777780    0    0     0     0  980  888 10  3 86  0  0
 4  0      0 456924 131216 14786352    0    0    28    56  936  816 11  3 86  0  0
 5  0      0 447360 131216 14795132    0    0     0    88  987  922 11  3 86  0  0
11  0      0 451752 131220 14807780    0    0    32 31000 1894 1106 30  8 61  1  0
10  0      0 271636 131220 14993716    0    0     0 26704 2445  954 71 12 15  1  0
 1  6      0 156900 131224 15102136    0    0   547 176936 3918 2431 54 12 26  8  0
 3  0      0 500160 131236 14764148    0    0  2786 144924 4823 4178 16  6 66 11  0
 3  0      0 497144 131236 14767728    0    0     0 34152 1607 1069 20  5 74  1  0
 4  0      0 450020 131236 14813876    0    0     0   100 1226  901 21  5 74  0  0
 4  0      0 413760 131236 14848824    0    0     0 66020 1757 1133 18  6 73  3  0
 5  0      0 514192 131240 14740420    0    0     0 63060 2135 1399 27  7 63  3  1
 4  0      0 466372 131240 14785812    0    0     0     0 1307  879 20  6 74  0  0
 4  0      0 428068 131244 14824936    0    0     0 66032 1879 1138 18  6 74  3  0
 3  0      0 379740 131244 14872120    0    0     0     4 1200  880 22  4 74  0  0
 3  0      0 339740 131244 14911024    0    0     0 65988 1859 1183 20  4 73  2  0
 3  0      0 289624 131244 14960040    0    0     0     0 1246  856 21  5 74  0  0
 2  0      0 248112 131248 15002316    0    0     0 65980 1975 1206 20  4 74  2  0
 2  0      0 520656 131256 14739156    0    0     0 52200 1925 1303 18  6 75  2  0
 1  0      0 509320 131256 14749356    0    0     0     4  993  882 10  4 86  0  0
procs -----------memory---------- ---swap-- -----io---- -system-- ------cpu-----
 r  b   swpd   free   buff  cache   si   so    bi    bo   in   cs us sy id wa st
 1  0      0 498516 131256 14759264    0    0     0     0  916  823 10  3 86  0  0
 2  0      0 488972 131256 14768704    0    0     0     0  983  879 10  3 86  0  0
 2  0      0 479148 131256 14777944    0    0     0     0  933  832 10  3 86  0  0
 1  0      0 469324 131256 14787500    0    0     0   124  957  875 11  3 86  0  0
 1  1      0 423240 131256 14828612    0    0     0  6588 1249  888 17  4 78  0  0
 1  0      0 472468 131264 14776492    0    0     0 24712 1291 1039 10  4 85  1  0
 1  0      0 462424 131264 14786176    0    0     0     0  966  823 11  3 86  0  0
 1  0      0 453640 131264 14795364    0    0    60     0  938  872 10  4 86  0  0
 3  0      0 444096 131264 14804848    0    0     0    44  924  806 11  3 86  0  0
 1  0      0 434552 131264 14814744    0    0     0     8 1027  887 10  4 86  0  0
 2  0      0 413664 131264 14835068    0    0     0    92 1031  859 13  3 84  0  0
 6  0      0 371948 131264 14889196    0    0     0 42532 2288 1312 43  9 46  2  0
 6  0      0 194156 131264 15060040    0    0     0     0 2095  842 63 13 24  0  0
 5  1      0 162700 131264 15093040    0    0     0 267952 5107 2923 37 11 25 27  0
 2  0      0 482012 131276 14777832    0    0     0 54520 2591 1734 17  7 74  2  0
 2  0      0 433124 131276 14825720    0    0     0     0 1284  913 21  5 74  0  0
 3  0      0 396612 131280 14861816    0    0     0 66064 1888 1187 19  5 74  3  0
 3  0      0 342936 131280 14920072    0    0     0     0 1382  979 24  6 70  0  0
 2  0      0 362064 131284 14912168    0    0     0 97000 2296 1393 23  5 68  4  0
 2  0      0 522540 131288 14751264    0    0     0 42364 1662 1156 19  6 74  2  0
 2  0      0 478224 131288 14795764    0    0     0     0 1240  873 22  4 74  0  0
procs -----------memory---------- ---swap-- -----io---- -system-- ------cpu-----
 r  b   swpd   free   buff  cache   si   so    bi    bo   in   cs us sy id wa st
 2  0      0 438440 131288 14834908    0    0     0 66028 1915 1181 19  5 73  3  0
 2  0      0 390824 131288 14883300    0    0     0     0 1307  989 21  5 73  0  0
 2  0      0 352128 131288 14921508    0    0     0 65996 1914 1355 19  4 74  3  0
 3  0      0 266780 131288 14998572    0    0     0     0 1406  899 27  6 67  0  0
 2  0      0 281380 131292 14982792    0    0     0 97096 2413 1454 20  7 70  3  0
 1  0      0 504212 131292 14754220    0    0     0 30560 1442 1073 15  6 78  1  0
 1  0      0 494640 131292 14763244    0    0     0     0 1028  906 10  4 86  0  0
 1  0      0 485092 131292 14772332    0    0     0     0  977  858 11  3 86  0  0
 1  0      0 475268 131292 14781008    0    0     0     0  989  964 11  3 86  0  0
 1  0      0 465944 131292 14789596    0    0     0     4  970  840 10  3 86  0  0
 1  1      0 421340 131292 14831324    0    0     0  6232 1217  924 18  4 78  0  0
 1  0      0 485672 131296 14778204    0    0     0 24848 1297 1040 11  4 85  1  0
 1  0      0 476348 131296 14787436    0    0     0     0 1016  871 10  4 86  0  0
 1  0      0 466520 131296 14796180    0    0    16     0 1025  869 10  4 86  0  0
 1  0      0 458208 131296 14804840    0    0     0   252 1100  944 11  3 86  0  0
 1  0      0 448128 131296 14813892    0    0     0     0 1011  874 10  4 86  0  0
 1  0      0 439308 131296 14822436    0    0     0    68 1025  873 11  3 86  0  0
 7  0      0 449356 131300 14801576    0    0     0 30992 1608 1134 19  5 75  1  0
 6  0      0 289344 131304 14967808    0    0     0  9576 2269  941 67 12 20  0  1
 5  1      0 153632 131304 15106832    0    0     0 89484 2733 1185 60 12 24  3  1
 2  0      0 504500 131320 14752104    0    0     0 232996 4251 3213 24  9 37 29  1
procs -----------memory---------- ---swap-- -----io---- -system-- ------cpu-----
 r  b   swpd   free   buff  cache   si   so    bi    bo   in   cs us sy id wa st
 2  0      0 462156 131320 14794384    0    0     0     0 1323  889 21  6 74  0  0
 3  0      0 417804 131320 14835248    0    0     0 25600 1494 1034 20  5 74  1  0
 2  0      0 383280 131320 14872008    0    0     0 40460 1612 1085 20  5 74  2  0
 3  0      0 315280 131320 14937328    0    0     0 38244 1820 1113 25  7 67  2  0
 2  0      0 459020 131328 14799508    0    0     0 30988 1607 1066 21  7 71  1  0
 2  0      0 424084 131328 14834128    0    0  2214 66016 3044 2387 19  6 72  3  0
 2  0      0 378500 131328 14878668    0    0  1119     0 1839 1532 22  5 73  0  0
 2  0      0 342748 131328 14912104    0    0     0 65984 1774 1201 19  5 74  3  0
 4  0      0 297640 131328 14956340    0    0     0     0 1242  845 20  6 74  0  0
 2  0      0 261436 131332 14992700    0    0     0 65988 1887 1243 18  5 74  3  0
 2  0      0 450520 131332 14797876    0    0     0 10468 1402 1092 19  5 76  0  0
 1  0      0 495096 131336 14751524    0    0     0 31052 1327 1062 12  4 83  1  0
 1  0      0 485548 131336 14761188    0    0     0    52  996  863 11  3 86  0  0
 1  0      0 476476 131336 14770152    0    0     0    76  981  894 10  4 86  0  0
 1  0      0 467152 131336 14779208    0    0     0     0  944  842 10  4 86  0  0
 1  0      0 457324 131336 14788264    0    0     0     0  960  903 11  3 86  0  0
 1  0      0 448252 131336 14797236    0    0     0    84  976  862 11  3 86  0  0
 1  1      0 404404 131336 14838772    0    0     0  8108 1178  919 18  5 77  0  0
 1  0      0 455676 131340 14785792    0    0     0 22880 1370 1074 11  3 85  1  0
 2  0      0 445624 131340 14795488    0    0     0     0  988  911 10  4 86  0  0
 1  0      0 436076 131340 14805564    0    0     0     0  937  841 11  3 86  0  0
procs -----------memory---------- ---swap-- -----io---- -system-- ------cpu-----
 r  b   swpd   free   buff  cache   si   so    bi    bo   in   cs us sy id wa st
 1  0      0 426556 131340 14815360    0    0     0     0 1013  922 10  3 86  0  0
 1  0      0 416784 131340 14824672    0    0     0     0  977  836 11  3 86  0  0
 2  0      0 401468 131340 14841928    0    0     0    60 1074  951 13  3 83  0  0
 6  0      0 378176 131348 14877256    0    0     0 41372 2129 1193 41  8 50  1  0
 6  0      0 224036 131348 15033996    0    0     0     0 2098  890 63 13 24  0  1
 1  5      0 158916 131348 15090708    0    0     0 95444 3063 1580 53 11 24 12  0
 2  0      0 493300 131352 14756988    0    0     0 227644 5017 3389 12  6 47 35  0
 2  0      0 441724 131352 14807604    0    0     0     0 1292  897 20  6 74  0  0
 2  0      0 397876 131356 14851072    0    0     0 66248 1976 1427 18  6 73  2  0
 3  0      0 333868 131356 14916380    0    0     0     0 1424  923 25  6 69  0  0
 2  0      0 339808 131364 14906800    0    0     0 96992 2464 1518 21  6 69  4  0
 2  0      0 291180 131364 14953920    0    0     0     0 1310  902 21  6 74  0  0
 2  0      0 250372 131364 14993884    0    0     0 65984 1904 1253 18  6 73  3  0
 2  0      0 202996 131364 15041712    0    0     0     4 1236  885 21  5 74  0  0
 2  0      0 455568 131364 14790288    0    0     0 59064 1922 1327 19  5 74  2  0
 2  0      0 410716 131364 14836056    0    0     0     0 1253  900 22  5 74  0  0
 2  1      0 343436 131364 14907060    0    0     0 70616 2086 1238 25  6 65  3  0
 2  0      0 352712 131376 14892196    0    0     0 26424 1505 1034 21  6 72  1  0
 2  0      0 309652 131376 14934052    0    0     0 65976 1996 1212 19  5 74  2  0
 2  0      0 261604 131376 14982212    0    0     0     0 1184  869 21  6 74  0  0
 2  0      0 221856 131376 15022464    0    0     0 65988 1846 1292 19  4 74  3  0
procs -----------memory---------- ---swap-- -----io---- -system-- ------cpu-----
 r  b   swpd   free   buff  cache   si   so    bi    bo   in   cs us sy id wa st
 2  1      0 172508 131376 15072244    0    0     0 24576 1289  919 20  6 74  1  0
 2  0      0 460860 131376 14787376    0    0     0 55872 1827 1290 16  5 78  2  0
 1  0      0 487540 131380 14761516    0    0     0 31060 1496 1081 16  4 78  1  0
 1  0      0 476708 131380 14771608    0    0     0     0  929  890 11  3 86  0  0
 1  0      0 466880 131380 14781504    0    0     0     0  966  849 11  3 86  0  0
 1  0      0 456548 131380 14791368    0    0     0     0 1047  976 11  3 86  0  0
 1  0      0 447616 131380 14800756    0    0     0     0  981  849 10  3 86  0  0
 1  0      0 437648 131380 14810348    0    0     0   148  963  922 11  3 86  0  0
 6  0      0 452096 131380 14794272    0    0     0 31036 1602 1092 20  5 73  2  0
 6  0      0 282280 131380 14970496    0    0     0     0 2086  857 64 12 24  0  0
 2  3      0 157936 131384 15091636    0    0     0 121636 3044 1462 57 11 25  7  0
 2  0      0 472204 131388 14776780    0    0     0 195196 3941 2843 15  6 58 21  0
 4  0      0 413488 131388 14826268    0    0    88     0 1551 1143 22  7 71  0  0
 2  0      0 372712 131388 14864464    0    0     0 66088 2428 1828 23  7 67  3  0
 3  0      0 323632 131388 14920140    0    0     0     0 1502 1152 23  7 71  0  0
 2  0      0 318248 131396 14920092    0    0     0 97004 2863 1709 26  7 63  4  0
 2  0      0 271844 131396 14966728    0    0     0     0 1267  855 21  5 74  0  0
 2  0      0 232152 131396 15005376    0    0     0 66304 2050 1291 18  5 73  3  0
 1  0      0 461900 131408 14769608    0    0     0 37528 3858 1214 16  8 75  2  0
 1  0      0 452344 131408 14778788    0    0     0     0 1039  893 11  3 86  0  0
 1  0      0 443584 131408 14788016    0    0     0     0 1054  901 10  3 86  0  0
procs -----------memory---------- ---swap-- -----io---- -system-- ------cpu-----
 r  b   swpd   free   buff  cache   si   so    bi    bo   in   cs us sy id wa st
 2  0      0 411356 131408 14824760    0    0     0     0 1133  880 16  4 79  0  0
 1  0      0 461924 131408 14777124    0    0     0 31076 1365 1105 11  4 84  2  0
 1  0      0 450676 131408 14787040    0    0  1666     8 1999 1933 10  5 85  0  0
 1  0      0 437616 131408 14796832    0    0  1667     0 1804 1887 11  4 85  0  0
 1  0      0 427324 131408 14806912    0    0     0     0 1040  916 11  3 86  0  0
 1  0      0 417784 131408 14816960    0    0     0     0  963  833 11  3 86  0  0
 2  0      0 393844 131408 14842872    0    0     0    68 1181  947 14  3 82  0  0
 1  0      0 428276 131412 14807104    0    0     0 31000 1558 1161 14  3 81  2  0
 1  0      0 418248 131412 14817392    0    0     0     0 1055  933 10  3 86  0  0
 1  0      0 408452 131412 14827508    0    0     0     0 1018  903 10  4 86  0  0
 1  0      0 398660 131412 14837516    0    0     0     0 1012  895 10  4 86  0  0
 1  0      0 389116 131412 14846980    0    0     0     0  991  903 11  2 86  0  0
 4  0      0 379288 131412 14858900    0    0     0    64 1256 1000 15  4 81  0  0
 7  0      0 358520 131416 14893040    0    0     0 31072 2946 2150 36 10 53  1  0
 6  1      0 156504 131416 15097656    0    0     0  2324 2289  925 75 14 11  0  0
 0  3      0 161924 131420 15088428    0    0     0 252000 5042 2825 39 10 25 26  0
 2  0      0 507200 131436 14754868    0    0     0 112392 3524 2259 22  8 64  7  0
 2  0      0 460408 131436 14801092    0    0     0    12 1281  925 21  6 74  0  0
 2  0      0 419360 131436 14842216    0    0    28 66076 1911 1204 19  6 73  2  0
 3  0      0 357648 131436 14903224    0    0     0     0 1303  882 24  6 70  0  0
 2  0      0 360848 131444 14897556    0    0     0 97012 2412 1549 23  6 68  3  0
procs -----------memory---------- ---swap-- -----io---- -system-- ------cpu-----
 r  b   swpd   free   buff  cache   si   so    bi    bo   in   cs us sy id wa st
 2  0      0 519196 131444 14739628    0    0     0 36272 1637 1134 19  6 74  2  0
 2  0      0 470060 131444 14788032    0    0     0   104 1269  922 21  5 74  0  0
 2  0      0 429740 131444 14828368    0    0     0 66048 1906 1285 19  5 74  2  0
 2  0      0 378096 131444 14877668    0    0     0     0 1287  915 21  5 74  0  0
 1  0      0 509468 131448 14738508    0    0     0 70368 1908 1242 13  5 79  3  0
 1  0      0 532056 131448 14718188    0    0     0 31064 1825 1357 17  5 77  1  0
 1  0      0 521080 131448 14728796    0    0     0   256 1028  860 10  4 86  0  0
 1  0      0 510340 131448 14738468    0    0     0     0 1032  910 11  3 86  0  0
 1  0      0 499756 131448 14748308    0    0     0     0 1010  898 11  3 86  0  0
 1  0      0 489928 131448 14757496    0    0     0     0 1010  876 10  3 86  0  0
 1  0      0 480100 131448 14766736    0    0     0    80  957  868 12  3 86  0  0
 2  0      0 453140 131448 14791552    0    0     0     0 1099  899 15  4 82  0  0
 1  0      0 492540 131448 14754436    0    0     0 31080 1420 1115 14  5 80  1  0
 1  0      0 482964 131448 14764216    0    0     0     0  939  890 11  3 86  0  0
 1  0      0 474400 131448 14773936    0    0     0    68  998  904 11  3 86  0  0
 1  0      0 464068 131448 14783432    0    0     0     0 1019  954 11  3 86  0  0
 1  0      0 451468 131448 14792648    0    0     0     4 1172 1100 13  4 83  0  0
 1  0      0 441644 131448 14802040    0    0     0     0 1129 1127 11  4 86  0  0
 9  0      0 457888 131460 14782000    0    0     4 31032 1601 1105 19  5 74  1  0
 8  0      0 257604 131460 14992408    0    0     0     0 2284  838 75 13 12  0  0
 1  5      0 162436 131460 15080116    0    0    48 136968 3510 1630 62 12 18  8  0
procs -----------memory---------- ---swap-- -----io---- -system-- ------cpu-----
 r  b   swpd   free   buff  cache   si   so    bi    bo   in   cs us sy id wa st
 2  0      0 528760 131468 14716556    0    0     0 230876 4992 3452 13  6 56 25  0
 2  0      0 482676 131468 14763644    0    0    40     0 1258  869 20  6 74  0  0
 2  0      0 442384 131476 14803940    0    0     0 66092 1914 1211 18  6 74  2  0
 3  0      0 397780 131476 14848124    0    0     0     0 1270  888 22  5 73  0  0
 7  0      0 392796 131484 14849584    0    0     0 97008 2797 1695 26  6 63  5  0
 2  0      0 345676 131484 14895648    0    0     0     0 1606 1180 23  7 70  0  0
 2  0      0 306364 131488 14934344    0    0    16 66000 1898 1304 19  5 74  2  0
 2  0      0 532568 131488 14706824    0    0     0 33636 1539 1083 20  5 74  1  0
 2  0      0 488880 131488 14753568    0    0     0     0 1332  961 20  6 74  0  0
 2  0      0 444308 131488 14797024    0    0     0 66016 2057 1378 19  5 73  2  0
 3  0      0 380276 131488 14855752    0    0     0     0 1650 1114 26  7 67  0  0
 3  0      0 381872 131492 14858656    0    0     4 97020 2458 1408 22  7 67  4  0
 2  0      0 331000 131492 14910020    0    0     0     0 1208  854 21  5 74  0  0
 2  0      0 287448 131492 14952968    0    0     0 65988 1901 1162 19  5 74  2  0
 1  0      0 516480 131500 14715000    0    0     0 48032 1742 1261 18  6 74  1  0
 1  0      0 506436 131500 14724796    0    0     0     0 1456 1326 13  5 82  0  0
 2  0      0 496608 131500 14736512    0    0     0    92 1115 1019 11  3 86  0  0
 1  0      0 533596 131512 14713696    0    0     0 31096 1756 1224 16  5 77  1  0
 1  0      0 523292 131512 14723824    0    0     0     0 1088  966 10  4 86  0  0
 1  0      0 512708 131512 14734388    0    0     0     0 1073  930 10  3 86  0  0
 1  0      0 502632 131512 14744628    0    0   547     0 1465 1403 11  3 86  0  0
procs -----------memory---------- ---swap-- -----io---- -system-- ------cpu-----
 r  b   swpd   free   buff  cache   si   so    bi    bo   in   cs us sy id wa st
 1  0      0 486808 131512 14754844    0    0  2786   272 2424 2422 12  3 85  0  0
 2  0      0 474212 131512 14768044    0    0  1128    76 1245 1141 11  4 86  0  0
10  0      0 437784 131512 14812776    0    0     0 31004 2079 1067 38  9 52  1  0
 6  0      0 224672 131512 15026756    0    0     0 33244 2593 1161 70 14 16  1  0
 1  1      0 154980 131524 15096600    0    0     0 322984 5816 3571 35  9 37 19  0
 2  0      0 481760 131524 14768816    0    0     0    12 1406  943 19  7 74  0  0
 3  0      0 437660 131524 14812348    0    0     0 66072 1874 1179 19  6 73  2  0
 2  0      0 385748 131524 14864536    0    0    36     0 1272  932 20  6 74  0  0
 2  0      0 547252 131528 14708508    0    0     0 102240 2615 1546 25  7 65  3  0
 2  0      0 505044 131528 14753580    0    0    28     0 1306  927 20  6 73  0  0
 1  1      0 467244 131528 14790260    0    0     0 53256 1740 1129 19  4 74  3  0
 2  0      0 425324 131528 14833856    0    0     0 12784 1469 1134 21  5 74  1  0
 1  1      0 380524 131528 14876652    0    0     0 32532 1553 1041 21  5 74  1  0
 1  0      0 533992 131536 14724684    0    0     0 61712 2033 1288 18  6 74  2  0
 2  0      0 517868 131536 14739776    0    0     0     0 1050  913 12  4 84  0  0
 1  0      0 539708 131544 14711956    0    0     0 31080 1514 1158 15  5 78  1  0
 1  0      0 528628 131544 14721920    0    0     0     0 1055  882 10  4 86  0  0
 1  0      0 518548 131544 14731548    0    0     0    60 1017  915 10  4 86  0  0
 1  0      0 507716 131544 14741756    0    0     0     0 1007  899 11  3 86  0  0
 1  0      0 497636 131544 14751152    0    0     0     0 1032  919 11  3 86  0  0
 1  0      0 487584 131548 14760712    0    0    52   108 1044  906 10  3 86  0  0
procs -----------memory---------- ---swap-- -----io---- -system-- ------cpu-----
 r  b   swpd   free   buff  cache   si   so    bi    bo   in   cs us sy id wa st
 1  0      0 515416 131552 14739832    0    0     0 31028 1632 1127 17  5 78  1  0
 1  0      0 504360 131552 14750320    0    0     0     0  995  881 11  3 86  0  0
 2  0      0 494084 131552 14760196    0    0     0     0 1061  921 11  3 86  0  0
 1  0      0 483752 131552 14770272    0    0     0     0 1049  898 11  3 86  0  0
 1  0      0 473424 131552 14780188    0    0     0     0 1032  933 11  3 86  0  0
 1  0      0 463628 131552 14790032    0    0     0    84 1044  930 10  3 86  0  0
 3  0      0 422832 131552 14826912    0    0     0     0 1166  891 16  4 80  0  0
 7  0      0 312132 131552 14939660    0    0     0 31020 2488 1137 61 13 25  1  0
 7  0      0 158700 131552 15091288    0    0     0 81220 3146 1541 63 15 20  3  0
 2  0      0 523024 131564 14728220    0    0     0 274236 5716 3588 24  8 44 24  0
 2  0      0 473160 131564 14776308    0    0     0    96 1361  999 21  5 74  0  0
 2  0      0 433344 131564 14816144    0    0     0 66068 2093 1276 18  6 73  3  0
 2  0      0 384484 131564 14864636    0    0     0     0 1331  960 21  5 74  0  0
 2  0      0 378856 131584 14876240    0    0     0 96996 2627 1701 25  7 65  3  0
 2  0      0 518296 131596 14736524    0    0     0 25568 1584 1083 20  6 74  1  0
 4  0      0 465908 131596 14787416    0    0     0   264 1340  903 20  6 74  0  0
 3  0      0 422344 131600 14831504    0    0     0 66044 2034 1266 19  5 74  2  0
 1  1      0 377028 131600 14875740    0    0     0  8192 1349  930 21  5 74  0  0
 2  0      0 341052 131600 14911412    0    0     0 57788 1853 1180 19  5 74  2  0
 3  0      0 271064 131600 14974408    0    0     0     0 1345  896 25  6 69  0  0
 2  0      0 285868 131600 14961608    0    0     0 96992 2357 1443 20  7 69  4  0
procs -----------memory---------- ---swap-- -----io---- -system-- ------cpu-----
 r  b   swpd   free   buff  cache   si   so    bi    bo   in   cs us sy id wa st
 1  1      0 239992 131600 15005284    0    0     0 49152 1667 1055 19  6 74  2  0
 1  0      0 530864 131600 14715896    0    0     0  4892 1240 1120 11  4 85  0  0
 1  0      0 521792 131600 14725104    0    0     0     0 1016  893 10  3 86  0  0
 1  0      0 511740 131600 14734640    0    0     0     0 1044  938 11  3 86  0  0
 2  0      0 501940 131600 14744516    0    0     0     4 1046  919 11  3 86  0  0
 1  0      0 533584 131604 14724332    0    0     0 31076 1686 1199 17  4 77  1  0
 2  0      0 523028 131604 14735004    0    0     0     0 1038  899 11  3 86  0  0
 1  0      0 512444 131604 14745396    0    0     0     0 1052  916 11  3 86  0  0
 1  0      0 501860 131604 14755728    0    0     0     0 1039  899 11  3 86  0  0
 1  0      0 492284 131604 14765308    0    0     0    12 1056  943 11  3 86  0  0
 1  0      0 481956 131604 14775252    0    0     0    68 1023  872 10  3 86  0  0
 7  0      0 480808 131604 14774824    0    0     0 30984 1737 1224 24  6 69  1  0
 6  0      0 291676 131608 14962548    0    0     0 16300 2371 1051 67 13 19  1  0
 2  4      0 159204 131608 15087976    0    0     0 132068 3725 1919 52 11 27 10  0
 2  0      0 490084 131612 14768048    0    0     0 190328 4587 3011 17  6 54 22  0
 2  0      0 436408 131612 14821180    0    0     0     0 1248  909 21  5 74  0  0
 3  0      0 486620 131616 14770036    0    0    56 77916 1999 1358 19  5 74  3  0
 3  0      0 433476 131620 14825248    0    0     0     0 1294  896 23  7 70  0  0
 2  0      0 435484 131624 14822068    0    0  2214 97020 3112 2774 23  7 66  4  0
 2  0      0 384596 131624 14869160    0    0  1119     8 1855 1554 21  6 73  0  0
 2  0      0 346672 131628 14904580    0    0     0 65988 1617 1176 18  5 73  4  0
procs -----------memory---------- ---swap-- -----io---- -system-- ------cpu-----
 r  b   swpd   free   buff  cache   si   so    bi    bo   in   cs us sy id wa st
 3  0      0 301044 131628 14948916    0    0     0     0 1266  908 21  5 74  0  0
 1  1      0 258608 131628 14990756    0    0     0 48976 1540 1095 20  5 73  2  0
 2  0      0 210292 131636 15040524    0    0     0 17016 1564 1140 19  6 74  1  0
 2  0      0 215364 131652 15041588    0    0     0 97096 2315 1615 23  7 65  5  0
 3  0      0 488364 131652 14763200    0    0     0 25440 2833 1197 18  8 73  1  0
 2  0      0 443320 131652 14813792    0    0     0     0 1294  946 21  5 74  0  0
 2  0      0 399252 131660 14855980    0    0     0 66040 1752 1233 18  5 74  3  0
 2  0      0 350140 131660 14903916    0    0     0     0 1325  945 21  5 74  0  0
 2  0      0 312340 131672 14940916    0    0     0 65988 1826 1307 19  5 74  3  0
 3  0      0 231200 131676 15020760    0    0     0   288 1454  910 25  7 67  0  0
 2  0      0 252848 131684 15007996    0    0     0 96984 1881 1510 17  7 71  5  0
 1  1      0 202488 131684 15057120    0    0     0 53204 1666 1187 19  5 74  2  0
 2  0      0 149876 131688 15108876    0    0     0 12784 1452 1145 20  6 74  1  0
 1  0      0 529296 131700 14729288    0    0     0 65564 1832 1331 16  6 74  3  0
 1  0      0 519368 131700 14738940    0    0     0     8 1291 1001 11  4 85  0  0
 2  0      0 493188 131704 14765568    0    0     0     0 1101  926 14  4 83  0  0
 6  0      0 442780 131712 14814952    0    0     0 31080 1888 1112 43  9 45  2  0
 6  0      0 248540 131712 15003388    0    0     0     0 2097  867 62 14 24  0  0
 2  0      0 387660 131724 14867460    0    0     0 317156 4984 3400 25  7 38 30  0
 2  0      0 465288 131724 14789452    0    0     0     8 1326  904 20  6 74  0  0
 2  0      0 420936 131728 14833416    0    0     0 66100 1619 1336 19  5 73  2  0
procs -----------memory---------- ---swap-- -----io---- -system-- ------cpu-----
 r  b   swpd   free   buff  cache   si   so    bi    bo   in   cs us sy id wa st
 2  0      0 370284 131728 14883636    0    0     0     0 1277  877 22  5 74  0  0
 2  0      0 366192 131736 14893240    0    0     0 97008 2049 1476 25  6 65  4  0
 2  0      0 314956 131736 14945124    0    0    48     0 1281  902 21  6 74  0  0
 2  0      0 524460 131736 14733100    0    0     0 78376 1547 1416 18  5 74  3  0
 1  0      0 513152 131736 14743324    0    0    40     0  982  847 11  3 86  0  0
 1  0      0 503324 131736 14752460    0    0     0     0 1017  923 11  3 86  0  0
 1  0      0 493272 131736 14761932    0    0     0     0  989  873 11  3 86  0  0
 1  0      0 510096 131736 14741500    0    0     0 31028 1593 1202 17  5 77  1  0
 2  0      0 497500 131736 14752356    0    0     0     8  984  849 10  3 86  0  0
 1  0      0 487168 131736 14762264    0    0    24     0 1068  979 10  3 86  0  0
 1  0      0 476332 131736 14772148    0    0     0     0 1062  918 11  3 86  0  0
 1  0      0 465752 131736 14781356    0    0     0     0 1050  943 11  3 86  0  0
 2  0      0 451892 131736 14790768    0    0     0   140 1260 1167 11  4 85  0  0
 2  0      0 414904 131736 14824844    0    0     0    76 1443 1167 17  4 78  0  0
 1  0      0 464640 131736 14781340    0    0     0 31012 1471 1228 11  5 83  1  0
 1  0      0 453048 131736 14792176    0    0     0     0 1058  941 11  3 86  0  0
 1  0      0 441960 131736 14802872    0    0     0     0  974  877 11  3 86  0  0
 1  0      0 431628 131736 14812636    0    0     0     0 1010  927 11  3 86  0  0
 1  0      0 420796 131736 14822660    0    0     0     0  983  897 10  3 86  0  0
 2  0      0 377704 131740 14860952    0    0     0    60 1182  946 15  5 80  0  0
 7  0      0 282612 131740 14964412    0    0     0 31000 2358 1058 64 11 23  1  0
procs -----------memory---------- ---swap-- -----io---- -system-- ------cpu-----
 r  b   swpd   free   buff  cache   si   so    bi    bo   in   cs us sy id wa st
 5  1      0 148344 131740 15099328    0    0     0 69288 2737 1147 67 14 14  3  1
 4  0      0 539120 131740 14713292    0    0     0 297800 5183 3841 26 10 39 24  0
 2  0      0 492364 131740 14764692    0    0     0   252 4129  937 20  8 72  0  0
 2  0      0 448544 131740 14808484    0    0     0 66088 1439 1218 19  5 74  2  0
 2  0      0 400160 131740 14856292    0    0     0     0 1312  933 21  5 74  0  0
 2  0      0 396536 131748 14863856    0    0    40 97008 2017 1378 25  7 65  3  0
 2  0      0 349956 131748 14909720    0    0     0     0 1306  917 21  5 74  0  0
 2  0      0 495624 131748 14754028    0    0     0 73644 1583 1338 18  6 74  3  0
 2  0      0 505484 131748 14751596    0    0     0     0 1351  990 21  5 74  0  0
 1  1      0 463684 131748 14793548    0    0     0 21772 1329  994 20  5 74  1  0
 2  0      0 424920 131748 14832796    0    0    20 44264 1519 1201 20  5 74  2  0
 2  0      0 380616 131748 14876444    0    0     0     0 1239  863 21  6 74  0  0
 2  0      0 357964 131752 14884596    0    0    24 96992 1998 1391 25  7 65  3  0
 3  0      0 309380 131752 14931472    0    0     0    12 1233  872 20  6 74  0  0
 2  0      0 272604 131756 14967236    0    0     0 65976 1413 1163 19  5 74  2  0
 2  0      0 231624 131756 15009264    0    0  1694     0 2220 1873 21  6 73  0  0
 2  0      0 197764 131756 15042572    0    0  1667 65984 2377 2416 19  5 73  3  0
 2  0      0 150432 131756 15089184    0    0     0     0 1266  879 21  5 74  0  0
 1  0      0 513164 131756 14721684    0    0     0 60968 1440 1275 13  5 80  2  0
 2  0      0 541232 131760 14699268    0    0     0 31076 1364 1097 17  5 77  1  0
 1  0      0 535156 131760 14709364    0    0     0     0 1506  944 11  4 85  0  0
procs -----------memory---------- ---swap-- -----io---- -system-- ------cpu-----
 r  b   swpd   free   buff  cache   si   so    bi    bo   in   cs us sy id wa st
 1  0      0 525640 131760 14718484    0    0     0     0 1044  899 10  4 86  0  0
 1  0      0 516124 131760 14727456    0    0     0     0 1042  939 10  3 86  0  0
 1  0      0 506836 131760 14736520    0    0     0    80 1057  895 11  3 86  0  0
 1  0      0 497796 131760 14745148    0    0     0    72 1124  938 11  3 86  0  0
 2  0      0 478172 131760 14770384    0    0     0     0 1158  914 14  4 82  0  0
 7  0      0 429608 131760 14827456    0    0     0 30996 1976 1147 47 11 40  1  0
 6  0      0 238940 131760 15012980    0    0     0 40696 2729 1052 72 14 12  1  1
 1  5      0 148532 131760 15099444    0    0     0 231064 4465 2640 41 10 24 24  1
 2  0      0 506564 131776 14748740    0    0     0 90644 2683 2134 17  6 68  8  0
 2  0      0 462492 131776 14790832    0    0     0     0 1302  918 22  4 74  0  0
 3  0      0 427464 131776 14826088    0    0     0 66176 1477 1216 18  5 74  3  0
 3  0      0 368244 131776 14883428    0    0     0     0 1364  894 23  6 70  0  0
 2  0      0 369680 131784 14875968    0    0     0 97020 2334 1586 23  6 66  5  0
 2  0      0 510148 131792 14737516    0    0    32 20736 1600 1073 19  7 73  1  0
 2  0      0 462524 131792 14783404    0    0     0     0 1255  896 20  6 73  0  0
 4  0      0 422960 131792 14823368    0    0     0 66024 1985 1249 19  5 74  2  0
 2  0      0 376624 131792 14868968    0    0    40     0 1199  841 21  5 74  0  0
 2  0      0 336812 131792 14906976    0    0     0 66284 1984 1222 18  5 74  3  0
 4  0      0 259500 131792 14982024    0    0     0     0 1434  915 26  7 67  0  0
 2  0      0 281948 131800 14964884    0    0     0 96964 2730 1765 19  6 69  6  0
 2  0      0 229300 131800 15015936    0    0     0     0 1237  906 21  5 74  0  0
procs -----------memory---------- ---swap-- -----io---- -system-- ------cpu-----
 r  b   swpd   free   buff  cache   si   so    bi    bo   in   cs us sy id wa st
 2  0      0 187752 131800 15057708    0    0     0 65996 1942 1272 19  5 74  2  0
 1  0      0 521824 131800 14729732    0    0     0 48236 2426 1254 15  7 77  2  0
 1  0      0 512788 131800 14738516    0    0     0     0 1048  934 11  3 86  0  0
 1  0      0 503968 131800 14747264    0    0     0     0 1042  889 10  4 86  0  0
 1  0      0 527100 131800 14725836    0    0     0 31056 1554 1141 18  4 76  2  0
 1  0      0 516520 131800 14736104    0    0     0     0 1038  866 10  4 86  0  0
 2  0      0 506440 131800 14745628    0    0     0     8 1047  914 10  3 86  0  0
 1  0      0 495624 131800 14755144    0    0     0    88 1218  999 11  3 86  0  0
 1  0      0 485040 131800 14765344    0    0     0     0 1047  902 11  3 86  0  0
 1  0      0 474484 131800 14774892    0    0     0     0 1024  866 11  3 86  0  0
 3  0      0 430384 131800 14817276    0    0     0     0 1287  958 17  5 79  0  0
 7  0      0 307048 131804 14946600    0    0     4 31028 2456 1140 64 14 20  1  0
 3  3      0 155184 131804 15095288    0    0     0 108636 3232 1427 63 13 20  4  0
 2  0      0 506852 131816 14746632    0    0     0 253888 5535 3785 15  6 51 28  0
 1  0      0 505240 131816 14755656    0    0     0 16028 1248  970 12  2 85  1  0
 1  0      0 469764 131816 14790944    0    0     0 65976 1564 1105  8  3 86  2  0
 1  0      0 426924 131816 14832716    0    0     0     0  999  892 11  3 86  0  0
 1  0      0 397196 131816 14862516    0    0    12 66088 1612 1198 10  2 86  2  0
 1  0      0 359140 131816 14900324    0    0     0     0 1043  885 11  3 86  0  0
 1  0      0 330664 131816 14930124    0    0     0 65984 1625 1244  9  2 86  2  0
 1  0      0 289880 131816 14967920    0    0     0     0 1026  892 11  2 86  0  0
procs -----------memory---------- ---swap-- -----io---- -system-- ------cpu-----
 r  b   swpd   free   buff  cache   si   so    bi    bo   in   cs us sy id wa st
 1  0      0 257908 131816 14999072    0    0     0 65996 1619 1137  9  2 86  2  0
 1  0      0 561880 131816 14693524    0    0     0 25924 1248 1074 10  3 86  1  0
 1  0      0 523100 131816 14731328    0    0     0     0  993  875 11  2 87  0  0
 1  0      0 491600 131820 14762436    0    0     0 66032 1726 1250  9  2 86  2  0
 0  1      0 452568 131820 14801768    0    0     0  8164 1068  976 11  3 86  0  0
 1  0      0 424624 131820 14828732    0    0    24 57820 1468 1323  9  2 86  3  0
 2  0      0 386080 131820 14866792    0    0     0     0  974  829 11  3 86  0  0
 1  0      0 355916 131820 14896520    0    0     0 65984 1661 1153  9  3 86  2  0
 1  0      0 318652 131820 14933284    0    0     0    36  967  808 11  2 86  0  0
 1  0      0 290172 131824 14961956    0    0     0 66144 1673 1188  9  2 86  2  0
 4  0      0 548656 131824 14705744    0    0     0 35356 5735 1103 26  9 63  1  0
 3  0      0 416684 131824 14832384    0    0     0 47088 2102 1158 41  7 50  2  0
 2  0      0 620024 131824 14625904    0    0    52 198088 3620 2926 13  5 66 15  0
16  0      0 398520 131824 14834952    0    0  3281     0 3773 3026 83 13  3  0  1
16  0      0 152412 131824 15079872    0    0     0     0 2397 1289 87 13  1  0  0
17  0      0 148300 131824 15078896    0    0     0     0 2500 1344 84 15  1  0  0
11  5      0 152268 131820 15061192    0    0     0 116564 4462 1967 83 16  0  0  0
 7  9      0 163428 131820 15044700    0    0     0 371272 7332 5212 47 11 16 25  1
 1  2      0 159432 131808 15048884    0    0     0 288460 7049 5320  7  4 40 49  0
16  0      0 161856 131804 15081544    0    0     0 327056 6708 4600 39  8 30 23  0
 7  2      0 163880 131808 15081920    0    0     0 154008 4295 2032 82 14  1  2  1
procs -----------memory---------- ---swap-- -----io---- -system-- ------cpu-----
 r  b   swpd   free   buff  cache   si   so    bi    bo   in   cs us sy id wa st
11  0      0 1773920 131820 13475456    0    0     0 204748 7232 3023 14 10 54 21  0
 8  0      0 1500584 131824 13735800    0    0     0 27612 8251 1158 84 15  1  0  0
 4  4      0 1238756 131824 13986528    0    0     0 65524 3344 1514 80 14  0  7  0
 2  2      0 1213332 131832 14007984    0    0     0 431548 8401 5800  5  4 34 57  0
