procs -----------memory---------- ---swap-- -----io---- -system-- ------cpu-----
 r  b   swpd   free   buff  cache   si   so    bi    bo   in   cs us sy id wa st
 1  0      0 1994320 131336 13360168    0    0    21  2254  176  149 14  3 81  1  1
 2  0      0 1994636 131336 13360184    0    0     0     0  954 1109  0  1 99  0  0
 1  0      0 1967984 131360 13371956    0    0     0   932 2278 2219 10  4 85  0  0
 1  0      0 1944548 131360 13383012    0    0     0    36 1450 1436 10  4 86  0  0
 1  0      0 1920608 131360 13393848    0    0     0   208 1300 1186 10  4 86  0  0
 1  0      0 1897732 131360 13405172    0    0     0     0 1239 1191 10  4 86  0  0
 2  0      0 1874300 131360 13416400    0    0     0     0 1063 1037 10  3 86  0  0
 2  0      0 1821884 131364 13455644    0    0     0    92 1525 1289 16  4 80  0  0
 1  0      0 1917256 131368 13410164    0    0     0 30948 1565 1361 10  5 84  1  0
 1  0      0 1893104 131368 13422060    0    0     0     0 1248 1176 10  4 86  0  0
 1  0      0 1869716 131368 13433320    0    0     0     0 1067  931 10  3 86  0  0
 1  0      0 1848072 131368 13443892    0    0     0     0 1109  979 10  3 86  0  0
 2  0      0 1824888 131368 13457908    0    0     0     0 1178 1049 11  4 85  0  0
 1  0      0 1843368 131372 13436532    0    0     0 31048 1363 1139 16  4 79  1  0
 1  0      0 1830300 131372 13448940    0    0     0     8 1105  948 11  3 86  0  0
 1  0      0 1818988 131372 13460600    0    0     0     0 1016  931 11  3 86  0  0
 1  0      0 1810020 131372 13471872    0    0    44     0 1132  971 10  4 86  0  0
 1  0      0 1797132 131372 13483188    0    0     0     0 1594 1402 12  4 83  0  0
 1  0      0 1813848 131388 13464692    0    0     0 31016 1961 1472 16  5 78  1  0
 1  0      0 1801792 131388 13476780    0    0     0     8 1148 1007 10  3 86  0  0
 1  0      0 1790480 131388 13488384    0    0     0     0 1121  993 10  3 87  0  0
procs -----------memory---------- ---swap-- -----io---- -system-- ------cpu-----
 r  b   swpd   free   buff  cache   si   so    bi    bo   in   cs us sy id wa st
 1  0      0 1779168 131388 13499172    0    0     0     0 1044  952 10  4 86  0  0
 1  0      0 1767832 131388 13510232    0    0     0     0 1091 1008 10  3 87  0  0
 2  0      0 1734824 131388 13543816    0    0     0    68 1139  977 14  4 82  0  0
 3  0      0 1720104 131400 13568268    0    0     0 30936 1902 1086 28  7 64  1  0
 2  0      0 1779320 131412 13504732    0    0     0 114012 2737 1513 22  7 68  3  0
 1  0      0 1766500 131412 13516868    0    0     0     0  990  898 11  3 86  0  0
 1  0      0 1754936 131412 13528568    0    0     0     0 1052  963 10  3 86  0  0
 1  0      0 1744100 131412 13538744    0    0     0     4 1069  901 10  3 87  0  0
 1  0      0 1773248 131420 13519104    0    0     0 30992 1648 1167 16  5 77  1  0
 1  0      0 1762196 131420 13530736    0    0     0     0 1047  932 10  4 86  0  0
 1  0      0 1751360 131420 13541484    0    0     0    40 1092  947 11  3 86  0  0
 1  0      0 1740056 131420 13551956    0    0     0   120 1045  965 11  3 86  0  0
 1  0      0 1730008 131420 13562672    0    0     0     0 1026  894 10  3 86  0  0
 2  0      0 1708084 131420 13585852    0    0     0   184 1046  883 12  4 84  0  0
 1  0      0 1732864 131420 13553324    0    0     0 31224 1570 1194 14  4 80  1  0
 1  0      0 1720520 131420 13565088    0    0     0     0  957  856 10  3 86  0  0
 1  0      0 1709432 131420 13575940    0    0     0     0 1001  920 10  3 87  0  0
 1  0      0 1694820 131420 13586528    0    0  1666     0 1974 1892 10  4 85  0  0
 1  0      0 1679512 131420 13596988    0    0  1667     0 1814 1911 10  4 86  0  0
 2  0      0 1639948 131420 13636644    0    0     0    60 1184  908 15  5 80  0  0
 1  0      0 1694720 131420 13588560    0    0     0 30972 1462 1124 10  5 84  1  0
procs -----------memory---------- ---swap-- -----io---- -system-- ------cpu-----
 r  b   swpd   free   buff  cache   si   so    bi    bo   in   cs us sy id wa st
 1  0      0 1683632 131420 13599664    0    0     0     0 1041  956 10  3 86  0  0
 1  0      0 1672572 131420 13610544    0    0     0     0 1029  930 10  4 86  0  0
 1  0      0 1661260 131420 13621780    0    0     0     4 1031  906 10  3 86  0  0
 1  0      0 1647708 131420 13633740    0    0     0     0 1019  933 11  3 86  0  0
 8  0      0 1614864 131420 13669352    0    0     0 31004 2000 1140 31  8 60  1  0
 4  0      0 1474028 131420 13803972    0    0     0 36172 1979 1046 50 10 39  1  0
 1  0      0 1654388 131428 13622076    0    0     0 187616 3854 2281 23  8 56 13  0
 1  0      0 1642608 131428 13632320    0    0     0    24 1103  942 10  4 86  0  0
 1  0      0 1631520 131428 13643528    0    0     0     0 1104  974 10  4 86  0  0
 2  0      0 1610352 131428 13666100    0    0     0     0 1099  941 13  3 84  0  0
 1  0      0 1638692 131432 13635580    0    0     0 31032 1613 1168 13  5 81  1  0
 1  0      0 1627352 131432 13646188    0    0     0     0 1012  894 10  3 86  0  0
 1  0      0 1616264 131432 13657648    0    0     0     0 1036  916 10  3 86  0  0
 1  0      0 1605680 131432 13668152    0    0     0     0 1029  914 10  3 86  0  0
 1  0      0 1594844 131432 13678836    0    0     0     0 1047  912 11  3 86  0  0
 1  1      0 1551248 131436 13722504    0    0     0 17460 1338  996 16  4 79  1  0
 1  0      0 1609804 131444 13671260    0    0     0 13604 1292 1020 10  4 86  0  0
 1  0      0 1598748 131444 13682800    0    0     0     0 1092  949 11  3 86  0  0
 1  0      0 1588448 131444 13693128    0    0     0     0 1055  901 10  3 86  0  0
 1  0      0 1577896 131444 13703988    0    0     0     0 1021  897 10  4 86  0  0
 1  0      0 1565832 131444 13714876    0    0     0     0 1085  975 11  3 86  0  0
procs -----------memory---------- ---swap-- -----io---- -system-- ------cpu-----
 r  b   swpd   free   buff  cache   si   so    bi    bo   in   cs us sy id wa st
 1  0      0 1579056 131452 13695764    0    0     0 31036 1626 1153 16  5 78  1  0
 1  0      0 1568252 131452 13707356    0    0     0    12 1073  904  9  4 87  0  0
 1  0      0 1556692 131452 13718748    0    0     0   128 1054  947 10  3 86  0  0
 1  0      0 1546140 131452 13729408    0    0     0     0 1047  902 10  3 87  0  0
 1  0      0 1535336 131452 13740404    0    0     0     0 1068  994 11  3 86  0  0
 2  0      0 1497096 131456 13778716    0    0     0    60 1169  939 15  4 81  0  0
 6  0      0 1392380 131464 13886584    0    0     0 46708 2494 1155 59 13 27  1  0
 1  5      0 1186848 131464 14081472    0    0     0 49296 3186 1517 58 13 24  5  0
 1  0      0 1533220 131468 13736936    0    0     0 264832 5879 3922 10  5 53 31  0
 1  0      0 1520652 131468 13748008    0    0     0     0 1103  963 10  4 86  0  0
 1  0      0 1509564 131468 13758704    0    0     0     0 1094  929 10  3 87  0  0
 1  0      0 1537928 131476 13739296    0    0     0 30972 1767 1152 17  5 77  1  0
 1  0      0 1525836 131476 13750340    0    0     0     0 1065  951 11  3 86  0  0
 2  0      0 1513740 131476 13761500    0    0     0     0 1052  904 10  3 86  0  0
 1  0      0 1502652 131476 13772624    0    0     0     0 1096  960 10  4 86  0  0
 1  0      0 1491564 131476 13783364    0    0     0     0 1044  918 11  3 86  0  0
 3  0      0 1464604 131480 13808720    0    0     0    60 1111  961 13  4 83  0  0
 1  0      0 1488904 131484 13776608    0    0     0 30952 1513 1096 13  5 81  1  0
 1  0      0 1477564 131484 13788420    0    0     0     0 1028  886 10  4 86  0  0
 1  0      0 1466000 131484 13799860    0    0     0     0 1069 1013 11  3 86  0  0
 1  0      0 1453400 131484 13811216    0    0     0     0 1018  907 10  3 86  0  0
procs -----------memory---------- ---swap-- -----io---- -system-- ------cpu-----
 r  b   swpd   free   buff  cache   si   so    bi    bo   in   cs us sy id wa st
 1  0      0 1441808 131484 13822988    0    0     0     0 1079  918 10  3 86  0  0
 1  0      0 1474204 131484 13805152    0    0     0 31008 1739 1203 16  5 78  1  0
 1  0      0 1468160 131484 13817004    0    0     0     0 1033  904 10  3 87  0  0
 1  0      0 1456064 131484 13828188    0    0     0     0 1022  960 10  3 86  0  0
 1  0      0 1444220 131484 13839620    0    0     0     0 1034  909 11  3 86  0  0
 1  0      0 1433916 131484 13850052    0    0     0     0 1031  950 10  4 86  0  0
 2  0      0 1378740 131484 13894296    0    0     0  6208 1203  962 16  5 79  0  0
 5  0      0 1338764 131484 13942288    0    0     0 28124 2121 1127 40  9 49  1  0
 1  3      0 1220828 131488 14055508    0    0     0 113828 2820 1418 39  8 49  3  0
 1  0      0 1413300 131488 13859800    0    0     0 81828 2254 1596 10  4 81  5  0
 1  0      0 1402744 131488 13870308    0    0     0     0 1058  908 11  3 86  0  0
 1  0      0 1390396 131488 13881680    0    0     0     8 1047  914 10  4 86  0  0
 1  0      0 1414700 131488 13863120    0    0     0 31028 1552 1053 17  4 78  1  0
 1  0      0 1400844 131488 13875400    0    0     0     0 1032  884 10  3 86  0  0
 1  0      0 1385232 131488 13886752    0    0  1171     0 1580 1558 11  4 86  0  0
 1  0      0 1372180 131488 13898312    0    0  2162   180 2140 2231 11  4 85  0  0
 1  0      0 1360840 131488 13909332    0    0     0    24  991  873 11  2 86  0  0
 2  0      0 1320268 131488 13952304    0    0     0    72 1180  905 15  4 80  0  0
 1  0      0 1383940 131488 13902328    0    0     0 30944 1471 1109 10  4 86  1  0
 1  0      0 1371368 131488 13913220    0    0     0    52 1041  943 10  3 86  0  0
 1  0      0 1359836 131488 13924936    0    0     0     0 1003  870 10  3 86  0  0
procs -----------memory---------- ---swap-- -----io---- -system-- ------cpu-----
 r  b   swpd   free   buff  cache   si   so    bi    bo   in   cs us sy id wa st
 1  0      0 1348244 131488 13936344    0    0     0    64 1036  893 10  4 86  0  0
 1  0      0 1335140 131488 13946564    0    0     0     0 1031  859 11  3 86  0  0
 1  0      0 1342308 131500 13927340    0    0     0 31036 1621 1138 16  5 78  1  0
 1  0      0 1329208 131500 13939280    0    0     0     0  989  849 10  4 86  0  0
 1  0      0 1317432 131500 13951196    0    0     0     0  987  892 10  3 87  0  0
 1  0      0 1305336 131500 13962804    0    0     0     0  952  862 11  3 86  0  0
 1  0      0 1293272 131500 13974040    0    0     0     0  937  860 10  4 87  0  0
 3  0      0 1297008 131504 13969348    0    0     0 31016 1562 1108 16  4 78  1  0
 6  0      0 1117088 131504 14167264    0    0     0     0 2118  847 62 13 24  0  0
 2  0      0 1039060 131516 14236148    0    0     0 314876 6109 3278 41 11 34 14  0
 1  0      0 1294292 131516 13982732    0    0     0   128 1078  925 11  3 86  0  0
 1  0      0 1282728 131516 13994068    0    0     0     0  998  840 10  4 87  0  0
 2  0      0 1260804 131516 14016716    0    0     0     0 1038  899 12  4 84  0  0
 1  0      0 1279932 131516 13987064    0    0     0 30972 1529 1062 14  5 81  1  0
 1  0      0 1267332 131516 13999432    0    0     0     0 1049  939 10  4 86  0  0
 1  0      0 1255236 131516 14011024    0    0     0     0 1016  865 10  3 87  0  0
 1  0      0 1243392 131516 14022904    0    0     0     0  993  888 10  3 86  0  0
 2  0      0 1230064 131516 14038112    0    0     0     0 1051  893 11  3 86  0  0
 1  0      0 1261424 131524 14017068    0    0     0 31012 1427 1098 15  5 79  1  0
 1  0      0 1249864 131524 14028760    0    0     0     0  995  868 10  4 86  0  0
 1  0      0 1237300 131524 14040520    0    0     0     0 1017  894 10  3 86  0  0
procs -----------memory---------- ---swap-- -----io---- -system-- ------cpu-----
 r  b   swpd   free   buff  cache   si   so    bi    bo   in   cs us sy id wa st
 1  0      0 1225488 131524 14052304    0    0     0     4  983  849 10  4 86  0  0
 1  0      0 1215696 131524 14062644    0    0     0     0 1019  900 10  3 86  0  0
 1  0      0 1227916 131528 14044048    0    0     0 31000 1496 1070 15  5 79  1  0
 1  0      0 1215092 131528 14055908    0    0     0     0 1095 1030 10  4 86  0  0
 1  0      0 1204540 131528 14066944    0    0     0     0  975  843 10  3 86  0  0
 2  0      0 1193452 131528 14077684    0    0     0    20  973  828 10  4 86  0  0
 1  0      0 1182648 131528 14088908    0    0     0   184 1049  861 10  4 86  0  0
 2  0      0 1163780 131528 14108040    0    0     0    72 1046  865 12  4 84  0  0
 6  0      0 1105680 131528 14175924    0    0     0 30948 2103 1047 42  9 48  1  0
 5  0      0 910908 131528 14367284    0    0     0 40568 2387 1075 59 12 28  1  0
 2  0      0 1177412 131532 14104036    0    0     0 258488 4882 3574 19  8 52 20  0
 2  0      0 1117604 131532 14161900    0    0     0     0 1250  890 21  6 74  0  0
 2  0      0 1068212 131532 14212516    0    0     0 66052 2008 1157 19  5 74  2  0
 2  0      0 1129836 131532 14141056    0    0     0 51636 1903 1189 19  5 75  1  0
 1  0      0 1165744 131532 14096940    0    0     0 31040 1451 1035 11  4 84  1  0
 1  0      0 1153396 131532 14109468    0    0     0   196 1042  925 10  4 87  0  0
 1  0      0 1141804 131532 14120428    0    0     0     0 1014  887 10  3 87  0  0
 1  0      0 1130772 131532 14131476    0    0     0     0 1047  917 10  3 86  0  0
 1  0      0 1121252 131532 14141480    0    0     0     0  988  866 11  3 86  0  0
 1  0      0 1152332 131540 14121988    0    0     0 31024 1571 1139 16  5 77  1  0
 1  0      0 1141028 131540 14132960    0    0     0     0 1067  862 10  3 86  0  0
procs -----------memory---------- ---swap-- -----io---- -system-- ------cpu-----
 r  b   swpd   free   buff  cache   si   so    bi    bo   in   cs us sy id wa st
 1  0      0 1129220 131540 14143848    0    0     0     0 1046  984 11  3 86  0  0
 1  0      0 1118416 131540 14154696    0    0     0     0  979  841 10  3 86  0  0
 1  0      0 1106364 131540 14165736    0    0     0     0  995  891 11  3 86  0  0
 2  0      0 1078172 131548 14194272    0    0     0    64 1102  875 13  4 83  0  0
 1  0      0 1107992 131548 14158092    0    0     0 30952 1589 1215 13  4 82  1  0
 1  0      0 1095392 131548 14169240    0    0     0     0 1034  935 10  3 86  0  0
 1  0      0 1085088 131548 14179600    0    0     0     0 1032  897 11  3 86  0  0
 1  0      0 1074004 131548 14190268    0    0     0     0  971  868 10  3 86  0  0
 1  0      0 1063168 131548 14200380    0    0     0     0 1088  929 11  3 86  0  0
 2  0      0 1024624 131552 14240868    0    0     0    56 1206  883 17  4 79  0  0
 6  0      0 921716 131552 14361448    0    0     0 56760 2846 1242 63 13 22  2  0
 4  2      0 735152 131552 14540680    0    0     0 86640 2855 1200 60 13 24  3  0
 3  0      0 1060768 131560 14217172    0    0  2214 235744 6349 5091 19  7 55 20  0
 3  0      0 1003480 131560 14273144    0    0  1119     0 1679 1423 21  6 73  0  0
 2  0      0 958880 131568 14318328    0    0     0 66076 2120 1246 19  5 74  2  0
 1  2      0 873704 131568 14398708    0    0     0 77612 2173 1200 25  6 66  3  0
 2  0      0 1028312 131572 14240804    0    0     0 15852 1677 1237 20  5 74  1  0
 2  0      0 981188 131572 14287196    0    0     0 66324 2078 1258 19  5 74  2  0
 2  0      0 1053796 131576 14212736    0    0     0 38204 1700 1255 18  5 76  1  0
 1  0      0 1041452 131576 14223428    0    0     0     0 1062  928 10  3 87  0  0
 1  0      0 1030112 131576 14234800    0    0     0    20 1122 1010 10  3 86  0  0
procs -----------memory---------- ---swap-- -----io---- -system-- ------cpu-----
 r  b   swpd   free   buff  cache   si   so    bi    bo   in   cs us sy id wa st
 1  0      0 1056656 131576 14216068    0    0     0 31028 1617 1229 15  5 79  1  0
 1  0      0 1043836 131576 14227852    0    0     0     0 1055  942 10  4 86  0  0
 1  0      0 1031240 131576 14239500    0    0     0    68 1097  979 11  3 86  0  0
 1  0      0 1019648 131576 14250476    0    0     0     0 1034  961 11  3 86  0  0
 1  0      0 1009064 131576 14260404    0    0     0     0 1092  968 10  4 86  0  0
 2  0      0 996464 131576 14271820    0    0     0    60 1025  917 11  4 85  0  0
 1  0      0 1011932 131584 14249124    0    0     0 30964 1649 1141 16  5 78  1  0
 1  0      0 1001392 131584 14259284    0    0     0     0 1042  937 10  4 86  0  0
 1  0      0 990364 131584 14269444    0    0     0    60 1208  940 11  3 86  0  0
 1  0      0 979024 131584 14280356    0    0     0    60 1022  896 11  3 86  0  0
 1  0      0 967936 131584 14291232    0    0     0     0  973  875 10  3 87  0  0
 2  0      0 949040 131584 14310904    0    0     0   108 1100  956 12  4 84  0  0
 6  0      0 886908 131588 14399336    0    0     0 43788 2512 1247 45 11 43  1  0
 4  2      0 667528 131592 14607468    0    0     0 122212 3478 1482 59 13 24  4  0
 3  0      0 959240 131604 14320120    0    0     0 199940 4539 2987 22  7 59 11  0
 1  1      0 902068 131604 14374372    0    0     0 32872 1593 1036 19  6 74  1  0
 2  0      0 845164 131612 14423452    0    0     0 33352 2518 1810 25  8 67  1  0
 3  0      0 884408 131616 14379716    0    0     0 43484 2010 1165 24  7 68  1  0
 2  0      0 886640 131616 14376520    0    0     0 96980 2477 1532 20  6 71  3  0
 1  0      0 965260 131616 14299360    0    0     0 27892 1501 1122 15  4 80  1  0
 2  0      0 953196 131616 14311216    0    0     0     0  968  890 10  3 87  0  0
procs -----------memory---------- ---swap-- -----io---- -system-- ------cpu-----
 r  b   swpd   free   buff  cache   si   so    bi    bo   in   cs us sy id wa st
 1  0      0 942364 131616 14322092    0    0     0     0 1023  926 11  3 86  0  0
 2  0      0 929264 131616 14336712    0    0     0     0 1055  909 11  3 86  0  0
 1  0      0 956880 131620 14314568    0    0     0 31004 1602 1153 14  5 79  1  0
 1  0      0 945572 131620 14326428    0    0     0     4 1064  944 10  4 87  0  0
 1  0      0 933736 131620 14337888    0    0     0     0 1018  914 10  3 86  0  0
 1  0      0 922936 131620 14348848    0    0     0     0  987  869 11  3 86  0  0
 1  0      0 911344 131620 14360628    0    0     0     0 1038  945 10  3 86  0  0
 1  0      0 923388 131628 14341180    0    0     0 31004 1586 1078 16  5 78  1  0
 1  0      0 908528 131628 14353696    0    0     0    12 1067  971 10  3 86  0  0
 1  0      0 895208 131628 14366412    0    0     0     0 1005  895 10  4 86  0  0
 1  0      0 882104 131628 14379028    0    0     0     0  988  929 10  3 87  0  0
 1  0      0 869004 131628 14391080    0    0     0     0  996  894 10  3 87  0  0
 1  1      0 821644 131632 14435532    0    0     0 11308 1236  977 16  5 79  0  0
 6  0      0 674904 131632 14602124    0    0     0 48172 2707 1347 65 15 18  2  0
 1  4      0 516204 131632 14753828    0    0     0 235452 4433 2357 46 10 28 15  0
 2  0      0 848400 131636 14428540    0    0     0 87008 2714 2009 18  6 69  7  0
 2  0      0 796992 131640 14480392    0    0     0 66076 1993 1239 18  6 74  2  0
 2  0      0 731488 131640 14542108    0    0     0     0 1182  864 20  6 74  0  0
 2  0      0 708836 131640 14562740    0    0     0 97232 2660 1511 24  8 66  3  0
 2  0      0 838324 131648 14430116    0    0     0 34444 1652 1140 19  6 74  1  0
 2  0      0 783920 131648 14483660    0    0     0 66008 2005 1200 19  6 74  2  0
procs -----------memory---------- ---swap-- -----io---- -system-- ------cpu-----
 r  b   swpd   free   buff  cache   si   so    bi    bo   in   cs us sy id wa st
 2  0      0 723444 131648 14542376    0    0     0     0 1193  880 21  5 74  0  0
 1  0      0 848828 131664 14416600    0    0     0 87220 2358 1450 17  5 75  3  0
 2  0      0 812292 131664 14456304    0    0     0     0 1124  935 16  4 80  0  0
 1  0      0 869468 131672 14407128    0    0     0 31164 1416 1132 11  4 84  1  0
 1  0      0 859144 131672 14417912    0    0     0   332 1037  893 10  4 86  0  0
 1  0      0 848560 131672 14428096    0    0     0     0 1000  941 11  3 86  0  0
 1  0      0 837724 131672 14438752    0    0     0     0  987  852 10  3 86  0  0
 1  0      0 826384 131672 14449480    0    0     0     0 1076  963 10  4 86  0  0
 1  1      0 775492 131672 14492552    0    0     0 20504 1292  965 17  4 79  0  0
 1  0      0 822212 131672 14441128    0    0  1666 10572 2224 2151 10  5 85  0  0
 1  0      0 806412 131672 14452672    0    0  1667     0 1851 1934 10  4 86  0  0
 1  0      0 795356 131672 14463600    0    0     0     0 1056  937 11  3 86  0  0
 1  0      0 784804 131672 14473828    0    0     0     0 1062  956 10  3 86  0  0
 1  0      0 774016 131672 14484880    0    0     0     0 1032  953 10  4 86  0  0
 7  0      0 738068 131676 14536464    0    0     0 31048 2058 1133 37  9 53  1  0
 6  1      0 535624 131676 14734992    0    0     0 13388 2157  910 64 13 23  0  0
 2  0      0 724204 131700 14557752    0    0     0 323184 6505 3768 32  9 37 22  0
 2  0      0 745144 131700 14535040    0    0     0     0 1364  968 21  5 74  0  0
 2  0      0 699536 131704 14581408    0    0     0 66056 1995 1193 18  6 74  2  0
 2  0      0 640852 131704 14636752    0    0     0     0 1243  897 21  5 74  0  0
 2  0      0 620192 131704 14656316    0    0     0 97008 2439 1481 24  7 66  3  0
procs -----------memory---------- ---swap-- -----io---- -system-- ------cpu-----
 r  b   swpd   free   buff  cache   si   so    bi    bo   in   cs us sy id wa st
 2  0      0 762664 131712 14511908    0    0     0 50356 1828 1160 19  6 74  1  0
 1  1      0 705236 131712 14566868    0    0     0 28664 1562 1045 20  5 74  1  0
 2  0      0 653072 131712 14619952    0    0     0 37376 1707  993 20  5 74  1  0
 2  0      0 599652 131716 14671560    0    0     0 66004 2019 1234 18  6 74  2  0
 2  0      0 724848 131716 14542844    0    0     0 15416 1341 1122 14  5 80  0  0
 1  0      0 762636 131728 14500388    0    0     0 31072 1484 1177 12  4 83  1  0
 1  0      0 750316 131728 14512816    0    0     0     0 1031  928 10  3 87  0  0
 2  0      0 737968 131728 14524612    0    0     0     8  963  857 10  3 86  0  0
 1  0      0 726628 131728 14536188    0    0     0     0 1024  892 10  3 87  0  0
 2  0      0 709492 131728 14554788    0    0     0     0 1003  860 12  4 85  0  0
 1  0      0 745160 131736 14528040    0    0     0 31036 1489 1079 15  4 80  1  0
 1  0      0 732560 131736 14539708    0    0     0    52 1057  923 10  4 86  0  0
 1  0      0 721248 131736 14550528    0    0     0    72  997  899 11  3 86  0  0
 1  0      0 709660 131736 14562056    0    0     0     0  991  889 10  4 86  0  0
 1  0      0 697816 131736 14573120    0    0     0     0  983  899 11  3 86  0  0
 1  1      0 646364 131736 14617004    0    0     0 12420 1321  905 16  5 79  0  0
 6  0      0 489980 131736 14773460    0    0     0 27024 2406 1164 60 14 25  1  0
 1  6      0 339804 131736 14915980    0    0     0 188504 4706 2697 41 10 24 24  0
 2  0      0 657980 131740 14608256    0    0     0 133672 3912 2895 17  6 61 16  0
 2  0      0 605816 131744 14658500    0    0     0 66076 2035 1165 19  5 74  2  0
 3  0      0 547696 131744 14713928    0    0     0     0 1356  913 21  5 74  0  0
procs -----------memory---------- ---swap-- -----io---- -system-- ------cpu-----
 r  b   swpd   free   buff  cache   si   so    bi    bo   in   cs us sy id wa st
 1  0      0 695260 131752 14562404    0    0     0 101484 2982 1755 21  7 68  4  0
 1  0      0 682676 131752 14574416    0    0     0     0 1042  898 10  4 86  0  0
 1  0      0 670356 131752 14586144    0    0     0     0 1001  875 11  3 86  0  0
 1  0      0 660188 131752 14598256    0    0     0     0  996  903 10  4 86  0  0
 1  0      0 648848 131752 14609344    0    0     0     0 1023  907 10  3 86  0  0
 2  0      0 680552 131756 14589436    0    0     0 31144 1659 1187 16  5 79  1  0
 1  0      0 668460 131756 14600928    0    0     0     0 1042  897 10  4 86  0  0
 2  0      0 655888 131756 14612664    0    0     0     8 1078  956 11  3 87  0  0
 1  0      0 643544 131756 14624392    0    0     0     0 1062  915 11  3 86  0  0
 1  0      0 632208 131756 14635264    0    0     0     0 1107  957 11  3 87  0  0
 2  0      0 606772 131756 14657172    0    0     0    84 1147  963 12  4 84  0  0
 1  0      0 628340 131756 14627488    0    0     0 31000 1644 1169 14  4 81  1  0
 1  0      0 614984 131756 14639664    0    0     0    16 1023  887 10  3 86  0  0
 1  0      0 602412 131756 14651592    0    0     0     0 1000  912 10  3 86  0  0
 1  0      0 590064 131756 14663328    0    0     0     0 1017  869 10  3 86  0  0
 1  0      0 578724 131756 14673768    0    0     0     0 1176  960 11  3 86  0  0
 7  0      0 605388 131760 14664680    0    0     0 31092 1719 1178 22  5 72  1  0
 7  0      0 377884 131760 14888676    0    0     0     0 2275  876 74 15 12  0  0
 2  4      0 211712 131760 15051060    0    0     0 252464 4755 2454 53 12 18 17  0
 2  0      0 569736 131780 14701720    0    0     0 119236 3359 2618 17  7 60 16  0
 1  1      0 514336 131780 14753088    0    0     0 59384 1919 1083 19  6 74  2  0
procs -----------memory---------- ---swap-- -----io---- -system-- ------cpu-----
 r  b   swpd   free   buff  cache   si   so    bi    bo   in   cs us sy id wa st
 2  0      0 456940 131784 14807360    0    0     0  6692 1344  942 20  6 74  0  0
 2  0      0 438836 131788 14823476    0    0     0 96996 2646 1469 25  7 65  3  0
 4  0      0 561628 131792 14705176    0    0     0 18452 1470  995 20  6 74  0  0
 2  0      0 512744 131792 14753244    0    0     0 66016 1823 1144 18  6 74  2  0
 2  0      0 457812 131792 14806704    0    0     0     0 1220  884 20  6 74  0  0
 2  0      0 411968 131792 14851220    0    0     0 65984 1928 1169 19  5 74  2  0
 2  0      0 353600 131792 14904428    0    0  1171   396 1984 1548 20  6 73  0  0
 1  0      0 589700 131800 14672696    0    0  2162 93728 3617 2899 17  6 74  2  0
 1  0      0 577108 131800 14684664    0    0     0     0  933  830 10  3 87  0  0
 1  0      0 563780 131800 14696512    0    0     0     0  988  858 10  4 86  0  0
 1  0      0 551684 131800 14708736    0    0     0   312 1025  873 10  3 87  0  0
 1  0      0 539840 131800 14720116    0    0     0     4  969  879 10  3 86  0  0
 1  0      0 571680 131812 14701700    0    0     0 31096 1563 1074 15  5 79  1  0
 1  0      0 559088 131812 14714228    0    0     0     0  964  864 10  3 86  0  0
 1  0      0 546488 131812 14725144    0    0     0     0  967  902 10  4 86  0  0
 1  0      0 535904 131812 14735928    0    0     0     0  958  856 11  2 86  0  0
 1  0      0 524340 131812 14746732    0    0     0     4  931  848 11  3 86  0  0
 2  0      0 503940 131816 14764692    0    0     0    68 1013  864 12  3 84  0  0
 7  0      0 394264 131820 14868128    0    0     0 30984 2224 1019 46 11 42  1  0
 4  2      0 150696 131820 15101276    0    0     0 68312 2829 1071 64 15 19  2  0
 2  0      0 522428 131392 14737696    0    0     0 290620 5458 3854 17  6 49 28  0
procs -----------memory---------- ---swap-- -----io---- -system-- ------cpu-----
 r  b   swpd   free   buff  cache   si   so    bi    bo   in   cs us sy id wa st
 2  0      0 462808 131392 14796136    0    0     0     0 1221  875 21  5 74  0  0
 2  0      0 411688 131396 14848436    0    0     0 66084 2284 1304 19  6 74  2  0
 2  1      0 329340 131396 14930012    0    0     0 82384 2314 1259 23  7 67  2  0
 2  0      0 506724 131400 14754100    0    0     0 57944 2153 1415 19  6 73  2  0
 2  0      0 490676 131400 14775132    0    0     0     0 1256  871 20  6 74  0  0
 2  0      0 439828 131404 14826876    0    0     0 66036 2242 1316 19  6 74  2  0
 1  1      0 380660 131404 14883668    0    0     0 45072 1733 1072 19  6 74  1  0
 2  0      0 324236 131404 14939936    0    0     0 20920 1540 1074 20  5 74  0  0
 1  0      0 532364 131428 14722236    0    0     0 87996 2251 1628 18  6 73  2  0
 1  0      0 521224 131428 14734392    0    0     0     0 1018  931 10  3 87  0  0
 1  0      0 509380 131428 14746376    0    0     0     0 1024  884 11  3 87  0  0
 1  0      0 497788 131428 14758144    0    0     0     0 1024  932 10  4 86  0  0
 1  0      0 486196 131428 14769644    0    0     0     0  999  874 10  3 87  0  0
 1  0      0 501592 131440 14750284    0    0     0 31020 1390 1165 17  5 77  1  0
 1  0      0 488016 131440 14762564    0    0     0     0 1015  885 10  4 87  0  0
 1  0      0 476676 131440 14773908    0    0     0     0 1028  915 11  3 86  0  0
 1  0      0 465664 131440 14785088    0    0     0   340 1043  935 10  3 86  0  0
 1  0      0 454588 131440 14795824    0    0     0     0  981  927  9  4 87  0  0
 2  0      0 426868 131440 14823404    0    0     0   152 1112  932 14  3 83  0  0
 6  1      0 339016 131440 14936396    0    0     0 55140 2141 1226 53 12 33  2  0
 4  2      0 157320 131444 15111320    0    0     0 95320 3119 1334 59 14 24  3  0
procs -----------memory---------- ---swap-- -----io---- -system-- ------cpu-----
 r  b   swpd   free   buff  cache   si   so    bi    bo   in   cs us sy id wa st
 2  0      0 506060 131452 14769572    0    0     0 228440 4696 3174 17  8 56 19  0
 2  0      0 494832 131452 14779680    0    0     0 34096 1624 1036 20  5 74  1  0
 3  0      0 442820 131452 14830444    0    0     0     0 1195  900 20  6 74  0  0
 3  0      0 379848 131456 14888996    0    0     0 65996 2021 1215 21  6 71  2  0
 2  0      0 479240 131464 14780716    0    0     0 63180 1890 1396 22  7 69  2  0
 2  0      0 429536 131464 14831984    0    0     0 66004 2105 1291 18  7 74  2  0
 2  0      0 369872 131464 14889708    0    0     0     0 1244  899 20  6 74  0  0
 2  0      0 318996 131468 14940168    0    0     0 65988 2031 1270 19  5 74  2  0
 1  0      0 481608 131472 14768740    0    0     0 40696 1581 1120 14  5 80  1  0
 1  1      0 442968 131472 14811864    0    0     0 28644 1199  988 17  5 78  1  0
 1  0      0 490472 131480 14759864    0    0     0  2436 1065  994 10  4 86  0  0
 1  0      0 479132 131480 14771064    0    0     0     0  962  867 10  3 87  0  0
 1  0      0 468296 131480 14781700    0    0     0     0 1014 1060 11  3 86  0  0
 1  0      0 458000 131480 14792444    0    0     0     0  936  855 11  3 86  0  0
 1  0      0 447452 131480 14803080    0    0     0     0  960  889 10  4 86  0  0
 1  0      0 479628 131492 14782964    0    0     0 31088 1285 1086 16  5 78  1  0
 1  0      0 466556 131492 14794936    0    0     0     0 1010  887 10  3 86  0  0
 1  0      0 455216 131492 14805940    0    0     0     0 1002  897 10  4 86  0  0
 1  0      0 443632 131492 14817164    0    0     0     0 1001  898 11  3 86  0  0
 1  0      0 433804 131492 14827584    0    0    36     0  972  870 11  3 86  0  0
 2  0      0 404320 131492 14855032    0    0     0    84 1074  902 13  4 83  0  0
procs -----------memory---------- ---swap-- -----io---- -system-- ------cpu-----
 r  b   swpd   free   buff  cache   si   so    bi    bo   in   cs us sy id wa st
 6  0      0 318508 131496 14946732    0    0     0 42480 2157 1142 51 10 38  1  0
 5  1      0 150996 131496 15114084    0    0     0  1144 2148  892 61 14 24  0  0
 2  0      0 502740 131504 14772716    0    0     0 321604 6393 4459 17  6 42 34  0
 2  0      0 451616 131504 14820636    0    0     0     0 1293  909 21  6 74  0  0
 3  0      0 395500 131508 14866172    0    0  2238 66064 3480 2763 19  7 72  2  0
 3  0      0 318460 131508 14940876    0    0  1119     0 1777 1310 25  6 69  0  0
 2  0      0 322308 131524 14936076    0    0     0 96996 2683 1549 19  7 69  4  0
 1  1      0 268936 131524 14988396    0    0    24 65436 2085 1147 19  6 73  1  0
 2  0      0 480148 131528 14778172    0    0     0 35336 1862 1222 20  5 74  1  0
 1  0      0 478612 131536 14777768    0    0     0 45920 1778 1144 18  6 75  1  0
 1  0      0 467136 131536 14788972    0    0   152   116 1178 1041 10  4 86  0  0
 1  0      0 492708 131548 14770232    0    0     0 31060 1587 1113 16  5 79  1  0
 1  0      0 479384 131548 14782444    0    0     0     0 1051  914 10  3 86  0  0
 1  0      0 467540 131548 14794692    0    0     0     0  996  901 10  4 86  0  0
 1  0      0 455392 131548 14806372    0    0     0     0 1057  878 10  4 86  0  0
 1  0      0 443132 131548 14818168    0    0     0     0 1044  907  9  5 86  0  0
 1  0      0 452624 131556 14799992    0    0     0 31044 1620 1103 16  5 79  1  0
 1  0      0 440236 131556 14811404    0    0     0     0 1045  891 10  3 86  0  0
 1  0      0 427636 131556 14823440    0    0     0     0 1006  865 10  4 86  0  0
 1  0      0 415792 131556 14835196    0    0     0     0 1022  923 10  3 87  0  0
 1  0      0 403224 131556 14847356    0    0     0     4 1116 1000 10  3 86  0  0
procs -----------memory---------- ---swap-- -----io---- -system-- ------cpu-----
 r  b   swpd   free   buff  cache   si   so    bi    bo   in   cs us sy id wa st
 2  0      0 365524 131556 14883880    0    0    36    68 1138  902 15  4 81  0  0
 7  0      0 245776 131560 15025612    0    0     0 30976 2440 1072 61 14 24  1  0
 2  5      0 148460 130956 15133352    0    0    20 291728 5801 2886 54 14 21 11  0
 2  0      0 498996 130976 14785956    0    0     0 75640 3068 1830 19  6 70  6  0
 2  0      0 443576 130976 14837980    0    0     0 66120 2015 1274 19  6 74  1  0
 2  0      0 519252 130976 14764384    0    0     0 38220 1717 1104 20  5 74  1  0
 2  0      0 477120 130980 14794220    0    0     0 31052 1793 1058 25  8 66  1  0
 2  0      0 419192 130984 14849988    0    0     0 65968 2174 1282 19  6 74  1  0
 2  0      0 367156 130992 14901808    0    0     0 65980 2136 1314 19  5 74  2  0
 2  0      0 305832 130992 14961980    0    0     0     4 1331  995 22  4 74  0  0
 2  0      0 251004 130996 15016556    0    0     0 65980 2079 1257 18  7 74  1  0
 3  0      0 475876 131000 14794384    0    0     0 39624 1659 1166 16  5 77  1  0
 1  0      0 522152 131008 14748460    0    0     0 31056 1531 1107 11  4 84  1  0
 1  0      0 510812 131008 14759408    0    0     0     0 1080  861 11  3 86  0  0
 1  0      0 499976 131008 14769728    0    0     0     0 1097  884 10  3 86  0  0
 1  0      0 489420 131008 14780264    0    0     0     0  987  844 11  3 86  0  0
 1  0      0 477856 131008 14791244    0    0     0     0 1067  895 11  3 86  0  0
 1  0      0 504352 131020 14772120    0    0     0 31368 1649 1141 16  5 78  1  0
 1  0      0 490960 131020 14783532    0    0     0     0 1021  894 10  3 86  0  0
 1  0      0 479368 131020 14794992    0    0     0     4 1017  847 10  4 86  0  0
 1  0      0 468056 131020 14806372    0    0     0     0  999  881 10  3 86  0  0
procs -----------memory---------- ---swap-- -----io---- -system-- ------cpu-----
 r  b   swpd   free   buff  cache   si   so    bi    bo   in   cs us sy id wa st
 1  0      0 456464 131020 14817660    0    0     0     0 1025  849 10  4 86  0  0
 2  0      0 435548 131020 14837044    0    0     0    64 1034  931 12  4 84  0  0
 7  0      0 333856 131020 14931464    0    0     0 30972 2314 1200 49 10 40  1  0
 4  2      0 151220 131024 15107100    0    0     0 129892 3659 1578 64 15 18  3  0
 2  0      0 504084 131032 14759932    0    0     0 229484 5047 3323 20  7 56 16  0
 1  1      0 449068 131032 14813672    0    0     0 19456 1429 1014 20  6 74  1  0
 2  0      0 393628 131032 14867808    0    0     0 46624 1805 1053 19  6 74  1  0
 6  0      0 318044 131032 14942952    0    0     0 66000 2300 1268 24  6 68  2  0
 2  0      0 525236 131040 14745064    0    0     0 65244 2126 1341 20  7 72  2  0
 2  0      0 467152 131040 14802468    0    0     0     4 1503 1279 24  6 70  0  0
 2  0      0 418800 131040 14851100    0    0     0 66020 1985 1147 20  5 74  2  0
 2  0      0 366896 131040 14901560    0    0     0 65984 2128 1236 18  6 74  2  0
 1  0      0 518932 131044 14748356    0    0     0 29488 1542 1168 15  5 79  1  0
 1  0      0 534396 131056 14729108    0    0     0 31056 1546 1148 15  5 79  1  0
 1  0      0 521828 131056 14741008    0    0     0    16 1034  865 10  4 86  0  0
 1  0      0 509228 131056 14752736    0    0     0     0  979  899 10  3 86  0  0
 1  0      0 498676 131056 14763480    0    0     0     0  984  838 10  4 86  0  0
 2  0      0 487616 131056 14773460    0    0     0     0 1004  917 10  3 86  0  0
 2  0      0 458388 131056 14802368    0    0     0    88 1087  852 14  3 82  0  0
 1  0      0 503640 131056 14764364    0    0     0 30984 1537 1104 12  5 82  1  0
 1  0      0 491848 131056 14775112    0    0    36     0 1043  852 10  4 86  0  0
procs -----------memory---------- ---swap-- -----io---- -system-- ------cpu-----
 r  b   swpd   free   buff  cache   si   so    bi    bo   in   cs us sy id wa st
 1  0      0 480032 131056 14786432    0    0     0     0 1011  911 10  3 86  0  0
 1  0      0 467960 131056 14797856    0    0  2062     0 2255 2175 10  4 85  0  0
 1  0      0 449344 131056 14809056    0    0  1667     0 1827 1875 11  3 85  0  0
 7  0      0 457524 131064 14791900    0    0     0 31064 1619 1172 17  6 76  1  0
 7  0      0 201408 131064 15053296    0    0     0 12280 2263  923 73 15 12  0  0
 1  4      0 152104 130364 15108368    0    0    40 282008 5671 3317 42 10 23 25  0
 2  0      0 492588 130368 14773164    0    0     0 70828 2756 1900 19  6 70  6  0
 2  0      0 439956 130372 14824784    0    0     0 66068 1888 1117 19  6 74  2  0
 3  0      0 376484 130372 14887052    0    0     0     8 1271  890 22  5 73  0  0
 2  0      0 368312 130376 14902596    0    0     0 97000 2452 1450 23  8 67  3  0
 2  0      0 313956 130380 14955720    0    0     0 65972 1949 1171 19  5 74  2  0
 2  0      0 497752 130388 14774036    0    0     0  8556 1318  952 19  7 74  0  0
 2  0      0 450420 130388 14821484    0    0     0 66028 2034 1258 19  6 74  2  0
 2  0      0 395540 130388 14876468    0    0   312    92 1273  922 21  5 74  0  0
 3  0      0 326028 130388 14941572    0    0     0 65992 2116 1272 23  6 69  2  0
 2  0      0 324408 130392 14942896    0    0     0 31008 1760 1097 24  7 69  1  0
 2  0      0 274560 130392 14991988    0    0    28 65964 1877 1180 19  5 74  2  0
 1  0      0 523672 130396 14738488    0    0     0 45080 1620 1102 13  5 81  1  0
 1  0      0 512864 130396 14748816    0    0     0     4  992  901 11  3 86  0  0
 1  0      0 501020 130396 14759816    0    0     0     0  954  854 10  3 87  0  0
 2  1      0 456176 130396 14803720    0    0     0  3112 1170  957 16  4 80  0  0
procs -----------memory---------- ---swap-- -----io---- -system-- ------cpu-----
 r  b   swpd   free   buff  cache   si   so    bi    bo   in   cs us sy id wa st
 1  0      0 519872 130396 14752496    0    0     0 28000 1446 1045 10  4 85  1  0
 1  0      0 508588 130396 14763628    0    0     0     0  982  882 10  3 86  0  0
 1  0      0 497808 130396 14774740    0    0     0     8 1047  871 11  3 86  0  0
 1  0      0 486524 130396 14785220    0    0     0     0  994  904 11  3 86  0  0
 1  0      0 475492 130396 14795784    0    0     0     0  978  857 10  4 86  0  0
 7  0      0 448900 130404 14815076    0    0     0 31048 1898 1140 29  7 63  1  0
 6  0      0 219468 130408 15040568    0    0     0 27664 2457  935 67 15 17  1  0
 0  2      0 158536 130192 15099328    0    0     0 308004 5830 3703 36  9 25 29  0
 2  0      0 485244 130192 14782180    0    0     0 14496 1937 1239 19  7 74  1  0
 2  0      0 442660 130192 14824140    0    0     0 66064 1921 1222 18  5 74  3  0
 2  0      0 383960 130192 14879780    0    0     0     0 1237  851 21  5 74  0  0
 2  0      0 382084 130196 14892556    0    0     0 96992 2710 1595 24  8 65  3  0
 2  0      0 319540 130196 14952616    0    0     0     0 1224  861 20  5 74  0  0
 2  0      0 269264 130200 15002828    0    0     0 65968 2090 1293 19  5 74  2  0
 2  0      0 222184 130200 15049616    0    0     0 65976 2067 1251 18  6 74  2  0
 2  0      0 478028 130200 14794256    0    0     0  7012 2695 1099 20  7 73  0  0
 3  0      0 425108 130200 14846884    0    0     0 66008 2000 1161 20  6 72  2  0
 2  0      0 400024 130200 14864836    0    0     0 31336 1920 1236 24  7 68  1  0
 1  0      0 513500 130208 14745836    0    0     0 60532 1851 1248 13  4 82  1  0
 1  0      0 501180 130208 14757652    0    0    44     0  963  911 11  3 86  0  0
 1  0      0 488592 130208 14769168    0    0     0     0  981  833 10  4 87  0  0
procs -----------memory---------- ---swap-- -----io---- -system-- ------cpu-----
 r  b   swpd   free   buff  cache   si   so    bi    bo   in   cs us sy id wa st
 1  0      0 476244 130208 14781112    0    0     0     0 1015  936 10  3 86  0  0
 1  0      0 495232 130208 14762712    0    0     0 31060 1657 1160 16  4 79  1  0
 1  0      0 481880 130208 14774956    0    0     0    88 1033  928 10  4 86  0  0
 1  0      0 469784 130208 14786604    0    0     0     0 1021  878 10  4 86  0  0
 1  0      0 458192 130208 14797984    0    0     0     0  984  903 10  4 86  0  0
 1  0      0 446096 130208 14809528    0    0     0    20  945  875 11  3 86  0  0
 2  0      0 405564 130208 14851152    0    0     4    92 1185 1121 15  4 80  0  0
 7  0      0 272400 130216 15004096    0    0     0 30980 2542  974 65 15 19  1  0
 1  5      0 158668 130212 15109456    0    0     0 232768 5318 2595 52 13 19 16  0
 2  0      0 513552 130216 14756456    0    0     0 138664 4323 2497 18  7 63 12  0
 2  0      0 462396 130216 14807044    0    0     0 66064 2170 1252 18  6 74  2  0
 2  0      0 404184 130216 14865248    0    0     0     0 1200  893 20  6 74  0  0
 2  0      0 377280 130224 14881880    0    0     0 97008 2635 1494 24  6 66  3  0
 2  0      0 316264 130224 14940912    0    0     0     0 1225  845 20  6 74  0  0
 3  0      0 268660 130224 14989248    0    0     0 65972 2033 1259 19  5 74  2  0
 2  0      0 491520 130228 14767116    0    0     0 40956 1656 1088 19  6 74  1  0
 2  0      0 444144 130228 14813244    0    0     0 66028 1980 1138 19  5 74  2  0
 3  0      0 370084 130228 14889660    0    0     0     8 1338  883 24  6 69  0  0
 2  0      0 364368 130228 14889132    0    0     0 97004 2514 1418 21  7 70  2  0
 2  0      0 308812 130228 14943720    0    0  1491     0 1932 1642 20  7 73  0  0
 2  0      0 269744 130228 14985288    0    0  2162 65984 2857 2319 19  5 73  3  0
procs -----------memory---------- ---swap-- -----io---- -system-- ------cpu-----
 r  b   swpd   free   buff  cache   si   so    bi    bo   in   cs us sy id wa st
 1  1      0 214368 130228 15038548    0    0     0 15324 1364  932 21  5 74  0  0
 1  0      0 502940 130236 14748428    0    0     0 51848 1838 1270 10  5 83  2  0
 2  0      0 473988 130236 14782700    0    0     0     0 1098  859 15  5 81  0  0
 1  0      0 514264 130240 14738704    0    0    48 31084 1543 1098 11  4 83  1  0
 1  0      0 503428 130240 14749888    0    0    32     0  988  870 11  3 86  0  0
 1  0      0 491584 130240 14761352    0    0     0     0 1016  893 11  3 86  0  0
 1  0      0 479740 130240 14772672    0    0     0     0  973  861 10  3 86  0  0
 1  0      0 468176 130240 14783700    0    0     0   288 1034  909 11  4 86  0  0
 8  0      0 421508 130244 14845416    0    0     0 31032 2122 1167 39  9 51  1  0
 6  0      0 185524 130244 15077476    0    0     0 33856 2303  985 68 14 16  1  0
 2  0      0 522304 130244 14747296    0    0    40 322964 5884 3887 23  9 43 24  0
 2  0      0 464492 130244 14805032    0    0     0     0 1296  912 20  6 74  0  0
 3  0      0 413112 130244 14855692    0    0     0 66104 1445 1159 18  5 74  2  0
 2  1      0 344568 130244 14919948    0    0     0 24576 1397 1049 22  6 72  1  0
 2  0      0 326304 130248 14928840    0    0     0 72428 1944 1308 24  6 68  2  0
 2  0      0 281456 130248 14972928    0    0     0 65976 2106 1238 19  5 74  2  0
 2  0      0 506792 130248 14744628    0    0    28 39588 1816 1260 19  7 74  1  0
 2  0      0 458716 130252 14798164    0    0   164   124 1318  983 21  5 74  0  0
 2  0      0 407336 130256 14848468    0    0     0 66040 2081 1267 19  5 74  2  0
 3  0      0 350132 130256 14903448    0    0     0     0 1320  930 22  6 72  0  0
 2  0      0 347708 130264 14912992    0    0     0 97012 2742 1604 21  7 67  4  0
procs -----------memory---------- ---swap-- -----io---- -system-- ------cpu-----
 r  b   swpd   free   buff  cache   si   so    bi    bo   in   cs us sy id wa st
 1  1      0 290952 130264 14969756    0    0     0 49152 1735 1126 19  6 74  1  0
 2  0      0 236348 130264 15023772    0    0     0 16832 1499 1011 20  5 74  1  0
 1  0      0 499248 130264 14756460    0    0     0 53040 1849 1224 12  5 82  1  0
 1  0      0 486928 130264 14767972    0    0     0     0  985  862 10  3 86  0  0
 1  0      0 500744 130272 14749064    0    0     0 31048 1636 1162 15  6 79  1  0
 1  0      0 488400 130272 14760996    0    0     0     0  972  886 10  3 86  0  0
 1  0      0 475300 130272 14772692    0    0     0     8 1177 1108 10  4 86  0  0
 1  0      0 463708 130272 14784216    0    0     0     0  975  870 11  3 86  0  0
 1  0      0 452172 130272 14795372    0    0     0     0 1043  944 11  3 87  0  0
 2  0      0 418404 130272 14827064    0    0     0    84 1104  899 15  3 82  0  0
 6  0      0 299996 130280 14962448    0    0    44 49548 2761 1518 55 13 31  1  0
 1  6      0 167188 130272 15091728    0    0    12 153712 5843 3400 49 11 20 19  0
 2  0      0 499160 130284 14770044    0    0    36 195480 6965 4720 16  6 47 30  0
 2  0      0 435820 130284 14831828    0    0     0     0 1249  880 21  5 74  0  0
 2  0      0 385168 130288 14882008    0    0     0 66068 2015 1197 18  6 74  2  0
 2  0      0 378360 130292 14895764    0    0     0 97044 2556 1478 23  7 65  4  0
 2  0      0 320660 130292 14951060    0    0    48     0 1235  917 20  6 74  0  0
 2  0      0 267308 130292 15004184    0    0     0 65984 2106 1217 20  5 74  2  0
 2  0      0 490676 130296 14783828    0    0     0 37080 1764 1143 19  6 74  1  0
 1  1      0 439016 130296 14835536    0    0     0 66032 2080 1180 19  5 74  2  0
 3  0      0 361160 130296 14906820    0    0     0     4 1313  934 24  5 71  0  0
procs -----------memory---------- ---swap-- -----io---- -system-- ------cpu-----
 r  b   swpd   free   buff  cache   si   so    bi    bo   in   cs us sy id wa st
 2  0      0 345056 130304 14915440    0    0     0 96976 2676 1521 23  6 69  3  0
 1  1      0 286752 130304 14973824    0    0     0 12096 1372  968 20  5 74  0  0
 1  0      0 498216 130304 14753040    0    0     0 82836 2337 1427 16  7 75  2  0
 1  0      0 487408 130304 14764104    0    0     0    52 2174 2117 15  3 83  0  0
 1  0      0 476048 130304 14774540    0    0     0     0 1032  899 11  3 86  0  0
 1  0      0 511772 130304 14755252    0    0     0 31064 1647 1137 17  4 78  1  0
 4  0      0 499444 130304 14766788    0    0     0     0 1017  916 11  3 86  0  0
 1  0      0 488132 130304 14777892    0    0     0     0 1138  948 10  4 86  0  0
 1  0      0 476792 130444 14790240    0    0  1612    72 1289 1021 10  4 86  0  0
 1  0      0 465704 130444 14801108    0    0     0     0 1007  927 11  3 86  0  0
 2  0      0 443024 130444 14823104    0    0    24     0 1119  941 12  4 84  0  0
 7  0      0 354696 130444 14910292    0    0     0 37156 2375 1249 44 11 44  1  0
 5  3      0 163348 130444 15094372    0    0     0 52904 3332 1778 60 13 22  5  0
 2  0      0 504592 130452 14760648    0    0   120 298236 8388 5856 15  7 36 42  0
 3  0      0 446288 130452 14817376    0    0     0     0 1239  905 20  6 74  0  0
 3  0      0 396140 130456 14867620    0    0     0 66068 2103 1294 18  6 74  2  0
 2  2      0 308472 130456 14952940    0    0     0 36864 1815 1132 25  7 67  2  0
 3  0      0 314852 130456 14939192    0    0  3973 60132 4076 3613 20  6 70  4  0
 3  0      0 260784 130456 14991156    0    0     0 66056 2103 1365 19  6 74  2  0
 2  0      0 494744 130464 14751144    0    0     0 32636 1968 1491 18  7 74  2  0
 2  0      0 483728 130596 14759008    0    0   132     0 2120 1786 15  7 77  0  0
procs -----------memory---------- ---swap-- -----io---- -system-- ------cpu-----
 r  b   swpd   free   buff  cache   si   so    bi    bo   in   cs us sy id wa st
 1  0      0 472680 130596 14769164    0    0     0     0 1436 1381 11  4 86  0  0
 3  0      0 442748 130596 14800248    0    0     0     0 1507 1223 15  4 81  0  0
 2  0      0 498580 130600 14759280    0    0     0 31044 1711 1333 13  4 82  1  0
 1  0      0 488528 130600 14769756    0    0     0     4 1299 1117 10  3 86  0  0
 2  0      0 479004 130600 14779300    0    0    40     0 1143 1039 10  4 86  0  0
 1  0      0 468940 130600 14788848    0    0     0     0 1212 1078 10  4 86  0  0
 2  0      0 458860 130600 14798564    0    0    36     0 1044  950 10  3 86  0  0
 2  0      0 437472 130600 14815740    0    0     0    72 1203 1012 12  4 84  0  0
 1  0      0 457244 130600 14787912    0    0     0 31008 1653 1195 16  4 78  1  0
 1  0      0 445432 130600 14798604    0    0     0     0 1119  964 11  3 86  0  0
 1  0      0 435388 130600 14808740    0    0     0     0 1040  942 11  3 87  0  0
 1  0      0 424052 130600 14819916    0    0     0     0 1063  920 10  3 86  0  0
 1  0      0 413504 130600 14830616    0    0     0     0 1257 1174 11  4 86  0  0
 2  0      0 386336 130600 14858764    0    0     0    56 1144  967 13  4 82  0  0
 8  0      0 330672 130604 14949436    0    0     0 30992 2402 1186 53 11 35  1  0
 4  4      0 157280 130592 15113172    0    0     0 92456 3995 1955 69 16  9  7  0
 2  0      0 546772 130600 14729124    0    0   552 312276 7356 5253 19  8 42 31  1
 2  0      0 487964 130600 14786004    0    0     0     0 1293  916 21  6 74  0  0
 2  0      0 439832 130604 14833924    0    0     0 66036 2033 1215 18  6 74  2  0
 3  0      0 364240 130604 14903568    0    0     0 16384 1469  956 22  7 71  1  0
 3  0      0 350096 130608 14909988    0    0     0 80584 2317 1310 22  7 70  2  0
procs -----------memory---------- ---swap-- -----io---- -system-- ------cpu-----
 r  b   swpd   free   buff  cache   si   so    bi    bo   in   cs us sy id wa st
 2  0      0 302720 130612 14957396    0    0     0 65972 1975 1168 19  5 74  2  0
 2  0      0 512572 130616 14748816    0    0     0 26364 2269 1113 19  7 73  1  0
 1  1      0 455284 130616 14804836    0    0     0  7048 1249  893 20  6 74  0  0
 3  0      0 412860 130616 14850132    0    0     0 58968 1903 1182 19  5 74  2  0
 3  0      0 341068 130616 14918744    0    0     0 65996 2005 1134 24  5 68  2  0
 2  0      0 344960 130620 14915668    0    0    60 31176 1711 1203 22  6 71  1  0
 2  0      0 296144 130620 14963524    0    0     0 65980 2069 1239 18  6 73  2  0
 1  0      0 529468 130628 14727072    0    0     0 25004 1362 1142 13  5 82  1  0
 1  0      0 517880 130628 14737988    0    0     0     0  966  880 11  3 86  0  0
 1  0      0 506540 130628 14748796    0    0     0     0  961  884 10  4 86  0  0
 1  0      0 531068 130628 14729908    0    0     0 31048 1540 1122 15  5 79  1  0
 1  0      0 519480 130628 14741416    0    0     0     0 1005  966 10  4 86  0  0
 1  0      0 508140 130628 14752376    0    0     0     0  988  886 10  4 86  0  0
 5  0      0 496800 130628 14763608    0    0     0     0  997  916 10  4 86  0  0
 1  0      0 485220 130628 14774404    0    0     0     0  978  882 10  4 86  0  0
 2  0      0 466320 130628 14792796    0    0     0    68 1082  923 13  3 84  0  0
 7  0      0 388032 130628 14871168    0    0     0 30968 2331 1182 45 11 43  1  0
 6  0      0 165064 130628 15091456    0    0     0 51896 2832 1089 69 17 12  2  0
 2  0      0 537904 130636 14714560    0    0   280 322284 6557 4201 22  7 42 29  0
 2  0      0 490048 130636 14766000    0    0     0     0 1273  892 20  6 74  0  0
 2  0      0 444436 130636 14812356    0    0     0 66072 1982 1150 18  6 74  2  0
procs -----------memory---------- ---swap-- -----io---- -system-- ------cpu-----
 r  b   swpd   free   buff  cache   si   so    bi    bo   in   cs us sy id wa st
 3  0      0 383200 130636 14876044    0    0     0     0 1329  948 23  5 71  0  0
 2  0      0 384064 130640 14872392    0    0     0 96932 2502 1542 22  6 67  5  0
 2  0      0 338300 130640 14916760    0    0     0     0 1252  915 20  6 73  0  0
 2  0      0 301580 130640 14952956    0    0     0 65992 1986 1238 18  7 73  2  0
 2  0      0 249460 130640 15004048    0    0     0   292 1317  935 20  6 74  0  0
 2  0      0 202164 130644 15051672    0    0     4 66140 2000 1247 19  6 73  2  0
 3  0      0 497016 130644 14756152    0    0     0 34508 2240 1059 19  7 73  1  0
 2  0      0 497436 130648 14775176    0    0     0 31072 2181 1103 27  8 64  1  0
 2  0      0 449084 130648 14822036    0    0     0 65964 1923 1243 19  5 74  2  0
 2  0      0 399720 130648 14871132    0    0     0 65980 1950 1205 19  5 74  2  0
 2  0      0 346560 130648 14924364    0    0     0     0 1256  910 21  5 74  0  0
 2  0      0 299024 130648 14971136    0    0    24 65992 2215 1352 21  6 71  2  0
 2  0      0 240596 130648 15027880    0    0     0     0 1319  970 21  6 74  0  0
 2  0      0 222288 130648 15040220    0    0     0 97000 2549 1536 25  6 66  3  0
 1  0      0 535708 130652 14720208    0    0  1930 26632 2318 2198 11  4 84  1  0
 1  0      0 525148 130652 14730956    0    0  1667     4 1713 1706 10  4 86  0  0
 1  0      0 512800 130652 14742140    0    0     0   160 1061  974 10  3 87  0  0
 1  0      0 501964 130652 14752792    0    0     0     0  993  878 11  3 86  0  0
 2  0      0 480324 130652 14773728    0    0    16     0 1191  990 13  4 84  0  0
 7  0      0 400748 130656 14858048    0    0     0 31124 2120 1124 48 10 41  1  0
 6  0      0 175844 130656 15073792    0    0     0 34548 2519  992 66 14 19  1  0
procs -----------memory---------- ---swap-- -----io---- -system-- ------cpu-----
 r  b   swpd   free   buff  cache   si   so    bi    bo   in   cs us sy id wa st
 0  5      0 164296 130656 15082672    0    0   236 289716 5549 3615 21  7 36 36  1
 2  0      0 499716 130660 14749580    0    0     0 32832 7520 1513 19  8 72  2  0
 2  0      0 453600 130660 14794772    0    0    48 28748 1396  984 19  6 74  1  0
 2  0      0 410788 130664 14836696    0    0     0 37380 1637 1068 19  5 74  1  0
 2  0      0 546044 130668 14713340    0    0     0 78420 2327 1439 25  7 65  2  0
 2  0      0 496656 130668 14761684    0    0     0     0 1261  931 19  7 74  0  0
 2  0      0 453848 130668 14803660    0    0     0 66032 1899 1183 19  5 74  2  0
 2  0      0 406476 130668 14849052    0    0     0     0 1289  928 21  5 74  0  0
 2  0      0 369712 130668 14885432    0    0     0 65980 1826 1134 19  5 73  3  0
 2  0      0 322084 130668 14932584    0    0     0     0 1230  866 21  6 74  0  0
 3  0      0 243852 130668 15001208    0    0     0 65996 2092 1261 24  7 67  2  0
 1  0      0 548552 130668 14698436    0    0     0 58616 1754 1306 14  6 78  2  0
 1  0      0 537296 130668 14709084    0    0     0     0  939  816 11  3 86  0  0
 1  0      0 526208 130668 14719464    0    0     0     0  957  881 10  3 86  0  0
 1  0      0 515120 130668 14730028    0    0     0     0  917  823 10  3 86  0  0
 1  0      0 503528 130668 14741008    0    0     0   400  984  860 10  3 86  0  0
 2  0      0 532296 130668 14721684    0    0     0 31132 1609 1095 16  4 79  1  0
 1  0      0 519476 130668 14733536    0    0     0     0  941  844 10  3 86  0  0
 1  0      0 507632 130668 14745244    0    0     0     0  957  813 10  3 86  0  0
 1  0      0 497048 130668 14755516    0    0     0     0  964  847 10  4 86  0  0
 1  0      0 486980 130668 14765800    0    0     0     8  969  857 11  3 86  0  0
procs -----------memory---------- ---swap-- -----io---- -system-- ------cpu-----
 r  b   swpd   free   buff  cache   si   so    bi    bo   in   cs us sy id wa st
 1  0      0 474700 130668 14775704    0    0     0    56 1131  942 11  3 86  0  0
 7  0      0 472308 130672 14775660    0    0     0 30992 1749 1077 26  6 65  1  0
 7  0      0 285560 130672 14970480    0    0     0     0 2252  857 74 12 11  0  2
 3  3      0 146960 130676 15105956    0    0     0 98428 2711 1397 65 13 16  5  1
 1  0      0 582592 130684 14674264    0    0     0 289060 5864 3915 13  5 44 37  0
 1  0      0 542560 130684 14714264    0    0     0     0 1014  863 11  3 86  0  0
 1  0      0 504004 130684 14752576    0    0     0 66076 1691 1189  9  2 86  2  0
 1  0      0 458140 130684 14798340    0    0     0 16600 1132  902 11  2 86  1  0
 1  0      0 417248 130684 14836956    0    0     0 49616 1522 1132  9  3 86  2  0
 1  0      0 387912 130684 14865952    0    0     0 57344 1552 1040  8  3 86  3  0
 1  0      0 349104 130684 14904576    0    0     0  8924 1131  948 11  2 86  0  0
 1  0      0 316928 130684 14936496    0    0     0 65980 1610 1143 10  2 86  2  0
 1  0      0 620516 130688 14633876    0    0     0 27460 1229 1022 10  3 86  1  0
 1  0      0 585140 130688 14668448    0    0     0     0  946  840 11  2 86  0  0
 2  0      0 554348 130692 14698292    0    0     0 66048 1613 1178  9  2 86  2  0
 1  0      0 515588 130692 14737260    0    0     0     0  949  853 11  2 86  0  0
 2  0      0 487616 130696 14764860    0    0     0 65980 1582 1158  9  2 86  2  0
 1  0      0 451832 130696 14801724    0    0     0     0  869  794 11  3 86  0  0
 1  0      0 423916 130696 14829464    0    0     0 65980 1658 1247  9  3 86  3  0
 2  0      0 390964 130696 14861872    0    0     0     4  891  814 11  2 86  0  0
 0  1      0 357952 130696 14895300    0    0     0 20488 1041  935 10  2 86  1  0
procs -----------memory---------- ---swap-- -----io---- -system-- ------cpu-----
 r  b   swpd   free   buff  cache   si   so    bi    bo   in   cs us sy id wa st
 1  0      0 328552 130696 14924524    0    0     0 45492 1357 1149 10  2 86  2  0
 1  0      0 506568 130704 14739664    0    0   252 53836 1472 1209  9  2 86  2  1
 4  0      0 553088 130704 14698752    0    0     0     0 1704  896 41  8 51  0  1
 3  1      0 427624 130704 14822188    0    0     0 40964 2100 1091 43  7 48  1  1
13  0      0 644080 130708 14606684    0    0     0 216664 3635 2576 20  6 57 16  0
12  0      0 424376 130708 14835412    0    0     0     0 2426 1085 86 12  1  0  1
13  0      0 186388 130708 15063224    0    0     0     0 2377 1086 84 14  1  0  1
12  0      0 152612 130708 15088736    0    0     0 66076 3351 1490 82 13  1  1  3
 2 10      0 169992 130708 15061244    0    0     4 283160 6598 3650 58 12  2 23  5
 5  7      0 150156 130712 15087360    0    0   228 326296 6468 4796 29  7 19 45  1
12  1      0 163512 130728 15092600    0    0     0 230636 4954 2705 64 13 11 10  2
10  0      0 146848 130736 15107040    0    0  1171 60032 3764 1835 84 12  0  0  3
 4  4      0 163048 130736 15086932    0    0  2162 205156 5265 3413 67 13  7 13  1
 1  0      0 1250008 130744 14002952    0    0     0 298776 5447 3860  7  7 53 33  1
13  0      0 1570260 130744 13685896    0    0     0     4 9637 1088 72 15 12  0  1
11  1      0 1333660 130744 13913804    0    0     0 32664 2834 1209 85 14  0  1  1
 4  3      0 1115708 130748 14125816    0    0     0 275640 4937 2428 74 15  3  8  0
 1  0      0 1605024 130772 13640104    0    0     0 325768 5890 4151  9  6 45 39  1
