procs -----------memory---------- ---swap-- -----io---- -system-- ------cpu-----
 r  b   swpd   free   buff  cache   si   so    bi    bo   in   cs us sy id wa st
 2  0      0 2927704 131616 12533588    0    0    26  1646  166  149 13  3 82  1  1
 1  0      0 2926876 131616 12533372    0    0     0     0 1058 1194  1  1 99  0  0
 1  0      0 2904004 131660 12543268    0    0     0  1452 2236 2108 11  4 85  1  0
 1  0      0 2882880 131660 12551696    0    0     0     0 1809 1582 13  5 82  0  1
 1  0      0 2861964 131660 12561304    0    0     0   200 1478 1206 11  4 85  0  0
 1  0      0 2846848 131660 12568480    0    0     0    32 1348 1152 10  5 85  0  0
 1  0      0 2834752 131660 12574588    0    0     0     0 1077  948 10  5 85  0  0
 1  0      0 2817364 131660 12583040    0    0     0    96 1069  927 10  4 85  0  0
 1  0      0 2801740 131660 12590776    0    0     0     0 1068  977 10  5 86  0  0
 2  0      0 2767720 131660 12615140    0    0     0     0 1145  944 13  6 82  0  0
 1  0      0 2861824 131664 12576428    0    0     0 30928 1731 1116 13  7 77  3  1
 1  0      0 2847716 131672 12583064    0    0     0    60 1082  941  9  6 86  0  0
 1  0      0 2832372 131672 12590712    0    0     0     0 1049  923 10  5 85  0  0
 1  0      0 2812484 131680 12600412    0    0     0   156 1113  990 11  3 86  0  0
 1  0      0 2794132 131680 12609112    0    0     0     0 1034  902 11  3 86  0  0
 1  0      0 2780532 131680 12615940    0    0     0     0 1131 1026 10  4 86  0  0
 1  0      0 2760208 131680 12623028    0    0  2214   192 2280 2310  9  5 84  0  1
 2  0      0 2740352 131680 12640400    0    0  1119     0 1706 1548 12  6 81  0  1
 1  0      0 2771972 131688 12606724    0    0     0 30948 1670 1090 14  7 77  2  0
 1  0      0 2762400 131688 12616172    0    0     0     0 1117  935 10  5 85  0  0
 1  0      0 2753108 131688 12625060    0    0     0     0 1142  958  9  5 86  0  0
procs -----------memory---------- ---swap-- -----io---- -system-- ------cpu-----
 r  b   swpd   free   buff  cache   si   so    bi    bo   in   cs us sy id wa st
 1  0      0 2744048 131688 12633908    0    0     0    56 1090  934 10  4 86  0  0
 1  0      0 2735512 131688 12642268    0    0     0     0 1113  965 10  5 86  0  0
 1  0      0 2726736 131688 12651044    0    0     0     0 1149  964 12  3 86  0  0
 1  0      0 2717160 131688 12659360    0    0     0     0 1133  939 10  4 86  0  1
 1  0      0 2731356 131700 12637880    0    0     0 31048 1639 1197 18  5 75  1  1
 1  0      0 2720776 131700 12647648    0    0     0     0 1104  950 11  3 86  0  0
 1  0      0 2711452 131700 12657304    0    0     0     0 1049  883 11  3 86  0  0
 1  0      0 2701876 131700 12666328    0    0     0     0 1117  978 10  3 86  0  0
 1  0      0 2691552 131700 12675796    0    0     0     0 1065  926 10  4 86  0  0
 1  0      0 2682256 131700 12685352    0    0     0    40 1027  950 11  3 86  0  0
 2  0      0 2657560 131700 12710164    0    0     0     0 1117  909 14  4 82  0  0
 2  0      0 2680384 131708 12690208    0    0     0 30964 1603 1146 19  6 73  2  0
 2  0      0 2634044 131708 12733652    0    0     0     0 1268  908 21  5 74  0  0
 2  0      0 2601596 131712 12769904    0    0     0 66020 1728 1175 18  6 73  3  0
 1  1      0 2553716 131712 12816616    0    0     0  6148 1316  922 20  6 74  0  0
 3  0      0 2668624 131724 12699688    0    0     0 41920 1403 1165 10  4 84  2  0
 1  0      0 2659048 131724 12709956    0    0     0   148 1055  902 11  3 86  0  0
 1  0      0 2688948 131728 12690440    0    0     0 30996 1643 1095 16  5 78  1  0
 1  0      0 2679136 131728 12701252    0    0     0     0 1055  901 11  3 86  0  0
 1  0      0 2667824 131728 12711544    0    0     0     0 1034  943 11  3 86  0  0
 2  0      0 2658508 131728 12721560    0    0     0   144 1120  901 10  4 86  0  0
procs -----------memory---------- ---swap-- -----io---- -system-- ------cpu-----
 r  b   swpd   free   buff  cache   si   so    bi    bo   in   cs us sy id wa st
 1  0      0 2647924 131728 12732204    0    0     0     0 1058  938 11  3 86  0  0
 1  0      0 2637868 131728 12742568    0    0     0   120 1094  943 10  3 86  0  0
 2  0      0 2651172 131748 12722104    0    0     0 30956 1729 1170 16  6 77  1  0
 1  0      0 2640136 131748 12732412    0    0     0     0 1042  911 10  3 86  0  0
 1  0      0 2630100 131748 12743228    0    0     0     0 1054  913 11  3 86  0  0
 1  0      0 2619028 131748 12754096    0    0     0     0 1011  895 10  3 86  0  0
 1  0      0 2608684 131748 12763972    0    0     0     0 1073  965 11  3 86  0  0
 1  0      0 2598100 131752 12774524    0    0     0   124 1085  921 10  3 86  0  0
 1  0      0 2617668 131764 12754796    0    0     0 30956 1689 1155 17  5 77  1  0
 1  0      0 2605328 131764 12765956    0    0     0     0 1024  886 11  3 86  0  0
 1  0      0 2594300 131764 12776472    0    0     0    32 1118  979 10  4 86  0  0
 1  0      0 2583744 131764 12786564    0    0     0     0 1045  916 11  3 86  0  0
 1  0      0 2574924 131764 12796076    0    0     0     0 1045  894 11  3 86  0  0
 1  0      0 2564592 131764 12806236    0    0     0    64 1051  901 11  3 86  0  0
 2  0      0 2601796 131772 12789804    0    0     0 30960 1673 1116 18  5 76  1  0
 2  0      0 2551204 131772 12840176    0    0     0     0 1320  930 20  6 74  0  0
 3  0      0 2509372 131772 12883256    0    0     0 65984 1971 1217 18  5 74  2  0
 3  0      0 2458216 131772 12932692    0    0     0     0 1293  901 21  6 74  0  0
 3  0      0 2418928 131772 12972592    0    0     0 66016 1898 1233 19  5 74  3  0
 3  0      0 2369792 131772 13021188    0    0     0     0 1269  911 20  6 74  0  0
 5  0      0 2298496 131772 13084036    0    0     0 66000 2142 1346 24  7 67  3  0
procs -----------memory---------- ---swap-- -----io---- -system-- ------cpu-----
 r  b   swpd   free   buff  cache   si   so    bi    bo   in   cs us sy id wa st
 3  0      0 2560116 131792 12810340    0    0     0 56776 1836 1292 16  6 76  2  0
 3  0      0 2549560 131792 12820908    0    0     0     0  948  848 11  3 86  0  0
 2  0      0 2539732 131792 12830248    0    0     0     0  997  875 10  3 86  0  0
 2  0      0 2529904 131792 12839968    0    0     0     0 1047  928 11  3 86  0  0
 2  0      0 2521084 131792 12849380    0    0     0    20  991  904 10  4 86  0  0
 3  0      0 2510248 131796 12862348    0    0     0   108 1074  940 11  3 85  0  0
 2  0      0 2541420 131800 12836876    0    0     0 30972 1502 1087 16  5 77  1  0
 2  0      0 2531368 131800 12846520    0    0     0     0 1068  948 10  4 86  0  0
 2  0      0 2522296 131800 12855608    0    0     0     0 1003  887 10  4 86  0  0
 2  0      0 2513224 131800 12864388    0    0     0     0  962  916 10  3 86  0  0
 2  0      0 2503652 131800 12873260    0    0     0   208  994  908 11  3 86  0  0
 3  0      0 2494076 131800 12882436    0    0     0    76  940  874 11  3 86  0  0
 3  0      0 2472936 131800 12904296    0    0     0     0 1036  845 13  4 83  0  0
 2  0      0 2499860 131816 12870804    0    0  1666 30960 2447 2128 14  5 79  1  0
 2  0      0 2487080 131816 12880296    0    0  1667     0 2058 1952 11  4 85  0  0
 2  0      0 2478292 131816 12889876    0    0     0     0 1010  933 11  3 86  0  0
 2  0      0 2467460 131816 12899380    0    0     0    32 1039  893 11  3 86  0  0
 4  0      0 2458144 131816 12908340    0    0     0     0 1083  943 11  3 86  0  0
 2  0      0 2449576 131816 12916832    0    0     0    52  997  909 11  3 86  0  0
 3  0      0 2419144 131816 12951612    0    0     0     0 1158  937 17  4 79  0  0
 4  0      0 2452052 131820 12930240    0    0     0 30984 1613 1103 19  6 73  2  0
procs -----------memory---------- ---swap-- -----io---- -system-- ------cpu-----
 r  b   swpd   free   buff  cache   si   so    bi    bo   in   cs us sy id wa st
 3  0      0 2402156 131820 12978664    0    0     0    28 1312  928 20  6 74  0  0
 4  0      0 2359584 131824 13021192    0    0     0 66004 1950 1193 19  4 74  2  0
 2  1      0 2309972 131824 13069392    0    0     0 40952 1712 1024 19  6 74  1  0
 3  0      0 2267132 131832 13114032    0    0     0 25080 1594 1065 19  7 73  1  0
 3  0      0 2224840 131836 13154324    0    0     0 65984 1975 1201 19  5 74  2  0
 4  0      0 2204804 131844 13171324    0    0     0 30996 2016 1164 27  8 65  1  0
 3  0      0 2158216 131844 13217252    0    0     0 65992 1953 1164 19  6 74  2  0
 4  0      0 2109088 131844 13265124    0    0     0     0 1248  884 21  5 74  0  0
 2  0      0 2428252 131852 12942856    0    0     0 65908 1904 1387 17  6 76  2  0
 3  0      0 2416916 131852 12953136    0    0     0     0 1030  915 10  4 86  0  0
 3  0      0 2406872 131852 12963432    0    0     0   144 1128  915 11  3 86  0  0
 3  0      0 2435268 131860 12942932    0    0     0 30976 1576 1094 16  4 78  1  0
 3  0      0 2423932 131860 12953252    0    0     0     0 1096  932 10  4 86  0  0
 3  0      0 2413628 131860 12963944    0    0     0    72 1063  912 10  4 86  0  0
 3  0      0 2403800 131860 12973628    0    0     0     0 1051  894 11  3 86  0  0
 3  0      0 2395244 131860 12982468    0    0     0    24  990  868 10  3 86  0  0
 3  0      0 2385656 131860 12992368    0    0     0    64 1037  925 11  3 86  0  0
 5  0      0 2355668 131860 13022484    0    0     0     0 1111  907 15  4 81  0  0
 4  0      0 2390032 131876 12981476    0    0     0 30960 1452 1102 13  4 81  1  0
 4  0      0 2380240 131876 12991356    0    0     0     0 1049  939 11  3 86  0  0
 4  0      0 2365908 131876 13001524    0    0     0     4 1455 1301 14  4 82  0  0
procs -----------memory---------- ---swap-- -----io---- -system-- ------cpu-----
 r  b   swpd   free   buff  cache   si   so    bi    bo   in   cs us sy id wa st
 5  0      0 2355828 131876 13011260    0    0     0     0 1078  999 10  3 86  0  0
 5  0      0 2346000 131876 13020988    0    0     0    32 1038  937 11  3 86  0  0
 4  0      0 2336680 131876 13033468    0    0     0    56 1009  890 12  3 85  0  0
 4  0      0 2358720 131880 13021720    0    0     0 30964 1657 1147 20  5 74  1  0
 9  1      0 2308860 131880 13069956    0    0     0 46128 1789 1229 21  5 72  1  0
 4  0      0 2253204 131888 13124660    0    0     0  2924 1509 1092 22  6 72  0  0
 4  0      0 2210624 131892 13167596    0    0     0 48908 1780 1152 19  5 74  2  0
 5  0      0 2178420 131892 13199188    0    0     0    64 1388  990 18  8 73  0  1
 4  0      0 2139140 131892 13237296    0    0     0     0 1309  921 20  7 73  0  1
 3  0      0 2320776 131896 13056604    0    0     0 88564 2205 1327 12  7 75  5  1
 6  0      0 2285532 131896 13093904    0    0     0     0 1338  953 17  8 75  0  0
 3  0      0 2337596 131908 13038252    0    0     0 31004 1524 1092  9  6 82  3  0
 2  0      0 2330040 131908 13045508    0    0     0     0 1028  893  9  5 85  0  0
 2  0      0 2323492 131908 13051880    0    0     0     0 1095  914  9  5 85  0  1
 3  0      0 2315680 131908 13058904    0    0     0   108 1091  921 10  4 86  0  0
 1  0      0 2306356 131908 13068760    0    0     0     0 1024  962 11  3 86  0  0
 3  0      0 2295272 131912 13078800    0    0     0    76 1051  944 11  3 86  0  0
 1  0      0 2285700 131912 13088532    0    0     0     0 1059  959 10  3 86  0  0
 1  0      0 2303272 131912 13069224    0    0     0 30960 1569 1131 16  5 78  1  0
 1  0      0 2290100 131912 13081352    0    0     0     0 1060  968 10  3 86  0  0
 1  0      0 2277500 131912 13093160    0    0     0     0 1060  966 10  4 87  0  0
procs -----------memory---------- ---swap-- -----io---- -system-- ------cpu-----
 r  b   swpd   free   buff  cache   si   so    bi    bo   in   cs us sy id wa st
 1  0      0 2267704 131912 13103988    0    0     0    32 1085  974 10  3 86  0  0
 2  0      0 2256620 131912 13114908    0    0     0     0  981  900 10  3 86  0  0
 2  0      0 2235704 131912 13137124    0    0     0    56 1139  970 13  4 83  0  0
 2  0      0 2274352 131912 13104108    0    0     0 30940 1558 1133 13  5 80  1  0
 1  0      0 2264524 131912 13114776    0    0     0    12 1084  921 10  4 86  0  0
 1  0      0 2254192 131912 13125436    0    0     0     0 1040  894 11  3 86  0  0
 1  0      0 2243356 131912 13135816    0    0     0     0 1053  971 10  4 86  0  0
 1  0      0 2233280 131912 13146028    0    0     0     8 1084  972 11  3 86  0  0
 2  0      0 2212364 131912 13166156    0    0     0    56 1127  945 13  4 84  0  0
 2  0      0 2213496 131916 13155372    0    0     0 31000 1602 1153 20  5 74  1  0
 5  0      0 2166384 131916 13201492    0    0   547 48192 2145 1588 19  5 73  2  0
 2  0      0 2105504 131916 13254060    0    0  2786 12216 2809 2605 21  6 72  1  0
 2  0      0 2058900 131916 13300280    0    0     0 35944 1502 1142 20  5 74  2  0
 2  0      0 2012592 131920 13346768    0    0     0 48052 1848 1176 20  5 74  2  0
 2  0      0 1964976 131920 13394572    0    0     0 48172 1781 1266 19  6 74  2  0
 3  0      0 1906808 131920 13460320    0    0     0 31020 1906 1132 27  9 61  2  1
 2  0      0 1922592 131920 13451088    0    0     0     0 1295  947 21  5 74  0  0
 1  1      0 1879512 131920 13491776    0    0     0 106116 2085 1278 17  5 73  4  0
 1  0      0 2183284 131928 13184500    0    0     0  4104 1206 1064 11  4 85  0  0
 2  0      0 2172700 131928 13194648    0    0     0   144 1082  939 11  3 86  0  0
 1  0      0 2162872 131928 13204392    0    0     0     0  997  907 11  3 86  0  0
procs -----------memory---------- ---swap-- -----io---- -system-- ------cpu-----
 r  b   swpd   free   buff  cache   si   so    bi    bo   in   cs us sy id wa st
 3  0      0 2124096 131928 13241376    0    0     0     0 1143  875 16  4 80  0  0
 1  0      0 2167528 131944 13193916    0    0     0 30964 1454 1127 12  3 84  1  0
 1  0      0 2156944 131944 13204112    0    0     0     0 1044  907 10  3 86  0  0
 1  0      0 2147368 131944 13214252    0    0     0     0 1095  923 10  4 86  0  0
 1  0      0 2136532 131944 13224584    0    0     0     0 1054  910 11  3 86  0  0
 1  0      0 2126456 131944 13234716    0    0     0     4 1023  950 11  3 86  0  0
 2  0      0 2094984 131944 13266984    0    0     0   108 1160  920 15  4 81  0  0
 1  0      0 2143716 131944 13225328    0    0     0 30956 1484 1111 12  4 83  1  0
 1  0      0 2131876 131944 13236556    0    0     0     0 1052  894 10  3 86  0  0
 1  0      0 2121580 131944 13246620    0    0     0     0 1069  958 11  3 86  0  0
 1  0      0 2110996 131944 13256864    0    0     0     0 1088  932  9  5 86  0  0
 1  0      0 2100916 131944 13267160    0    0     0     0 1070  933 10  4 86  0  0
 2  0      0 2067176 131944 13299728    0    0     0    96 1241  940 15  4 81  0  0
 2  0      0 2079616 131948 13287144    0    0     0 30960 1756 1212 19  6 74  1  0
 1  1      0 2024932 131948 13340504    0    0     0 15360 1439 1019 20  5 74  1  0
 2  0      0 1976128 131948 13389964    0    0     0 55616 1918 1168 19  5 74  2  0
 3  0      0 1928292 131952 13437192    0    0     0 70964 2089 1238 19  5 73  2  0
 2  0      0 1877436 131952 13487544    0    0     0     0 1325  953 21  5 74  0  1
 3  0      0 1816980 131956 13548196    0    0     0 70836 2037 1320 22  6 69  2  0
 2  0      0 1821184 131960 13550432    0    0     0 31016 1693 1201 24  6 69  1  0
 2  0      0 1779364 131984 13592076    0    0     0 70816 1719 1226 18  5 73  3  0
procs -----------memory---------- ---swap-- -----io---- -system-- ------cpu-----
 r  b   swpd   free   buff  cache   si   so    bi    bo   in   cs us sy id wa st
 2  0      0 2055012 131984 13316668    0    0     0 24536 1566 1133 20  6 74  1  0
 2  0      0 2004864 131984 13367836    0    0     0    40 1301  930 22  4 74  0  0
 2  0      0 1958500 131984 13413156    0    0     0 66060 1935 1199 19  5 74  2  0
 2  0      0 1910148 131984 13461520    0    0     0 59376 1765 1119 20  5 73  2  0
 1  0      0 2069888 131992 13297004    0    0     0 30944 1556 1108 16  4 78  1  0
 1  0      0 2058076 131992 13307412    0    0     0    24 1105  946 10  4 86  0  0
 1  0      0 2047996 131992 13317068    0    0     0     0 1071  945 10  3 86  0  0
 1  0      0 2037664 131992 13327536    0    0     0     0 1004  895 10  4 86  0  0
 1  0      0 2027336 131992 13336996    0    0     0     0 1050  925 10  3 86  0  0
 1  0      0 2016256 131992 13347548    0    0     0   160 1082  915 10  3 86  0  0
 1  0      0 2040540 131996 13328104    0    0     0 30960 1597 1087 16  5 78  1  0
 1  0      0 2028196 131996 13339956    0    0     0     0 1047  908 10  3 86  0  0
 1  0      0 2016856 131996 13351248    0    0     0     0 1052  892 10  4 87  0  0
 1  0      0 2006048 131996 13362380    0    0     0     0 1134  974 10  4 86  0  0
 1  0      0 1994460 131996 13373336    0    0     0    80 1232 1112 10  4 86  0  0
 2  0      0 1958456 132000 13408412    0    0     0    64 1206  935 15  4 81  0  0
 2  0      0 1963616 132004 13398492    0    0     0 30944 1732 1130 20  6 73  1  0
 2  0      0 1910192 132004 13451656    0    0     0     0 1334  920 20  6 74  0  0
 2  0      0 1854764 132004 13504812    0    0     0 17408 1523 1029 19  6 74  1  0
 3  0      0 1809908 132016 13553784    0    0     0 99932 2499 1303 18  5 74  3  0
 2  0      0 1748180 132016 13613876    0    0     0    20 1343  932 20  6 74  0  0
procs -----------memory---------- ---swap-- -----io---- -system-- ------cpu-----
 r  b   swpd   free   buff  cache   si   so    bi    bo   in   cs us sy id wa st
 3  0      0 1672132 132020 13691580    0    0     0 92712 2496 1389 25  6 67  2  0
 2  0      0 1683880 132024 13683920    0    0     0 31040 1725 1202 21  6 72  1  0
 2  0      0 1640044 132028 13729428    0    0     0 92804 2279 1490 18  5 74  3  0
 2  0      0 1958888 132040 13408864    0    0     0 48188 1956 1314 19  6 74  1  0
 2  0      0 1900572 132040 13466316    0    0     0     0 1285  923 21  5 74  0  0
 2  0      0 1852696 132044 13514120    0    0     0 66096 1942 1223 19  5 74  3  0
 2  0      0 1822068 132052 13539008    0    0     0 30976 1833 1095 27  7 66  1  0
 1  0      0 1948260 132064 13405620    0    0     0 77508 2067 1310 14  5 79  2  0
 3  0      0 1935708 132064 13416772    0    0  1718     0 2226 2214 11  4 85  0  0
 1  0      0 1921140 132064 13427684    0    0  1615     0 1710 1610 10  4 86  0  0
 1  0      0 1910560 132064 13438156    0    0     0    24 1032  882 11  3 86  0  0
 2  0      0 1900256 132064 13448872    0    0     0     0 1006  901 10  4 86  0  0
 1  0      0 1927592 132068 13429428    0    0    36 31028 1594 1115 16  4 79  1  0
 2  0      0 1916256 132068 13440468    0    0     0     0  987  915 10  4 86  0  0
 1  0      0 1905676 132068 13451620    0    0     0     0  996  862 11  3 86  0  0
 1  0      0 1894648 132068 13462404    0    0     0     0 1006  910 11  3 86  0  0
 1  0      0 1884880 132068 13472732    0    0     0     0 1001  882 10  3 86  0  0
 2  0      0 1862264 132072 13497152    0    0     0   232 1173  955 14  3 83  0  0
 2  0      0 1872432 132088 13486732    0    0     0 30964 1715 1139 19  6 74  1  0
 2  0      0 1818284 132088 13539932    0    0     0 48268 1851 1185 20  5 74  1  0
 2  0      0 1760588 132088 13597912    0    0     0     0 1324  912 21  5 74  0  0
procs -----------memory---------- ---swap-- -----io---- -system-- ------cpu-----
 r  b   swpd   free   buff  cache   si   so    bi    bo   in   cs us sy id wa st
 2  0      0 1705928 132088 13650792    0    0     0     0 1307  912 21  5 74  0  0
 2  0      0 1677212 132092 13682548    0    0     0 114172 2352 1446 16  7 73  4  0
 2  0      0 1625816 132092 13733048    0    0     0    44 1252  918 21  5 74  0  0
 2  0      0 1611060 132100 13754096    0    0     0 31032 1728 1143 27  7 64  2  0
 2  0      0 1571024 132104 13796132    0    0     0 113812 2393 1431 18  6 73  3  0
 2  0      0 1514168 132104 13852400    0    0     0     0 1262  871 21  5 74  0  0
 1  1      0 1461512 132104 13902852    0    0     0 57344 1732 1118 19  5 74  2  0
 2  0      0 1812128 132108 13554004    0    0     0 37668 1584 1132 20  5 74  2  0
 1  1      0 1766064 132108 13599036    0    0     0 44104 1568 1086 19  6 73  2  0
 2  0      0 1744300 132112 13615764    0    0     0 52960 2056 1171 26  7 65  1  0
 2  0      0 1701236 132116 13658192    0    0     0 65976 1613 1129 18  6 74  3  0
 1  0      0 1844180 132124 13511752    0    0     0 29252 1440 1077 17  5 76  1  0
 1  0      0 1833620 132124 13521836    0    0     0     0 1204  989 11  3 86  0  0
 1  0      0 1824548 132124 13530996    0    0     0     0 1080  930 11  3 86  0  0
 1  0      0 1814752 132124 13540472    0    0     0    52 1096  942 11  3 86  0  0
 3  0      0 1778216 132124 13577420    0    0     0     0 1159  874 16  4 80  0  0
 1  0      0 1822904 132128 13530816    0    0     0 31008 1552 1176 11  4 84  1  0
 1  0      0 1811096 132128 13542312    0    0     0   252 1105  902 11  3 86  0  0
 1  0      0 1799004 132128 13553636    0    0     0     0 1052  952 10  3 86  0  0
 1  0      0 1787664 132128 13564976    0    0     0     0 1005  878 11  3 86  0  0
 1  0      0 1776324 132128 13576076    0    0     0     0  997  901 10  3 86  0  0
procs -----------memory---------- ---swap-- -----io---- -system-- ------cpu-----
 r  b   swpd   free   buff  cache   si   so    bi    bo   in   cs us sy id wa st
 2  0      0 1793556 132136 13570932    0    0     0 31184 1764 1184 19  5 75  1  0
 2  0      0 1732604 132136 13630768    0    0     0     8 1285  925 21  5 74  0  0
 2  0      0 1681728 132136 13681048    0    0     0 71188 2380 1309 20  5 73  2  0
 3  0      0 1624548 132136 13737552    0    0     0     0 1332  963 20  6 74  0  0
 2  0      0 1565844 132136 13794188    0    0     0     0 1270  866 21  5 74  0  0
 3  0      0 1521000 132140 13844520    0    0     0 131972 2776 1583 18  6 72  4  0
 2  0      0 1498348 132140 13859732    0    0     0 79968 2326 1360 24  7 67  2  0
 2  0      0 1437736 132140 13920052    0    0     0     0 1335  934 20  6 74  0  0
 2  0      0 1377788 132140 13977340    0    0     0   280 1356  904 21  5 74  0  0
 2  0      0 1737708 132152 13620736    0    0     0 118748 2171 1475 16  6 74  4  0
 3  0      0 1684536 132152 13673628    0    0     0     0 1273  879 22  5 74  0  0
 3  0      0 1629128 132152 13730712    0    0     0 66152 1996 1216 23  6 70  2  0
 2  0      0 1629252 132160 13734788    0    0     0 31024 1661 1064 24  6 68  1  0
 2  0      0 1584960 132164 13778652    0    0     0 66028 1909 1191 19  6 74  2  0
 2  0      0 1534344 132164 13830004    0    0     0     0 1229  860 21  5 74  0  0
 2  0      0 1493360 132164 13870920    0    0     0 65980 1732 1198 19  5 73  3  0
 1  1      0 1443024 132164 13922112    0    0     0 16384 1400  917 19  6 74  1  0
 1  0      0 1729136 132176 13628156    0    0     0 59088 1912 1446 13  4 81  2  0
 1  0      0 1747396 132176 13607392    0    0     0 31056 1533 1112 16  5 78  1  0
 1  0      0 1734552 132176 13619220    0    0     0     0  974  876 10  3 86  0  0
 1  0      0 1722456 132176 13630860    0    0     0     0  937  860 10  4 86  0  0
procs -----------memory---------- ---swap-- -----io---- -system-- ------cpu-----
 r  b   swpd   free   buff  cache   si   so    bi    bo   in   cs us sy id wa st
 1  0      0 1710616 132176 13641856    0    0     0     0  959  882 11  3 86  0  0
 1  0      0 1700040 132176 13652952    0    0     0     0  945  876 10  3 86  0  0
 2  0      0 1673836 132176 13680392    0    0     0   176 1092  916 14  4 82  0  0
 2  0      0 1693580 132188 13669808    0    0     0 30976 1531 1113 20  6 74  1  0
 2  0      0 1646504 132188 13716728    0    0     0 49088 1699 1145 19  5 74  2  0
 2  0      0 1591848 132188 13766924    0    0  1666 44032 2548 2055 19  6 73  1  0
 2  0      0 1538476 132188 13820192    0    0  1667    36 2217 1999 21  6 73  0  0
 2  0      0 1485452 132188 13874052    0    0     0     0 1201  853 20  6 74  0  0
 2  1      0 1433344 132188 13926468    0    0     0 32612 1691 1177 21  6 72  1  1
 2  0      0 1422404 132200 13937080    0    0     0 130376 2921 1795 23  7 66  4  0
 1  1      0 1373720 132200 13985240    0    0     0 48876 1619 1103 18  6 74  1  0
 2  0      0 1323600 132200 14035068    0    0     0 21176 1521 1067 20  6 74  1  0
 1  1      0 1281804 132204 14076932    0    0     0 68112 1941 1202 18  5 73  2  1
 2  0      0 1628092 132216 13730864    0    0     0  2260 1484 1141 20  6 74  0  0
 2  0      0 1586260 132216 13773968    0    0     0    60 1332  954 21  5 74  0  1
 3  0      0 1521816 132220 13842068    0    0     0 66052 2048 1202 25  6 66  2  0
 2  0      0 1545140 132220 13824580    0    0     0 64884 1884 1243 20  6 72  2  0
 2  0      0 1647528 132232 13723172    0    0     0 24564 1480 1076 20  5 74  1  0
 2  0      0 1603212 132232 13766964    0    0     0     0 1212  866 21  5 74  0  0
 2  0      0 1562672 132236 13806328    0    0     0 66008 1870 1172 18  5 74  3  0
 1  0      0 1652992 132248 13711404    0    0     0 26144 1374 1156 11  4 85  1  0
procs -----------memory---------- ---swap-- -----io---- -system-- ------cpu-----
 r  b   swpd   free   buff  cache   si   so    bi    bo   in   cs us sy id wa st
 1  0      0 1641652 132248 13721132    0    0     0     0 1025  896 10  4 86  0  0
 1  0      0 1658624 132248 13700928    0    0     0 31020 1573 1113 16  5 78  1  0
 2  0      0 1639000 132248 13712312    0    0     0     0 1265 1025 13  4 83  0  0
 1  0      0 1616640 132248 13722252    0    0     0   104 4110 2579 19  7 74  0  0
 1  0      0 1607044 132248 13731864    0    0     0     0 1252 1159 11  4 86  0  0
 1  0      0 1597468 132248 13741168    0    0     0     0 1081  980 11  3 86  0  0
 1  0      0 1587928 132248 13751108    0    0     0   100 1332 1195 11  3 86  0  0
 2  0      0 1617236 132260 13730360    0    0     0 31008 1698 1405 19  4 75  2  0
 2  0      0 1574408 132260 13776232    0    0     0     0 1508 1154 25  6 70  0  0
 2  0      0 1538180 132260 13813360    0    0     0 60216 1823 1236 19  5 73  3  0
 2  0      0 1489292 132260 13862000    0    0     0     0 1319  920 21  5 74  0  0
 2  0      0 1445248 132260 13904824    0    0     0 69748 1917 1204 19  5 74  3  0
 2  0      0 1392340 132260 13957484    0    0     0     0 1313  902 21  5 74  0  0
 3  0      0 1335392 132260 14016328    0    0     0    52 1421  983 24  5 70  0  0
 3  0      0 1329976 132272 14013232    0    0     0 141752 2795 1627 23  6 67  4  0
 2  0      0 1282556 132272 14063024    0    0     0    12 1261  892 21  5 74  0  0
 2  0      0 1238980 132276 14106556    0    0     0 50104 1859 1176 19  6 73  2  0
 1  1      0 1195928 132276 14149556    0    0     0 53636 1736 1194 19  5 73  2  0
 2  0      0 1542960 132276 13804924    0    0     0 20424 1451 1048 19  6 74  1  0
 2  0      0 1497348 132276 13850744    0    0     0    48 1307  974 22  4 74  0  0
 2  1      0 1430316 132284 13918844    0    0     0 80412 2132 1255 25  7 65  3  0
procs -----------memory---------- ---swap-- -----io---- -system-- ------cpu-----
 r  b   swpd   free   buff  cache   si   so    bi    bo   in   cs us sy id wa st
 2  0      0 1451628 132296 13901448    0    0     0 16724 1526 1093 20  6 73  1  0
 2  0      0 1414616 132300 13938804    0    0     0 65996 1996 1226 18  6 74  3  0
 2  0      0 1366552 132300 13986484    0    0     0     0 1294  932 21  6 74  0  0
 1  0      0 1548216 132300 13797976    0    0     0 52940 1734 1189 14  5 79  2  0
 1  0      0 1538416 132300 13807636    0    0     0   128 1009  889 10  4 86  0  0
 2  0      0 1526328 132300 13818916    0    0     0     0 1031  898 10  4 86  0  0
 1  0      0 1542572 132304 13796648    0    0    20 31028 1616 1207 15  5 78  1  0
 1  0      0 1530504 132304 13808268    0    0     0     0 1028  899 10  4 86  0  0
 1  0      0 1519416 132304 13818664    0    0     0     0 1127 1066 11  3 86  0  0
 1  0      0 1508580 132304 13829408    0    0     0     0 1101  955 10  4 86  0  0
 1  0      0 1498512 132304 13839428    0    0     0    64 1070  975 10  3 86  0  0
 2  0      0 1481392 132308 13857604    0    0     0   132 1112  948 12  3 84  0  0
 2  0      0 1501164 132316 13850264    0    0     0 30992 1718 1309 19  7 73  1  0
 2  0      0 1443484 132316 13907212    0    0     0    60 1273  896 20  6 74  0  0
 2  0      0 1402676 132316 13948136    0    0     0 71076 1964 1341 18  6 74  3  0
 2  0      0 1352488 132324 13997828    0    0     0 60840 1992 1200 19  5 74  2  0
 5  0      0 1301884 132324 14048996    0    0     0     0 1332  972 21  5 74  0  1
 2  0      0 1256316 132332 14093352    0    0     0 53680 1881 1191 19  5 74  2  0
 2  0      0 1234772 132336 14111352    0    0     0 31004 1900 1210 28  7 64  1  0
 2  0      0 1199940 132336 14147704    0    0     0 73028 2035 1233 19  5 73  2  1
 1  1      0 1151584 132336 14194480    0    0     0  3752 1323  940 21  5 73  0  1
procs -----------memory---------- ---swap-- -----io---- -system-- ------cpu-----
 r  b   swpd   free   buff  cache   si   so    bi    bo   in   cs us sy id wa st
 2  0      0 1111024 132336 14234164    0    0     0 48936 1677 1132 19  5 74  2  0
 2  0      0 1453640 132344 13884748    0    0     0 56564 1923 1326 18  6 73  3  0
 2  0      0 1414492 132344 13921340    0    0  1666     0 2034 1806 20  7 72  0  1
 1  1      0 1364416 132344 13966912    0    0  1667 11304 2325 2016 21  5 73  1  0
 3  0      0 1358732 132356 13974812    0    0     0 85768 2432 1359 25  7 65  3  0
 2  0      0 1454788 132364 13878436    0    0    28 53020 1960 1215 18  7 73  2  0
 2  0      0 1410688 132364 13922576    0    0     0     0 1292  908 21  5 74  0  0
 2  0      0 1368100 132372 13964604    0    0     0 66104 1968 1254 19  5 73  2  0
 2  0      0 1323248 132372 14008764    0    0     0     0 1303  990 21  5 73  0  0
 1  1      0 1290500 132372 14041584    0    0     0 48856 1683 1153 18  5 73  3  1
 3  0      0 1252220 132372 14081240    0    0     0 17144 1476 1065 21  5 73  1  0
 2  0      0 1246760 132376 14094596    0    0     0 31012 1900 1323 27  7 64  1  0
 2  0      0 1206484 132376 14133472    0    0    36 66048 1916 1196 18  6 74  2  1
 1  0      0 1445864 132392 13890796    0    0     0 30052 1517 1200 11  4 84  1  0
 1  0      0 1436288 132392 13900484    0    0     0     4 1041  899 10  4 86  0  0
 1  0      0 1426712 132392 13909868    0    0     0     0 1100  957 11  3 86  0  0
 1  0      0 1417640 132392 13919204    0    0     0     0 1034  885 11  3 86  0  0
 2  0      0 1381436 132392 13953988    0    0     0    24 1226 1023 15  5 80  0  0
 2  0      0 1398444 132408 13935384    0    0     0 31184 1715 1198 20  5 73  2  0
 2  0      0 1347824 132408 13984996    0    0     0     0 1307  963 20  6 74  0  0
 2  0      0 1307504 132416 14025576    0    0     0 93172 2260 1315 19  5 73  3  0
procs -----------memory---------- ---swap-- -----io---- -system-- ------cpu-----
 r  b   swpd   free   buff  cache   si   so    bi    bo   in   cs us sy id wa st
 2  0      0 1255760 132416 14077228    0    0     0     0 1256  949 20  6 74  0  0
 2  0      0 1213172 132416 14121152    0    0     0 46828 1802 1176 19  5 74  2  0
 3  0      0 1160276 132416 14175960    0    0     0     0 1318  941 22  5 73  0  0
 2  0      0 1159456 132420 14174912    0    0     0 120432 2833 1735 22  7 63  7  1
 2  0      0 1112612 132420 14221332    0    0     0    28 1337  967 21  5 74  0  0
 2  0      0 1071772 132428 14262124    0    0     0 69096 1875 1229 19  5 74  3  0
 1  1      0 1024408 132428 14309600    0    0    24  8192 1284  960 21  5 74  0  0
 2  0      0 1341004 132444 13992272    0    0     0 31312 1706 1199 19  6 74  1  0
 2  0      0 1294412 132444 14038340    0    0     0     0 1247  940 21  5 74  0  0
 3  0      0 1239504 132444 14094452    0    0    20 66048 1993 1265 23  6 68  3  0
 4  0      0 1382932 132456 13963588    0    0     0 63464 2125 1415 21  6 68  5  0
 2  0      0 1336848 132456 14010072    0    0     0   120 1226  866 21  5 74  0  0
 2  0      0 1303084 132456 14043556    0    0     0 65996 1812 1204 17  6 73  4  0
 2  0      0 1259356 132456 14087484    0    0     0     0 1252  906 20  6 74  0  0
 2  0      0 1221808 132456 14125052    0    0     0 66004 1936 1302 18  6 74  2  0
 1  1      0 1174948 132456 14172368    0    0     0  8192 1306  902 21  5 74  0  0
 2  0      0 1343760 132472 13999972    0    0     0 37992 1659 1198 16  4 77  2  1
 1  0      0 1384484 132484 13954692    0    0     0 31100 1468 1129 12  4 83  1  0
 1  0      0 1373680 132484 13964996    0    0     0     0 1052  910 10  3 86  0  0
 2  0      0 1364132 132484 13974592    0    0     0     0 1002  850 10  3 86  0  0
 1  0      0 1354808 132484 13983860    0    0     0     0 1048  923 10  4 86  0  0
procs -----------memory---------- ---swap-- -----io---- -system-- ------cpu-----
 r  b   swpd   free   buff  cache   si   so    bi    bo   in   cs us sy id wa st
 1  0      0 1345232 132484 13992820    0    0     0    12 1045  915 11  3 86  0  0
 1  0      0 1336412 132484 14001708    0    0     0    60 1052  924 11  3 86  0  0
 2  0      0 1352416 132488 13986420    0    0     0 30992 1622 1149 19  5 74  2  0
 2  0      0 1302048 132488 14035484    0    0     0     0 1290  925 20  6 74  0  0
 2  0      0 1258972 132488 14078524    0    0     0 57040 1902 1226 18  6 74  2  0
 2  0      0 1211316 132488 14126824    0    0     0     4 1304  961 21  5 74  0  0
 2  0      0 1171032 132492 14166100    0    0     0 67552 1958 1171 19  5 74  2  1
 2  0      0 1124944 132492 14212088    0    0     0     0 1287  909 21  5 74  0  0
 3  0      0 1069768 132492 14268776    0    0     0 68644 2116 1200 22  6 70  3  0
 2  0      0 1080480 132492 14265268    0    0     0 31052 1790 1168 25  7 68  1  0
 2  0      0 1039644 132492 14305036    0    0     0 76884 2078 1255 17  6 74  3  0
 2  0      0 989756 132492 14353712    0    0     0     0 1300  917 21  5 74  0  0
 2  0      0 1303808 132504 14036980    0    0     0 66704 2093 1368 18  6 74  3  0
 2  0      0 1258992 132508 14083580    0    0     0   248 1302  941 20  6 74  0  0
 2  0      0 1220436 132508 14121800    0    0     0 65980 1919 1160 19  5 74  3  0
 2  1      0 1134288 132508 14203524    0    0     0 30908 1771 1012 28  6 65  1  0
 1  1      0 1151364 132516 14185144    0    0     0 72180 2185 1430 18  6 73  2  0
 2  0      0 1282056 132528 14053104    0    0     0 13580 1657 1211 19  7 74  1  0
 2  0      0 1228408 132528 14106380    0    0     0     0 1284  916 20  6 74  0  0
 2  0      0 1186964 132528 14147792    0    0     0 65996 2049 1193 19  5 74  2  0
 2  1      0 1140100 132528 14195172    0    0     0 32644 1633 1156 20  5 74  1  0
procs -----------memory---------- ---swap-- -----io---- -system-- ------cpu-----
 r  b   swpd   free   buff  cache   si   so    bi    bo   in   cs us sy id wa st
 3  0      0 1072348 132528 14259276    0    0  2214 33416 2918 2542 25  7 67  1  0
 1  1      0 1086864 132532 14250168    0    0  1119 63796 2494 1764 21  7 69  2  0
 2  0      0 1048440 132536 14287780    0    0     0 33256 1614 1104 20  5 73  1  0
 2  0      0 1003584 132536 14333064    0    0     0     0 1215  877 21  5 74  0  0
 1  0      0 1284188 132548 14046852    0    0     0 78980 1749 1423 15  5 75  5  0
 1  0      0 1275412 132548 14055004    0    0     0    72 1045  885 11  3 85  0  0
 1  0      0 1265836 132548 14064068    0    0     0     0 1054  907 10  4 86  0  0
 1  1      0 1221240 132548 14105936    0    0     0  2084 1266  933 17  4 78  0  0
 3  0      0 1245560 132560 14082204    0    0     0 28972 1575 1129 19  6 73  2  0
 2  0      0 1195412 132560 14132412    0    0     0     0 1297  888 20  6 74  0  0
 2  0      0 1159884 132572 14167316    0    0     0 76276 1645 1216 17  5 74  4  0
 2  0      0 1115280 132572 14211656    0    0     0     0 1261  906 21  5 74  0  0
 2  0      0 1080768 132576 14246796    0    0     0 62192 1620 1251 18  5 74  4  0
 1  1      0 1037940 132576 14290416    0    0     0 32620 1364  954 21  4 73  2  0
 4  0      0 966624 132588 14363296    0    0     0 48240 1973 1386 27  6 65  2  0
 1  1      0 991160 132604 14343020    0    0     0 62448 1677 1203 18  6 73  3  0
 2  0      0 945180 132608 14389108    0    0     0    80 1349 1013 21  5 74  0  0
 2  0      0 1226256 132616 14107712    0    0     0 51368 1874 1265 18  6 73  2  0
 2  0      0 1182944 132616 14151268    0    0     0     0 1285  928 22  5 73  0  0
 2  0      0 1142876 132620 14190284    0    0     0 66116 1919 1200 19  5 73  2  0
 1  0      0 1220416 132628 14105204    0    0     0 33328 1613 1175 18  5 76  1  0
procs -----------memory---------- ---swap-- -----io---- -system-- ------cpu-----
 r  b   swpd   free   buff  cache   si   so    bi    bo   in   cs us sy id wa st
 1  0      0 1237640 132628 14084044    0    0     0 31008 1424 1108 17  5 77  1  0
 3  0      0 1227592 132628 14093964    0    0     0     0  950  884 10  3 86  0  0
 1  0      0 1217540 132628 14103688    0    0     0     0  995  856 10  3 86  0  0
 1  0      0 1206960 132628 14113760    0    0     0   200 1020  935 10  3 86  0  0
 1  0      0 1196880 132628 14123680    0    0     0    68 1006  858 10  4 86  0  0
 1  0      0 1187052 132628 14133428    0    0     0    96 1007  912 10  3 86  0  0
 2  0      0 1152276 132628 14170612    0    0     0     0 1175  896 16  5 79  0  0
 1  0      0 1206300 132640 14121628    0    0     0 31000 1423 1167 11  4 84  2  0
 1  0      0 1196504 132640 14130888    0    0     0     0 1078  865 10  4 86  0  0
 1  0      0 1186424 132640 14140984    0    0     0     0  969  896 11  3 86  0  0
 1  0      0 1176104 132640 14151000    0    0     0     0 1023  899 11  3 86  0  0
 1  0      0 1169080 132640 14160500    0    0     0    48 1457 1253 13  5 82  0  0
 2  0      0 1155148 132644 14177052    0    0     0    60 1294 1114 12  4 84  0  0
 2  0      0 1163360 132648 14166636    0    0     0 30992 1911 1356 20  5 74  1  0
 2  0      0 1111264 132652 14219632    0    0     0 49224 1973 1249 20  5 74  1  0
 2  0      0 1060652 132656 14271936    0    0     0 45784 1922 1281 19  6 74  1  0
 3  0      0 1007808 132656 14324500    0    0     0     0 1588 1125 23  6 71  0  0
 2  0      0 952888 132656 14377584    0    0     0    36 1500 1090 20  6 73  0  0
 4  0      0 906804 132660 14427752    0    0     0 91000 2563 1522 20  5 71  3  0
 1  1      0 901720 132660 14437196    0    0     0 63788 2310 1674 25  7 66  2  0
 2  0      0 851404 132664 14487916    0    0     0 30208 1929 1390 20  5 73  1  0
procs -----------memory---------- ---swap-- -----io---- -system-- ------cpu-----
 r  b   swpd   free   buff  cache   si   so    bi    bo   in   cs us sy id wa st
 2  1      0 806184 132664 14531988    0    0     0 65536 2496 1691 19  6 73  2  0
 3  0      0 753376 132664 14583572    0    0     0  6440 2074 1560 23  6 70  1  0
 2  0      0 1098644 132668 14240844    0    0     0 44932 2315 1551 18  7 73  2  0
 2  1      0 1046516 132668 14291556    0    0     0 11264 1689 1243 22  5 73  0  0
 3  0      0 1030628 132680 14300084    0    0     0 113868 2950 1772 24  7 65  4  0
 2  0      0 1101796 132688 14228864    0    0     0  1332 1635 1193 20  6 74  0  0
 1  1      0 1058040 132688 14272252    0    0     0 12284 1974 1497 24  6 70  1  0
 2  0      0 1019520 132692 14310012    0    0     0 53724 2036 1426 19  5 73  2  0
 2  0      0 975204 132692 14354544    0    0     0     0 1544 1134 22  5 74  0  0
 2  0      0 938236 132692 14391672    0    0     0 66072 2089 1383 20  4 73  3  0
 2  0      0 1090684 132692 14239660    0    0     0 38404 1993 1376 20  5 74  1  0
 1  0      0 1140500 132692 14195204    0    0     0 31020 2140 1494 15  6 78  1  0
 1  0      0 1130428 132692 14205152    0    0     0     0 1311 1193 11  4 86  0  0
 1  0      0 1120640 132692 14214868    0    0     0     0 1214 1110 11  3 86  0  0
 1  0      0 1111100 132692 14224504    0    0     0    48 1491 1278 11  4 85  0  0
 1  0      0 1100804 132692 14234712    0    0     0     0 1367 1245 11  3 86  0  0
 3  0      0 1089524 132692 14243804    0    0    48    60 1405 1243 13  4 83  0  0
 2  0      0 1106036 132700 14231772    0    0     0 31000 1827 1328 21  6 72  1  0
 2  0      0 1048396 132700 14281300    0    0  1666    40 2167 3691 21  6 73  0  0
 2  0      0 1003644 132700 14322308    0    0  1667 60456 2914 2324 20  5 73  2  0
 2  0      0 955376 132700 14370756    0    0     0     0 1344  986 20  6 74  0  0
procs -----------memory---------- ---swap-- -----io---- -system-- ------cpu-----
 r  b   swpd   free   buff  cache   si   so    bi    bo   in   cs us sy id wa st
 3  0      0 918388 132708 14406688    0    0     0 72360 1923 1318 18  5 73  4  0
 2  0      0 868748 132708 14455528    0    0     0     0 1351  994 21  6 73  0  0
 3  0      0 819144 132708 14508216    0    0     0 54808 1998 1249 22  6 70  2  0
 2  0      0 823596 132716 14510620    0    0     0 31032 1772 1174 24  7 66  2  0
 2  0      0 784532 132724 14550084    0    0     0 70200 1957 1305 18  5 74  3  0
 2  0      0 736456 132724 14597480    0    0     0    64 1328  968 20  6 74  0  0
 2  0      0 693676 132728 14638968    0    0     0 73100 1967 1316 19  5 74  2  0
 2  0      0 1044312 132728 14288508    0    0     0 39512 1696 1255 19  6 74  2  0
 3  0      0 1000492 132728 14332596    0    0     0     8 1324  929 22  5 74  0  0
 2  1      0 935424 132728 14395760    0    0     0 40228 1729 1088 25  6 66  2  1
 2  0      0 946628 132732 14376908    0    0     0 56840 1884 1263 20  6 71  3  1
 2  0      0 898792 132732 14424356    0    0     0   116 1369  983 21  5 74  0  0
 2  0      0 1016840 132736 14306208    0    0     0 65856 2106 1355 19  5 74  2  0
 2  0      0 969172 132736 14353948    0    0     0     0 1299  929 20  7 74  0  0
 2  0      0 928900 132736 14394344    0    0     0 66012 2123 1316 19  6 73  3  0
 2  1      0 882044 132736 14442020    0    0     0  7956 1313  959 22  5 73  0  0
 1  0      0 1063908 132752 14260500    0    0     0 112092 2833 1740 24  7 64  4  0
 1  0      0 1053356 132752 14270644    0    0     0    60 1100  966 10  4 86  0  0
 1  0      0 1043296 132752 14280576    0    0     0     0 1014  905 11  3 86  0  0
 1  0      0 1033708 132752 14290372    0    0     0     4 1087  970 10  4 86  0  0
 1  0      0 1024132 132752 14300016    0    0     0     0 1059  934 11  3 86  0  0
procs -----------memory---------- ---swap-- -----io---- -system-- ------cpu-----
 r  b   swpd   free   buff  cache   si   so    bi    bo   in   cs us sy id wa st
 1  0      0 1015060 132752 14309156    0    0     0    72 1049  949 11  3 86  0  0
 3  0      0 978528 132752 14345332    0    0     0     0 1201  907 16  4 80  0  0
 2  0      0 1008604 132752 14325080    0    0     0 30992 1721 1176 20  5 73  2  0
 2  0      0 960000 132752 14373404    0    0     0     0 1376  976 20  6 73  0  0
 2  0      0 921444 132752 14410960    0    0     0 77604 1992 1259 18  6 74  3  0
 2  0      0 875284 132752 14457964    0    0     0     0 1322  941 21  5 73  0  0
 2  0      0 834744 132752 14498364    0    0     0 67208 2081 1300 19  5 74  2  0
 1  1      0 783364 132752 14548792    0    0     0 24576 1460 1021 20  5 74  1  0
 2  0      0 759856 132756 14561768    0    0     0 61280 2262 1425 26  8 64  2  0
 2  0      0 709428 132756 14612224    0    0     0     0 1370  950 21  5 74  0  0
 2  0      0 671700 132764 14649212    0    0     0 84324 2160 1357 17  5 74  4  0
 1  1      0 621832 132764 14699732    0    0     0 16464 1540 1034 20  6 73  1  0
 2  0      0 966368 132780 14353548    0    0     0 68348 2301 1390 18  6 74  2  0
 2  0      0 926584 132780 14399228    0    0     0    76 1361  961 21  5 74  0  0
 2  1      0 862832 132780 14467784    0    0     0 18432 1669 1054 26  6 66  1  0
 2  0      0 895624 132784 14438668    0    0     0 78604 2411 1561 18  7 70  5  0
 2  0      0 848764 132784 14486304    0    0     0     0 1366  966 21  5 74  0  0
 2  0      0 985820 132792 14349416    0    0     0 77036 2340 1461 16  8 73  3  0
 2  0      0 932768 132792 14401916    0    0     0     4 1338  959 20  7 74  0  0
 2  0      0 891192 132796 14442508    0    0     0 66024 1977 1406 18  5 74  2  0
 2  0      0 840892 132796 14493096    0    0     0     0 1415 1041 21  5 74  0  0
procs -----------memory---------- ---swap-- -----io---- -system-- ------cpu-----
 r  b   swpd   free   buff  cache   si   so    bi    bo   in   cs us sy id wa st
 2  0      0 829452 132812 14502096    0    0     0 96988 2549 1586 26  6 64  4  0
 3  0      0 780376 132812 14550204    0    0     0    68 1270  918 21  5 74  0  0
 2  0      0 736608 132812 14592592    0    0     0 65984 1945 1240 20  4 74  2  0
 2  0      0 691532 132812 14637432    0    0     0     0 1328  953 21  5 74  0  0
 1  0      0 968680 132820 14354592    0    0     0 60412 1772 1241 14  5 79  3  0
 2  0      0 958604 132820 14364228    0    0     0     0  995  919 10  4 86  0  0
 2  0      0 922572 132820 14400368    0    0     0     0 1163  911 16  4 80  0  0
 2  0      0 937712 132836 14381904    0    0     0 31108 1651 1176 20  5 73  2  0
 2  0      0 886560 132836 14432532    0    0     0     0 1272  907 21  5 74  0  0
 2  0      0 851500 132840 14467348    0    0     0 79264 2008 1287 18  5 74  3  0
 2  0      0 805116 132840 14514080    0    0     0     0 1291  943 21  5 74  0  0
 2  0      0 763028 132844 14556216    0    0     0 69324 1949 1244 18  5 74  3  0
 2  0      0 711632 132844 14608380    0    0     0     0 1287  908 21  5 74  0  0
 2  0      0 713160 132848 14619652    0    0     0 95648 2614 1518 25  6 65  4  0
 1  1      0 663864 132848 14668728    0    0     0 36964 1678 1063 20  5 74  1  0
 2  0      0 613784 132852 14714604    0    0  1666 22464 2329 2013 20  6 73  1  0
 1  1      0 576140 132852 14755360    0    0  1667 57344 2737 2219 20  5 73  2  0
 2  0      0 899368 132856 14432180    0    0     0 15464 1584 1214 20  6 74  1  0
 2  0      0 854288 132856 14477148    0    0     0     0 1295  937 22  5 74  0  0
 3  0      0 805656 132856 14525440    0    0     0 66048 1855 1189 22  5 70  3  0
 2  0      0 796356 132864 14522904    0    0     0 31128 1818 1175 24  7 68  1  0
procs -----------memory---------- ---swap-- -----io---- -system-- ------cpu-----
 r  b   swpd   free   buff  cache   si   so    bi    bo   in   cs us sy id wa st
 2  0      0 760848 132864 14558840    0    0     0 65976 1708 1287 19  5 74  3  0
 1  1      0 717468 132864 14603064    0    0     0 16176 1373  974 21  5 74  1  0
 2  0      0 887552 132872 14431660    0    0     0 29156 1656 1174 19  6 74  1  0
 1  1      0 841240 132872 14477680    0    0     0 13360 1425  981 21  5 74  1  0
 2  0      0 801248 132872 14518040    0    0     0 52804 1801 1144 19  5 74  2  0
 2  1      0 733228 132872 14594664    0    0     0 40752 1766 1083 25  6 67  1  0
 1  1      0 748992 132872 14577628    0    0     0 62524 2253 1490 19  6 71  4  0
 1  0      0 930640 132884 14392352    0    0     0 26780 1417 1114  9  5 84  1  0
 1  0      0 919832 132884 14403016    0    0     0     0 1015  945 10  4 86  0  0
 1  0      0 909532 132884 14413504    0    0     0     0 1011  913 10  3 86  0  0
 1  0      0 898476 132884 14424552    0    0     0     0  993  928 11  3 86  0  0
 1  1      0 854668 132884 14468308    0    0     0 28676 1503 1029 17  4 78  1  0
 5  0      0 875700 132888 14456748    0    0     0  2452 1439 1069 20  6 74  0  0
 2  0      0 832404 132892 14499660    0    0     0 59484 1808 1204 18  6 74  3  0
 2  0      0 778708 132892 14553584    0    0     0     0 1203  931 21  6 74  0  0
 2  0      0 735376 132896 14596372    0    0     0 74188 1992 1248 18  5 74  3  0
 2  0      0 684352 132896 14647920    0    0     0     0 1214  946 21  5 74  0  0
 3  0      0 612592 132896 14715028    0    0     0 59712 2023 1222 23  6 68  2  0
 2  0      0 612760 132904 14710496    0    0     0 97144 2409 1444 21  6 70  3  0
 2  0      0 561636 132904 14761768    0    0     0     0 1292 1024 21  6 73  0  0
 2  0      0 723084 132908 14596992    0    0     0 72120 1974 1445 18  5 74  3  0
procs -----------memory---------- ---swap-- -----io---- -system-- ------cpu-----
 r  b   swpd   free   buff  cache   si   so    bi    bo   in   cs us sy id wa st
 2  0      0 842932 132908 14480296    0    0     0 17448 1481 1069 20  6 73  1  0
 2  0      0 792316 132908 14531568    0    0     0   120 1237  949 22  5 74  0  0
 3  0      0 740408 132908 14587228    0    0     0 66000 1934 1183 21  6 71  2  0
 2  0      0 740588 132908 14594548    0    0     0 31020 1733 1165 25  6 68  1  0
 2  0      0 693268 132912 14640820    0    0     0 65976 1867 1222 19  5 74  2  0
 2  0      0 648192 132912 14685852    0    0     0 65984 2015 1324 18  6 74  2  0
 2  0      0 862172 132916 14470052    0    0     0 30316 1537 1116 20  5 74  1  0
 2  0      0 810552 132916 14522820    0    0    36    44 1264  957 21  6 74  0  0
 3  0      0 755904 132928 14576740    0    0     0 66020 1791 1229 20  6 71  3  0
 2  0      0 733132 132932 14588384    0    0     0 31020 1606 1122 24  6 69  1  0
 2  0      0 687072 132932 14635868    0    0     0 65976 2098 1339 19  6 74  2  0
 1  1      0 635476 132932 14688648    0    0    40  8192 1267  945 21  5 74  0  0
 2  0      0 588668 132932 14733692    0    0     0 57792 1870 1251 20  4 74  2  0
 1  0      0 842644 132936 14476792    0    0     0 53092 1758 1211 15  5 78  2  0
 2  0      0 815460 132936 14508504    0    0     0     0 1104  891 14  4 82  0  0
 2  0      0 833696 132948 14498572    0    0     0 31072 1663 1127 20  5 74  1  0
 1  1      0 781060 132948 14550236    0    0     0 59384 1878 1143 19  5 73  2  0
 2  0      0 727416 132952 14603908    0    0     0 11232 1567 1177 20  6 74  0  0
 2  0      0 679780 132956 14652508    0    0   124 62508 1996 1228 18  6 74  2  0
 2  0      0 623332 132956 14709268    0    0     0     0 1236  887 21  5 74  0  0
 3  0      0 545788 132960 14785296    0    0     0 73680 2287 1313 24  6 67  2  0
procs -----------memory---------- ---swap-- -----io---- -system-- ------cpu-----
 r  b   swpd   free   buff  cache   si   so    bi    bo   in   cs us sy id wa st
 1  1      0 554472 132968 14773704    0    0     0 78876 2248 1267 19  6 72  2  0
 2  0      0 499844 132972 14828160    0    0     0 12400 1536 1075 20  5 74  1  0
 2  0      0 792140 132976 14536752    0    0     0 53756 1838 1227 20  5 74  1  0
 1  1      0 737456 132976 14591356    0    0     0 19484 1505  996 20  5 74  1  0
 2  0      0 690840 132976 14638824    0    0     0 46724 1908 1226 19  6 74  2  0
 2  0      0 676416 132980 14654084    0    0     0 96988 2636 1509 23  8 66  3  0
 2  0      0 810564 132980 14520028    0    0     0 24088 1634 1130 19  7 74  1  0
 2  0      0 754872 132980 14576088    0    0     0     4 1269  939 21  5 74  0  0
 2  0      0 707504 132988 14623016    0    0     0 66020 2032 1252 20  5 74  2  0
 2  0      0 663408 132992 14666424    0    0     0 65980 2159 1256 19  5 74  2  0
 2  0      0 613288 132992 14717708    0    0     0    72 1278  957 21  5 74  0  0
 2  0      0 587140 132992 14734460    0    0     0 97016 2529 1423 25  7 66  2  0
 2  0      0 532980 132992 14788004    0    0     0     0 1271  938 21  5 74  0  0
 2  0      0 483004 133000 14834324    0    0  2214 65996 3148 4288 19  6 73  2  0
 1  0      0 799140 133004 14520892    0    0  1119 23148 2453 2101 13  5 81  1  0
 1  0      0 788584 133004 14531172    0    0     0     0 1089  975 10  3 86  0  0
 2  0      0 777748 133004 14541588    0    0     0    36 1006  970 11  3 86  0  0
 2  0      0 794124 133012 14529856    0    0     0 31068 1660 1145 17  6 75  1  0
 3  0      0 740728 133012 14582564    0    0     0     0 1256  883 21  5 74  0  0
 2  0      0 683228 133012 14639700    0    0     0     4 1253  901 21  5 74  0  0
 2  0      0 644420 133012 14681628    0    0     0 95716 2304 1359 18  6 74  3  0
procs -----------memory---------- ---swap-- -----io---- -system-- ------cpu-----
 r  b   swpd   free   buff  cache   si   so    bi    bo   in   cs us sy id wa st
 1  1      0 595756 133012 14728284    0    0     0 64972 1911 1114 19  5 74  2  0
 2  0      0 540160 133020 14783212    0    0     0   380 1278 1198 21  5 74  0  0
 2  0      0 527168 133036 14804132    0    0     0 97628 2602 1584 25  7 66  2  0
 1  1      0 468976 133036 14862240    0    0     0 21156 1422  993 20  6 74  1  0
 3  0      0 519128 133052 14809904    0    0     0 73152 2185 1304 19  5 74  2  0
 2  0      0 716060 133052 14616128    0    0     0     0 1292  910 21  6 74  0  0
 2  0      0 674732 133052 14657348    0    0     0 66048 1883 1174 18  6 73  2  0
 2  0      0 624836 133052 14706056    0    0     0   116 1313  907 20  6 74  0  0
 2  0      0 611272 133056 14715244    0    0     0 96996 2282 1589 26  7 65  3  0
 2  0      0 560044 133056 14765412    0    0     0     0 1294  936 21  6 74  0  0
 2  0      0 513952 133060 14810380    0    0     0 65980 2016 1288 19  5 74  2  0
 2  0      0 461860 133060 14862076    0    0     0    32 1277  947 21  5 74  0  0
 2  0      0 413184 133060 14910204    0    0     0 66016 2127 1267 19  5 74  2  0
 1  1      0 356844 133060 14966048    0    0     0  8240 1498 1140 21  5 74  0  0
 2  0      0 344372 133060 14977696    0    0     0 88820 2602 1611 26  7 65  2  0
 2  0      0 337544 133072 14979940    0    0     0 64888 1970 1357 19  6 74  2  0
 1  0      0 731688 133072 14580936    0    0     0   104 1071  898 10  4 85  0  0
 1  0      0 721104 133072 14591340    0    0     0   212 1083  947 10  4 86  0  0
 1  0      0 711816 133072 14600524    0    0     0     0 1054  898  9  5 86  0  0
 1  0      0 701000 133072 14611340    0    0     0    32 1038  945 11  4 86  0  0
 2  0      0 728420 133072 14600028    0    0     0 31088 1607 1093 19  4 76  1  0
procs -----------memory---------- ---swap-- -----io---- -system-- ------cpu-----
 r  b   swpd   free   buff  cache   si   so    bi    bo   in   cs us sy id wa st
 2  0      0 676788 133072 14650192    0    0     0    32 1322  969 21  6 74  0  0
 3  0      0 626392 133080 14699752    0    0     0 66264 1866 1166 20  4 74  2  0
 1  1      0 577252 133080 14748884    0    0     0 10228 1419 1074 20  5 74  0  0
 2  0      0 533944 133080 14792688    0    0     0 47480 1704 1112 18  5 74  3  0
 1  1      0 479560 133080 14847036    0    0     0 32684 1606 1077 20  5 74  1  0
 2  0      0 457596 133092 14865808    0    0     0 74016 2395 1327 27  6 65  2  0
 2  0      0 404344 133092 14918592    0    0     0 53708 1774 1135 19  5 74  1  0
 2  0      0 353228 133096 14970264    0    0     0 62000 1915 1145 19  5 74  2  0
 2  0      0 662364 133108 14661604    0    0     0 25564 1669 1104 19  6 74  1  0
 2  0      0 607756 133108 14717096    0    0     0     0 1282  899 20  6 74  0  0
 2  0      0 561388 133116 14763480    0    0     0 66096 2094 1279 19  5 74  2  0
 2  0      0 546936 133124 14784272    0    0     0 96972 2619 1402 24  8 66  2  0
 2  0      0 490808 133124 14838808    0    0     0    36 1317  941 20  6 74  0  0
 2  0      0 669552 133132 14659316    0    0     0 58188 1938 1375 18  6 74  2  0
 2  0      0 616912 133132 14711492    0    0     0     0 1340  987 20  6 74  0  0
 2  0      0 572060 133132 14756180    0    0     0 66164 2086 1229 19  6 74  2  0
 2  1      0 516544 133132 14815068    0    0     0 13660 1405  956 22  6 72  0  0
 2  0      0 495144 133144 14823712    0    0     0 83332 2455 1506 23  7 68  2  0
 2  0      0 446016 133148 14873048    0    0     0 72772 2248 1464 18  6 74  2  0
 1  0      0 669216 133148 14643980    0    0     0     0 1059  887  9  5 86  0  0
 1  0      0 657660 133148 14655288    0    0     0     4  993  904 10  3 86  0  0
procs -----------memory---------- ---swap-- -----io---- -system-- ------cpu-----
 r  b   swpd   free   buff  cache   si   so    bi    bo   in   cs us sy id wa st
 1  0      0 646068 133148 14666412    0    0     0     0  995  880 11  3 86  0  0
 1  1      0 609556 133148 14709844    0    0     0 28684 1467 1018 17  4 78  1  0
 2  0      0 629016 133156 14702652    0    0     0  2352 1377 1008 20  6 74  0  0
 2  0      0 582396 133156 14749204    0    0     0 77896 2117 1257 18  6 74  2  0
 2  0      0 527236 133156 14804260    0    0     0   100 1271  897 20  6 74  0  0
 2  0      0 477240 133156 14855320    0    0     0 75092 2114 1294 20  5 74  2  0
 1  1      0 415040 133156 14915372    0    0     0 16384 1335  931 21  5 74  0  0
 2  0      0 383988 133172 14936372    0    0     0 70692 2433 1482 25  7 66  2  0
 2  0      0 332384 133172 14986292    0    0     0 69508 2085 1221 18  6 74  2  0
 2  0      0 274944 133172 15044020    0    0     0     8 1283  919 20  6 74  0  0
 2  0      0 589968 133176 14725404    0    0  1666 65232 2912 2166 19  7 73  1  0
 2  0      0 530892 133176 14776656    0    0  1667     0 2478 2223 24  7 69  0  0
 3  0      0 479236 133180 14827480    0    0     0 66080 2044 1270 21  5 72  2  0
 1  1      0 460628 133188 14840612    0    0     0 63668 2078 1305 24  7 67  2  0
 2  0      0 609112 133192 14691744    0    0     0 62944 2109 1415 19  6 74  1  0
 2  0      0 554940 133192 14748056    0    0     0     0 1287  922 20  6 74  0  0
 2  0      0 507444 133192 14794644    0    0     0 66008 2022 1238 18  6 74  2  0
 2  0      0 454012 133192 14848172    0    0     0   116 1285  895 21  5 74  0  0
 3  0      0 394288 133192 14914236    0    0     0 65984 2172 1332 23  5 70  1  0
 2  0      0 403364 133196 14913072    0    0     0 96968 2356 1423 22  6 69  3  0
 2  0      0 350736 133196 14965108    0    0     0     0 1293  905 20  6 74  0  0
procs -----------memory---------- ---swap-- -----io---- -system-- ------cpu-----
 r  b   swpd   free   buff  cache   si   so    bi    bo   in   cs us sy id wa st
 2  0      0 306416 133196 15009244    0    0     0 65984 1967 1222 20  4 74  2  0
 1  1      0 253296 133196 15062032    0    0     0 16384 1437 1014 20  6 74  1  0
 1  0      0 592684 133200 14717460    0    0     0 32484 1545 1245 10  4 84  1  0
 1  1      0 542088 133200 14761792    0    0     0  5580 1235  948 16  4 80  0  0
 2  0      0 556760 133200 14748168    0    0     0 25460 1747 1121 20  6 73  1  0
 2  0      0 511608 133200 14792148    0    0     0 66864 2050 1325 18  6 74  2  0
 2  0      0 456952 133200 14846752    0    0     0     0 1277  933 21  5 74  0  0
 2  0      0 411628 133204 14892004    0    0     0 69092 1993 1200 18  6 74  2  0
 2  0      0 359236 133204 14943888    0    0     0     0 1232  896 20  6 74  0  0
 3  0      0 293808 133208 15008408    0    0     0 73296 2160 1280 23  6 69  2  0
 3  0      0 301072 133220 15009544    0    0     0 31016 1630 1137 24  6 70  1  0
 2  0      0 247456 133220 15061724    0    0     0 69428 1945 1180 20  4 74  2  0
 2  0      0 475732 133232 14828800    0    0     0 63324 2032 1281 19  5 74  2  0
 2  0      0 502724 133232 14805492    0    0     0     0 1264  865 20  7 74  0  0
 2  0      0 457404 133236 14851652    0    0     0 66108 1978 1198 18  6 74  2  0
 2  1      0 366488 133236 14940508    0    0     0  1024 1414  922 27  6 67  0  0
 2  0      0 372812 133244 14926544    0    0     0 95972 2575 1456 20  5 72  3  0
 1  1      0 322212 133244 14977112    0    0     0 57100 2024 1211 19  5 74  2  0
 2  0      0 546100 133252 14751160    0    0     0 39124 1907 1313 19  6 74  1  0
 2  0      0 493552 133252 14805064    0    0     0   236 1367  930 21  5 74  0  0
 2  0      0 454240 133252 14844096    0    0     0 66028 2034 1172 16  7 73  3  0
procs -----------memory---------- ---swap-- -----io---- -system-- ------cpu-----
 r  b   swpd   free   buff  cache   si   so    bi    bo   in   cs us sy id wa st
 3  0      0 407104 133256 14890332    0    0     0 31032 1894 1209 27  6 65  1  0
 2  0      0 394976 133264 14912880    0    0     0 66216 2165 1332 19  6 73  3  0
 2  0      0 337744 133264 14971036    0    0     0  2052 1311  919 21  5 74  0  0
 2  0      0 290760 133268 15017536    0    0     0 63940 2109 1236 19  5 74  2  0
 2  0      0 241372 133268 15067076    0    0     0 66088 2115 1245 19  6 74  2  0
 3  0      0 181444 133268 15124868    0    0     0     0 1253  940 22  5 73  0  0
 2  0      0 195336 133276 15118588    0    0    44 96980 2779 1521 23  7 65  4  0
 2  0      0 564980 133276 14747144    0    0     0 38044 2653 1134 19  7 73  1  0
 2  0      0 506168 133276 14805100    0    0     0     0 1255  872 21  5 74  0  0
 2  0      0 458820 133280 14851760    0    0     0 70024 2191 1274 19  5 74  2  0
 1  1      0 405432 133280 14904352    0    0     0 57168 1852 1128 19  5 74  2  0
 3  0      0 350248 133284 14964924    0    0     0  7524 1674 1261 21  6 72  0  0
 1  1      0 338500 133296 14984332    0    0     0 80300 2438 1504 24  7 68  2  0
 5  0      0 290172 133304 15032016    0    0     0 38088 1838 1174 19  6 73  1  0
 2  0      0 242584 133312 15079312    0    0     0 53000 1791 1143 19  5 74  2  0
 2  0      0 530092 133328 14791024    0    0     0 40156 1782 1197 20  6 73  1  0
 2  0      0 482996 133328 14838116    0    0     0     0 1259  879 21  5 74  0  0
 2  0      0 439652 133328 14878928    0    0     0 66136 2032 1226 19  5 73  2  0
 2  0      0 411000 133332 14899496    0    0     0 31016 1809 1133 27  7 65  1  0
 2  0      0 361432 133332 14946644    0    0     0 65972 1930 1234 19  5 74  2  0
 2  0      0 309804 133332 14998088    0    0     0     0 1254  899 20  6 74  0  0
procs -----------memory---------- ---swap-- -----io---- -system-- ------cpu-----
 r  b   swpd   free   buff  cache   si   so    bi    bo   in   cs us sy id wa st
 2  0      0 525160 133336 14778468    0    0   108 88404 2407 1601 18  5 75  3  0
 1  0      0 514108 133336 14788192    0    0    56    84 1128  971 11  3 86  0  0
 1  0      0 503776 133336 14797704    0    0     0     0 1041  925 11  3 86  0  0
 1  0      0 534940 133348 14777540    0    0     0 31052 1590 1091 17  5 77  1  0
 1  0      0 523100 133348 14788372    0    0     0     0 1046  957 10  3 86  0  0
 1  0      0 512016 133348 14798904    0    0     0   216 1057  917 10  3 86  0  0
 1  0      0 500428 133348 14810456    0    0     0     8 1075  968 11  3 86  0  0
 1  0      0 485068 133348 14821636    0    0  1666     0 1846 1785 11  3 86  0  0
 2  0      0 467724 133352 14841704    0    0  1667   220 2166 2141 13  5 83  0  0
 2  0      0 469072 133356 14833368    0    0     0 30996 1637 1143 19  6 74  1  0
 1  1      0 415396 133356 14888340    0    0     0 11264 1355  967 21  5 74  0  0
 2  0      0 365516 133356 14939800    0    0     0 53440 2064 1259 19  5 73  2  0
 1  0      0 359636 133360 14953388    0    0     0 67360 1807 1316 11  3 83  2  0
 0  1      0 314808 133360 14997664    0    0     0  2140 1044  897 11  3 86  0  0
 1  0      0 281044 133360 15030152    0    0     0 60580 1595 1139  9  2 87  2  0
 1  0      0 241756 133368 15069352    0    0     0 69816 1799 1194  9  3 86  2  0
 1  0      0 203960 133368 15106884    0    0     0     4 1069  940 11  3 86  0  0
 1  0      0 163924 133372 15146028    0    0     0 56388 1471 1176 10  3 86  1  0
 0  1      0 163224 130844 15155156    0    0    24 16388 1190 1098 11  2 86  0  0
 1  0      0 531868 130856 14791004    0    0    96 54304 1759 1272  9  3 87  2  0
 2  0      0 494096 130856 14828940    0    0     0     0  994  939 11  2 86  0  0
procs -----------memory---------- ---swap-- -----io---- -system-- ------cpu-----
 r  b   swpd   free   buff  cache   si   so    bi    bo   in   cs us sy id wa st
 1  0      0 459900 130860 14862756    0    0  5064 66084 1976 1444  9  3 86  3  0
 1  0      0 424428 130860 14897416    0    0     0   188 1104  952 11  3 86  0  0
 0  1      0 393968 130860 14927816    0    0     0 83876 1812 1306  9  3 86  3  0
 1  0      0 580904 130868 14741544    0    0     0 28008 1267 1244 10  3 86  1  0
 1  0      0 541144 130868 14781196    0    0     0     0  968  892 12  2 86  0  0
 1  0      0 509448 130872 14812852    0    0     0 66100 1614 1259  9  3 86  2  0
 1  0      0 464384 130872 14856204    0    0    68     0 1030  913 11  2 86  0  0
 1  0      0 430144 130876 14891316    0    0     0 65980 1796 1336  9  2 86  2  0
 1  0      0 391084 130876 14930268    0    0     0     0 1017  889 12  2 86  0  0
 1  0      0 358588 130880 14962240    0    0     0 65980 1631 1251  9  2 87  2  0
 1  0      0 583968 130884 14735128    0    0     0 26700 1449 1178 10  3 86  1  0
 1  0      0 544444 130888 14773988    0    0     0 63544 1666 1235  9  3 86  2  0
 1  0      0 492816 130888 14825412    0    0     0     4 1059  932 11  3 86  0  0
 1  0      0 450484 130892 14867400    0    0     0 62524 1758 1203  9  3 86  2  0
 1  0      0 411704 130892 14905892    0    0     0 67316 1854 1249  8  3 86  2  0
 1  0      0 364584 130892 14953200    0    0     0     0 1046  933 11  3 86  0  0
 1  0      0 598480 130900 14720044    0    0     0 66580 1873 1378  9  3 86  2  0
 0  1      0 552904 130900 14764848    0    0     0  4772 1068  951 11  3 86  0  0
 1  0      0 515360 130900 14802504    0    0     0 61276 1736 1207 10  2 86  2  0
 4  0      0 480596 130900 14836432    0    0     0 65972 1687 1236  9  2 86  2  0
 1  0      0 438288 130900 14878680    0    0     0     0 1046  913 11  2 86  0  0
procs -----------memory---------- ---swap-- -----io---- -system-- ------cpu-----
 r  b   swpd   free   buff  cache   si   so    bi    bo   in   cs us sy id wa st
 1  0      0 396996 130900 14920104    0    0     0 65980 1718 1279  9  3 86  2  0
 0  1      0 349396 130900 14968040    0    0     0 12664 1121  966 11  2 86  1  0
 2  0      0 310868 130900 15004736    0    0     0 53448 1643 1226 10  2 86  2  0
 2  0      0 273824 130900 15041792    0    0     0 65980 1760 1255  9  3 86  2  0
 1  0      0 228496 130900 15086076    0    0     0     0  976  883 11  3 86  0  0
 1  0      0 189632 130904 15125500    0    0     0 65984 1851 1304  9  2 86  2  0
 0  1      0 171556 130040 15146632    0    0     0  8192 1061  971 11  3 86  0  0
 1  0      0 160032 129660 15160664    0    0    36 85556 2139 1428  9  2 85  3  0
 1  0      0 152032 129640 15179092    0    0   416 38344 1684 1259 10  3 86  1  0
 1  0      0 149024 129196 15188240    0    0   100     0 1028  944 11  3 86  0  0
 1  0      0 157904 128744 15179112    0    0   380 82440 2065 1392 10  2 86  2  0
 1  0      0 160936 128724 15175980    0    0    72 49608 1689 1230 10  3 86  1  0
 1  0      0 164240 128676 15171384    0    0    16     0 1057  992 11  2 86  0  0
 1  0      0 148624 128652 15185908    0    0    12 65980 1821 1328  9  3 86  2  0
 1  0      0 151936 128652 15182020    0    0     0     0 1054 1001 11  3 86  0  0
 1  0      0 162280 128624 15170416    0    0   128 94716 2223 1382  9  3 85  3  0
 1  0      0 167012 128508 15165780    0    0     0 37312 1537 1170 10  3 86  1  0
 1  0      0 165104 128472 15167832    0    0     0     0 1063  982 11  2 86  0  0
 1  0      0 149736 128448 15182700    0    0     0 65980 1956 1381  9  3 86  2  0
 0  1      0 155052 128444 15177320    0    0     0 40960 1516 1279 10  3 86  1  0
 1  0      0 161388 128404 15172476    0    0     0 25020 1499 1167 10  3 86  1  0
procs -----------memory---------- ---swap-- -----io---- -system-- ------cpu-----
 r  b   swpd   free   buff  cache   si   so    bi    bo   in   cs us sy id wa st
 3  0      0 165116 128408 15167708    0    0     0 66016 1793 1244  9  3 86  2  0
 1  0      0 148552 128408 15184568    0    0     0     0 1098  997 11  3 86  0  0
 1  0      0 162924 128408 15170640    0    0    16 78320 1918 1464  9  2 86  3  0
 1  0      0 146556 128408 15186968    0    0  3008     0 1311 1127 11  3 86  1  0
 1  0      0 148608 128412 15178112    0    0 20263 55796 3516 2874  7  3 85  5  0
 1  0      0 156968 128412 15169032    0    0 17707    52 3846 3512  8  3 84  4  0
 1  0      0 169412 128412 15158660    0    0  1119 63956 2278 1821  9  3 86  2  0
 1  0      0 151300 128372 15177924    0    0    52     0 1011  936 11  3 86  0  0
 2  0      0 1477120 128376 13848472    0    0     0 67064 2184 1371  7  7 84  2  0
 1  0      0 1435016 128376 13893556    0    0     0     0 2131  955 11  5 84  0  0
 1  0      0 1394700 128384 13933380    0    0     0 66096 1751 1194  9  2 86  2  0
 0  1      0 1346096 128384 13981184    0    0     0  3072 1003  944 11  3 86  0  0
 1  0      0 1308612 128384 14017820    0    0     0 63060 1868 1256 10  2 86  2  0
 1  0      0 1272828 128384 14052692    0    0     0 66044 1653 1244  9  2 86  2  0
 1  0      0 1229736 128384 14095920    0    0     0     0 1046  946 12  2 86  0  0
 1  0      0 1196504 128388 14128980    0    0     0 65980 1762 1265  9  2 86  2  0
 3  0      0 1154672 128388 14170932    0    0     0     0  981  895 11  2 86  0  0
 1  0      0 1119140 128388 14205960    0    0     0 66016 1619 1206  9  3 86  2  0
 2  0      0 1074044 128388 14250072    0    0     0     0 1018  939 11  2 86  0  0
 1  0      0 1039268 128388 14285112    0    0     0 65984 1791 1268  9  2 86  2  0
 1  0      0 1002480 128388 14321076    0    0     0 65980 1753 1252  9  2 87  2  0
procs -----------memory---------- ---swap-- -----io---- -system-- ------cpu-----
 r  b   swpd   free   buff  cache   si   so    bi    bo   in   cs us sy id wa st
 1  0      0 962672 128388 14361144    0    0     0     0 1070  980 12  2 86  0  0
 1  0      0 929160 128392 14394916    0    0     0 65992 1720 1292  9  2 86  2  0
 1  0      0 887580 128392 14436088    0    0     0     0 1066  984 11  2 86  0  0
 1  0      0 857848 128392 14472924    0    0     0 65976 1853 1314 10  2 86  2  0
 1  0      0 815260 128392 14515044    0    0     0     0 1074  951 11  3 86  0  0
