procs -----------memory---------- ---swap-- -----io---- -system-- ------cpu-----
 r  b   swpd   free   buff  cache   si   so    bi    bo   in   cs us sy id wa st
 1  0      0 1846408 132808 13492668    0    0    19  2539  182  149 15  4 80  1  1
 2  0      0 1846728 132808 13492676    0    0     0   340  825  981  0  0 99  0  0
 1  0      0 1819044 132860 13504696    0    0     0   828 1853 1806 10  4 85  0  0
 1  0      0 1794604 132860 13517116    0    0     0    32 1268 1183 10  4 86  0  0
 1  0      0 1771456 132860 13528696    0    0     0     0  983  911 10  3 87  0  0
 1  0      0 1750068 132860 13539168    0    0     0     0 1066  981 10  3 86  0  0
 3  0      0 1727932 132860 13550072    0    0     0     0 1040  913 10  4 86  0  0
 1  1      0 1671992 132864 13591924    0    0     0  5204 1483 1198 16  5 79  0  0
 1  0      0 1773672 132876 13540884    0    0     0 25812 1712 1273 10  5 85  1  0
 1  0      0 1750024 132876 13552504    0    0     0     0 1055  951 10  4 86  0  0
 1  0      0 1727628 132876 13563928    0    0     0     0  983  901 10  3 86  0  0
 2  0      0 1705028 132876 13574324    0    0  1666     0 2028 2013 10  4 86  0  0
 1  0      0 1682952 132876 13584480    0    0  1667     0 1692 1785 11  3 86  0  0
 3  0      0 1701192 132880 13564832    0    0     0 31008 1667 1131 16  5 78  1  0
 1  0      0 1689896 132880 13576036    0    0     0     0  984  870 10  3 87  0  0
 1  0      0 1678808 132880 13587008    0    0     0     0 1011  939 11  3 86  0  0
 1  0      0 1668256 132880 13597784    0    0     0     0 1009  889 10  4 86  0  0
 1  0      0 1658208 132880 13607780    0    0     0     0 1040  944 11  3 86  0  0
 2  0      0 1646900 132880 13624092    0    0     0    52 1091  885 12  4 85  0  0
 1  0      0 1671936 132888 13599296    0    0     0 30964 1627 1167 15  4 80  1  0
 1  0      0 1661104 132888 13611112    0    0     0     0 1036  927 10  4 86  0  0
procs -----------memory---------- ---swap-- -----io---- -system-- ------cpu-----
 r  b   swpd   free   buff  cache   si   so    bi    bo   in   cs us sy id wa st
 1  0      0 1648788 132888 13622948    0    0     0     0 1057  961 10  3 87  0  0
 1  0      0 1637476 132888 13633608    0    0     0     0 1044  933 11  3 86  0  0
 1  0      0 1626388 132888 13644088    0    0     0     0 1099  993 10  3 86  0  0
 1  1      0 1582036 132888 13687540    0    0     0 21572 1467  989 17  4 78  1  0
 3  0      0 1559476 132888 13711644    0    0     0  9432 1795 1103 30  7 62  0  0
 1  0      0 1629496 132896 13639168    0    0     0 114000 2776 1476 19  6 71  3  0
 1  0      0 1616928 132896 13650204    0    0     0     0 1145 1001 10  4 86  0  0
 1  0      0 1605844 132896 13660972    0    0     0     0 1057  930 10  3 86  0  0
 2  0      0 1594252 132896 13675768    0    0     0   124 1086  965 12  3 86  0  0
 1  0      0 1625164 132900 13652332    0    0     0 31000 1639 1145 15  5 79  1  0
 1  0      0 1613104 132900 13663748    0    0     0     0 1089  966 10  4 86  0  0
 1  0      0 1602276 132900 13675024    0    0     0     0 1080  925 10  3 86  0  0
 1  0      0 1590212 132900 13686300    0    0     0     0 1099  970 10  4 86  0  0
 1  0      0 1580164 132900 13696564    0    0     0   104 1084  918 11  3 86  0  0
 2  0      0 1539376 132900 13735816    0    0     0    76 1290 1015 16  4 79  0  0
 2  0      0 1571276 132904 13688444    0    0     0 31020 3329 2894 13  5 80  1  0
 1  0      0 1558192 132904 13699008    0    0     0   108 1882 1727 14  5 81  0  0
 1  0      0 1547136 132904 13709572    0    0     0     0 1336 1150 10  4 86  0  0
 1  0      0 1537312 132904 13719152    0    0     0     0 1262 1103 11  4 86  0  0
 1  0      0 1527248 132904 13729128    0    0     0    52 1287 1133 11  3 86  0  0
 2  1      0 1485924 132904 13771896    0    0     0 18432 1655 1268 17  4 78  1  0
procs -----------memory---------- ---swap-- -----io---- -system-- ------cpu-----
 r  b   swpd   free   buff  cache   si   so    bi    bo   in   cs us sy id wa st
 1  0      0 1533664 132904 13720504    0    0     0 12564 1818 1426 12  6 82  1  0
 1  0      0 1522612 132904 13731496    0    0     0     0 1135  985 10  4 86  0  0
 1  0      0 1511528 132904 13742348    0    0     0     0 1055  917 11  3 86  0  0
 1  0      0 1501700 132904 13752316    0    0     0     0 1097  983 10  4 86  0  0
 1  0      0 1490864 132904 13763080    0    0     0     0 1139  971 11  3 86  0  0
 5  0      0 1502860 132912 13764696    0    0     0 31016 1945 1280 24  7 69  1  0
 5  0      0 1358496 132912 13905848    0    0     0 30664 2255 1011 51 12 36  1  0
 1  2      0 1265304 132912 13992736    0    0     0 172472 3735 2041 32  9 49  9  0
 1  0      0 1496856 132924 13762200    0    0     0 20620 1635 1282 11  4 85  1  0
 1  0      0 1487280 132924 13772252    0    0     0     0 1077  948 10  3 86  0  0
 1  0      0 1476444 132924 13781924    0    0     0     0 1106  995 10  4 86  0  0
 1  0      0 1500472 132924 13760848    0    0     0 31072 1669 1242 17  5 77  1  0
 1  0      0 1489416 132924 13770780    0    0     0     0 1089  939 10  4 86  0  0
 1  0      0 1479112 132924 13780772    0    0     0     0 1087  996 11  3 86  0  0
 1  0      0 1468528 132924 13790988    0    0     0     0 1062  945 11  3 86  0  0
 1  0      0 1458700 132924 13800688    0    0     0     0 1082 1004 11  3 86  0  0
 1  0      0 1449376 132924 13809288    0    0     0    52 1069  971 11  3 86  0  0
 2  0      0 1416868 132924 13843128    0    0     0     0 1261 1017 16  4 80  0  0
 1  0      0 1460328 132924 13799548    0    0     0 30964 1475 1152 12  3 82  2  0
 1  0      0 1448520 132924 13809908    0    0     0     0 1073  959 10  4 86  0  0
 1  0      0 1437936 132924 13820020    0    0     0    16 1105  984 11  3 86  0  0
procs -----------memory---------- ---swap-- -----io---- -system-- ------cpu-----
 r  b   swpd   free   buff  cache   si   so    bi    bo   in   cs us sy id wa st
 1  0      0 1428108 132924 13829952    0    0     0     0 1046  965 10  3 86  0  0
 1  0      0 1417776 132924 13839860    0    0     0     0 1036  904 11  3 86  0  0
 2  0      0 1386528 132924 13872408    0    0     0   256 1250  984 15  4 81  0  0
 2  0      0 1426712 132932 13831512    0    0     0 30980 1550 1111 11  4 83  1  0
 1  0      0 1415904 132932 13842208    0    0     0     0 1113  986 10  3 86  0  0
 1  0      0 1405320 132932 13852868    0    0     0     0 1028  909 10  3 86  0  0
 1  0      0 1395996 132932 13862800    0    0     0     0 1038  951 10  4 86  0  0
 1  0      0 1384916 132932 13873148    0    0     0    72 1080  919 11  3 86  0  0
 1  1      0 1340876 132932 13915700    0    0  1666  1108 2149 1943 17  4 78  0  0
 6  0      0 1241508 132936 14017144    0    0  1667 44860 3326 2103 62 13 24  2  0
 6  0      0 1054312 132936 14197512    0    0     0     0 2176  934 63 13 24  0  0
 1  0      0 1379516 132944 13867432    0    0     0 314820 6625 4644 12  7 44 36  0
 1  0      0 1368960 132944 13877900    0    0     0     4 1087  974 10  4 86  0  0
 2  0      0 1357648 132944 13888056    0    0     0     0 1046  891 11  3 86  0  0
 2  0      0 1321612 132944 13925796    0    0     0     0 1265  993 16  4 80  0  0
 1  0      0 1369372 132948 13877372    0    0     0 30976 1470 1140 11  4 84  2  0
 1  0      0 1359100 132948 13887556    0    0     0     0 1170 1010 10  3 86  0  0
 1  0      0 1351108 132948 13898216    0    0     0     0 1183  981 11  3 86  0  0
 1  0      0 1340776 132948 13908568    0    0     0     0 1068  957 11  3 86  0  0
 1  0      0 1330704 132948 13918232    0    0     0     0 1151 1001 11  3 86  0  0
 2  0      0 1292400 132948 13956260    0    0     0    60 1255 1011 16  4 80  0  0
procs -----------memory---------- ---swap-- -----io---- -system-- ------cpu-----
 r  b   swpd   free   buff  cache   si   so    bi    bo   in   cs us sy id wa st
 1  0      0 1338380 132948 13910476    0    0     0 30976 1516 1131 11  5 83  1  0
 1  0      0 1326064 132948 13922196    0    0     0     0 1115  990 10  4 86  0  0
 1  0      0 1315480 132948 13932492    0    0     0     0 1053  949 10  4 86  0  0
 2  0      0 1304396 132948 13943056    0    0     0    52 1085  980 10  4 86  0  0
 1  0      0 1294064 132948 13953368    0    0     0     0  977  874 11  3 86  0  0
 1  0      0 1317360 132956 13932824    0    0     0 31016 1681 1293 17  5 76  1  0
 1  0      0 1306036 132956 13943180    0    0     0     0 1094  966 10  4 86  0  0
 1  0      0 1294732 132956 13953524    0    0     0     0 1152  971 10  4 86  0  0
 1  0      0 1283960 132956 13964136    0    0     0     0 1165 1001 10  4 86  0  0
 1  0      0 1273880 132956 13973768    0    0     0     0 1106  947 11  3 86  0  0
 1  0      0 1263836 132956 13983180    0    0     0    60 1099  938 11  3 86  0  0
 0  2      0 1224020 132956 14026040    0    0     0 31092 1634 1187 17  5 78  1  0
 4  0      0 1176536 132960 14082168    0    0     0  2812 1871  985 43  8 48  0  0
 2  2      0 1073016 132960 14182476    0    0     0 92776 2448 1346 38  9 49  5  0
 1  0      0 1264508 132960 13989408    0    0     0 103092 2476 1722 11  5 76  8  0
 1  0      0 1254432 132960 13998660    0    0     0     0 1002  908 11  3 86  0  0
 1  0      0 1243876 132960 14008788    0    0     0     0 1039  905 10  4 86  0  0
 2  0      0 1217164 132960 14037688    0    0     0    32 1142  916 15  3 81  0  0
 1  0      0 1255080 132968 13998268    0    0     0 31016 1488 1156 13  5 81  2  0
 1  0      0 1245000 132968 14008224    0    0     0     0 1086  960 11  3 86  0  0
 1  0      0 1233688 132968 14019012    0    0     0     0 1011  883 11  3 86  0  0
procs -----------memory---------- ---swap-- -----io---- -system-- ------cpu-----
 r  b   swpd   free   buff  cache   si   so    bi    bo   in   cs us sy id wa st
 1  0      0 1223104 132968 14029180    0    0     0     0 1041  939 11  3 86  0  0
 1  0      0 1212268 132968 14039272    0    0     0    60  996  872 11  3 86  0  0
 2  0      0 1185808 132968 14066564    0    0     0    68 1180  957 13  4 82  0  0
 1  0      0 1220684 132968 14030512    0    0     0 30964 1567 1128 13  4 82  1  0
 1  0      0 1208592 132968 14041504    0    0     0     0 1062  923 10  4 86  0  0
 1  0      0 1197252 132968 14052660    0    0     0     0 1040  909 11  3 86  0  0
 1  0      0 1186416 132968 14063012    0    0     0     0 1067  946 11  3 86  0  0
 1  0      0 1176336 132968 14072712    0    0     0     0 1053  897 11  3 86  0  0
 2  0      0 1135008 132968 14114676    0    0     0    60 1151  923 16  4 80  0  0
 1  0      0 1183508 132968 14065412    0    0     0 30992 1481 1111 10  4 85  1  0
 1  0      0 1171692 132968 14076952    0    0     0     0 1064  940 10  4 86  0  0
 1  0      0 1161616 132968 14086700    0    0     0     4 1033  900 10  3 86  0  0
 1  0      0 1150276 132968 14097412    0    0     0     0 1002  936 11  3 86  0  0
 1  0      0 1138436 132968 14108720    0    0     0     0  989  896 11  3 86  0  0
 6  0      0 1105592 132968 14147908    0    0     0 31008 1960 1171 33  8 59  1  0
 6  1      0 908332 132968 14340468    0    0     0 28512 2389 1010 62 13 24  1  0
 2  0      0 1117892 132976 14134760    0    0     0 285940 5381 3134 35  9 36 20  0
 1  0      0 1138408 132980 14113548    0    0     0   156 1153  954 10  3 86  0  0
 2  0      0 1128076 132980 14123616    0    0     0     0 1030  920 10  3 87  0  0
 1  0      0 1117240 132980 14133444    0    0     0     0 1009  839 11  3 86  0  0
 1  0      0 1138240 132980 14111808    0    0     0 30996 1571 1124 17  5 76  1  0
procs -----------memory---------- ---swap-- -----io---- -system-- ------cpu-----
 r  b   swpd   free   buff  cache   si   so    bi    bo   in   cs us sy id wa st
 1  0      0 1127156 132980 14122192    0    0     0   224 1065  891 11  3 86  0  0
 1  0      0 1116320 132980 14132508    0    0     0     0 1069  930 10  3 86  0  0
 1  0      0 1110272 132980 14138080    0    0     0    40 1065  924 12  3 85  0  0
 1  0      0 1101480 132980 14146504    0    0     0     0  990  893 11  3 86  0  0
 1  0      0 1090648 132980 14156568    0    0     0    76 1093  942 10  4 86  0  0
 2  0      0 1080116 132980 14166540    0    0  1171    12 1787 1731 11  3 85  0  0
 1  0      0 1098504 132980 14145404    0    0  2162 30976 2610 2259 17  5 76  1  0
 1  0      0 1087420 132980 14156104    0    0     0     0 1077  916 10  4 86  0  0
 1  0      0 1078140 132980 14166112    0    0     0     0 1028  917 10  4 86  0  0
 1  0      0 1067808 132980 14176004    0    0     0     0 1072  958 10  4 86  0  0
 1  0      0 1056248 132980 14186276    0    0     0    16 1062  897 10  3 86  0  0
 1  0      0 1045952 132980 14196288    0    0     0    64 1083  974 10  4 86  0  0
 1  0      0 1068492 132980 14177244    0    0     0 30980 1641 1136 16  5 78  1  0
 1  0      0 1055896 132980 14188668    0    0     0     0 1118  980 11  3 86  0  0
 1  0      0 1045060 132980 14199504    0    0     0     0 1063  898 10  4 86  0  0
 1  0      0 1034980 132980 14209504    0    0     0    52 1063  945 11  3 86  0  0
 1  0      0 1025684 132980 14218772    0    0     0     0 1063  934 11  3 86  0  0
 1  0      0 1015604 132980 14228468    0    0     0    60 1106  997 10  4 86  0  0
 6  0      0 1006392 132980 14253940    0    0     0 31000 1929 1151 32  6 60  1  0
 5  0      0 805096 132980 14449456    0    0     0 41260 2312 1113 60 14 25  1  0
 2  0      0 837464 132980 14409428    0    0     0 258188 5180 3277 29  9 41 20  0
procs -----------memory---------- ---swap-- -----io---- -system-- ------cpu-----
 r  b   swpd   free   buff  cache   si   so    bi    bo   in   cs us sy id wa st
 2  0      0 976088 132980 14274228    0    0     0     0 1427 1030 20  6 74  0  0
 3  0      0 936564 132980 14315760    0    0     0 66092 2400 1576 21  6 70  3  0
 2  0      0 879864 132980 14370932    0    0     0     0 1341  972 20  6 74  0  0
 1  0      0 1033980 132992 14220520    0    0     0 82976 2273 1461 17  6 74  3  0
 1  0      0 1023428 132992 14229860    0    0     0     0 1140  980 10  3 86  0  0
 1  0      0 1012844 132992 14239376    0    0     0     4 1173  962 10  4 86  0  0
 1  0      0 1002012 132992 14248360    0    0     0     0 1106  983 10  3 86  0  0
 1  0      0 991936 132992 14257720    0    0     0     0 1050  912 11  3 86  0  0
 1  0      0 981100 132992 14267956    0    0     0   100 1091  959 11  3 86  0  0
 2  0      0 946072 132992 14301780    0    0     0     0 1131  860 16  4 80  0  0
 1  0      0 990280 132996 14256688    0    0     0 30968 1494 1162 12  4 82  2  0
 1  0      0 979696 132996 14266216    0    0     0     0 1069  914 11  3 86  0  0
 1  0      0 970400 132996 14275576    0    0     0     0 1097  978 11  3 86  0  0
 1  0      0 959564 132996 14284808    0    0     0    40 1079  943 11  4 86  0  0
 1  0      0 950492 132996 14294072    0    0     0     0 1033  926 11  3 86  0  0
 1  0      0 940416 132996 14303436    0    0     0   360 1077  966 11  3 86  0  0
 1  0      0 963460 132996 14282128    0    0     0 30976 1659 1185 17  5 77  1  0
 1  0      0 953400 132996 14292096    0    0     0     0 1036  884 11  3 86  0  0
 1  0      0 943168 132996 14301704    0    0     0     0 1019  951 11  3 86  0  0
 1  0      0 932840 132996 14311444    0    0     0     0 1023  869 10  4 86  0  0
 1  0      0 922760 132996 14321216    0    0     0    20 1038  960 11  3 86  0  0
procs -----------memory---------- ---swap-- -----io---- -system-- ------cpu-----
 r  b   swpd   free   buff  cache   si   so    bi    bo   in   cs us sy id wa st
 1  0      0 913688 132996 14330264    0    0     0    64 1001  904 11  3 86  0  0
 2  0      0 885716 132996 14360416    0    0     0     0 1111  934 14  5 81  0  0
 7  0      0 817904 133004 14432056    0    0     0 30968 2323 1173 54 11 34  1  0
 8  0      0 642552 133004 14602004    0    0     0 26772 2445  966 66 12 20  1  1
 5  0      0 552632 133004 14693688    0    0     0 284920 4707 2757 37  9 33 21  0
 2  0      0 880208 133008 14368536    0    0     0 37164 2053 1366 17  8 72  3  0
 1  1      0 832132 133008 14413868    0    0     0 51188 1638 1021 19  5 73  2  0
 2  0      0 785288 133008 14463032    0    0     0 14880 1504 1032 20  6 73  1  0
 2  0      0 896368 133016 14350980    0    0     0 81740 2268 1330 24  7 66  2  0
 1  1      0 842948 133016 14402128    0    0     0 29780 1561  983 20  5 73  1  0
 2  0      0 801760 133016 14445720    0    0     0 36336 1732 1166 23  6 71  1  0
 1  0      0 896944 133016 14345528    0    0     0 37712 1581 1251 11  4 83  1  0
 1  0      0 887144 133016 14354752    0    0     0     0  977  868 11  3 86  0  0
 1  0      0 876840 133016 14364900    0    0     0    28 1012  901 11  3 86  0  0
 2  0      0 840048 133016 14399836    0    0     0     4 1148  900 15  4 81  0  0
 1  0      0 883988 133028 14354476    0    0     0 31048 1373 1094 12  4 83  1  0
 1  0      0 872928 133028 14364996    0    0     0     0 1006  880 10  4 86  0  0
 1  0      0 861840 133028 14375836    0    0     0     0  971  880 11  3 86  0  0
 1  0      0 851004 133028 14386388    0    0     0     0  983  853 10  3 86  0  0
 1  0      0 840168 133028 14397368    0    0     0     0 1053  951 10  4 86  0  0
 2  0      0 798840 133028 14439488    0    0     0    56 1152  888 15  5 79  0  0
procs -----------memory---------- ---swap-- -----io---- -system-- ------cpu-----
 r  b   swpd   free   buff  cache   si   so    bi    bo   in   cs us sy id wa st
 1  0      0 849116 133028 14389372    0    0     0 30956 1558 1178 10  4 85  1  0
 1  0      0 838560 133028 14399784    0    0     0     0 1000  860 10  4 86  0  0
 1  0      0 826972 133028 14411120    0    0     0     0 1006  957 10  3 86  0  0
 1  0      0 813400 133028 14422860    0    0  1666     0 1929 2034 10  4 86  0  0
 1  0      0 801808 133028 14433056    0    0  1667     4 1843 1924 11  3 85  0  0
 7  0      0 809732 133032 14452028    0    0     0 31040 2069 1273 32  7 60  1  0
 6  0      0 595600 133032 14661240    0    0     0 65568 4092 2351 67 15 16  2  0
 1  2      0 463860 133040 14790372    0    0     0 282328 5710 2984 41 11 35 13  0
 2  0      0 781848 133040 14474036    0    0     0  1612 1713 1181 20  7 73  0  0
 2  0      0 737888 133052 14519192    0    0     0 66312 2102 1298 19  6 74  2  0
 1  1      0 682976 133052 14572844    0    0     0 16328 1406 1001 20  6 74  1  0
 2  1      0 733296 133052 14515116    0    0     0 48468 2015 1186 25  8 65  2  0
 2  0      0 743276 133052 14501412    0    0     0 82676 2359 1430 18  7 73  2  0
 2  0      0 727888 133052 14509656    0    0     0 43948 1922 1247 18  7 74  1  0
 2  0      0 794700 133052 14442908    0    0     0     4 1109  941 10  4 86  0  0
 2  0      0 784116 133052 14452900    0    0     0     0 1088  915 10  3 86  0  0
 4  0      0 772552 133052 14463904    0    0     0     0 1098  973 10  3 86  0  0
 1  0      0 803688 133068 14444500    0    0     0 31048 1565 1120 16  5 78  1  0
 1  0      0 792128 133068 14455068    0    0     0     0 1066  952 10  3 86  0  0
 1  0      0 782084 133068 14465504    0    0     0    68 1020  877 10  3 86  0  0
 1  0      0 770544 133068 14476360    0    0     0     0 1195 1062 11  3 86  0  0
procs -----------memory---------- ---swap-- -----io---- -system-- ------cpu-----
 r  b   swpd   free   buff  cache   si   so    bi    bo   in   cs us sy id wa st
 1  0      0 759720 133068 14486824    0    0     0     0 1002  861 10  3 87  0  0
 2  0      0 749672 133068 14496464    0    0     0    56 1120  936 10  4 86  0  0
 1  0      0 764440 133072 14475720    0    0     0 30972 1636 1156 17  5 76  1  0
 1  0      0 751844 133072 14486484    0    0     0     8 1059  905 11  3 86  0  0
 2  0      0 739500 133072 14497620    0    0     0     0 1076  879 10  4 86  0  0
 1  0      0 728160 133072 14508336    0    0     0     0 1024  913  9  4 86  0  0
 1  0      0 716852 133072 14519000    0    0     0     0 1014  838 10  4 86  0  0
 1  0      0 704756 133072 14530280    0    0     0    60 1083  957 11  3 86  0  0
 8  0      0 667892 133080 14587492    0    0     0 30964 1947 1139 37  9 53  1  0
 6  0      0 484384 133084 14777312    0    0     0 99220 3227 1552 64 12 21  3  0
 3  0      0 592516 133088 14667100    0    0     0 245696 4494 2582 40  9 36 15  0
 2  0      0 692272 133088 14568600    0    0     0     0 1340  921 20  6 74  0  0
 2  0      0 651700 133088 14607684    0    0     0 66096 2021 1178 18  6 74  2  0
 1  1      0 605080 133088 14654552    0    0     0 15268 1435  998 20  6 73  1  0
 2  1      0 645688 133096 14610272    0    0     0 27476 1755 1103 26  7 67  1  0
 2  0      0 664052 133100 14592956    0    0     0 92260 2172 1445 20  5 72  3  0
 1  0      0 728640 133104 14525112    0    0     0 27904 1466 1070 15  6 78  1  0
 1  0      0 718088 133104 14534864    0    0     0     0 1048  912 10  4 86  0  0
 1  0      0 707280 133104 14544772    0    0     0   292 1089  880 10  3 86  0  0
 1  0      0 694684 133104 14555412    0    0     0     0 1080  919 10  4 86  0  0
 1  1      0 649828 133108 14598596    0    0     0 21888 1332  985 17  4 78  1  0
procs -----------memory---------- ---swap-- -----io---- -system-- ------cpu-----
 r  b   swpd   free   buff  cache   si   so    bi    bo   in   cs us sy id wa st
 1  0      0 700344 133112 14546580    0    0     0  9152 1240 1093 11  3 85  1  0
 1  0      0 689256 133112 14556784    0    0     0     0 1061  954 10  3 86  0  0
 1  0      0 678676 133112 14566808    0    0     0     0 1031  907 10  3 86  0  0
 1  0      0 666608 133112 14577668    0    0     0    16  987  851 11  3 86  0  0
 1  0      0 655016 133112 14588460    0    0     0     0 1077  941 10  4 86  0  0
 1  0      0 683100 133116 14569276    0    0     0 31064 1552 1243 16  4 78  1  0
 2  0      0 671256 133116 14580948    0    0     0     0 1022  923 10  3 86  0  0
 1  0      0 659444 133116 14591744    0    0     0     0 1022  874 10  3 86  0  0
 1  0      0 648628 133116 14602008    0    0     0     0 1054  908 11  3 86  0  0
 1  0      0 637524 133116 14612232    0    0     0    52 1043  877 10  4 86  0  0
 1  0      0 627200 133116 14621804    0    0    44    80 1025  904 11  3 86  0  0
 7  0      0 619292 133144 14627252    0    0     0 31004 1612 1409 27  7 65  2  0
 8  0      0 397604 133144 14851668    0    0     0     0 2333  902 72 15 13  0  0
 1  4      0 243184 133148 14996256    0    0     0 251088 4457 2615 47 10 23 20  0
 2  0      0 602204 133148 14644244    0    0    36 115512 3024 2277 15  7 69  9  0
 2  0      0 550320 133148 14693876    0    0     0     0 1265  868 21  5 74  0  0
 1  1      0 517560 133152 14726492    0    0     0 86576 1835 1257 17  5 74  4  0
 3  0      0 556396 133156 14690484    0    0     0   120 1389  999 24  6 70  0  0
 2  0      0 564040 133160 14688852    0    0    44 97008 2055 1390 21  7 69  4  0
 2  0      0 505368 133160 14746148    0    0    48     0 1253  870 21  5 74  0  0
 2  0      0 464088 133164 14788456    0    0     0 65984 1775 1234 19  5 74  2  0
procs -----------memory---------- ---swap-- -----io---- -system-- ------cpu-----
 r  b   swpd   free   buff  cache   si   so    bi    bo   in   cs us sy id wa st
 1  0      0 619760 133168 14632700    0    0  1666 37360 2364 2092 16  5 77  1  0
 1  0      0 606432 133168 14642196    0    0  1667     0 1943 1950 11  3 85  0  0
 2  0      0 588540 133168 14661172    0    0     0     0 1002  855 12  4 84  0  0
 3  0      0 607776 133176 14633456    0    0     0 31044 1357 1108 15  4 80  1  0
 1  0      0 596692 133176 14644336    0    0     0     0  931  842 10  4 86  0  0
 1  0      0 586108 133176 14654688    0    0    40     0 1044  934 10  3 86  0  0
 2  0      0 575776 133176 14664648    0    0     0     0  959  845 11  3 86  0  0
 1  0      0 565444 133176 14674868    0    0     0    16 1042  962 11  3 86  0  0
 2  0      0 544780 133176 14696208    0    0     0    64 1111  929 13  4 83  0  0
 1  0      0 582708 133176 14665432    0    0     0 31000 1410 1187 14  4 80  1  0
 1  0      0 572380 133176 14675816    0    0     0     0  968  861 10  3 86  0  0
 1  0      0 562556 133176 14685460    0    0     0     0 1050  926 11  3 86  0  0
 1  0      0 552224 133176 14695204    0    0     0   256 1055  872 10  3 86  0  0
 3  0      0 542144 133176 14705284    0    0     0     0 1033  950 11  3 86  0  0
 2  0      0 521984 133180 14725880    0    0     0    60 1075  893 12  4 84  0  0
 7  0      0 439464 133180 14805904    0    0     0 31008 2301 1191 46 10 42  1  0
 6  1      0 205908 133180 15032952    0    0     0 48400 2638 1023 71 16 12  2  0
 1  1      0 169508 133180 15073472    0    0     0 322464 5796 4064 22  7 33 38  0
 2  0      0 523620 133180 14726476    0    0     0   224 1577 1060 20  6 74  0  0
 2  0      0 478316 133180 14768600    0    0     0 40960 1710 1085 19  6 74  2  0
 2  0      0 433208 133180 14814720    0    0     0 25108 1503 1002 20  5 74  1  0
procs -----------memory---------- ---swap-- -----io---- -system-- ------cpu-----
 r  b   swpd   free   buff  cache   si   so    bi    bo   in   cs us sy id wa st
 2  1      0 356348 133180 14894328    0    0     0 90568 2470 1312 26  6 65  2  0
 2  0      0 555084 133180 14707584    0    0     0 27460 1707 1181 20  6 73  1  0
 2  0      0 504940 133180 14755900    0    0     0    96 1294  942 21  5 74  0  0
 3  0      0 465880 133180 14795312    0    0     0 66012 1781 1135 18  5 74  3  0
 2  0      0 412216 133180 14846800    0    0     0     0 1242  889 20  6 74  0  0
 2  0      0 377188 133180 14883660    0    0     0 65984 1861 1177 19  5 74  3  0
 3  0      0 319252 133180 14934516    0    0     0 32768 1597 1039 21  6 72  1  0
 1  0      0 550856 133180 14691768    0    0     0 58472 1849 1234 16  5 77  2  0
 1  0      0 541284 133180 14701492    0    0     0     0 1032  890 10  3 86  0  0
 1  0      0 531208 133180 14711088    0    0     0     0  975  828 10  3 86  0  0
 1  0      0 521632 133180 14720576    0    0     0    24 1014  915 10  4 86  0  0
 1  0      0 511048 133180 14730460    0    0     0     0 1018  896 11  3 86  0  0
 1  0      0 501248 133180 14740032    0    0     0   144  984  914 11  3 86  0  0
 1  1      0 462692 133180 14782340    0    0     0 20488 1323  943 17  4 78  1  0
 1  0      0 512256 133180 14730248    0    0     0 10516 1382 1180 11  4 85  1  0
 1  0      0 501952 133180 14740392    0    0     0     0  934  859 10  3 86  0  0
 1  0      0 492124 133180 14749832    0    0     0     0  997  935 11  3 86  0  0
 1  0      0 482336 133180 14759196    0    0     0     0  960  830 10  3 86  0  0
 1  0      0 473040 133180 14768592    0    0     0     0  999  911 11  3 86  0  0
 2  0      0 445376 133180 14799736    0    0     0    60 1106  907 14  5 81  0  0
 7  0      0 374672 133180 14877992    0    0     0 31004 2260 1140 54 11 33  1  0
procs -----------memory---------- ---swap-- -----io---- -system-- ------cpu-----
 r  b   swpd   free   buff  cache   si   so    bi    bo   in   cs us sy id wa st
 7  0      0 178708 133180 15072472    0    0     0 34064 2402  938 67 13 19  1  0
 2  0      0 429188 133184 14818680    0    0     0 321704 5407 3528 25  8 38 29  0
 2  0      0 481796 133184 14767892    0    0     0   164 1238  887 21  6 74  0  0
 1  1      0 439744 133184 14808596    0    0     0 51184 1661 1077 19  5 74  2  0
 2  0      0 394916 133184 14855360    0    0     0 14756 1421  963 21  5 74  1  0
 4  0      0 380884 133188 14865760    0    0     0 96988 2476 1480 23  7 65  4  0
 2  0      0 491832 133192 14754908    0    0     0  5844 1355 1002 20  6 74  0  0
 1  1      0 445968 133192 14799048    0    0     0 48728 1739 1109 19  6 74  2  0
 2  0      0 395096 133196 14851196    0    0     0 17304 1545 1019 20  6 74  1  0
 1  0      0 497180 133200 14742068    0    0     0 45404 1617 1218 11  4 84  1  0
 1  0      0 488612 133200 14751200    0    0     0     0 1014  897 11  3 86  0  0
 2  0      0 456132 133200 14785568    0    0     0     0 1181  949 16  4 80  0  0
 1  0      0 506188 133204 14741476    0    0     0 31060 1504 1119 11  4 84  1  0
 2  0      0 490212 133204 14752112    0    0     0     0 1448 1391 12  5 83  0  0
 1  0      0 481600 133204 14761548    0    0     0     0 1628 1376 14  4 81  0  0
 1  0      0 472064 133204 14771020    0    0     0     0 1103  961 10  4 86  0  0
 1  0      0 461776 133204 14781400    0    0     0    72 1202 1009 10  4 86  0  0
 2  0      0 434356 133204 14808568    0    0     0    92 1175  978 14  5 81  0  0
 1  0      0 463532 133204 14770300    0    0  1666 31012 2525 2210 13  5 80  1  0
 1  0      0 449752 133204 14780668    0    0  1667     0 1956 1983 10  4 86  0  0
 1  0      0 439724 133204 14790800    0    0     0     0 1167  978 10  3 86  0  0
procs -----------memory---------- ---swap-- -----io---- -system-- ------cpu-----
 r  b   swpd   free   buff  cache   si   so    bi    bo   in   cs us sy id wa st
 1  0      0 430688 133204 14800300    0    0     0     4 1085  964 11  3 86  0  0
 1  0      0 420896 133204 14810212    0    0     0     0 1044  890 10  3 86  0  0
 2  0      0 407612 133208 14829024    0    0     0    56 1131  966 12  3 85  0  0
 7  0      0 373784 133208 14890428    0    0     0 31004 2135 1107 44 10 45  1  0
 5  1      0 179784 133208 15078328    0    0     0 72164 2860 1286 72 13 12  3  1
 3  3      0 157744 133184 15098632    0    0     0 235164 4478 2607 44 10 27 19  0
 2  0      0 507120 133184 14751912    0    0     0 58888 2370 1713 17  6 70  7  0
 1  1      0 454480 133184 14801372    0    0     0 39968 1687 1123 19  6 74  1  0
 1  1      0 412900 133184 14844416    0    0     0 58492 1950 1257 19  5 74  2  0
 3  0      0 455152 133184 14799508    0    0     0    32 1506  969 27  6 67  0  0
 2  0      0 532784 133188 14719820    0    0     0 91380 2381 1532 21  5 71  3  0
 2  0      0 474624 133192 14775672    0    0     0     8 1312  937 21  5 74  0  0
 2  0      0 427260 133192 14823724    0    0     0 66008 2044 1349 19  5 74  2  0
 2  0      0 377620 133192 14871260    0    0     0     0 1314  936 21  6 74  0  0
 2  0      0 339592 133192 14909952    0    0     0 65984 2096 1489 18  6 73  2  0
 2  0      0 497416 133196 14754776    0    0     0 42428 1757 1133 17  6 76  1  0
 1  0      0 522364 133196 14721148    0    0     0 31088 1473 1083 14  5 80  1  0
 1  0      0 511052 133196 14731796    0    0     0     0 1034  923 10  4 86  0  0
 1  0      0 499740 133196 14741768    0    0     0    20 1047  932 11  3 86  0  0
 1  0      0 490164 133196 14751072    0    0     0     0 1044  876 11  3 86  0  0
 1  0      0 480084 133196 14760640    0    0     0     0 1080  947 11  3 86  0  0
procs -----------memory---------- ---swap-- -----io---- -system-- ------cpu-----
 r  b   swpd   free   buff  cache   si   so    bi    bo   in   cs us sy id wa st
 1  0      0 471044 133200 14769764    0    0     0   408 1103  914 11  3 86  0  0
 2  0      0 512500 133204 14750012    0    0     0 31024 1642 1186 17  5 77  1  0
 1  0      0 501168 133204 14760808    0    0     0     0 1019  885 10  4 86  0  0
 1  0      0 489856 133204 14771004    0    0     0     0 1052  975 10  4 86  0  0
 1  0      0 479284 133204 14780984    0    0     0     0 1144  988 11  3 86  0  0
 1  0      0 467944 133204 14791548    0    0     0     8 1085  983 10  3 87  0  0
 2  0      0 450616 133204 14804936    0    0     0    76 1505 1308 13  5 82  0  0
 7  0      0 395040 133204 14853012    0    0     0 31020 2190 1394 38  9 51  1  0
 6  0      0 192008 133208 15055064    0    0     0 67700 2938 1260 64 15 19  2  0
 2  0      0 512016 133216 14737748    0    0     0 278168 5902 3344 33 11 38 17  0
 2  0      0 452548 133216 14796872    0    0     0   100 1274  897 21  5 74  0  0
 2  0      0 402680 133216 14846504    0    0     0 66080 2041 1283 18  6 74  1  0
 2  0      0 346800 133216 14895896    0    0     0     0 1592 1174 22  8 70  0  0
 2  0      0 510764 133224 14750144    0    0     0 101580 2790 1598 24  8 64  3  0
 1  1      0 457372 133224 14801688    0    0     0 29724 1621 1050 20  5 74  1  0
 2  0      0 492488 133232 14766324    0    0     0 43968 2004 1207 18  7 74  1  0
 1  1      0 442604 133232 14814832    0    0     0 57344 1830 1175 19  5 74  2  0
 2  0      0 399512 133232 14859192    0    0     0  8656 1517 1085 21  5 74  0  0
 2  0      0 356336 133232 14900952    0    0     0 65980 2046 1180 20  5 73  2  0
 1  0      0 515312 133236 14728200    0    0     0 58696 2554 1718 26  7 66  2  0
 1  0      0 502724 133236 14739700    0    0     0     8 1156  976 10  3 87  0  0
procs -----------memory---------- ---swap-- -----io---- -system-- ------cpu-----
 r  b   swpd   free   buff  cache   si   so    bi    bo   in   cs us sy id wa st
 1  0      0 492196 133236 14749768    0    0     0     0 1153 1006 11  3 86  0  0
 1  0      0 482424 133236 14758568    0    0     0     0 1064  946 11  3 86  0  0
 3  0      0 472400 133236 14768008    0    0     0     0 1302 1158 10  4 86  0  0
 1  0      0 462888 133236 14776884    0    0     0   116 1864 1710 13  6 81  0  0
 2  0      0 436232 133236 14806820    0    0     0     0 1762 1508 15  4 81  0  0
 1  0      0 484988 133240 14766172    0    0     0 31028 2095 1659 14  4 81  1  0
 1  0      0 475216 133240 14775960    0    0     0     0 1449 1278 11  3 86  0  0
 1  0      0 463152 133240 14785836    0    0     0     0 1315 1168 11  4 86  0  0
 2  0      0 450880 133240 14795696    0    0     0     0 1433 1322 11  4 85  0  0
 1  0      0 440808 133240 14805572    0    0     0     0 1483 1298 13  3 83  0  0
 3  0      0 422192 133244 14824464    0    0     0   388 1313 1101 12  4 84  0  0
 8  0      0 374428 133244 14871736    0    0     0 31080 2417 1245 43 10 46  1  0
 6  0      0 196852 133244 15048256    0    0     0 21232 2372  969 67 13 20  1  0
 1  5      0 159976 133244 15085520    0    0     0 191020 4324 2688 43  9 24 23  0
 2  0      0 494912 133264 14754184    0    0     0 138644 3369 2686 16  6 64 14  0
 2  0      0 435972 133264 14806672    0    0   547     0 1695 1301 22  5 73  0  0
 2  0      0 387360 133268 14855096    0    0  1119 65996 2673 1931 19  6 73  2  0
 0  1      0 306792 133268 14934268    0    0  1667 71736 3345 2491 25  6 65  4  0
 2  0      0 323552 133268 14918544    0    0     0 25260 1849 1323 20  5 73  1  0
 2  0      0 279256 133268 14963288    0    0     0 65984 1979 1198 18  5 74  2  0
 2  0      0 491740 133268 14750500    0    0     0 35280 1862 1279 20  6 73  1  0
procs -----------memory---------- ---swap-- -----io---- -system-- ------cpu-----
 r  b   swpd   free   buff  cache   si   so    bi    bo   in   cs us sy id wa st
 2  0      0 441320 133268 14800808    0    0     0     0 1386  995 21  6 74  0  0
 2  0      0 399544 133268 14842212    0    0     0 66016 2070 1306 20  5 73  2  0
 2  1      0 310656 133268 14927624    0    0     0 16384 1617 1007 26  7 66  1  0
 2  0      0 337808 133268 14911036    0    0     0 80588 2220 1429 19  6 72  3  0
 2  0      0 288464 133268 14962228    0    0     0     0 1462 1052 21  6 74  0  0
 1  0      0 494144 133276 14748696    0    0     0 73560 2192 1538 13  5 79  3  0
 1  0      0 484616 133276 14758612    0    0     0     0 1128  991 11  3 86  0  0
 6  0      0 474080 133276 14768404    0    0     0     0 1146 1048 10  3 86  0  0
 2  0      0 436056 133276 14800504    0    0     0     0 1157  930 15  4 81  0  0
 4  0      0 472356 133284 14758176    0    0     0 31040 1668 1319 12  5 82  1  0
 3  0      0 461268 133284 14769004    0    0     0     0 1041  925 10  3 86  0  0
 3  0      0 450732 133284 14779744    0    0     0     0 1117 1049 10  4 86  0  0
 3  0      0 440692 133284 14789896    0    0     0     0 1113 1007 10  3 86  0  0
 2  0      0 429608 133284 14800552    0    0     0     0 1116  994 10  3 86  0  0
 2  0      0 390072 133288 14841332    0    0     0    72 1321 1055 16  5 80  0  0
10  0      0 307564 133288 14949612    0    0     0 38676 2517 1211 60 11 28  1  0
 6  4      0 161240 133296 15095596    0    0     0 199688 3909 2220 54 12 24  9  0
 2  0      0 464244 133304 14799996    0    0     0 122924 3515 2383 20  6 66  8  0
 1  1      0 411100 133304 14850240    0    0     0 15368 1492 1016 19  6 74  1  0
 2  0      0 365272 133308 14894252    0    0     0 51312 2298 1433 20  5 73  2  0
 3  1      0 291436 133308 14958688    0    0     0 53160 2046 1191 23  6 68  2  0
procs -----------memory---------- ---swap-- -----io---- -system-- ------cpu-----
 r  b   swpd   free   buff  cache   si   so    bi    bo   in   cs us sy id wa st
 5  0      0 453340 133316 14788580    0    0     0 53980 2280 1597 21  7 70  2  0
 1  1      0 402184 133316 14836868    0    0     0 26624 1718 1180 19  6 74  1  0
 2  0      0 356852 133320 14884408    0    0     0 39424 1835 1159 20  5 74  1  0
 2  0      0 311028 133320 14929848    0    0     0 66232 2192 1342 19  5 74  2  0
 2  0      0 256940 133320 14983208    0    0     0     0 1401 1011 20  6 74  0  0
 5  0      0 196700 133324 15041596    0    0     0 77052 2401 1467 22  6 70  2  0
 2  0      0 484760 133324 14767520    0    0     0 30976 1570 1344 13  5 81  1  0
 1  0      0 474720 133324 14778328    0    0     0     0 1100  922 10  4 86  0  0
 1  0      0 464136 133324 14788848    0    0     0     0 1159 1089 11  3 86  0  0
 1  0      0 454308 133324 14798448    0    0     0    84 1099  970 10  3 86  0  0
 1  0      0 444000 133324 14808900    0    0     0     0 1181 1105 10  3 86  0  0
 3  0      0 423864 133324 14829584    0    0     0   112 1263 1004 14  4 83  0  0
 2  0      0 448476 133328 14797792    0    0     0 30996 1657 1243 14  5 80  1  0
 1  0      0 437416 133328 14808312    0    0   140     0 1226 1061 10  4 86  0  0
 1  0      0 427336 133328 14818264    0    0     0     0 1118 1031 11  3 86  0  0
 1  0      0 417508 133328 14828004    0    0     0     0 1092  948 11  3 86  0  0
 2  0      0 407232 133328 14838040    0    0     0     0 1189 1061 10  4 86  0  0
 3  0      0 391636 133332 14853448    0    0     0   116 1105  957 12  4 85  0  0
 6  0      0 382228 133332 14876876    0    0     0 36584 2115 1314 36  7 55  2  0
 6  0      0 226824 133332 15039212    0    0     0     0 2204  939 63 13 24  0  0
 1  5      0 162860 133332 15098460    0    0     0 179172 3656 1994 53 11 24 12  0
procs -----------memory---------- ---swap-- -----io---- -system-- ------cpu-----
 r  b   swpd   free   buff  cache   si   so    bi    bo   in   cs us sy id wa st
 2  0      0 474856 133340 14782888    0    0     0 143408 3074 2529 16  6 62 16  0
 2  0      0 424088 133340 14833520    0    0     0     0 1255  937 20  6 74  0  0
 3  0      0 380996 133344 14876192    0    0     0 66072 1897 1209 19  5 73  2  0
 5  0      0 299880 133344 14952644    0    0     0  8200 1379  943 24  7 69  0  0
 2  0      0 471344 133348 14776996    0    0     0 100144 2530 1547 20  7 71  3  0
 2  0      0 419060 133348 14828460    0    0     0     0 1321  979 20  6 74  0  0
 2  0      0 373448 133348 14873996    0    0     0 66064 2102 1249 19  5 73  2  0
 2  0      0 325356 133348 14921312    0    0    72 65988 2120 1401 19  5 74  2  0
 2  0      0 270732 133348 14976112    0    0    28    16 1343  950 22  5 73  0  0
 3  0      0 190812 133352 15053388    0    0     0 66004 2244 1356 25  7 66  2  0
 2  0      0 211756 133356 15043140    0    0     0 31016 1813 1212 21  6 72  1  0
 1  0      0 479116 133360 14768812    0    0     0 62668 1899 1305 13  5 80  3  0
 1  0      0 467524 133360 14779988    0    0     0     0 1079  952 10  4 86  0  0
 1  0      0 456224 133360 14790180    0    0  1666   284 2016 1990 11  4 86  0  0
 1  0      0 445148 133360 14800272    0    0  1667     0 1915 1966 12  3 85  0  0
 1  0      0 460128 133364 14780896    0    0     0 31080 1672 1288 15  5 78  1  0
 1  0      0 446776 133364 14792872    0    0     0     0 1033  921 11  3 86  0  0
 1  0      0 434964 133364 14803864    0    0     0     0 1093  994 11  3 86  0  0
 1  0      0 423372 133364 14814616    0    0     0     0 1009  902 11  3 86  0  0
 2  0      0 412032 133364 14825740    0    0     0     0 1118  996 11  3 86  0  0
 3  0      0 390108 133368 14846032    0    0     0    68 1130  963 12  4 85  0  0
procs -----------memory---------- ---swap-- -----io---- -system-- ------cpu-----
 r  b   swpd   free   buff  cache   si   so    bi    bo   in   cs us sy id wa st
 6  0      0 350936 133368 14901332    0    0     0 30980 2231 1204 42  9 48  1  0
 6  0      0 161208 133368 15090152    0    0     0     0 2153  965 63 13 24  0  0
 5  0      0 162904 133376 15092384    0    0     0 322860 5751 3842 27  8 39 26  0
 2  0      0 448980 133376 14806600    0    0     0   196 1502 1028 19  7 74  0  0
 2  0      0 396820 133376 14857532    0    0     0 65964 1562 1333 19  5 74  2  0
 4  0      0 336088 133376 14919888    0    0     0     0 1306  896 21  6 72  0  0
 2  0      0 324368 133376 14922824    0    0     0 97020 2081 1696 25  5 66  3  0
 1  1      0 272012 133376 14977564    0    0     0 18012 1578 1077 19  6 74  1  0
 2  0      0 217420 133376 15031008    0    0     0 47960 2152 1441 19  6 74  2  0
 2  0      0 465580 133376 14773804    0    0     0 44416 1958 1487 12  4 82  1  0
 1  0      0 453848 133376 14783408    0    0     0     0 1556 1436 12  4 84  0  0
 2  0      0 441036 133376 14799332    0    0     0     0 1305 1116 12  3 84  0  0
 1  0      0 480560 133376 14772860    0    0     0 31060 1669 1206 15  5 78  1  0
 1  0      0 468492 133376 14784036    0    0     0     4 1112  971 11  3 86  0  0
 1  0      0 457408 133376 14793896    0    0     0     0 1029  979 11  3 86  0  0
 1  0      0 446572 133376 14803588    0    0     0     0  996  875 11  3 86  0  0
 1  0      0 434980 133376 14814280    0    0     0     0 1021  965 10  3 86  0  0
 2  0      0 402728 133376 14840496    0    0     0    56 1119  986 13  4 84  0  0
 1  0      0 428784 133376 14807216    0    0     0 31084 1646 1213 13  5 81  1  0
 1  0      0 417752 133376 14818012    0    0     0     0 1103  936  9  4 86  0  0
 1  0      0 406424 133376 14828548    0    0     0     0 1008  924 10  4 86  0  0
procs -----------memory---------- ---swap-- -----io---- -system-- ------cpu-----
 r  b   swpd   free   buff  cache   si   so    bi    bo   in   cs us sy id wa st
 1  0      0 396848 133376 14838708    0    0     0     0 1100  978 11  3 86  0  0
 1  0      0 386068 133376 14849232    0    0     0     0 1089 1018 10  3 86  0  0
 2  1      0 341968 133376 14893052    0    0     0  8052 1245  986 16  4 80  0  0
 7  0      0 193248 133384 15051272    0    0     0 23028 2615 1183 68 13 18  1  0
 5  1      0 157156 133396 15088628    0    0     0 234288 5207 2824 58 14 15 13  0
 2  0      0 509556 133396 14739824    0    0     0 138480 3636 2716 18  6 65 10  0
 2  1      0 457592 133396 14789208    0    0     0 53228 1484 1197 19  5 74  2  0
 2  0      0 406700 133396 14840480    0    0     0 13212 1608 1325 20  6 73  0  0
 3  0      0 341936 133396 14907748    0    0     0 65984 1529 1229 24  6 67  3  0
 2  0      0 547404 133404 14715704    0    0     0 48828 1723 1432 20  7 71  2  0
 2  0      0 498728 133404 14763568    0    0     0     0 1343 1017 21  5 74  0  0
 2  0      0 453872 133404 14808156    0    0     0 66044 1468 1276 18  5 74  2  0
 2  0      0 399696 133404 14860860    0    0     0    96 1229  879 21  5 74  0  0
 2  0      0 351324 133404 14909824    0    0     0 65988 1539 1256 19  5 74  2  0
 3  0      0 484004 133404 14769508    0    0     0 41512 1432 1079 22  7 70  1  0
 1  1      0 474780 133404 14770216    0    0     0 83308 2210 1369 22  7 69  2  0
 2  0      0 422648 133404 14823320    0    0     0 13740 1528 1087 20  6 74  1  0
 2  0      0 368996 133404 14876008    0    0     0 65980 2208 1445 18  7 73  2  0
 2  0      0 310568 133404 14933704    0    0     0     0 1265  941 21  6 74  0  0
 2  0      0 259740 133404 14982288    0    0     0 66032 2029 1282 20  5 73  2  0
 2  0      0 200812 133408 15038876    0    0     0 53132 1909 1284 21  5 72  2  0
procs -----------memory---------- ---swap-- -----io---- -system-- ------cpu-----
 r  b   swpd   free   buff  cache   si   so    bi    bo   in   cs us sy id wa st
 2  0      0 536420 133412 14706816    0    0     0 30972 1551 1258 11  5 83  1  0
 4  0      0 522084 133412 14717860    0    0     0    12 1149 1045 10  4 86  0  0
 1  0      0 510756 133412 14727860    0    0     0     0 1347 1272 13  3 84  0  0
 1  0      0 500684 133412 14737928    0    0     0     0 1051  986 11  3 86  0  0
 1  0      0 491360 133412 14747304    0    0     0     0 1051  972 10  3 86  0  0
 2  0      0 451276 133412 14781284    0    0     0   152 1715 1422 19  6 76  0  0
 6  0      0 378496 133412 14877232    0    0     0 31048 2626 1341 52 12 35  1  0
 2  3      0 187996 133412 15059616    0    0     0 105608 3419 1739 60 14 22  5  0
 3  0      0 479664 133424 14763540    0    0     0 207812 4413 3340 16  6 59 19  0
 2  0      0 430408 133424 14811880    0    0     0     0 1374 1001 20  6 74  0  0
 2  0      0 389412 133432 14852696    0    0  1666 66100 2974 2365 20  5 73  2  0
 3  0      0 337060 133432 14899588    0    0  1667    52 2975 2525 26  7 67  0  0
 2  0      0 328176 133436 14905736    0    0     0 97064 3456 2658 28  9 60  3  0
 2  0      0 278240 133436 14955116    0    0     0     0 1522 1119 20  6 74  0  0
 2  0      0 232204 133436 14995996    0    0  2760 65984 2981 2037 27  6 62  4  0
 1  0      0 469716 133444 14756724    0    0    40 33960 1761 1280 15  6 78  1  0
 1  0      0 460688 133444 14765936    0    0     0     0 1413 1209 11  4 85  0  0
 2  0      0 452952 133448 14775220    0    0     0     8 1470 1233 13  4 82  0  0
 2  0      0 430720 133448 14802052    0    0     0     0 1522 1329 16  4 80  0  0
 1  0      0 464408 133452 14762768    0    0     0 31088 1740 1419 13  4 81  1  0
 1  0      0 454356 133452 14773476    0    0     0     0 1244 1159 10  4 86  0  0
procs -----------memory---------- ---swap-- -----io---- -system-- ------cpu-----
 r  b   swpd   free   buff  cache   si   so    bi    bo   in   cs us sy id wa st
 1  0      0 443528 133452 14783512    0    0     0     0 1177 1130 10  3 86  0  0
 1  0      0 435836 133452 14792484    0    0     0   684 2244 1781 15  5 80  0  0
 1  0      0 422768 133452 14802616    0    0     0     0 1583 1338 11  5 84  0  0
 4  0      0 407716 133456 14822856    0    0     0   124 1430 1209 12  4 83  0  0
 2  0      0 443120 133460 14793688    0    0     0 31028 1659 1290 15  5 80  1  0
 1  0      0 432800 133460 14803904    0    0     0     0 1069  949 10  3 86  0  0
 1  0      0 423232 133460 14813940    0    0     0     0 1016  868 11  3 86  0  0
 1  0      0 411672 133460 14823308    0    0     0     0 1405 1194 11  4 85  0  0
 1  0      0 401888 133460 14833040    0    0     0     0 1064  914 11  3 86  0  0
 1  0      0 390316 133460 14843224    0    0     0    64 1076  996 11  3 86  0  0
 7  0      0 357424 133468 14887404    0    0     0 31064 2037 1117 34  9 56  1  0
17  0      0 159232 133472 15088580    0    0     0 41124 2918 1206 71 14 14  1  0
 2  0      0 293904 133496 14949532    0    0     0 323016 6099 3768 34 10 43 13  0
 2  0      0 479248 133496 14766960    0    0     0     0 1386 1023 21  6 73  0  0
 2  0      0 438452 133496 14805692    0    0     0 66088 1901 1146 19  5 74  2  0
 2  0      0 392096 133496 14851900    0    0     0     0 1367 1018 20  6 74  0  0
 2  1      0 318764 133496 14923316    0    0     0 47084 1846 1024 27  7 65  2  0
 2  0      0 356368 133496 14900240    0    0     0 49928 1873 1329 20  5 71  3  0
 2  0      0 309496 133496 14945160    0    0     0     0 1273  896 21  5 74  0  0
 2  0      0 271708 133500 14983712    0    0     0 65976 1802 1167 19  5 74  2  0
 2  0      0 498992 133500 14760276    0    0     0 31280 1576  993 20  5 74  1  0
procs -----------memory---------- ---swap-- -----io---- -system-- ------cpu-----
 r  b   swpd   free   buff  cache   si   so    bi    bo   in   cs us sy id wa st
 1  1      0 450860 133500 14806852    0    0     0 21540 1468  989 20  5 74  1  0
 2  0      0 407520 133500 14848328    0    0     0 44508 1704 1103 20  5 74  1  0
 2  1      0 384448 133500 14862444    0    0     0 43844 1873 1276 28  7 64  2  0
 2  0      0 341612 133500 14904252    0    0     0 53160 1746 1166 19  5 74  2  0
 1  1      0 295760 133500 14949284    0    0     0 24576 1485 1044 20  5 74  1  0
 2  0      0 320148 133504 14924180    0    0     0 68760 2018 1237 19  5 73  2  0
 1  0      0 508788 133504 14733860    0    0     0     0 1051  970 11  4 86  0  0
 1  0      0 498708 133504 14743572    0    0     0     0 1090  924 11  3 86  0  0
 2  0      0 468216 133504 14776140    0    0     0     0 1118  921 15  4 81  0  0
 1  0      0 518092 133504 14734136    0    0     0 31076 1443 1089 12  4 83  1  0
 1  0      0 506504 133504 14744964    0    0     0     0  995  919 10  4 86  0  0
 1  0      0 495920 133504 14755844    0    0     0     8  997  893 10  3 86  0  0
 1  0      0 485336 133504 14765072    0    0     0     0 1023  949 10  4 86  0  0
 1  0      0 475760 133504 14774336    0    0     0     0  970  861 11  3 86  0  0
 2  0      0 440228 133508 14807168    0    0     0    64 1157  929 14  4 82  0  0
 7  0      0 316340 133508 14928156    0    0     0 31032 2382 1105 58 13 28  1  0
 4  2      0 157880 133512 15085336    0    0     0 70140 2531 1265 63 11 23  3  0
 2  0      0 513844 133516 14730356    0    0     0 283844 5932 3892 17  7 41 35  0
 2  0      0 457988 133516 14785844    0    0     0     0 1291  937 21  5 74  0  0
 2  0      0 412660 133516 14832912    0    0     0 66100 2027 1119 19  5 74  2  0
 3  0      0 345880 133516 14900112    0    0     0     0 1352  905 23  6 71  0  0
procs -----------memory---------- ---swap-- -----io---- -system-- ------cpu-----
 r  b   swpd   free   buff  cache   si   so    bi    bo   in   cs us sy id wa st
 2  0      0 352600 133516 14900660    0    0     0 97008 2665 1397 21  7 69  3  0
 2  0      0 514340 133516 14742448    0    0     0 42452 1877 1240 20  5 74  1  0
 2  1      0 459732 133516 14795612    0    0     0 42996 1768 1058 19  6 74  1  0
 2  0      0 414636 133520 14839736    0    0     0 23036 1567 1029 20  5 74  1  0
 1  1      0 372312 133520 14881628    0    0     0 40712 1582 1018 20  5 74  1  0
 3  0      0 323676 133520 14930988    0    0     0 25288 1723 1172 22  5 72  1  0
 2  0      0 306708 133524 14939796    0    0     0 97000 2465 1406 24  7 66  3  0
 2  0      0 250220 133524 14990652    0    0   547     0 2154 1786 22  7 71  0  0
 2  0      0 211172 133524 15029920    0    0  1119 65988 2548 1824 18  6 73  2  0
 1  0      0 502940 133524 14730348    0    0  1667 20128 2739 2493 15  6 79  1  0
 1  0      0 492720 133524 14740224    0    0     0     8 1328 1234 11  3 86  0  0
 2  0      0 481912 133524 14750528    0    0     0     0 1129 1137 11  3 86  0  0
 1  0      0 496556 133524 14732064    0    0     0 31072 1841 1375 16  6 77  1  0
 1  0      0 484972 133524 14742760    0    0     0     0 1099  960 11  3 86  0  0
 2  0      0 474444 133524 14753388    0    0     0     0 1000  880 10  4 86  0  0
 1  0      0 463860 133524 14763788    0    0     0     8  974  891 11  3 86  0  0
 1  0      0 454356 133524 14774080    0    0     0     0 1020  903 10  4 86  0  0
 2  0      0 440008 133528 14792788    0    0     0   128 1068  968 12  3 84  0  0
 8  0      0 419572 133532 14826476    0    0     0 30988 1856 1091 40  9 49  1  0
 6  0      0 239000 133532 15007472    0    0     0 16820 2288  946 65 14 21  0  0
 1  5      0 157944 133532 15080064    0    0     0 225480 5028 3108 38  9 24 29  0
procs -----------memory---------- ---swap-- -----io---- -system-- ------cpu-----
 r  b   swpd   free   buff  cache   si   so    bi    bo   in   cs us sy id wa st
 2  0      0 472168 133532 14770916    0    0     0 97108 3162 2426 18  7 67  8  0
 1  1      0 421572 133532 14819252    0    0     0 55276 1742 1081 19  5 74  2  0
 2  0      0 370192 133536 14869744    0    0     0 10820 1526 1144 20  6 74  1  0
 2  0      0 350440 133536 14884216    0    0     0 97004 3021 1798 25  6 65  4  0
 2  0      0 290792 133536 14941752    0    0     0     0 1185  896 20  6 74  0  0
 2  0      0 246464 133536 14988068    0    0     0 65984 2011 1273 18  7 74  2  0
 2  0      0 193376 133536 15039740    0    0     0     0 1167  883 21  5 74  0  0
 2  0      0 465900 133536 14767832    0    0     0 72212 2000 1329 17  6 73  3  0
 2  0      0 413432 133536 14819476    0    0     0     0 1205  912 21  5 74  0  0
 2  0      0 413324 133540 14829856    0    0     0 97492 2438 1394 25  7 65  3  0
 2  0      0 367460 133540 14874796    0    0     0     0 1256  943 21  5 74  0  0
 2  0      0 324920 133544 14917124    0    0     0 65984 1872 1166 19  5 74  2  0
 2  0      0 276792 133544 14964204    0    0     0     0 1234  905 21  6 74  0  0
 2  0      0 232980 133548 15008800    0    0     0 65988 1907 1239 19  5 74  2  0
 1  1      0 184368 133548 15056936    0    0     0 16384 1313  988 21  5 74  0  0
 3  0      0 154892 133552 15085964    0    0     0 49620 1919 1198 24  6 67  2  0
 1  1      0 184284 133556 15050052    0    0     0 47388 1713 1175 21  7 70  2  0
 1  0      0 538356 133556 14690080    0    0     0 52496 1729 1273 11  5 82  2  0
 1  0      0 528304 133556 14699612    0    0     0     0  980  931 11  3 86  0  0
 1  0      0 518756 133556 14709276    0    0     0    36  978  875 11  3 86  0  0
 2  0      0 508680 133556 14718656    0    0     0    16  996  907 10  4 86  0  0
procs -----------memory---------- ---swap-- -----io---- -system-- ------cpu-----
 r  b   swpd   free   buff  cache   si   so    bi    bo   in   cs us sy id wa st
 2  0      0 490340 133556 14740136    0    0     0     0  998  845 14  3 83  0  0
 7  0      0 450740 133556 14798612    0    0     0 37412 2213 1159 43 10 45  1  0
 6  0      0 272912 133556 14974840    0    0     0     0 2066  841 64 12 24  0  1
 3  3      0 184500 133556 15057084    0    0     0 276100 5204 3440 31  8 27 34  0
 2  0      0 518612 133564 14729056    0    0     0 67072 2385 1826 19  6 70  4  0
 2  0      0 465440 133564 14780768    0    0     0     0 1298  928 21  6 74  0  0
 2  0      0 420584 133564 14825808    0    0     0 66004 1974 1187 19  5 74  2  0
 4  1      0 338696 133564 14903272    0    0     0 16132 1593  990 28  6 66  1  0
 2  0      0 354132 133564 14883224    0    0     0 80852 2244 1432 19  6 72  2  0
 2  0      0 307116 133564 14929468    0    0     0     0 1310  933 20  6 74  0  0
 2  0      0 265820 133564 14969376    0    0     0 65980 1917 1269 19  5 73  3  0
 2  0      0 209912 133564 15023716    0    0     0     0 1318  984 20  6 74  0  0
 1  0      0 492400 133564 14737520    0    0     0 75144 2096 1450 14  5 78  2  0
 2  0      0 472300 133564 14762756    0    0     0     0 1138  888 14  4 82  0  0
 1  0      0 505780 133568 14726988    0    0     0 31080 1563 1131 14  4 81  1  0
 1  0      0 492928 133568 14739172    0    0     0     0 1057  917 10  4 87  0  0
 1  0      0 481084 133568 14750688    0    0     0     0  998  869 10  3 86  0  0
 1  0      0 469492 133568 14762296    0    0     0     0  965  882 10  3 87  0  0
 1  0      0 457400 133568 14773384    0    0     0     0 1010  917 11  3 86  0  0
 1  0      0 484980 133572 14754092    0    0     0 31040 1546 1194 16  5 78  1  0
 1  0      0 473700 133572 14764652    0    0     0     0 1044  911 11  3 86  0  0
procs -----------memory---------- ---swap-- -----io---- -system-- ------cpu-----
 r  b   swpd   free   buff  cache   si   so    bi    bo   in   cs us sy id wa st
 1  0      0 462612 133572 14775732    0    0     0     0 1002  903 11  3 86  0  0
 1  0      0 451300 133572 14787056    0    0     0     0 1029  892 11  3 87  0  0
 1  0      0 439728 133572 14798340    0    0     0     0 1056  939 10  4 86  0  0
 2  0      0 406244 133576 14829856    0    0     0   544 1177  944 14  4 82  0  0
 7  0      0 313344 133580 14924332    0    0     0 31000 2501 1134 56 13 30  1  0
 6  1      0 150972 133580 15090612    0    0  1666 80716 3795 2346 68 15 12  5  0
 2  0      0 456940 133584 14779880    0    0  1667 290540 5761 4178 26  9 40 25  0
 2  0      0 495472 133584 14744868    0    0     0     0 1273  889 20  6 74  0  0
 2  0      0 448348 133584 14791336    0    0     0 66108 2149 1238 18  6 74  2  0
 5  0      0 399712 133584 14839712    0    0     0     0 1335  905 21  6 73  0  0
 2  0      0 392768 133584 14845232    0    0     0 96948 2750 1677 22  8 64  6  0
 2  0      0 544992 133584 14705728    0    0     0 21968 4346 1020 21  7 72  1  0
 2  0      0 493628 133584 14756140    0    0     0     0 1274  919 21  5 74  0  0
 2  0      0 449532 133584 14798988    0    0     0 66020 1927 1212 19  5 74  3  0
 2  0      0 400392 133584 14847404    0    0     0    12 1266  936 21  5 74  0  0
 2  0      0 359076 133584 14888388    0    0     0 65984 2038 1236 20  4 73  2  0
 2  1      0 282216 133584 14967476    0    0     0  8192 1502  967 27  7 66  0  0
 2  0      0 308064 133588 14939656    0    0     0 109256 2810 1718 16  6 70  8  0
 2  0      0 518696 133588 14727532    0    0    64  2920 1454 1051 20  6 74  0  0
 1  1      0 476612 133588 14769044    0    0     0 60416 1873 1127 19  5 74  2  0
 2  0      0 425720 133588 14819196    0    0     0  5628 1432 1038 20  6 74  0  0
procs -----------memory---------- ---swap-- -----io---- -system-- ------cpu-----
 r  b   swpd   free   buff  cache   si   so    bi    bo   in   cs us sy id wa st
 2  0      0 385652 133588 14859332    0    0     0 66004 1892 1141 19  5 74  2  0
 3  0      0 313076 133588 14932916    0    0    28     0 1408  970 24  7 69  0  0
 2  0      0 335204 133596 14924368    0    0     0 97068 2578 1529 21  6 70  4  0
 2  0      0 282788 133596 14977208    0    0     0     8 1339  941 22  5 74  0  0
 1  0      0 559924 133596 14698100    0    0     0 52772 1685 1191 11  4 83  2  0
 1  0      0 549340 133596 14708044    0    0     0     0 1045  924 11  3 86  0  0
 1  0      0 538756 133596 14718228    0    0     0     0 1038  879 11  3 86  0  0
 2  0      0 501712 133596 14748296    0    0     0     0 1147  943 14  4 82  0  0
 6  0      0 404344 133600 14837032    0    0     0 33692 2348 1155 48 11 40  1  0
 2  4      0 190288 133600 15045328    0    0     0 94056 3165 1352 60 13 24  3  0
 2  0      0 501308 133600 14738532    0    0     0 228564 4810 3424 16  6 53 26  0
 2  0      0 452016 133600 14787396    0    0     0     0 1346  987 20  6 74  0  0
 2  0      0 416484 133604 14822452    0    0     0 66060 1986 1252 18  6 73  3  0
 3  0      0 363312 133604 14877512    0    0     0   484 1429  948 24  5 71  0  0
 2  0      0 383308 133612 14870968    0    0    40 96988 2614 1627 22  6 66  6  0
 2  0      0 337696 133612 14915756    0    0     0     0 1289  938 20  6 74  0  0
 2  0      0 503956 133612 14748988    0    0    28 44808 1829 1218 18  6 74  2  0
 1  1      0 456580 133612 14794968    0    0     0 45040 1731 1071 19  6 74  2  0
 2  0      0 413488 133612 14839900    0    0     0 20996 1587 1013 20  5 74  1  0
 2  0      0 369412 133612 14881464    0    0     0 65536 1859 1147 19  5 74  3  0
 2  1      0 281520 133612 14962696    0    0     0 18896 1784 1091 27  7 65  1  0
procs -----------memory---------- ---swap-- -----io---- -system-- ------cpu-----
 r  b   swpd   free   buff  cache   si   so    bi    bo   in   cs us sy id wa st
 2  0      0 301292 133616 14939416    0    0     0 78556 2189 1351 19  5 73  3  0
 2  0      0 252408 133616 14987436    0    0     0     0 1248  866 21  6 74  0  0
 2  0      0 210392 133616 15029288    0    0     0 65980 2063 1221 18  6 74  3  0
 2  0      0 163308 133616 15075392    0    0     0     0 1279  879 21  5 74  0  0
 2  0      0 150488 133620 15091260    0    0     0 65980 2016 1255 19  5 73  3  0
 2  0      0 548092 133624 14694756    0    0    48 29088 1705 1097 18  6 75  1  0
 1  0      0 577848 133628 14669672    0    0     0 31064 3122 1102 16  8 76  1  0
 1  0      0 566772 133628 14679312    0    0    40    16 1024  887 11  3 86  0  0
 1  0      0 557224 133628 14688932    0    0     0     0 1024  925 10  4 86  0  0
 2  0      0 547156 133628 14698432    0    0    68     0 1010  873 11  3 86  0  0
 1  0      0 537832 133628 14707524    0    0     0     0 1040  927 10  3 87  0  0
 1  0      0 527500 133628 14717364    0    0     0    76 1027  890 11  3 86  0  0
 1  1      0 478612 133628 14759408    0    0     0  7924 1282  981 16  5 79  0  0
 6  0      0 384508 133632 14858068    0    0     0 23812 2417 1174 58 12 29  1  0
 2  4      0 207164 133632 15032064    0    0     0 35152 2487 1146 61 12 24  3  0
 1  0      0 493644 133640 14760956    0    0     0 303448 5861 4353 13  5 45 36  0
 5  0      0 366172 133640 14889944    0    0     0  7504 2128 1074 56  8 35  0  0
 0  5      0 212304 133640 15037376    0    0     0 135888 3617 1979 39  8 39 13  0
 1  0      0 541340 133644 14715608    0    0     0 194420 4522 2886  6  4 71 18  0
 1  0      0 498580 133644 14758172    0    0     0     0 1037  931 11  2 87  0  0
 1  0      0 462544 133644 14792988    0    0     0 66096 1815 1288  9  3 86  3  0
procs -----------memory---------- ---swap-- -----io---- -system-- ------cpu-----
 r  b   swpd   free   buff  cache   si   so    bi    bo   in   cs us sy id wa st
 0  1      0 424492 133644 14830440    0    0     0 49152 1444 1079  9  3 86  2  0
 1  0      0 385936 133644 14869252    0    0     0 16828 1389 1096 11  2 86  1  0
 1  0      0 342352 133644 14904172    0    0  1666 65992 2632 2323  9  3 85  2  0
 2  0      0 296236 133644 14946292    0    0  1171     0 1660 1666 11  3 86  0  0
 1  0      0 265364 133644 14980376    0    0   496 65980 2109 1553  9  3 86  3  0
 1  0      0 563928 133644 14682608    0    0     0 25856 1378 1132  9  3 86  1  0
 1  0      0 524764 133644 14721396    0    0    80     0 1060  955 11  3 86  0  0
 1  0      0 495292 133652 14750952    0    0     0 66560 1814 1261  9  2 86  3  0
 0  1      0 455224 133652 14790316    0    0     0  3080 1098  911 11  3 86  0  0
 1  0      0 428008 133652 14817364    0    0     0 62896 1758 1222  9  2 86  3  0
 0  1      0 387436 133652 14857920    0    0    36 16384 1269 1026 10  3 86  1  0
 1  0      0 353668 133652 14891236    0    0     0 49604 1664 1207  9  2 87  2  0
 1  0      0 317380 133652 14927400    0    0     0 66000 1810 1219  9  3 86  2  0
 1  0      0 271528 133652 14972804    0    0     0     0 1112  940 11  2 86  0  0
 1  0      0 239344 133652 15006320    0    0     0 78736 2056 1369  9  2 86  3  0
16  0      0 155348 133652 15083876    0    0     0   120 3299 2207 83 15  3  0  0
21  0      0 152416 133652 15079868    0    0     0     0 2575 1425 84 15  1  0  0
20  0      0 153128 133652 15072968    0    0     0 61184 2844 1670 82 18  0  0  0
 9  7      0 148964 133652 15073368    0    0     0 292852 7635 3295 79 18  0  2  0
 0 12      0 151300 133656 15068092    0    0     0 340516 10198 7142 10  5 20 64  1
 0  6      0 164940 133672 15068132    0    0     0 362824 9995 6784  1  3 42 54  0
procs -----------memory---------- ---swap-- -----io---- -system-- ------cpu-----
 r  b   swpd   free   buff  cache   si   so    bi    bo   in   cs us sy id wa st
16  0      0 1673376 133688 13567996    0    0     0 53472 24592 2402 39 15 42  4  0
16  0      0 1386636 133688 13846772    0    0     0     8 2492 1224 84 16  1  0  0
14  0      0 1095604 133688 14128332    0    0    20     0 2484 1238 83 15  2  0  0
 6  8      0 818200 133692 14394796    0    0     0 156552 4744 2251 78 15  3  4  0
 0 13      0 779672 133692 14427484    0    0     0 342008 9043 6361  9  4 35 52  1
 0  7      0 778916 133692 14427484    0    0     0 355628 7797 5316  0  3 51 45  0
