procs -----------memory---------- ---swap-- -----io---- -system-- ------cpu-----
 r  b   swpd   free   buff  cache   si   so    bi    bo   in   cs us sy id wa st
 0  1      0 1916576 131844 13436704    0    0    20  2453  180  149 15  4 80  1  1
 2  0      0 1915636 131844 13436712    0    0     0     0  633  828  1  0 99  0  0
 1  0      0 1899776 131868 13446200    0    0     0   780 1797 1737 10  4 85  1  0
 1  0      0 1878104 131868 13456684    0    0     0     0 1136 1058 11  3 86  0  0
 1  0      0 1856688 131868 13466728    0    0     0     0 1004  934 10  3 86  0  0
 1  0      0 1835296 131868 13476736    0    0     0     0  954  891 10  3 86  0  0
 2  0      0 1815892 131868 13486240    0    0     0     0  999  942 10  4 86  0  0
 1  0      0 1797244 131868 13495000    0    0     0 54472 1723 1193 11  4 83  2  0
 2  0      0 1746872 131868 13532188    0    0     0     0 1325 1106 16  5 79  0  0
 1  0      0 1843780 131868 13485180    0    0     0 30940 1327 1150 11  4 84  1  0
 1  0      0 1821612 131868 13495584    0    0     0     0  993  963 10  3 86  0  0
 1  0      0 1801760 131868 13505532    0    0    32     0  999  893 10  3 86  0  0
 2  0      0 1782692 131868 13515008    0    0     0     0 1019  928 11  3 86  0  0
 1  0      0 1764044 131868 13524160    0    0    20     0  999  887 10  4 86  0  0
 3  0      0 1729520 131868 13551920    0    0     0    56 1118  943 14  3 82  0  0
 1  0      0 1764884 131872 13514716    0    0     0 30944 1270 1129 12  5 82  1  0
 1  0      0 1755560 131872 13524628    0    0     0     0 1001  921 10  3 86  0  0
 1  0      0 1745036 131872 13534748    0    0     0     0 1085  917 10  4 86  0  0
 1  0      0 1734304 131872 13545112    0    0  3333     0 2697 2839 11  4 85  0  0
 1  0      0 1724532 131872 13555408    0    0     0     0 1079  949 10  3 86  0  0
 2  0      0 1690540 131876 13588692    0    0     0   948 1202  979 13  5 81  0  0
procs -----------memory---------- ---swap-- -----io---- -system-- ------cpu-----
 r  b   swpd   free   buff  cache   si   so    bi    bo   in   cs us sy id wa st
 1  0      0 1727476 131880 13547540    0    0     0 30956 1243 1113 12  5 83  1  0
 1  0      0 1716444 131880 13558192    0    0     0     0 1032  911 10  4 86  0  0
 1  0      0 1705388 131880 13568924    0    0    28     0 1038  892 10  3 86  0  0
 1  0      0 1694300 131880 13579488    0    0     0     0 1036  887 10  4 86  0  0
 1  0      0 1685484 131880 13588964    0    0     0     0 1072  906 11  3 86  0  0
 2  0      0 1651212 131880 13622288    0    0     0    56 1279  977 16  4 80  0  0
 3  0      0 1635960 131884 13639116    0    0     0 30948 1639 1162 27  7 64  1  0
 1  0      0 1691908 131888 13579836    0    0     0 113992 2646 1546 25  6 65  3  0
 1  0      0 1681356 131888 13590076    0    0     0     0  988  855 10  3 86  0  0
 1  0      0 1672284 131888 13599088    0    0     0    24  997  897 11  3 86  0  0
 1  0      0 1662456 131888 13609012    0    0    44     0 1009  853 11  3 86  0  0
 2  0      0 1634232 131888 13637256    0    0     0     0 1089  887 14  4 82  0  0
 1  0      0 1678172 131896 13600136    0    0     0 30992 1219 1069 13  4 82  1  0
 1  0      0 1667592 131896 13610324    0    0     0     0  979  854 11  3 86  0  0
 1  0      0 1657008 131896 13620400    0    0     0     0 1011  856 10  4 86  0  0
 1  0      0 1647684 131896 13629816    0    0     0     0 1002  841 10  4 86  0  0
 1  0      0 1638360 131896 13639188    0    0     0     0  965  824 10  4 86  0  0
 3  0      0 1625256 131896 13652460    0    0     0    68 1026  896 11  4 85  0  0
 1  0      0 1640208 131896 13628040    0    0     0 30952 1317 1077 17  4 78  1  0
 1  0      0 1630160 131896 13637700    0    0     0     0 1059  923 10  4 86  0  0
 1  0      0 1621396 131896 13647260    0    0     0     0 1079  883 10  4 86  0  0
procs -----------memory---------- ---swap-- -----io---- -system-- ------cpu-----
 r  b   swpd   free   buff  cache   si   so    bi    bo   in   cs us sy id wa st
 1  0      0 1611344 131896 13656504    0    0     0     0 1052  909 10  3 86  0  0
 1  0      0 1603028 131896 13666140    0    0     0   100 1051  897 10  4 86  0  0
 1  0      0 1593452 131896 13675024    0    0     0    56 1046  908 11  3 86  0  0
 2  0      0 1564276 131896 13710400    0    0     0     0 1169  898 17  4 79  0  0
 1  0      0 1618096 131904 13663260    0    0     0 30956 1458 1200 12  4 83  1  0
 1  0      0 1608332 131904 13672580    0    0     0     0 1010  877 10  3 86  0  0
 1  0      0 1598308 131904 13682160    0    0     0     0 1006  864 10  4 86  0  0
 1  0      0 1589040 131904 13692128    0    0     0     0  951  836 10  3 86  0  0
 1  0      0 1578512 131904 13702048    0    0     0     0 1062  932 11  3 86  0  0
 2  0      0 1561412 131908 13719400    0    0     0    48 1122  923 12  3 84  0  0
 5  0      0 1521684 131912 13749272    0    0     0 30960 2026 1207 33  8 57  1  0
 4  0      0 1383116 131912 13883112    0    0     0 36124 2284 1096 48 11 40  1  0
 2  0      0 1466084 131912 13801948    0    0     0 187596 3379 2301 26  7 51 15  1
 1  0      0 1557216 131912 13707284    0    0    64     0 1078  873 11  3 86  0  0
 1  0      0 1548148 131912 13716372    0    0     0     0 1018  904 10  3 86  0  0
 1  0      0 1539076 131912 13725460    0    0     0     0  996  845 11  3 86  0  0
 1  1      0 1498280 131912 13767132    0    0     0 20488 1724 1270 17  5 77  1  0
 1  0      0 1557840 131916 13714964    0    0     0 10568 1253  985 11  4 85  1  0
 1  0      0 1546752 131916 13725608    0    0     0     0 1069  929 10  3 86  0  0
 1  0      0 1536924 131916 13735620    0    0     0     0 1007  882 11  3 86  0  0
 1  0      0 1526848 131916 13745300    0    0     0     0 1046  945 10  3 87  0  0
procs -----------memory---------- ---swap-- -----io---- -system-- ------cpu-----
 r  b   swpd   free   buff  cache   si   so    bi    bo   in   cs us sy id wa st
 1  0      0 1517020 131916 13755100    0    0     0    24 1031  919 10  4 86  0  0
 2  0      0 1473484 131920 13794248    0    0     0   332 1254  970 16  5 80  0  0
 1  0      0 1518180 131924 13746552    0    0     0 30992 1482 1133 11  4 84  1  0
 1  0      0 1506616 131924 13756916    0    0     0     0 1106  962 11  3 86  0  0
 1  0      0 1496036 131924 13767464    0    0     0     0 1002  865 10  3 86  0  0
 1  0      0 1485488 131924 13777676    0    0     0     0 1065  933 10  3 86  0  0
 1  0      0 1474396 131924 13788076    0    0     0    16 1036  891 11  3 86  0  0
 1  1      0 1432060 131924 13830448    0    0     0  2020 1183  944 18  4 78  0  0
 1  0      0 1490924 131936 13778912    0    0     0 29032 1451 1072 11  4 85  1  0
 1  0      0 1482864 131936 13789392    0    0     0     0 1117  935 10  4 86  0  0
 1  0      0 1472088 131936 13799120    0    0     0     4  992  849 11  3 86  0  0
 2  0      0 1462568 131936 13808584    0    0     0    12 1011  884 10  3 87  0  0
 1  0      0 1451772 131936 13819148    0    0     0     0  985  859 11  3 86  0  0
 1  1      0 1406204 131936 13861832    0    0     0  4432 1176  917 17  4 79  0  0
 6  0      0 1291964 131936 13983028    0    0     0 42232 2802 1207 60 14 24  1  0
 1  5      0 1101260 131936 14156872    0    0  1666 60640 3761 2442 59 12 23  5  0
 1  0      0 1439404 131948 13812088    0    0  1667 253640 6005 4900 10  6 47 36  0
 1  0      0 1428612 131948 13821644    0    0     0     0 1087  959 11  3 86  0  0
 1  0      0 1419096 131948 13831584    0    0     0     0  996  887 10  3 86  0  0
 2  0      0 1395464 131948 13858612    0    0     0     0 1159  977 14  4 81  0  0
 1  0      0 1439960 131948 13820612    0    0   716 31020 3302 2932 23  8 68  1  0
procs -----------memory---------- ---swap-- -----io---- -system-- ------cpu-----
 r  b   swpd   free   buff  cache   si   so    bi    bo   in   cs us sy id wa st
 3  0      0 1429940 131948 13830804    0    0     0   100 1448 1511 11  3 86  0  0
 1  0      0 1420636 131948 13840348    0    0     0     0 1172 1037 10  4 86  0  0
 2  0      0 1411092 131948 13849828    0    0     0     0 1097  997 11  3 86  0  0
 1  0      0 1401524 131948 13859144    0    0     0     0 1023  939 10  3 86  0  0
 1  0      0 1389708 131948 13869028    0    0     0     0 1075 1048 12  3 86  0  0
 1  0      0 1405740 131948 13848124    0    0     0 31148 1593 1208 17  6 76  1  0
 1  0      0 1396448 131948 13857976    0    0     0     0 1058  971 10  4 86  0  0
 1  0      0 1384636 131948 13867916    0    0     0     0 1062  964 10  4 86  0  0
 1  0      0 1376072 131948 13877372    0    0     0     0 1024  965 10  3 86  0  0
 1  0      0 1366244 131948 13886684    0    0     0     0 1005  915 10  4 86  0  0
 1  0      0 1356700 131952 13896340    0    0     0    48 1092  999 10  4 86  0  0
 2  0      0 1320704 131952 13932616    0    0     0   220 1190  934 16  4 80  0  0
 1  0      0 1373492 131956 13886216    0    0     0 30952 1513 1119 12  4 83  1  0
 1  0      0 1363444 131956 13896196    0    0     0     0  986  880 10  3 86  0  0
 1  0      0 1354880 131956 13905604    0    0     0     0 1018  943 11  3 86  0  0
 1  0      0 1345308 131956 13915208    0    0     0     0  966  882 10  3 86  0  0
 1  0      0 1335760 131956 13924592    0    0     0     0 1157 1090 10  4 86  0  0
 2  0      0 1322156 131956 13939072    0    0     0    44 1032  855 12  3 85  0  0
 4  0      0 1319480 131956 13945440    0    0     0 34220 1896 1248 27  7 64  2  0
 4  0      0 1203840 131956 14057196    0    0     0     0 1742  893 42 10 49  0  0
 2  0      0 1157980 131960 14097228    0    0     0 195912 3882 2232 30  8 51 10  0
procs -----------memory---------- ---swap-- -----io---- -system-- ------cpu-----
 r  b   swpd   free   buff  cache   si   so    bi    bo   in   cs us sy id wa st
 1  0      0 1319984 131960 13938864    0    0     0     0 1089  896 10  4 86  0  0
 1  0      0 1309180 131960 13948908    0    0     0     0 1023  905 10  3 86  0  0
 1  0      0 1299100 131960 13959080    0    0   244     0  954  858 11  2 86  0  0
 1  0      0 1330964 131964 13939184    0    0     0 31008 1304 1151 17  5 77  1  0
 1  0      0 1319376 131964 13949960    0    0     0     0  970  867 10  4 86  0  0
 1  0      0 1309076 131964 13960288    0    0     0   284 1099  949 10  4 86  0  0
 1  0      0 1297988 131964 13971224    0    0     0     0  995  883 11  3 86  0  0
 1  0      0 1287432 131964 13981844    0    0     0     0 1028  907 10  4 86  0  0
 1  0      0 1276376 131964 13991968    0    0     0    60  960  870 10  3 86  0  0
 1  0      0 1291112 131964 13971720    0    0     0 30952 1299 1133 17  5 78  1  0
 1  0      0 1279020 131964 13983116    0    0     0    20  958  864 10  3 86  0  0
 1  0      0 1268184 131964 13993652    0    0     0     0  955  882 11  3 86  0  0
 1  0      0 1256872 131964 14004476    0    0     0     0  914  853 10  4 86  0  0
 3  0      0 1246036 131964 14015332    0    0     0     0  975  894 11  3 87  0  0
 2  0      0 1229656 131964 14031824    0    0     0    64 1023  871 12  3 85  0  0
 1  0      0 1263032 131964 14006028    0    0     0 30968 1343 1205 15  5 79  1  0
 1  0      0 1251192 131964 14016904    0    0     0     0  957  826 11  3 86  0  0
 1  0      0 1239600 131964 14027604    0    0     0     0  998  973 10  3 86  0  0
 1  0      0 1228316 131964 14038068    0    0     0     0 1009  892 10  3 86  0  0
 1  0      0 1218488 131964 14047944    0    0     0     0 1018  908 10  3 86  0  0
 2  0      0 1195360 131964 14070196    0    0     0    56 1035  898 12  4 83  0  0
procs -----------memory---------- ---swap-- -----io---- -system-- ------cpu-----
 r  b   swpd   free   buff  cache   si   so    bi    bo   in   cs us sy id wa st
 6  0      0 1130512 131964 14135420    0    0     0 30968 1936 1186 44  9 46  1  0
 5  2      0 947612 131964 14319804    0    0     0 82064 2894 1285 60 13 24  2  0
 1  0      0 1215692 131972 14050732    0    0     0 233156 4670 2800 24  8 55 13  0
 1  0      0 1204632 131972 14060964    0    0     0     0 1002  874 10  4 86  0  0
 1  0      0 1191032 131972 14071448    0    0     0     0 1297 1266 13  4 83  0  0
 2  0      0 1173644 131972 14087780    0    0     0     0 1198 1020 12  3 85  0  0
 1  0      0 1197976 131972 14061584    0    0    64 30968 1511 1430 16  5 78  1  0
 1  0      0 1187172 131972 14071824    0    0     0     0 1134 1011 10  4 86  0  0
 1  0      0 1177348 131972 14081820    0    0     0     0 1146 1004 10  4 86  0  0
 1  0      0 1168024 131972 14091352    0    0     0    20 1050  908 11  3 86  0  0
 1  0      0 1158228 131972 14100548    0    0     0     0 1060  941 11  3 86  0  0
 1  0      0 1148652 131972 14110364    0    0     0    56 1028  888 11  3 86  0  0
 3  0      0 1185732 131972 14090048    0    0  1171 30960 2279 2038 17  5 76  1  0
 1  0      0 1170684 131972 14099844    0    0  2162     0 2047 2004 11  4 85  0  0
 1  0      0 1160660 131972 14109464    0    0     0     8 1016  895 11  3 86  0  0
 1  0      0 1150844 131972 14118424    0    0     0     0 1029  868 11  3 86  0  0
 1  0      0 1140260 131972 14128516    0    0     0     0  995  942 10  3 86  0  0
 1  0      0 1128936 131972 14139480    0    0     0    60 1065  929 10  3 86  0  0
 2  0      0 1080848 131972 14177008    0    0     0     0 1151  919 16  5 79  0  0
 1  0      0 1125540 131976 14129048    0    0     0 31228 1442 1054 11  4 83  1  0
 1  0      0 1114200 131976 14139800    0    0     0     0 1062  933 10  4 86  0  0
procs -----------memory---------- ---swap-- -----io---- -system-- ------cpu-----
 r  b   swpd   free   buff  cache   si   so    bi    bo   in   cs us sy id wa st
 1  0      0 1103868 131976 14149936    0    0     0     0 1035  861 10  3 87  0  0
 3  0      0 1093572 131976 14159536    0    0     0     0 1022  919 11  2 86  0  0
 1  0      0 1083748 131976 14169700    0    0     0     0  979  861 10  4 86  0  0
 2  0      0 1042684 131980 14208648    0    0     0    52 1163  973 16  4 80  0  0
 6  0      0 950540 131988 14319984    0    0     0 30960 2409 1061 54 12 33  1  0
 1  4      0 784304 131992 14477144    0    0     0 130052 2961 1630 49 12 31  8  0
 2  0      0 1072732 131992 14191204    0    0     0 168944 3546 2435 14  7 60 19  0
 2  0      0 1015024 131992 14247452    0    0     0     0 1237  916 21  5 74  0  0
 3  0      0 961600 131996 14301064    0    0     0 66044 1957 1165 19  5 74  2  0
 2  0      0 1032176 131996 14223684    0    0     0 51632 1933 1223 18  6 75  1  0
 1  0      0 1082528 131996 14174384    0    0     0 31008 1165 1065 11  3 85  1  0
 1  0      0 1070208 131996 14185256    0    0     0     0 1125  991  9  4 86  0  0
 1  0      0 1059624 131996 14195492    0    0     0     0 1069  911 11  3 86  0  0
 1  0      0 1048032 131996 14205728    0    0     0     0 1089  993 10  3 86  0  0
 1  0      0 1037464 131996 14215712    0    0    32     4 1072  911 11  3 86  0  0
 2  0      0 995896 132000 14256852    0    0     0    52 1218 1005 17  4 79  0  0
 1  0      0 1053200 132004 14206136    0    0     0 30952 1247 1219 10  4 85  1  0
 1  0      0 1041892 132004 14216996    0    0     0     0 1012  923 10  4 86  0  0
 1  0      0 1030588 132004 14227576    0    0     0     0  975  879 11  3 86  0  0
 1  0      0 1019784 132004 14237996    0    0     0    24 1091  961 10  3 86  0  0
 1  0      0 1009488 132004 14248028    0    0     0    56 1008  892 11  3 86  0  0
procs -----------memory---------- ---swap-- -----io---- -system-- ------cpu-----
 r  b   swpd   free   buff  cache   si   so    bi    bo   in   cs us sy id wa st
 1  1      0 961872 132008 14290656    0    0     0 24420 1263 1030 17  4 78  1  0
 1  0      0 1010904 132008 14237968    0    0     0  6616 1193 1078 10  4 85  1  0
 1  0      0 1000068 132008 14248776    0    0     0     0 1013  941 11  3 86  0  0
 2  0      0 988756 132008 14259116    0    0     0     8 1040  901 10  3 86  0  0
 1  0      0 976688 132008 14269408    0    0    44     0 1314 1307 13  4 83  0  0
 1  0      0 966360 132008 14279224    0    0     0     0 1008  959 11  2 87  0  0
 1  1      0 924064 132008 14321912    0    0     0 16440 1254 1027 16  5 79  1  0
 6  0      0 819712 132008 14454212    0    0     0 40140 2581 1301 66 15 18  2  0
 4  2      0 639608 132008 14626688    0    0     0 98004 2925 1232 61 12 24  3  0
 2  0      0 976172 132016 14293788    0    0     0 224864 4176 2942 15  6 53 26  0
 2  0      0 924148 132016 14345852    0    0     0     0 1317  977 21  5 74  0  0
 2  0      0 879548 132016 14390392    0    0     0 66044 1944 1167 18  6 74  2  0
 3  0      0 948648 132020 14315656    0    0     0 50884 1975 1300 21  6 71  2  0
 2  0      0 928268 132028 14324332    0    0     0 31296 1813 1139 25  7 67  1  0
 2  0      0 890752 132028 14361864    0    0     0 65984 1966 1249 18  5 74  3  0
 1  0      0 964160 132028 14286236    0    0     0 36968 1650 1182 17  6 76  1  0
 1  0      0 953076 132028 14295744    0    0     0     0 1138  963 10  4 86  0  0
 1  0      0 943248 132028 14305360    0    0     0     0 1049  918 11  3 86  0  0
 1  0      0 934176 132028 14314288    0    0     0     0 1063  963 10  3 86  0  0
 2  0      0 894612 132028 14356772    0    0     0 30872 1425 1003 16  5 78  1  0
 1  0      0 953700 132028 14304528    0    0    28   124 1179 1295 10  4 86  0  0
procs -----------memory---------- ---swap-- -----io---- -system-- ------cpu-----
 r  b   swpd   free   buff  cache   si   so    bi    bo   in   cs us sy id wa st
 1  0      0 942896 132028 14314980    0    0     0     0 1028  896 11  3 86  0  0
 1  0      0 933352 132028 14324876    0    0    44     0 1055  956 10  4 86  0  0
 1  0      0 923068 132028 14335132    0    0     0     0  992  861 11  3 86  0  0
 1  0      0 912520 132028 14344744    0    0     0     0 1023  911 11  3 86  0  0
 2  0      0 873492 132028 14381332    0    0     0    52 1186  902 17  4 79  0  0
 1  0      0 915940 132028 14334352    0    0     0 31000 1493 1230 12  4 84  1  0
 1  0      0 904376 132028 14345120    0    0     0     0  999  873 10  3 86  0  0
 1  0      0 894580 132028 14355544    0    0     0     0 1083  923 11  3 86  0  0
 1  0      0 884252 132032 14365784    0    0     0    12  988  864 10  4 86  0  0
 4  0      0 873948 132032 14375876    0    0     0     0 1024  931 11  3 86  0  0
 3  0      0 835184 132032 14411440    0    0  2837    80 2685 2582 16  4 79  0  0
 9  1      0 740888 132032 14524332    0    0   496 55528 2764 1431 59 13 26  2  0
 7  1      0 575424 132040 14681576    0    0     0 141332 3538 1664 58 12 24  6  0
 5  0      0 876200 132048 14384784    0    0     0 183636 3842 2617 26  9 52 13  0
 3  0      0 828676 132048 14435220    0    0     0     0 1235  914 21  5 74  0  0
 3  0      0 788104 132056 14475508    0    0     0 66060 1934 1297 18  5 74  3  0
 2  0      0 868660 132060 14391340    0    0     0 49760 1805 1298 19  6 74  2  0
 2  0      0 842092 132072 14413720    0    0     0 30980 1894 1177 27  7 65  1  0
 1  1      0 791948 132072 14463772    0    0     0 81076 2002 1301 18  6 74  2  0
 1  0      0 877196 132080 14381028    0    0     0   100 1236 1126 10  4 86  0  0
 1  0      0 865860 132080 14391708    0    0     0     0 1000  866 10  3 87  0  0
procs -----------memory---------- ---swap-- -----io---- -system-- ------cpu-----
 r  b   swpd   free   buff  cache   si   so    bi    bo   in   cs us sy id wa st
 3  0      0 855780 132080 14401724    0    0     0     0 1086  953 10  3 86  0  0
 1  0      0 844480 132080 14411788    0    0     0     0 1008  883 11  3 86  0  0
 1  0      0 873068 132080 14391564    0    0     0 31016 1626 1209 16  5 77  1  0
 1  0      0 861984 132080 14402064    0    0     0     0 1085  924 11  3 86  0  0
 1  0      0 851148 132080 14412624    0    0     0     0 1056  948 10  3 87  0  0
 2  0      0 839556 132080 14423292    0    0    48     0 1055  899 11  3 86  0  0
 2  0      0 828972 132080 14434156    0    0     0     0 1027  943 10  3 86  0  0
 2  0      0 815868 132084 14444516    0    0    28   368 1108  902 10  4 86  0  0
 3  0      0 828828 132084 14424324    0    0     0 30968 1638 1241 16  5 77  1  0
 1  0      0 816984 132084 14435212    0    0     0     0 1008  875 10  3 86  0  0
 1  0      0 806932 132084 14445672    0    0     0     0 1182 1092 11  3 86  0  0
 1  0      0 796348 132084 14456172    0    0     0     0  972  864 11  3 86  0  0
 3  0      0 785768 132084 14465960    0    0     0     0 1041  910 10  3 86  0  0
 1  0      0 775688 132084 14475752    0    0     0    48 1006  881 11  3 86  0  0
10  0      0 785168 132092 14474636    0    0     0 30972 1765 1198 27  6 66  1  0
 6  1      0 576848 132092 14682808    0    0     0  5480 2284  890 74 14 12  0  0
 1  5      0 409312 132092 14843896    0    0     0 152060 3448 1791 56 12 22 10  0
 2  0      0 780568 132108 14482572    0    0     0 205528 4203 3279 13  6 50 30  0
 2  0      0 724644 132108 14535692    0    0     0     0 1324  947 21  6 74  0  0
 3  0      0 680796 132112 14578980    0    0     0 66064 1974 1215 18  6 74  2  0
 4  0      0 732932 132116 14531236    0    0     0 27968 1696 1122 22  6 71  1  0
procs -----------memory---------- ---swap-- -----io---- -system-- ------cpu-----
 r  b   swpd   free   buff  cache   si   so    bi    bo   in   cs us sy id wa st
 3  0      0 714292 132124 14538028    0    0     0 97004 2525 1522 24  6 67  3  0
 3  0      0 661120 132124 14591312    0    0     0    20 1311  938 20  6 74  0  0
 3  0      0 612272 132124 14639100    0    0     0 65992 2171 1259 19  5 74  2  0
 1  0      0 758604 132132 14487624    0    0     0 37156 1671 1120 15  6 78  1  0
 1  0      0 748852 132132 14497368    0    0     0     0 1045  891 11  3 86  0  0
 1  0      0 740284 132132 14506200    0    0     0    36 1059  931 10  4 86  0  0
 1  0      0 769000 132132 14485760    0    0     0 31076 1624 1078 16  5 77  1  0
 2  0      0 758968 132132 14496160    0    0     0     0  990  855 10  4 86  0  0
 1  0      0 748888 132132 14506080    0    0     0     0  975  856 11  3 86  0  0
 1  0      0 738304 132132 14516200    0    0     0     0 1027  933 11  3 86  0  0
 1  0      0 727752 132132 14526044    0    0     0     0  990  835 10  4 86  0  0
 1  0      0 717672 132132 14536444    0    0     0    52 1009  926 10  4 86  0  0
 1  0      0 733892 132136 14515316    0    0     0 30992 1568 1145 17  5 77  1  0
 1  0      0 722556 132136 14525928    0    0     0     0 1080  931 10  4 86  0  0
 1  0      0 711720 132136 14536288    0    0     0     0 1051  889 10  4 86  0  0
 1  0      0 701896 132136 14546608    0    0     0     0 1040  936 11  3 86  0  0
 1  0      0 691564 132136 14556656    0    0    40     0 1070  862 10  4 86  0  0
 1  0      0 682240 132136 14565936    0    0     0   300 1088  933 11  3 86  0  0
 2  0      0 650236 132136 14598508    0    0     0     0 1159  875 16  4 80  0  0
12  0      0 545984 132140 14708448    0    0     0 30988 2456 1160 58 12 28  1  0
 6  0      0 319344 132144 14928024    0    0     0 107924 3258 1511 69 13 14  3  0
procs -----------memory---------- ---swap-- -----io---- -system-- ------cpu-----
 r  b   swpd   free   buff  cache   si   so    bi    bo   in   cs us sy id wa st
 2  0      0 686560 132160 14568068    0    0     0 265996 4759 3497 15  6 46 32  0
 2  0      0 632508 132160 14620592    0    0     0    92 1224  838 21  6 74  0  0
 2  0      0 586672 132160 14665624    0    0     0 66080 1811 1206 19  5 74  2  0
 2  1      0 534508 132160 14716820    0    0     0 49152 1598 1021 21  5 73  1  0
 3  0      0 665720 132168 14599368    0    0     0 34808 1986 1192 26  7 65  1  0
 2  0      0 621620 132168 14643460    0    0     0 66020 1833 1079 18  6 74  2  0
 2  0      0 565928 132168 14697796    0    0     0     0 1291  939 20  6 74  0  0
 2  0      0 518132 132168 14744016    0    0  1666 65976 2831 2091 20  5 73  2  0
 1  0      0 682376 132168 14581496    0    0  1667 40680 2469 2129 16  5 77  1  0
 1  0      0 671304 132168 14591236    0    0     0     0  961  832 11  3 86  0  0
 1  0      0 680368 132172 14570556    0    0     0 31040 1375 1185 16  5 77  1  0
 1  0      0 668844 132172 14581180    0    0     0    28 1019  863 10  4 86  0  0
 1  0      0 658788 132172 14591428    0    0     0     0 1009  881 11  3 86  0  0
 1  0      0 648740 132172 14601708    0    0     0     0 1018  868 11  3 86  0  0
 1  0      0 637684 132172 14612452    0    0     0     0  976  873 10  3 86  0  0
 1  0      0 626884 132176 14623000    0    0     0    56 1048  859 11  3 86  0  0
 1  0      0 654488 132176 14602768    0    0     0 30992 1361 1101 16  5 78  1  0
 1  0      0 642680 132176 14613812    0    0     0     0 1056  853 10  4 86  0  0
 1  0      0 631372 132176 14624948    0    0     0     0 1051  967 11  3 86  0  0
 1  0      0 620332 132176 14635368    0    0     0     0 1021  892 10  3 86  0  0
 1  0      0 609784 132176 14645776    0    0     0     0 1029  897 11  3 86  0  0
procs -----------memory---------- ---swap-- -----io---- -system-- ------cpu-----
 r  b   swpd   free   buff  cache   si   so    bi    bo   in   cs us sy id wa st
 1  0      0 597724 132176 14656500    0    0     0    48 1049  910 10  3 86  0  0
 7  0      0 559508 132188 14690508    0    0     0 30992 1733 1130 34  8 57  1  0
 6  0      0 336860 132188 14912572    0    0     0 36072 2374 1071 70 15 14  1  0
 1  5      0 219704 132188 15023244    0    0     0 260024 5290 3060 38  8 24 29  0
 2  0      0 552900 132200 14694132    0    0     0 62168 2975 2122 18  6 68  8  0
 2  0      0 507792 132204 14739076    0    0     0 66068 1983 1330 18  5 74  2  0
 2  0      0 454396 132204 14790488    0    0     0     0 1259  861 20  6 74  0  0
 2  0      0 452216 132212 14801224    0    0     0 96992 2201 1354 26  6 64  3  0
 2  0      0 579920 132224 14674840    0    0     0 20068 1481 1047 19  7 74  1  0
 3  0      0 521524 132224 14721832    0    0     0    48 1781 1417 23  7 70  0  0
 2  0      0 486032 132228 14763896    0    0     0 66060 2488 1809 23  6 69  2  0
 1  1      0 436540 132228 14811736    0    0     0  8504 1527 1190 21  5 73  0  0
 2  0      0 391072 132236 14855132    0    0     0 57784 1960 1263 20  5 73  2  0
 1  0      0 567528 132244 14675768    0    0     0 60156 1930 1270 18  5 75  2  0
 1  0      0 580816 132244 14654312    0    0     0 31040 1307 1056 17  6 77  1  0
 1  0      0 570236 132244 14664416    0    0     0     0 1035  935 10  3 86  0  0
 1  0      0 560408 132244 14673872    0    0    56   144 1107  950 11  3 86  0  0
 1  0      0 550640 132248 14683552    0    0     0   204 1155 1041 10  4 86  0  0
 1  0      0 541332 132248 14693332    0    0     0   156 1006  919 10  4 86  0  0
 1  0      0 531764 132248 14702588    0    0     0     0 1010  939 11  3 86  0  0
 2  0      0 503336 132248 14733320    0    0     0     0 1081  885 15  4 81  0  0
procs -----------memory---------- ---swap-- -----io---- -system-- ------cpu-----
 r  b   swpd   free   buff  cache   si   so    bi    bo   in   cs us sy id wa st
 1  0      0 551584 132260 14691732    0    0     0 31036 1290 1192 13  4 82  1  0
 2  0      0 539996 132260 14702004    0    0     0     4  989  863 11  3 87  0  0
 1  0      0 530168 132260 14711784    0    0     0     0  985  904 10  3 86  0  0
 1  0      0 519080 132260 14721772    0    0     0     0  956  850 10  3 86  0  0
 1  0      0 509768 132260 14731532    0    0     0     0 1054  956 11  3 86  0  0
 2  0      0 490868 132260 14750784    0    0     0    56 1083  892 12  5 84  0  0
 7  0      0 457220 132260 14789220    0    0     0 30996 1935 1139 42  8 48  2  1
 6  0      0 282412 132260 14964800    0    0     0 21312 2306  941 66 13 20  1  0
 1  4      0 157352 132268 15086832    0    0     0 284012 4886 2799 46 10 25 19  0
 2  0      0 482892 132268 14767008    0    0     0 38836 2148 1596 19  6 69  6  0
 2  0      0 438876 132268 14810136    0    0     0     0 1262  886 20  6 74  0  0
 2  0      0 401608 132276 14846456    0    0     0 66036 1831 1184 18  6 73  3  0
 3  0      0 338332 132276 14907940    0    0     0    24 1306  903 23  6 71  0  0
 2  0      0 520740 132284 14737536    0    0     0 118992 2523 1517 22  7 67  3  0
 2  0      0 470152 132284 14788308    0    0     0     0 1238  935 20  6 74  0  0
 1  0      0 521324 132292 14739724    0    0     0 51736 1755 1258 13  4 81  2  0
 1  0      0 511244 132292 14749972    0    0     0     0 1222 1061 10  4 86  0  0
 1  0      0 500156 132292 14761000    0    0     0     0  950  843 11  3 86  0  0
 2  0      0 472688 132292 14786384    0    0     0     0 1085  857 13  4 83  0  0
 1  0      0 500864 132292 14752152    0    0     0 31028 1331 1181 13  4 81  1  0
 1  0      0 489048 132292 14763468    0    0     0     8 1069  907 11  3 86  0  0
procs -----------memory---------- ---swap-- -----io---- -system-- ------cpu-----
 r  b   swpd   free   buff  cache   si   so    bi    bo   in   cs us sy id wa st
 1  0      0 477456 132292 14774660    0    0     0     0  998  902 10  4 86  0  0
 1  0      0 466128 132292 14785220    0    0     0     0 1006  884 11  3 86  0  0
 1  0      0 455292 132292 14795744    0    0     0     0  942  836 11  3 86  0  0
 2  0      0 419544 132292 14830260    0    0     0    60 1197  939 15  4 80  0  0
 1  0      0 466572 132300 14786388    0    0  1666 31288 2034 2002 12  4 83  1  0
 1  0      0 454280 132300 14796644    0    0  1667     0 1878 1977 11  3 86  0  0
 1  0      0 442940 132300 14808072    0    0     0     0  959  860 10  4 86  0  0
 1  0      0 430876 132300 14819640    0    0     0     0  960  882 10  4 86  0  0
 1  0      0 419788 132300 14830504    0    0     0    32  997  875 10  3 86  0  0
 7  0      0 415976 132308 14826548    0    0     0 31136 1547 1185 22  7 70  1  0
 7  0      0 181004 132308 15067620    0    0     0    52 2800 1442 77 15  8  0  0
 1  4      0 150680 132316 15098732    0    0     0 328268 5735 4042 38 11 25 25  0
 2  0      0 523076 132320 14737520    0    0     0 43664 2461 1708 20  7 70  3  0
 1  1      0 470428 132320 14789228    0    0     0 13324 1687 1194 24  6 70  0  0
 2  0      0 422632 132324 14838848    0    0     0 52760 2131 1360 19  6 73  2  0
 2  1      0 336248 132328 14921736    0    0     0 96996 2676 1584 25  7 66  2  0
 2  0      0 440084 132328 14825832    0    0     0 50820 1966 1256 19  5 74  2  0
 2  0      0 517696 132328 14747616    0    0     0     0 1343  962 20  6 74  0  0
 2  0      0 476144 132328 14786740    0    0     0 66036 1968 1270 18  5 74  3  0
 2  0      0 427536 132328 14834788    0    0     0   164 1600 1125 21  5 73  0  0
 2  0      0 384392 132328 14875396    0    0     0 65948 1892 1285 19  5 74  2  0
procs -----------memory---------- ---swap-- -----io---- -system-- ------cpu-----
 r  b   swpd   free   buff  cache   si   so    bi    bo   in   cs us sy id wa st
 2  0      0 520468 132336 14733856    0    0     0 32328 1705 1248 19  6 74  1  0
 1  0      0 536848 132336 14705612    0    0     0 31052 1572 1109 15  5 80  1  0
 1  0      0 525508 132336 14715744    0    0     0     0 1110 1018 11  3 86  0  0
 1  0      0 514728 132336 14726028    0    0     0   228 1040  918 10  4 86  0  0
 1  0      0 502632 132336 14736968    0    0     0     4 1120 1056 11  3 86  0  0
 1  0      0 491880 132336 14747528    0    0     0     0  960  865 10  3 86  0  0
 2  0      0 473320 132336 14770820    0    0     0    68 1111  974 13  4 83  0  0
 3  0      0 514404 132336 14737392    0    0     0 31000 1508 1243 15  4 80  1  0
 1  0      0 502556 132336 14748876    0    0     0     0  984  875 10  3 86  0  0
 1  0      0 490460 132336 14760176    0    0     0     0 1029  911 11  2 86  0  0
 1  0      0 478368 132336 14771352    0    0     0     0 1027  926 11  3 86  0  0
 1  0      0 467784 132336 14781856    0    0     0     0 1048  900 11  3 86  0  0
 2  0      0 429228 132336 14815156    0    0     0    52 1218  978 15  5 81  0  0
 7  1      0 329812 132340 14924988    0    0     0 41148 2476 1240 57 12 29  2  0
 6  0      0 147660 132344 15109772    0    0     0 122912 3421 1542 60 14 23  3  0
 2  0      0 506284 132348 14750548    0    0     0 214876 3969 2667 18  7 61 14  0
 2  0      0 446408 132348 14807336    0    0     0  5068 1332  929 20  6 74  0  0
 2  0      0 404576 132348 14850096    0    0     0 61012 1899 1169 18  6 74  2  0
 2  1      0 343380 132348 14908456    0    0     0 65136 1967 1136 22  5 70  2  0
 2  0      0 350872 132360 14908800    0    0     0 32240 1874 1250 25  6 68  1  0
 3  0      0 304788 132364 14950864    0    0     0 65972 1937 1178 18  5 74  3  0
procs -----------memory---------- ---swap-- -----io---- -system-- ------cpu-----
 r  b   swpd   free   buff  cache   si   so    bi    bo   in   cs us sy id wa st
 2  0      0 486844 132368 14773160    0    0     0  3124 1366 1011 20  6 74  0  0
 2  0      0 443500 132368 14815004    0    0     0 66028 2018 1292 19  5 74  2  0
 2  0      0 395652 132368 14860404    0    0     0     0 1770 1306 24  7 69  0  0
 2  0      0 354852 132372 14901552    0    0     0 66128 2235 1450 19  5 73  2  0
 2  0      0 269512 132380 14976184    0    0     0 64764 2282 1497 24  6 68  2  0
 1  0      0 514860 132384 14736360    0    0     0     4 1153  997 10  4 86  0  0
 1  0      0 504080 132384 14747128    0    0     0     0 1047  952 11  3 86  0  0
 2  0      0 493496 132384 14757412    0    0     0     0  973  878 11  3 86  0  0
 1  0      0 483416 132384 14767040    0    0     0    16 1027  891 10  4 86  0  0
 1  0      0 473336 132384 14777156    0    0     0   116 1067  973 11  3 86  0  0
 1  1      0 428984 132384 14819688    0    0     0 30904 1515 1035 17  4 78  1  0
 1  0      0 487132 132384 14767292    0    0     0   104 1678 1333 13  5 82  0  0
 1  0      0 477332 132384 14776788    0    0     0     0 1097  958 11  3 86  0  0
 2  0      0 467060 132384 14786956    0    0     0    40 1078  985 11  3 86  0  0
 1  0      0 457260 132384 14796756    0    0     0     0 1018  907 10  4 86  0  0
 1  0      0 446976 132384 14806496    0    0     0     0 1008  945 10  3 86  0  0
 2  0      0 403912 132384 14846064    0    0     0    80 1228  971 15  5 80  0  0
 6  0      0 284832 132388 14969616    0    0     0 53852 2930 1398 60 13 25  2  0
 2  4      0 165464 132392 15085176    0    0     0 190148 3939 1978 54 12 24 10  0
 2  0      0 511212 132404 14747464    0    0     0 132748 3884 2458 19  7 60 14  0
 2  0      0 457928 132404 14798652    0    0     0     0 1269  874 21  5 74  0  0
procs -----------memory---------- ---swap-- -----io---- -system-- ------cpu-----
 r  b   swpd   free   buff  cache   si   so    bi    bo   in   cs us sy id wa st
 2  0      0 417356 132404 14839056    0    0     0 66076 1870 1246 18  6 73  3  0
 3  0      0 357632 132404 14897096    0    0     0     0 1273  913 21  7 73  0  0
 3  0      0 494284 132404 14752708    0    0  3333 99500 4305 3438 25  8 64  3  0
 1  1      0 443640 132404 14800568    0    0     0 51228 1802 1171 18  6 74  2  0
 2  0      0 390984 132404 14853712    0    0     0 14804 1441 1038 20  5 74  1  0
 2  0      0 345152 132408 14897436    0    0     0 65976 2008 1262 17  7 73  2  0
 1  0      0 498060 132412 14742440    0    0     0 36220 1703 1142 17  5 77  1  0
 2  0      0 476396 132412 14763460    0    0     0     0 1151  958 12  4 84  0  0
 1  0      0 516784 132420 14734048    0    0     0 31024 1611 1178 14  5 80  1  0
 1  0      0 504944 132420 14745320    0    0     0     0 1005  882 10  3 87  0  0
 1  0      0 493856 132420 14755804    0    0     0     0 1051  933 10  4 86  0  0
 1  0      0 482772 132420 14765720    0    0     0     0 1069  913 10  3 86  0  0
 1  0      0 471684 132420 14777056    0    0     0     0 1074  951 10  4 86  0  0
 2  0      0 422544 132420 14820432    0    0     0   452 1277  982 16  4 80  0  0
 1  0      0 470008 132424 14769864    0    0     0 30992 1511 1116 10  4 85  1  0
 1  0      0 457912 132424 14781024    0    0     0     0 1093  952 11  3 86  0  0
 2  0      0 446824 132424 14791636    0    0     0     0 1012  937 11  3 86  0  0
 1  0      0 436492 132424 14801652    0    0     0     0 1044  911 11  3 86  0  0
 1  0      0 426164 132428 14811644    0    0     0    12 1079  953 11  3 86  0  0
 7  0      0 440136 132436 14815816    0    0     0 31064 1800 1094 23  6 69  1  0
 6  0      0 200044 132436 15056168    0    0     0 24512 2582 1130 67 15 17  1  0
procs -----------memory---------- ---swap-- -----io---- -system-- ------cpu-----
 r  b   swpd   free   buff  cache   si   so    bi    bo   in   cs us sy id wa st
 1  2      0 158032 132432 15098268    0    0     0 311392 6035 3339 36 10 30 24  0
 2  0      0 479340 132440 14780756    0    0     0 11888 1673 1198 20  6 73  1  0
 2  0      0 434064 132444 14825304    0    0     0 66112 1986 1208 19  5 74  2  0
 2  0      0 382688 132444 14877052    0    0     0     0 1222  889 21  5 74  0  0
 2  1      0 298044 132448 14955372    0    0     0 96984 2435 1360 24  7 66  3  0
 2  0      0 311484 132452 14937772    0    0     0     4 1304  898 20  7 73  0  0
 2  0      0 494500 132456 14755552    0    0     0 59484 1843 1181 18  6 73  2  0
 2  0      0 444992 132456 14804572    0    0     0     4 1259  905 21  6 74  0  0
 2  0      0 401152 132456 14847604    0    0     0 66032 1885 1149 19  6 73  2  0
 2  0      0 352516 132456 14896736    0    0     0     0 1306  922 21  6 74  0  0
 2  0      0 310220 132456 14937464    0    0     0 65976 1927 1160 18  5 74  2  0
 1  1      0 302504 132460 14953812    0    0     0 67788 2187 1314 27  7 64  2  0
 2  0      0 257864 132464 14998740    0    0     0 29188 1687 1128 20  6 74  1  0
 1  1      0 215484 132464 15040260    0    0     0 42992 1700 1091 19  5 74  2  0
 1  0      0 494512 132472 14757956    0    0     0 29080 1520 1278 11  5 83  1  0
 1  0      0 485216 132472 14767784    0    0     0     0 1050  922 11  3 86  0  0
 1  0      0 474636 132472 14777272    0    0     0     0 1027  884 11  3 86  0  0
 2  0      0 438156 132472 14810932    0    0     0     0 1118  906 16  4 80  0  0
 1  0      0 473684 132472 14766500    0    0     0 31040 1416 1086 12  4 83  1  0
 1  0      0 461868 132472 14777412    0    0     0     0 1037  939 10  3 86  0  0
 1  0      0 451536 132472 14787772    0    0     0     0  968  863 11  3 86  0  0
procs -----------memory---------- ---swap-- -----io---- -system-- ------cpu-----
 r  b   swpd   free   buff  cache   si   so    bi    bo   in   cs us sy id wa st
 1  0      0 440952 132472 14797892    0    0     0     0 1017  908 11  3 86  0  0
 1  0      0 429612 132472 14809056    0    0     0     0  997  877 11  3 86  0  0
 2  0      0 395596 132472 14848044    0    0     0   400 1248  947 15  5 79  0  0
 6  0      0 307824 132472 14955668    0    0     0 43584 2637 1203 58 13 27  2  0
 2  4      0 158880 132468 15100764    0    0     0 132268 3418 1505 57 14 23  5  0
 2  0      0 491336 132472 14774328    0    0     0 191340 4744 3081 15  7 59 18  0
 2  0      0 445844 132472 14818212    0    0     0     0 1312  968 21  5 74  0  0
 2  0      0 405528 132472 14858108    0    0     0 66124 1906 1169 19  5 74  3  0
 2  0      0 354120 132472 14907392    0    0     0     0 1348  933 21  5 74  0  0
 3  0      0 343052 132472 14912104    0    0     0 96980 2309 1433 24  8 64  4  0
 2  0      0 488180 132472 14766952    0    0     0 30528 1646 1112 20  5 73  1  0
 2  0      0 435932 132472 14818872    0    0     0     0 1312  918 21  5 74  0  0
 2  0      0 393596 132472 14859084    0    0     0 66020 1856 1240 19  5 74  2  0
 1  1      0 336228 132472 14913648    0    0     0  4012 1315  940 21  5 74  0  0
 2  0      0 284888 132472 14964296    0    0     0 61964 1978 1180 18  6 74  2  0
 2  1      0 201052 132472 15046996    0    0     0 74004 2175 1234 25  7 66  2  0
 2  0      0 223212 132472 15036896    0    0     0 22976 1658 1143 21  6 73  1  0
 1  0      0 490608 132476 14763196    0    0     0 71068 2132 1321 15  5 78  2  0
 1  0      0 479464 132476 14774504    0    0     0     0 1027  884 10  3 87  0  0
 2  0      0 468936 132476 14785140    0    0     0     0  985  891 11  3 86  0  0
 1  0      0 454420 132476 14795080    0    0  1666     0 1848 1944 11  3 85  0  0
procs -----------memory---------- ---swap-- -----io---- -system-- ------cpu-----
 r  b   swpd   free   buff  cache   si   so    bi    bo   in   cs us sy id wa st
 1  0      0 467820 132476 14775468    0    0  1667 31120 2464 2136 16  6 77  1  0
 1  0      0 455756 132476 14786948    0    0     0     4  984  907 10  4 86  0  0
 1  0      0 444416 132476 14797508    0    0     0     0  997  898 10  4 86  0  0
 2  0      0 434084 132476 14807564    0    0     0     0  980  872 11  3 87  0  0
 1  0      0 423752 132476 14817712    0    0     0     0 1033  883 10  3 86  0  0
 2  0      0 412160 132476 14829832    0    0     0    52 1044  956 11  3 86  0  0
 6  1      0 384596 132476 14873468    0    0     0 40220 2041 1155 35  9 54  2  0
 6  0      0 197668 132476 15065104    0    0     0  2740 2217  951 63 13 24  0  0
 1  2      0 162668 132472 15096320    0    0     0 303752 5749 3296 35 10 28 27  0
 2  0      0 466420 132472 14795440    0    0     0 18992 1936 1311 20  5 73  1  0
 2  0      0 416272 132476 14844684    0    0     0 66080 2077 1191 18  5 74  2  0
 2  0      0 364108 132476 14895928    0    0     0   432 1360  961 21  5 74  0  0
 2  0      0 342236 132484 14911464    0    0     0 97000 2556 1545 24  8 65  3  0
 2  0      0 476096 132484 14775404    0    0     0 31580 1787 1147 20  6 74  1  0
 2  0      0 428504 132484 14821824    0    0     0 66028 2054 1196 19  5 74  2  0
 2  0      0 376340 132484 14872744    0    0     0     0 1295  938 20  6 74  0  0
 2  0      0 337572 132484 14911160    0    0     0 66004 1927 1188 19  5 74  3  0
 2  0      0 285196 132484 14962704    0    0     0     0 1361  972 21  5 74  0  0
 3  0      0 206128 132484 15039652    0    0     0 73984 2196 1297 25  6 66  2  0
 1  0      0 496672 132488 14742956    0    0     0 59280 2163 1495 16  6 77  2  0
 1  0      0 485588 132488 14752824    0    0     0     0 1003  924 11  3 86  0  0
procs -----------memory---------- ---swap-- -----io---- -system-- ------cpu-----
 r  b   swpd   free   buff  cache   si   so    bi    bo   in   cs us sy id wa st
 1  0      0 475536 132488 14762140    0    0     0     0 1058  967 11  3 86  0  0
 1  0      0 465960 132488 14771004    0    0     0     0 1002  944 10  3 86  0  0
 1  0      0 455380 132488 14780964    0    0     0     0  978  903 11  3 86  0  0
 2  0      0 425928 132488 14814316    0    0     0   136 1336 1094 15  4 81  0  0
 1  0      0 475528 132496 14772384    0    0     0 31052 1476 1166 12  4 83  1  0
 1  0      0 465196 132496 14782488    0    0     0     0 1033  922 10  3 86  0  0
 1  0      0 454360 132496 14793036    0    0     0     0 1043  943 10  3 86  0  0
 1  0      0 443524 132496 14803388    0    0     0     0 1001  913 10  4 86  0  0
 1  0      0 432484 132496 14813376    0    0     0     0 1059  943 11  3 86  0  0
 2  0      0 403332 132496 14839840    0    0     0   240 2142 1746 19  7 73  0  0
 6  0      0 342432 132496 14904368    0    0     0 38124 2285 1306 47 10 41  1  1
 7  0      0 155028 132496 15088672    0    0     0     0 2191  943 63 13 24  0  0
 3  0      0 157748 132504 15091460    0    0     0 322208 6357 3835 25  7 34 34  1
 2  0      0 461352 132504 14791428    0    0     0   756 1459 1019 20  7 74  0  0
 2  0      0 419772 132504 14831368    0    0     0 66076 1925 1179 17  7 74  2  0
 2  0      0 366348 132504 14884960    0    0     0     0 1248  895 20  6 74  0  0
 2  0      0 357652 132508 14901992    0    0     0 96992 2702 1438 25  7 65  3  0
 2  0      0 297460 132508 14960172    0    0     0     0 1247  902 21  5 74  0  0
 1  1      0 246472 132508 15009116    0    0    28 82276 2307 1340 18  6 73  2  0
 2  0      0 470552 132512 14791088    0    0     0 13876 1576 1074 20  6 74  0  0
 2  0      0 424468 132512 14834760    0    0     0 66044 2012 1244 18  6 74  2  0
procs -----------memory---------- ---swap-- -----io---- -system-- ------cpu-----
 r  b   swpd   free   buff  cache   si   so    bi    bo   in   cs us sy id wa st
 2  0      0 370300 132512 14889096    0    0     0   420 1349  926 20  6 74  0  0
 2  0      0 346712 132528 14907828    0    0     0 97000 2475 1520 23  8 65  3  0
 3  0      0 285480 132528 14967108    0    0     0   172 1253  862 21  5 74  0  0
 2  0      0 232896 132532 15017140    0    0     0 65976 2091 1248 19  6 74  1  0
 2  0      0 187040 132536 15063308    0    0     0 65976 1922 1251 18  6 74  2  0
 1  0      0 481980 132536 14767628    0    0     0 33684 1589 1211 17  6 76  2  0
 1  0      0 470896 132536 14778348    0    0     0     0 1034  893 11  3 86  0  0
 1  0      0 491524 132536 14758876    0    0     0 31048 1509 1113 17  5 77  1  0
 1  0      0 480200 132536 14769156    0    0     0     0 1105  965 11  3 86  0  0
 1  0      0 469616 132536 14779180    0    0     0     0 1066  918 10  4 86  0  0
 1  0      0 458024 132540 14789348    0    0     0    56 1116  962 10  4 86  0  0
 1  0      0 446964 132540 14800072    0    0     0     0 1032  878 10  4 86  0  0
 2  0      0 434620 132540 14811596    0    0     0    92 1027  899 10  4 86  0  0
 7  0      0 414868 132544 14839120    0    0     0 30996 1838 1103 32  7 59  1  0
 6  0      0 217284 132544 15034164    0    0     0     0 2191  961 64 12 24  0  0
 1  4      0 157456 132544 15090672    0    0     0 271492 4674 3053 30  8 30 32  0
 2  0      0 452104 132556 14805396    0    0     0 46052 2282 1655 21  7 69  3  0
 2  0      0 394768 132556 14853956    0    0  1666     0 2115 1775 21  6 73  0  0
 2  0      0 352992 132560 14894152    0    0  1667 66044 2922 2221 19  6 73  2  0
 2  1      0 270616 132560 14971456    0    0     0 36828 1753 1033 25  7 67  1  0
 2  0      0 283504 132564 14958092    0    0     0 60188 2095 1374 20  7 71  3  0
procs -----------memory---------- ---swap-- -----io---- -system-- ------cpu-----
 r  b   swpd   free   buff  cache   si   so    bi    bo   in   cs us sy id wa st
 1  0      0 472124 132564 14770192    0    0     0 51484 1548 1176 15  4 79  2  0
 1  0      0 461288 132564 14779992    0    0     0     0  959  890 10  4 86  0  0
 1  0      0 451992 132564 14788864    0    0     0     0  961  867 11  3 86  0  0
 1  0      0 441664 132564 14798304    0    0     0     0  986  886 10  4 86  0  0
 2  0      0 421252 132564 14818284    0    0     0     0 1009  880 13  4 84  0  0
 1  0      0 459140 132564 14786504    0    0     0 31096 1441 1134 15  4 78  2  0
 1  0      0 448052 132564 14796824    0    0     0     0 1064  907 11  3 86  0  0
 1  0      0 437468 132564 14806752    0    0     0     0 1016  951 11  3 86  0  0
 1  0      0 426380 132564 14816468    0    0     0     0  950  840 10  3 86  0  0
 1  0      0 416056 132564 14825832    0    0     0     0  991  966 11  3 86  0  0
 3  0      0 406480 132564 14835700    0    0     0    52  927  860 10  3 86  0  0
 1  0      0 420184 132564 14814992    0    0     0 30992 1436 1146 17  4 77  1  0
 1  0      0 408348 132564 14825360    0    0     0     0  969  875 11  3 86  0  0
 2  0      0 397516 132564 14835460    0    0     0     0  952  884 10  3 86  0  0
 1  0      0 386176 132564 14846060    0    0     0     0 1002  921 11  3 86  0  0
 1  0      0 375592 132564 14855524    0    0     0   360 1060  970 10  4 86  0  0
 2  0      0 365764 132568 14864816    0    0     0    68 1010  907 11  3 86  0  0
 2  0      0 330248 132568 14900748    0    0     0     0 1138  924 16  4 79  0  0
 7  0      0 252548 132572 15003904    0    0     0 30996 2576 1149 60 12 26  1  1
 6  0      0 157928 132576 15101668    0    0     0 45696 2563 1152 70 13 14  2  1
 0  1      0 154196 132576 15103416    0    0     0 295868 4909 3467 25  8 33 33  0
procs -----------memory---------- ---swap-- -----io---- -system-- ------cpu-----
 r  b   swpd   free   buff  cache   si   so    bi    bo   in   cs us sy id wa st
 2  0      0 500128 132576 14758240    0    0     0 26416 1756 1302 19  6 73  2  0
 2  0      0 454800 132580 14804068    0    0     0 66068 1401 1200 18  6 74  2  0
 2  0      0 400620 132580 14856320    0    0     0     0 1241  929 20  6 74  0  0
 2  0      0 378644 132584 14867252    0    0     0 97000 2067 1473 27  6 64  3  0
 2  0      0 322200 132584 14920740    0    0     0    48 1270  927 21  6 74  0  0
 2  0      0 276604 132584 14966496    0    0     0 65988 1447 1204 20  5 74  2  0
 2  0      0 222440 132584 15017524    0    0     0     0 1233  966 20  6 74  0  0
 2  0      0 487788 132584 14759696    0    0     0 65964 1453 1210 18  6 74  2  0
 1  1      0 437704 132584 14807768    0    0     0 59376 1412 1134 19  5 74  2  0
 2  1      0 358072 132584 14889932    0    0     0 27124 1599  984 27  7 65  1  0
 2  0      0 379296 132592 14876684    0    0     0 76532 1637 1349 18  7 73  2  0
 2  0      0 322108 132592 14932228    0    0     0     0 1265  919 20  7 74  0  0
 2  0      0 275992 132592 14978924    0    0     0 65976 1460 1287 19  5 74  2  0
 1  1      0 220344 132592 15032028    0    0     0 53168 1404 1125 20  5 74  1  0
 1  0      0 505584 132592 14739004    0    0     0 45288 1512 1287 19  5 75  2  0
 2  0      0 464176 132592 14778652    0    0     0     0 1177  910 17  4 79  0  0
 1  0      0 513052 132592 14728596    0    0     0 31052 1423 1149 10  5 84  1  0
 1  0      0 500988 132592 14739116    0    0     0     0  957  863 10  4 86  0  0
 1  0      0 490740 132592 14749280    0    0     0     0  971  921 10  3 86  0  0
 1  0      0 480184 132592 14758992    0    0     0     0  952  869 10  4 86  0  0
 1  0      0 469936 132592 14769188    0    0     0     0  938  902 10  3 87  0  0
procs -----------memory---------- ---swap-- -----io---- -system-- ------cpu-----
 r  b   swpd   free   buff  cache   si   so    bi    bo   in   cs us sy id wa st
 2  0      0 432444 132592 14809244    0    0     0    52 1133  918 16  4 80  0  0
 6  1      0 328460 132592 14933472    0    0     0 59336 2785 1214 63 13 22  2  0
 3  3      0 157920 132592 15098540    0    0     0 17076 2313  974 61 15 24  1  0
 2  0      0 524832 132596 14733276    0    0     0 305328 5825 4340 13  6 39 42  0
 3  0      0 467828 132596 14783904    0    0     0     8 3533  967 20  8 72  0  0
 2  0      0 422748 132596 14828664    0    0     0 66072 1482 1222 19  5 74  2  0
 3  0      0 345664 132596 14901112    0    0     0     0 1424  954 24  7 70  0  0
 2  0      0 343204 132604 14899360    0    0     0 96992 2005 1659 20  6 69  4  0
 1  1      0 291544 132604 14949004    0    0     0 40960 1316 1055 19  6 74  1  0
 2  0      0 482580 132608 14758044    0    0     0 33024 1628 1302 19  6 74  1  0
 2  0      0 431564 132608 14808264    0    0     0 66028 1424 1184 18  6 74  2  0
 2  0      0 374640 132608 14864228    0    0     0     4 1259  945 21  5 74  0  0
 3  0      0 320012 132608 14920168    0    0     0 65976 1560 1263 21  6 70  2  1
 2  0      0 312240 132612 14932876    0    0     0 30996 1820 1103 24  6 69  1  0
 1  0      0 526956 132616 14714332    0    0   547 76320 1817 1840 14  4 79  2  0
 1  0      0 512712 132616 14724772    0    0  2786     0 2441 2591 11  4 85  0  0
 1  0      0 502148 132616 14735636    0    0     0     0  983  911 10  3 86  0  0
 1  0      0 491060 132616 14746596    0    0     0     0 1002  899 10  4 86  0  0
 2  0      0 457796 132616 14777928    0    0     0     0 1052  878 15  4 81  0  0
 1  0      0 492792 132620 14737040    0    0     0 31100 1416 1131 12  4 82  1  0
 1  0      0 482472 132620 14748372    0    0     0     0  963  919 11  3 86  0  0
procs -----------memory---------- ---swap-- -----io---- -system-- ------cpu-----
 r  b   swpd   free   buff  cache   si   so    bi    bo   in   cs us sy id wa st
 1  0      0 470660 132620 14759680    0    0     0     0  983  920 10  3 87  0  0
 1  0      0 461600 132620 14769592    0    0     0     0  967  872 10  3 87  0  0
 1  0      0 451008 132620 14779940    0    0     0     0  980  908 10  3 86  0  0
 7  0      0 478964 132620 14760524    0    0     0 31064 1602 1149 18  4 78  1  0
 6  0      0 272060 132620 14991676    0    0     0 14616 2375 1018 65 15 20  0  0
 1  4      0 159992 132620 15098376    0    0     0 233648 4887 2578 43 12 27 17  0
 2  0      0 472992 132628 14788816    0    0     0 88664 2989 2215 18  6 68  8  0
 2  0      0 422028 132632 14839668    0    0     0 66072 1986 1247 19  6 74  2  0
 2  0      0 364572 132632 14895600    0    0     0     0 1253  977 22  5 74  0  0
 2  0      0 343964 132632 14907108    0    0     0 96996 2494 1440 25  7 65  3  0
 2  0      0 289088 132632 14960312    0    0     0     0 1210  909 21  5 74  0  0
 1  1      0 242144 132632 15007224    0    0     0 90544 2058 1245 18  6 74  3  0
 3  0      0 446580 132636 14801776    0    0     0  2268 1400 1134 20  6 74  0  0
 2  0      0 397648 132636 14850336    0    0     0 66004 1940 1165 18  6 74  2  0
 2  0      0 342288 132636 14904792    0    0     0     0 1189  920 21  5 74  0  0
 2  0      0 335048 132640 14923996    0    0     0 97008 2496 1364 25  6 66  3  0
 2  0      0 283008 132640 14973376    0    0     0 65968 1867 1236 19  5 74  2  0
 2  0      0 228340 132640 15025520    0    0     0     0 1240  908 20  6 74  0  0
 1  0      0 499872 132644 14753208    0    0     0 68120 1992 1377 15  5 77  3  0
 1  0      0 490324 132644 14762444    0    0     0     0  982  916 11  3 86  0  0
 1  0      0 480496 132644 14771864    0    0     0     0 1009  925 11  3 86  0  0
procs -----------memory---------- ---swap-- -----io---- -system-- ------cpu-----
 r  b   swpd   free   buff  cache   si   so    bi    bo   in   cs us sy id wa st
 2  0      0 435640 132644 14811916    0    0     0     0 1098  895 16  5 79  0  0
 1  0      0 480676 132648 14762920    0    0     0 31092 1399 1126 11  4 84  1  0
 1  0      0 470092 132648 14772964    0    0     0     0  931  864 10  3 87  0  0
 1  0      0 459508 132648 14783612    0    0     0     8  986  937 11  3 86  0  0
 1  0      0 447916 132648 14794424    0    0     0     0  946  868 11  3 87  0  0
 1  0      0 436324 132648 14805604    0    0     0     0  984  918 11  3 86  0  0
 7  0      0 425860 132648 14833824    0    0     0 37712 1845 1093 28  8 63  1  0
 6  0      0 223780 132648 15036948    0    0     0     0 2067  844 63 13 24  0  0
 2  5      0 158096 132648 15098168    0    0     0 243484 4609 2852 40  9 24 26  1
 2  0      0 470948 132660 14786936    0    0     0 79932 2917 2160 17  6 68  9  0
 2  1      0 417060 132660 14839128    0    0     0 17460 1460 1114 20  5 74  1  0
 2  0      0 366912 132660 14888148    0    0     0 48684 1393 1137 19  6 74  2  0
 4  0      0 282252 132660 14967220    0    0     0 65980 1550 1278 24  7 67  2  0
 3  0      0 291644 132664 14958520    0    0     0 30988 1645 1094 21  6 73  1  0
 2  0      0 246300 132664 15002500    0    0     0 65968 1425 1215 18  6 74  3  0
 2  0      0 187836 132664 15060532    0    0     0     0 1261  936 21  6 74  0  0
 2  0      0 156592 132664 15091936    0    0     0 65976 1479 1260 19  5 74  2  0
 2  0      0 494344 132672 14753016    0    0     0 59496 1493 1272 18  6 74  2  0
 2  1      0 406308 132672 14838180    0    0     0 23568 1623 1018 27  7 65  1  0
 2  0      0 429016 132676 14822272    0    0     0 73456 1531 1242 19  6 73  2  0
 2  1      0 378868 132676 14871836    0    0     0 61424 1322 1047 19  5 74  2  0
procs -----------memory---------- ---swap-- -----io---- -system-- ------cpu-----
 r  b   swpd   free   buff  cache   si   so    bi    bo   in   cs us sy id wa st
 2  0      0 321664 132676 14927808    0    0     0  4556 1252  945 19  7 74  0  0
 2  0      0 273280 132676 14977824    0    0     0 65980 1474 1225 19  6 74  2  0
 2  0      0 218552 132676 15032100    0    0     0     0 1277  908 20  6 74  0  0
 2  0      0 221216 132680 15024004    0    0     0 96984 2013 1445 25  7 65  3  0
 1  1      0 168088 132680 15074388    0    0     0 55272 1391 1142 19  5 74  2  0
 1  0      0 552936 132684 14688868    0    0     0 31708 2348 1234 14  7 78  1  0
 1  0      0 542108 132684 14698288    0    0     0     0  983  937 11  3 86  0  0
 1  0      0 531272 132684 14708832    0    0     0     4  981  902 11  3 86  0  0
 3  0      0 520184 132684 14719448    0    0     0     0  989  940 11  3 87  0  0
 7  0      0 526092 132692 14720864    0    0     0 31060 1765 1134 23  6 70  1  0
 7  0      0 315672 132692 14931084    0    0     0     0 2138  889 62 14 24  0  0
 1  3      0 201836 132692 15044752    0    0     0 280024 4595 2864 36 11 30 22  0
 3  0      0 482904 132700 14759200    0    0  2214 37620 3388 2798 19  7 70  3  0
 2  0      0 430248 132700 14811292    0    0  1119 66076 1987 1794 18  7 73  1  0
 2  0      0 370276 132700 14870600    0    0     0     0 1271  955 21  5 74  0  0
 2  0      0 365888 132700 14885076    0    0     0 97004 2092 1498 25  7 66  3  0
 3  0      0 314748 132700 14935732    0    0     0 44344 1525 1071 19  5 74  2  0
 2  0      0 265892 132704 14983304    0    0     0 21636 1393 1022 20  5 74  1  0
 2  0      0 218276 132708 15031068    0    0     0 65980 1561 1290 19  6 74  2  0
 2  0      0 157056 132708 15090860    0    0     0     0 1230  888 21  6 74  0  0
 2  0      0 159740 132708 15094528    0    0     0 65980 1481 1269 20  5 74  2  0
procs -----------memory---------- ---swap-- -----io---- -system-- ------cpu-----
 r  b   swpd   free   buff  cache   si   so    bi    bo   in   cs us sy id wa st
 1  0      0 567400 132720 14673160    0    0     0 57860 1772 1229 16  7 76  2  0
 1  0      0 548152 132720 14683516    0    0     0     0 2485  962 10  5 84  0  0
 1  0      0 535916 132720 14694364    0    0     0     0 1055  879 10  3 86  0  0
 1  0      0 525868 132720 14704700    0    0     0     0 1092 1014 10  4 86  0  0
 1  0      0 515316 132720 14715788    0    0     0   104 1066  940 11  3 86  0  0
 2  0      0 501736 132720 14734552    0    0     0     0 1184  950 12  4 84  0  0
 1  0      0 533572 132720 14709540    0    0     0 31008 1624 1145 14  5 80  1  0
 1  0      0 521984 132720 14720456    0    0     0     0 1029  919 10  3 86  0  0
 1  0      0 512416 132720 14730304    0    0     0     0 1059  911 11  3 86  0  0
 1  0      0 501936 132720 14741008    0    0     0     0 1073  968 10  3 86  0  0
 1  0      0 491172 132720 14751568    0    0     0     0 1054  912 10  3 86  0  0
 2  0      0 444836 132720 14793156    0    0     0    48 1194  963 16  4 80  0  0
 7  0      0 294256 132724 14954020    0    0     0 30992 2549 1106 66 14 19  1  0
 1  5      0 161360 132724 15078884    0    0     0 171432 3865 1981 54 12 20 13  0
 2  0      0 528572 132732 14710488    0    0     0 207624 4629 3459 16  6 56 22  0
 2  0      0 476420 132732 14766152    0    0     0     0 1257  904 20  6 74  0  0
 2  0      0 431060 132732 14811012    0    0     0 65992 1461 1171 18  6 74  2  0
 3  0      0 364536 132732 14878228    0    0     0     8 1348  906 24  6 70  0  0
 2  0      0 381288 132736 14873812    0    0     0 96960 2103 1537 21  6 68  4  0
 1  1      0 325356 132736 14929400    0    0     0  2160 1278  909 20  6 74  0  0
 2  0      0 518312 132744 14736156    0    0     0 69928 1614 1331 18  6 74  2  0
procs -----------memory---------- ---swap-- -----io---- -system-- ------cpu-----
 r  b   swpd   free   buff  cache   si   so    bi    bo   in   cs us sy id wa st
 1  1      0 464560 132744 14788652    0    0     0 33792 1342 1081 20  5 74  1  0
 2  0      0 415672 132748 14837216    0    0     0 32252 1327  977 20  6 74  1  0
 3  0      0 362260 132748 14890344    0    0     0 65996 1517 1237 21  5 71  3  0
 2  0      0 336652 132748 14907172    0    0     0 31012 1728 1072 26  6 67  1  0
 2  0      0 287540 132748 14955320    0    0     0 65968 1436 1162 18  6 74  2  0
 1  1      0 230112 132748 15012912    0    0     0  4024 1176  830 21  5 74  0  0
 2  1      0 179212 132752 15063408    0    0     0 74192 1493 1195 18  6 74  2  0
 1  0      0 505264 132752 14728448    0    0     0 27336 1324 1186 10  5 84  1  0
 2  0      0 479056 132752 14757008    0    0     0     0 1042  866 14  4 82  0  0
 1  0      0 527536 132752 14719388    0    0     0 31052 1468 1094 13  4 82  1  0
 1  0      0 518880 132752 14729880    0    0     0     0  938  845 10  3 86  0  0
 2  0      0 507288 132752 14740908    0    0     0     0  956  859 11  3 86  0  0
 1  0      0 496452 132752 14751564    0    0     0     0 1006  886 11  3 86  0  0
 1  0      0 486400 132752 14761344    0    0     0     0  932  834 10  3 86  0  0
 2  0      0 440568 132756 14800764    0    0     0    56 1068  907 16  4 80  0  0
 7  0      0 306884 132764 14937768    0    0     0 30984 2470 1088 64 14 21  1  0
 4  3      0 162584 132768 15084248    0    0     0 196224 4404 2031 60 14 16  9  0
 1  1      0 501304 132780 14750228    0    0     0 181428 3518 2582 17  6 60 17  0
 1  1      0 490904 132780 14764892    0    0     0 18092 1232  993 11  3 86  1  0
 2  0      0 450864 132780 14804412    0    0     0 56716 1193 1127  9  3 86  2  0
 1  0      0 414580 132780 14839520    0    0     0 65976 1161 1162  9  3 86  2  0
procs -----------memory---------- ---swap-- -----io---- -system-- ------cpu-----
 r  b   swpd   free   buff  cache   si   so    bi    bo   in   cs us sy id wa st
 1  0      0 560056 132788 14693272    0    0     0 22544 1118  996 10  3 87  0  0
 0  1      0 520008 132788 14734012    0    0     0 49196 1068 1049 10  3 86  2  0
 1  0      0 479724 132788 14773568    0    0     0 16892 1063  981 11  2 86  1  0
 1  0      0 445728 132792 14807604    0    0     0 65976 1274 1221  9  3 86  2  0
 1  0      0 394856 132792 14858160    0    0     0     0  955  871 11  3 87  0  0
 1  0      0 610808 132796 14639696    0    0     0 89168 1476 1569  8  4 86  3  0
 1  0      0 570652 132796 14683516    0    0   676     8 1071  936 11  2 86  0  0
 1  0      0 531592 132796 14721356    0    0     0 66036 1198 1137  9  3 86  2  0
 0  1      0 481728 132796 14771548    0    0     0 12296  951  921 11  2 86  0  0
 1  0      0 431604 132800 14810028    0    0  1666 53676 2091 2198 10  3 86  2  0
 1  0      0 397592 132804 14844168    0    0  1667 65972 2409 2314  9  3 86  2  0
 1  0      0 358040 132804 14883272    0    0     0    16 1158  989 11  2 86  0  0
 1  0      0 319004 132808 14919964    0    0     0 65992 1769 1187  9  3 86  2  0
 1  0      0 464388 132816 14767848    0    0     0 52988 1734 1288  8  3 86  2  0
 3  0      0 538400 132816 14714396    0    0     0 17048 1924 1059 36  7 57  0  0
 0  3      0 437852 132816 14809608    0    0     0 107416 2817 1728 27  5 62  6  0
25  0      0 449032 132828 14767296    0    0     0 91212 4998 3740 56 11 29  4  0
22  0      0 176432 132828 15044044    0    0     0  7868 2804 1559 85 14  0  0  0
24  0      0 147640 132828 15069484    0    0     0     0 2643 1546 83 14  1  0  2
22  0      0 153028 132820 15055820    0    0     0     0 2548 1526 84 14  1  0  1
21  1      0 155288 132812 15052316    0    0     0 173724 5405 2316 83 16  0  0  0
procs -----------memory---------- ---swap-- -----io---- -system-- ------cpu-----
 r  b   swpd   free   buff  cache   si   so    bi    bo   in   cs us sy id wa st
 3 14      0 148232 132776 15053432    0    0     0 344496 7568 4089 73 17  2  7  0
 0  2      0 160192 132780 15039248    0    0     0 345844 15184 10615  2  4 21 72  1
 0  4      0 158820 132780 15039408    0    0     0 420200 13739 9609  1  3 36 60  1
14  0      0 1600712 132792 13635812    0    0     0 89600 8000 2726 34 15 43  8  0
13  0      0 1343328 132792 13887464    0    0     0  4684 2577 1094 86 14  0  0  0
 5  5      0 1079736 132792 14138256    0    0     0 140864 4259 2060 78 14  0  8  0
 0  4      0 1038660 132792 14173688    0    0     0 393460 8106 5950 10  5 22 63  0
