procs -----------memory---------- ---swap-- -----io---- -system-- ------cpu-----
 r  b   swpd   free   buff  cache   si   so    bi    bo   in   cs us sy id wa st
 1  0      0 3937196 128368 11455684    0    0    24  1976  171  148 13  3 82  1  1
 2  0      0 3936868 128372 11455604    0    0     0   284  885 1108  0  1 99  0  0
 1  0      0 3915504 128384 11467168    0    0    20  2800 1894 2025  9  5 86  0  0
 1  0      0 3895092 128384 11476380    0    0     0     0 1412 1349 10  5 85  0  0
 2  0      0 3873168 128384 11487116    0    0     0     0 1140 1134 10  4 86  0  0
 1  0      0 3847808 128384 11497772    0    0     0     4 1427 1403 13  4 83  0  0
 2  0      0 3824376 128384 11508616    0    0     0   228 1152 1048 10  4 86  0  0
 2  0      0 3797920 128388 11526552    0    0     0    96 1326 1133 13  3 84  0  0
 1  0      0 3871364 128392 11500232    0    0     0 30948 1577 1411 14  5 80  1  0
 1  0      0 3847692 128392 11511924    0    0     0     0 1100 1039 10  3 86  0  0
 1  0      0 3824496 128392 11522660    0    0     0     0 1049  978 10  4 86  0  0
 1  0      0 3803328 128392 11532844    0    0     0     0 1060  989 10  3 86  0  0
 1  0      0 3782664 128392 11543180    0    0     0    40 1098 1024 10  4 86  0  0
 2  0      0 3736596 128396 11578432    0    0  1682    64 2094 2031 15  5 80  0  0
 1  0      0 3776804 128396 11534856    0    0  1667 30984 2115 2171 12  4 83  1  0
 1  0      0 3766036 128396 11545812    0    0     0     0 1043  954 10  4 87  0  0
 1  0      0 3754696 128396 11556724    0    0     0     0 1054  930 10  3 86  0  0
 1  0      0 3745148 128396 11567220    0    0     0     0 1089  963 11  3 86  0  0
 1  0      0 3735668 128396 11578200    0    0     0    16 1082  978 11  3 86  0  0
 1  0      0 3750364 128408 11559652    0    0     0 31036 1282 1176 15  5 78  1  0
 1  0      0 3738552 128408 11570868    0    0     0     0 1052  952 10  4 86  0  0
procs -----------memory---------- ---swap-- -----io---- -system-- ------cpu-----
 r  b   swpd   free   buff  cache   si   so    bi    bo   in   cs us sy id wa st
 1  0      0 3727728 128408 11581996    0    0     0     0 1031  943 11  3 86  0  0
 1  0      0 3717148 128408 11592600    0    0     0     0 1064  970 10  3 86  0  0
 1  0      0 3707320 128408 11602624    0    0     0     0 1029  973 10  3 86  0  0
 2  0      0 3691948 128412 11617900    0    0     0   100 1100  976 11  4 85  0  0
 4  0      0 3693880 128420 11621284    0    0     0 30968 1543 1159 25  6 68  1  0
 3  0      0 3597408 128420 11716684    0    0     0 27648 1749 1047 29  8 61  1  0
 1  0      0 3706224 128432 11607780    0    0     0 86368 1868 1368 11  4 82  3  0
 1  0      0 3694884 128432 11618596    0    0     0     0 1029  918 10  3 86  0  0
 1  0      0 3683832 128432 11629336    0    0     0     0 1117  951 10  4 86  0  0
 3  0      0 3642264 128436 11672444    0    0     0 11348 1264 1008 16  4 79  1  0
 1  0      0 3702600 128452 11620356    0    0     0 19756 1132 1072 11  4 84  1  0
 1  0      0 3691768 128452 11630756    0    0     0     0 1005  925 11  3 86  0  0
 1  0      0 3680716 128452 11641764    0    0     0     0 1042  943 10  4 86  0  0
 1  0      0 3669376 128452 11652744    0    0     0     0 1044  930 10  4 87  0  0
 1  0      0 3657784 128452 11663600    0    0     0    24 1095  967 10  3 87  0  0
 2  0      0 3671504 128460 11645360    0    0     0 31032 1216 1048 15  5 78  1  0
 1  0      0 3658912 128460 11657408    0    0     0     0 1058  944 10  3 86  0  0
 1  0      0 3647600 128460 11667992    0    0     0     0 1022  934 10  3 87  0  0
 1  0      0 3637072 128460 11678412    0    0     0     0 1048  941 10  3 86  0  0
 1  0      0 3626748 128460 11689228    0    0     0    60 1069  924 10  3 86  0  0
 2  0      0 3599384 128464 11716096    0    0     0    72 1119  971 14  3 83  0  0
procs -----------memory---------- ---swap-- -----io---- -system-- ------cpu-----
 r  b   swpd   free   buff  cache   si   so    bi    bo   in   cs us sy id wa st
 1  0      0 3632816 128468 11681624    0    0     0 30952 1238 1146 13  4 82  1  0
 1  0      0 3620472 128468 11692960    0    0     0     0 1042  950 10  3 86  0  0
 2  0      0 3609392 128468 11704252    0    0     0     0 1010  917 11  3 86  0  0
 1  0      0 3598052 128468 11715128    0    0     0     4 1073  955 10  4 86  0  0
 1  0      0 3587720 128468 11725452    0    0     0     0 1029  930 10  4 86  0  0
 6  0      0 3596876 128492 11719648    0    0     0 31008 1398 1150 21  5 73  1  0
 4  1      0 3451280 128492 11864116    0    0     0  7168 1999  958 53 10 36  0  0
 1  3      0 3354764 128496 11955264    0    0     0 114964 2580 1522 34  9 47  9  1
 1  0      0 3587520 128504 11722924    0    0     0 101640 2205 1681 10  5 74 11  0
 1  0      0 3576968 128504 11732936    0    0     0     0 1045  922 10  4 86  0  0
 1  0      0 3567404 128504 11742416    0    0     0     0 1036  900 11  4 86  0  0
 2  0      0 3529856 128504 11780956    0    0     0     0 1176  926 16  4 79  0  0
 1  0      0 3577600 128512 11732696    0    0     0 31020 1153 1094 11  4 84  1  0
 1  0      0 3566524 128516 11743644    0    0     0    68 1050  930 11  3 87  0  0
 1  0      0 3555436 128516 11754996    0    0     0     0 1030  881 11  3 86  0  0
 1  0      0 3544348 128516 11765644    0    0     0     0 1199  933 11  3 86  0  0
 1  0      0 3534024 128516 11776172    0    0     0     0 1018  890 11  3 86  0  0
 1  0      0 3553512 128516 11755840    0    0     0 30980 1293 1105 15  6 76  3  0
 1  0      0 3541672 128516 11767288    0    0     0     0 1022  885 10  4 86  0  0
 1  0      0 3530584 128516 11778240    0    0     0     0 1025  897 10  4 86  0  0
 1  0      0 3519760 128516 11788916    0    0     0     0 1036  930 11  3 86  0  0
procs -----------memory---------- ---swap-- -----io---- -system-- ------cpu-----
 r  b   swpd   free   buff  cache   si   so    bi    bo   in   cs us sy id wa st
 1  0      0 3507916 128516 11799448    0    0     0     0 1051  927 10  3 86  0  0
 2  0      0 3493368 128520 11814148    0    0     0    72 1095  923 11  3 86  0  0
 1  0      0 3515156 128520 11791444    0    0     0 31080 1299 1097 15  5 79  1  0
 1  0      0 3504628 128520 11802672    0    0     0     0  988  906 10  3 86  0  0
 1  0      0 3493356 128520 11813304    0    0     0     0 1114  948 10  4 86  0  0
 1  0      0 3483332 128520 11823284    0    0     0     0 1024  879 10  4 86  0  0
 2  0      0 3472272 128520 11833852    0    0     0     0 1011  908 10  3 86  0  0
 3  0      0 3449592 128524 11856248    0    0     0    68 1146  933 13  5 82  0  0
 7  0      0 3414456 128548 11902488    0    0     0 30984 1749 1142 36  9 54  1  0
 8  0      0 3246144 128548 12064360    0    0     0     0 2004  928 52 11 36  0  0
 2  2      0 3186964 128548 12115768    0    0  1666 227496 4886 3792 19  7 36 37  0
 1  0      0 3474092 128588 11838632    0    0  1667 102328 3499 2952 27  8 57  8  0
 2  0      0 3463036 128588 11848460    0    0     0     0 1060  934 11  3 86  0  0
 2  0      0 3439852 128588 11871628    0    0     0    60 1145  910 13  4 83  0  0
 1  0      0 3472224 128596 11837264    0    0     0 30980 1272 1129 14  5 80  1  0
 1  0      0 3462144 128596 11847196    0    0     0     0 1055  922 10  3 86  0  0
 1  0      0 3450556 128596 11857992    0    0     0     0 1067  970 11  3 86  0  0
 1  0      0 3440980 128596 11869056    0    0     0     0 1023  910 10  3 86  0  0
 2  0      0 3429892 128596 11879896    0    0     0     0 1039  928 10  4 86  0  0
 2  0      0 3394360 128596 11912924    0    0     0   104 1283 1060 14  5 81  0  0
 2  0      0 3431832 128596 11870716    0    0     0 31016 2251 1952 16  7 76  1  0
procs -----------memory---------- ---swap-- -----io---- -system-- ------cpu-----
 r  b   swpd   free   buff  cache   si   so    bi    bo   in   cs us sy id wa st
 1  0      0 3421776 128596 11881080    0    0     0     0 1504 1294 13  4 84  0  0
 1  0      0 3412488 128596 11891268    0    0     0     0 1109 1004 11  3 86  0  0
 1  0      0 3401912 128596 11901168    0    0     0     4 1118  957 11  3 86  0  0
 1  0      0 3392404 128596 11910628    0    0     0     0 1080  940 10  4 86  0  0
 2  0      0 3371772 128596 11931764    0    0     0   100 1123  918 13  4 83  0  0
 2  0      0 3402420 128596 11900500    0    0     0 30980 1277 1107 15  5 80  1  0
 1  0      0 3391616 128596 11911596    0    0     0     0 1026  898 10  4 86  0  0
 1  0      0 3380052 128596 11923136    0    0     0     0 1024  933 10  3 87  0  0
 1  0      0 3368004 128596 11934296    0    0     0     0 1048  947 10  3 86  0  0
 2  0      0 3356412 128596 11945220    0    0     0     0 1009  913 10  3 87  0  0
 6  0      0 3374976 128608 11926784    0    0     0 31048 1315 1070 16  6 78  1  0
 5  0      0 3218736 128608 12090796    0    0     0     0 1943  939 54 10 36  0  0
 3  2      0 3073612 128612 12230136    0    0     0 88924 2706 1289 49 10 36  4  0
 1  0      0 3348812 128624 11951788    0    0     0 193652 3399 2500 11  5 65 18  1
 1  0      0 3338992 128624 11961504    0    0     0     0 1005  902 10  4 86  0  0
 1  0      0 3329168 128624 11970896    0    0     0     0 1065  961 10  3 86  0  0
 2  0      0 3297920 128624 12007496    0    0     0     0 1134  940 16  4 80  0  0
 1  0      0 3343620 128624 11961592    0    0     0 31200 1242 1168 11  4 84  1  0
 1  0      0 3333036 128624 11972388    0    0     0     0 1086 1017 10  3 86  0  0
 1  0      0 3322204 128624 11983112    0    0     0     0 1051  950 10  4 86  0  0
 1  0      0 3310360 128624 11994104    0    0     0     0 1059  916 11  2 86  0  0
procs -----------memory---------- ---swap-- -----io---- -system-- ------cpu-----
 r  b   swpd   free   buff  cache   si   so    bi    bo   in   cs us sy id wa st
 1  0      0 3300532 128624 12004840    0    0     0     0 1087  972 10  3 86  0  0
 1  0      0 3321532 128640 11985848    0    0     0 31068 1331 1130 14  6 78  1  0
 1  0      0 3310196 128640 11997048    0    0     0     0 1076  970 10  4 87  0  0
 1  0      0 3299360 128640 12008488    0    0     0     0 1015  920 10  4 86  0  0
 1  0      0 3287768 128640 12019568    0    0     0    44 1091  959 10  3 86  0  0
 1  0      0 3276680 128640 12030256    0    0     0     0 1055  920 11  3 86  0  0
 2  0      0 3251984 128640 12056344    0    0     0   140 1231 1113 13  4 83  0  0
 1  0      0 3282572 128640 12023136    0    0     0 30976 1351 1081 14  4 81  1  0
 1  0      0 3272776 128640 12033324    0    0     0     0 1017  905 10  3 86  0  0
 1  0      0 3262696 128640 12043340    0    0     0     0 1007  896 10  3 86  0  0
 1  0      0 3252868 128640 12052896    0    0     0     0 1035  876 10  4 86  0  0
 1  0      0 3243544 128640 12062296    0    0     0     0 1021  863 11  3 86  0  0
 2  0      0 3230948 128640 12077208    0    0     0    68 1088  946 12  3 85  0  0
 4  0      0 3241676 128644 12082676    0    0     0 30976 1507 1137 27  6 65  2  0
 4  0      0 3116964 128644 12203444    0    0     0 43072 2199 1141 41  8 49  2  0
 1  0      0 3249160 128660 12069720    0    0     0 148732 3080 1819 25  8 63  4  0
 1  0      0 3238076 128660 12079708    0    0     0     0 1055  930 11  3 86  0  0
 1  0      0 3229256 128660 12089744    0    0     0     4 1063  937 11  3 86  0  0
 2  0      0 3214164 128660 12107192    0    0     0     0 1104  940 12  4 84  0  0
 1  0      0 3231640 128668 12080700    0    0     0 31060 1264 1103 14  5 80  1  0
 1  0      0 3220804 128668 12091700    0    0     0     0 1078  927 10  4 86  0  0
procs -----------memory---------- ---swap-- -----io---- -system-- ------cpu-----
 r  b   swpd   free   buff  cache   si   so    bi    bo   in   cs us sy id wa st
 1  0      0 3209464 128668 12102624    0    0     0     0 1030  888 10  3 87  0  0
 1  0      0 3199132 128668 12112820    0    0     0    12 1050  924 11  3 86  0  0
 1  0      0 3188548 128668 12123080    0    0     0     0 1040  867 10  4 86  0  0
 2  0      0 3160828 128668 12150996    0    0     0    72 1130  950 14  3 82  0  0
 1  0      0 3203508 128672 12113992    0    0     0 30976 1204 1110 13  4 81  2  0
 1  0      0 3192924 128672 12124064    0    0     0     0 1044  911 10  4 86  0  0
 1  0      0 3182844 128672 12133644    0    0     0     8 1002  861 11  3 86  0  0
 1  0      0 3165772 128672 12143352    0    0  1666     0 1832 1847 11  3 85  0  0
 2  0      0 3155704 128672 12153412    0    0  1667     0 1793 1909 11  3 86  0  0
 2  0      0 3132772 128676 12176044    0    0     0    64 1004  852 13  3 84  0  0
 1  0      0 3156308 128680 12145044    0    0     0 30976 1248 1075 14  4 81  1  0
 1  0      0 3145724 128680 12155656    0    0     0   180 1082  916 10  4 86  0  0
 1  0      0 3134396 128680 12166160    0    0     0    36 1096  921 10  4 86  0  0
 1  0      0 3124596 128680 12175892    0    0     0     0 1040  904 11  3 87  0  0
 1  0      0 3114320 128680 12186176    0    0     0     0  998  884 11  3 86  0  0
 2  0      0 3087612 128684 12214232    0    0    72    88 1146  941 13  4 82  0  0
 5  0      0 3062500 128684 12257860    0    0     0 31044 1921 1286 39  9 51  1  0
 5  0      0 2898020 128684 12415988    0    0     0     0 1968  922 53 11 36  0  0
 3  0      0 2801304 128692 12510724    0    0     0 243284 4472 2519 34  9 39 18  0
 2  0      0 3086000 128700 12227448    0    0     0 64060 2189 1425 18  6 72  3  0
 1  1      0 3035908 128700 12274416    0    0     0 45056 1678 1097 19  5 74  2  0
procs -----------memory---------- ---swap-- -----io---- -system-- ------cpu-----
 r  b   swpd   free   buff  cache   si   so    bi    bo   in   cs us sy id wa st
 6  0      0 2980524 128700 12329784    0    0     0 20920 1556 1020 20  5 74  1  0
 1  0      0 3118296 128704 12186832    0    0     0 90224 2359 1412 18  7 73  2  0
 1  0      0 3107012 128704 12198232    0    0     0     0 1051  934 10  4 86  0  0
 1  0      0 3095224 128704 12209784    0    0     0     0  994  881 10  4 86  0  0
 1  0      0 3083128 128704 12221012    0    0    36     0 1026  905 10  4 86  0  0
 1  0      0 3073132 128704 12231328    0    0     0     0 1016  893 11  3 86  0  0
 2  0      0 3033596 128708 12269808    0    0     0   120 1125  902 15  5 80  0  0
 1  0      0 3097800 128720 12222268    0    0     0 30944 1467 1111 11  4 84  1  0
 1  0      0 3086240 128720 12232936    0    0    60     0 1014  911 10  4 86  0  0
 1  0      0 3075404 128720 12243504    0    0     0     0  975  888 10  3 87  0  0
 1  0      0 3064848 128720 12254108    0    0     0    12 1077  919 11  3 86  0  0
 2  0      0 3054072 128720 12264280    0    0    84     0 1010  873 10  3 86  0  0
 1  1      0 3003676 128720 12307044    0    0     0  8260 1201  972 17  4 78  0  0
 1  0      0 3052400 128728 12255024    0    0    56 22768 1313 1096 10  4 85  1  0
 1  0      0 3042864 128728 12265584    0    0     0     0 1044  938 11  3 87  0  0
 1  0      0 3031296 128728 12275980    0    0     0    28 1088  977 11  3 86  0  0
 1  0      0 3021976 128728 12285596    0    0     0    16 1060  965 11  3 86  0  0
 1  0      0 3011392 128728 12295576    0    0     0     0 1086  947 10  3 86  0  0
 2  0      0 2972336 128728 12335484    0    0     0    96 1170  928 16  5 79  0  0
 5  0      0 2925076 128736 12404888    0    0     0 30996 2238 1081 46 11 42  1  0
 4  1      0 2767876 128740 12556668    0    0     0 76716 2621 1224 52  9 36  2  0
procs -----------memory---------- ---swap-- -----io---- -system-- ------cpu-----
 r  b   swpd   free   buff  cache   si   so    bi    bo   in   cs us sy id wa st
 1  1      0 2659264 128740 12664200    0    0    40 273568 4773 2726 36 10 40 14  1
 2  0      0 2984088 128740 12342904    0    0     0    96 1442 1013 20  6 74  0  0
 2  0      0 2990928 128744 12335448    0    0    64 47480 1786 1169 20  5 74  2  0
 3  0      0 2921628 128744 12400004    0    0     0     0 1479 1039 24  6 70  0  0
 3  0      0 2920204 128752 12395584    0    0     0 96996 2399 1444 23  6 68  3  0
 1  0      0 3015224 128760 12296424    0    0     0 53836 1761 1241 16  5 77  1  0
 1  0      0 3003884 128760 12307108    0    0    64     0 1019  928 10  4 86  0  0
 2  0      0 2989272 128760 12317644    0    0    36     0 1238 1080 10  4 86  0  0
 1  0      0 2975916 128760 12328540    0    0     0     0 1487 1411 13  4 83  0  0
 2  0      0 2951472 128760 12354404    0    0     0     0 1250 1088 14  4 82  0  0
 1  0      0 2985608 128760 12317844    0    0     0 31116 1540 1197 13  5 80  2  0
 1  0      0 2975276 128760 12327672    0    0     0     0 1048  938  9  4 86  0  0
 1  0      0 2965000 128760 12338264    0    0     0     0  996  884 11  3 87  0  0
 1  0      0 2952448 128760 12348992    0    0     0     0 1248 1151 13  4 83  0  0
 2  0      0 2941912 128760 12359020    0    0    36     0 1058  944 10  3 86  0  0
 2  0      0 2915992 128760 12386196    0    0     0    76 1186  989 13  4 83  0  0
 1  0      0 2958192 128768 12351288    0    0     0 30972 1555 1138 13  4 82  1  0
 1  0      0 2945888 128768 12362944    0    0     0     0 1059  901 10  3 86  0  0
 1  0      0 2933068 128768 12374556    0    0     0     0 1339 1163 13  4 83  0  0
 1  0      0 2923024 128768 12385292    0    0     0     0 1053  953 10  4 86  0  0
 1  0      0 2912976 128768 12395884    0    0     0     4 1080  938 10  4 86  0  0
procs -----------memory---------- ---swap-- -----io---- -system-- ------cpu-----
 r  b   swpd   free   buff  cache   si   so    bi    bo   in   cs us sy id wa st
 3  0      0 2866408 128776 12432688    0    0     0 31012 1646 1165 17  5 77  1  0
 5  0      0 2794944 128776 12515252    0    0     0    48 2015  961 52 11 37  0  0
 5  0      0 2647608 128780 12656236    0    0     0 48308 2674 1417 52 13 33  2  1
 1  3      0 2519104 128784 12779108    0    0     0 175472 3690 2114 44 10 38  8  0
 2  0      0 2867692 128812 12430240    0    0     0 142368 3883 2641 16  7 67 10  0
 2  1      0 2809936 128812 12482188    0    0  1718 49100 3336 2640 20  7 72  1  0
 3  0      0 2736676 128812 12559840    0    0  1615 16988 2607 2085 26  7 67  1  0
 3  0      0 2909880 128812 12391772    0    0     0 106836 3181 2332 20  8 69  3  0
 2  0      0 2849432 128812 12450548    0    0     0     0 1786 1444 22  7 71  0  0
 2  0      0 2803612 128812 12498628    0    0     0 66052 2428 1593 18  7 73  2  0
 2  0      0 2747028 128812 12554784    0    0     0     0 1561 1545 23  6 71  0  0
 2  0      0 2703736 128812 12598896    0    0     0 65992 2247 1734 19  6 73  2  0
 3  0      0 2626148 128812 12673544    0    0     0 66004 2247 1681 25  6 67  2  0
 1  0      0 2890200 128816 12399628    0    0     0 41692 2167 1905 16  6 76  1  0
 1  0      0 2880152 128816 12409972    0    0     0     0 1197 1391 10  4 86  0  0
 1  0      0 2869348 128816 12420060    0    0     0   152 1198 1612 11  3 86  0  0
 1  0      0 2858824 128816 12431028    0    0     0     0 1057 1079 11  3 86  0  0
 1  0      0 2848492 128816 12440360    0    0     0     0 1194 1207 11  4 85  0  0
 2  0      0 2817812 128824 12470168    0    0     0   136 1559 1333 18  5 77  0  0
 1  0      0 2855768 128828 12430404    0    0     0 30968 1567 1427 13  4 82  1  0
 1  0      0 2845212 128828 12440808    0    0     0    68 1137 1123 10  4 86  0  0
procs -----------memory---------- ---swap-- -----io---- -system-- ------cpu-----
 r  b   swpd   free   buff  cache   si   so    bi    bo   in   cs us sy id wa st
 1  0      0 2834172 128828 12450852    0    0     0     0 1078  995 11  3 86  0  0
 1  0      0 2824128 128828 12460744    0    0     0     0 1107 1064 11  3 86  0  0
 1  0      0 2813080 128828 12471756    0    0     0     0  991  884 10  3 86  0  0
 2  0      0 2789424 128828 12498348    0    0     0    88 1101  941 14  4 82  0  0
 5  0      0 2757032 128832 12553648    0    0     0 30968 2002 1103 39  9 51  1  0
 4  1      0 2604608 128832 12703380    0    0     0 108564 3178 1505 48 11 36  4  0
 5  0      0 2818172 128844 12476412    0    0     0 192976 4356 2625 33 10 47 10  0
 2  0      0 2759484 128848 12531688    0    0     0   212 2203 1977 20  7 73  0  0
 3  0      0 2713116 128848 12578856    0    0     0 65952 2110 1290 19  6 74  2  0
 2  0      0 2793168 128852 12494560    0    0     0 42292 1669 1259 17  5 76  1  0
 2  0      0 2810372 128856 12469856    0    0     4 31028 1583 1100 16  4 79  1  0
 1  0      0 2799312 128856 12480836    0    0     0     0 1189 1069 11  4 86  0  0
 1  0      0 2788228 128856 12491180    0    0     0     4 1101  964 10  3 86  0  0
 1  0      0 2777648 128856 12501332    0    0     0    36 1069  936 11  3 86  0  0
 1  0      0 2767568 128856 12511500    0    0     0     0 1031  904 11  3 86  0  0
 1  0      0 2756988 128856 12521252    0    0     0    88 1055  894 10  3 86  0  0
 2  0      0 2780788 128868 12501412    0    0     0 30992 1585 1110 16  5 78  1  0
 1  0      0 2768444 128868 12512616    0    0     0     0 1100  960 10  4 86  0  0
 1  0      0 2756376 128868 12524480    0    0     0     8 1051  921 10  4 86  0  0
 1  0      0 2744532 128868 12535976    0    0     0     0 1063  907 10  3 86  0  0
 1  0      0 2733192 128868 12546984    0    0    32     0 1047  898 10  4 86  0  0
procs -----------memory---------- ---swap-- -----io---- -system-- ------cpu-----
 r  b   swpd   free   buff  cache   si   so    bi    bo   in   cs us sy id wa st
 2  0      0 2706228 128868 12576624    0    0     0    68 1295 1082 14  4 82  0  0
 1  0      0 2751008 128868 12537980    0    0     0 30988 1458 1136 12  5 82  1  0
 2  0      0 2739164 128868 12549572    0    0     0    12 1041  906 10  3 86  0  0
 1  0      0 2727628 128868 12561700    0    0     0     0  991  888 10  4 86  0  0
 1  0      0 2716076 128868 12572620    0    0     0     0 1018  923 10  4 86  0  0
 1  0      0 2705752 128868 12583324    0    0     0     0  992  858 10  3 86  0  0
 5  0      0 2709448 128872 12578724    0    0     0 31056 1746 1184 21  6 71  1  0
 5  0      0 2542184 128872 12746604    0    0     0   188 1994  894 52 11 36  0  0
 4  1      0 2390004 128872 12895712    0    0     0 125860 3272 1585 48 12 36  4  0
 2  0      0 2703484 128888 12587608    0    0    36 236328 4314 2500 27  9 53 10  0
 2  0      0 2651320 128888 12639812    0    0     0     0 1314  929 21  5 74  0  0
 2  0      0 2607472 128896 12684392    0    0     0 66064 2142 1195 19  5 74  2  0
 2  0      0 2711768 128904 12586196    0    0    44 67640 2285 1441 26  8 65  2  0
 2  0      0 2655888 128904 12639624    0    0     0     0 1304  925 21  5 74  0  0
 2  0      0 2614060 128908 12681616    0    0     0 66016 1949 1198 17  7 74  2  0
 2  0      0 2667052 128912 12627780    0    0     0 24312 1609 1068 19  7 74  1  0
 2  0      0 2622952 128912 12669320    0    0     0 65996 2083 1337 18  6 74  2  0
 2  0      0 2572552 128912 12718476    0    0     0   100 1291  899 21  5 74  0  0
 2  1      0 2495696 128912 12792208    0    0     0 70196 2161 1287 25  7 66  3  1
 1  1      0 2509428 128912 12775220    0    0     0 61660 1890 1330 20  6 72  2  0
 1  0      0 2686936 128916 12594816    0    0     0  3808 1273 1062 10  5 85  0  0
procs -----------memory---------- ---swap-- -----io---- -system-- ------cpu-----
 r  b   swpd   free   buff  cache   si   so    bi    bo   in   cs us sy id wa st
 1  0      0 2676608 128916 12604856    0    0     0     0 1044  896 11  3 86  0  0
 1  0      0 2666528 128916 12614196    0    0     0     0 1070  937 11  3 86  0  0
 1  0      0 2652712 128916 12624428    0    0  1666     0 2023 1960 11  4 86  0  0
 2  0      0 2619488 128916 12659788    0    0  1783     0 2016 1923 15  4 80  0  0
 1  0      0 2666256 128920 12616520    0    0     0 31092 1502 1084 12  4 83  1  0
 1  0      0 2654696 128920 12627848    0    0     0     0 1032  904 11  3 86  0  0
 1  0      0 2642888 128920 12638420    0    0     0    20 1020  907 11  3 86  0  0
 1  0      0 2632868 128920 12648040    0    0     0     0 1105  975 11  3 86  0  0
 2  0      0 2623360 128920 12657776    0    0   176     0 1100  937 11  3 86  0  0
 2  0      0 2585812 128920 12694480    0    0     0    76 1202  930 15  5 80  0  0
 5  0      0 2542836 128932 12745652    0    0    36 31012 2203 1229 44  9 45  2  0
 5  0      0 2386412 128932 12897844    0    0     0     0 2022  979 52 12 36  0  0
 3  1      0 2305016 128936 12977904    0    0     0 297024 4895 2821 30  8 43 18  0
 3  0      0 2608960 128940 12682808    0    0     0 25756 1859 1300 19  6 73  1  0
 3  0      0 2557048 128940 12734456    0    0     0     0 1315  928 21  5 74  0  0
 4  0      0 2517736 128940 12774412    0    0     0 66012 2032 1259 19  5 74  2  0
 3  0      0 2500496 128948 12794080    0    0     0 31020 1801 1138 27  7 64  1  0
 3  0      0 2458452 128948 12837332    0    0     0 66008 1920 1218 18  6 74  2  0
 3  0      0 2625248 128952 12663908    0    0     0 51868 1698 1173 16  5 77  1  0
 2  0      0 2614668 128952 12673788    0    0     0     0 1028  879 10  4 86  0  0
 2  0      0 2604096 128952 12683988    0    0     0     0 1058  909 10  4 86  0  0
procs -----------memory---------- ---swap-- -----io---- -system-- ------cpu-----
 r  b   swpd   free   buff  cache   si   so    bi    bo   in   cs us sy id wa st
 2  0      0 2592776 128952 12694236    0    0     0     0 1055  950 11  3 86  0  0
 3  0      0 2607732 128952 12674432    0    0     0 31276 1599 1123 16  5 77  1  0
 2  0      0 2595920 128952 12684832    0    0     0     0 1093  948  9  4 86  0  0
 3  0      0 2584844 128952 12695028    0    0     0     0  999  892 10  4 87  0  0
 2  0      0 2574012 128952 12705536    0    0    32     0 1052  931 11  3 86  0  0
 3  0      0 2562172 128952 12716792    0    0     0     0 1014  898 10  3 87  0  0
 3  0      0 2550116 128952 12728276    0    0     0    64 1068  952 11  3 86  0  0
 2  0      0 2574432 128952 12708468    0    0     0 31004 1587 1084 16  5 78  1  0
 2  0      0 2562116 128952 12720100    0    0     0     0 1010  916  9  4 86  0  0
 2  0      0 2550588 128952 12731180    0    0     0     0 1049  927 11  3 86  0  0
 2  0      0 2539252 128952 12742100    0    0     0     0  998  905 10  3 86  0  0
 2  0      0 2527660 128952 12753440    0    0     0    72 1024  918 11  2 87  0  0
 3  0      0 2492464 128952 12787944    0    0     0    76 1164  934 16  4 80  0  0
 6  0      0 2429120 128956 12855336    0    0     0 30980 2178 1108 41 11 46  1  0
 7  1      0 2259800 128956 13018844    0    0     0 24300 2113 1007 52 11 36  1  0
 4  0      0 2168092 128968 13111248    0    0     0 315220 5780 3178 30  9 43 18  0
 3  0      0 2479448 128968 12806368    0    0     0    16 1377  948 20  6 74  0  0
 5  0      0 2429804 128968 12855592    0    0     0 66044 2010 1185 19  5 74  2  0
 3  1      0 2336848 128968 12945280    0    0     0 16304 1480  975 27  6 67  0  0
 4  0      0 2357888 128972 12929444    0    0     0 80700 2227 1453 19  6 73  3  0
 2  0      0 2528992 128976 12753836    0    0     0 54928 1907 1255 18  6 75  2  0
procs -----------memory---------- ---swap-- -----io---- -system-- ------cpu-----
 r  b   swpd   free   buff  cache   si   so    bi    bo   in   cs us sy id wa st
 2  0      0 2517396 128976 12764980    0    0    44     0 1041  944 11  3 86  0  0
 3  0      0 2505808 128976 12775320    0    0     0     0 1007  897 11  3 86  0  0
 6  0      0 2494976 128976 12785492    0    0     0     0 1031  878 10  3 86  0  0
 4  0      0 2509928 128980 12764908    0    0     0 31052 1531 1124 16  5 77  1  0
 3  0      0 2497080 128980 12776144    0    0     0     0  984  865 10  4 86  0  0
 3  0      0 2486036 128980 12786688    0    0     0     4 1037  925 10  3 86  0  0
 4  0      0 2475704 128980 12796856    0    0     0     0 1039  901 11  3 86  0  0
 3  0      0 2465636 128980 12806672    0    0     0     0 1042  912 10  3 86  0  0
 3  0      0 2456048 128980 12816364    0    0     0    68 1040  927 10  3 86  0  0
 3  0      0 2480624 128980 12796952    0    0     0 31012 1664 1180 16  5 78  1  0
 3  0      0 2470796 128980 12807332    0    0    40   192 1078  919 10  3 86  0  0
 3  0      0 2458728 128980 12818724    0    0     0     0 1060  956 10  3 87  0  0
 3  0      0 2447436 128980 12830368    0    0     0     0 1008  905 10  4 87  0  0
 2  0      0 2435884 128980 12841516    0    0     0     0 1021  938 11  3 87  0  0
 5  0      0 2422816 128980 12853640    0    0     0    72 1028  888 11  3 86  0  0
 7  0      0 2409324 128992 12876148    0    0     0 30992 1916 1282 30  7 61  2  0
 8  0      0 2264984 128992 13018028    0    0     0     0 1938  893 54  9 36  0  1
13  0      0 2121368 128992 13157236    0    0     0 61508 2558 1198 51 10 36  2  1
 6  0      0 2061948 129008 13220612    0    0     0 277316 4103 3073 27  6 39 27  1
 4  0      0 2426956 129024 12862964    0    0     0 38660 1839 1278 19  7 73  2  1
 5  0      0 2371368 129024 12912480    0    0  1666     0 2239 1971 21  6 73  0  0
procs -----------memory---------- ---swap-- -----io---- -system-- ------cpu-----
 r  b   swpd   free   buff  cache   si   so    bi    bo   in   cs us sy id wa st
 5  0      0 2311928 129024 12968628    0    0  1675 66008 2807 2220 22  7 68  3  1
 5  0      0 2317140 129024 12969800    0    0     0 31020 1683 1097 24  6 69  1  0
 4  0      0 2272788 129028 13014296    0    0     0 65984 1955 1240 18  6 73  2  0
 3  0      0 2221196 129028 13065372    0    0     0     0 1316  912 21  6 74  0  0
 1  0      0 2428956 129032 12854548    0    0     0 64676 1819 1300 13  4 80  2  0
 3  0      0 2418628 129032 12864344    0    0     0   100  993  873 10  4 86  0  0
 3  0      0 2405552 129032 12877960    0    0     0     0 1059  927 11  4 85  0  0
 1  0      0 2421528 129036 12853600    0    0     0 31044 1574 1121 15  5 79  1  0
 1  0      0 2410972 129036 12864464    0    0     0     0 1001  874 10  3 86  0  0
 1  0      0 2400724 129036 12874440    0    0     0     0  963  892 10  3 86  0  0
 1  0      0 2390396 129036 12884720    0    0     0    12 1054  906 11  3 86  0  0
 1  0      0 2380068 129036 12894812    0    0     0     0 1036  903 10  4 86  0  0
 1  0      0 2369988 129036 12904144    0    0     0    60 1026  936 10  3 86  0  0
 1  0      0 2395048 129044 12883852    0    0     0 31004 1652 1107 16  5 77  1  0
 1  0      0 2384468 129044 12893880    0    0     0     0 1047  913 10  4 86  0  0
 1  0      0 2373408 129044 12904360    0    0     0     8 1015  887 11  3 86  0  0
 1  0      0 2362104 129044 12914272    0    0     0     0 1066  916 10  4 86  0  0
 1  0      0 2351300 129044 12924472    0    0     0     0 1011  884 10  3 86  0  0
 1  0      0 2340212 129052 12934868    0    0     0    80 1052  930 10  3 86  0  0
 5  0      0 2339316 129052 12941208    0    0     0 31012 1790 1163 25  6 68  1  0
 5  0      0 2175560 129052 13105968    0    0     0     8 1937  913 53 11 36  0  0
procs -----------memory---------- ---swap-- -----io---- -system-- ------cpu-----
 r  b   swpd   free   buff  cache   si   so    bi    bo   in   cs us sy id wa st
 5  0      0 2038476 129056 13239668    0    0     0 221476 3802 2280 45 10 36  8  1
 2  0      0 2350132 129068 12937484    0    0     0 152188 3130 1974 34  9 51  7  0
 2  0      0 2295980 129068 12990772    0    0     0     0 1291  911 21  5 74  0  0
 2  0      0 2252636 129072 13034560    0    0     0 66076 1922 1206 19  5 74  2  0
 4  0      0 2166452 129072 13116884    0    0     0  8344 1427  900 27  6 66  0  0
 2  0      0 2340056 129072 12946860    0    0     0 91028 2486 1577 19  6 72  2  0
 2  0      0 2283608 129072 13001316    0    0     0     0 1266  902 20  6 74  0  0
 2  0      0 2241020 129072 13045224    0    0     0 66036 1960 1193 18  6 74  2  0
 1  1      0 2190368 129072 13092936    0    0     0 65064 1924 1109 19  5 74  2  0
 2  0      0 2290016 129072 12994820    0    0     0  3224 1592 1122 20  6 74  0  0
 2  0      0 2267244 129080 13010020    0    0     0 97008 2666 1391 24  8 65  3  0
 2  0      0 2217812 129080 13058228    0    0     0     0 1315  944 20  7 73  0  0
 2  0      0 2168684 129080 13106736    0    0     0 65984 1977 1224 18  6 74  2  0
 1  0      0 2326536 129080 12945828    0    0     0 36432 1612 1113 14  5 80  1  0
 1  0      0 2315224 129080 12956752    0    0     0     4 1081  914 11  3 86  0  0
 1  0      0 2303648 129080 12967396    0    0     0     0 1102 1037 10  3 86  0  0
 1  0      0 2330232 129088 12947204    0    0     0 31136 1605 1092 16  6 78  1  0
 1  0      0 2318416 129088 12958048    0    0     0     0  998  886 10  4 86  0  0
 1  0      0 2306320 129088 12969620    0    0     0     0 1005  883 10  4 86  0  0
 3  0      0 2294736 129088 12980872    0    0     0     0 1037  907 10  4 86  0  0
 1  0      0 2283144 129088 12991920    0    0     0    96  940  821 10  3 86  0  0
procs -----------memory---------- ---swap-- -----io---- -system-- ------cpu-----
 r  b   swpd   free   buff  cache   si   so    bi    bo   in   cs us sy id wa st
 2  0      0 2269080 129096 13006344    0    0     0    88 1059  941 11  4 85  0  0
 5  0      0 2239712 129112 13033660    0    0    24 31008 1870 1115 31  8 60  1  0
 5  0      0 2090844 129112 13180556    0    0     0     0 1966  927 51 12 36  0  0
 5  0      0 1964196 129112 13313328    0    0     0 175472 3735 2315 43  9 37 11  0
 2  0      0 2255680 129112 13024640    0    0    40 167808 3312 2148 24  8 61  7  0
 1  1      0 2197468 129112 13081628    0    0     0 30876 1626 1017 20  5 74  1  0
 3  0      0 2139004 129112 13140392    0    0     0 35184 1661 1047 21  5 73  1  0
 2  0      0 2131840 129120 13153112    0    0     0 96988 2603 1417 23  7 67  3  0
 2  0      0 2074640 129120 13209252    0    0     0     0 1240  884 20  6 74  0  0
 2  0      0 2250852 129124 13032640    0    0     0 66156 2094 1371 18  6 74  2  0
 1  1      0 2199192 129124 13082804    0    0     0  4236 1245  912 20  6 74  0  0
 2  0      0 2150828 129124 13130756    0    0     0 61792 1939 1160 19  5 74  2  0
 5  0      0 2099228 129124 13183648    0    0     0 65988 2257 1422 20  6 71  2  0
 2  0      0 2078412 129136 13195236    0    0     0 31020 1774 1106 25  8 66  1  0
 2  0      0 2032576 129136 13240308    0    0     0 66260 2052 1272 19  5 74  1  0
 2  0      0 1979416 129136 13292788    0    0     0     0 1236  876 21  5 74  0  0
 2  0      0 1934056 129136 13337024    0    0     0 66000 2095 1268 18  5 74  2  0
 1  1      0 1883444 129136 13384720    0    0   547 24576 1715 1286 20  6 73  1  0
 2  0      0 2225140 129136 13034840    0    0  1667 31772 2469 2164 11  4 83  1  0
 1  0      0 2252236 129160 13014112    0    0  1119 31068 2033 1586 16  5 78  1  0
 1  0      0 2240944 129160 13025516    0    0     0     0  978  872 10  4 87  0  0
procs -----------memory---------- ---swap-- -----io---- -system-- ------cpu-----
 r  b   swpd   free   buff  cache   si   so    bi    bo   in   cs us sy id wa st
 1  0      0 2229884 129160 13036592    0    0     0     0 1008  886 10  4 86  0  0
 1  0      0 2219628 129160 13047288    0    0     0     0  973  887 10  3 86  0  0
 1  0      0 2209840 129160 13057036    0    0     0     0  957  874 11  3 86  0  0
 2  0      0 2192988 129164 13074468    0    0     0    80 1011  913 12  3 85  0  0
 5  0      0 2173376 129168 13102892    0    0     0 31008 1880 1073 33  8 58  1  0
 7  0      0 2018144 129168 13255416    0    0     0     0 1935  907 54 10 36  0  0
 3  2      0 1893656 129168 13380736    0    0     0 190104 3177 1831 46 10 37  7  0
 3  0      0 2177932 129180 13091876    0    0   164 127160 3241 2122 19  7 67  7  0
 1  1      0 2125020 129180 13144360    0    0     0  3100 1275  924 20  6 74  0  0
 2  0      0 2084724 129184 13183992    0    0    68 62940 1528 1248 18  6 74  3  0
 1  1      0 2068572 129196 13201484    0    0     0 88128 2074 1302 24  7 65  3  0
 1  0      0 2220196 129196 13053884    0    0     0 33104 1516 1267 17  5 78  1  0
 1  0      0 2208104 129196 13064988    0    0     0     8 1087  929 10  3 86  0  0
 2  0      0 2196792 129196 13076560    0    0     0   108 1050  925 11  3 87  0  0
 1  0      0 2184456 129196 13088084    0    0     0     0 1073  900 10  4 86  0  0
 2  0      0 2158500 129196 13111892    0    0     0     0 1116  917 13  4 84  0  0
 1  0      0 2183056 129204 13080364    0    0     0 31048 1332 1167 13  5 81  1  0
 1  0      0 2171720 129204 13091592    0    0     0     0 1058  920 10  3 86  0  0
 1  0      0 2160156 129204 13102868    0    0     0     4 1079  905 11  3 86  0  0
 1  0      0 2149072 129204 13113536    0    0     0     0 1088  950 10  3 86  0  0
 1  0      0 2138740 129204 13124248    0    0     0     0 1078  925 10  4 86  0  0
procs -----------memory---------- ---swap-- -----io---- -system-- ------cpu-----
 r  b   swpd   free   buff  cache   si   so    bi    bo   in   cs us sy id wa st
 1  1      0 2097160 129208 13167920    0    0     0 20540 1307  988 17  4 79  1  0
 1  0      0 2153220 129208 13116416    0    0     0 10524 1212 1042 10  4 86  0  0
 1  0      0 2141628 129208 13128000    0    0     0     0 1021  912 11  3 86  0  0
 1  0      0 2130288 129208 13139964    0    0     0   236 1050  913 11  3 86  0  0
 1  0      0 2119704 129208 13150640    0    0     0     0 1036  922 10  3 86  0  0
 2  0      0 2107128 129208 13166260    0    0     0     0 1079  912 11  4 85  0  0
 5  0      0 2090596 129212 13181772    0    0     0 31084 1651 1214 30  7 61  1  0
 5  0      0 1939240 129212 13330516    0    0     0     0 1947  898 54 10 36  0  0
 5  0      0 1819104 129216 13446864    0    0     0 180972 3715 2265 41 10 36 12  0
 2  0      0 2111028 129224 13164080    0    0     0 188284 3860 2293 36  9 49  6  0
 2  0      0 2055596 129224 13217996    0    0     0     0 1275  889 21  5 74  0  0
 1  1      0 2004188 129228 13268552    0    0     0 85860 1527 1241 18  6 74  2  0
 2  0      0 2090732 129240 13191684    0    0     0 31152 1674 1205 27  7 65  1  0
 2  0      0 2039884 129240 13241508    0    0     0 65988 2009 1211 18  6 74  2  0
 2  0      0 2108552 129248 13174612    0    0    28 32464 1641 1267 19  6 74  1  0
 2  0      0 2056892 129248 13225664    0    0     0     0 1304  885 20  6 74  0  0
 2  0      0 2015312 129248 13267408    0    0     0 66000 1957 1233 19  5 74  2  0
 2  0      0 1962896 129248 13319632    0    0     0   216 1341  925 20  6 74  0  0
 2  1      0 1887296 129256 13393100    0    0     0 97008 2178 1394 27  6 64  3  0
 1  1      0 1900992 129256 13377212    0    0     0 24368 1452  960 20  6 73  1  1
 2  0      0 1856640 129256 13421272    0    0     0 41616 1764 1197 20  5 74  1  0
procs -----------memory---------- ---swap-- -----io---- -system-- ------cpu-----
 r  b   swpd   free   buff  cache   si   so    bi    bo   in   cs us sy id wa st
 1  1      0 1814824 129256 13464600    0    0     0 65536 1808 1103 19  5 74  2  0
 2  0      0 1762660 129256 13516640    0    0     0   456 1409 1018 20  6 74  0  0
 1  0      0 2094816 129260 13181628    0    0     0 74184 2157 1456 18  6 74  2  0
 2  0      0 2058512 129260 13218056    0    0     0     0 1150  922 15  5 80  0  0
 1  0      0 2108548 129260 13171148    0    0     0 31084 1193 1063 12  3 84  1  0
 1  0      0 2096704 129260 13182752    0    0     0     0 1011  889 10  3 86  0  0
 1  0      0 2086372 129260 13193420    0    0     0     0 1006  881 10  3 86  0  0
 1  0      0 2077084 129260 13203108    0    0     0    92 1003  902 11  3 86  0  0
 1  0      0 2067004 129260 13212836    0    0     0     0 1038  878 11  3 86  0  0
 2  0      0 2028196 129260 13251764    0    0     0    80 1359 1094 16  5 79  0  0
 5  0      0 1965576 129264 13313884    0    0     0 31008 1973 1114 46 10 42  1  0
 4  1      0 1815132 129264 13465036    0    0     0 22520 2171 1017 51 11 36  1  0
 2  0      0 1778532 129288 13502620    0    0     0 315264 4549 3018 36 10 39 15  1
 2  0      0 2023160 129288 13256392    0    0     0     0 1310  921 20  6 74  0  0
 2  0      0 1981328 129288 13297944    0    0     0 66092 1904 1158 19  5 74  2  0
 3  0      0 1919864 129288 13358212    0    0  1666     0 2112 1925 22  6 72  0  0
 2  0      0 1908920 129292 13367236    0    0  1667 97004 3045 2385 24  7 67  3  0
 2  0      0 1854500 129292 13421316    0    0     0   344 1366  945 21  6 73  0  0
 2  0      0 1803596 129292 13471604    0    0    88 66016 2049 1259 18  6 74  2  0
 4  0      0 1753952 129292 13521604    0    0     0     0 1279  880 19  7 74  0  0
 2  0      0 1709864 129292 13564860    0    0     0 65992 1972 1188 17  6 74  3  0
procs -----------memory---------- ---swap-- -----io---- -system-- ------cpu-----
 r  b   swpd   free   buff  cache   si   so    bi    bo   in   cs us sy id wa st
 2  0      0 1653972 129296 13622440    0    0     0 65948 2124 1296 22  5 71  2  0
 1  0      0 2052516 129296 13213028    0    0     0 30968 1393 1161 13  6 80  1  0
 1  0      0 2040448 129296 13224112    0    0     0     8 1024  912 10  3 86  0  0
 1  0      0 2028856 129296 13235292    0    0     0     0  985  849 10  4 86  0  0
 1  0      0 2018272 129296 13245252    0    0     0     0 1005  870 10  3 86  0  0
 1  0      0 2007940 129296 13255520    0    0     0     0 1030  897 11  3 86  0  0
 2  0      0 1976444 129300 13289036    0    0     0   144 1189  932 15  5 81  0  0
 1  0      0 2021668 129304 13247904    0    0     0 31004 1249 1116 11  4 83  1  0
 1  0      0 2009900 129304 13259468    0    0     0     0 1043  939 11  3 86  0  0
 1  0      0 1998624 129304 13270968    0    0     0     0 1006  895 10  4 87  0  0
 1  0      0 1986808 129304 13281944    0    0     0     0 1038  888 10  4 86  0  0
 1  0      0 1975732 129304 13292532    0    0     0     0  993  870 11  3 86  0  0
 5  0      0 1967208 129324 13304812    0    0     0 31060 1582 1119 27  8 64  1  0
 5  0      0 1795848 129324 13473152    0    0     0     0 1900  883 53 10 36  0  0
 3  2      0 1663348 129324 13602020    0    0    40 245940 4933 2625 39 10 36 14  0
 2  0      0 1962692 129340 13305896    0    0     0 108932 3513 2326 28  9 56  7  0
 2  0      0 1909020 129340 13359272    0    0     0     0 1241  908 21  5 74  0  0
 3  0      0 1864672 129340 13403220    0    0     0 66084 1968 1179 19  5 74  2  0
 2  0      0 1851904 129340 13425600    0    0     0 31044 1493 1091 27  6 66  1  0
 2  0      0 1806796 129340 13470148    0    0     0 65972 1860 1185 19  6 74  2  0
 2  0      0 1758948 129344 13518504    0    0     0 65992 2127 1243 19  5 74  2  0
procs -----------memory---------- ---swap-- -----io---- -system-- ------cpu-----
 r  b   swpd   free   buff  cache   si   so    bi    bo   in   cs us sy id wa st
 2  0      0 1702520 129344 13573408    0    0     0     0 1203  876 20  6 74  0  0
 2  0      0 1938816 129344 13337876    0    0     0 46000 1771 1225 19  6 74  1  0
 3  0      0 1886652 129344 13394180    0    0     0 66044 2039 1161 20  6 71  2  0
 2  0      0 1868344 129344 13404936    0    0    28 31020 1586 1125 25  7 68  1  0
 2  0      0 1821976 129344 13450892    0    0     0 65980 1964 1219 19  5 74  2  0
 2  0      0 1768300 129344 13503808    0    0     0     0 1254  910 21  5 74  0  0
 2  0      0 1721932 129344 13550504    0    0     0 66316 1999 1210 19  5 74  2  0
 1  0      0 1966980 129348 13298608    0    0     0 36952 1662 1187 12  5 82  1  0
 2  0      0 1946064 129348 13320836    0    0     0     0 1058  876 12  4 84  0  0
 1  0      0 1975144 129364 13290012    0    0     0 31064 1380 1247 13  5 80  1  0
 1  0      0 1964560 129364 13300744    0    0     0     0  968  834 11  3 86  0  0
 1  0      0 1953724 129364 13311152    0    0     0     8 1010  884 10  3 87  0  0
 1  1      0 1943896 129364 13321408    0    0     0     0 1002  882 10  3 87  0  0
 1  0      0 1933312 129364 13331100    0    0     0     0  990  874 11  3 86  0  0
 2  0      0 1912648 129364 13352696    0    0     0    72 1034  842 13  3 83  0  0
 5  0      0 1892352 129372 13382688    0    0     4 30996 1723 1112 36  7 55  1  0
 5  0      0 1734136 129372 13538776    0    0     0     0 1901  857 53 10 36  0  1
 4  0      0 1622008 129380 13653632    0    0     0 288936 5362 2683 39 10 37 13  0
 2  0      0 1899492 129396 13379344    0    0     0 29508 1855 1328 21  6 72  1  0
 2  0      0 1848840 129396 13429480    0    0     0 66068 1994 1140 18  6 74  2  0
 3  0      0 1796928 129396 13484512    0    0     0     0 1269  849 21  7 73  0  0
procs -----------memory---------- ---swap-- -----io---- -system-- ------cpu-----
 r  b   swpd   free   buff  cache   si   so    bi    bo   in   cs us sy id wa st
 2  0      0 1789716 129412 13490724    0    0     0 97004 2156 1423 23  7 65  5  0
 2  0      0 1738560 129412 13541232    0    0     0     0 1125  796 21  5 74  0  0
 2  0      0 1695720 129420 13584152    0    0     0 65992 1775 1192 19  5 74  2  0
 2  0      0 1642800 129420 13637380    0    0     0     0 1159  819 20  6 74  0  0
 1  0      0 1923336 129424 13350440    0    0     0 74688 2098 1386 14  5 78  2  0
 2  0      0 1904192 129424 13369740    0    0     0     0  949  823 11  4 84  0  0
 1  0      0 1931244 129440 13341792    0    0     0 31068 1382 1209 15  5 79  1  0
 1  0      0 1919932 129440 13353140    0    0     0     0  993  858 10  3 86  0  0
 1  0      0 1909348 129440 13363920    0    0     0     0  950  901 11  3 86  0  0
 1  0      0 1898764 129440 13374356    0    0     0     0  952  850 11  3 86  0  0
 1  0      0 1887928 129440 13384560    0    0    36     0  957  872 10  3 86  0  0
 2  0      0 1857692 129448 13415572    0    0     0    88 1104  893 14  4 82  0  0
 1  0      0 1888852 129460 13376240    0    0  1666 31008 2154 2110 13  4 82  1  0
 1  0      0 1877512 129460 13386812    0    0  1667     0 1642 3046 10  4 85  0  0
 1  0      0 1866964 129460 13397124    0    0     0     0  963  880 10  4 86  0  0
 1  0      0 1855632 129460 13407248    0    0     0     0  918  836 11  3 86  0  0
 1  0      0 1846056 129460 13416428    0    0     0   336  960  857 10  3 86  0  0
 2  0      0 1822660 129460 13443404    0    0     0    76 1082  841 13  5 82  0  0
 5  0      0 1801120 129468 13474696    0    0     0 31004 1646 1086 36  9 53  2  0
 5  0      0 1645672 129468 13625972    0    0     0     0 1881  850 53 11 36  0  0
 3  2      0 1540688 129472 13731412    0    0     0 284220 4742 2761 35  9 37 19  0
procs -----------memory---------- ---swap-- -----io---- -system-- ------cpu-----
 r  b   swpd   free   buff  cache   si   so    bi    bo   in   cs us sy id wa st
 2  0      0 1831792 129496 13443572    0    0     0 76536 2699 2227 29  9 59  3  0
 2  0      0 1823924 129496 13450684    0    0     0 37648 1673 1069 19  6 74  1  0
 3  0      0 1760168 129496 13513220    0    0     0     0 1229  877 22  6 72  0  0
 2  0      0 1852036 129512 13420592    0    0     0 118380 2454 1566 23  6 68  4  0
 2  0      0 1798868 129512 13473248    0    0     0     0 1178  860 20  6 74  0  0
 2  0      0 1758308 129516 13513264    0    0     0 66016 1677 1161 18  6 74  3  0
 2  0      0 1705388 129516 13565244    0    0     0     0 1198  844 20  6 74  0  0
 2  0      0 1661316 129524 13609580    0    0     0 65988 1673 1222 18  6 74  3  0
 5  1      0 1600092 129524 13674492    0    0     0 24372 1366  931 22  5 72  1  0
 2  0      0 1587336 129532 13683680    0    0     0 72624 2271 1507 24  6 68  2  0
 2  0      0 1539456 129532 13731156    0    0     0 65980 1779 1219 19  5 74  2  0
 2  0      0 1712624 129532 13558056    0    0     0 41568 1743 1169 19  6 74  1  0
 1  0      0 1835752 129532 13431968    0    0     0     0  971  853 11  3 86  0  0
 1  0      0 1825168 129532 13442116    0    0     0     0  971  873 10  4 86  0  0
 2  0      0 1807024 129532 13461900    0    0     0     0  997  878 12  4 84  0  0
 1  0      0 1842136 129536 13433580    0    0     0 31080 1480 1133 14  4 81  1  0
 1  0      0 1829820 129536 13445528    0    0     0     0  963  852 10  3 86  0  0
 1  0      0 1819292 129536 13456928    0    0     0     0 1010  913 10  4 86  0  0
 1  0      0 1808204 129536 13467968    0    0     0     0 1014  900 10  4 86  0  0
 1  0      0 1795612 129536 13478896    0    0     0     0 1188 1075 11  3 86  0  0
 2  1      0 1725924 129540 13522608    0    0     0 23376 2455 1769 24  8 67  1  0
procs -----------memory---------- ---swap-- -----io---- -system-- ------cpu-----
 r  b   swpd   free   buff  cache   si   so    bi    bo   in   cs us sy id wa st
 5  0      0 1642380 129548 13613404    0    0     0  7920 3022 2200 51 11 38  0  0
 3  2      0 1504056 129552 13748876    0    0     0 166408 3515 2051 42  9 36 12  0
 2  0      0 1773552 129568 13483364    0    0     0 191700 3889 2418 36  9 47  7  0
 4  0      0 1717568 129568 13540824    0    0     0     0 1222  879 20  6 74  0  0
 4  0      0 1666188 129572 13589772    0    0    48 66076 2414 1600 21  7 70  2  0
 2  0      0 1658056 129576 13612228    0    0     0 31040 2242 1488 31  7 61  1  0
 2  0      0 1617752 129580 13651244    0    0     0 65984 2029 1424 19  7 73  2  0
 2  0      0 1569368 129580 13699072    0    0     0     0 1416 1164 21  6 73  0  0
 2  0      0 1522496 129580 13744940    0    0     0 65992 2089 1479 19  5 73  2  0
 3  0      0 1466568 129580 13793608    0    0     0 66448 2997 2258 21  7 71  2  0
 3  0      0 1410916 129580 13848440    0    0     0     0 1902 1738 22  6 71  0  0
 1  2      0 1327780 129580 13927916    0    0     0 85208 2957 1991 25  6 66  3  0
 2  0      0 1734844 129584 13517740    0    0     0 26932 2278 1682 20  7 72  1  0
 2  0      0 1685012 129584 13566408    0    0     0 66024 2289 1551 19  6 73  2  0
 2  0      0 1630864 129584 13619396    0    0     0     4 1591 1220 21  6 73  0  0
 2  0      0 1589116 129584 13660712    0    0     0 65988 2053 1407 19  5 73  2  0
 2  0      0 1539976 129584 13709348    0    0     0     0 1430 1063 21  5 74  0  0
 3  0      0 1483864 129584 13773112    0    0     0 65988 2342 1497 24  6 67  2  0
 1  0      0 1790080 129592 13473484    0    0     0 75360 2226 1505 18  6 75  2  0
 1  0      0 1778520 129592 13483440    0    0    80     0 1095  983 10  4 86  0  0
 1  0      0 1766740 129592 13494132    0    0     0    32 1172 1030 10  4 86  0  0
procs -----------memory---------- ---swap-- -----io---- -system-- ------cpu-----
 r  b   swpd   free   buff  cache   si   so    bi    bo   in   cs us sy id wa st
 1  0      0 1755680 129592 13505208    0    0     0     0 1141  997 11  3 86  0  0
 1  0      0 1745352 129592 13515488    0    0     0     0 1163 1085 11  3 86  0  0
 5  0      0 1753204 129604 13500128    0    0     0 31088 1672 1165 17  5 77  1  0
 5  0      0 1595740 129604 13669216    0    0     0     0 1989 1003 53 11 36  0  0
 2  3      0 1451392 129604 13810752    0    0     0 148228 3325 1871 43 11 37  9  1
 2  0      0 1742504 129608 13529064    0    0     0 174196 3976 2675 24  8 57 11  0
 2  0      0 1687852 129608 13581456    0    0     0     0 1303  902 21  6 74  0  0
 2  0      0 1648036 129608 13620664    0    0     0 66056 2135 1305 18  6 73  2  0
 3  0      0 1573696 129608 13693280    0    0     0     0 1416 1006 24  7 69  0  0
 3  0      0 1576076 129612 13686560    0    0    52 97044 2967 2074 20  7 70  3  0
 1  1      0 1515424 129612 13739692    0    0  2873 10240 2640 2426 21  6 72  0  0
 2  0      0 1465596 129612 13788648    0    0   496 55756 2186 1565 20  4 74  2  0
 2  0      0 1416972 129616 13835576    0    0     0 65988 1924 1338 19  5 74  2  0
 1  0      0 1722364 129616 13525816    0    0     0 18936 1500 1279 13  5 81  1  0
 1  1      0 1682832 129616 13568436    0    0     0  1660 1224  999 17  4 79  0  0
 1  0      0 1733908 129616 13515948    0    0     0 29400 1478 1241 11  4 84  1  0
 1  0      0 1721572 129616 13527688    0    0     0     0 1131 1073 10  3 86  0  0
 1  0      0 1709480 129616 13539300    0    0     0     0 1036  942 10  3 86  0  0
 1  0      0 1698896 129616 13550468    0    0     0     0 1021  948 10  4 86  0  0
 1  0      0 1688088 129616 13561408    0    0     0   368 1079 1007 11  3 86  0  0
 1  0      0 1709128 129616 13541988    0    0     0 31072 1549 1135 16  4 78  1  0
procs -----------memory---------- ---swap-- -----io---- -system-- ------cpu-----
 r  b   swpd   free   buff  cache   si   so    bi    bo   in   cs us sy id wa st
 1  0      0 1696548 129616 13553576    0    0     0     0  966  941 10  4 86  0  0
 1  0      0 1684480 129616 13565372    0    0     0     0  957  913 10  4 86  0  0
 1  0      0 1672640 129616 13576688    0    0     0     0 1012  965 11  3 86  0  0
 1  0      0 1661312 129616 13586924    0    0     0     8  997  977 11  3 86  0  0
 2  0      0 1633876 129620 13614648    0    0     0    72 1087  980 14  4 82  0  0
 5  0      0 1603276 129624 13665900    0    0     0 30996 1955 1060 40 10 49  1  0
 4  1      0 1443028 129624 13821664    0    0     0  9220 2008 1007 51 12 36  0  0
 4  0      0 1341520 129632 13924116    0    0     0 272552 5236 2944 34 10 40 16  0
 2  0      0 1653676 129632 13615924    0    0     0 72532 2424 1678 24  7 65  3  0
 2  0      0 1598012 129632 13669540    0    0     0     0 1269  951 21  6 74  0  0
 3  0      0 1547112 129636 13720212    0    0     0 66064 1988 1264 21  5 73  2  0
 2  0      0 1526308 129644 13731340    0    0     0 96996 2439 1441 23  7 66  3  0
 2  0      0 1470396 129644 13785400    0    0     0     0 1343 1001 20  6 73  0  0
 2  0      0 1661184 129644 13604172    0    0     0 51052 2098 1306 18  7 73  2  0
 2  0      0 1605240 129644 13659724    0    0     0     0 1310 1026 20  6 74  0  0
 2  0      0 1655916 129648 13607836    0    0     0 86320 2310 1431 17  7 73  3  0
 3  0      0 1593424 129648 13672120    0    0     0     0 1313  984 22  6 72  0  0
 2  0      0 1588748 129664 13682536    0    0     0 97012 2610 1484 23  6 68  3  0
 1  1      0 1535856 129664 13734464    0    0     0 65440 2019 1243 19  6 74  2  0
 2  0      0 1480920 129664 13789188    0    0     0   596 1365 1009 21  5 74  0  0
 2  0      0 1430028 129664 13839400    0    0     0 66012 1994 1341 19  5 74  2  0
procs -----------memory---------- ---swap-- -----io---- -system-- ------cpu-----
 r  b   swpd   free   buff  cache   si   so    bi    bo   in   cs us sy id wa st
 2  0      0 1374336 129664 13895296    0    0     0     0 1273  933 21  5 74  0  0
 3  0      0 1303788 129664 13964212    0    0     0 65988 2138 1421 24  6 68  2  0
 1  0      0 1675204 129672 13584368    0    0     0 61152 1825 1473 12  5 82  2  0
 1  0      0 1664120 129672 13594820    0    0     0     0 1219 1157 10  4 86  0  0
 2  0      0 1654292 129672 13604340    0    0     0     0  978  892 10  4 86  0  0
 1  0      0 1643972 129672 13614116    0    0     0     0 1032  961 10  4 86  0  0
 1  0      0 1632884 129672 13624440    0    0     0     0 1044  918 11  3 86  0  0
 2  0      0 1606928 129672 13652516    0    0     0   144 1128  994 14  3 82  0  0
 5  0      0 1557624 129676 13705916    0    0     0 31028 2088 1111 41  9 50  1  0
 5  0      0 1404720 129676 13856244    0    0     0     0 2065 1073 53 11 36  0  1
 5  0      0 1331992 129680 13931952    0    0     0 263760 5936 3522 29  8 37 26  0
 2  0      0 1604208 129692 13664448    0    0     0 56768 2361 1688 25  7 66  2  0
 2  0      0 1554816 129692 13714380    0    0     0 66052 2029 1221 19  5 74  2  0
 3  0      0 1501896 129692 13767180    0    0     0   448 1396 1036 21  6 73  0  0
 3  0      0 1487116 129700 13776412    0    0     0 97008 2576 1648 23  8 66  3  0
 4  0      0 1432684 129700 13829908    0    0     0     0 1292  953 21  6 74  0  0
 2  0      0 1383332 129700 13878976    0    0     0 65988 2076 1345 19  5 73  2  0
 2  0      0 1327904 129700 13935040    0    0    28     0 1381 1039 21  6 74  0  0
 2  0      0 1279520 129700 13983248    0    0     0 65992 2116 1271 18  6 74  2  0
 2  0      0 1599684 129704 13658172    0    0     0 49552 2004 1364 15  5 78  1  0
 1  0      0 1632320 129712 13629684    0    0     0 31068 1554 1144 14  5 81  1  0
procs -----------memory---------- ---swap-- -----io---- -system-- ------cpu-----
 r  b   swpd   free   buff  cache   si   so    bi    bo   in   cs us sy id wa st
 1  0      0 1620740 129712 13641316    0    0     0     0 1082  995 11  3 86  0  0
 2  0      0 1609896 129712 13652064    0    0     0     0  975  904 10  4 87  0  0
 2  0      0 1598808 129712 13662904    0    0     0     0  994  954 11  3 86  0  0
 1  0      0 1588756 129712 13673380    0    0     0     0 1007  969 10  3 87  0  0
 2  0      0 1551188 129712 13710116    0    0     0    64 1121  965 15  4 80  0  0
 3  0      0 1592604 129724 13664808    0    0     0 31016 1432 1109 11  4 83  1  0
 1  0      0 1580508 129724 13676048    0    0     0     0  919  869 10  3 87  0  0
 1  0      0 1562980 129724 13686704    0    0  1666     0 2006 1972 10  4 85  0  0
 1  0      0 1552464 129724 13697408    0    0  1667     0 1854 3940 11  4 85  0  0
 1  0      0 1541376 129724 13708368    0    0     0     0 1008  902 10  3 87  0  0
 5  0      0 1566400 129728 13699988    0    0     0 31044 1714 1155 21  5 73  1  0
 5  0      0 1408188 129728 13859520    0    0     0     0 1905  872 52 11 36  0  0
 4  2      0 1276216 129728 13989260    0    0     0 222360 4641 2300 44  8 37 11  0
 2  0      0 1558048 129740 13713696    0    0     0 145140 3895 2363 37  9 45  9  0
 2  0      0 1505624 129740 13766780    0    0     0     0 1278  905 20  6 74  0  0
 2  0      0 1457272 129740 13814584    0    0     0 66088 1958 1184 18  6 74  2  0
 2  0      0 1424472 129744 13839052    0    0     0 31048 1928 1172 26  8 65  1  0
 2  0      0 1375588 129748 13886208    0    0     0 65976 2094 1192 19  5 74  2  0
 2  0      0 1327484 129752 13934520    0    0     0 65992 2016 1213 20  4 74  2  0
 2  0      0 1275572 129752 13986148    0    0     0    20 1292  889 20  6 74  0  0
 2  0      0 1231976 129752 14030516    0    0     0 66016 2102 1280 19  5 74  2  0
procs -----------memory---------- ---swap-- -----io---- -system-- ------cpu-----
 r  b   swpd   free   buff  cache   si   so    bi    bo   in   cs us sy id wa st
 2  0      0 1528332 129756 13736640    0    0     0 29012 1603 1121 20  6 74  1  0
 3  0      0 1480928 129756 13783116    0    0     0 31116 1919 1203 27  7 65  1  0
 2  0      0 1472508 129756 13798792    0    0     0 65976 1895 1190 19  6 73  2  0
 2  0      0 1420628 129756 13850256    0    0     0     0 1354  984 20  6 74  0  0
 2  0      0 1373544 129756 13897228    0    0     0 65988 1984 1248 19  5 74  2  0
 2  0      0 1325444 129756 13946052    0    0     0 66064 2060 1427 19  5 73  1  0
 4  0      0 1270540 129756 14000712    0    0     0     0 1290  922 21  5 74  0  0
 2  0      0 1529700 129772 13737192    0    0     0 100240 2845 1718 22  7 69  2  0
 1  0      0 1556076 129772 13706548    0    0     0     0 1113  943 10  4 86  0  0
 2  0      0 1545520 129772 13716548    0    0     0     0 1086  947 11  3 86  0  0
 1  0      0 1534432 129772 13727720    0    0     0     0 1051  937 10  3 86  0  0
 1  0      0 1525108 129772 13737384    0    0     0     0 1082 1001 10  3 86  0  0
 1  0      0 1515028 129772 13747100    0    0     0   128 1076  967 10  3 86  0  0
 5  0      0 1543076 129780 13726688    0    0     0 31024 1581 1180 17  5 77  1  0
 5  0      0 1369504 129780 13899864    0    0     0     0 1907  851 53 11 36  0  0
 2  3      0 1255132 129788 14010000    0    0     0 193344 3970 2222 37 10 39 15  0
 1  0      0 1391800 129808 13883940    0    0     0 174784 4073 2390 35  9 48  8  0
 1  0      0 1509028 129808 13764832    0    0     0     0 1042  937 11  3 86  0  0
 1  0      0 1554548 129816 13720692    0    0     0 64696 1796 1214  9  3 86  2  0
 1  0      0 1510224 129816 13763452    0    0     0     0 1189 1068 11  3 86  0  0
 1  0      0 1474188 129816 13796412    0    0     0 66012 2356 1864 11  4 82  2  0
procs -----------memory---------- ---swap-- -----io---- -system-- ------cpu-----
 r  b   swpd   free   buff  cache   si   so    bi    bo   in   cs us sy id wa st
 1  0      0 1429360 129816 13840512    0    0     0     0 1477 1353 11  3 86  0  0
 1  0      0 1396348 129824 13873472    0    0     0 66012 1858 1327  9  3 86  2  0
 1  0      0 1354768 129824 13915132    0    0     0 12376 1462 1286 11  2 86  0  0
 1  0      0 1317484 129824 13951636    0    0     0 53688 1893 1487 10  3 86  1  0
 1  0      0 1574492 129828 13690616    0    0     0 51564 2230 1804 11  4 83  2  0
 1  0      0 1529412 129828 13734684    0    0     0     0 1126  937 10  3 86  0  0
 1  0      0 1491112 129828 13772876    0    0     0 66188 1811 1221  9  3 86  2  0
 0  1      0 1454576 129828 13809288    0    0     0 61452 1699 1157 10  2 86  2  0
 1  0      0 1412492 129832 13850968    0    0     0  4544 1271 1083 11  3 86  0  0
 1  0      0 1377244 129832 13884012    0    0     0 65988 2162 1531 13  3 82  2  0
 1  0      0 1329108 129832 13930300    0    0     0     0 1202 1051 11  2 86  0  0
 1  0      0 1292568 129832 13966476    0    0     0 66032 1951 1320  9  2 86  3  0
 3  0      0 1522344 129832 13743308    0    0     0 46180 2066 1236 30  7 61  1  0
 0  3      0 1408696 129832 13852856    0    0     0 135484 2843 1541 28  6 62  5  0
 4  0      0 1542972 129836 13727988    0    0     0 62188 2713 1741 32  8 57  3  0
 4  0      0 1393312 129836 13874272    0    0     0     0 1757  924 43  8 49  0  0
 6  0      0 1354072 129836 13921248    0    0     0 264388 5214 3786 18  6 46 29  1
 4  0      0 1217368 129836 14055832    0    0     0     0 1945 1001 43  8 48  0  0
 0  4      0 1093216 129836 14173448    0    0     0 118720 2818 1543 37  7 49  7  0
 4  0      0 1021260 129844 14251152    0    0     0 145148 3190 2310 25  6 50 18  0
 4  0      0 874860 129844 14394244    0    0     0     0 1762  933 43  8 49  0  0
procs -----------memory---------- ---swap-- -----io---- -system-- ------cpu-----
 r  b   swpd   free   buff  cache   si   so    bi    bo   in   cs us sy id wa st
 4  0      0 763308 129848 14505340    0    0     0 263888 3875 2524 35  7 49  9  0
 3  1      0 658748 129852 14607716    0    0     0 63360 2184 1214 37  7 53  3  1
 4  0      0 1698516 129856 13570380    0    0     0 116068 2550 1696 15  6 71  7  0
 4  0      0 1556140 129856 13709164    0    0     0     0 1802  982 44  7 49  0  1
 0  4      0 1436016 129856 13821184    0    0  1666 98340 3641 2814 35  8 47  9  1
 4  0      0 1357244 129860 13903916    0    0  1667 165688 4513 3505 31  7 45 17  0
 4  0      0 1218144 129860 14040492    0    0     0     0 1877 1035 43  8 48  0  1
 4  0      0 1123424 129860 14138644    0    0     0 263908 4042 2473 30  6 50 14  0
 4  0      0 971032 129860 14288096    0    0    40     0 1761  920 43  8 49  0  0
 4  0      0 845540 129872 14414972    0    0     0 263924 4066 2699 33  8 49 10  0
 4  1      0 684896 129872 14574544    0    0     0 40960 2045 1000 41  9 49  1  0
 1  0      0 1535588 129880 13720812    0    0     0 225232 3784 2838 15  6 73  6  0
