procs -----------memory---------- ---swap-- -----io---- -system-- ------cpu-----
 r  b   swpd   free   buff  cache   si   so    bi    bo   in   cs us sy id wa st
 1  0      0 4055540 129880 11316216    0    0    22  2120  174  148 14  3 81  1  1
 2  0      0 4056528 129880 11316228    0    0     0   296 1055  885  1  4 95  0  0
 1  0      0 4032596 129900 11326188    0    0     0   804 1910 1880 10  4 85  1  0
 1  0      0 4010924 129900 11336404    0    0     0     0 1366 1268 10  4 85  0  0
 1  0      0 3990008 129900 11346780    0    0     0    84 1145 1064  9  5 86  0  0
 1  0      0 3968084 129900 11357096    0    0     0     0 1040  937 10  4 86  0  0
 2  0      0 3946160 129900 11367308    0    0     0     0 1075 1003 10  4 86  0  0
 1  0      0 3928784 129900 11376816    0    0     0   108 1282 1044 11  3 85  0  0
 1  0      0 4001472 129900 11356332    0    0     0 30932 1947 1365 17  5 77  1  0
 1  0      0 3979080 129900 11367092    0    0     0     0 1051  931 10  4 86  0  0
 1  0      0 3956184 129900 11377764    0    0     0     0 1032  959 10  4 86  0  0
 2  0      0 3934336 129900 11388376    0    0     0    16 1043  949 10  4 86  0  0
 2  0      0 3911688 129900 11398860    0    0     0     0 1104 1006 11  3 86  0  0
 3  0      0 3889260 129904 11410224    0    0     0    68 1027  925 11  3 86  0  0
 2  0      0 3908776 129904 11390512    0    0     0 30944 1722 1192 16  5 78  1  0
 2  0      0 3896492 129904 11401880    0    0     0     0  996  907 10  4 86  0  0
 2  0      0 3886700 129904 11412868    0    0     0     0 1035  949 10  4 86  0  0
 2  0      0 3874388 129904 11423400    0    0     0     0 1009  911 11  3 86  0  0
 2  0      0 3863872 129904 11433772    0    0     0     0 1077  962 10  4 86  0  0
 2  0      0 3840436 129904 11458964    0    0     0   372 1259  999 14  4 82  0  0
 1  0      0 3869532 129904 11424240    0    0     0 30940 1575 1169 13  5 80  1  0
procs -----------memory---------- ---swap-- -----io---- -system-- ------cpu-----
 r  b   swpd   free   buff  cache   si   so    bi    bo   in   cs us sy id wa st
 1  0      0 3857944 129904 11434468    0    0     0     0 1050  917 10  4 86  0  0
 1  0      0 3843936 129904 11445484    0    0  1666     0 2121 2078 10  4 85  0  0
 1  0      0 3832184 129904 11456632    0    0  1667     0 1852 1895 11  3 86  0  0
 1  0      0 3821852 129904 11466452    0    0     0     0 1099 1015 11  3 86  0  0
 2  0      0 3784304 129904 11504860    0    0     0    52 1246  986 15  5 80  0  0
 3  0      0 3768068 129912 11523856    0    0     0 30944 2010 1220 28  7 63  1  0
 2  0      0 3736804 129920 11558732    0    0     0 113996 2275 1476 23  8 65  4  0
 1  0      0 3820232 129920 11469036    0    0     0     0 1109  995 10  4 86  0  0
 1  0      0 3809928 129920 11479124    0    0     0     0 1064  937 10  3 86  0  0
 1  0      0 3799092 129920 11489432    0    0     0     0 1073  987 10  3 86  0  0
 1  1      0 3759028 129920 11532240    0    0     0 12288 1349 1027 16  4 79  0  0
 1  0      0 3815848 129924 11481252    0    0     0 18700 1473 1210 10  4 85  1  0
 1  0      0 3804508 129924 11492868    0    0     0     0 1064  947 10  4 86  0  0
 1  0      0 3792664 129924 11503844    0    0     0   108 1075  998 11  3 86  0  0
 1  0      0 3782836 129924 11513792    0    0     0     0 1093  948 10  4 87  0  0
 1  0      0 3770740 129924 11524328    0    0     0     0 1044  982 10  4 86  0  0
 1  0      0 3783680 129928 11506100    0    0     0 31008 1630 1171 17  5 78  1  0
 1  0      0 3771336 129928 11517504    0    0     0     0 1086  983 10  4 87  0  0
 1  0      0 3759500 129928 11529216    0    0     0     0 1076  979 10  3 86  0  0
 1  0      0 3747936 129928 11540396    0    0     0     0 1065 1006 11  3 86  0  0
 1  0      0 3736344 129928 11550744    0    0     0     0 1107  947 10  4 86  0  0
procs -----------memory---------- ---swap-- -----io---- -system-- ------cpu-----
 r  b   swpd   free   buff  cache   si   so    bi    bo   in   cs us sy id wa st
 2  0      0 3701064 129928 11585864    0    0     0    56 1267 1045 15  5 80  0  0
 1  0      0 3742508 129936 11542936    0    0     0 30932 1520 1139 12  4 83  1  0
 1  0      0 3731672 129936 11553632    0    0     0     0 1006  974 10  4 86  0  0
 1  0      0 3722124 129936 11563288    0    0     0     0 1060  932 10  4 86  0  0
 1  0      0 3714060 129936 11570348    0    0     0     0 1084  949  9  5 85  0  1
 1  0      0 3705748 129936 11578256    0    0     0     0 1139 1004 10  4 86  0  0
 1  0      0 3695164 129936 11587892    0    0     0    48 1027  965 10  3 86  0  0
 5  0      0 3698552 129936 11592432    0    0     0 30952 1867 1147 26  8 65  1  0
 4  0      0 3565020 129936 11723404    0    0     0 36308 2312 1133 52 11 36  1  0
 1  3      0 3468252 129936 11815432    0    0     0 92112 2451 1395 36  9 49  7  0
 1  0      0 3700840 129936 11583472    0    0     0 95412 2097 1816 10  5 77  9  0
 1  0      0 3689584 129936 11594340    0    0     0     0  988  860 11  3 86  0  0
 1  0      0 3678276 129936 11605016    0    0     0     0 1023  911 10  3 86  0  0
 1  0      0 3701320 129944 11584980    0    0     0 31004 1543 1080 16  5 78  1  0
 1  0      0 3688724 129944 11596668    0    0     0     0 1061  961 10  3 86  0  0
 1  0      0 3677384 129944 11607612    0    0     0     0 1041  898 10  3 86  0  0
 6  0      0 3665792 129944 11618496    0    0     0    56 1040  949 10  4 86  0  0
 1  0      0 3655236 129944 11628760    0    0     0     0  980  893 10  4 87  0  0
 2  0      0 3633060 129944 11651500    0    0     0    76 1072  966 12  4 83  0  0
 1  0      0 3662188 129948 11621420    0    0     0 30932 1361 1027 14  4 81  1  0
 1  0      0 3650092 129948 11633364    0    0     0     0 1041  942 10  4 86  0  0
procs -----------memory---------- ---swap-- -----io---- -system-- ------cpu-----
 r  b   swpd   free   buff  cache   si   so    bi    bo   in   cs us sy id wa st
 1  0      0 3637772 129948 11644940    0    0     0     0 1010  884 11  3 86  0  0
 1  0      0 3626684 129948 11655136    0    0     0     0 1019  932 10  3 86  0  0
 1  0      0 3616604 129948 11665292    0    0     0    20 1032  897 10  3 86  0  0
 2  0      0 3576284 129952 11706036    0    0     0    68 1210  931 17  5 78  0  0
 1  0      0 3626800 129960 11655752    0    0     0 30928 1324 1070 11  4 84  1  0
 1  0      0 3615716 129960 11666516    0    0     0     0 1039  944 10  4 86  0  0
 1  0      0 3603396 129960 11677684    0    0     0     0 1050  938 10  4 86  0  0
 1  0      0 3592308 129960 11688332    0    0     0    48 1059  970 10  3 87  0  0
 1  0      0 3582020 129960 11699300    0    0     0     0 1063  905 10  4 86  0  0
 7  0      0 3560980 129964 11724020    0    0    56 31056 2092 1262 30  8 61  1  0
 6  0      0 3343252 129964 11935052    0    0     0 15544 2298  963 65 13 22  1  0
 1  5      0 3231648 129964 12039880    0    0     0 239216 5240 3443 32  9 24 34  0
 1  0      0 3576544 129988 11695312    0    0     0 74976 2541 2077 10  5 76  9  0
 2  0      0 3566464 129988 11704868    0    0     0     0  972  897 11  3 86  0  0
 3  0      0 3555684 129988 11714480    0    0     0   224 1222 1078 11  4 85  0  0
 1  0      0 3578988 129992 11692904    0    0     0 30996 2468 1944 22  7 69  1  0
 1  0      0 3568996 129992 11702948    0    0     0     0 1399 1334 10  5 85  0  0
 1  0      0 3558440 129992 11712972    0    0     0   176 1323 1150 10  4 86  0  0
 1  0      0 3547660 129992 11723596    0    0     0     0 1025  894 10  4 86  0  0
 1  0      0 3537412 129992 11733976    0    0  1666     0 1932 2001 11  3 85  0  0
 1  0      0 3527960 129996 11744836    0    0  1667    56 2398 2290 14  4 82  0  0
procs -----------memory---------- ---swap-- -----io---- -system-- ------cpu-----
 r  b   swpd   free   buff  cache   si   so    bi    bo   in   cs us sy id wa st
 2  0      0 3541440 130012 11726344    0    0     0 30952 1757 1246 17  5 76  1  0
 1  0      0 3540520 130012 11737424    0    0     0     0 1040  896 11  3 86  0  0
 1  0      0 3529672 130012 11748056    0    0     0     0 1044  927 10  4 86  0  0
 1  0      0 3519856 130012 11758576    0    0     0     0 1074  944 10  4 86  0  0
 3  0      0 3509540 130012 11768432    0    0     0     0  958  891 10  3 86  0  0
 2  0      0 3492908 130012 11784044    0    0     0    52 1043  919 11  4 85  0  0
 1  0      0 3516500 130016 11760284    0    0     0 30936 1585 1123 15  5 79  1  0
 1  0      0 3505412 130016 11771336    0    0     0     0  984  892 10  4 86  0  0
 1  0      0 3494076 130016 11782352    0    0     0     0 1087  994 11  3 86  0  0
 1  0      0 3483244 130016 11793460    0    0     0     0 1058  908 10  3 86  0  0
 1  0      0 3472156 130016 11803552    0    0     0     0 1025  950 10  3 86  0  0
 2  0      0 3443176 130020 11832024    0    0     0    52 1145  930 15  4 81  0  0
 4  0      0 3427672 130028 11860728    0    0     0 34096 1986 1199 34  8 57  2  0
 4  0      0 3312284 130028 11972652    0    0     0     0 1776  896 42  9 49  0  1
 1  0      0 3468968 130032 11809884    0    0     0 195740 3636 2541 20  7 55 18  0
 1  0      0 3458136 130032 11819896    0    0     0     0 1052  925 10  3 86  0  0
 1  0      0 3447076 130032 11829700    0    0     0    32 1065  977 10  3 86  0  0
 2  0      0 3438004 130032 11838212    0    0     0     4 1107  953 11  3 86  0  0
 1  0      0 3457776 130036 11817384    0    0     0 31072 2432 1972 20  6 72  2  0
 1  0      0 3446688 130036 11828616    0    0     0    64 1433 1335 11  3 86  0  0
 1  0      0 3435600 130036 11838752    0    0     0     0 1027  953 11  3 86  0  0
procs -----------memory---------- ---swap-- -----io---- -system-- ------cpu-----
 r  b   swpd   free   buff  cache   si   so    bi    bo   in   cs us sy id wa st
 1  0      0 3426360 130036 11848484    0    0     0     0 1044  918 10  4 86  0  0
 1  0      0 3416588 130036 11857524    0    0     0    64 1104 1046 11  3 86  0  0
 1  0      0 3406760 130036 11867688    0    0     0     0 1094 1034 11  3 86  0  0
 1  0      0 3426556 130040 11847524    0    0     0 30984 1501 1150 17  5 77  1  0
 1  0      0 3415276 130040 11858140    0    0     0     0 1030  915 10  3 86  0  0
 1  0      0 3404692 130040 11868480    0    0     0     0  988  954 11  3 86  0  0
 1  0      0 3393632 130040 11879008    0    0     0     8 1051  897 10  4 86  0  0
 2  0      0 3381624 130040 11889888    0    0     0     0 1049  962 10  3 86  0  0
 1  0      0 3370536 130040 11900928    0    0     0    64 1084  944 11  3 86  0  0
 1  0      0 3390308 130044 11881708    0    0     0 30952 1673 1192 16  5 77  1  0
 1  0      0 3378716 130044 11893152    0    0     0     0 1031  897 11  3 87  0  0
 1  0      0 3368132 130044 11903624    0    0     0   168 1164 1055 10  4 86  0  0
 1  0      0 3357804 130044 11913460    0    0     0     0 1048  862 10  4 86  0  0
 1  0      0 3346968 130044 11923616    0    0     0     0 1033  905 10  4 86  0  0
 2  0      0 3332352 130052 11939184    0    0     0    64 1118  938 12  3 85  0  0
 6  0      0 3296148 130060 11982896    0    0     0 30964 1932 1130 35  9 55  1  0
 7  1      0 3113480 130060 12160820    0    0     0 18428 2144  932 61 13 24  1  1
 1  1      0 3017256 130060 12254200    0    0     0 284716 4128 2751 35  9 37 19  1
 1  0      0 3336788 130060 11935140    0    0     0 11688 1394 1124 11  4 84  1  0
 1  0      0 3325700 130060 11945728    0    0     0   156 1078  929 10  3 86  0  0
 1  0      0 3314616 130060 11955656    0    0     0     0 1042  874 10  3 86  0  0
procs -----------memory---------- ---swap-- -----io---- -system-- ------cpu-----
 r  b   swpd   free   buff  cache   si   so    bi    bo   in   cs us sy id wa st
 1  0      0 3336400 130060 11935252    0    0     0 30956 1554 1166 17  5 77  1  0
 4  0      0 3324812 130060 11945980    0    0     0     4 1084  949 10  4 86  0  0
 1  0      0 3313724 130060 11956444    0    0     0     0 1079  940 10  4 86  0  0
 1  0      0 3303168 130060 11967220    0    0     0     0 1089  961 10  3 86  0  0
 1  0      0 3292332 130060 11977300    0    0     0     0 1010  954 11  3 86  0  0
 3  0      0 3279988 130060 11988944    0    0     0    48 1063  933 10  4 86  0  0
 2  0      0 3303508 130064 11969980    0    0     0 30984 1592 1132 16  5 79  1  0
 1  0      0 3290660 130064 11981780    0    0     0    56 1076  941 10  4 86  0  0
 1  0      0 3279068 130064 11993092    0    0     0     0 1070  953 10  3 86  0  0
 1  0      0 3269240 130064 12003024    0    0     0    24 1148  976 10  4 86  0  0
 1  0      0 3258908 130064 12012836    0    0     0     0 1519 1455 13  4 82  0  0
 2  0      0 3235752 130064 12038960    0    0     0     4 1285 1101 14  4 82  0  0
 1  0      0 3270476 130076 12003484    0    0     0 31120 1582 1200 14  4 81  1  0
 1  0      0 3260144 130076 12014116    0    0     0     0 1101  962 11  3 86  0  0
 1  0      0 3249320 130076 12025260    0    0     0     0 1150 1004 10  3 86  0  0
 1  0      0 3238284 130076 12035756    0    0     0     0 1095  930 10  3 86  0  0
 2  0      0 3224988 130076 12046036    0    0  1171    48 1749 1675 10  4 86  0  0
 2  0      0 3185508 130080 12087316    0    0  2162    56 2462 2288 16  5 79  0  0
 6  0      0 3076536 130088 12203356    0    0     0 30960 2450 1136 54 13 32  1  0
 1  3      0 2916324 130096 12354692    0    0     0 145948 3327 1769 47 11 32 10  0
 2  0      0 3194676 130116 12079584    0    0     0 153084 3614 2581 16  6 65 13  0
procs -----------memory---------- ---swap-- -----io---- -system-- ------cpu-----
 r  b   swpd   free   buff  cache   si   so    bi    bo   in   cs us sy id wa st
 1  1      0 3142764 130116 12128700    0    0     0 38916 1332 1064 20  5 74  1  0
 2  0      0 3094128 130120 12179416    0    0     0 27132 1361  996 21  5 74  1  0
 1  1      0 3042220 130128 12234244    0    0     0 70116 1653 1208 19  5 74  2  0
 1  0      0 3226076 130136 12051872    0    0     0 12528 1272 1085 10  4 85  1  0
 1  0      0 3214232 130136 12062944    0    0     0     0 1068  921 11  3 86  0  0
 2  0      0 3203144 130136 12074008    0    0     0    24 1032  935 11  3 86  0  0
 1  0      0 3191300 130136 12085072    0    0     0     0 1018  878 10  3 87  0  0
 1  0      0 3180464 130136 12095660    0    0     0     4 1143 1098 11  3 86  0  0
 1  0      0 3200708 130152 12076992    0    0     0 31052 1720 1152 16  5 78  1  0
 1  0      0 3188364 130152 12088344    0    0     0     0 1065  918 10  4 86  0  0
 1  0      0 3176532 130152 12099460    0    0     0   188 1061  896 11  3 86  0  0
 1  0      0 3165444 130152 12110108    0    0     0     0 1042  931 11  3 86  0  0
 1  0      0 3154860 130152 12120356    0    0     0     0 1057  909 10  3 86  0  0
 2  0      0 3126132 130152 12149104    0    0     0    48 1133  916 14  4 82  0  0
 1  0      0 3170068 130156 12111804    0    0     0 30944 1558 1066 13  4 82  1  0
 1  0      0 3159484 130156 12122016    0    0     0    20 1098  950 10  3 87  0  0
 1  0      0 3147644 130156 12133404    0    0    28     0 1021  926 10  4 86  0  0
 1  0      0 3136836 130156 12143920    0    0    28     0 1111 1021 10  4 86  0  0
 1  0      0 3126000 130156 12155140    0    0     0     0 1066  876 10  3 86  0  0
 2  1      0 3076608 130156 12198604    0    0     0  7364 1279  956 16  5 79  0  0
 6  0      0 2947700 130160 12329092    0    0     0 49632 2926 1263 67 14 18  2  0
procs -----------memory---------- ---swap-- -----io---- -system-- ------cpu-----
 r  b   swpd   free   buff  cache   si   so    bi    bo   in   cs us sy id wa st
 1  5      0 2754956 130164 12512736    0    0     0 153420 3268 1755 57 11 24  7  0
 2  0      0 3096132 130172 12175304    0    0     0 168816 4189 2710 14  7 63 16  0
 2  0      0 3034140 130172 12233292    0    0     0     0 1224  908 20  5 74  0  0
 2  0      0 2981976 130176 12286844    0    0     0 66048 1468 1172 19  5 74  2  0
 2  1      0 2901868 130180 12368068    0    0     0 83460 1830 1345 25  7 66  2  0
 2  0      0 3061936 130188 12216304    0    0     0 10484 1436 1011 20  7 73  0  0
 2  0      0 3013328 130188 12266024    0    0     0 66024 1515 1220 19  6 74  2  0
 2  0      0 3105208 130196 12169332    0    0     0 37724 1209 1059 11  4 83  1  0
 1  0      0 3094624 130196 12180004    0    0     0     0 1041  915 10  4 87  0  0
 1  0      0 3081532 130196 12190644    0    0     0     0 1088  908 10  3 86  0  0
 1  0      0 3091456 130196 12171604    0    0     0 31076 1691 1138 16  4 78  1  0
 1  0      0 3079112 130196 12183456    0    0     0     0 1020  914 11  3 86  0  0
 1  0      0 3067044 130196 12194984    0    0    52     0 1037  924 10  4 86  0  0
 1  0      0 3055452 130196 12206420    0    0     0     0 1048  922 10  4 86  0  0
 1  0      0 3044112 130196 12217300    0    0     0     0 1057  926 10  4 86  0  0
 2  0      0 3004548 130196 12257496    0    0    48    64 1224  945 17  4 80  0  0
 1  0      0 3059852 130196 12209328    0    0     0 30976 1584 1201 11  4 85  1  0
 1  0      0 3048008 130196 12220736    0    0     0     0 1079  901 10  4 87  0  0
 1  0      0 3036948 130196 12231044    0    0     0     0 1057  909 10  4 86  0  0
 1  0      0 3026112 130196 12242156    0    0     0     0 1031  917 10  3 86  0  0
 1  0      0 3014520 130196 12252900    0    0     0     0  985  916 10  3 86  0  0
procs -----------memory---------- ---swap-- -----io---- -system-- ------cpu-----
 r  b   swpd   free   buff  cache   si   so    bi    bo   in   cs us sy id wa st
 7  0      0 2997036 130200 12281360    0    0     0 31008 1949 1146 31  7 61  1  0
 6  0      0 2782344 130208 12491164    0    0    20 53924 2808 1144 64 13 22  1  0
 2  0      0 3024860 130212 12248752    0    0     0 281244 5093 3692 34 10 41 16  0
 2  0      0 2965892 130212 12310144    0    0     0     0 1295  954 20  6 74  0  0
 2  0      0 2919776 130216 12357072    0    0     0 66080 1496 1222 19  5 74  2  0
 3  0      0 2980424 130224 12296956    0    0     0 43312 1535 1156 21  6 72  1  0
 2  0      0 2967944 130228 12313800    0    0     0 31016 1865 1098 24  7 68  1  0
 1  0      0 3029000 130236 12248404    0    0     0 93800 1620 1319 18  5 75  3  0
 1  0      0 3017160 130236 12259504    0    0     0     0 1055  894 10  4 86  0  0
 1  0      0 3006324 130236 12269324    0    0    48    12 1076  931 11  3 86  0  0
 1  0      0 2995992 130236 12279956    0    0     0     0 1057  929 10  4 86  0  0
 3  0      0 2966256 130236 12308964    0    0     0     0 1116  930 14  4 82  0  0
 1  0      0 2997144 130244 12270580    0    0     0 31200 1562 1143 14  4 81  1  0
 1  0      0 2985552 130244 12281480    0    0    40     0 1045  946 11  3 86  0  0
 1  0      0 2970008 130244 12292576    0    0  1666     4 1996 2104 11  4 85  0  0
 1  0      0 2959172 130244 12303316    0    0  1667     0 1825 1847 11  4 86  0  0
 1  0      0 2948588 130244 12313924    0    0     0     0  987  901 10  4 86  0  0
 1  1      0 2908268 130244 12357912    0    0     0 24512 1365  986 16  5 79  1  0
 1  0      0 2967872 130252 12305728    0    0     0  6496 1181  983 11  4 85  0  0
 1  0      0 2957048 130252 12316008    0    0     0    68 1020  932 10  3 86  0  0
 1  0      0 2946268 130252 12326536    0    0     0     0 1020  901 11  3 86  0  0
procs -----------memory---------- ---swap-- -----io---- -system-- ------cpu-----
 r  b   swpd   free   buff  cache   si   so    bi    bo   in   cs us sy id wa st
 1  0      0 2935732 130252 12337064    0    0     0     0  997  921 10  4 86  0  0
 1  0      0 2925136 130252 12347228    0    0     0     0 1057  935 11  3 86  0  0
 8  0      0 2937176 130252 12332868    0    0     0 31020 1750 1201 20  5 74  1  0
 6  0      0 2727704 130256 12548680    0    0     0 28028 2647 1096 70 15 15  1  0
 1  5      0 2561156 130388 12706892    0    0   132 135940 3311 1869 52 13 24 12  0
 2  0      0 2905900 130404 12365852    0    0     0 186968 4520 3125 15  6 56 23  0
 2  0      0 2846700 130404 12423228    0    0     0     0 1264  904 21  5 74  0  0
 2  0      0 2796076 130404 12473756    0    0     0 66192 1515 1184 19  6 74  2  0
 2  0      0 2789132 130408 12490984    0    0     0 96996 2062 1468 24  7 66  3  0
 2  0      0 2918216 130408 12361504    0    0     0 34076 1406 1121 20  6 74  1  0
 2  0      0 2857516 130408 12420520    0    0     0     0 1239  881 21  5 74  0  0
 2  0      0 2809440 130408 12468816    0    0     0 66200 1480 1168 19  5 74  2  0
 1  1      0 2768932 130408 12508228    0    0     0 48996 1410 1084 20  5 73  2  0
 1  0      0 2904484 130416 12372004    0    0     0 38648 1381 1256 15  5 78  1  0
 2  0      0 2856896 130416 12414348    0    0     0 30928 1541 1034 16  4 78  1  0
 1  0      0 2905904 130420 12363564    0    0     0   136 1084  921 11  3 86  0  0
 2  0      0 2893808 130420 12375300    0    0     0     0 1003  918 10  4 86  0  0
 1  0      0 2881740 130420 12386912    0    0     0     0  967  863 11  3 86  0  0
 1  0      0 2870148 130420 12398072    0    0     0    68 1001  886 10  4 86  0  0
 2  0      0 2849232 130420 12419788    0    0     0     8 1036  868 13  3 84  0  0
 2  0      0 2876344 130428 12390484    0    0    32 31024 1616 1145 15  4 80  1  0
procs -----------memory---------- ---swap-- -----io---- -system-- ------cpu-----
 r  b   swpd   free   buff  cache   si   so    bi    bo   in   cs us sy id wa st
 1  0      0 2863772 130428 12402148    0    0     0     0 1003  866 10  3 86  0  0
 1  0      0 2852180 130428 12413240    0    0     0     0 1007  896 10  4 86  0  0
 1  0      0 2841344 130428 12423768    0    0     0     0  973  874 10  4 86  0  0
 1  0      0 2830508 130428 12434492    0    0     0     8 1018  854 11  3 86  0  0
 2  0      0 2787196 130432 12477600    0    0     0 16360 1269  943 17  4 79  1  0
 6  0      0 2661864 130432 12625864    0    0     0 28356 2703 1249 63 14 22  1  0
 1  5      0 2501608 130432 12780604    0    0     0 191336 3693 2169 48 11 28 12  0
 2  0      0 2825608 130444 12461232    0    0     0 131084 3300 2246 16  6 68 10  0
 1  1      0 2768908 130444 12514616    0    0     0 40968 1395 1048 20  5 74  1  0
 2  0      0 2718508 130444 12566836    0    0     0 25240 1426 1108 19  6 74  1  0
 2  1      0 2631568 130444 12645932    0    0     0 74180 1630 1209 25  6 66  3  0
 2  0      0 2638248 130444 12634836    0    0     0 73380 1835 1414 19  6 72  2  0
 2  0      0 2781528 130444 12491648    0    0     0     0 1276  905 20  6 74  0  0
 2  0      0 2728860 130448 12544028    0    0     0 66120 1449 1220 19  5 74  2  0
 2  1      0 2670900 130448 12599444    0    0     0  6740 1227  881 21  6 73  0  0
 1  0      0 2802756 130448 12468136    0    0   108 54756 1180 1284 10  4 81  4  0
 1  0      0 2822052 130452 12448104    0    0     0 31032 1588 1065 16  5 79  1  0
 1  0      0 2808728 130452 12459508    0    0     0     0  983  872 10  4 86  0  0
 1  0      0 2797136 130452 12470492    0    0     0     0 1027  866 11  3 86  0  0
 1  0      0 2785544 130452 12481428    0    0     0    76 1014  899 11  3 86  0  0
 1  0      0 2774708 130452 12492072    0    0     0     0  991  873 10  3 86  0  0
procs -----------memory---------- ---swap-- -----io---- -system-- ------cpu-----
 r  b   swpd   free   buff  cache   si   so    bi    bo   in   cs us sy id wa st
 2  0      0 2762616 130452 12504272    0    0     0    76 1065  929 11  3 86  0  0
 1  0      0 2799572 130452 12483728    0    0     0 31060 1581 1107 16  4 79  1  0
 1  0      0 2786972 130452 12495216    0    0     0     4 1065  914 11  3 86  0  0
 1  0      0 2775128 130452 12506252    0    0     0     0  946  849 11  3 86  0  0
 1  0      0 2763536 130452 12517444    0    0     0     0  981  871 10  3 86  0  0
 1  0      0 2752208 130452 12528516    0    0     0     0  972  850 10  3 87  0  0
 2  0      0 2710124 130452 12562292    0    0     0    84 1207  965 15  4 81  0  0
 6  0      0 2579236 130456 12693744    0    0     0 50316 2913 1362 58 13 28  1  0
 1  5      0 2384716 130456 12879284    0    0     0 88408 3072 1496 56 13 24  7  0
 2  0      0 2722064 130468 12544168    0    0     0 233880 4952 3753 15  6 48 31  0
 2  0      0 2667632 130468 12597272    0    0     0     0 1254  918 20  6 74  0  0
 2  0      0 2621628 130468 12642036    0    0  1666 66056 2455 2173 18  7 73  3  0
 3  1      0 2547356 130468 12715172    0    0  1667 28776 2155 1676 24  6 69  1  0
 3  0      0 2554484 130476 12716676    0    0     0 68376 1818 1341 22  6 70  2  0
 2  0      0 2707844 130476 12563144    0    0     0 45788 1407 1126 18  6 74  1  0
 1  1      0 2659228 130476 12609476    0    0     0 41984 1374 1054 18  7 74  1  0
 2  0      0 2615640 130480 12654748    0    0     0 24028 1387 1011 21  5 74  1  0
 1  1      0 2571804 130480 12696112    0    0     0 65104 1347 1069 19  5 74  2  0
 2  0      0 2526708 130480 12741520    0    0     0   952 1385 1026 20  6 74  0  0
 1  0      0 2729700 130480 12532836    0    0     0 94364 2225 1701 22  7 66  5  0
 1  0      0 2717136 130480 12543512    0    0     0     0 1042  932 10  4 86  0  0
procs -----------memory---------- ---swap-- -----io---- -system-- ------cpu-----
 r  b   swpd   free   buff  cache   si   so    bi    bo   in   cs us sy id wa st
 1  0      0 2706300 130480 12554236    0    0     0     0 1027  882 11  3 86  0  0
 1  0      0 2695968 130480 12564556    0    0     0     0 1049  933 10  3 86  0  0
 1  0      0 2678608 130480 12574592    0    0     0     4 1535 1335 14  5 82  0  0
 2  0      0 2660808 130484 12586376    0    0     0   260 1866 1631 15  4 81  0  0
 1  0      0 2689448 130488 12565020    0    0     0 30992 1596 1169 17  4 78  1  0
 1  0      0 2679624 130488 12575268    0    0     0     0 1359 1208 11  4 85  0  0
 1  0      0 2668852 130488 12585844    0    0     0     0 1304 1217 11  3 86  0  0
 3  0      0 2658312 130488 12595648    0    0     0    72 1496 1456 11  4 85  0  0
 1  0      0 2650504 130488 12605652    0    0     0     0 1519 1398 13  4 83  0  0
 1  0      0 2640792 130492 12615368    0    0     0   120 1245 1242 10  4 86  0  0
 6  0      0 2610888 130496 12660160    0    0     0 37356 2097 1192 34  8 56  1  0
 6  0      0 2410132 130496 12855836    0    0     0     0 2167  951 63 12 24  0  0
 3  0      0 2314668 130504 12951688    0    0     0 307600 5762 3507 33 10 27 30  1
 4  0      0 2622436 130504 12649564    0    0     0 15384 2031 1583 20  5 73  1  0
 3  0      0 2577844 130504 12691940    0    0     0 65916 2272 1435 19  6 73  2  0
 2  0      0 2530468 130508 12740120    0    0     0   304 1484 1097 21  5 73  0  0
 3  0      0 2456384 130508 12813688    0    0     0 65996 2215 1369 24  7 67  2  0
 2  0      0 2646488 130512 12641136    0    0     0 41924 2182 1554 20  6 72  2  0
 2  0      0 2600876 130516 12684516    0    0     0 66080 2174 1396 19  6 74  1  0
 2  0      0 2547704 130516 12737252    0    0     0     0 1548 1161 21  5 74  0  0
 2  0      0 2500076 130516 12785044    0    0     0 65976 2096 1286 19  6 74  2  0
procs -----------memory---------- ---swap-- -----io---- -system-- ------cpu-----
 r  b   swpd   free   buff  cache   si   so    bi    bo   in   cs us sy id wa st
 1  0      0 2654148 130520 12630616    0    0     0 35232 1666 1186 15  6 79  1  0
 2  0      0 2610832 130520 12666944    0    0     0    32 1407 1102 15  6 79  0  0
 1  0      0 2650524 130520 12621152    0    0     0 31076 1472 1194 12  4 84  1  0
 1  0      0 2639184 130520 12632208    0    0     0     0 1213 1043 10  4 86  0  0
 1  0      0 2626616 130520 12643660    0    0     0     0 1171 1040 11  3 86  0  0
 1  0      0 2610740 130520 12654304    0    0     0     0 1667 1532 12  5 83  0  0
 1  0      0 2599148 130520 12665196    0    0     0     0 1332 1225 11  3 86  0  0
 1  0      0 2618208 130536 12645960    0    0     0 31152 1678 1260 16  5 78  1  0
 1  0      0 2605568 130536 12656996    0    0     0     0 1161 1050 11  3 86  0  0
 1  0      0 2593752 130536 12668012    0    0    72     0 1046  943 11  3 86  0  0
 1  0      0 2582412 130536 12679000    0    0     0     0 1070 1001 11  3 86  0  0
 2  0      0 2571324 130536 12689856    0    0     0     0 1051  948 10  4 86  0  0
 2  0      0 2554192 130540 12707924    0    0     0   136 1138  981 12  3 85  0  0
 6  0      0 2501912 130540 12782856    0    0     0 43856 2507 1412 45 10 44  1  0
 6  0      0 2296816 130540 12983936    0    0     0 46240 2291 1127 61 13 24  1  0
 2  0      0 2576180 130548 12704688    0    0     0 276556 5400 3500 25  7 47 21  0
 2  0      0 2516960 130548 12762444    0    0     0     0 1306  991 19  7 74  0  0
 2  0      0 2470844 130548 12808408    0    0     0 66052 2033 1260 19  6 73  2  0
 3  0      0 2404568 130552 12872328    0    0     0 54108 1991 1344 22  5 70  2  0
 2  0      0 2525704 130552 12739380    0    0     0 30992 1691 1131 25  6 68  1  0
 2  0      0 2480604 130556 12784284    0    0     0 66044 1883 1197 19  6 74  2  0
procs -----------memory---------- ---swap-- -----io---- -system-- ------cpu-----
 r  b   swpd   free   buff  cache   si   so    bi    bo   in   cs us sy id wa st
 2  0      0 2428496 130556 12835332    0    0     0     0 1391 1046 21  6 74  0  0
 2  0      0 2389192 130556 12875324    0    0     0 66124 1909 1296 19  4 73  3  0
 2  0      0 2337076 130556 12926056    0    0     0     0 1285  937 20  6 74  0  0
 2  0      0 2291716 130564 12972516    0    0     0 65972 1944 1342 19  5 74  2  0
 1  0      0 2577728 130568 12698032    0    0     0 72264 2180 1424 18  6 74  2  0
 1  0      0 2566156 130568 12708824    0    0     0     0 1040  999 10  4 86  0  0
 1  0      0 2555396 130568 12719664    0    0     0     0 1006  947 10  3 86  0  0
 1  0      0 2544580 130568 12730380    0    0     0     0 1047  944 11  3 86  0  0
 1  0      0 2527508 130568 12741224    0    0  1666    76 1846 1906 11  3 85  0  0
 3  0      0 2498796 130568 12765296    0    0  1667   108 1828 1738 13  5 82  0  0
 2  0      0 2524084 130576 12733352    0    0     0 30992 1561 1178 14  5 81  1  0
 2  0      0 2511736 130576 12745076    0    0     0    12 1088  979 10  4 86  0  0
 2  0      0 2499920 130576 12755776    0    0     0     0  988  910 10  4 86  0  0
 2  0      0 2488832 130576 12766872    0    0     0     0 1013  912 11  3 86  0  0
 2  0      0 2476988 130576 12778308    0    0     0     0 1055  924 10  3 86  0  0
 8  0      0 2501068 130592 12782004    0    0     0 31048 1951 1272 25  6 68  1  0
 7  0      0 2273252 130592 13008532    0    0     0 16864 2518 1126 66 14 20  0  0
 2  3      0 2146776 130600 13126892    0    0     0 267948 5158 3258 39 10 27 24  0
 5  0      0 2457588 130604 12819996    0    0     0 54256 2459 1793 19  6 71  4  0
 3  0      0 2468208 130608 12809244    0    0     0 54344 1896 1199 19  6 74  2  0
 3  1      0 2409996 130608 12864780    0    0     0 40932 1845 1166 19  7 74  1  0
procs -----------memory---------- ---swap-- -----io---- -system-- ------cpu-----
 r  b   swpd   free   buff  cache   si   so    bi    bo   in   cs us sy id wa st
 3  0      0 2391684 130608 12878464    0    0     0 56088 2325 1294 27  6 65  2  0
 4  0      0 2344324 130612 12925252    0    0     0 65980 1557 1320 19  6 73  2  0
 4  0      0 2287664 130612 12980308    0    0     0     0 1309  949 21  6 74  0  0
 3  0      0 2244572 130616 13024220    0    0     0 65976 1540 1349 19  5 74  3  0
 3  0      0 2469420 130628 12795160    0    0     0 36560 1405 1221 17  4 77  1  0
 3  0      0 2459608 130628 12805456    0    0     0    52 1093  971 11  3 86  0  0
 3  0      0 2487540 130628 12784384    0    0     0 31056 1724 1254 18  4 77  1  0
 3  0      0 2475980 130628 12795164    0    0     0     0 1096  996 10  4 86  0  0
 2  0      0 2464136 130628 12806428    0    0     0     0 1044  963 10  4 86  0  0
 2  0      0 2452572 130628 12817876    0    0     0     0 1105  980 10  4 86  0  0
 2  0      0 2442020 130628 12828932    0    0     0     0 1147 1026 11  2 86  0  0
 3  0      0 2428416 130628 12844592    0    0     0   132 1115 1006 11  4 85  0  0
 3  0      0 2444188 130628 12819764    0    0     0 31108 1606 1203 15  6 78  1  0
 3  0      0 2432120 130628 12831204    0    0     0     0 1117  963 10  4 86  0  0
 2  0      0 2419800 130628 12843024    0    0     0     0 1169 1076 10  3 86  0  0
 2  0      0 2408964 130628 12853972    0    0     0     0 1079  994 10  4 86  0  0
 3  0      0 2397376 130628 12865024    0    0     0     4 1068  979 10  3 86  0  0
 3  0      0 2366884 130628 12897524    0    0     0   156 1200  961 16  4 81  0  0
10  0      0 2270764 130632 12993492    0    0     0 30964 2412 1198 57 13 28  1  1
 7  0      0 2075048 130644 13183460    0    0    24 138360 3601 1693 66 14 14  4  1
 3  0      0 2210796 130664 13046276    0    0     0 232748 4022 2832 29  8 37 25  1
procs -----------memory---------- ---swap-- -----io---- -system-- ------cpu-----
 r  b   swpd   free   buff  cache   si   so    bi    bo   in   cs us sy id wa st
 3  0      0 2350420 130664 12910716    0    0     0     8 1401  959 21  5 74  0  0
 3  0      0 2308336 130664 12953344    0    0    36 66052 1912 1183 19  6 73  2  0
 2  0      0 2368636 130668 12892692    0    0     0 25328 1570 1107 20  5 74  1  0
 2  1      0 2294560 130668 12970076    0    0     0 16384 1706 1085 27  7 64  1  1
 2  0      0 2323704 130676 12955304    0    0     0 80608 2192 1394 19  6 73  2  0
 2  0      0 2266784 130676 13009540    0    0     0     0 1335 1037 20  6 74  0  0
 2  0      0 2224196 130680 13054156    0    0     0 65980 2022 1314 19  5 74  2  0
 2  0      0 2176832 130680 13099720    0    0     0 65980 2075 1317 18  6 74  2  0
 2  0      0 2373520 130684 12903568    0    0     0 20468 1686 1201 20  6 74  0  0
 1  2      0 2273024 130684 12992292    0    0     0 26676 1879 1209 25  7 66  2  0
 2  0      0 2283480 130688 12978324    0    0     0 70340 2299 1520 19  5 73  3  0
 2  0      0 2230588 130692 13030580    0    0    28 65984 2100 1259 19  5 74  2  0
 2  0      0 2173132 130692 13088188    0    0     0     0 1300  976 21  6 74  0  0
 1  0      0 2369344 130700 12884532    0    0     0 84656 2374 1480 17  6 75  3  0
 1  0      0 2359324 130700 12894724    0    0     0     0 1019  944 11  3 86  0  0
 1  0      0 2392996 130700 12874724    0    0     0 31060 1714 1191 16  5 78  1  0
 4  0      0 2388964 130700 12885780    0    0     0     0 1053  922 10  3 87  0  0
 1  0      0 2376400 130700 12897112    0    0     0     0 1078  976 10  4 86  0  0
 2  0      0 2364056 130700 12907920    0    0     0     0 1244 1221 12  4 85  0  0
 1  0      0 2350984 130700 12919016    0    0     0     0 1274 1164 12  4 84  0  0
 2  0      0 2327576 130700 12942996    0    0     0    56 1079  980 13  3 84  0  0
procs -----------memory---------- ---swap-- -----io---- -system-- ------cpu-----
 r  b   swpd   free   buff  cache   si   so    bi    bo   in   cs us sy id wa st
 6  0      0 2261696 130708 13005532    0    0     0 40024 2441 1256 46 11 42  1  0
 6  1      0 2057096 130708 13205056    0    0     0 20412 2267 1007 64 11 24  1  0
 2  0      0 2334304 130712 12926604    0    0     0 302348 5048 3050 26  9 47 18  0
 3  0      0 2275868 130712 12984484    0    0     0     0 1267  931 21  5 74  0  0
 3  0      0 2229780 130716 13030544    0    0     0 66156 2088 1218 19  5 74  2  0
 4  0      0 2166052 130716 13096440    0    0     0     0 1408 1013 23  5 71  0  0
 2  0      0 2171196 130720 13099144    0    0  3333 96992 4185 3344 24  7 65  4  0
 2  0      0 2315748 130724 12954824    0    0     0 32652 1849 1237 19  7 73  1  0
 2  0      0 2266920 130724 13004012    0    0     0 66000 1989 1231 18  6 74  2  0
 2  0      0 2207980 130724 13061692    0    0     0     0 1348 1007 20  6 74  0  0
 2  0      0 2161136 130724 13109392    0    0     0 66004 1992 1264 20  5 74  2  0
 2  1      0 2088388 130724 13178544    0    0     0 49152 1725 1094 22  5 71  1  0
 2  0      0 2100812 130740 13156884    0    0     0 85852 2354 1665 23  6 68  3  0
 1  0      0 2332572 130740 12928120    0    0     0     0 1172 1022 11  4 85  0  0
 1  0      0 2320980 130740 12939680    0    0     0     0 1107  975 11  3 86  0  0
 1  0      0 2309164 130740 12950896    0    0     0     4 1092  969 10  4 86  0  0
 1  0      0 2297572 130740 12961960    0    0     0     0 1040  937 10  3 87  0  0
 1  0      0 2330444 130740 12942168    0    0     0 31032 1710 1156 16  4 78  1  0
 1  0      0 2318100 130740 12953908    0    0     0     0 1073  958 11  3 86  0  0
 1  0      0 2306764 130740 12965796    0    0     0     0 1111  974 10  3 86  0  0
 1  0      0 2294920 130740 12977332    0    0     0     8 1020  926 11  3 86  0  0
procs -----------memory---------- ---swap-- -----io---- -system-- ------cpu-----
 r  b   swpd   free   buff  cache   si   so    bi    bo   in   cs us sy id wa st
 1  0      0 2282856 130740 12988676    0    0     0     0 1064  963 11  3 86  0  0
 2  0      0 2257660 130740 13013548    0    0     0    64 1094  961 13  4 83  0  0
 7  0      0 2170864 130740 13098448    0    0     0 37448 2628 1394 48 11 41  1  0
 6  0      0 1975628 130744 13291004    0    0     0 48300 3438 1957 65 13 21  1  0
 4  0      0 1931896 130744 13331668    0    0    88 266352 4925 3710 18  7 33 42  0
 2  0      0 2246968 130752 13022048    0    0     0 22592 1849 1317 20  6 73  1  0
 2  0      0 2194048 130752 13074324    0    0     0     0 1413 1020 21  6 73  0  0
 3  0      0 2144656 130756 13128164    0    0    88 66060 2086 1317 21  5 72  2  0
 2  0      0 2148312 130756 13137464    0    0    36 96972 2709 1524 24  7 67  2  0
 2  0      0 2288148 130760 12995896    0    0     0 31528 1795 1264 19  6 74  1  0
 2  0      0 2235492 130760 13048588    0    0     0     0 1343  952 20  6 74  0  0
 2  0      0 2191684 130760 13091160    0    0     0 66012 1948 1251 18  6 74  2  0
 2  0      0 2139268 130760 13143136    0    0     0   148 1442 1007 20  6 74  0  0
 3  0      0 2087620 130760 13193808    0    0     0 65992 2048 1375 19  6 73  2  0
 2  0      0 2062028 130768 13213040    0    0     0 97028 2699 1556 24  7 67  2  0
 1  0      0 2277268 130768 12994472    0    0     0 25352 1619 1154 16  5 78  1  0
 1  0      0 2265188 130768 13005508    0    0     0     0 1126  976 11  3 86  0  0
 1  0      0 2254380 130768 13015812    0    0     0     0 1113  973 10  4 86  0  0
 1  0      0 2243040 130768 13027216    0    0     0     0 1116  965 11  3 86  0  0
 2  0      0 2214312 130768 13057084    0    0     0   112 1182  925 14  4 82  0  0
 1  0      0 2250996 130776 13018628    0    0     0 31068 1539 1080 13  4 82  1  0
procs -----------memory---------- ---swap-- -----io---- -system-- ------cpu-----
 r  b   swpd   free   buff  cache   si   so    bi    bo   in   cs us sy id wa st
 1  0      0 2239180 130776 13030596    0    0     0     0 1065  941 11  3 86  0  0
 1  0      0 2228360 130776 13041924    0    0     0   296 1177  966 10  3 86  0  0
 1  0      0 2216360 130776 13052964    0    0     0     0 1117  998 10  3 86  0  0
 1  0      0 2205544 130776 13063684    0    0     0     0 1077  928 10  3 87  0  0
 7  0      0 2223372 130776 13056148    0    0     0 31040 1846 1291 22  6 71  1  0
 6  0      0 2016268 130780 13268664    0    0     0  5624 2274 1013 64 13 23  0  0
 1  5      0 1878276 130784 13400612    0    0     0 237228 5067 3069 40 11 24 25  0
 2  0      0 2181896 130792 13102652    0    0     0 84644 2888 2062 17  7 70  6  0
 2  0      0 2129508 130800 13154040    0    0     0 66056 2174 1270 18  6 74  2  0
 2  0      0 2073816 130800 13208104    0    0     0     0 1312  984 22  4 74  0  0
 2  0      0 2054352 130812 13225724    0    0     0 97008 2702 1724 25  7 65  3  0
 2  0      0 2000676 130812 13277984    0    0     0     0 1329  981 20  6 74  0  0
 2  0      0 1957588 130812 13321368    0    0     0 65972 2141 1372 19  5 73  2  0
 2  0      0 2083052 130812 13192692    0    0     0 63544 2073 1289 18  6 73  2  0
 3  0      0 2154628 130812 13122048    0    0     0    20 1362  984 21  5 73  0  0
 2  0      0 2107252 130812 13166892    0    0     0 66048 2002 1276 18  6 74  2  0
 2  0      0 2094676 130812 13184580    0    0     0 31008 1838 1263 27  7 65  1  0
 2  0      0 2045816 130812 13232300    0    0     0 65964 2001 1313 19  6 73  2  0
 2  0      0 1994664 130812 13282164    0    0     0     0 1360 1001 20  6 74  0  0
 2  0      0 1953084 130812 13323212    0    0     0 65984 1998 1283 18  6 74  2  0
 2  0      0 1900236 130812 13375072    0    0     0     0 1264  905 21  5 74  0  0
procs -----------memory---------- ---swap-- -----io---- -system-- ------cpu-----
 r  b   swpd   free   buff  cache   si   so    bi    bo   in   cs us sy id wa st
 2  0      0 1853940 130812 13420116    0    0     0 65980 1933 1234 18  6 74  2  0
 2  0      0 2136264 130816 13128376    0    0     0 39020 1704 1236 18  6 75  1  0
 1  0      0 2174596 130820 13081876    0    0     0 31096 1325 1079 12  4 83  1  0
 2  0      0 2161772 130820 13092608    0    0  1666     4 1879 1980 11  4 85  0  0
 1  0      0 2148696 130820 13102704    0    0  1667     0 1972 1936 11  4 86  0  0
 1  0      0 2138964 130820 13111520    0    0     0     0 1001  900 11  3 86  0  1
 1  0      0 2129448 130820 13121080    0    0     0     0 1024  947 10  3 86  0  0
 2  0      0 2115896 130824 13140392    0    0     0    52 1105  918 13  4 84  0  0
 6  0      0 2090816 130828 13188708    0    0     0 31076 2058 1150 39  8 51  1  0
 5  1      0 1873872 130828 13400488    0    0     0  5124 2119  876 62 14 24  0  0
 2  0      0 2141896 130840 13129728    0    0     0 312628 5637 3802 20  9 48 22  0
 2  0      0 2086008 130840 13184676    0    0     0     0 1268  921 20  6 74  0  0
 2  0      0 2038884 130844 13230584    0    0     0 66072 2080 1281 19  5 74  3  0
 3  0      0 1970144 130844 13295292    0    0     0     0 1838 1518 25  7 68  0  0
 1  0      0 2139308 130844 13113672    0    0     0 110820 3325 2140 17  6 72  3  0
 1  0      0 2127216 130844 13124216    0    0     0     0 1946 1719 14  5 81  0  0
 1  0      0 2116148 130844 13135496    0    0     0     0 1150 1040 11  3 86  0  0
 1  0      0 2103048 130844 13146456    0    0     0     0 1262 1146 11  4 86  0  0
 2  0      0 2089004 130844 13157216    0    0     0     4 1435 1304 13  4 83  0  0
 2  0      0 2061032 130852 13187836    0    0     0   128 1206 1017 14  4 81  0  0
 1  0      0 2098700 130856 13147452    0    0     0 30984 1723 1349 13  4 81  1  0
procs -----------memory---------- ---swap-- -----io---- -system-- ------cpu-----
 r  b   swpd   free   buff  cache   si   so    bi    bo   in   cs us sy id wa st
 1  0      0 2088872 130856 13157872    0    0     0     0 1117 1026 11  3 86  0  0
 1  0      0 2079804 130856 13168556    0    0     0     0 1264 1296 10  4 86  0  0
 1  0      0 2068020 130856 13178688    0    0     0     4 1374 1191 13  5 83  0  0
 1  0      0 2057976 130856 13188632    0    0     0     0 1179 1048 11  4 86  0  0
 2  0      0 2036840 130860 13213056    0    0     0    60 1338 1213 14  4 82  0  0
 1  0      0 2078284 130860 13178448    0    0     0 30988 1656 1421 14  5 80  1  0
 1  0      0 2069264 130860 13187772    0    0     0     0 1217 1115 11  4 86  0  0
 2  0      0 2057472 130860 13198176    0    0     0     0 1246 1211 11  4 85  0  0
 1  0      0 2050712 130860 13208168    0    0     0     0 1417 1197 13  4 83  0  0
 1  0      0 2040416 130860 13217808    0    0     0     0 1155 1058 10  4 86  0  0
 2  0      0 2026844 130860 13233324    0    0     0    60 1268 1131 12  4 84  0  0
 7  0      0 1977116 130868 13287100    0    0    16 30992 2407 1430 40  8 50  1  0
 6  1      0 1755980 130868 13501216    0    0     0 31456 2624 1102 72 15 12  1  1
 1  5      0 1647680 130868 13605132    0    0     0 233352 4886 3182 41 10 19 28  1
 2  0      0 2007740 130880 13251428    0    0     0 106584 3540 2949 17  6 62 14  0
 1  1      0 1952996 130880 13304508    0    0     0 27660 1860 1306 20  6 73  1  0
 2  0      0 1900328 130880 13356836    0    0     0 38636 1832 1100 20  5 73  1  0
 2  0      0 1891976 130884 13371828    0    0     0 97016 2650 1458 24  7 65  4  0
 1  1      0 1836288 130884 13426728    0    0     0  7308 1360 1021 20  6 74  0  0
12  0      0 2001100 130884 13261584    0    0     0 44668 1817 1243 20  5 74  1  0
 2  0      0 1953980 130884 13308216    0    0     0 66028 2080 1334 19  5 73  2  0
procs -----------memory---------- ---swap-- -----io---- -system-- ------cpu-----
 r  b   swpd   free   buff  cache   si   so    bi    bo   in   cs us sy id wa st
 2  0      0 1900304 130884 13362620    0    0     0     0 1233  920 22  5 74  0  0
 3  0      0 1849148 130888 13411236    0    0     0 65980 2057 1299 19  6 73  2  0
 2  0      0 1821528 130892 13432248    0    0     0 31052 1948 1315 28  6 66  1  0
 2  0      0 1774152 130896 13480212    0    0     0 66272 1942 1228 17  7 74  2  0
 2  0      0 1723436 130896 13529520    0    0     0 65984 1963 1242 19  6 73  2  0
 1  0      0 2009436 130896 13237120    0    0     0 24580 1543 1153 15  5 79  1  0
 1  0      0 1999860 130896 13247520    0    0     0     0 1030  943 10  4 87  0  0
 2  0      0 1987568 130896 13261104    0    0     0     8 1149  992 12  3 85  0  0
 1  0      0 2020888 130896 13236144    0    0    56 31076 1558 1138 16  5 77  1  0
 1  0      0 2011648 130896 13245624    0    0     0     0 1066  975 10  3 86  0  0
 1  0      0 2001600 130896 13255524    0    0     0     0 1043  926 11  3 86  0  0
 1  0      0 1991800 130896 13265088    0    0     0     0 1108 1001 10  4 86  0  0
 1  0      0 1982980 130896 13273708    0    0     0     0 1044  945 11  3 86  0  1
 1  0      0 1973992 130900 13282704    0    0     0    60 1054  934 10  3 86  0  0
 3  0      0 1940052 130900 13317204    0    0     0     0 1215  939 16  4 80  0  0
 8  0      0 1872856 130904 13384748    0    0     0 30988 2309 1137 53 11 32  1  3
 6  1      0 1668824 130904 13587360    0    0     0 24356 2463 1001 70 14 14  1  1
 2  0      0 1612332 130920 13638544    0    0     0 345628 5607 3830 29  8 38 24  1
 2  0      0 1935412 130920 13322228    0    0     0     0 1475 1003 20  7 74  0  0
 2  0      0 1889808 130920 13367208    0    0     0 66068 2031 1276 19  5 73  2  0
 2  0      0 1836132 130920 13420856    0    0     0     0 1316  951 21  5 74  0  0
procs -----------memory---------- ---swap-- -----io---- -system-- ------cpu-----
 r  b   swpd   free   buff  cache   si   so    bi    bo   in   cs us sy id wa st
 2  0      0 1828288 130924 13434568    0    0  1666 97000 3544 2798 24  8 64  4  0
 2  0      0 1973820 130924 13286356    0    0  1667 30860 2631 2104 20  6 73  1  0
 2  0      0 1922160 130924 13338012    0    0     0     0 1410  990 20  6 74  0  0
 2  0      0 1877340 130924 13382116    0    0     0 66024 2093 1380 19  5 73  2  0
 1  1      0 1824924 130924 13435060    0    0     0  2040 1329  934 21  5 74  0  0
 2  0      0 1776540 130924 13483368    0    0     0 63940 2066 1351 20  5 74  2  0
 2  0      0 1750488 130940 13499412    0    0     0 97028 2776 1662 24  7 65  3  0
 3  0      0 1692792 130940 13555764    0    0     0     0 1373 1005 20  6 74  0  0
 2  0      0 1649748 130944 13597572    0    0     0 65996 2079 1263 18  6 73  2  0
 1  0      0 1955812 130944 13287980    0    0     0 31704 1594 1173 15  6 78  2  0
 1  0      0 1945256 130944 13297960    0    0     0     0 1080 1003 11  3 86  0  0
 1  0      0 1935932 130944 13306468    0    0     0   140 1192 1038 10  4 86  0  0
 2  0      0 1899896 130944 13342860    0    0     0     0 1219 1004 16  4 80  0  0
 1  0      0 1955056 130952 13296988    0    0     0 31292 1519 1152 11  4 83  1  0
 2  0      0 1944472 130952 13307176    0    0     0     0 1083  949 10  3 86  0  0
 1  0      0 1934672 130952 13317084    0    0     0     0 1106  977 11  3 86  0  0
 1  0      0 1923300 130952 13328020    0    0     0     0 1168  988 11  3 86  0  0
 2  0      0 1912516 130952 13338556    0    0     0     8 1131  989 10  3 86  0  0
 1  1      0 1859860 130960 13381596    0    0     0 14368 1410 1099 17  4 78  1  0
 7  0      0 1726944 130960 13528164    0    0     0 16696 2570 1119 68 14 17  1  0
 3  4      0 1552424 130964 13697620    0    0     0 131360 3365 1601 59 12 22  6  1
procs -----------memory---------- ---swap-- -----io---- -system-- ------cpu-----
 r  b   swpd   free   buff  cache   si   so    bi    bo   in   cs us sy id wa st
 2  0      0 1907504 130988 13350848    0    0    20 230244 5566 3643 16  7 60 18  0
 2  0      0 1854360 130988 13403176    0    0     0     0 1380  984 22  4 74  0  0
 2  0      0 1816112 130988 13440864    0    0     0 66056 1991 1280 17  6 73  3  0
 2  0      0 1764956 130988 13491512    0    0     0     0 1327  908 21  5 74  0  1
 2  0      0 1761768 130988 13503260    0    0     0 97000 2582 1692 26  6 65  3  0
 3  0      0 1711120 130988 13552864    0    0     0     0 1348  983 21  5 74  0  0
 2  0      0 1666264 130992 13598832    0    0     0 65976 2032 1313 18  6 74  2  0
 2  0      0 1919532 130992 13349912    0    0     0 57384 2054 1342 18  6 74  2  0
 2  0      0 1863844 130992 13405076    0    0     0     0 1325  906 20  6 74  0  0
 2  0      0 1815460 130996 13451308    0    0     0 66032 2076 1282 18  6 74  2  0
 1  1      0 1779652 131000 13476156    0    0     0 71788 2356 1360 26  8 65  2  0
 2  0      0 1725224 131000 13529488    0    0     0 25192 1750 1243 20  5 74  1  0
 2  0      0 1677124 131000 13577780    0    0     0 65976 2140 1241 18  6 74  2  0
 1  0      0 1910444 131000 13341176    0    0     0 44820 1762 1213 18  6 74  1  0
 1  0      0 1898856 131000 13352336    0    0     0     0 1115 1006 10  3 87  0  0
 2  0      0 1888272 131000 13367652    0    0     0     0 1122  970 12  3 85  0  0
 1  0      0 1923236 131004 13342176    0    0     0 31072 1972 1510 18  5 75  1  0
 1  0      0 1912684 131004 13352176    0    0     0     0 1330 1198 10  4 86  0  0
 2  0      0 1902104 131004 13361812    0    0     0     0 1223 1064 10  4 86  0  0
 1  0      0 1890820 131004 13372884    0    0     0     0 1326 1203 10  4 86  0  0
 2  0      0 1880492 131004 13383452    0    0     0     0 1151 1001 11  3 86  0  0
procs -----------memory---------- ---swap-- -----io---- -system-- ------cpu-----
 r  b   swpd   free   buff  cache   si   so    bi    bo   in   cs us sy id wa st
 3  0      0 1865696 131004 13400272    0    0     0    72 1464 1313 15  5 81  0  0
 7  0      0 1796264 131012 13463184    0    0     0 31204 2431 1276 42 10 47  1  0
 6  0      0 1596728 131012 13662832    0    0     0 24096 2569 1134 67 12 21  1  0
 1  3      0 1511912 131012 13747256    0    0     0 291452 5136 3410 30  8 27 34  0
 2  0      0 1837396 131036 13422176    0    0    36 30724 2046 1667 19  6 71  3  0
 1  1      0 1792036 131036 13468660    0    0     0 14452 1408  983 21  5 74  0  0
 2  0      0 1745472 131040 13510840    0    0     0 51720 2100 1465 22  7 69  2  0
 2  1      0 1668108 131040 13586388    0    0     0 65576 2114 1140 25  7 67  2  0
 2  0      0 1682560 131044 13577396    0    0     0 31480 1883 1204 20  6 73  1  0
 2  0      0 1634460 131044 13625840    0    0     0 65972 1912 1252 18  5 74  2  0
 2  0      0 1854612 131044 13405088    0    0     0 26992 1641 1121 19  7 73  1  0
 2  0      0 1798972 131044 13460476    0    0     0     0 1515 1150 23  7 70  0  0
 2  0      0 1751876 131048 13508232    0    0     0 66020 1996 1289 19  5 74  2  0
 2  1      0 1668468 131048 13587188    0    0     0 90560 2394 1415 25  7 66  3  0
 2  0      0 1671824 131048 13578844    0    0     0  6420 1467 1051 21  5 73  0  0
 3  0      0 1622252 131052 13626828    0    0     0 65968 2023 1239 18  6 74  2  0
 2  0      0 1569920 131052 13678536    0    0     0     0 1634 1278 23  7 70  0  0
 2  0      0 1524116 131056 13723708    0    0     0 65984 2099 1302 19  6 74  2  0
 2  0      0 1607748 131068 13634672    0    0     0 62580 2276 1574 18  7 74  2  0
 1  1      0 1792000 131068 13448464    0    0  3333 29704 2988 2757 17  6 76  1  0
 1  0      0 1841044 131080 13396128    0    0     0  1352 1249 1090 10  4 86  0  0
procs -----------memory---------- ---swap-- -----io---- -system-- ------cpu-----
 r  b   swpd   free   buff  cache   si   so    bi    bo   in   cs us sy id wa st
 1  0      0 1830276 131080 13407128    0    0     0     4 1105  975 10  4 86  0  0
 1  0      0 1819200 131080 13417840    0    0     0     0 1029  936 10  3 86  0  0
 1  0      0 1809188 131080 13428692    0    0     0     0 1046  934 10  3 86  0  0
 1  0      0 1798896 131080 13439308    0    0     0     0 1035  920 11  4 86  0  0
 7  0      0 1808216 131084 13460480    0    0     0 31036 1966 1215 30  7 62  1  0
 6  0      0 1588232 131084 13674820    0    0     0  9892 2270 1042 63 14 23  0  0
 1  5      0 1484012 131084 13776380    0    0     0 275904 6179 3607 34  9 24 33  0
 2  0      0 1786768 131100 13476016    0    0     0 46508 2703 2086 19  7 71  3  0
 1  1      0 1743424 131100 13518856    0    0     0 33792 1440 1083 19  5 74  2  0
 2  0      0 1703608 131108 13558644    0    0     0 32268 1477 1062 19  5 73  2  0
 2  1      0 1618936 131108 13633816    0    0     0 16368 1569 1010 27  7 65  1  0
 2  0      0 1634676 131116 13613216    0    0     0 80864 2218 1735 18  7 70  5  0
 2  0      0 1583792 131120 13664764    0    0     0 65988 2072 1324 19  6 74  2  0
 2  0      0 1772772 131128 13476284    0    0     0  4556 1416 1052 20  6 74  0  0
 2  0      0 1721868 131128 13527272    0    0     0 66020 2104 1261 19  6 73  2  0
 3  0      0 1666188 131128 13582624    0    0     0    96 1328  955 19  8 73  0  0
 2  0      0 1658212 131140 13600084    0    0     0 97016 2647 1518 25  7 65  2  0
 1  1      0 1607092 131140 13651000    0    0     0 51188 1832 1123 19  5 74  2  0
 3  0      0 1556756 131140 13702324    0    0     0 14780 1540 1117 21  5 74  0  0
 2  0      0 1507204 131140 13750208    0    0     0 65984 2056 1280 19  5 74  2  0
 2  0      0 1451336 131140 13804908    0    0     0     4 1409 1011 20  6 74  0  0
procs -----------memory---------- ---swap-- -----io---- -system-- ------cpu-----
 r  b   swpd   free   buff  cache   si   so    bi    bo   in   cs us sy id wa st
 1  0      0 1809248 131144 13450920    0    0     0 65116 1812 1321 13  5 81  1  0
 1  0      0 1814580 131148 13431200    0    0     0 31052 1550 1108 16  4 78  1  0
 1  0      0 1803020 131148 13442600    0    0     0     0 1067  973 10  4 86  0  0
 1  0      0 1792720 131148 13453936    0    0     0     0 1021  929 10  4 86  0  0
 1  0      0 1782136 131148 13465016    0    0     0     4 1116  998  9  5 86  0  0
 1  0      0 1770796 131148 13476044    0    0     0     0  985  860 10  3 86  0  0
 2  0      0 1751644 131148 13499044    0    0     0    56 1113  961 13  4 83  0  0
 6  0      0 1685964 131156 13582572    0    0     0 30992 2215 1088 46 10 44  1  0
 5  0      0 1490136 131168 13776340    0    0     0 105220 3418 1546 57 13 27  3  0
 2  0      0 1774256 131176 13492968    0    0     0 203960 3960 2494 17  7 61 14  0
 2  0      0 1725648 131176 13541308    0    0     0     0 1307  910 20  6 73  0  0
 2  0      0 1681304 131180 13583824    0    0     0 66120 1945 1221 18  6 73  3  0
 3  0      0 1626620 131180 13636320    0    0     0     0 1371 1011 22  5 73  0  0
 2  0      0 1603212 131184 13651160    0    0     0 97020 2506 1538 25  7 66  3  0
 2  0      0 1553320 131184 13701052    0    0     0 65936 2175 1334 18  6 73  2  0
 3  0      0 1771884 131184 13478416    0    0     0 23408 1472 1083 15  5 79  1  0
 1  0      0 1761048 131184 13489260    0    0     0     0 1004  912 10  4 86  0  0
 1  0      0 1750728 131184 13499804    0    0     0     0 1059  931 10  4 86  0  0
 7  0      0 1720040 131184 13530852    0    0     0     0 1128  930 14  4 82  0  0
 1  0      0 1768424 131184 13491508    0    0     0 31032 1556 1161 13  4 82  1  0
 2  0      0 1757840 131184 13502496    0    0     0     4 1042  893 10  3 86  0  0
procs -----------memory---------- ---swap-- -----io---- -system-- ------cpu-----
 r  b   swpd   free   buff  cache   si   so    bi    bo   in   cs us sy id wa st
 1  0      0 1746788 131184 13513196    0    0     0     0 1019  910 11  3 86  0  0
 1  0      0 1735952 131184 13523596    0    0     0   292 1089  951 10  3 86  0  0
 1  0      0 1725620 131184 13534252    0    0     0     0 1080  955 10  4 86  0  0
 2  0      0 1681044 131188 13570904    0    0     0    56 1250  988 16  4 79  0  0
 1  0      0 1724980 131192 13523984    0    0     0 30984 1464 1162 11  4 84  1  0
 1  0      0 1714932 131192 13533436    0    0     0     0 1041  935 10  3 86  0  0
 1  0      0 1704908 131192 13543352    0    0     0     0 1021  922 11  3 86  0  0
 2  0      0 1694576 131192 13553252    0    0     0     0 1041  925 10  4 86  0  0
 1  0      0 1684244 131192 13563184    0    0     0     0 1053  935 11  3 86  0  0
 2  0      0 1661060 131192 13587060    0    0     0   160 1096  892 13  4 83  0  0
 8  0      0 1590896 131192 13679056    0    0     0 31008 2364 1131 52 10 37  1  0
 5  1      0 1376308 131192 13890268    0    0     0 84400 2984 1142 68 15 13  3  1
 2  0      0 1705020 131204 13562316    0    0     0 284240 4910 3668 24  9 36 30  0
 2  0      0 1659356 131204 13610556    0    0     0     0 1268  929 21  5 74  0  0
 3  0      0 1616292 131204 13653276    0    0     0 66052 1838 1126 19  5 74  2  0
 2  0      0 1565920 131204 13703660    0    0     0     0 1202  864 21  6 74  0  0
 2  0      0 1540120 131204 13711824    0    0  1666 96980 3225 2382 26  7 63  3  0
 2  0      0 1489052 131204 13760920    0    0  1667     0 2038 1942 21  6 73  0  1
 2  0      0 1448480 131204 13801600    0    0     0 65968 1865 1190 19  5 73  3  0
 2  0      0 1668944 131204 13581432    0    0     0 24860 1496 1119 20  5 74  1  0
 2  0      0 1610736 131204 13638308    0    0     0     0 1199  860 20  7 74  0  0
procs -----------memory---------- ---swap-- -----io---- -system-- ------cpu-----
 r  b   swpd   free   buff  cache   si   so    bi    bo   in   cs us sy id wa st
 2  0      0 1565432 131204 13685388    0    0     0 66036 1953 1180 18  6 74  2  0
 2  0      0 1555688 131204 13702860    0    0     0 96984 2538 1440 24  7 66  3  0
 2  0      0 1496988 131204 13761452    0    0     0     0 1232  896 20  6 74  0  0
 1  0      0 1701128 131208 13555132    0    0     0 81452 2096 1309 18  6 74  3  0
 1  0      0 1690284 131208 13565040    0    0     0     0  980  903 10  4 86  0  0
 1  0      0 1679952 131208 13575236    0    0     0     0  950  886 11  3 86  0  0
 1  0      0 1669424 131208 13585232    0    0     0     0  942  897 11  3 86  0  0
 1  0      0 1679972 131212 13565324    0    0     0 31064 1569 1089 16  5 78  1  0
 1  0      0 1668160 131212 13576260    0    0     0     8  940  865 10  3 86  0  0
 1  0      0 1658084 131212 13586676    0    0     0    36  949  890 10  3 86  0  0
 1  0      0 1647752 131212 13596632    0    0     0     0  985  866 10  4 86  0  0
 1  0      0 1637676 131212 13606396    0    0     0     0  940  859 11  3 86  0  0
 1  0      0 1626840 131212 13616220    0    0     0   380  993  899 11  3 86  0  0
 1  1      0 1589796 131212 13657944    0    0     0 24496 1297  973 17  5 76  2  0
 7  0      0 1489872 131220 13779144    0    0     0  6524 2302  969 68 13 18  1  0
 3  3      0 1281032 131220 13978744    0    0     0 72832 2720 1198 65 13 20  3  0
 1  0      0 1670044 131228 13602516    0    0     0 306024 5411 4208 12  6 43 39  0
 1  0      0 1623452 131228 13646888    0    0    32     0 1038  965 11  2 86  0  0
 1  0      0 1584672 131232 13684300    0    0     0 66068 1137 1155  9  2 86  2  0
 0  1      0 1538304 131232 13727840    0    0     0 30728 1050 1035 10  3 86  1  0
 1  0      0 1500000 131236 13767400    0    0     0 35260 1122 1067 10  3 86  1  0
procs -----------memory---------- ---swap-- -----io---- -system-- ------cpu-----
 r  b   swpd   free   buff  cache   si   so    bi    bo   in   cs us sy id wa st
 1  0      0 1462456 131236 13804560    0    0     0 65976 1273 1271  9  2 86  2  0
 1  0      0 1411860 131236 13852908    0    0     0     0  943  899 11  2 87  0  0
 1  0      0 1371052 131236 13894588    0    0     0 65980 1638 1159  9  3 86  2  0
 1  0      0 1694848 131244 13573328    0    0     0 52500 1553 1195  9  3 87  2  0
 1  0      0 1645708 131244 13620520    0    0     0     0 1023  891 11  3 86  0  0
 1  0      0 1610428 131244 13655316    0    0     0 66028 1538 1202  8  3 86  3  0
 1  0      0 1570612 131248 13694588    0    0     0 65984 1775 1153  9  2 86  2  0
 1  0      0 1524748 131248 13739568    0    0     0     0  952  872 11  2 86  0  0
 1  0      0 1486696 131252 13778052    0    0     0 65984 1712 1231  9  2 86  2  0
 0  1      0 1440580 131252 13823824    0    0     0  8192  959  869 11  3 86  0  0
 1  0      0 1404544 131256 13860556    0    0     0 57788 1716 1214  9  3 86  2  0
 4  0      0 1728816 131260 13532548    0    0     0 61852 1840 1256 11  4 82  2  0
 4  0      0 1551752 131260 13707272    0    0    36     0 1693  891 42  9 49  0  0
 9  0      0 1744776 131268 13516016    0    0     0 249864 4346 2824 17  5 63 15  0
 9  0      0 1452528 131268 13810416    0    0     0     0 2407  857 85 15  0  0  0
 0  8      0 1197112 131268 14054224    0    0     0 115596 3678 1655 75 14  2  9  1
 8  0      0 1167996 131272 14092532    0    0     0 412264 8872 6297 13  5 26 56  1
11  0      0 895748 131272 14354796    0    0     0     0 2383  871 85 14  1  0  0
 0  7      0 653416 131280 14589948    0    0     0 150716 3769 1718 70 12  6 12  0
 3  2      0 657972 131288 14594856    0    0    36 346124 7177 5189  2  3 35 59  0
11  0      0 1706440 131300 13553208    0    0     0 52200 2639 1711 43 11 43  2  0
procs -----------memory---------- ---swap-- -----io---- -system-- ------cpu-----
 r  b   swpd   free   buff  cache   si   so    bi    bo   in   cs us sy id wa st
 8  0      0 1426220 131300 13824284    0    0     0     0 2374  835 87 13  0  0  0
 0  8      0 1269756 131300 13973808    0    0     0 297796 7503 4795 39  9  9 42  1
11  0      0 1114272 131312 14145616    0    0     0 230456 6491 3665 52 10 18 20  0
 4  4      0 818988 131312 14428572    0    0     0 55044 2891 1212 79 15  3  3  0
 1  0      0 1656500 131324 13593856    0    0     0 403092 8217 5892  4  4 44 48  0
