procs -----------memory---------- ---swap-- -----io---- -system-- ------cpu-----
 r  b   swpd   free   buff  cache   si   so    bi    bo   in   cs us sy id wa st
 0  1      0 3676288 128416 11760820    0    0    25  1818  169  149 13  3 82  1  1
 2  0      0 3675704 128416 11760716    0    0   188     0  723  927  0  1 99  0  0
 1  0      0 3648992 128604 11772956    0    0   228   960 1801 1790  9  5 86  0  0
 1  0      0 3622784 128604 11784696    0    0     0  8288 1259 1229 10  4 86  0  0
 1  0      0 3599852 128604 11795764    0    0     0     0 1017  968 10  3 86  0  0
 1  0      0 3576948 128604 11806804    0    0     0     4  996  904 11  3 86  0  0
 2  0      0 3555028 128604 11817384    0    0     0     0 1013  962 10  3 87  0  0
 3  0      0 3499856 128608 11855744    0    0   547   348 1869 1548 14  6 80  0  0
 1  0      0 3593776 128612 11809648    0    0  1671 30936 2525 2244 12  5 83  1  0
 1  0      0 3567616 128612 11820732    0    0  1119     0 1469 1565 10  4 86  0  0
 1  0      0 3544716 128612 11831612    0    0     0     0  926  913 11  3 86  0  0
 1  0      0 3521584 128612 11842688    0    0     0     0  914  861 10  4 86  0  0
 1  0      0 3498908 128612 11853152    0    0     0     0  992  943 10  3 86  0  0
 1  0      0 3516420 128620 11833168    0    0     0 31108 1516 1074 16  5 77  1  0
 1  0      0 3504568 128620 11844288    0    0     0     0  952  874 10  3 86  0  0
 1  0      0 3494280 128620 11855556    0    0     0     0  981  900 10  4 86  0  0
 1  0      0 3483176 128620 11866172    0    0     0     0  944  884 11  3 86  0  0
 1  0      0 3472620 128620 11876660    0    0     0     0  973  892 11  3 86  0  0
 2  0      0 3462288 128620 11886296    0    0     0    48 1052  945 10  4 86  0  0
 1  0      0 3478280 128628 11865164    0    0     0 31012 1609 1081 17  6 76  1  1
 1  0      0 3466980 128628 11875504    0    0     0     0 1064  952 10  4 86  0  0
procs -----------memory---------- ---swap-- -----io---- -system-- ------cpu-----
 r  b   swpd   free   buff  cache   si   so    bi    bo   in   cs us sy id wa st
 1  0      0 3456668 128628 11885772    0    0     0     0  978  893 11  3 86  0  0
 1  0      0 3445888 128628 11896380    0    0     0     0  996  913 11  3 86  0  0
 1  0      0 3436312 128628 11906188    0    0     0     0  989  917 10  3 86  0  0
 1  0      0 3424528 128628 11916852    0    0     0    96 1038  969 10  4 87  0  0
 3  0      0 3436328 128636 11912716    0    0     0 30960 1647 1056 21  6 72  1  0
 3  0      0 3347064 128636 11997932    0    0     0     0 1488  908 31  7 61  0  0
 1  0      0 3434724 128648 11907244    0    0     0 114012 2406 1478 16  6 75  3  0
 1  0      0 3422912 128648 11917848    0    0     0     0 1033  931 10  3 86  0  0
 2  0      0 3412584 128648 11928132    0    0     0     0 1016  898 10  4 86  0  0
 1  0      0 3401500 128648 11938528    0    0     0     8  979  908 10  3 86  0  0
 1  0      0 3428596 128656 11918728    0    0     0 31000 1581 1105 17  5 77  1  0
 1  0      0 3416784 128656 11929532    0    0     0     0 1051  955 11  3 86  0  0
 1  0      0 3405472 128656 11940684    0    0     0     0 1033  929 10  3 86  0  0
 1  0      0 3394412 128656 11951908    0    0     4    20 1021  938 10  4 86  0  0
 1  0      0 3383076 128656 11962880    0    0     0     0 1052  946 10  4 86  0  0
 2  0      0 3371736 128660 11980084    0    0     0   116 1119  970 11  5 84  0  0
 1  0      0 3388968 128668 11953144    0    0     0 30956 1609 1103 15  5 80  1  0
 1  0      0 3377660 128668 11963556    0    0     0     0 1046  933 10  4 86  0  0
 1  0      0 3366572 128668 11973728    0    0     0    60 1015  908 10  4 86  0  0
 1  0      0 3356744 128668 11984140    0    0     0     0  994  942 11  3 86  0  0
 1  0      0 3346664 128668 11993948    0    0     0     0  991  872 10  3 86  0  1
procs -----------memory---------- ---swap-- -----io---- -system-- ------cpu-----
 r  b   swpd   free   buff  cache   si   so    bi    bo   in   cs us sy id wa st
 2  0      0 3328268 128668 12013680    0    0     0   184 1079  941 12  4 84  0  0
 1  0      0 3368448 128668 11984812    0    0     0 30968 1528 1088 14  5 80  1  0
 1  0      0 3356388 128668 11996100    0    0     0     4 1018  932 11  3 86  0  0
 1  0      0 3344292 128668 12007892    0    0     0     0  992  903 10  3 86  0  0
 1  0      0 3332700 128668 12019216    0    0     0     0 1003  912 10  3 86  0  0
 1  0      0 3321864 128668 12029700    0    0     0     0  959  902 10  4 86  0  0
 1  1      0 3268692 128668 12073352    0    0     0 14464 1318 1025 16  4 79  0  0
 3  0      0 3260272 128684 12078656    0    0     0 16604 1697 1079 30  8 62  0  0
 3  0      0 3184456 128684 12150760    0    0     0     0 1555  970 32  6 61  0  1
 3  0      0 3132292 128692 12207056    0    0     0 131972 3069 1763 26  6 61  7  0
 1  2      0 3058708 128692 12277312    0    0     0 49140 2131 1281 28  7 61  3  1
 1  0      0 3291516 128708 12045392    0    0     0 42708 1703 1247 11  4 83  3  0
 2  0      0 3269340 128708 12069340    0    0     0    28 1135  937 13  4 83  0  0
 1  0      0 3310024 128716 12035312    0    0     0 31052 1589 1144 13  4 81  1  0
 7  1      0 3287460 128720 12049284    0    0  3076    68 4494 1795 14  5 80  0  0
 1  0      0 3265300 128732 12062116    0    0  1468    52 5394 2602 18  6 76  0  0
 2  0      0 3254988 128732 12073600    0    0     0    84 1668 1458 11  4 85  0  0
 1  0      0 3244960 128732 12084016    0    0     0     0 1149 1005 11  3 86  0  0
 1  1      0 3197108 128732 12127460    0    0     0 27784 1530 1119 16  5 78  1  0
 1  0      0 3245916 128740 12075768    0    0     0  3316 1428 1219 10  4 86  0  0
 1  0      0 3231340 128740 12086392    0    0     0     0 2195 1759 13  5 81  0  0
procs -----------memory---------- ---swap-- -----io---- -system-- ------cpu-----
 r  b   swpd   free   buff  cache   si   so    bi    bo   in   cs us sy id wa st
 1  0      0 3220512 128740 12097512    0    0     0     0 1435 1276 11  4 86  0  0
 1  0      0 3208460 128740 12108532    0    0     0     0 1310 1201 10  4 86  0  0
 2  0      0 3196868 128740 12122036    0    0     0    28 1358 1225 11  3 86  0  0
 1  0      0 3224732 128756 12101576    0    0     0 31116 1881 1366 16  5 78  1  0
 1  0      0 3215160 128756 12112808    0    0     0     0 1689 1284 13  5 82  0  0
 1  0      0 3203948 128756 12123576    0    0  1666     0 2136 2045 11  4 85  0  0
 1  0      0 3191192 128756 12134096    0    0  1667     0 2158 2167 12  3 85  0  0
 1  0      0 3180904 128756 12144616    0    0     0    12 1309 1264 11  3 86  0  0
 2  0      0 3153232 128756 12172068    0    0     0    76 1236 1051 14  4 82  0  0
 3  0      0 3149332 128764 12181148    0    0     0 30980 2208 1465 29  8 62  1  0
 3  0      0 3054064 128764 12273524    0    0     0     0 1798 1165 32  7 61  0  0
 3  0      0 2988796 128768 12343296    0    0     0 131932 3332 1866 26  6 61  7  0
 3  0      0 2903372 128768 12429844    0    0     0    44 1538  941 32  7 61  0  0
 4  0      0 2840876 128772 12494728    0    0     0 131996 3086 1790 25  7 62  7  0
 2  0      0 3140864 128788 12192336    0    0     0 66036 2169 1434 19  5 74  2  0
 1  0      0 3181272 128796 12149160    0    0     0 30964 1570 1119 12  4 83  1  0
 1  0      0 3169708 128796 12159744    0    0     0     0 1000  896 11  3 86  0  0
 1  0      0 3158380 128796 12171096    0    0     0    52 1090  989 11  3 86  0  0
 1  0      0 3147292 128796 12182428    0    0     0     0  988  890 10  4 86  0  0
 1  0      0 3135448 128796 12193536    0    0     0     0 1015  899 10  3 86  0  0
 1  0      0 3160540 128796 12174932    0    0     0 31128 1636 1104 16  5 79  1  0
procs -----------memory---------- ---swap-- -----io---- -system-- ------cpu-----
 r  b   swpd   free   buff  cache   si   so    bi    bo   in   cs us sy id wa st
 1  0      0 3149236 128796 12186712    0    0     0     0 1009  918 10  3 87  0  0
 1  0      0 3136924 128796 12198264    0    0     0     4 1111  939 11  3 86  0  0
 1  0      0 3125336 128796 12209640    0    0     0     0 1044  958 10  3 86  0  0
 3  0      0 3115520 128796 12219564    0    0     0     0  977  891 11  3 86  0  0
 3  0      0 3097116 128796 12239596    0    0   772    48 1111  971 12  4 84  0  0
 1  0      0 3117616 128800 12211352    0    0     0 30976 1536 1030 15  4 81  1  0
 1  0      0 3105300 128800 12222232    0    0     0     4 1053  929 10  3 86  0  0
 1  0      0 3094968 128800 12232000    0    0     0     0 1120  919 11  4 86  0  0
 1  0      0 3083628 128800 12243164    0    0     0     0 1027  946 10  3 86  0  0
 1  0      0 3071784 128800 12254448    0    0     0     0 1047  949 11  3 86  0  0
 2  0      0 3032224 128804 12293724    0    0     0    52 1120  894 15  4 81  0  0
 3  0      0 3026596 128808 12316568    0    0     0 30972 1955 1161 28  8 63  1  0
 3  0      0 2936916 128816 12405416    0    0     4 48928 2114 1177 30  7 61  1  0
 1  2      0 2845948 128816 12491676    0    0     0 77820 2341 1190 29  7 61  3  0
 1  0      0 3056196 128824 12275648    0    0     0 90992 2284 1573 10  5 81  5  0
 1  0      0 3046900 128824 12284876    0    0     0    68 1047  897 11  3 86  0  0
 1  1      0 3002044 128824 12326992    0    0     0 18468 1439 1069 16  5 78  1  0
 1  0      0 3051804 128836 12275044    0    0     4 12584 1236 1049 11  3 86  1  0
 1  0      0 3040716 128836 12286488    0    0     0     0 1052  890 11  3 86  0  0
 1  0      0 3029136 128836 12297184    0    0     0     0 1082  943 10  3 86  0  0
 1  0      0 3017824 128836 12307896    0    0     0     0 1073  932 10  3 86  0  0
procs -----------memory---------- ---swap-- -----io---- -system-- ------cpu-----
 r  b   swpd   free   buff  cache   si   so    bi    bo   in   cs us sy id wa st
 1  0      0 3007996 128836 12317612    0    0     0     0 1027  878 10  3 86  0  0
 1  0      0 3033308 128852 12297072    0    0     0 30996 1594 1168 17  4 78  1  0
 1  0      0 3020716 128852 12308968    0    0     0     0  984  875 10  4 86  0  0
 1  0      0 3008620 128852 12320464    0    0     0     0 1013  930 10  4 86  0  0
 1  0      0 2997532 128852 12331820    0    0     0     0 1045  910 10  4 86  0  0
 1  0      0 2986696 128852 12342556    0    0     0     0 1118 1042 11  3 86  0  0
 2  0      0 2971844 128856 12359168    0    0     0   112 1077  922 11  4 85  0  0
 1  0      0 2988872 128860 12333548    0    0     0 30948 1512 1056 15  5 79  1  0
 1  0      0 2978324 128860 12344600    0    0     0    52 1096  918 10  4 86  0  0
 1  0      0 2967236 128860 12355332    0    0     0     0 1007  895 10  3 87  0  0
 1  0      0 2957440 128860 12365736    0    0     0     0 1030  883 10  4 86  0  0
 1  0      0 2947360 128860 12375688    0    0     0     0  988  912 10  4 86  0  0
 2  0      0 2921908 128860 12402568    0    0     0    68 1082  898 14  4 83  0  0
 3  0      0 2913468 128860 12416464    0    0     0 30992 1838 1214 26  6 66  1  0
 3  0      0 2836348 128864 12491980    0    0    48 48180 2184 1197 30  7 61  2  0
 3  0      0 2750192 128864 12575940    0    0     0     0 1480  923 31  7 61  0  0
 2  1      0 2669048 128872 12656080    0    0     4 65728 2218 1294 30  7 61  2  0
 3  0      0 2605568 128876 12727280    0    0     0 114496 2590 1432 28  7 61  3  0
 3  0      0 2900724 128884 12430808    0    0     0 104932 2872 1731 21  6 68  5  0
 2  0      0 2872592 128888 12452368    0    0     0 30964 1749 1063 25  9 66  1  0
 2  0      0 2823984 128892 12500344    0    0     0 65972 1829 1155 19  5 74  2  0
procs -----------memory---------- ---swap-- -----io---- -system-- ------cpu-----
 r  b   swpd   free   buff  cache   si   so    bi    bo   in   cs us sy id wa st
 4  0      0 2775096 128892 12548988    0    0     0 65980 1957 1201 18  6 74  2  0
 2  0      0 2715404 128892 12609056    0    0     0   116 1171  819 21  5 74  0  0
 1  0      0 2894548 128900 12424200    0    0  1666 60600 2723 2167 12  4 81  2  0
 2  0      0 2876188 128900 12438480    0    0  1667     0 1882 1886 12  4 84  0  0
 1  0      0 2904764 128904 12414920    0    0     0 31008 1616 1129 15  5 79  1  0
 1  0      0 2892448 128904 12426500    0    0     0    16  995  880 11  3 86  0  0
 1  0      0 2882396 128904 12436916    0    0     0     0 1003  905  9  4 86  0  0
 1  0      0 2871312 128904 12447388    0    0     0    48  997  885 11  3 86  0  0
 1  0      0 2859216 128904 12458448    0    0     0     0  960  878 11  3 87  0  0
 2  0      0 2821444 128908 12495332    0    0     0    56 1077  883 15  4 81  0  0
 1  0      0 2862412 128920 12451208    0    0     0 30976 1416 1072 11  4 84  1  0
 1  0      0 2850600 128920 12462500    0    0     0     0  948  864 11  3 86  0  0
 1  0      0 2839800 128920 12473340    0    0     0     0  957  877 11  3 86  0  0
 1  0      0 2828964 128920 12484096    0    0     0     0  952  860 11  3 86  0  0
 1  0      0 2818128 128920 12494804    0    0     0     0 1012  926 11  3 86  0  0
 4  0      0 2834872 128920 12488524    0    0     0 31008 1466 1066 20  6 73  1  0
 3  0      0 2732320 128920 12589028    0    0     0     0 1570  949 31  8 61  0  0
 3  0      0 2636084 128920 12684084    0    0     0 71028 2357 1227 30  7 62  2  0
 3  0      0 2548420 128924 12774476    0    0     0 104948 1851 1390 28  8 61  2  0
 3  0      0 2792928 128932 12531792    0    0     0 108568 2545 1610 20  6 69  4  0
 3  0      0 2729424 128932 12595808    0    0     0     0 1311  930 22  6 71  0  0
procs -----------memory---------- ---swap-- -----io---- -system-- ------cpu-----
 r  b   swpd   free   buff  cache   si   so    bi    bo   in   cs us sy id wa st
 2  0      0 2734332 128944 12596292    0    0     0 97064 2367 1345 23  6 67  3  1
 2  0      0 2689536 128948 12635956    0    0     0 59252 1909 1217 19  5 74  2  0
 1  0      0 2812048 128948 12510380    0    0     0     0 1085  918 10  4 85  0  0
 1  0      0 2801716 128948 12521080    0    0     0     0  990  920 10  4 86  0  0
 2  0      0 2791384 128948 12530864    0    0     0    32 1054  884 11  3 86  0  0
 2  0      0 2778280 128948 12543776    0    0     0    48 1101  950 11  3 86  0  0
 1  0      0 2795280 128952 12521332    0    0     0 31004 1574 1139 15  5 79  1  0
 1  0      0 2783212 128952 12532344    0    0     0     0 1021  923 11  3 86  0  0
 1  0      0 2772656 128952 12543068    0    0     0     0 1035  885 10  4 86  0  0
 1  0      0 2761320 128952 12553976    0    0     0     0 1051  954 10  3 86  0  0
 1  0      0 2749980 128952 12565228    0    0     0     4 1026  873 10  4 86  0  0
 2  0      0 2714728 128956 12601100    0    0     0    60 1138  965 14  4 81  0  0
 1  0      0 2762484 128964 12557460    0    0     0 30968 1535 1094 11  4 84  1  0
 1  0      0 2750416 128964 12569204    0    0     0     0 1094 1004 10  4 86  0  0
 1  0      0 2739328 128964 12580040    0    0     0     0 1078  918 10  4 86  0  0
 1  0      0 2728240 128964 12591228    0    0     0    28 1084  957 10  4 86  0  0
 1  0      0 2715388 128964 12602832    0    0     0     4 1018  896 11  3 86  0  0
 3  0      0 2717772 128972 12605144    0    0     4 31032 1728 1188 22  6 71  1  0
 3  0      0 2612436 128972 12709776    0    0     0     0 1578  934 31  8 61  0  0
 3  0      0 2514936 128972 12803292    0    0     0 91560 2738 1442 28  8 61  2  0
 3  0      0 2429044 128980 12894348    0    0     0 117276 3053 1556 29  7 61  2  0
procs -----------memory---------- ---swap-- -----io---- -system-- ------cpu-----
 r  b   swpd   free   buff  cache   si   so    bi    bo   in   cs us sy id wa st
 2  0      0 2695976 128984 12621952    0    0     0 119336 2974 1868 23  9 63  4  0
 3  0      0 2633932 128984 12687264    0    0     0   112 1426  975 23  5 72  0  0
 2  0      0 2715860 128992 12608980    0    0     0 104436 2975 1838 23  5 68  4  0
 2  0      0 2658152 128992 12666292    0    0     0     4 1387  999 20  6 74  0  0
 2  0      0 2609768 129000 12715804    0    0     0 65996 2095 1302 18  7 74  2  0
 1  1      0 2554328 129000 12768756    0    0     0 32684 1614 1077 19  6 74  1  0
 1  0      0 2692380 129008 12630020    0    0     0 50976 1971 1375 14  5 79  1  0
 2  0      0 2652624 129008 12670220    0    0     0    80 1205  970 15  5 80  0  0
 3  0      0 2698068 129016 12620916    0    0     0 31008 1378 1172 10  4 84  2  0
 1  0      0 2686252 129016 12632452    0    0     0    64 1027  923 11  3 86  0  0
 1  0      0 2673932 129016 12643996    0    0     0     0 1042  964 10  4 86  0  0
 1  0      0 2662844 129016 12655356    0    0     0     0 1006  918 11  2 86  0  0
 2  0      0 2649992 129016 12668552    0    0     0     0 1035  978 10  3 86  0  0
 1  0      0 2676564 129032 12647044    0    0     0 30984 1597 1148 15  5 79  1  0
 1  0      0 2664472 129032 12658252    0    0     0     0 1058  947 11  3 86  0  0
 1  0      0 2653132 129032 12669308    0    0     0     0 1046  925 10  4 86  0  0
 1  0      0 2641792 129032 12680476    0    0     0    40 1045  949 11  3 86  0  0
 1  0      0 2631460 129032 12690764    0    0     0     0 1021  940 11  3 86  0  0
 2  0      0 2611080 129032 12713032    0    0     0    72 1125  944 12  5 83  0  0
 3  0      0 2593280 129036 12729684    0    0     0 30976 1878 1202 25  7 66  1  0
 3  0      0 2493796 129040 12822824    0    0  1666 48092 3194 2399 31  8 60  1  0
procs -----------memory---------- ---swap-- -----io---- -system-- ------cpu-----
 r  b   swpd   free   buff  cache   si   so    bi    bo   in   cs us sy id wa st
 3  0      0 2408128 129040 12904976    0    0  1667 89996 3329 2381 30  8 60  2  0
 3  0      0 2317936 129044 12992408    0    0     0 40384 1895 1129 31  7 61  1  0
 2  0      0 2590516 129052 12723704    0    0     0 126404 2756 1688 22  7 66  5  0
 3  0      0 2534320 129052 12782828    0    0     0     0 1317  956 23  6 71  0  0
 2  0      0 2541992 129076 12780664    0    0     0 97040 2419 1491 22  6 66  5  0
 3  0      0 2486052 129076 12835656    0    0     0     0 1257  924 21  6 74  0  0
 1  0      0 2613844 129092 12706360    0    0     0 87460 2332 1475 16  7 75  2  0
 1  0      0 2601528 129092 12717640    0    0     0   112 1050  945 11  3 86  0  0
 1  0      0 2589936 129092 12729032    0    0     0     0 1020  905  9  4 87  0  0
 2  0      0 2549616 129092 12766960    0    0     0    12 1087  928 15  4 81  0  0
 1  0      0 2591128 129104 12721352    0    0     0 31004 1553 1190 10  5 84  1  0
 1  0      0 2578808 129104 12733468    0    0     0     0 1005  903 10  3 87  0  0
 1  0      0 2567216 129104 12744564    0    0     0     0  994  898 11  3 86  0  0
 1  0      0 2555932 129104 12755248    0    0     0     0 1044  961 11  3 86  0  0
 1  0      0 2545404 129104 12765932    0    0     0     8 1093  916 11  3 86  0  0
 2  0      0 2572008 129108 12746756    0    0     0 31084 1630 1217 16  5 78  1  0
 1  0      0 2559916 129108 12758440    0    0     0     0 1037  911 10  3 86  0  0
 1  0      0 2547820 129108 12770080    0    0     0     0 1046  927 10  3 87  0  0
 2  0      0 2535976 129108 12781912    0    0     0     0 1022  909 10  3 86  0  0
 1  0      0 2524384 129108 12793336    0    0     0     0 1053  968 11  3 87  0  0
 1  1      0 2477272 129108 12837008    0    0     0  3252 1243  939 16  4 80  0  0
procs -----------memory---------- ---swap-- -----io---- -system-- ------cpu-----
 r  b   swpd   free   buff  cache   si   so    bi    bo   in   cs us sy id wa st
 3  0      0 2456952 129108 12856244    0    0     0 27812 1962 1163 30  7 62  1  0
 2  1      0 2369824 129108 12940360    0    0     0 12248 1623  959 32  7 61  0  0
 3  0      0 2312148 129112 13001860    0    0     0 133648 2978 1766 25  6 61  7  0
 3  0      0 2233284 129116 13078768    0    0     0 52996 2028 1181 30  7 61  2  0
 2  0      0 2246572 129124 13064544    0    0     0 116512 2709 1563 25  8 64  3  0
 3  0      0 2442932 129124 12874540    0    0     0    64 1343  941 23  7 71  0  0
 2  0      0 2443808 129136 12879380    0    0     0 97016 2346 1493 23  7 67  3  0
 1  0      0 2513760 129140 12802664    0    0     0 35560 1640 1126 16  6 77  1  0
 1  0      0 2501920 129140 12813588    0    0     0     0 1071  990 10  4 86  0  0
 1  0      0 2491084 129140 12824400    0    0     0     0 1040  898 10  3 86  0  0
 1  0      0 2480504 129140 12834944    0    0     0     0 1114  970 11  3 86  0  0
 2  0      0 2447996 129140 12867600    0    0     0     0 1137  911 14  4 81  0  0
 1  0      0 2482384 129140 12825880    0    0     0 31088 1562 1205 13  4 83  1  0
 1  0      0 2471552 129140 12836964    0    0     0     0 1046  930 11  3 86  0  0
 1  0      0 2463740 129140 12844268    0    0     0     0 1041  913  9  5 85  0  0
 1  0      0 2455204 129140 12852924    0    0     0     0 1053  923 10  3 86  0  0
 1  0      0 2443892 129140 12863212    0    0     0    92 1009  899 11  3 86  0  0
 3  0      0 2433560 129144 12875512    0    0     0    72 1053  907 11  3 86  0  0
 1  0      0 2462924 129148 12852196    0    0     0 31020 1614 1199 17  5 77  1  0
 1  0      0 2451628 129148 12863404    0    0     0     0 1011  898 10  4 86  0  0
 1  0      0 2439812 129148 12873928    0    0     0     0 1173 1090 11  3 86  0  0
procs -----------memory---------- ---swap-- -----io---- -system-- ------cpu-----
 r  b   swpd   free   buff  cache   si   so    bi    bo   in   cs us sy id wa st
 1  0      0 2429760 129148 12883892    0    0     0     0  979  859 11  3 86  0  0
 1  0      0 2419428 129148 12894268    0    0     0     0 1030  909 10  3 86  0  0
 1  0      0 2409100 129148 12904192    0    0     0    56 1044  894 10  3 86  0  0
 3  0      0 2412236 129160 12902536    0    0     0 31000 1729 1062 22  6 71  1  0
 3  0      0 2330364 129160 12983468    0    0     0     0 1564  882 31  7 61  0  1
 3  0      0 2258812 129160 13053188    0    0     0 107900 2552 1500 28  7 61  4  1
 3  0      0 2175952 129160 13136216    0    0     0 44028 2088 1183 29  8 61  2  0
 3  0      0 2088560 129160 13223404    0    0     0 79516 2330 1328 30  7 61  2  0
 2  1      0 2004152 129160 13309176    0    0     0 104824 2490 1355 29  7 61  3  0
 2  0      0 2380220 129196 12936856    0    0     0 70336 2589 1706 25  9 65  2  0
 1  1      0 2333132 129196 12983516    0    0     0 21524 1556  998 19  7 73  1  0
 2  0      0 2294376 129204 13021960    0    0     0 44516 1766 1141 19  6 73  2  0
 1  1      0 2245240 129204 13071016    0    0     0 57248 1851 1097 20  5 74  2  0
 2  0      0 2360636 129208 12956328    0    0     0 21596 1659 1162 20  6 74  1  0
 1  1      0 2310768 129208 13004688    0    0     0 57316 1818 1108 20  5 74  2  0
 1  1      0 2290720 129216 13021536    0    0     0 43740 1926 1241 27  8 64  1  0
 1  0      0 2389140 129220 12914976    0    0     0 32532 1394 1086 10  4 85  1  0
 3  0      0 2375536 129220 12926300    0    0   547     0 1721 1599 11  4 86  0  0
 1  0      0 2361728 129220 12937104    0    0  1667     0 1619 1498 11  3 86  0  0
 1  0      0 2349196 129220 12948224    0    0  1119     0 1492 1501 11  3 86  0  0
 2  0      0 2337132 129220 12964384    0    0     0     0  993  875 11  4 85  0  0
procs -----------memory---------- ---swap-- -----io---- -system-- ------cpu-----
 r  b   swpd   free   buff  cache   si   so    bi    bo   in   cs us sy id wa st
 1  0      0 2366968 129228 12938756    0    0     0 31228 1557 1129 16  4 79  1  0
 1  0      0 2356388 129228 12949372    0    0     0     0 1071  869 10  4 86  0  0
 1  0      0 2346056 129228 12959524    0    0     0     0  982  871 10  3 86  0  0
 1  0      0 2335472 129228 12969972    0    0     0     0 1031  865 10  3 86  0  0
 1  0      0 2324892 129228 12981140    0    0     0     0 1004  911 11  3 86  0  0
 2  0      0 2301456 129228 13005908    0    0     0    52 1075  848 13  4 83  0  0
 3  0      0 2294492 129236 13016520    0    0     0 31000 1824 1142 26  7 66  1  0
 3  0      0 2203328 129244 13108208    0    0     0 50760 2022 1086 29  8 61  2  0
 3  0      0 2119708 129244 13190920    0    0     0 109636 2599 1446 29  6 61  3  0
 3  0      0 2034304 129244 13276408    0    0     0 58140 2184 1237 30  7 61  2  0
 3  0      0 1935840 129244 13372916    0    0     0     0 1522  946 32  7 61  0  0
 4  0      0 2258168 129248 13051092    0    0     0 142284 3129 1882 22  6 65  7  0
 1  1      0 2250524 129260 13062284    0    0     0 46408 1838 1123 23  7 70  1  0
 2  0      0 2317484 129272 12997944    0    0     0 81392 2367 1418 19  5 74  2  0
 2  0      0 2259548 129272 13055708    0    0     0     0 1296  937 20  6 74  0  0
 2  0      0 2210408 129276 13105688    0    0     0 66144 2065 1212 19  5 74  2  0
 1  1      0 2156236 129276 13157596    0    0     0 40568 1600 1115 20  5 74  1  0
 2  0      0 2263204 129280 13051064    0    0     0 22496 1515 1097 16  5 78  1  0
 1  0      0 2309208 129280 13001568    0    0     0 31056 1445 1133 10  4 84  2  0
 1  0      0 2298956 129280 13012356    0    0     0     0  999  860 10  3 86  0  0
 1  0      0 2283196 129288 13025440    0    0  1976    92 1354 1127 11  3 86  1  0
procs -----------memory---------- ---swap-- -----io---- -system-- ------cpu-----
 r  b   swpd   free   buff  cache   si   so    bi    bo   in   cs us sy id wa st
 1  0      0 2271128 129288 13037124    0    0     0     0 1074  904 10  3 86  0  0
 1  0      0 2259596 129288 13048328    0    0     0    68 1029  905 10  3 86  0  0
 1  0      0 2285908 129292 13029848    0    0     0 31036 1563 1196 15  5 79  1  0
 1  0      0 2273848 129292 13042084    0    0   192     0 1139  953 10  4 86  0  0
 1  0      0 2261556 129292 13053676    0    0     0     0 1056  867 11  3 86  0  0
 1  0      0 2250016 129292 13064992    0    0     0   236 1118  944 11  3 86  0  0
 1  0      0 2238476 129292 13076348    0    0     0     0 1004  848 10  3 87  0  0
 1  1      0 2191136 129292 13120164    0    0     0 16476 1257  999 15  5 79  1  0
 3  0      0 2168328 129296 13145548    0    0     0 14604 1776 1025 30  8 62  1  0
 3  0      0 2070872 129304 13240236    0    0     0 52464 2144 1216 30  7 61  2  0
 3  0      0 1990264 129304 13323444    0    0     0 89068 2501 1268 30  7 61  2  0
 3  0      0 1905396 129308 13405376    0    0     0 73556 2388 1275 30  7 61  2  0
 2  1      0 1822544 129312 13489648    0    0     0 92596 2248 1233 30  6 61  2  0
 2  1      0 2142980 129316 13169468    0    0     0 75620 2198 1400 25  7 64  4  1
 3  1      0 2161020 129324 13155288    0    0     0 74092 2083 1245 19  6 72  2  0
 3  0      0 2114180 129324 13201580    0    0     0 14768 1481 1001 21  5 74  0  0
 4  0      0 2204364 129328 13112132    0    0     0 46592 1765 1181 19  5 74  2  0
 5  0      0 2148924 129332 13166640    0    0     4    12 1270  929 20  6 74  0  0
 4  0      0 2100308 129332 13215400    0    0     0 66020 2008 1206 19  5 74  2  0
 4  0      0 2171544 129340 13138136    0    0     0 37720 1616 1196 16  5 78  1  0
 2  0      0 2216996 129340 13088744    0    0     0 31024 1437 1058 10  4 85  1  0
procs -----------memory---------- ---swap-- -----io---- -system-- ------cpu-----
 r  b   swpd   free   buff  cache   si   so    bi    bo   in   cs us sy id wa st
 1  0      0 2204648 129340 13100692    0    0     0     0  990  885 11  3 86  0  0
 1  0      0 2192328 129340 13112300    0    0     0     8  977  872 11  3 86  0  0
 1  0      0 2181244 129340 13123452    0    0     0     0  965  912 11  3 87  0  0
 2  0      0 2163352 129340 13141868    0    0     0     0  955  862 12  3 85  0  0
 1  0      0 2189192 129340 13114656    0    0     0 31036 1440 1140 15  4 80  1  0
 1  0      0 2178104 129340 13125256    0    0     0     0  927  837 10  3 86  0  0
 5  0      0 2167560 129340 13135660    0    0     0     4  939  867 11  3 86  0  0
 1  0      0 2156476 129340 13146700    0    0     0     0  949  899 11  3 86  0  0
 1  0      0 2143912 129340 13158196    0    0     0     0  949  895 10  4 86  0  0
 3  0      0 2113420 129340 13190608    0    0     0    52 1046  869 14  4 82  0  0
 3  0      0 2115800 129348 13205472    0    0     0 31004 1866 1133 29  6 65  1  0
 3  0      0 2021100 129348 13299648    0    0     0 54340 2107 1170 29  8 61  2  0
 2  1      0 1920316 129348 13397704    0    0     0 30684 1739 1038 30  8 61  1  0
 3  0      0 1843972 129348 13476572    0    0     0 161352 3191 1698 26  8 61  4  0
 4  0      0 1753288 129356 13566376    0    0     0 46840 2127 1291 30  7 61  1  0
 4  1      0 2061124 129368 13252140    0    0  1666 93340 3242 2346 27  7 63  3  0
 3  0      0 2067356 129384 13238012    0    0  1667 19788 2414 1934 21  7 72  1  0
 2  0      0 2131024 129392 13169896    0    0     0 98456 2421 1415 18  6 74  2  0
 2  0      0 2075624 129392 13229776    0    0     0     0 1244  897 21  5 74  0  0
 2  0      0 2027776 129396 13277544    0    0     0 65996 2060 1197 19  5 74  2  0
 2  1      0 1968568 129396 13336564    0    0     0  7956 1340  919 20  6 74  0  0
procs -----------memory---------- ---swap-- -----io---- -system-- ------cpu-----
 r  b   swpd   free   buff  cache   si   so    bi    bo   in   cs us sy id wa st
 4  0      0 1959844 129404 13355148    0    0     0 89032 2572 1405 25  7 65  3  0
 2  0      0 1909204 129404 13405624    0    0     0 66192 2027 1272 19  6 74  2  0
 1  0      0 2140200 129408 13171120    0    0     0 42264 1791 1084 18  5 75  1  0
 1  0      0 2128392 129408 13182004    0    0     0     0 1066  928 10  3 86  0  0
 1  0      0 2118072 129408 13192148    0    0     0     0  998  860 11  3 86  0  0
 5  0      0 2103500 129408 13207052    0    0     0     0 1109  958 12  3 85  0  0
 2  0      0 2122772 129412 13183796    0    0     0 31176 1597 1118 15  5 80  1  0
 2  0      0 2110456 129412 13195184    0    0     0     0 1044  912 10  3 87  0  0
 1  0      0 2098168 129412 13206912    0    0     0    24 1055  916 11  3 86  0  0
 2  0      0 2086828 129412 13218564    0    0     0     0 1086  923 10  3 87  0  0
 3  0      0 2075252 129412 13229900    0    0     0     0 1063  898 11  3 86  0  0
 2  1      0 2031896 129420 13273872    0    0     0 14436 1361  972 16  5 78  1  0
 3  0      0 2011116 129420 13298396    0    0     0 16652 1791 1092 29  8 62  1  0
 3  0      0 1919148 129420 13389188    0    0     0 61384 2279 1254 29  8 61  2  0
 3  0      0 1832724 129424 13474804    0    0     0 89724 2676 1360 30  7 61  2  0
 3  0      0 1760676 129428 13545380    0    0     0 132332 3184 1829 25  7 61  7  0
 2  0      0 2048348 129432 13266068    0    0     0 49524 2125 1451 25  7 66  3  0
 2  0      0 2023512 129432 13293648    0    0     0 31088 1898 1168 26  7 66  1  0
 2  0      0 1974628 129432 13343144    0    0     0 65964 2065 1199 19  6 74  2  0
 2  0      0 1921708 129432 13393116    0    0     0 65980 2162 1294 20  4 74  2  0
 2  0      0 1865764 129432 13449956    0    0     0     0 1334  911 20  6 74  0  0
procs -----------memory---------- ---swap-- -----io---- -system-- ------cpu-----
 r  b   swpd   free   buff  cache   si   so    bi    bo   in   cs us sy id wa st
 1  0      0 2068252 129432 13251900    0    0     0 65384 2114 1368 15  4 79  2  0
 3  0      0 2044820 129432 13275712    0    0     0     0 1114  918 13  4 83  0  0
 1  0      0 2068600 129444 13243648    0    0     0 31040 1520 1123 14  4 81  1  0
 1  0      0 2057568 129444 13255232    0    0     0     0 1063  902 10  4 86  0  0
 1  0      0 2046248 129444 13266484    0    0     0     0 1110  955 11  3 86  0  0
 1  0      0 2034724 129444 13277232    0    0     0     0 1059  932 10  4 86  0  0
 1  0      0 2024188 129444 13288008    0    0     0     0 1069  956 10  4 86  0  0
 1  1      0 1981852 129444 13330608    0    0     0 18460 1441 1029 16  5 79  0  0
 1  0      0 2037388 129448 13278948    0    0     0 12652 1350 1112 10  4 85  1  0
 1  0      0 2025852 129448 13290136    0    0     0     0 1012  888 11  3 86  0  0
 1  0      0 2014764 129448 13301468    0    0     0     0 1038  908 10  4 86  0  0
 1  0      0 2002756 129448 13312924    0    0     0     0 1007  861 11  3 86  0  0
 2  0      0 1987696 129448 13329532    0    0     0     0 1020  918 12  3 85  0  0
 3  0      0 1966608 129452 13338844    0    0     0 31032 1746 1130 22  8 69  1  0
 3  0      0 1868140 129452 13434468    0    0     0     0 1625 1049 32  7 61  0  0
 3  0      0 1786776 129456 13515832    0    0     0 137008 2870 1530 28  7 61  4  0
 2  1      0 1696372 129456 13605648    0    0     0 76860 2268 1270 29  8 61  2  0
 3  0      0 1606208 129456 13695384    0    0     0 45200 1912 1088 30  7 61  1  0
 3  0      0 1933148 129460 13375964    0    0     0 107192 2677 1560 23  8 66  3  0
 4  0      0 1926464 129460 13385332    0    0     0 31076 1745 1028 25  6 68  1  0
 2  0      0 1872536 129460 13438220    0    0     0 65984 1457 1180 19  6 74  2  0
procs -----------memory---------- ---swap-- -----io---- -system-- ------cpu-----
 r  b   swpd   free   buff  cache   si   so    bi    bo   in   cs us sy id wa st
 3  0      0 1825692 129460 13487080    0    0     0 65992 2033 1180 18  6 74  2  0
 2  0      0 1947448 129468 13370540    0    0     0 14024 1517 1092 20  6 74  0  0
 2  0      0 1894528 129468 13422504    0    0     0 66116 2033 1193 19  6 74  1  0
 3  0      0 1807600 129468 13507452    0    0     0  8192 1449  947 27  6 67  0  0
 1  0      0 1987240 129476 13321012    0    0     0 86828 2471 1562 13  6 79  2  0
 1  0      0 1975144 129476 13332424    0    0     0     0 1052  886 10  4 86  0  0
 1  0      0 1963804 129476 13343232    0    0     0    40 1032  876 10  4 86  0  0
 1  0      0 1953248 129476 13353456    0    0     0     0 1040  923 10  4 86  0  0
 1  0      0 1947956 129476 13362840    0    0     0    36 1055  861 10  4 86  0  0
 2  0      0 1915228 129484 13395028    0    0     0   108 1176  916 14  6 80  0  0
 1  0      0 1962944 129488 13351136    0    0     0 31076 1417 1080 11  4 83  1  0
 1  0      0 1950928 129488 13363000    0    0     0     0 1363 1146 12  4 84  0  0
 1  0      0 1936604 129488 13373944    0    0  1666     0 1971 1884 11  3 85  0  0
 1  0      0 1919248 129488 13384964    0    0  1667     0 2105 3928 12  4 85  0  0
 1  0      0 1908160 129488 13396024    0    0     0    72 1061  907 10  3 86  0  0
 3  0      0 1914556 129500 13393096    0    0     0 31024 1737 1230 21  6 72  1  0
 3  0      0 1819832 129500 13486580    0    0     0     0 1544  931 31  8 61  0  0
 3  0      0 1734680 129500 13569524    0    0     0 140752 3032 1635 28  7 61  4  0
 3  0      0 1640712 129500 13663244    0    0     0     0 1470  887 30  9 61  0  0
 3  0      0 1555832 129500 13746808    0    0     0 157536 3913 1888 31  7 59  3  0
 2  0      0 1877948 129508 13424948    0    0     0 60016 3752 2955 26 10 60  3  0
procs -----------memory---------- ---swap-- -----io---- -system-- ------cpu-----
 r  b   swpd   free   buff  cache   si   so    bi    bo   in   cs us sy id wa st
 3  0      0 1857672 129528 13444832    0    0     0 31048 2089 1401 27  7 64  1  0
 2  0      0 1809288 129528 13490660    0    0     0 65972 2210 1314 19  6 73  2  0
 2  0      0 1857800 129536 13441804    0    0     0 23360 1709 1211 20  6 73  1  0
 2  0      0 1808440 129544 13490872    0    0     0 65996 2099 1294 19  6 74  2  0
 4  0      0 1750564 129544 13548028    0    0     0   140 1520 1112 21  7 72  0  0
 3  0      0 1702124 129552 13599324    0    0     0 65996 2252 1433 23  6 70  1  0
 2  0      0 1691948 129564 13615272    0    0     0 31000 2017 1462 27  6 65  1  0
 2  0      0 1645432 129564 13660908    0    0     0 65968 2021 1528 18  6 74  2  0
 1  0      0 1894808 129564 13405228    0    0     0 45280 1709 1238 14  5 79  2  0
 1  0      0 1884072 129564 13416556    0    0     0    12 1390 1156 10  4 86  0  0
 1  0      0 1874820 129564 13428084    0    0     0    36 1630 1488 13  4 83  0  0
 4  0      0 1841136 129564 13461600    0    0     0     0 1274 1077 14  5 81  0  0
 2  0      0 1879584 129576 13419836    0    0     0 31068 1565 1208 12  4 83  1  0
 1  0      0 1867296 129576 13431200    0    0     0     0 1174 1082 11  3 86  0  0
 1  0      0 1855760 129576 13442636    0    0     0     4 1146 1061 10  4 86  0  0
 1  0      0 1843976 129576 13453384    0    0     0     0 1149 1054 10  3 86  0  0
 1  0      0 1833952 129576 13464012    0    0     0     0 1108  966 10  3 86  0  0
 3  0      0 1856528 129580 13454536    0    0     0 31148 1859 1222 19  5 75  1  0
 3  0      0 1762816 129580 13549000    0    0     0     0 1588 1012 31  8 61  0  0
 3  0      0 1678672 129588 13634712    0    0     0 112984 2689 1447 28  8 61  3  0
 1  2      0 1593808 129588 13717920    0    0     0 65276 2251 1275 28  8 61  3  0
procs -----------memory---------- ---swap-- -----io---- -system-- ------cpu-----
 r  b   swpd   free   buff  cache   si   so    bi    bo   in   cs us sy id wa st
 3  0      0 1502860 129588 13808532    0    0     0 57364 2332 1390 29  7 62  2  0
 2  0      0 1812084 129596 13501248    0    0     0 114168 2949 1757 21  8 67  4  0
 2  0      0 1781680 129604 13525296    0    0     0 31076 1916 1101 28  6 65  1  0
 2  0      0 1734560 129612 13570552    0    0     0 65980 1920 1245 18  6 74  2  0
 1  1      0 1680384 129612 13623848    0    0     0 40768 1624 1021 20  5 74  1  0
 2  0      0 1806384 129620 13498424    0    0     0 39788 2075 1490 19  6 74  1  0
 2  0      0 1753216 129620 13551604    0    0     0     0 1311  888 21  6 74  0  0
 2  0      0 1705336 129620 13599348    0    0     0 66008 2022 1194 19  5 74  2  0
 2  0      0 1691564 129628 13618052    0    0     0 97096 2627 1541 24  7 65  3  0
 2  0      0 1635384 129628 13673996    0    0     0    12 1306  941 21  5 74  0  0
 1  0      0 1837164 129632 13468876    0    0     0 81108 2406 1482 18  5 74  2  0
 1  0      0 1826372 129632 13478968    0    0     0    40 1137  998 11  3 86  0  0
 1  0      0 1815028 129632 13489444    0    0     0     0 1048  892 10  3 87  0  0
 2  0      0 1801672 129632 13500976    0    0     0    48 1087  922 11  3 86  0  0
 1  0      0 1818140 129632 13480880    0    0     0 31056 1639 1156 16  5 78  1  0
 1  0      0 1806048 129632 13492592    0    0     0     0 1052  934 11  3 86  0  0
 1  0      0 1794456 129632 13503736    0    0     0     0 1039  951 11  3 86  0  0
 1  0      0 1782612 129632 13514656    0    0     0     0 1040  964 11  3 86  0  0
 1  0      0 1771272 129632 13525992    0    0     0     0 1043  928 10  3 86  0  0
 2  0      0 1730456 129632 13566936    0    0     0   180 1229  996 16  4 80  0  0
 3  0      0 1730040 129636 13578504    0    0     0 30968 1885 1158 27  7 64  2  0
procs -----------memory---------- ---swap-- -----io---- -system-- ------cpu-----
 r  b   swpd   free   buff  cache   si   so    bi    bo   in   cs us sy id wa st
 2  1      0 1645904 129636 13660780    0    0     0 95580 2724 1583 28  7 61  4  0
 3  0      0 1552472 129640 13753932    0    0     0 34672 1979 1163 30  8 61  1  0
 3  0      0 1472376 129644 13833632    0    0     0 65184 2230 1281 29  7 61  2  0
 1  2      0 1403592 129644 13902452    0    0     0 134516 2569 1559 26  7 61  6  0
 3  0      0 1700372 129656 13609036    0    0     0  9764 1677 1219 24  7 69  1  0
 1  1      0 1698696 129660 13603404    0    0     0 54676 1955 1191 21  8 69  2  0
 2  0      0 1655380 129664 13647100    0    0     0 42404 1705 1145 20  5 74  1  0
 2  0      0 1608760 129664 13693500    0    0     0 65976 2019 1198 18  6 74  2  0
 1  1      0 1563680 129664 13738168    0    0     0 36088 1593 1070 20  5 74  1  0
 4  0      0 1712528 129668 13588680    0    0  1171   124 1942 1730 20  6 73  0  0
 2  0      0 1662428 129668 13630688    0    0  2162 66080 3158 2560 20  6 72  2  0
 2  0      0 1657232 129680 13646772    0    0     0 31012 1912 1210 27  8 64  1  0
 2  0      0 1608628 129680 13693900    0    0     0 65976 1915 1240 19  6 74  2  0
 2  0      0 1558760 129680 13743752    0    0     0   104 1322  944 21  5 74  0  0
 2  0      0 1513164 129688 13788500    0    0     0 65996 2062 1313 20  5 74  2  0
 1  0      0 1754936 129692 13546240    0    0     0 33916 1495 1142 14  4 81  1  0
 1  0      0 1744856 129692 13556080    0    0     0     0 1050  948 10  3 86  0  0
 1  1      0 1697484 129692 13599212    0    0     0 20484 1329 1042 16  5 78  1  0
 1  0      0 1748756 129716 13546768    0    0     0 10556 1223 1072 10  4 86  1  0
 1  0      0 1737668 129716 13557300    0    0     0     0 1010  920 10  3 86  0  0
 1  0      0 1728608 129716 13566920    0    0     0     0 1071  961 11  3 86  0  0
procs -----------memory---------- ---swap-- -----io---- -system-- ------cpu-----
 r  b   swpd   free   buff  cache   si   so    bi    bo   in   cs us sy id wa st
 1  0      0 1717784 129716 13577288    0    0     0     0 1040  931 11  3 86  0  0
 2  0      0 1707000 129716 13587888    0    0     0     0  941  883 10  3 86  0  0
 3  0      0 1734340 129716 13570116    0    0     0 31144 1646 1163 16  6 77  1  0
 3  0      0 1644156 129716 13664276    0    0     0     0 1529  958 32  7 61  0  0
 3  0      0 1573892 129724 13733696    0    0     0 138704 3271 1822 26  6 61  6  0
 3  0      0 1481688 129724 13826048    0    0   352     0 1973 1095 31  9 60  0  0
 3  0      0 1397572 129724 13909312    0    0   212 70868 2345 1290 29  7 61  3  0
 2  0      0 1691544 129748 13620512    0    0     0 117168 2671 1772 24  7 67  3  0
 3  0      0 1622272 129748 13688944    0    0     0     0 1414  943 25  6 69  0  0
 2  0      0 1622864 129756 13682288    0    0     0 97072 2453 1458 21  6 69  3  0
 2  0      0 1571208 129756 13733468    0    0     0   184 1461  990 20  6 74  0  0
 2  0      0 1520092 129756 13783668    0    0     0 65988 2070 1386 19  6 74  2  0
 1  0      0 1701880 129756 13595752    0    0     0 62596 2115 1297 18  5 74  2  0
 1  0      0 1689788 129756 13606888    0    0     0    12 1026  902 10  3 86  0  0
 1  1      0 1646700 129756 13650036    0    0     0  8200 1239  932 15  5 80  0  0
 1  0      0 1705264 129768 13598556    0    0     0 22956 1431 1130 10  4 85  1  0
 1  0      0 1693952 129768 13609032    0    0     0     0 1035  918 11  3 86  0  0
 3  0      0 1683660 129768 13619520    0    0     0     0  969  917 10  3 86  0  0
 1  0      0 1673080 129768 13629420    0    0     0     0 1000  846 10  4 86  0  0
 1  0      0 1662304 129768 13639544    0    0     0     0 1078  985 11  3 86  0  0
 1  1      0 1616944 129768 13681888    0    0     0  4288 1268  950 16  4 79  0  0
procs -----------memory---------- ---swap-- -----io---- -system-- ------cpu-----
 r  b   swpd   free   buff  cache   si   so    bi    bo   in   cs us sy id wa st
 1  0      0 1665472 129776 13629836    0    0     0 26840 1464 1157 10  4 85  1  0
 1  0      0 1654924 129776 13641168    0    0     0     0 1046  917 10  3 87  0  0
 1  0      0 1642412 129776 13653304    0    0     0     4 1054  950 10  4 86  0  0
 1  0      0 1631856 129776 13663948    0    0     0     0 1041  907 10  4 87  0  0
 1  0      0 1621556 129776 13674024    0    0     0     0 1056  959 11  3 86  0  0
 3  0      0 1641816 129776 13668780    0    0     0 31060 1726 1107 20  7 72  1  0
 3  0      0 1549632 129776 13759804    0    0     0     0 1583  958 32  7 61  0  0
 3  0      0 1466292 129776 13840776    0    0    40 146268 3341 1947 27  7 61  4  0
 3  0      0 1376124 129776 13930816    0    0     0     0 1606  996 32  7 61  0  0
 3  0      0 1303608 129780 14002592    0    0     0 139660 3147 1731 26  7 61  6  0
 2  0      0 1604260 129788 13704604    0    0     0 72472 2526 1474 27  6 65  2  0
 2  0      0 1572148 129808 13731376    0    0    24 31152 2045 1300 26  8 65  1  0
 2  0      0 1520016 129808 13782680    0    0     0 66024 2180 1393 20  5 73  1  0
 1  1      0 1468132 129808 13833948    0    0     0 20464 1503 1012 21  5 74  1  0
 2  0      0 1422016 129808 13879564    0    0     0 45508 1953 1251 20  5 74  1  0
 2  0      0 1377412 129808 13923444    0    0    32 65976 1984 1329 19  5 74  2  0
 2  0      0 1324256 129808 13976384    0    0     0   120 1338 1000 20  6 74  0  0
 2  0      0 1313768 129816 13994516    0    0     0 97132 2696 1612 25  7 65  3  0
 2  0      0 1585080 129816 13726808    0    0     0 16928 1666 1146 19  6 74  0  0
 2  0      0 1533420 129816 13776192    0    0     0 66012 2095 1242 19  6 74  2  0
 2  0      0 1475716 129816 13833384    0    0    36     0 1328  993 20  6 74  0  0
procs -----------memory---------- ---swap-- -----io---- -system-- ------cpu-----
 r  b   swpd   free   buff  cache   si   so    bi    bo   in   cs us sy id wa st
 1  0      0 1609836 129820 13700232    0    0     0 85016 2418 1417 15  6 77  2  0
 2  0      0 1580640 129820 13728180    0    0     0    72 1224  988 13  4 82  0  0
 1  0      0 1611000 129828 13691832    0    0    40 31036 1453 1089 12  5 82  1  0
 1  0      0 1599944 129828 13702836    0    0     0     0 1080  958 10  4 86  0  0
 1  0      0 1587604 129828 13714300    0    0     0     0 1008  913 10  3 86  0  0
 1  0      0 1576824 129828 13725016    0    0     0     0 1042  985 10  4 86  0  0
 1  0      0 1565736 129828 13735656    0    0     0     8 1039  887 10  3 86  0  0
 3  0      0 1581816 129840 13724640    0    0  1990 31160 2786 2334 19  5 75  1  0
 3  0      0 1483068 129840 13816428    0    0  1667     0 2480 1890 30  9 60  0  0
 3  0      0 1399720 129856 13900156    0    0     0 131388 2815 1616 28  6 61  4  0
 3  0      0 1304248 129856 13993420    0    0     0     0 1475  883 31  7 61  0  0
 3  0      0 1237756 129864 14060448    0    0     0 142520 2434 1622 26  7 61  6  0
 1  2      0 1156944 129864 14139744    0    0     0 65728 1827 1143 29  7 61  3  0
 2  1      0 1467196 129876 13830212    0    0     0 45000 2039 1475 24  7 64  4  0
 1  1      0 1480432 129892 13814104    0    0     0 66572 1731 1233 18  6 73  2  0
 2  0      0 1428300 129896 13865524    0    0     0  9140 1435 1039 21  5 74  1  0
 2  0      0 1387236 129908 13906332    0    0     0 65976 1690 1286 18  5 73  3  0
 2  0      0 1335832 129908 13957728    0    0     0    96 1285  994 22  4 74  0  0
 2  0      0 1525924 129916 13768392    0    0     0 66256 1819 1316 19  5 74  2  0
 4  0      0 1439248 129916 13856356    0    0     0     0 1400  924 27  6 67  0  0
 2  0      0 1461780 129916 13840728    0    0     0 97028 2289 1452 19  6 72  3  0
procs -----------memory---------- ---swap-- -----io---- -system-- ------cpu-----
 r  b   swpd   free   buff  cache   si   so    bi    bo   in   cs us sy id wa st
 1  1      0 1406876 129916 13894608    0    0     0 49152 1882 1144 19  5 74  1  0
 2  0      0 1353716 129916 13947840    0    0     0 16828 1621 1077 20  6 74  1  0
 2  0      0 1309364 129916 13992888    0    0     0 66084 2045 1287 19  5 74  2  0
 2  0      0 1254980 129916 14046024    0    0     0     0 1314  912 20  6 74  0  0
 1  0      0 1562564 129916 13731048    0    0     0 86992 2273 1464 17  6 74  3  0
 1  0      0 1549716 129916 13742884    0    0     0     0 1017  902 10  4 86  0  0
 1  0      0 1539412 129916 13752772    0    0     0     8 1029  939 10  4 86  0  0
 1  0      0 1527320 129916 13763984    0    0     0     0  999  883 10  4 86  0  0
 1  0      0 1517512 129916 13774596    0    0     0     0 1054  948 11  2 87  0  0
 1  0      0 1506176 129916 13784980    0    0     0   128 1034  916 11  3 87  0  0
 3  0      0 1525148 129920 13780916    0    0     0 30996 1801 1151 22  5 72  1  0
 3  0      0 1433424 129920 13870504    0    0     0    48 1562  916 31  8 61  0  0
 1  2      0 1361644 129920 13941512    0    0     0 114516 2739 1506 26  7 61  5  0
 3  0      0 1284308 129928 14018936    0    0     0 37604 2232 1332 31  6 61  2  0
 3  0      0 1209996 129936 14092756    0    0     0 121644 2763 1742 28  7 61  4  0
 2  0      0 1277668 129940 14026208    0    0     0 61592 1938 1310 28  7 63  2  0
 3  0      0 1419864 129940 13882624    0    0     0     4 1522 1021 27  7 66  0  0
 2  0      0 1435872 129952 13861764    0    0     0 97040 2028 1382 18  6 72  4  0
 2  0      0 1485568 129956 13811512    0    0     0 15548 1501 1066 20  6 74  0  0
 2  0      0 1431392 129956 13865012    0    0     0     0 1289  905 20  6 74  0  0
 2  0      0 1443416 129980 13846524    0    0     0 96208 2292 1498 18  6 73  3  0
procs -----------memory---------- ---swap-- -----io---- -system-- ------cpu-----
 r  b   swpd   free   buff  cache   si   so    bi    bo   in   cs us sy id wa st
 2  0      0 1454196 129980 13842420    0    0     0    12 1246  901 21  5 74  0  0
 3  0      0 1390752 129984 13908028    0    0     0 66000 2010 1291 24  7 68  2  0
 3  0      0 1404712 129988 13899464    0    0     0 31012 1652 1111 22  7 68  2  0
 2  0      0 1360628 129988 13943208    0    0     0 65972 1902 1338 18  5 74  2  0
 2  0      0 1308752 129988 13994724    0    0     0     0 1201  868 21  6 74  0  0
 2  0      0 1263684 129988 14039216    0    0     0 65980 1854 1206 19  5 74  2  0
 2  0      0 1209504 129988 14093840    0    0     0    40 1251  883 20  6 74  0  0
 3  0      0 1494880 130008 13803528    0    0     0 73492 1769 1414 15  5 78  2  0
 1  0      0 1512668 130012 13780600    0    0     0 31048 1360 1024 16  4 78  1  0
 2  0      0 1500828 130012 13791436    0    0     0     0  974  859 10  3 86  0  0
 1  0      0 1490244 130012 13801604    0    0     0    96  963  887 10  4 86  0  0
 1  0      0 1479660 130012 13812168    0    0     0     0 1014  932 10  4 86  0  0
 1  0      0 1470340 130012 13822528    0    0     0    64  986  896 11  3 86  0  0
 3  0      0 1453968 130016 13840932    0    0     0    60 1055  918 12  4 85  0  0
 3  0      0 1441992 130028 13855104    0    0     0 30984 1836 1136 25  7 67  1  0
 3  0      0 1360596 130028 13936396    0    0     0     0 1545  942 30  9 61  0  0
 3  0      0 1273688 130032 14023648    0    0     0 139668 3145 1634 28  8 61  3  0
 3  0      0 1169864 130032 14127348    0    0     0     0 1499  923 31  8 61  0  0
 2  0      0 1453512 130056 13849596    0    0     0 173008 3771 2384 20  7 63 10  0
 3  0      0 1391460 130056 13912340    0    0     0     0 1283  895 23  6 71  0  0
 2  0      0 1390600 130064 13919124    0    0     0 97036 2532 1406 23  6 68  3  0
procs -----------memory---------- ---swap-- -----io---- -system-- ------cpu-----
 r  b   swpd   free   buff  cache   si   so    bi    bo   in   cs us sy id wa st
 2  0      0 1332388 130064 13976668    0    0     0     4 1283  923 20  6 74  0  0
 2  0      0 1279216 130064 14029052    0    0     0 65980 1957 1196 19  5 74  2  0
 2  0      0 1230076 130064 14076108    0    0     0 65980 2135 1416 20  4 73  2  0
 3  0      0 1179944 130064 14125472    0    0     0   124 1221  885 22  5 74  0  0
 3  0      0 1128344 130064 14179040    0    0  1666 66004 2838 2322 22  5 71  2  0
 2  0      0 1108080 130064 14190828    0    0  1667 31004 2526 2186 25  7 67  1  0
 2  0      0 1059208 130064 14239512    0    0     0 65972 2124 1341 20  5 74  2  0
 1  0      0 1446036 130064 13845800    0    0     0 38892 1733 1111 14  6 80  1  0
 3  0      0 1434700 130064 13856208    0    0     0     0  999  906 11  3 86  0  0
 1  0      0 1425404 130064 13865588    0    0     0    52  967  890 10  3 86  0  0
 1  0      0 1418628 130064 13871728    0    0     0     0  933  910  9  5 86  0  1
 2  0      0 1384892 130064 13907848    0    0     0     0 1160  902 16  6 78  0  0
 1  0      0 1431884 130072 13858952    0    0     0 31052 1331 1127 10  4 84  1  1
 1  0      0 1423432 130072 13867216    0    0     0     0  993  904 10  4 86  0  0
 1  0      0 1413856 130072 13876156    0    0     0     0 1015  969 10  3 86  0  0
 1  0      0 1403376 130072 13887244    0    0     0     4  989  898 10  4 86  0  0
 1  0      0 1392296 130072 13897664    0    0     0     0  977  918 10  3 86  0  0
 2  0      0 1368468 130072 13923136    0    0     0   160 1072  899 14  3 83  0  0
 3  0      0 1372872 130088 13935736    0    0     0 30984 1780 1151 26  7 66  1  0
 3  0      0 1281172 130088 14024660    0    0     0     0 1464  910 32  7 61  0  0
 3  0      0 1214416 130088 14092108    0    0     0 126692 2935 1748 26  6 61  6  0
procs -----------memory---------- ---swap-- -----io---- -system-- ------cpu-----
 r  b   swpd   free   buff  cache   si   so    bi    bo   in   cs us sy id wa st
 3  0      0 1122720 130088 14183392    0    0     0     0 1452  904 32  6 61  0  0
 3  0      0 1053948 130096 14253380    0    0     0 144132 3153 1866 26  7 61  5  0
 3  0      0 1355804 130108 13955388    0    0     0 73428 2301 1400 23  7 67  3  0
 2  0      0 1324368 130120 13971024    0    0     0 31092 1740 1062 26  7 66  1  1
 2  0      0 1282848 130124 14012148    0    0     0 66052 1874 1215 18  6 73  2  0
 1  1      0 1231440 130124 14063192    0    0     0  3956 1315 1005 21  5 74  0  0
 2  0      0 1187960 130128 14106652    0    0     0 62056 1941 1204 19  6 74  2  0
 1  1      0 1143860 130128 14150560    0    0     0 57252 1805 1108 19  6 74  2  0
 2  0      0 1096608 130132 14196496    0    0     0  8828 1529 1098 21  5 74  0  0
 2  0      0 1379152 130144 13919812    0    0     0 80508 2305 1596 26  7 65  2  0
 2  0      0 1325588 130144 13971400    0    0     0     0 1237  903 20  6 74  0  0
 2  0      0 1280744 130144 14015756    0    0     0 66016 2017 1219 18  6 74  2  0
 2  0      0 1234396 130144 14061216    0    0     0 28652 1468 1021 20  5 74  1  0
 2  0      0 1187048 130148 14108900    0    0     0 37324 1971 1402 20  5 74  1  0
 2  0      0 1143244 130152 14151980    0    0     0 66052 2000 1291 20  5 74  2  0
 3  0      0 1069420 130152 14227448    0    0     0     4 1377  922 27  5 68  0  0
 2  0      0 1086008 130156 14218304    0    0     0 96972 2295 1413 20  7 70  3  0
 1  0      0 1394956 130164 13903976    0    0     0 22740 1415 1093 14  5 81  1  0
 1  0      0 1383400 130164 13914648    0    0     0     0 1047  899 10  4 86  0  0
 1  0      0 1372848 130164 13925312    0    0     0    36 1042  955 10  3 86  0  0
 1  0      0 1363340 130164 13935060    0    0     0     8  985  891 11  3 86  0  0
procs -----------memory---------- ---swap-- -----io---- -system-- ------cpu-----
 r  b   swpd   free   buff  cache   si   so    bi    bo   in   cs us sy id wa st
 2  0      0 1329572 130164 13966780    0    0     0     0 1144  959 15  4 81  0  0
 3  0      0 1324920 130176 13972660    0    0     0 31064 1761 1110 27  7 65  1  0
 3  0      0 1238756 130176 14058644    0    0     0     0 1636 1080 31  8 61  0  0
 3  0      0 1170040 130192 14125040    0    0     0 144692 3315 1957 24  7 61  7  0
 3  0      0 1086124 130192 14209068    0    0     0     4 1527  982 33  6 61  0  1
 3  0      0 1019140 130200 14275172    0    0     0 123984 2885 1652 26  6 61  6  0
 3  0      0 1307964 130212 13993520    0    0     0 46884 1843 1279 21  6 70  3  0
 2  0      0 1299100 130224 14011040    0    0     0 31088 1852 1127 26  7 66  1  0
 2  0      0 1253524 130228 14057336    0    0     0 65964 1940 1274 19  6 74  2  0
 2  0      0 1208972 130228 14101888    0    0     0 65976 1845 1164 18  6 74  2  0
 2  0      0 1158072 130228 14151252    0    0     0     0 1263  925 21  5 74  0  0
 2  0      0 1114744 130228 14194072    0    0     0 66052 1984 1233 19  5 74  2  0
 2  0      0 1061112 130228 14247164    0    0     0   116 1281  918 21  6 74  0  0
 1  0      0 1360568 130244 13934184    0    0     0 81820 2124 1365 16  6 75  2  0
 1  0      0 1348264 130244 13945820    0    0     0    12  989  909 11  3 86  0  0
 1  0      0 1337232 130244 13956728    0    0     0     0  947  868 11  3 86  0  0
 1  0      0 1327424 130244 13967588    0    0     0     0  974  911 10  3 87  0  0
 1  0      0 1317120 130244 13978044    0    0     0     0  971  860 10  3 86  0  0
 1  0      0 1306800 130252 13987412    0    0     0   132  982  934 11  3 86  0  0
 1  0      0 1325788 130260 13967132    0    0     0 31108 1493 1048 18  4 77  1  0
 1  0      0 1313460 130260 13977488    0    0     0     0 1202 1074 10  4 86  0  0
procs -----------memory---------- ---swap-- -----io---- -system-- ------cpu-----
 r  b   swpd   free   buff  cache   si   so    bi    bo   in   cs us sy id wa st
 2  0      0 1303684 130260 13987504    0    0     0     0  925  852 11  3 86  0  0
 1  0      0 1293476 130260 13998740    0    0  1666     0 1833 1893 11  4 85  0  0
 1  0      0 1280148 130260 14009252    0    0  1667    36 1893 1911 10  4 86  0  0
 2  0      0 1269852 130264 14019732    0    0     0    60 1057  957 11  3 86  0  0
 3  0      0 1295936 130264 14015032    0    0     0 30992 1721 1137 23  5 70  1  0
 3  0      0 1205720 130264 14104188    0    0     0     0 1481  898 31  7 61  0  0
 3  0      0 1137716 130268 14171944    0    0     0 135180 2898 1670 27  7 61  5  0
 3  0      0 1047280 130268 14260420    0    0     0     0 1494  930 32  6 61  0  0
 5  0      0 971120 130272 14335396    0    0    48 130660 2589 1400 27  7 61  4  0
 1  1      0 889724 130276 14416028    0    0     0 91776 2275 1293 28  6 63  3  0
 2  0      0 1250568 130288 14052296    0    0     0 31216 1985 1168 26  8 64  1  1
 2  0      0 1204508 130292 14096392    0    0     0 65968 2053 1311 20  5 73  2  0
 4  0      0 1145664 130292 14147644    0    0     0     0 2249 1769 25  8 67  0  0
 3  0      0 1103112 130296 14190436    0    0     0 66024 2275 1844 20  5 73  2  0
 5  0      0 1051208 130296 14241608    0    0     0     0 1434 1035 21  6 73  0  0
 2  0      0 1005912 130296 14287192    0    0     0 66144 1975 1201 20  5 74  2  0
 3  0      0 931608 130296 14361496    0    0     0     0 1436  941 25  7 68  0  0
 2  0      0 951188 130300 14349908    0    0    20 97108 2795 1719 23  7 67  3  0
 2  0      0 1246836 130308 14053848    0    0     0 29072 1762 1215 19  7 73  1  0
 1  1      0 1198200 130308 14102256    0    0     0 34812 1617 1095 19  5 74  1  0
 2  0      0 1151388 130312 14148924    0    0     0 31308 1702 1071 20  5 74  1  0
procs -----------memory---------- ---swap-- -----io---- -system-- ------cpu-----
 r  b   swpd   free   buff  cache   si   so    bi    bo   in   cs us sy id wa st
 2  0      0 1105072 130316 14196536    0    0     0 65976 2095 1332 18  6 74  2  0
 4  0      0 1029532 130316 14270400    0    0     0     0 1599 1119 26  6 68  0  0
 2  0      0 1027640 130320 14266688    0    0     0 96976 2560 1672 22  7 68  3  0
 2  0      0 975272 130320 14319452    0    0     0     4 1338  937 21  5 74  0  0
 2  0      0 930948 130324 14363960    0    0     0 65972 1894 1332 20  5 73  2  0
 1  0      0 1246520 130328 14037800    0    0     0 34020 2556 2339 16  5 78  1  0
 1  0      0 1234972 130328 14046852    0    0     0   132 1256 1097 10  3 86  0  0
 2  0      0 1225680 130328 14057320    0    0     0     0 1095  996 12  3 86  0  0
 3  0      0 1235368 130336 14061612    0    0     0 31092 1829 1172 24  6 69  1  0
 3  0      0 1143676 130336 14152300    0    0     0     0 1527  937 31  8 61  0  0
 3  0      0 1069628 130336 14225040    0    0     0 138216 2979 1631 27  8 61  4  0
 2  0      0 1010092 130336 14289912    0    0    28 15988 1619 1154 27  5 67  1  0
 2  0      0 935272 130348 14363916    0    0     0 121144 2319 1459 18  5 74  3  0
 2  0      0 1232208 130356 14070648    0    0     0 79284 2317 1355 16  5 76  3  0
 2  0      0 1142940 130356 14158052    0    0     0     0 1231  887 22  5 74  0  0
 2  0      0 1074396 130364 14227124    0    0     0 131332 2655 1634 17  4 74  5  0
 0  3      0 1001868 130364 14300052    0    0    48 110176 2537 1517 18  4 74  5  0
 2  0      0 913176 130364 14385812    0    0     0 21180 1694 1155 21  5 74  1  0
 1  0      0 1235908 130376 14062712    0    0     0 90352 2140 1469  9  3 84  4  0
 1  0      0 1198984 130384 14099960    0    0     0 66052 1687 1306 10  2 86  2  0
 1  0      0 1152376 130384 14145036    0    0     0   176 1143  920 11  2 86  0  0
procs -----------memory---------- ---swap-- -----io---- -system-- ------cpu-----
 r  b   swpd   free   buff  cache   si   so    bi    bo   in   cs us sy id wa st
 1  0      0 1117600 130388 14179260    0    0     0 65980 1328 1316  9  2 86  2  0
 1  0      0 1296720 130408 13999828    0    0     0 45972 1287 1253 10  3 86  1  0
 1  0      0 1249904 130408 14045240    0    0    48    12 1115  999 11  2 86  0  0
 1  0      0 1216136 130408 14078396    0    0     0 66024 1271 1178  8  3 86  3  0
 1  0      0 1169012 130408 14124388    0    0     0     0 1110  970 11  3 86  0  0
 2  0      0 1131216 130408 14167204    0    0     0 86380 1547 1478 11  3 84  2  0
 2  0      0 1046304 130408 14253964    0    0     0     0 1362  997 21  5 74  0  0
 2  0      0 974760 130412 14321908    0    0     0 131928 2872 1697 17  4 74  5  0
 2  0      0 895156 130412 14402136    0    0     0     0 1343  953 22  4 74  0  0
 2  0      0 821628 130416 14473308    0    0     0 131936 2814 1657 17  5 74  4  0
 1  1      0 739516 130416 14554988    0    0     0 32768 1727 1136 21  4 74  1  0
 2  0      0 683284 130416 14610648    0    0     0 99176 2664 1613 16  4 74  7  0
 0  2      0 602284 130416 14692048    0    0     0 32796 1686 1099 20  4 74  2  0
 2  0      0 537640 130428 14756068    0    0     0 99136 2594 1658 17  4 74  5  0
 0  2      0 467112 130428 14827564    0    0     0 57344 1826 1208 20  3 74  3  0
 2  0      0 394576 130440 14899368    0    0     0 74672 2244 1625 18  4 74  4  0
 0  2      0 330920 130440 14963212    0    0     0 106496 2175 1520 16  3 74  7  0
 2  0      0 259040 130452 15034572    0    0     0 25432 1775 1342 19  5 74  2  0
 0  2      0 194692 130452 15098752    0    0     0 65692 1793 1234 17  4 74  5  0
 2  0      0 152860 129968 15136840    0    0  1171 66452 2521 2232 17  4 73  5  0
 2  2      0 146708 129032 15142364    0    0  1339 24576 2200 2001 22  4 73  1  0
procs -----------memory---------- ---swap-- -----io---- -system-- ------cpu-----
 r  b   swpd   free   buff  cache   si   so    bi    bo   in   cs us sy id wa st
 2  0      0 162912 128180 15124192    0    0  1287 107400 2742 2052 15  4 73  7  0
 2  0      0 156884 127900 15130412    0    0    40     0 1349  982 21  5 74  0  0
 2  0      0 148072 127908 15138948    0    0     0 131936 2341 1684 14  4 74  8  0
 1  0      0 906880 127912 14379404    0    0     0 86656 2044 1397 12  5 81  3  0
 2  0      0 1660308 127916 13631200    0    0     0     0 2878  904 18  8 74  0  0
 0  2      0 1588012 127916 13700852    0    0     0 59392 1497 1203 19  4 74  4  0
 2  0      0 1533832 127924 13753888    0    0     0 72676 1558 1255 17  4 74  5  0
 2  0      0 1464588 127924 13824240    0    0     0     8 1251  894 22  5 74  0  0
 2  0      0 1424056 127928 13864164    0    0     0 131908 1755 1570 12  3 74 10  0
 2  0      0 1354504 127928 13933200    0    0     0   156 1308  933 22  4 74  0  0
 2  0      0 1307632 127936 13979112    0    0     0 131956 1789 1532 14  4 74  8  0
 2  0      0 1234328 127936 14052936    0    0     0     0 1264  928 22  4 74  0  0
 0  2      0 1180400 127936 14106552    0    0     0 94004 1620 1310 17  3 74  6  0
 3  0      0 1112108 127948 14174440    0    0     0 37936 1508 1292 19  4 74  3  0
 0  1      0 1049108 127956 14237232    0    0     0 102364 1814 1363 17  4 75  5  0
