procs -----------memory---------- ---swap-- -----io---- -system-- ------cpu-----
 r  b   swpd   free   buff  cache   si   so    bi    bo   in   cs us sy id wa st
 1  0      0 1717472 111268 5418748    0    0    30   719   65   51  5  1 93  0  0
 2  0      0 1717328 111268 5418536    0    0     0    20  773 1004  1  1 98  0  0
 1  0      0 1698188 111272 5429872    0    0   720  1000 1642 1827 21  8 71  1  0
 1  0      0 1674248 111272 5441336    0    0     0   532 1551 1469 22  8 70  0  0
 1  0      0 1651568 111272 5452388    0    0    72     0 1059 1057 21  6 73  0  0
 1  0      0 1627880 111272 5463960    0    0     0     0 1198 1213 22  6 72  0  0
 2  0      0 1604700 111272 5474996    0    0  1292     0 1272 1251 20  8 72  0  0
 2  0      0 1550520 111272 5514824    0    0    48    32 1410 1277 31 10 59  0  0
 1  0      0 1644564 111272 5467776    0    0     0 31036 1451 1327 21 10 68  1  0
 1  0      0 1619368 111272 5479724    0    0     0     0 1086 1092 20  7 72  0  0
 1  0      0 1594928 111272 5491600    0    0     0     4 1064 1075 21  6 73  0  0
 1  0      0 1572500 111272 5502696    0    0     0     0 1069 1066 20  8 72  0  0
 2  0      0 1544780 111272 5528200    0    0     0    20 1118 1094 26  7 67  0  0
 1  0      0 1572532 111272 5496300    0    0     0 31536 1857 1530 26  9 64  1  0
 1  0      0 1560216 111272 5508220    0    0     0     0 1033 1046 22  6 72  0  0
 2  0      0 1548408 111272 5520488    0    0     0     0 1015 1033 20  7 72  0  0
 1  0      0 1536340 111272 5532432    0    0     0     0 1155 1094 20  8 72  0  0
 2  0      0 1522984 111272 5547484    0    0     0     0 1122 1098 22  7 71  0  0
 1  0      0 1538880 111272 5525028    0    0     0 31224 1564 1246 28 10 60  2  0
 2  0      0 1526536 111272 5536912    0    0     0     0 1072 1105 22  5 73  0  0
 1  0      0 1514444 111272 5548636    0    0     0     4 1227 1124 21  7 72  0  0
procs -----------memory---------- ---swap-- -----io---- -system-- ------cpu-----
 r  b   swpd   free   buff  cache   si   so    bi    bo   in   cs us sy id wa st
 1  0      0 1503356 111272 5559388    0    0     0   204 1102 1124 21  6 72  0  0
 1  0      0 1491260 111272 5571260    0    0     0     0 1072 1063 21  6 73  0  0
 3  0      0 1501148 111276 5564792    0    0     0 31528 1834 1300 38 13 47  2  0
 3  0      0 1425576 111276 5650140    0    0     0    52 1462 1067 62 16 22  0  0
 2  0      0 1502748 111276 5564032    0    0     0 114252 2604 1716 36 12 48  4  0
 1  0      0 1490936 111276 5575132    0    0     0     0 1130 1075 21  8 72  0  0
 1  0      0 1478840 111276 5586788    0    0     0     8 1150 1146 22  5 72  0  0
 2  0      0 1458932 111276 5611912    0    0     0     0 1290 1138 27  8 65  0  0
 1  0      0 1502096 111276 5577892    0    0   448 31640 1932 1401 27  9 62  2  0
 1  0      0 1490256 111276 5589132    0    0     0     4 1160 1089 21  7 73  0  0
 1  0      0 1479420 111276 5599504    0    0     0     0 1224 1155 22  6 72  0  0
 1  0      0 1467076 111276 5611372    0    0     0     4 1111 1081 21  7 72  0  0
 1  0      0 1455736 111276 5622308    0    0     0     0 1097 1087 20  7 73  0  0
 1  0      0 1466340 111276 5604168    0    0     0 31584 1734 1422 32  9 58  1  0
 1  0      0 1452764 111276 5617352    0    0     0     0 1214 1141 21  7 72  0  0
 1  0      0 1440164 111276 5629484    0    0     0     8 1084 1068 22  6 72  0  0
 1  0      0 1428068 111276 5641116    0    0     0     0 1037 1070 21  6 73  0  0
 1  0      0 1416980 111276 5651996    0    0     0     0 1058 1024 21  7 72  0  0
 1  1      0 1379688 111276 5695464    0    0     0 31228 1686 1310 33  9 57  1  0
 1  0      0 1437228 111276 5645772    0    0     0   132 1129 1093 20  7 72  0  0
 1  0      0 1425636 111276 5657400    0    0     0     0 1076 1105 20  7 73  0  0
procs -----------memory---------- ---swap-- -----io---- -system-- ------cpu-----
 r  b   swpd   free   buff  cache   si   so    bi    bo   in   cs us sy id wa st
 1  0      0 1414044 111276 5668740    0    0     0     0 1039 1058 21  7 73  0  0
 1  0      0 1402200 111276 5680720    0    0     0     4 1120 1090 22  6 72  0  0
 2  0      0 1365408 111276 5718308    0    0     0     0 1175 1077 30  8 62  0  0
 5  0      0 1307496 111276 5772016    0    0     0 31108 1897 1345 73 18  7  2  0
 3  1      0 1180792 111276 5891972    0    0  1666 52724 2941 2403 81 17  0  2  0
 1  0      0 1388124 111276 5680120    0    0     0 171492 3544 2253 28 11 53  8  0
 1  0      0 1376784 111276 5691148    0    0     0     0 1051 1083 20  7 72  0  0
 1  0      0 1361464 111276 5701932    0    0  1667   268 1820 2030 22  8 71  0  0
 1  0      0 1374860 111276 5683044    0    0     0 31172 1881 1343 32 11 56  2  0
 1  0      0 1361788 111276 5695336    0    0     0    24 1126 1128 19  9 73  0  0
 1  0      0 1349948 111276 5707064    0    0     0     0 1038 1071 20  7 73  0  0
 1  0      0 1339364 111276 5717124    0    0     0     0 1062 1103 22  6 72  0  0
 1  0      0 1329568 111276 5728600    0    0     0   180 1233 1149 22  6 72  0  0
 2  0      0 1304120 111276 5754636    0    0     0   220 1146 1109 28  7 64  0  0
 1  0      0 1336444 111280 5719380    0    0   868 31004 1635 1347 27  8 62  2  0
 1  0      0 1324348 111280 5731684    0    0     0     0 1094 1125 21  7 72  0  0
 1  0      0 1312504 111280 5743048    0    0     0     0 1258 1163 22  6 72  0  0
 1  0      0 1302684 111280 5754224    0    0     0    52 1495 1443 24  8 67  0  0
 1  0      0 1291344 111280 5765176    0    0     0   752 1332 1156 22  6 73  0  0
 1  0      0 1325672 111280 5746612    0    0     0 31240 1583 1309 32  9 57  2  0
 1  0      0 1313024 111280 5758888    0    0     0    24 1242 1184 22  7 72  0  0
procs -----------memory---------- ---swap-- -----io---- -system-- ------cpu-----
 r  b   swpd   free   buff  cache   si   so    bi    bo   in   cs us sy id wa st
 1  0      0 1300756 111280 5771276    0    0     0     0 1170 1147 21  6 73  0  0
 1  0      0 1289256 111280 5782528    0    0     0     0 1121 1120 20  7 72  0  0
 1  0      0 1278864 111280 5793000    0    0     0    56 1196 1152 21  7 72  0  0
 2  0      0 1233536 111284 5835288    0    0     0  1212 1228 1138 32 10 57  0  0
 6  0      0 1202304 111284 5876152    0    0     0 30004 1839 1228 78 17  3  2  0
 6  0      0 1127488 111284 5949216    0    0     0     0 1437 1002 77 18  0  0  4
 5  0      0 1060708 111284 6012508    0    0     0     0 1682 1194 73 17  7  0  2
 4  2      0 1005016 111284 6064672    0    0     0 140060 2429 1611 66 19  4 10  1
 4  0      0 945292 111284 6123100    0    0     0 139844 3036 2097 58 15  7 20  0
 1  0      0 1276924 111284 5793848    0    0     0 50560 1915 1643 25 10 61  3  0
 1  0      0 1265096 111284 5804136    0    0     0    16 1148 1111 22  6 72  0  0
 2  0      0 1239392 111284 5828812    0    0     0     0 1138 1102 28  7 66  0  0
 1  0      0 1259516 111284 5796480    0    0     0 31472 1804 1401 26  9 62  3  0
 1  0      0 1248680 111284 5806756    0    0     0    12 1251 1274 21  7 72  0  0
 1  0      0 1231312 111284 5817256    0    0     0   468 2505 2673 26 10 64  0  0
 1  0      0 1221056 111284 5827064    0    0     0    24 1526 1537 23  6 71  0  0
 1  0      0 1210976 111284 5836492    0    0     0     0 1441 1548 22  9 70  0  0
 2  0      0 1193724 111284 5864220    0    0     0    16 1495 1512 29  9 62  0  0
 3  0      0 1231504 111284 5826604    0    0     0 31172 1908 1620 27  8 63  2  0
 1  0      0 1220756 111296 5837184    0    0     4   224 1701 1730 23 10 67  0  0
 1  0      0 1209196 111296 5848048    0    0   904     0 1403 1427 22  8 70  1  0
procs -----------memory---------- ---swap-- -----io---- -system-- ------cpu-----
 r  b   swpd   free   buff  cache   si   so    bi    bo   in   cs us sy id wa st
 1  0      0 1196924 111296 5858592    0    0    28    28 1519 1482 23  8 69  0  0
 1  0      0 1186120 111296 5869572    0    0   484   292 1576 1715 21  7 71  1  0
 1  1      0 1144852 111296 5912316    0    0     0 11856 1351 1193 32  9 59  1  0
 1  0      0 1188752 111296 5861708    0    0     0 20320 1595 1507 22  8 69  1  0
 1  0      0 1178204 111296 5872344    0    0     0     0 1293 1253 21  7 72  0  0
 1  0      0 1168100 111296 5882132    0    0     0    20 1204 1191 20  7 72  0  0
 1  0      0 1158132 111296 5892188    0    0     0   352 1237 1166 22  6 72  0  0
 1  0      0 1148308 111296 5902524    0    0     0   584 1259 1210 22  6 72  0  0
 8  0      0 1171304 111296 5884068    0    0     0 31280 1803 1522 38 11 50  2  0
 5  0      0 1086360 111296 5991572    0    0     0     4 1674 1249 80 18  1  0  0
 5  0      0 970440 111300 6099992    0    0     4   220 1629 1338 82 17  1  0  0
 2  1      0 889308 111300 6178640    0    0     0 253852 5055 2751 54 17 11 18  0
 1  0      0 1136188 111300 5912460    0    0     0 29028 1877 1559 28 11 59  1  0
 1  0      0 1134356 111300 5922500    0    0     0   256 1523 1492 23  7 70  0  0
 2  0      0 1118228 111300 5936156    0    0     0     0 1179 1195 23  7 70  0  0
 3  0      0 1133040 111300 5913088    0    0     0 31084 1615 1331 33  8 57  2  0
 1  0      0 1121700 111300 5924492    0    0     0   496 1223 1129 21  7 72  0  0
 1  0      0 1110612 111300 5935276    0    0     0     0 1126 1148 22  6 72  0  0
 1  0      0 1099020 111300 5946652    0    0     0     0 1069 1109 20  7 72  0  0
 1  0      0 1087948 111300 5957288    0    0     0   216 1111 1093 22  5 73  0  0
 1  1      0 1048420 111304 6000900    0    0     0  4528 1233 1142 31 10 59  0  0
procs -----------memory---------- ---swap-- -----io---- -system-- ------cpu-----
 r  b   swpd   free   buff  cache   si   so    bi    bo   in   cs us sy id wa st
 1  0      0 1097864 111304 5950576    0    0     0 26760 1619 1283 22  6 70  1  0
 1  0      0 1085528 111304 5961996    0    0  1666    40 1850 2093 22  7 71  0  0
 1  0      0 1074952 111304 5973164    0    0     0     0 1065 1080 22  6 72  0  0
 1  0      0 1064148 111304 5984320    0    0     0   304 1214 1118 22  6 72  0  0
 2  0      0 1046048 111304 6001672    0    0  1171     0 1651 1883 25  8 67  0  0
 1  0      0 1064004 111304 5976008    0    0   496 31192 1687 1420 31 10 58  1  0
 1  0      0 1052664 111304 5987308    0    0     0   332 1172 1138 20  7 73  0  0
 1  0      0 1041072 111304 5998580    0    0     0     0 1167 1093 21  8 72  0  0
 2  0      0 1030488 111304 6009324    0    0   536    80 1118 1104 22  6 72  0  0
 1  0      0 1019904 111304 6019632    0    0     0   176 1126 1114 21  6 73  0  0
 2  0      0 984876 111304 6062480    0    0     0  3536 1220 1115 31 10 59  0  0
 4  0      0 959980 111304 6111960    0    0     0 27908 1957 1198 77 19  3  1  0
 3  0      0 856620 111308 6198948    0    0     0 192408 3757 2291 69 16  9  7  0
 1  0      0 1041252 111308 6028152    0    0     0     0  994 1059 22  7 71  0  0
 2  0      0 1030920 111308 6038216    0    0     0     0 1002 1113 21  7 72  0  0
 1  0      0 1019608 111308 6049028    0    0     0   272 1212 1136 21  7 72  0  0
 1  0      0 1019376 111308 6029608    0    0     0 31520 1615 1332 30 12 57  1  0
 1  0      0 1006804 111308 6041732    0    0     0    36 1013 1074 21  6 73  0  0
 1  0      0 994204 111308 6053640    0    0   160     0 1073 1174 20  8 72  0  0
 1  0      0 981104 111308 6065512    0    0     0     0 1125 1121 21  7 72  0  0
 2  0      0 969036 111308 6077112    0    0     0     0  984 1102 21  6 73  0  0
procs -----------memory---------- ---swap-- -----io---- -system-- ------cpu-----
 r  b   swpd   free   buff  cache   si   so    bi    bo   in   cs us sy id wa st
 2  0      0 936780 111308 6112324    0    0     0   392 1184 1089 31  7 61  0  0
 1  0      0 980604 111308 6070332    0    0     0 30996 1496 1328 24  7 67  2  0
 1  0      0 968036 111308 6082436    0    0     0    24 1107 1069 22  6 72  0  0
 1  0      0 956192 111308 6093880    0    0     0     0 1075 1159 21  6 72  0  0
 1  0      0 944132 111308 6105456    0    0     0     0 1038 1052 22  6 73  0  0
 3  0      0 926004 111308 6130640    0    0     0    12 1167 1123 25  8 66  0  0
 1  0      0 952176 111308 6098252    0    0     0 31084 1609 1308 27  9 62  1  0
 2  0      0 941088 111308 6109356    0    0     0    28 1070 1124 20  8 72  0  0
 2  0      0 929496 111308 6120504    0    0     0     4 1032 1049 20  7 73  0  0
 5  0      0 917684 111308 6131536    0    0     0     4 1089 1078 20  7 73  0  0
 2  0      0 905840 111308 6143176    0    0     0   328 1259 1189 22  6 72  0  0
 6  0      0 912760 111308 6153324    0    0     0 31480 1827 1438 47 11 40  1  0
 6  0      0 769880 111308 6295472    0    0   824     0 1524 1071 78 17  5  0  0
 4  1      0 628788 111316 6432020    0    0     0 124488 3285 1736 77 17  4  2  0
 5  0      0 891384 111316 6168716    0    0   156 183324 4275 2414 40 14 40  7  0
 3  0      0 834940 111316 6223996    0    0     0 32068 1761 1334 40 11 46  2  0
 3  0      0 780036 111316 6278956    0    0     0 34404 1800 1311 39 12 47  2  0
 3  0      0 750548 111316 6316860    0    0     0 90564 2350 1600 38 11 47  4  0
 2  0      0 914092 111316 6150076    0    0     0   204 1090 1082 19  8 72  0  0
 3  0      0 901520 111316 6162168    0    0     0     0  982 1047 21  7 72  0  0
 3  0      0 889676 111316 6173720    0    0     0     8 1044 1080 21  7 73  0  0
procs -----------memory---------- ---swap-- -----io---- -system-- ------cpu-----
 r  b   swpd   free   buff  cache   si   so    bi    bo   in   cs us sy id wa st
 3  0      0 877360 111316 6185076    0    0     0    20 1130 1132 21  7 72  0  0
 5  0      0 842332 111316 6220492    0    0   852   492 1158 1095 29  9 62  0  0
 2  0      0 894828 111316 6178544    0    0     0 30956 1483 1301 24  7 68  1  0
 2  0      0 882760 111316 6190320    0    0     0    24 1142 1107 22  6 72  0  0
 2  0      0 870412 111316 6201860    0    0     0    12 1146 1158 20  8 72  0  0
 2  0      0 858320 111316 6213656    0    0     0   288 1065 1087 21  7 72  0  0
 3  0      0 833624 111316 6233904    0    0     0     0 1064 1055 24  8 68  0  0
 2  0      0 854712 111316 6206028    0    0     0 31348 1796 1349 29  9 61  1  0
 2  0      0 842616 111316 6218108    0    0     0     0 1052 1059 21  7 72  0  0
 2  0      0 830296 111316 6230048    0    0     0    24 1010 1051 20  7 73  0  0
 2  0      0 817728 111316 6241848    0    0     0   160 1024 1086 20  7 73  0  0
 2  0      0 806388 111316 6252932    0    0     0     8 1096 1064 21  7 72  0  0
 9  0      0 802176 111316 6277388    0    0     0 31360 1738 1359 53 15 32  1  0
11  0      0 681248 111316 6397892    0    0     0     0 1438 1063 81 19  1  0  0
 7  0      0 547688 111316 6527296    0    0     0 115420 3525 1788 79 17  1  3  0
 4  0      0 807516 111316 6255924    0    0     0 235956 5210 2534 55 19 16 10  0
 2  1      0 753100 111316 6310276    0    0   896 36872 1684 1227 41 11 47  2  0
 3  0      0 750432 111320 6312992    0    0    92 10944 1445 1191 42 10 47  1  0
 3  0      0 718368 111320 6327488    0    0     0 97176 2947 1753 51 14 31  3  0
 3  0      0 795280 111320 6245000    0    0   547 53820 2291 1627 39 12 47  3  0
 2  0      0 783320 111320 6256404    0    0  1707   396 1590 1711 23  6 71  0  0
procs -----------memory---------- ---swap-- -----io---- -system-- ------cpu-----
 r  b   swpd   free   buff  cache   si   so    bi    bo   in   cs us sy id wa st
 5  0      0 771980 111320 6267908    0    0     0     0  957 1013 23  4 73  0  0
 3  0      0 759916 111320 6278996    0    0   476     0 1193 1180 21  8 72  0  0
 3  0      0 738512 111320 6297968    0    0  2423    92 1905 2071 25  7 67  1  0
 3  0      0 768096 111320 6270868    0    0   964 31420 1340 1260 29  9 60  2  0
 4  0      0 757036 111320 6281884    0    0    60   104 1100 1108 22  6 72  0  0
 4  0      0 744468 111320 6293448    0    0     0     4 1051 1051 21  6 72  0  0
 3  0      0 732372 111320 6305608    0    0     0     0 1002 1051 21  7 72  0  0
 3  0      0 720780 111320 6316964    0    0    80    88  987 1047 21  7 73  0  0
 3  0      0 749504 111320 6299224    0    0  1356 31352 1457 1297 32  9 57  2  0
 3  0      0 737440 111320 6311080    0    0    88    20 1122 1094 21  7 72  0  0
 2  0      0 725692 111320 6322648    0    0     0   296 1037 1035 20  7 72  0  0
 2  0      0 713256 111320 6334432    0    0     0     0 1046 1083 21  6 73  0  0
 2  0      0 702196 111320 6345412    0    0     0    84 1162 1095 22  7 72  0  0
 4  0      0 656332 111320 6386940    0    0     0   280 1168 1057 34  7 58  0  0
10  0      0 609300 111320 6456196    0    0     0 30992 1886 1311 77 20  3  1  0
 8  0      0 456628 111320 6600204    0    0     0 48404 2392 1384 82 17  0  1  0
 4  1      0 327856 111320 6724596    0    0     0 229088 4002 2205 72 17  0 10  0
 3  0      0 662344 111328 6393628    0    0     0 89360 2870 2253 38 12 42  8  0
 3  0      0 610684 111328 6444760    0    0     0 66208 2002 1384 37 13 47  3  0
 5  0      0 539872 111328 6515296    0    0     0   296 1321 1169 46 12 41  0  0
 4  0      0 689828 111328 6361048    0    0     0 107248 3176 1960 44 13 38  5  0
procs -----------memory---------- ---swap-- -----io---- -system-- ------cpu-----
 r  b   swpd   free   buff  cache   si   so    bi    bo   in   cs us sy id wa st
 3  0      0 641940 111328 6415056    0    0     0    20 1278 1120 43 10 47  0  0
 3  0      0 598444 111328 6457928    0    0   508 66124 2107 1370 39 11 47  4  0
 3  0      0 549592 111332 6507892    0    0   360 66180 1718 1542 40 11 46  3  0
 3  0      0 495916 111332 6560672    0    0     0   252 1306 1059 41 12 47  0  0
 4  1      0 429904 111336 6627580    0    0     0 72864 1559 1314 46 13 36  4  0
 2  0      0 694560 111352 6353420    0    0   976 34920 1533 1330 25  9 63  2  0
 2  0      0 682348 111352 6364356    0    0     0     4 1054 1052 23  5 72  0  0
 3  0      0 671512 111352 6374756    0    0   692     0 1032 1043 20  8 72  0  0
 2  0      0 660424 111352 6385336    0    0     0     0  967 1041 20  8 72  0  0
 3  0      0 650200 111352 6395764    0    0   216   272 1109 1080 22  6 71  1  0
 4  0      0 610760 111360 6426328    0    0     0 31320 1653 1240 34  9 56  2  0
 3  0      0 669364 111360 6387244    0    0     0    20 1026 1059 21  7 73  0  0
 4  0      0 659536 111360 6397380    0    0  1568     0 1038 1089 21  7 72  0  0
 2  0      0 648952 111360 6407572    0    0     0     0  973 1028 21  7 72  0  0
 4  0      0 638144 111360 6417832    0    0     0     8 1015 1030 21  7 72  0  0
 2  0      0 627816 111364 6428328    0    0     0   168 1050 1087 21  6 73  0  0
 6  0      0 618580 111364 6430304    0    0     0 31084 1823 1323 45 11 42  2  0
 7  0      0 506620 111364 6556920    0    0     0     0 1503 1093 83 17  0  0  0
 4  1      0 380872 111368 6680340    0    0     0 125572 2671 1662 76 19  2  4  0
 2  0      0 621736 111376 6436820    0    0     0 177140 3203 2273 52 17 23  7  0
 2  0      0 572916 111376 6487880    0    0     0   376 1550 1226 44  9 47  0  0
procs -----------memory---------- ---swap-- -----io---- -system-- ------cpu-----
 r  b   swpd   free   buff  cache   si   so    bi    bo   in   cs us sy id wa st
 2  0      0 537056 111376 6529840    0    0     0 66232 1442 1305 38 11 48  4  0
 3  0      0 462348 111376 6603972    0    0     0   172 1285 1063 53 12 35  0  0
 1  0      0 639736 111384 6424232    0    0     0 88604 2286 1753 27  8 60  5  0
 1  0      0 628408 111384 6434852    0    0     0     0 1150 1106 20  8 72  0  0
 1  0      0 618328 111384 6444892    0    0     0     0 1086 1092 21  7 73  0  0
 1  0      0 606768 111384 6454952    0    0     0     0 1077 1089 22  5 72  0  0
 1  0      0 597716 111384 6464904    0    0     0   104 1253 1185 21  7 72  0  0
 2  0      0 564984 111384 6495816    0    0     0   212 1228 1102 29  9 62  0  0
 1  0      0 594940 111392 6454256    0    0   276 31076 1296 1231 27  7 64  2  0
 1  0      0 584608 111392 6464264    0    0     0   336 1060 1093 21  7 72  0  0
 1  0      0 573300 111392 6474304    0    0     0     4 1195 1136 21  7 71  0  0
 1  0      0 564500 111392 6483548    0    0   340    92 1089 1112 22  7 72  0  0
 1  0      0 553916 111392 6493624    0    0     0    32 1024 1076 21  6 72  0  0
 4  0      0 537536 111392 6516984    0    0   112   308 1141 1094 25  8 67  0  0
 1  0      0 564616 111396 6485340    0    0     0 31076 1327 1264 28  9 62  1  0
 1  0      0 553780 111396 6495688    0    0     0     0 1056 1109 20  8 72  0  0
 1  0      0 541460 111396 6506696    0    0     0     0 1042 1056 21  7 72  0  0
 1  0      0 522820 111396 6517132    0    0  1666    24 1928 2087 22  8 70  0  0
 1  0      0 511480 111396 6528012    0    0     0     4 1120 1104 22  6 72  0  0
 2  0      0 479732 111396 6560220    0    0     0   444 1223 1149 31  7 61  0  0
 5  0      0 484244 111400 6579452    0    0  1815 31160 1919 1735 70 14 14  2  0
procs -----------memory---------- ---swap-- -----io---- -system-- ------cpu-----
 r  b   swpd   free   buff  cache   si   so    bi    bo   in   cs us sy id wa st
 6  0      0 360512 111400 6703308    0    0     0     0 1498 1099 84 16  0  0  0
 5  0      0 247364 111408 6816060    0    0     0 210100 4475 2690 67 20  1 11  1
 2  0      0 517476 111408 6540732    0    0     0 134508 2988 2042 58 16 18  8  0
 2  0      0 460656 111408 6600300    0    0     0   272 1385 1104 41 12 47  0  0
 2  0      0 406476 111412 6653804    0    0     0 66732 2298 1477 38 12 47  3  0
 3  0      0 488880 111416 6558224    0    0     0 67768 2157 1463 48 17 32  3  0
 2  0      0 435736 111420 6609476    0    0     0 66272 2269 1463 39 11 47  3  0
 2  0      0 503292 111424 6537536    0    0     0 21124 1477 1287 25 10 65  1  0
 1  0      0 492708 111424 6548432    0    0     0   104 1255 1302 21  6 73  0  0
 1  0      0 485652 111424 6559312    0    0     0     0 1015 1059 21  6 72  0  0
 2  0      0 464232 111424 6586120    0    0     0     0 1217 1180 27  7 65  0  0
 1  0      0 489672 111436 6552236    0    0     0 31128 1558 1255 26  9 63  2  0
 1  0      0 476080 111436 6563300    0    0     0     0 1102 1105 21  8 72  0  0
 1  0      0 464992 111436 6574516    0    0   868   328 1396 1231 22  6 71  1  0
 1  0      0 453904 111436 6585244    0    0   176     4 1095 1106 22  6 72  0  0
 1  0      0 443068 111436 6596372    0    0     0     0 1055 1044 21  7 72  0  0
 1  0      0 468072 111440 6577288    0    0   860 31252 1871 1438 34  9 55  2  0
 2  0      0 454468 111440 6589068    0    0  1028     4 1077 1041 21  7 72  0  0
 1  0      0 442400 111440 6600520    0    0     0    28 1177 1174 22  6 72  0  0
 1  0      0 430052 111440 6612056    0    0   768     0 1282 1190 21  7 71  0  0
 1  0      0 416444 111440 6623560    0    0   684    32 1235 1175 20  8 71  0  0
procs -----------memory---------- ---swap-- -----io---- -system-- ------cpu-----
 r  b   swpd   free   buff  cache   si   so    bi    bo   in   cs us sy id wa st
 2  0      0 371840 111440 6660800    0    0   652   200 1286 1156 31  8 60  0  0
 7  0      0 347412 111444 6701668    0    0     0 31040 1897 1296 72 16 10  2  0
 9  0      0 221944 111444 6824880    0    0     0    16 1474 1055 83 16  1  0  0
 6  0      0 133744 111444 6915568    0    0   156 246684 4917 2745 66 17  4 13  0
 2  0      0 230804 111428 6835472    0    0     0 158360 4301 1892 65 18 14  2  0
 2  0      0 460004 111428 6596332    0    0   852     0 1787 1055 39 14 46  0  0
 2  0      0 412408 111428 6642140    0    0     0 66164 2071 1335 38 11 47  4  0
 3  0      0 422880 111428 6633588    0    0   124 16192 1811 1365 52 14 33  1  0
 2  0      0 443864 111428 6625788    0    0   720 97120 2561 1445 39 12 44  4  0
 2  0      0 382884 111428 6686068    0    0     0   100 1337 1126 42 10 48  0  0
 2  0      0 327220 111428 6739896    0    0   668 66100 2330 1511 40 10 47  3  0
 1  0      0 502208 111428 6565324    0    0     0 58080 2096 1463 31 12 54  3  0
 3  0      0 487624 111428 6578328    0    0     0     0 1099 1077 21  8 72  0  0
 1  0      0 499960 111428 6557336    0    0     0 31112 1656 1324 29 11 59  2  0
 1  0      0 487644 111428 6568836    0    0     0   528 1331 1175 22  6 72  0  0
 1  0      0 475076 111428 6580660    0    0     0    28 1126 1137 21  6 73  0  0
 1  0      0 463232 111428 6592408    0    0     0     0 1084 1062 20  7 73  0  0
 1  0      0 452396 111428 6603296    0    0     0     0 1095 1114 21  7 72  0  0
 1  0      0 460292 111428 6583792    0    0     0 31324 1772 1400 33 10 56  1  0
 1  0      0 455940 111428 6596440    0    0     0    84 1258 1212 21  7 72  0  0
 1  0      0 443120 111428 6607528    0    0     0    24 1204 1165 20  7 72  0  0
procs -----------memory---------- ---swap-- -----io---- -system-- ------cpu-----
 r  b   swpd   free   buff  cache   si   so    bi    bo   in   cs us sy id wa st
 1  0      0 431276 111428 6618536    0    0     0     0 1165 1181 21  7 72  0  0
 1  0      0 418424 111428 6629680    0    0     0     0 1275 1204 21  7 72  0  0
 2  0      0 387428 111428 6660676    0    0   924   200 1323 1202 29  8 64  0  0
 5  0      0 378324 111428 6689732    0    0     0 31108 1829 1237 68 14 16  2  0
 4  1      0 251568 111428 6815544    0    0     0 32032 1834 1260 83 15  1  1  0
 5  0      0 140212 111428 6921188    0    0     0 70228 2250 1551 81 16  3  0  0
 2  0      0 131240 111416 6936416    0    0     0 226708 3294 2263 64 17  9  9  0
 2  0      0 490212 111412 6573704    0    0     0 44352 3146 1263 39 15 45  2  0
 2  0      0 442876 111412 6625256    0    0     0   652 1628 1212 43 10 47  0  0
 3  0      0 385676 111412 6681056    0    0     0 66504 2179 1364 44 13 40  3  0
 2  0      0 483484 111412 6560528    0    0     0 72348 2303 1476 47 14 37  3  0
 1  1      0 428556 111412 6617992    0    0   136  4376 1320 1090 42 11 47  0  0
 2  0      0 377680 111412 6668112    0    0     0 61732 2357 1475 39 11 46  3  0
 2  0      0 331312 111412 6713736    0    0     0 66068 2093 1503 39 10 47  4  0
 2  0      0 274888 111412 6766500    0    0  1666   120 1946 1992 42 12 46  0  0
 3  0      0 218468 111412 6831160    0    0     0 66092 2234 1403 46 13 37  4  0
 2  0      0 209812 111412 6833340    0    0     0 31104 1788 1374 45 14 40  1  0
 1  0      0 470436 111412 6560124    0    0   548 77164 2184 1775 32 13 52  4  0
 1  0      0 460356 111412 6569824    0    0  1119     0 1446 1557 22  7 71  0  0
 1  0      0 450056 111412 6579944    0    0     0   592 1289 1145 21  7 72  1  0
 1  0      0 439724 111412 6589728    0    0     0     0 1238 1122 21  7 71  0  0
procs -----------memory---------- ---swap-- -----io---- -system-- ------cpu-----
 r  b   swpd   free   buff  cache   si   so    bi    bo   in   cs us sy id wa st
 2  0      0 418556 111412 6615744    0    0     0    28 1213 1163 26  9 66  0  0
 1  0      0 448236 111412 6580604    0    0     0 31260 1555 1240 27  8 63  2  0
 2  0      0 436644 111412 6592156    0    0     0     4 1108 1064 22  6 72  0  0
 1  0      0 425332 111412 6603224    0    0     0   220 1291 1164 22  7 72  0  0
 1  0      0 413488 111412 6614748    0    0     0    52 1097 1037 21  7 72  0  0
 1  0      0 412380 111412 6625332    0    0   140     4 1294 1265 22  6 72  0  0
 6  0      0 442592 111412 6611848    0    0     0 31300 1739 1323 39 12 48  1  0
 8  0      0 350984 111412 6718840    0    0     0     0 1562 1091 85 15  0  0  0
 6  0      0 240104 111412 6827656    0    0   832 50656 1887 1484 81 17  0  2  0
 3  2      0 117660 111412 6945936    0    0     0 87588 1880 1425 82 17  0  1  0
 3  0      0 468052 111404 6594032    0    0     0 211932 7560 2671 47 18 21 13  0
 2  0      0 417548 111404 6643652    0    0     0    20 1397 1128 41 12 47  0  0
 2  0      0 377516 111404 6686480    0    0     0 66036 2043 1397 40 10 47  3  0
 2  1      0 352532 111404 6703364    0    0     0 31476 2080 1406 54 15 29  2  0
 2  0      0 306772 111404 6749140    0    0     0 66124 2027 1395 40 11 46  3  0
 2  0      0 450408 111404 6601660    0    0     0 42752 2112 1395 37 14 47  2  0
 1  1      0 396984 111404 6653868    0    0     0 49056 1852 1202 39 10 48  3  0
 2  0      0 341572 111404 6708964    0    0   124 17048 1460 1200 40 12 47  1  0
 3  0      0 290164 111404 6759956    0    0     0 66212 2112 1457 38 12 47  4  0
 3  0      0 264336 111404 6788588    0    0     0 31348 1873 1205 54 13 32  1  0
 1  0      0 470052 111404 6579692    0    0     0 77348 2304 1495 26 11 61  3  0
procs -----------memory---------- ---swap-- -----io---- -system-- ------cpu-----
 r  b   swpd   free   buff  cache   si   so    bi    bo   in   cs us sy id wa st
 1  0      0 457760 111404 6591284    0    0     0     0 1138 1120 22  6 72  0  0
 1  0      0 445120 111404 6602360    0    0     0    20 1243 1180 21  7 72  0  0
 1  0      0 433632 111404 6613396    0    0     0   152 1145 1152 20  7 72  0  0
 2  0      0 392808 111404 6653896    0    0     0   224 1135 1032 30 10 60  0  0
 1  0      0 449068 111408 6605924    0    0     0 31264 1569 1238 20  9 70  1  0
 4  0      0 435740 111408 6617532    0    0     0     8 1283 1151 19  9 72  0  0
 1  0      0 424652 111408 6628652    0    0     0     0 1125 1124 21  6 72  0  0
 1  0      0 412556 111408 6639816    0    0     0    24 1137 1143 21  6 72  0  0
 2  0      0 401976 111408 6651012    0    0     0   104 1092 1076 22  6 72  0  0
 5  0      0 392712 111408 6678948    0    0     0 31244 1814 1273 57 13 28  2  0
 6  0      0 260692 111408 6808224    0    0   748     4 1546 1134 83 17  0  0  0
 5  0      0 138220 111416 6928808    0    0     0 211764 4464 2441 76 16  0  7  0
 2  0      0 412036 111412 6653936    0    0   480 92148 3010 2000 41 15 38  5  0
 1  1      0 364840 111416 6708600    0    0     0 49496 1971 1335 40 11 47  2  0
 2  0      0 310192 111420 6761968    0    0   700 17512 1720 1413 40 11 47  2  0
 2  1      0 221516 111420 6840276    0    0     0 90660 2366 1422 49 14 32  5  0
 2  0      0 217220 111420 6835476    0    0     0  6516 1552 1257 42 11 46  1  0
 2  0      0 171360 111420 6880152    0    0     0 66060 2121 1411 38 11 47  4  0
 1  0      0 398328 111420 6645380    0    0     0 44680 1734 1401 31 10 57  2  0
 1  0      0 385980 111420 6656836    0    0     0     0 1095 1103 19  8 73  0  0
 1  0      0 374928 111420 6667356    0    0     0     4 1259 1209 20  8 72  0  0
procs -----------memory---------- ---swap-- -----io---- -system-- ------cpu-----
 r  b   swpd   free   buff  cache   si   so    bi    bo   in   cs us sy id wa st
 1  0      0 399740 111420 6648572    0    0     0 31132 1707 1351 32 10 56  2  0
 1  0      0 386640 111420 6660452    0    0     0     0 1165 1174 21  6 73  0  0
 1  0      0 374292 111420 6671704    0    0   132    28 1192 1133 21  7 72  0  0
 1  0      0 362236 111420 6682064    0    0     4    52 1316 1288 22  6 71  0  0
 1  0      0 351652 111420 6692060    0    0     0     0 1146 1135 21  7 72  0  0
 2  0      0 311336 111420 6724564    0    0     0   204 1208 1138 29  9 62  0  0
 2  0      0 347804 111420 6683272    0    0     0 31072 1359 1309 25  7 66  1  0
 1  0      0 336224 111420 6694208    0    0     0   436 1318 1205 22  7 71  0  0
 1  0      0 325136 111420 6704960    0    0     0    28 1127 1094 22  5 73  0  0
 1  0      0 314060 111420 6715484    0    0     0     0 1081 1060 22  6 72  0  0
 1  0      0 303728 111420 6725624    0    0     0     0 1088 1075 21  7 72  0  0
 2  0      0 261648 111420 6765268    0    0  1666   268 1844 1868 35 10 56  0  0
 7  0      0 237348 111424 6807500    0    0     0 31216 1583 1393 73 18  6  2  0
 5  0      0 116892 111424 6924876    0    0     0    24 1475 1116 82 17  1  0  0
 5  0      0 129808 111408 6923892    0    0     0 150244 2971 1881 77 17  0  5  0
 3  0      0 478140 111404 6566876    0    0  1667 202692 3738 2968 52 19 19  9  1
 2  0      0 436876 111404 6618928    0    0   424     0 1681 1151 42 13 46  0  0
 1  1      0 403652 111404 6650368    0    0   256 65932 1380 1301 34 11 44 10  0
 5  0      0 371676 111404 6679964    0    0     0   768 1357 1098 48 14 37  1  1
 2  0      0 355140 111404 6696256    0    0     0 31224 1733 1311 54 15 29  2  0
 2  0      0 306812 111404 6743840    0    0   204 66020 1446 1356 40 10 47  3  0
procs -----------memory---------- ---swap-- -----io---- -system-- ------cpu-----
 r  b   swpd   free   buff  cache   si   so    bi    bo   in   cs us sy id wa st
 2  0      0 473376 111404 6576112    0    0     0 54120 1389 1347 38 12 47  3  0
 2  0      0 427616 111404 6624432    0    0     0   208 1175 1001 43  9 47  0  0
 2  0      0 460032 111404 6587312    0    0     0 71184 1563 1523 38 12 46  4  0
 2  0      0 407644 111404 6638024    0    0   104    20 1356 1122 43 11 46  0  0
 2  0      0 377512 111404 6652144    0    0     0 97396 2510 1633 51 13 31  5  0
 2  0      0 325880 111404 6703360    0    0     0     0 1246 1088 41 12 47  0  0
 3  0      0 280280 111404 6747084    0    0     0 66108 2250 1414 38 13 46  4  0
 1  1      0 230636 111404 6796664    0    0     0 49460 1847 1341 41 10 46  3  0
 2  0      0 185528 111404 6841144    0    0     0 16996 1566 1333 41 11 47  2  0
 1  0      0 434108 111404 6591008    0    0   140 37692 1531 1414 22 10 66  3  0
 1  0      0 463004 111404 6569296    0    0     0 31156 1373 1240 33 11 53  2  0
 1  0      0 451448 111404 6579548    0    0     0     0 1102 1098 21  6 72  0  0
 1  0      0 441116 111404 6589760    0    0     0     0 1020 1069 21  6 72  0  0
 1  0      0 430280 111404 6600288    0    0     0     0 1025 1047 20  7 72  0  0
 1  0      0 419696 111404 6610656    0    0     0    16 1117 1115 22  6 72  0  0
 1  0      0 408888 111404 6620876    0    0     0   324 1142 1112 21  7 72  0  0
 6  0      0 419916 111404 6613588    0    0     0 31076 1349 1245 44  9 45  2  0
 5  0      0 317916 111404 6730660    0    0     0   240 1392 1039 83 16  0  0  0
 5  0      0 196984 111404 6844772    0    0     0 122092 3271 1985 75 18  0  7  0
 2  0      0 116420 111404 6930100    0    0     0 175936 3998 3381 72 17  7  4  0
 2  0      0 446304 111400 6612284    0    0     0 20068 1805 1478 40 15 44  1  0
procs -----------memory---------- ---swap-- -----io---- -system-- ------cpu-----
 r  b   swpd   free   buff  cache   si   so    bi    bo   in   cs us sy id wa st
 2  0      0 388388 111400 6666148    0    0     0   184 1317 1164 43 12 45  0  0
 2  1      0 310804 111400 6742272    0    0   812 70996 2151 1428 51 13 31  4  0
 1  1      0 333344 111400 6725772    0    0   952 78976 1875 1470 40 11 44  6  0
 2  0      0 469064 111404 6581896    0    0     0 31584 1499 1271 31  9 57  2  0
 2  0      0 458760 111404 6591940    0    0   416    28 1059 1092 22  7 71  0  0
 1  0      0 447716 111404 6601864    0    0  2396   204 1334 1189 23  6 70  1  0
 1  0      0 437412 111404 6611832    0    0     0    28 1081 1113 21  7 72  0  0
 2  0      0 388788 111404 6652568    0    0   976    68 1180 1087 34  9 57  0  0
 1  0      0 434640 111404 6602216    0    0   308 31180 1593 1347 21  8 68  2  0
 1  0      0 423808 111404 6612120    0    0   564     0 1112 1091 21  7 72  0  0
 1  0      0 414260 111404 6621484    0    0     0   284 1099 1058 21  7 72  0  0
 1  0      0 403928 111404 6630936    0    0     0   472 1038 1068 22  5 72  0  0
 1  0      0 393848 111404 6641048    0    0  1504     0 1098 1076 21  7 71  1  0
 3  0      0 360332 111404 6673992    0    0     0   320 1096 1040 31  8 61  0  0
 1  0      0 397620 111404 6632932    0    0   928 31060 1651 1370 26  7 65  2  0
 1  0      0 384532 111404 6644696    0    0     0   188 1039 1040 21  6 72  0  0
 1  0      0 372464 111404 6656396    0    0   848    28 1137 1153 21  7 72  0  0
 1  0      0 360624 111404 6667208    0    0   164     4 1161 1117 21  8 72  0  0
 1  0      0 350544 111404 6677120    0    0   324     0 1007 1043 21  7 71  0  0
 6  0      0 371388 111404 6665136    0    0    56 31220 1529 1165 42 10 46  2  0
 5  0      0 255028 111404 6794576    0    0     0     0 1408 1062 83 17  0  0  0
procs -----------memory---------- ---swap-- -----io---- -system-- ------cpu-----
 r  b   swpd   free   buff  cache   si   so    bi    bo   in   cs us sy id wa st
 6  0      0 128048 111404 6918104    0    0     0   216 1480 1069 83 17  0  0  0
 5  0      0 121096 111392 6930728    0    0     0 279088 5175 2964 65 16  5 15  0
 3  0      0 507608 111376 6534776    0    0     0 93236 2316 1822 49 16 33  3  0
 2  0      0 460504 111376 6584540    0    0     0     0 1497 1107 41 13 46  0  0
 3  0      0 462644 111376 6574024    0    0     0 53768 1783 1319 41 10 45  4  0
 2  0      0 454524 111376 6589076    0    0     0 97336 2691 1628 49 13 33  5  0
 2  0      0 404128 111376 6643656    0    0   156   468 1399 1114 42 11 47  0  0
 2  0      0 357284 111376 6688204    0    0     0 66124 2200 1420 37 11 48  3  0
 4  0      0 302096 111376 6741772    0    0   688     0 1587 1521 43 11 46  0  0
 2  1      0 258632 111376 6781168    0    0  1614 74024 2486 2027 37 12 46  5  0
 3  0      0 471072 111376 6573940    0    0     0 10524 1452 1177 40 11 47  1  0
 3  0      0 441412 111376 6586992    0    0   724 97204 1913 1541 49 17 29  5  0
 2  0      0 495996 111376 6521832    0    0  1667 12892 2115 2198 28 10 61  1  0
 3  0      0 485440 111376 6532096    0    0    32     4 1150 1156 21  7 72  0  0
 1  0      0 475656 111376 6541648    0    0     0     0 1100 1074 22  7 72  0  0
 5  0      0 466964 111376 6550768    0    0     0     0 1095 1093 22  6 72  0  0
 1  0      0 457828 111376 6560392    0    0     0   228 1172 1079 22  6 72  0  0
 2  0      0 434172 111376 6600168    0    0     0   396 1367 1161 34  9 56  0  0
 1  0      0 469248 111376 6550356    0    0     0 31044 1442 1219 21  8 69  2  0
 1  0      0 459168 111376 6560248    0    0     0     4 1097 1097 21  7 72  0  0
 1  0      0 448584 111376 6570128    0    0    60     4 1068 1053 22  6 72  0  0
procs -----------memory---------- ---swap-- -----io---- -system-- ------cpu-----
 r  b   swpd   free   buff  cache   si   so    bi    bo   in   cs us sy id wa st
 1  0      0 439260 111376 6579012    0    0     0   172 1099 1125 22  7 71  0  0
 1  0      0 429432 111376 6588376    0    0     0    24 1243 1162 24  5 71  0  0
 2  0      0 409272 111376 6615312    0    0     0   232 1186 1144 30  6 64  0  0
 6  0      0 416624 111376 6631284    0    0     0 31256 1776 1280 61 13 23  3  0
 5  0      0 304992 111376 6756196    0    0     0     0 1519 1160 81 17  2  0  0
 6  0      0 187392 111376 6869068    0    0     0 196184 3606 1969 73 19  3  5  0
 2  1      0 128536 111360 6931608    0    0     0 115272 3378 1924 77 18  2  3  0
 3  0      0 473140 111360 6588788    0    0     0 60844 2194 1533 39 14 43  4  0
 1  1      0 427860 111360 6634552    0    0     0 49152 1790 1260 39 10 48  3  0
 3  0      0 367668 111360 6687168    0    0     0 17308 1781 1334 42 13 44  1  0
 2  0      0 477320 111360 6547712    0    0     0 93136 2626 1695 48 15 32  5  0
 2  0      0 432804 111360 6599404    0    0     0     0 1227 1076 41 12 47  0  0
 2  0      0 390976 111360 6641048    0    0     0 66180 2180 1497 37 12 47  4  0
 2  0      0 337592 111360 6693584    0    0   248     0 1265 1093 41 12 47  0  0
 2  0      0 288956 111360 6741648    0    0     0 66272 2151 1444 38 12 47  3  0
 2  1      0 233768 111360 6801964    0    0     0 65536 1946 1289 42 13 42  3  0
 2  0      0 231312 111360 6812252    0    0     0 31592 1766 1521 49 13 36  2  0
 1  0      0 476936 111360 6553972    0    0   132 50980 1773 1412 25 10 61  3  0
 1  0      0 465120 111360 6565180    0    0     0     0 1088 1098 21  7 73  0  0
 1  0      0 454032 111360 6575980    0    0   200     0 1112 1120 22  6 72  0  0
 1  0      0 443952 111360 6585744    0    0     0   328 1308 1233 21  7 71  0  0
procs -----------memory---------- ---swap-- -----io---- -system-- ------cpu-----
 r  b   swpd   free   buff  cache   si   so    bi    bo   in   cs us sy id wa st
 2  0      0 425308 111360 6612140    0    0   932   168 1285 1151 26  9 65  0  0
 1  0      0 442220 111360 6575064    0    0     0 31320 1635 1385 27  8 63  2  0
 1  0      0 433328 111360 6585636    0    0     0    16 1130 1099 22  7 72  0  0
 1  0      0 431212 111360 6595268    0    0   580     0 1236 1173 21  8 71  1  0
 1  0      0 421636 111360 6603852    0    0     0   268 1195 1169 20  8 72  0  0
 1  0      0 410332 111360 6613248    0    0   124     4 1114 1151 21  7 72  0  0
 3  0      0 401012 111360 6622860    0    0     0   188 1145 1133 22  6 72  0  0
 7  0      0 422152 111360 6620576    0    0   552 31108 1816 1321 50 13 35  2  0
 5  0      0 345108 111360 6719780    0    0   416     0 1516 1152 76 18  5  0  1
 5  0      0 240532 111360 6821044    0    0     0 44748 2039 1393 77 16  4  3  0
 3  2      0 147068 111360 6909828    0    0     0 42736 1956 1340 77 17  2  4  0
 8  1      0 135776 111348 6931292    0    0     0 229208 3298 2452 65 17  3 16  0
 2  0      0 499380 111344 6564040    0    0     0 60396 2874 1413 42 16 37  4  0
 2  0      0 454212 111344 6608284    0    0     0    28 1258 1098 42 11 47  0  0
 2  0      0 419968 111344 6642748    0    0     0 66276 2146 1488 39 10 46  5  0
 2  0      0 393456 111344 6656276    0    0     0 31952 1678 1267 56 13 28  2  0
 2  0      0 352160 111344 6695780    0    0     0 66028 1795 1329 38 12 47  4  0
 2  0      0 307556 111344 6739824    0    0     0     0 1205 1037 42 11 47  0  0
 2  0      0 267516 111344 6778740    0    0     0 66076 1936 1359 39 10 46  5  0
 2  0      0 487036 111344 6549800    0    0   856 36880 1766 1332 39 12 46  3  0
 3  0      0 443332 111344 6594036    0    0   992   216 1357 1114 43 10 46  1  0
procs -----------memory---------- ---swap-- -----io---- -system-- ------cpu-----
 r  b   swpd   free   buff  cache   si   so    bi    bo   in   cs us sy id wa st
 3  0      0 404020 111344 6634672    0    0     0 66164 1907 1362 40 10 46  4  0
 2  0      0 386252 111344 6647808    0    0   340 31064 1693 1244 55 14 29  2  0
 2  0      0 340692 111344 6693476    0    0  1084 66052 2094 1480 40 10 46  4  0
 1  0      0 497196 111344 6546780    0    0     0 24408 2374 1397 30 12 56  1  0
 1  0      0 488412 111344 6556040    0    0  1864   344 1346 1262 22  7 71  1  0
 1  0      0 478584 111344 6565324    0    0   280     0 1184 1125 20  8 71  0  0
 1  0      0 469312 111344 6574324    0    0  1870    64 2011 2119 22  8 70  0  0
 2  0      0 438344 111344 6608172    0    0     0     8 1393 1167 34 10 56  0  0
 1  0      0 480632 111344 6561612    0    0     0 31260 1551 1382 24  8 65  3  0
 2  0      0 464520 111344 6571476    0    0  1064   328 1697 1738 22  9 69  0  0
 1  0      0 453936 111344 6580984    0    0   863   264 1645 1632 22  7 71  0  0
 1  0      0 441660 111344 6590364    0    0   564     0 1346 1224 22  7 71  0  0
 1  0      0 430324 111344 6600680    0    0     0     0 1196 1190 22  5 72  0  0
 2  0      0 405376 111344 6626024    0    0   576   264 1296 1173 28  7 65  0  0
 6  0      0 412528 111348 6647304    0    0   504 31232 1945 1389 63 15 20  2  0
12  0      0 290312 111348 6768884    0    0     0 43992 2448 1457 82 18  0  0  0
 5  0      0 166340 111348 6891436    0    0   972 173508 3743 2253 80 18  1  2  0
 2  0      0 124052 111348 6941712    0    0    24 127744 2866 1701 72 14  8  5  0
 2  0      0 469448 111348 6592416    0    0    20 31312 3120 1305 40 13 45  2  0
 1  1      0 417288 111348 6642328    0    0     0  4080 1346 1127 42 11 47  0  0
 5  0      0 362892 111348 6696224    0    0     0 62796 2200 1554 44 13 39  4  0
procs -----------memory---------- ---swap-- -----io---- -system-- ------cpu-----
 r  b   swpd   free   buff  cache   si   so    bi    bo   in   cs us sy id wa st
 2  0      0 350196 111348 6699500    0    0    40 97128 2544 1539 49 12 35  4  0
 1  1      0 295292 111348 6753392    0    0     0 22500 1586 1185 39 12 47  1  0
 2  0      0 440884 111348 6600136    0    0     0 22792 1602 1274 40 11 47  2  0
 2  0      0 400820 111348 6646844    0    0     0 66108 2025 1380 38 11 47  4  0
 3  0      0 344120 111348 6703672    0    0     0    96 1298 1072 42 11 47  0  0
 3  0      0 427148 111348 6625624    0    0   840 69224 2319 1490 47 13 35  4  0
 1  1      0 427392 111348 6623120    0    0    44 58908 1998 1423 41 12 44  3  0
 2  0      0 378252 111348 6671984    0    0     0 38392 1818 1256 40 11 47  2  0
 2  0      0 330624 111348 6719056    0    0   188 66152 2129 1446 37 12 47  4  0
 1  0      0 465956 111348 6569580    0    0     0 24444 1626 1337 27 10 62  1  0
 1  0      0 454908 111348 6580132    0    0     0    52 1164 1112 21  7 72  0  0
 1  0      0 457480 111348 6560324    0    0     0 31204 1388 1246 33 12 53  2  0
 1  0      0 445164 111348 6571240    0    0     0   196 1120 1084 21  6 72  0  0
 1  0      0 433832 111348 6581884    0    0     0     0 1079 1086 22  6 72  0  0
 2  0      0 422772 111348 6592220    0    0     0    96 1066 1043 21  6 73  0  0
 1  0      0 411444 111348 6603156    0    0     0    24 1111 1107 19  8 73  0  0
 2  0      0 398340 111348 6621260    0    0     0   232 1172 1125 24  7 69  0  0
 6  0      0 392736 111348 6650488    0    0   140 31052 1572 1257 61 14 23  2  0
 7  0      0 273824 111348 6787604    0    0     0     0 1495 1115 82 18  0  0  0
 5  0      0 155160 111348 6906244    0    0     0 174120 4223 2000 78 18  0  3  0
 3  0      0 470488 111340 6590300    0    0     0 180124 4801 2415 56 19 20  5  0
procs -----------memory---------- ---swap-- -----io---- -system-- ------cpu-----
 r  b   swpd   free   buff  cache   si   so    bi    bo   in   cs us sy id wa st
 2  0      0 410660 111340 6648236    0    0     0    20 1328 1150 42 11 48  0  0
 3  0      0 456500 111340 6602008    0    0     0 83772 2663 1769 39 10 48  4  0
 2  0      0 413376 111340 6628772    0    0     0 31120 1700 1235 52 13 34  1  0
 2  0      0 361500 111340 6679096    0    0     0 66540 2368 1492 39 12 46  3  0
 2  0      0 310848 111340 6729528    0    0     0 66180 2119 1431 39 11 47  3  0
 2  0      0 251628 111340 6788300    0    0     0    24 1170 1043 42 10 48  0  0
 3  0      0 201984 111340 6837628    0    0     0 66064 2116 1439 39 10 47  3  0
 2  1      0 142512 111340 6901596    0    0     0 24576 1599 1176 45 11 42  1  0
 2  0      0 155148 111336 6894572    0    0     0 72820 2414 1585 45 13 38  3  0
 1  0      0 486908 111336 6555656    0    0     0 63184 1940 1340 31 12 53  3  0
 1  0      0 477724 111336 6565716    0    0   480     0 1744 1118 22  8 70  0  0
 1  0      0 475132 111336 6575840    0    0   652    20 1230 1141 21  8 71  0  0
 1  0      0 462784 111336 6586104    0    0     0     0 1080 1085 21  7 72  0  0
 3  0      0 434812 111336 6611868    0    0     0   216 1188 1126 28  8 64  0  0
 1  0      0 455492 111336 6576060    0    0   236 31596 1657 1299 27  8 63  2  0
 1  0      0 445160 111336 6586664    0    0     0     0 1147 1103 22  6 72  0  0
 1  0      0 435080 111336 6596664    0    0     0    28  994 1055 21  6 72  0  0
 1  0      0 425000 111336 6606904    0    0     0     0  968 1020 20  8 73  0  0
 1  0      0 414232 111336 6617252    0    0     0   364 1234 1140 21  7 72  0  0
 2  0      0 381988 111336 6653332    0    0     0   316 1163 1052 29  9 62  0  0
 5  0      0 346228 111336 6705796    0    0     0 31124 1783 1274 75 15  9  2  0
procs -----------memory---------- ---swap-- -----io---- -system-- ------cpu-----
 r  b   swpd   free   buff  cache   si   so    bi    bo   in   cs us sy id wa st
 4  1      0 212696 111336 6833864    0    0     0  5888 1394 1038 84 15  1  0  0
 3  1      0 131412 111332 6918252    0    0     0 161468 4058 2158 75 16  1  8  0
 3  0      0 475508 111324 6572800    0    0   324 182548 5252 2269 41 17 32 10  0
 2  1      0 423336 111324 6625388    0    0  1666   716 4824 1968 42 13 45  0  0
 2  0      0 381028 111324 6666608    0    0     0 66268 1910 1362 38 12 47  3  0
 3  0      0 326372 111324 6719652    0    0     0     0 1228 1054 47 10 43  0  0
 2  0      0 337600 111328 6715304    0    0     0 97100 2255 1591 49 12 31  8  0
 2  0      0 287748 111328 6759084    0    0  1667     4 1934 2107 40 14 45  0  0
 2  0      0 244924 111328 6800492    0    0     0 66360 1897 1379 39 11 46  4  0
 2  0      0 447372 111328 6596848    0    0     0 17728 1429 1288 39 13 47  1  0
 1  1      0 402520 111328 6641608    0    0     0 69040 1908 1318 39 10 47  4  0
 2  0      0 425360 111328 6615412    0    0     0    72 1244 1096 42 10 47  0  0
 2  0      0 398124 111328 6633008    0    0     0 97116 2483 1559 50 15 31  4  0
 3  0      0 341956 111328 6688108    0    0     0   516 1325 1078 41 11 47  1  0
 2  0      0 292060 111328 6736500    0    0     0 66284 2499 1725 40  9 46  4  0
 2  0      0 244208 111328 6790400    0    0     0 66088 2253 1493 39 11 48  3  0
 2  0      0 185996 111328 6847680    0    0   912     4 1258 1073 41 11 47  1  0
 3  0      0 119972 111328 6914920    0    0     0 66104 2091 1466 42 13 40  4  0
 1  1      0 151384 111320 6891116    0    0   308 47452 1949 1315 47 13 38  2  0
 1  0      0 512432 111328 6531916    0    0     0 54720 3549 1554 23 13 63  2  0
 1  0      0 501092 111328 6543028    0    0   888     0 1108 1101 21  7 72  0  0
procs -----------memory---------- ---swap-- -----io---- -system-- ------cpu-----
 r  b   swpd   free   buff  cache   si   so    bi    bo   in   cs us sy id wa st
 1  0      0 489528 111328 6553468    0    0     0     0 1237 1148 20  8 72  0  0
 2  0      0 477936 111328 6564460    0    0     0     8 1111 1092 20  8 73  0  0
 5  0      0 481580 111328 6544880    0    0     0 31508 1673 1337 34  8 57  2  0
 7  0      0 366244 111328 6671208    0    0     0   248 1489 1103 83 16  1  0  0
 5  0      0 256688 111328 6787196    0    0     0     4 1588 1247 83 15  2  0  0
 4  0      0 177308 111328 6866756    0    0     0 278948 5276 3076 58 18  2 22  0
 2  0      0 442080 111328 6599548    0    0     0 34036 1744 1444 44 13 39  4  0
 2  0      0 395976 111328 6651340    0    0     0 66732 1734 1498 38 12 47  3  0
 2  0      0 342804 111328 6704464    0    0    52    88 1380 1162 42 12 46  0  0
 2  0      0 314236 111328 6721440    0    0     0 97432 1936 1496 50 15 30  5  0
 2  0      0 258076 111328 6777492    0    0     0     0 1201 1063 41 12 47  0  0
 1  1      0 215768 111328 6827196    0    0     0 82548 1596 1462 39 10 47  4  0
 2  0      0 462760 111332 6568896    0    0     0 19932 1214 1230 22  7 70  1  0
 2  0      0 451700 111332 6579364    0    0     0    20  999 1038 21  7 72  0  0
 3  0      0 427256 111332 6604020    0    0     0    92 1153 1119 26  8 67  0  0
 1  0      0 474316 111332 6571108    0    0     0 31504 1768 1358 27  9 62  2  0
 1  0      0 462224 111332 6581840    0    0     0     0 1013 1047 21  6 72  0  0
 2  0      0 450644 111332 6592668    0    0     0     4 1054 1040 21  7 72  0  0
 1  0      0 439080 111332 6604048    0    0     0   348 1322 1207 23  5 72  0  0
 1  0      0 430288 111332 6614996    0    0     0    92 1105 1092 22  6 72  0  0
 1  0      0 436640 111332 6595536    0    0     0 31336 1603 1278 33 10 55  2  0
procs -----------memory---------- ---swap-- -----io---- -system-- ------cpu-----
 r  b   swpd   free   buff  cache   si   so    bi    bo   in   cs us sy id wa st
 1  0      0 424072 111332 6607228    0    0     0     0 1155 1068 21  7 72  0  0
 1  0      0 412984 111332 6618032    0    0    36     0 1081 1092 20  8 72  0  0
 1  0      0 402652 111332 6628140    0    0   364     0 1060 1071 22  6 72  0  0
 1  0      0 392824 111332 6637708    0    0     0   112 1091 1099 21  7 72  0  0
 1  0      0 382272 111332 6647444    0    0     0   516 1239 1158 22  6 72  0  0
 5  0      0 413648 111332 6636548    0    0  1064 31100 1486 1305 41 11 46  2  0
 5  0      0 289976 111332 6764352    0    0     0     8 1396  994 84 16  0  0  0
 5  0      0 157452 111332 6893748    0    0     0 64256 2663 1517 82 17  0  2  0
 3  0      0 135856 111316 6924104    0    0     0 285524 7256 3829 70 19  5  6  0
 2  0      0 453944 111316 6603216    0    0     0 39596 4258 1376 40 14 44  2  0
 2  0      0 407828 111316 6647280    0    0   144 66184 2065 1423 37 12 47  4  0
 3  0      0 346152 111316 6709592    0    0     0     0 1401 1147 45 11 44  0  0
 2  0      0 320636 111316 6717956    0    0     0 97088 2530 1550 45 14 37  4  0
 2  0      0 266488 111316 6770960    0    0   420   276 1336 1118 42 10 47  0  0
 2  0      0 216844 111316 6819356    0    0   544 66112 2293 1482 41 10 46  3  0
 2  0      0 459824 111316 6575188    0    0     0 46292 1942 1428 38 12 47  3  0
 2  0      0 411112 111316 6626960    0    0     0     0 1185 1000 42 11 47  0  0
 4  0      0 348644 111316 6693392    0    0     0 66108 2184 1456 47 13 37  4  0
 2  0      0 337788 111316 6687820    0    0     0 97792 2374 1637 41 14 40  5  0
 3  0      0 282348 111316 6743224    0    0     0   280 1196 1065 42 11 47  0  0
 2  0      0 232704 111316 6793168    0    0     0 66068 2044 1334 39 10 47  3  0
procs -----------memory---------- ---swap-- -----io---- -system-- ------cpu-----
 r  b   swpd   free   buff  cache   si   so    bi    bo   in   cs us sy id wa st
 2  0      0 177768 111316 6845040    0    0  1666     0 1998 2046 42 12 45  0  0
 2  0      0 129888 111316 6892856    0    0     0 66060 1991 1412 37 12 47  4  0
 3  0      0 115096 111316 6939188    0    0     0 55284 1924 1284 47 10 40  3  0
 1  0      0 550292 111312 6513212    0    0     0 31192 1345 1387 22 10 66  1  0
 2  0      0 528924 111312 6525104    0    0  1667   216 1758 1930 20  9 71  0  0
 1  0      0 517092 111312 6536476    0    0     0     0 1033 1016 21  6 73  0  0
 1  0      0 506004 111312 6547444    0    0     0     0  967  993 20  7 73  0  0
 2  0      0 490128 111312 6564196    0    0   744     0 1020  995 24  7 69  0  0
 6  0      0 453888 111312 6592488    0    0     0 31448 1534 1265 57 15 27  2  0
 5  0      0 323888 111312 6724588    0    0  1504   152 1540 1141 82 17  1  0  0
 5  0      0 205728 111316 6838724    0    0     0 215760 4552 2348 75 18  1  5  0
 3  1      0 474024 111316 6572972    0    0     0 106516 2815 1784 42 13 41  4  0
 5  0      0 439656 111320 6605660    0    0     0 12004 1419 1134 41 10 48  1  0
 2  0      0 389256 111320 6657228    0    0   416 66792 2242 1533 40 11 47  3  0
 2  0      0 370876 111320 6679672    0    0     0 31128 1973 1339 51 15 32  1  0
 2  0      0 312768 111320 6736108    0    0     0 66144 2156 1385 39 12 47  2  0
 2  0      0 259384 111320 6788012    0    0     0 66340 2106 1436 37 12 48  4  0
 3  0      0 197144 111320 6847392    0    0     0     0 1256 1028 41 12 47  0  0
 2  0      0 145236 111320 6898296    0    0     0 66360 2184 1545 40  9 47  4  0
 2  0      0 437952 111328 6590820    0    0     0 34632 1690 1303 28 10 61  2  0
 1  0      0 455584 111328 6555964    0    0     0 31144 1521 1215 25 10 64  2  0
procs -----------memory---------- ---swap-- -----io---- -system-- ------cpu-----
 r  b   swpd   free   buff  cache   si   so    bi    bo   in   cs us sy id wa st
 1  0      0 444528 111328 6567328    0    0     0     4 1053 1033 21  6 73  0  0
 1  0      0 432464 111328 6579160    0    0     0     0 1115 1095 21  7 72  0  0
 1  0      0 420932 111328 6589772    0    0     0    96 1203 1145 21  7 71  0  0
 1  0      0 410104 111328 6600228    0    0     0     0 1039 1058 20  7 72  0  0
 1  0      0 446124 111332 6579696    0    0    96 31284 1607 1207 33 11 54  2  0
 1  0      0 437188 111332 6589924    0    0     0   328 1206 1101 21  7 71  0  0
 4  0      0 426388 111332 6600812    0    0     0     8 1039  991 20  7 73  0  0
 1  0      0 416340 111332 6610744    0    0     0    92 1004 1001 20  8 72  0  0
 1  0      0 406344 111332 6621116    0    0   876     0 1033 1020 21  7 72  0  0
 1  0      0 397488 111332 6631184    0    0     0   236 1167 1129 23  6 72  0  0
 5  0      0 398492 111332 6630816    0    0     0 31072 1616 1182 46 12 41  1  0
 6  0      0 303120 111332 6748976    0    0     0     4 1386 1066 83 17  0  0  0
 5  0      0 179920 111332 6865564    0    0     0 132576 3808 2090 76 17  1  6  0
 3  0      0 123536 111324 6922800    0    0     0 180640 3721 2076 70 17  5  8  0
 3  0      0 473620 111316 6574976    0    0     0 43120 2873 1201 43 13 41  2  0
 2  0      0 424516 111316 6623312    0    0     0    24 1271 1119 42 11 47  0  0
 3  1      0 360284 111316 6693972    0    0     0 74380 2201 1449 48 13 36  3  0
 2  0      0 473148 111320 6579024    0    0     0 52736 2102 1497 43 13 42  2  0
 2  0      0 424288 111320 6626188    0    0     0 66312 2081 1355 40 12 46  2  0
 2  0      0 373924 111320 6675376    0    0     0     0 1310 1103 42 11 47  0  0
 2  0      0 332636 111320 6715476    0    0     0 66080 2039 1350 38 11 47  4  0
procs -----------memory---------- ---swap-- -----io---- -system-- ------cpu-----
 r  b   swpd   free   buff  cache   si   so    bi    bo   in   cs us sy id wa st
 2  0      0 286520 111320 6761324    0    0     0     0 1206 1044 42 11 47  0  0
 3  0      0 235364 111320 6810000    0    0     0 66060 1929 1320 41 12 43  4  0
 2  0      0 221416 111320 6819452    0    0    96 31268 1767 1385 52 15 31  2  0
 2  0      0 178844 111320 6861168    0    0     0 66032 1804 1259 39 11 47  3  0
 1  0      0 487104 111320 6540220    0    0     0 29204 1428 1251 24 10 64  2  0
 2  0      0 476800 111320 6550168    0    0     0   500 1125 1092 22  6 72  0  0
 1  0      0 465460 111320 6560988    0    0   768   256 1141 1162 21  7 72  0  0
 2  0      0 453648 111320 6574056    0    0     0   200 1061 1043 22  7 71  0  0
 1  0      0 477776 111324 6552436    0    0   492 31440 1307 1275 32 10 55  3  0
 1  0      0 466716 111324 6563056    0    0     0     8 1200 1143 21  7 72  0  0
 1  0      0 455880 111324 6573540    0    0     0    16 1030 1062 21  7 72  0  0
 1  0      0 446304 111324 6582868    0    0     0     0 1008 1046 20  8 72  0  0
 1  0      0 435472 111324 6592640    0    0     0   100 1062 1083 21  7 72  0  0
 2  0      0 422940 111324 6602508    0    0     0   208 1188 1120 21  8 71  0  0
 5  0      0 449708 111324 6602128    0    0     0 31080 1422 1270 49 12 37  2  0
 5  0      0 332572 111324 6728812    0    0     0     8 1422 1015 81 18  1  0  0
 4  2      0 206068 111324 6850968    0    0     0 144296 3382 1740 76 17  1  6  0
 5  0      0 120400 111320 6943032    0    0     0 134948 3560 2189 75 16  2  7  0
 5  0      0 447308 111324 6599424    0    0     8 113056 4745 2008 62 16 16  6  0
 3  1      0 297392 111316 6753308    0    0  1658 13388 1864 1601 84 14  1  1  0
 6  0      0 208716 111320 6842600    0    0     0 238652 4322 2773 50 14 13 23  0
procs -----------memory---------- ---swap-- -----io---- -system-- ------cpu-----
 r  b   swpd   free   buff  cache   si   so    bi    bo   in   cs us sy id wa st
 1  0      0 526400 111320 6513536    0    0   872 138248 2587 1941 45 11 38  7  0
 1  0      0 495928 111320 6548472    0    0    36   520 1245 1215 23  5 72  0  0
 1  0      0 471688 111320 6575516    0    0  1667 66284 2296 2207 19  7 69  5  0
 1  0      0 435904 111320 6611336    0    0     0     0 1069 1073 23  5 72  0  0
 1  0      0 397376 111320 6647464    0    0    52 66064 1868 1371 19  6 71  3  0
 1  0      0 351792 111320 6692160    0    0     0     0 1079 1126 23  5 72  0  0
 1  0      0 315504 111320 6728356    0    0   612 66124 1962 1429 19  5 72  4  0
 1  0      0 535268 111332 6506116    0    0   800 25792 2195 1355 20  9 70  1  0
 1  0      0 491432 111332 6541348    0    0   192 66116 2255 1639 23  7 66  4  0
 1  0      0 456660 111332 6582472    0    0     0     0 1047 1081 22  5 73  0  0
 1  0      0 425412 111332 6613488    0    0     0 66076 1784 1412 18  5 72  5  0
 1  0      0 386100 111332 6652520    0    0   936   412 1221 1171 23  5 71  0  0
 1  0      0 353860 111332 6683832    0    0     0 66272 1842 1536 19  5 72  4  0
 5  0      0 543836 111332 6504552    0    0  1784 24308 1803 1365 52 12 34  2  0
 5  0      0 417140 111332 6638740    0    0     0     0 1643 1189 85 13  2  0  0
 4  0      0 318104 111340 6735452    0    0   976 264148 4319 2653 57 16  2 24  0
 7  0      0 171944 111340 6881808    0    0   204   636 1562 1034 84 16  0  0  0
 2  2      0 123140 111332 6930500    0    0   836 224916 3565 2383 64 16  0 20  0
 7  0      0 123232 111304 6938812    0    0   636 39388 2208 1468 79 16  1  5  0
 3  1      0 122296 111276 6938116    0    0     0 102944 2146 1443 75 14  6  5  0
13  0      0 130168 111256 6927448    0    0     0 161172 3688 2037 70 15  3 11  0
procs -----------memory---------- ---swap-- -----io---- -system-- ------cpu-----
 r  b   swpd   free   buff  cache   si   so    bi    bo   in   cs us sy id wa st
 3  1      0 127060 111232 6931628    0    0     0 99120 2846 1585 79 15  2  5  0
 4  0      0 130136 111212 6929104    0    0     0 165872 3284 1862 75 18  0  6  0
 5  0      0 119696 111192 6937796    0    0     0 66076 1597 1347 83 14  0  3  0
 3  0      0 128556 111180 6931976    0    0     0 226708 3372 2200 53 14 11 22  0
 1  0      0 504948 111180 6538200    0    0     0 79568 1799 1460 32 12 52  4  0
 6  0      0 1566408 111180 5481344    0    0     0     4 2145 1011 59 22 19  0  0
 6  0      0 1420752 111180 5623672    0    0     0   208 1529  970 86 14  0  0  0
 6  0      0 1354252 111180 5691532    0    0   876 264252 4456 3230 44 11 12 33  0
 5  0      0 1209884 111180 5832116    0    0     0    52 1415  995 83 17  0  0  0
 4  0      0 1115132 111180 5925052    0    0     0 263992 5097 3023 56 14 14 17  0
