procs -----------memory---------- ---swap-- -----io---- -system-- ------cpu-----
 r  b   swpd   free   buff  cache   si   so    bi    bo   in   cs us sy id wa st
 1  0      0 1863132 110344 5253904    0    0    30   878    7   57  6  2 92  0  0
 2  0      0 1864016 110344 5253720    0    0  1084     0  919 1090  1  1 97  1  0
 1  0      0 1845624 110348 5264268    0    0    28  1156 1853 1988 20  9 70  1  0
 1  0      0 1824464 110348 5274568    0    0  1012     0 1263 1285 20  7 72  0  0
 1  0      0 1803048 110348 5285260    0    0     0     4 1091 1116 20  7 73  0  0
 1  0      0 1783140 110348 5295036    0    0     0     4 1243 1210 22  6 72  0  0
 2  0      0 1762228 110348 5305172    0    0     0    20 1087 1093 22  6 72  0  0
 2  0      0 1739300 110348 5316048    0    0     0   152 1219 1282 21  8 71  0  0
 1  0      0 1800376 110348 5297184    0    0     0 31616 2184 1664 34 10 54  2  0
 1  0      0 1776692 110348 5308716    0    0     0     0  978  998 19  8 73  0  0
 1  0      0 1753256 110348 5320180    0    0     0    72 1106 1087 20  8 72  0  0
 1  0      0 1730828 110348 5331168    0    0     0   536 1351 1122 21  7 72  0  0
 1  0      0 1707656 110348 5342320    0    0     0     4 1090 1119 21  7 72  0  0
 1  1      0 1658012 110348 5384308    0    0     0 16800 1248 1076 33  8 59  1  0
 1  0      0 1709436 110348 5332920    0    0     0 14612 1427 1295 21  7 71  1  0
 1  0      0 1700904 110348 5343592    0    0     0     4 1078 1067 20  8 72  0  0
 2  0      0 1691364 110348 5354476    0    0   180     0 1189 1149 22  6 72  0  0
 1  0      0 1681036 110348 5364776    0    0   396    20 1078 1060 22  7 72  0  0
 2  0      0 1672872 110348 5374696    0    0    36     4 1153 1154 20  8 71  0  0
 1  0      0 1686124 110352 5355444    0    0  1132 31596 1834 1322 31 11 56  2  0
 1  0      0 1674096 110352 5366864    0    0     0     0 1053 1092 21  7 73  0  0
procs -----------memory---------- ---swap-- -----io---- -system-- ------cpu-----
 r  b   swpd   free   buff  cache   si   so    bi    bo   in   cs us sy id wa st
 1  0      0 1663260 110352 5378256    0    0     0     8 1255 1136 20  8 72  0  0
 1  0      0 1651920 110352 5389456    0    0   120    24 1101 1098 23  5 72  0  0
 1  0      0 1640580 110352 5400940    0    0     0     0 1029 1015 21  6 73  0  0
 2  0      0 1624956 110352 5422088    0    0   228   172 1373 1207 26  7 66  0  0
 3  0      0 1620436 110352 5431116    0    0     0 31048 1783 1325 51 13 35  1  0
 2  0      0 1536020 110352 5512448    0    0     0 52984 1935 1336 60 14 23  3  0
 1  0      0 1638148 110352 5404316    0    0     0 61204 1877 1421 22  9 66  3  0
 1  0      0 1627324 110352 5414980    0    0   508    24 1056 1054 22  6 72  0  0
 2  0      0 1616740 110352 5425376    0    0   596   216 1169 1104 21  8 71  0  0
 3  0      0 1577960 110352 5466644    0    0   547     0 1609 1589 33 10 58  0  0
 1  0      0 1632460 110352 5416996    0    0  1119 31184 1861 1704 21  8 69  2  0
 1  0      0 1621624 110352 5428040    0    0     0     8 1260 1153 21  8 71  0  0
 1  0      0 1610284 110352 5439096    0    0   228    16 1131 1107 21  7 72  0  0
 1  0      0 1598944 110352 5450472    0    0     0     0 1051 1040 22  6 72  0  0
 2  0      0 1584328 110352 5464036    0    0     0   108 1167 1124 21  8 71  0  0
 1  0      0 1585424 110352 5442356    0    0  1671 31344 3836 4521 42 14 42  1  0
 1  0      0 1576360 110352 5453540    0    0     0     4 1484 1509 22  7 71  0  0
 1  0      0 1566832 110352 5464364    0    0     0     4 1291 1219 20  9 71  0  0
 1  0      0 1555996 110352 5474920    0    0     0   144 1142 1136 22  6 72  0  0
 1  0      0 1545172 110352 5485464    0    0     0     0 1211 1228 22  7 72  0  0
 2  0      0 1518504 110352 5515400    0    0     0   996 1651 1350 30  8 62  0  0
procs -----------memory---------- ---swap-- -----io---- -system-- ------cpu-----
 r  b   swpd   free   buff  cache   si   so    bi    bo   in   cs us sy id wa st
 1  0      0 1562656 110352 5477432    0    0     0 31008 1608 1457 26  9 64  2  0
 1  0      0 1552860 110352 5488956    0    0   492     4 1267 1174 21  8 71  0  0
 1  0      0 1541304 110352 5499564    0    0    36   100 1188 1143 21  6 72  0  0
 1  0      0 1529964 110352 5510576    0    0     0   300 1197 1111 21  7 72  0  0
 1  0      0 1519664 110352 5521132    0    0     0     0 1259 1185 21  8 72  0  0
 5  0      0 1526236 110356 5511468    0    0   288 31308 1693 1430 38 13 47  2  0
 4  1      0 1405784 110356 5634644    0    0     0 24584 1705 1180 83 15  1  1  0
 2  0      0 1321180 110356 5737504    0    0     0 137148 3558 1975 70 19  2  9  0
 2  0      0 1542284 110356 5515052    0    0     0 62928 2062 1525 23  9 66  3  0
 1  0      0 1531208 110356 5525744    0    0     0     0 1059 1079 20  7 73  0  0
 1  0      0 1519868 110356 5536764    0    0     0     0 1249 1202 21  7 72  0  0
 2  0      0 1478316 110360 5580316    0    0     0 31084 1499 1149 32 11 56  2  0
 1  0      0 1517460 110364 5530404    0    0     0    44 1125 1144 20  8 72  0  0
 1  0      0 1505644 110364 5541908    0    0     0    24 1250 1160 22  6 71  0  0
 1  0      0 1493580 110364 5553308    0    0   740    24 1254 1234 21  7 72  0  0
 1  0      0 1482272 110364 5564720    0    0     0     0 1044 1046 21  7 72  0  0
 2  0      0 1455828 110368 5599280    0    0     0   168 1142 1113 30  7 62  0  0
 1  0      0 1502216 110368 5557864    0    0     0 30988 1579 1250 24  8 66  2  0
 1  0      0 1490652 110368 5569184    0    0     0     0 1227 1167 21  7 72  0  0
 2  0      0 1479312 110368 5580660    0    0     0    16  990 1007 20  7 73  0  0
 1  0      0 1467972 110368 5591752    0    0     0     4 1037 1055 20  7 73  0  0
procs -----------memory---------- ---swap-- -----io---- -system-- ------cpu-----
 r  b   swpd   free   buff  cache   si   so    bi    bo   in   cs us sy id wa st
 2  0      0 1454388 110368 5604800    0    0     0     0 1192 1116 21  8 71  0  0
 1  0      0 1470060 110368 5584456    0    0     0 31140 1456 1161 28 11 60  2  0
 1  0      0 1458468 110368 5595956    0    0     0     4 1055 1056 21  6 73  0  0
 1  0      0 1446876 110368 5607828    0    0     0    60 1243 1163 22  7 71  0  0
 1  0      0 1435284 110368 5618968    0    0     0     0  988 1029 21  7 72  0  0
 2  0      0 1422948 110368 5630784    0    0     0     0 1095 1061 22  6 72  0  0
 7  0      0 1438828 110368 5613384    0    0     0 31168 1852 1257 36 12 50  1  0
 6  0      0 1306044 110368 5756892    0    0   848 15172 1957 1376 82 18  0  0  0
 8  0      0 1171756 110368 5886244    0    0     0    56 1470 1071 82 17  1  0  0
 1  1      0 1431348 110372 5612528    0    0     0 314880 4785 3195 53 17  8 21  0
 1  0      0 1421732 110372 5622596    0    0     0   652 1320 1138 20  7 72  0  0
 1  0      0 1419868 110372 5633496    0    0     0     0 1207 1171 22  6 72  0  0
 1  0      0 1409316 110372 5643524    0    0     0   428 1168 1100 21  7 72  0  0
 2  0      0 1391548 110372 5652900    0    0     0 31208 1640 1296 33 11 54  2  0
 1  0      0 1416196 110372 5634652    0    0     0    16 1208 1117 20  8 71  0  0
 1  0      0 1404616 110372 5645936    0    0     0     0 1115 1087 21  7 72  0  0
 1  0      0 1393024 110372 5657176    0    0     0     0 1058 1064 22  6 72  0  0
 1  0      0 1383704 110372 5667888    0    0     0   168 1295 1221 20  8 72  0  0
 2  0      0 1370132 110372 5680264    0    0     0   224 1098 1080 22  7 71  0  0
 1  0      0 1385812 110372 5658692    0    0     0 31036 1638 1372 35  9 54  2  0
 1  0      0 1377524 110372 5670184    0    0     0    24 1159 1121 22  6 72  0  0
procs -----------memory---------- ---swap-- -----io---- -system-- ------cpu-----
 r  b   swpd   free   buff  cache   si   so    bi    bo   in   cs us sy id wa st
 1  0      0 1365176 110372 5682312    0    0     0     0 1028 1040 21  6 73  0  0
 1  0      0 1354340 110372 5692920    0    0     0    28 1046 1023 20  8 72  0  0
 1  0      0 1343756 110372 5703256    0    0     0   288 1271 1171 22  6 72  0  0
 2  0      0 1310744 110372 5737884    0    0     0   300 1140 1066 31  8 61  0  0
 1  0      0 1357852 110372 5695340    0    0     0 31012 1823 1535 25  8 65  1  0
 1  0      0 1346856 110372 5706340    0    0     0     0 1093 1069 21  6 72  0  0
 1  0      0 1337064 110372 5717012    0    0     0   116 1173 1112 22  6 72  0  0
 1  0      0 1322780 110372 5727880    0    0  1666     0 2006 2042 22  9 70  0  0
 1  0      0 1310812 110372 5738932    0    0     0    20 1162 1133 22  6 72  0  0
 4  0      0 1306960 110372 5750500    0    0     0 34608 1830 1376 52 13 34  2  0
 6  0      0 1183260 110372 5870196    0    0     0    56 1699 1155 82 18  0  0  0
 1  0      0 1316600 110372 5736008    0    0     0 196036 3331 2097 53 16 18 13  0
 1  0      0 1303048 110372 5746940    0    0  1667   404 1907 2047 22  8 70  0  0
 1  0      0 1292968 110372 5757180    0    0   232    28 1327 1299 22  6 71  0  0
 2  0      0 1278100 110372 5773612    0    0   320     0 1182 1079 25  6 69  0  0
 1  0      0 1304252 110372 5749372    0    0     0 31236 1413 1343 31  9 57  2  0
 1  0      0 1292660 110372 5760428    0    0   764    84 1328 1223 22  7 71  0  0
 1  0      0 1281824 110372 5771076    0    0     0     8 1131 1085 20  7 72  0  0
 1  0      0 1271244 110372 5781048    0    0     0     4 1136 1123 21  6 72  0  0
 1  0      0 1259400 110372 5791056    0    0    32     0 1256 1173 21  8 71  0  0
 2  0      0 1242520 110372 5815096    0    0   160   908 1228 1128 26  9 65  0  0
procs -----------memory---------- ---swap-- -----io---- -system-- ------cpu-----
 r  b   swpd   free   buff  cache   si   so    bi    bo   in   cs us sy id wa st
 1  0      0 1280088 110372 5782224    0    0   504 31152 1322 1291 27  9 63  2  0
 1  0      0 1268748 110372 5793512    0    0     0     4 1191 1152 22  7 72  0  0
 1  0      0 1257688 110372 5803812    0    0     0    60 1112 1120 19  9 72  0  0
 1  0      0 1248160 110372 5814716    0    0    32     0 1213 1161 22  7 71  0  0
 1  0      0 1238624 110372 5824216    0    0     0     0 1052 1053 22  6 72  0  0
 2  0      0 1197800 110372 5864308    0    0   800   216 1239 1129 32  9 58  0  0
 1  0      0 1240432 110372 5816304    0    0     0 31152 1645 1368 22  8 69  1  0
 1  0      0 1228844 110372 5827300    0    0     0     8 1065 1064 20  8 72  0  0
 1  0      0 1217504 110372 5838344    0    0     0     0 1070 1081 21  6 72  0  0
 1  0      0 1207172 110372 5848496    0    0    88     0 1207 1172 21  7 72  0  0
 1  0      0 1196840 110372 5858324    0    0    24     0 1029 1043 20  7 72  0  0
 7  0      0 1217988 110372 5851872    0    0     0 31416 1762 1337 43 11 44  2  0
 6  0      0 1100884 110372 5973560    0    0     0     0 1602 1211 82 17  1  0  0
 5  1      0 974896 110372 6093868    0    0     0 63968 1767 1379 79 18  1  2  0
 1  0      0 1212776 110380 5851624    0    0     0 251468 5178 2651 52 19 20  9  0
 1  0      0 1202472 110380 5862868    0    0     0     0 1140 1110 21  7 72  0  0
 1  0      0 1190376 110380 5873468    0    0     0   596 1187 1082 21  7 72  0  0
 3  0      0 1167696 110380 5893344    0    0     0    16 1255 1206 25  8 67  0  0
 1  0      0 1177796 110380 5865428    0    0    60 31236 1291 1255 30 10 57  3  0
 1  0      0 1166960 110380 5876404    0    0     0     8 1028 1085 21  7 72  0  0
 2  0      0 1155884 110380 5887160    0    0     0     0 1129 1056 22  6 72  0  0
procs -----------memory---------- ---swap-- -----io---- -system-- ------cpu-----
 r  b   swpd   free   buff  cache   si   so    bi    bo   in   cs us sy id wa st
 1  0      0 1145300 110380 5897484    0    0     0    80 1085 1096 21  7 73  0  0
 1  0      0 1134464 110380 5908320    0    0     0    40 1017 1043 21  6 73  0  0
 2  0      0 1107764 110380 5939636    0    0     0   208 1218 1080 30  8 61  0  0
 1  0      0 1151912 110380 5899320    0    0     0 31012 1226 1242 24  9 65  2  0
 1  0      0 1139312 110380 5911816    0    0     0    56 1055 1083 20  8 73  0  0
 1  0      0 1127976 110380 5923000    0    0     0    92 1176 1091 22  6 72  0  0
 2  0      0 1116888 110380 5933656    0    0     0    20 1054 1059 20  7 73  0  0
 2  0      0 1104560 110380 5944780    0    0     0    12 1138 1087 21  7 71  0  0
 1  0      0 1120232 110380 5925448    0    0     0 31224 1322 1277 32 10 57  2  0
 1  0      0 1108640 110380 5937300    0    0     0   740 1245 1112 20  7 73  0  0
 1  0      0 1097300 110380 5948368    0    0     0    84 1067 1058 22  6 72  0  0
 1  0      0 1085960 110380 5959544    0    0     0     0 1099 1051 21  7 72  0  0
 1  0      0 1074116 110380 5971344    0    0     0    36 1062 1072 22  6 72  0  0
 1  1      0 1030268 110380 6015248    0    0     0 31104 1185 1108 32 10 57  1  0
 7  0      0 960492 110380 6096404    0    0     0    92 1605 1228 80 18  1  1  0
 3  1      0 815372 110380 6234664    0    0     0 111400 3303 1594 80 18  1  2  0
 2  0      0 1065112 110380 5983408    0    0     0 188712 3300 2183 40 16 37  7  0
 2  0      0 1007912 110380 6037956    0    0     0    88 1254 1100 42 11 47  0  0
 2  0      0 958520 110380 6087436    0    0     0 66160 1698 1539 40 10 46  3  0
 2  0      0 1047876 110380 5998648    0    0     0 52012 1452 1378 31 12 54  3  0
 1  0      0 1083004 110380 5971864    0    0     0 31124 1544 1239 28 10 61  2  0
procs -----------memory---------- ---swap-- -----io---- -system-- ------cpu-----
 r  b   swpd   free   buff  cache   si   so    bi    bo   in   cs us sy id wa st
 1  0      0 1070404 110380 5984536    0    0     0    80 1248 1150 20  8 72  0  0
 1  0      0 1059820 110380 5995256    0    0     0     0 1106 1091 22  6 72  0  0
 1  0      0 1049680 110380 6005756    0    0     0    24 1199 1129 20  8 72  0  0
 1  0      0 1039440 110380 6016052    0    0     0     0 1170 1200 21  6 73  0  0
 1  1      0 997104 110380 6058144    0    0  2658 19360 2104 2215 35 11 53  1  0
 1  0      0 1044000 110380 6007340    0    0     0 11920 1541 1407 21  7 70  1  0
 1  0      0 1032940 110380 6018464    0    0     0    24 1067 1092 22  6 72  0  0
 1  0      0 1021852 110380 6029244    0    0     0    32 1125 1150 22  5 73  0  0
 1  0      0 1012024 110380 6038732    0    0     0    16 1186 1184 20  8 71  0  0
 1  0      0 997432 110380 6049524    0    0  1667     0 1782 1973 22  7 70  0  0
 1  0      0 1013836 110380 6030052    0    0     0 31424 1623 1308 36  8 54  2  0
 1  0      0 1002252 110380 6040828    0    0     0    40 1092 1114 22  6 72  0  0
 1  0      0 991696 110380 6051196    0    0     0   816 1305 1206 22  6 71  0  0
 1  0      0 981616 110380 6061424    0    0     0     0 1035 1032 22  6 72  0  0
 1  0      0 970780 110380 6071944    0    0     0     0 1068 1048 21  7 72  0  0
 2  0      0 955660 110380 6091464    0    0     0    84 1203 1124 24  7 69  0  0
 7  0      0 946356 110380 6110568    0    0     0 31104 1774 1314 58 13 27  2  0
 8  0      0 821112 110380 6244496    0    0     0 25968 1985 1257 82 18  0  0  0
 6  0      0 687552 110380 6372780    0    0     0 114016 3449 1646 78 17  2  3  0
 3  0      0 982112 110380 6085376    0    0     0 208776 3514 2510 45 17 23 15  0
 2  0      0 924656 110380 6141676    0    0     0   844 1488 1201 41 11 47  0  0
procs -----------memory---------- ---swap-- -----io---- -system-- ------cpu-----
 r  b   swpd   free   buff  cache   si   so    bi    bo   in   cs us sy id wa st
 2  0      0 874272 110380 6190244    0    0     0 66308 1788 1634 40 12 46  3  0
 6  0      0 803964 110380 6254764    0    0     0 63328 1407 1239 44 11 42  3  0
 2  0      0 926304 110380 6122712    0    0     0 31056 1749 1258 47 14 38  1  0
 2  0      0 883752 110380 6167320    0    0     0 66132 2035 1468 38 11 47  4  0
 1  0      0 952772 110380 6086184    0    0     0 37536 1700 1324 31  9 58  2  0
 2  0      0 941684 110380 6096424    0    0     0   328 1091 1063 20  8 72  0  0
 1  0      0 930908 110380 6107384    0    0     0     0 1266 1214 21  8 72  0  0
 3  0      0 900848 110380 6142424    0    0     0     0 1204 1067 33  7 60  0  0
 1  0      0 956224 110380 6097348    0    0     0 31180 1453 1396 25  7 65  3  0
 1  0      0 945640 110380 6107656    0    0     0     0 1144 1107 20  7 72  0  0
 1  0      0 934564 110380 6118116    0    0     0   472 1168 1144 22  6 72  0  0
 1  0      0 922028 110380 6128844    0    0     0   276 1316 1155 21  7 72  0  0
 1  0      0 910440 110380 6139672    0    0     0     0 1161 1125 21  6 73  0  0
 1  1      0 857016 110380 6181728    0    0     0 31208 1273 1172 33  9 57  1  0
 1  0      0 908908 110380 6130496    0    0   808   192 1340 1317 22  7 70  1  0
 1  0      0 897820 110380 6141108    0    0     0    88 1058 1043 21  7 72  0  0
 1  0      0 886984 110380 6151508    0    0     0   200 1148 1112 20  7 72  0  0
 2  0      0 874444 110380 6162100    0    0     0     0 1220 1124 20  8 72  0  0
 1  0      0 864628 110380 6172268    0    0     0     0 1064 1096 21  6 72  0  0
 9  0      0 889352 110380 6159328    0    0     0 31232 1444 1314 41 11 46  2  0
 7  0      0 785616 110380 6283512    0    0     0 12564 1792 1317 84 15  0  1  0
procs -----------memory---------- ---swap-- -----io---- -system-- ------cpu-----
 r  b   swpd   free   buff  cache   si   so    bi    bo   in   cs us sy id wa st
 7  0      0 654608 110380 6409768    0    0     0 56664 2542 1518 83 17  0  0  0
 2  0      0 895888 110380 6171036    0    0     0 266748 5332 3047 63 20 11  5  0
 2  0      0 851856 110380 6217272    0    0     0     0 1253 1035 39 14 47  0  0
 2  0      0 808036 110384 6259624    0    0     0 66188 2178 1499 39 11 46  4  0
 2  0      0 875936 110384 6188736    0    0     0 43036 1740 1315 39 12 47  2  0
 3  0      0 801296 110384 6262584    0    0     0   408 1332 1068 49 14 37  0  0
 2  0      0 791796 110384 6257192    0    0     0 97156 2598 1564 44 14 38  4  0
 1  0      0 882708 110384 6170252    0    0     0 27420 1378 1216 23  9 66  2  0
 1  0      0 872124 110384 6180880    0    0     0   244 1065 1049 21  7 72  0  0
 1  0      0 861076 110384 6191040    0    0     0    24 1160 1142 21  7 72  0  0
 1  0      0 849996 110388 6200812    0    0     0    96 1017 1055 20  7 72  0  0
 2  0      0 812728 110388 6235304    0    0     0     8 1086 1036 30  8 61  0  0
 2  0      0 855664 110388 6191504    0    0     0 31148 1600 1256 24  8 66  2  0
 1  0      0 845080 110388 6201992    0    0     0   180  991 1017 21  6 72  0  0
 1  0      0 833520 110388 6212468    0    0     0    20 1018 1030 21  7 73  0  0
 1  0      0 822184 110388 6222872    0    0     0    88 1209 1156 21  7 72  0  0
 1  0      0 810592 110388 6233792    0    0   416    48 1071 1094 21  7 72  0  0
 1  0      0 819744 110388 6214484    0    0   964 31272 1597 1357 32 10 56  2  0
 1  0      0 807932 110388 6224740    0    0     0     0 1026 1052 21  7 72  0  0
 1  0      0 793064 110388 6236060    0    0   752   204 1278 1321 21  8 71  0  0
 1  0      0 781756 110388 6246288    0    0     0   112 1000 1033 21  7 73  0  0
procs -----------memory---------- ---swap-- -----io---- -system-- ------cpu-----
 r  b   swpd   free   buff  cache   si   so    bi    bo   in   cs us sy id wa st
 2  0      0 770920 110388 6257064    0    0     0     0 1158 1137 21  7 71  0  0
 1  0      0 754080 110388 6267892    0    0  2326   196 1704 1957 22  8 70  0  0
 8  0      0 758104 110388 6292728    0    0   528 31048 1795 1381 55 14 29  2  0
12  0      0 628080 110388 6427064    0    0   112 29608 1977 1336 83 16  1  1  0
 5  0      0 496032 110388 6556744    0    0     0 65108 2340 1467 81 16  0  2  0
 2  0      0 790028 110388 6266724    0    0     0 258520 3416 2507 52 16 23  9  0
 2  0      0 735096 110388 6324528    0    0  1923    32 2026 1832 42 12 46  0  0
 2  0      0 693268 110388 6368248    0    0   496 66220 2290 1637 38 12 47  3  0
 2  0      0 637340 110388 6419208    0    0   808     8 1488 1248 41 13 46  0  0
 2  0      0 607724 110388 6436508    0    0    28 97864 2449 1600 51 14 31  4  0
 2  0      0 742364 110388 6305364    0    0     0 34844 1751 1332 40 11 47  2  0
 2  0      0 692540 110388 6354156    0    0     0 66348 2206 1522 37 14 46  3  0
 2  0      0 638616 110388 6410392    0    0     0     0 1279 1113 40 13 47  0  0
 1  0      0 749364 110392 6286076    0    0   288 88092 2339 1530 36  9 50  5  0
 2  0      0 739108 110392 6299060    0    0     0    92 1259 1232 23  8 69  0  0
 1  0      0 776248 110392 6275972    0    0     0 31256 1323 1263 30 12 57  2  0
 1  0      0 764948 110392 6287128    0    0     0   220 1047 1105 21  7 72  0  0
 1  0      0 753888 110392 6297692    0    0     0     0 1159 1151 22  7 72  0  0
 1  0      0 743064 110392 6307604    0    0     0     0 1221 1268 21  7 72  0  0
 3  0      0 733488 110392 6317880    0    0     0     4 1104 1125 22  6 72  0  0
 2  0      0 707572 110392 6342980    0    0     0   560 1350 1210 28  8 65  0  0
procs -----------memory---------- ---swap-- -----io---- -system-- ------cpu-----
 r  b   swpd   free   buff  cache   si   so    bi    bo   in   cs us sy id wa st
 2  0      0 724008 110392 6310060    0    0     0 31064 1306 1206 26  9 63  2  0
 1  0      0 712672 110392 6321112    0    0   488   188 1307 1202 21  8 71  0  0
 1  0      0 700608 110392 6331684    0    0   744     0 1155 1107 21  7 72  0  0
 1  0      0 690276 110392 6343068    0    0   380  2012 1213 1214 22  7 71  1  0
 1  0      0 679824 110392 6352608    0    0   528     4 1334 1234 22  7 71  0  0
 2  0      0 648480 110392 6391036    0    0     0    24 1145 1081 29  9 61  0  0
 7  0      0 619700 110392 6445124    0    0   880 46068 1673 1385 79 14  6  1  0
 7  0      0 481140 110392 6580520    0    0   788     0 1635 1252 82 16  1  0  0
 0  1      0 372780 110392 6684308    0    0   496 248808 4050 2546 69 18  1 12  0
 2  0      0 666528 110392 6388024    0    0     0 74180 2150 1742 40 12 44  4  0
 2  0      0 621672 110392 6437676    0    0     0 66288 2110 1390 36 13 47  4  0
 2  0      0 567240 110392 6490856    0    0   412   256 1346 1101 41 12 47  0  0
 4  0      0 496176 110392 6559736    0    0     0 66156 1993 1306 48 13 36  3  0
 2  0      0 675132 110392 6360284    0    0   108 82204 2359 1675 41 14 41  4  0
 2  0      0 623868 110392 6412932    0    0     0   352 1245 1035 42 12 47  0  0
 2  0      0 580776 110392 6457924    0    0    88 66216 1466 1406 40 10 46  3  0
 2  0      0 534912 110392 6505312    0    0   284    24 1327 1076 42 11 46  0  0
 2  0      0 649436 110392 6378720    0    0   536 81796 1649 1551 33 12 49  6  0
 3  0      0 625276 110392 6405964    0    0  1468     0 1305 1145 27  9 63  0  0
 1  0      0 678096 110392 6370880    0    0     0 31348 1556 1245 26  9 63  2  0
 1  0      0 666536 110392 6382276    0    0     0     4 1018 1025 22  7 72  0  0
procs -----------memory---------- ---swap-- -----io---- -system-- ------cpu-----
 r  b   swpd   free   buff  cache   si   so    bi    bo   in   cs us sy id wa st
 1  0      0 654756 110392 6392716    0    0     0     0 1176 1127 20  8 72  0  0
 1  0      0 643668 110392 6403584    0    0     0    24  930  972 21  6 73  0  0
 1  0      0 633588 110392 6413520    0    0     0   208 1084 1095 21  6 73  0  0
 2  0      0 601392 110392 6426492    0    0     0 31412 1786 1288 33 11 55  1  0
 1  0      0 631248 110392 6403460    0    0     0   336 1170 1111 21  7 71  0  0
 2  0      0 621168 110392 6413416    0    0     0     0 1120 1119 22  6 72  0  0
 1  0      0 611108 110392 6423684    0    0   644     0 1236 1150 20  8 72  0  0
 1  0      0 600300 110392 6434480    0    0     0    16 1117 1090 21  7 72  0  0
 1  0      0 589464 110392 6444984    0    0     0   516 1235 1136 21  7 72  0  0
 7  0      0 605628 110392 6435132    0    0     0 31252 1850 1327 39 10 49  2  0
 6  0      0 479204 110392 6570988    0    0   316  9008 1669 1227 82 18  0  0  0
 6  0      0 343880 110392 6703020    0    0     0     0 1490 1100 85 15  0  0  0
 2  0      0 535488 110392 6509912    0    0   608 322308 5632 3850 52 16 13 19  0
 2  0      0 551192 110392 6501664    0    0   172   220 1401 1069 41 11 48  0  0
 2  0      0 495752 110392 6556236    0    0     0 66780 2213 1476 38 13 47  3  0
 4  0      0 436028 110392 6615192    0    0     0 66164 2182 1354 40 12 44  3  0
 1  0      0 608540 110392 6437320    0    0     0 35680 1826 1415 32 10 57  1  0
 1  0      0 596444 110392 6448736    0    0   788    24 1191 1142 21  7 72  0  0
 1  0      0 583592 110392 6460300    0    0     0   200 1359 1269 21  7 72  0  0
 3  0      0 567748 110392 6471212    0    0   744   120 1385 1452 20  8 72  0  0
 1  0      0 554656 110392 6482744    0    0  1614     0 1557 1702 20  8 71  0  0
procs -----------memory---------- ---swap-- -----io---- -system-- ------cpu-----
 r  b   swpd   free   buff  cache   si   so    bi    bo   in   cs us sy id wa st
 1  0      0 579220 110392 6463780    0    0   424 31272 1816 1388 31 11 57  1  0
 1  0      0 566124 110392 6475960    0    0   664     0 1259 1243 22  7 72  0  0
 1  0      0 553524 110392 6487764    0    0     0   204 1165 1131 20  7 73  0  0
 1  0      0 542216 110392 6498480    0    0   416    88 1345 1268 22  7 71  0  0
 2  0      0 528860 110392 6509704    0    0  1667   308 1919 2134 20  9 71  0  0
 2  0      0 489548 110392 6543440    0    0     0   312 1208 1102 30  8 63  0  0
 1  0      0 536768 110396 6501760    0    0     0 31016 1584 1362 24  8 67  1  0
 1  0      0 523916 110396 6513964    0    0     0     0 1100 1142 20  8 72  0  0
 1  0      0 511320 110396 6525992    0    0     0   324 1180 1137 20  8 73  0  0
 1  0      0 499508 110396 6537120    0    0     0     0 1225 1196 22  7 71  0  0
 3  0      0 487160 110396 6549016    0    0     0    28 1162 1093 22  7 71  0  0
 8  0      0 480960 110400 6577540    0    0     0 31248 1982 1425 56 15 28  1  0
 7  0      0 339844 110400 6717600    0    0   844     0 1707 1294 82 15  3  0  0
 6  0      0 193432 110400 6860576    0    0     0 102952 3354 1833 79 18  0  3  0
 3  0      0 507772 110400 6548068    0    0   140 270244 7811 3063 49 17 23 11  0
 2  0      0 458156 110400 6603640    0    0     0     0 1574 1293 42 12 46  0  0
 2  0      0 407756 110400 6653536    0    0   368 66232 1954 1350 39  9 47  5  0
 3  0      0 337952 110400 6718980    0    0     0 66092 2019 1306 42 12 43  3  0
 2  0      0 478584 110400 6565384    0    0     0 48748 2262 1544 44 15 38  3  0
 2  0      0 423680 110400 6617548    0    0     0 66224 1954 1457 37 12 48  3  0
 2  0      0 373532 110400 6666996    0    0     0   204 1198 1011 42 10 48  0  0
procs -----------memory---------- ---swap-- -----io---- -system-- ------cpu-----
 r  b   swpd   free   buff  cache   si   so    bi    bo   in   cs us sy id wa st
 2  0      0 326156 110400 6714392    0    0     0 66072 2183 1450 39 10 47  4  0
 2  0      0 274496 110400 6765396    0    0     0    20 1101  968 41 11 47  0  0
 2  0      0 446696 110400 6589292    0    0  1064 62188 2002 1446 32 11 55  3  0
 2  0      0 482944 110400 6548496    0    0     0 31204 1576 1355 27  7 65  2  0
 1  0      0 472108 110400 6559136    0    0     0   520 1153 1112 21  7 71  0  0
 1  0      0 459600 110400 6569988    0    0     0     0 1130 1102 23  6 72  0  0
 1  0      0 448008 110400 6580560    0    0   100     0 1225 1230 22  6 72  0  0
 5  0      0 438432 110400 6590704    0    0   108   380 2154 2452 25 12 63  0  0
 1  1      0 403452 110400 6633012    0    0     0 13224 1648 1498 36  8 56  0  0
 1  0      0 471236 110400 6582384    0    0     0 18000 1483 1345 23  7 68  1  0
 1  0      0 460652 110400 6592732    0    0     0   196 1109 1138 21  6 72  0  0
 1  0      0 450072 110400 6603544    0    0     0     0 1131 1059 22  6 72  0  0
 1  0      0 438008 110400 6614292    0    0     0     0 1023 1066 21  7 72  0  0
 1  0      0 426920 110400 6624572    0    0     0    32 1224 1167 22  6 72  0  0
 7  0      0 410676 110400 6627016    0    0     0 31728 1840 1413 48 11 40  1  0
 7  0      0 285724 110400 6763556    0    0     0 37084 1991 1268 81 18  1  1  0
 6  0      0 137072 110400 6907740    0    0     0    40 1489 1178 82 17  1  0  0
 2  0      0 126276 110244 6921664    0    0     0 347140 7841 4615 49 17  4 30  0
 2  0      0 446788 110244 6600032    0    0   524    48 4367 1180 40 14 45  0  0
 2  0      0 407732 110244 6647200    0    0     0 66188 2095 1386 37 12 47  4  0
 2  0      0 352796 110244 6701820    0    0     0     0 1191 1037 41 12 47  0  0
procs -----------memory---------- ---swap-- -----io---- -system-- ------cpu-----
 r  b   swpd   free   buff  cache   si   so    bi    bo   in   cs us sy id wa st
 3  0      0 277224 110244 6775944    0    0     0 66048 2040 1346 50 12 35  4  0
 2  0      0 472696 110244 6571116    0    0     0 74968 2636 1702 39 13 44  4  0
 2  0      0 420736 110244 6626564    0    0     0 66432 2138 1361 40 10 48  3  0
 2  0      0 364836 110244 6682880    0    0     0     0 1208 1078 40 12 48  0  0
 4  0      0 313308 110244 6734348    0    0     0 66060 2058 1317 39 10 47  4  0
 2  0      0 465948 110244 6574648    0    0     0 57484 1992 1471 36 14 48  3  0
 4  0      0 475940 110244 6556680    0    0     0 31212 1616 1242 29 12 58  1  0
 1  0      0 461968 110244 6569324    0    0     0    20 1171 1159 22  6 72  0  0
 1  0      0 449620 110244 6581640    0    0     0   212 1090 1039 20  7 72  0  0
 1  0      0 439036 110244 6591828    0    0     0     0 1086 1130 20  7 72  0  0
 1  0      0 428452 110244 6602976    0    0     0     0 1225 1161 21  7 72  0  0
 1  0      0 460464 110244 6582740    0    0     0 31320 1354 1285 34  9 55  2  0
 1  0      0 448876 110244 6593564    0    0     0   328 1026 1023 22  6 72  0  0
 1  0      0 440096 110244 6603508    0    0     0    24 1346 1335 22  7 70  0  0
 1  0      0 430024 110244 6613436    0    0     0   200 1033 1046 21  7 72  0  0
 1  0      0 419868 110244 6623384    0    0     0     0 1102 1139 20  8 72  0  0
 1  0      0 410176 110244 6632412    0    0     0   252 1090 1057 22  7 71  0  0
 2  0      0 359552 110244 6671812    0    0  1666    84 1896 2011 33 11 56  0  0
 7  0      0 316016 110244 6729900    0    0     0 31124 1694 1382 76 18  6  1  0
 7  0      0 185232 110244 6858232    0    0     0 70492 2929 1605 82 18  0  0  0
 3  0      0 123028 110232 6924584    0    0     0 147380 3551 2056 75 17  4  3  0
procs -----------memory---------- ---swap-- -----io---- -system-- ------cpu-----
 r  b   swpd   free   buff  cache   si   so    bi    bo   in   cs us sy id wa st
 2  0      0 452264 110232 6598756    0    0     0 130444 3920 2038 35 16 39  9  0
 2  0      0 432256 110232 6610688    0    0  1667 36084 2265 2346 40 12 46  2  0
 2  0      0 384920 110232 6657144    0    0     0 66184 2061 1382 39 10 47  4  0
 2  0      0 487556 110232 6566092    0    0   780 62580 2075 1522 51 16 30  3  0
 2  0      0 432368 110232 6619920    0    0     0    20 1269 1125 42 11 47  0  0
 2  0      0 383736 110232 6667360    0    0   180 66328 2157 1586 36 14 47  3  0
 2  0      0 334124 110240 6713784    0    0     0 66164 2328 1679 39 12 46  3  0
 2  0      0 285740 110240 6763148    0    0   364   232 1261 1082 42 10 47  0  0
 3  0      0 452412 110244 6580344    0    0     0 40704 1690 1436 22  8 67  3  0
 1  0      0 460180 110248 6559748    0    0     0 31136 1413 1475 34  9 55  2  0
 6  0      0 448340 110248 6570800    0    0     0    64 1115 1099 21  7 72  0  0
 1  0      0 437000 110248 6581832    0    0     0   284 1147 1097 21  7 72  0  0
 1  0      0 424940 110248 6593100    0    0     0     0 1158 1153 21  6 72  0  0
 1  0      0 413880 110248 6603828    0    0     0     0 1150 1092 22  6 72  0  0
 3  0      0 371292 110248 6645720    0    0     0   228 1239 1149 31 10 59  0  0
 2  0      0 431724 110248 6594776    0    0     0 31000 1481 1261 19  9 70  2  0
 1  0      0 421644 110248 6605564    0    0     0   236 1327 1261 21  7 72  0  0
 1  0      0 410808 110248 6615812    0    0     0   444 1147 1079 21  7 72  0  0
 1  0      0 399468 110248 6627208    0    0     0     0 1076 1112 21  7 72  0  0
 1  0      0 388192 110248 6637932    0    0     0     0 1227 1156 21  7 72  0  0
 7  0      0 401040 110248 6633412    0    0     0 31372 1788 1369 43 12 44  2  0
procs -----------memory---------- ---swap-- -----io---- -system-- ------cpu-----
 r  b   swpd   free   buff  cache   si   so    bi    bo   in   cs us sy id wa st
 6  0      0 263760 110248 6782944    0    0     0 11296 1648 1202 82 18  0  0  0
 6  0      0 121420 110248 6920876    0    0     0    96 1489 1146 81 18  1  0  0
 9  0      0 454544 110244 6583304    0    0     0 322820 4939 3297 43 16 13 28  0
 2  0      0 400532 110244 6637464    0    0     0     0 1397 1103 42 12 45  0  0
 2  0      0 360996 110244 6683764    0    0     0 66164 2144 1418 37 12 47  4  0
 2  0      0 306100 110244 6736592    0    0     0     0 1475 1237 42 12 47  0  0
 2  0      0 299948 110244 6750900    0    0     0 98060 2652 1478 49 14 32  5  0
 1  1      0 247676 110244 6800412    0    0     0 63060 1864 1267 40  9 47  3  0
 2  0      0 446772 110244 6596136    0    0     0 35332 1855 1366 39 12 47  2  0
 1  1      0 401816 110244 6642368    0    0   680 40960 1575 1237 38 12 47  3  0
 1  0      0 426464 110244 6604620    0    0     0  2692 1075 1095 22  6 72  1  0
 1  0      0 416532 110244 6614068    0    0     0   108 1267 1178 21  8 71  0  0
 1  0      0 422040 110252 6595236    0    0     0 31148 1267 1233 30 11 57  2  0
 1  0      0 409220 110252 6606980    0    0  1008   212 1175 1164 22  6 72  0  0
 1  0      0 397884 110252 6618108    0    0     0     0 1106 1095 21  7 72  0  0
 1  0      0 386544 110252 6629496    0    0     0     0 1008 1046 19  8 73  0  0
 2  0      0 376464 110252 6639708    0    0     0   176 1115 1066 22  6 72  0  0
 2  0      0 354036 110256 6664804    0    0     0   648 1183 1091 27  8 65  0  0
 1  0      0 393996 110256 6631692    0    0     0 31204 1233 1122 27  9 62  2  0
 1  0      0 380392 110256 6644388    0    0     0     0 1210 1166 19  8 72  0  0
 1  0      0 369052 110256 6655944    0    0     0     0 1017 1001 21  7 73  0  0
procs -----------memory---------- ---swap-- -----io---- -system-- ------cpu-----
 r  b   swpd   free   buff  cache   si   so    bi    bo   in   cs us sy id wa st
 1  0      0 357460 110260 6667392    0    0     0    28 1170 1175 21  6 73  0  0
 2  0      0 342844 110260 6683128    0    0     0   308 1344 1184 23  8 70  0  0
 8  0      0 325664 110260 6718484    0    0     0 31316 1494 1276 58 16 24  2  0
 7  0      0 168168 110260 6873828    0    0     0   192 1511 1161 82 18  0  0  0
 5  1      0 126424 110236 6918960    0    0     0 207764 4688 2403 76 20  1  3  0
 3  0      0 478248 110196 6557260    0    0     0 164372 3712 2146 43 18 33  5  0
 2  0      0 432060 110196 6614828    0    0     0   412 1312 1100 39 13 47  0  0
 2  0      0 382708 110196 6665956    0    0     0 66220 2316 1547 38 12 47  3  0
 4  0      0 430920 110200 6614296    0    0     0 38440 1928 1376 47 13 40  1  0
 2  0      0 429988 110208 6620268    0    0     0 97172 2645 1565 43 15 39  3  0
 2  0      0 372544 110208 6677220    0    0     0    52 1289 1079 40 12 47  0  0
 2  0      0 320408 110208 6728844    0    0     0 66184 2130 1355 39 10 47  4  0
 2  0      0 269504 110212 6777520    0    0     0 66156 2169 1530 38 12 47  4  0
 1  0      0 477488 110212 6555736    0    0     0 40172 1736 1253 33 10 55  2  0
 1  0      0 480588 110216 6536844    0    0  1666 31316 2522 2403 34 10 54  2  0
 1  0      0 467012 110216 6549008    0    0   736     0 1211 1194 22  7 71  0  0
 1  0      0 456176 110216 6559728    0    0     0    88 1133 1161 21  6 72  0  0
 1  0      0 447636 110216 6570820    0    0    76   352 1070 1093 21  7 72  0  0
 1  0      0 439320 110216 6580680    0    0     0    24 1215 1165 21  8 72  0  0
 4  0      0 415644 110216 6597312    0    0  2951   292 1770 1924 25  7 68  0  0
 1  0      0 459848 110216 6571168    0    0    48 31248 1559 1311 29 10 59  2  0
procs -----------memory---------- ---swap-- -----io---- -system-- ------cpu-----
 r  b   swpd   free   buff  cache   si   so    bi    bo   in   cs us sy id wa st
 1  0      0 448004 110216 6582616    0    0     0    84 1025 1047 21  6 72  0  0
 1  0      0 437168 110216 6593404    0    0     0     4 1007 1062 21  6 73  0  0
 1  0      0 425576 110216 6604776    0    0     0    16  998 1035 21  6 73  0  0
 1  0      0 414488 110216 6616276    0    0     0     0 1212 1164 21  7 72  0  0
 7  0      0 436880 110216 6597548    0    0     0 31172 1615 1246 34  8 56  1  0
 7  0      0 298588 110216 6744400    0    0     0   720 1657 1237 80 19  2  0  0
 7  0      0 144396 110216 6893204    0    0     0 41720 2124 1445 83 16  0  1  0
 2  0      0 291236 110172 6744304    0    0     0 322440 7340 3166 55 20 18  7  0
 2  0      0 439972 110172 6600236    0    0     0    28 3526 1132 39 14 46  0  0
 2  0      0 385048 110172 6652548    0    0     0 66180 2213 1409 39 11 47  3  0
 1  2      0 326080 110172 6709852    0    0     0 24872 1588 1175 40 11 48  1  0
 2  0      0 505792 110176 6537196    0    0     0 107636 3462 2222 46 17 30  7  0
 2  0      0 458980 110176 6594656    0    0     0     0 1558 1124 41 13 46  0  0
 2  0      0 415164 110176 6644748    0    0     0 66128 2105 1474 36 12 48  4  0
 2  0      0 353204 110176 6702304    0    0     0     0 1302 1109 41 12 47  0  0
 1  0      0 495364 110180 6559936    0    0     0 95644 2510 1633 37 11 48  5  0
 3  0      0 460648 110180 6587356    0    0     0   336 1235 1097 27  7 66  0  0
 1  0      0 488208 110180 6551892    0    0     0 31184 1746 1357 26  9 64  1  0
 1  0      0 475608 110180 6564032    0    0     0     0 1095 1103 21  7 72  0  0
 1  0      0 463272 110180 6575656    0    0     0    20 1147 1115 21  7 73  0  0
 1  0      0 449928 110180 6587332    0    0     0     0 1281 1193 21  7 72  0  0
procs -----------memory---------- ---swap-- -----io---- -system-- ------cpu-----
 r  b   swpd   free   buff  cache   si   so    bi    bo   in   cs us sy id wa st
 2  0      0 435592 110180 6600772    0    0   464   304 1272 1213 21  8 71  0  0
 1  0      0 455320 110180 6580876    0    0     0 31224 1595 1282 29 10 59  2  0
 1  0      0 441992 110180 6593764    0    0     0     0 1191 1146 20  8 72  0  0
 1  0      0 429644 110180 6605676    0    0     0    24 1053 1057 20  8 73  0  0
 1  0      0 418556 110180 6616808    0    0     0     4 1093 1126 22  6 73  0  0
 1  0      0 406464 110180 6627596    0    0     0   436 1335 1209 22  6 72  0  0
 7  0      0 411024 110180 6629164    0    0     0 31520 1845 1437 47 11 41  1  0
 8  0      0 280324 110180 6763448    0    0     0     0 1556 1229 81 18  1  0  0
 6  1      0 140476 110180 6897184    0    0     0 32768 2142 1287 81 18  1  0  0
 2  2      0 121864 110164 6920444    0    0     0 279668 3670 2506 71 18  3  8  0
 2  0      0 454612 110164 6585844    0    0     0 57500 2944 1655 39 15 43  3  0
 2  0      0 415584 110164 6631024    0    0     0 66536 2049 1450 40 10 47  3  0
 3  0      0 330940 110164 6718660    0    0     0   216 1363 1080 50 13 37  0  0
 2  0      0 335464 110164 6715516    0    0     0 97116 2713 1616 40 13 43  4  0
 2  0      0 285064 110164 6763964    0    0     0 66108 1979 1403 37 12 47  3  0
 2  0      0 458004 110164 6581072    0    0     0  8452 1460 1200 40 12 47  1  0
 2  0      0 406124 110164 6630004    0    0     0 66160 2122 1492 39 12 46  4  0
 2  0      0 348164 110164 6685944    0    0     0     0 1227 1033 43  9 48  0  0
 2  0      0 324880 110164 6707536    0    0     0 97376 2921 1743 52 13 30  4  0
 1  1      0 271208 110164 6760808    0    0     0 47112 1977 1353 39 12 46  3  0
 1  1      0 212996 110164 6818556    0    0     0 43600 1740 1226 40 10 48  2  0
procs -----------memory---------- ---swap-- -----io---- -system-- ------cpu-----
 r  b   swpd   free   buff  cache   si   so    bi    bo   in   cs us sy id wa st
 1  0      0 467180 110164 6559268    0    0     0 20716 1672 1379 21  9 69  1  0
 1  0      0 455336 110164 6570980    0    0     0     0 1039 1055 21  7 73  0  0
 1  0      0 492504 110164 6551880    0    0     0 31448 1731 1283 31 10 57  2  0
 1  0      0 479336 110164 6563864    0    0     0     4 1219 1159 21  7 72  0  0
 1  0      0 467240 110164 6575272    0    0     0   228 1029 1033 20  8 72  0  0
 1  0      0 455144 110164 6586812    0    0     0     4 1109 1136 20  8 73  0  0
 1  0      0 442576 110164 6598484    0    0   952     0 1256 1156 23  6 71  0  0
 2  0      0 398008 110164 6636080    0    0     0   244 1200 1176 30  8 62  0  0
 9  0      0 344104 110164 6696052    0    0     0 31224 1984 1378 74 16  9  2  0
 6  0      0 203268 110164 6834588    0    0     0 32444 2093 1263 80 19  1  0  0
 2  3      0 123976 110156 6917852    0    0     0 156504 3642 1986 74 17  0  9  0
 2  0      0 447404 110160 6584312    0    0  1666 167152 4679 3527 32 15 35 18  0
 1  1      0 394016 110160 6638388    0    0     0 17416 1365 1070 40 11 48  1  0
 2  0      0 346388 110160 6686256    0    0     0 48928 1871 1247 38 12 48  3  0
 2  0      0 478220 110164 6562076    0    0     0 91784 2260 1532 48 15 32  5  0
 2  0      0 419788 110164 6619292    0    0     0   160 1215 1039 40 12 47  0  0
 2  0      0 362668 110164 6673868    0    0  1667 66736 2838 2262 39 13 46  2  0
 2  0      0 315040 110168 6721992    0    0     0 66088 2145 1439 39 10 47  4  0
 2  0      0 256328 110172 6778868    0    0     0   408 1292 1089 41 11 48  0  0
 3  0      0 176192 110172 6856644    0    0     0 66120 2433 1508 47 14 37  2  0
 1  1      0 191048 110172 6853624    0    0     0 86412 1746 1601 42 12 42  5  0
procs -----------memory---------- ---swap-- -----io---- -system-- ------cpu-----
 r  b   swpd   free   buff  cache   si   so    bi    bo   in   cs us sy id wa st
 1  0      0 469196 110172 6571132    0    0     0 17560 1293 1294 23  9 66  1  0
 1  0      0 456876 110172 6583152    0    0     0     0 1157 1129 20  8 72  0  0
 1  0      0 445032 110172 6594604    0    0     0     0 1015 1048 21  6 73  0  0
 2  0      0 430668 110172 6608672    0    0     0     4 1191 1137 22  8 70  0  0
 1  0      0 456468 110172 6587268    0    0     0 31548 1395 1294 30 10 58  2  0
 2  0      0 443620 110172 6599428    0    0     0    24 1043 1054 19  8 72  0  0
 2  0      0 432040 110172 6610988    0    0     0    12 1263 1317 20  8 72  0  0
 3  0      0 420448 110172 6622428    0    0     0     0 1084 1100 20  8 72  0  0
 2  0      0 409360 110172 6633376    0    0     0    20 1040 1080 21  6 73  0  0
 8  0      0 401864 110176 6629832    0    0     0 31344 1659 1449 44 12 43  1  0
11  0      0 268084 110176 6773828    0    0     0     0 1493 1169 82 18  0  0  0
17  1      0 128744 110176 6908344    0    0     0 100840 2202 1617 79 19  1  1  0
 2  0      0 128820 110160 6912324    0    0   888 207076 4727 2577 71 18  7  4  0
 2  0      0 481620 110164 6565220    0    0    80 64468 3327 1476 37 14 45  4  0
 1  1      0 431248 110164 6612984    0    0     0 57656 1945 1361 39 12 47  2  0
 2  0      0 379120 110168 6667160    0    0     0  9440 1655 1248 41 11 47  1  0
 2  1      0 298492 110168 6747232    0    0     0 92824 2476 1470 51 13 33  4  0
 2  0      0 291420 110168 6743048    0    0     0  4440 1363 1158 42 11 47  0  0
 2  0      0 244552 110168 6790176    0    0     0 66164 2164 1427 38 12 47  4  0
 2  0      0 477628 110168 6567708    0    0     0 41180 1798 1370 38 13 47  2  0
 1  1      0 426220 110168 6615800    0    0     0 32768 1651 1229 40 10 48  2  0
procs -----------memory---------- ---swap-- -----io---- -system-- ------cpu-----
 r  b   swpd   free   buff  cache   si   so    bi    bo   in   cs us sy id wa st
 4  0      0 389432 110168 6661024    0    0     0 33360 1683 1194 40 11 47  2  0
 2  1      0 308036 110168 6739464    0    0     0 84496 2335 1384 50 15 32  4  0
 2  0      0 311904 110168 6731832    0    0     0 12620 1546 1246 41 13 46  1  0
 2  0      0 269064 110168 6774364    0    0     0 66160 2106 1387 38 11 47  4  0
 2  0      0 212616 110168 6829232    0    0     0     0 1205 1033 41 11 47  0  0
 1  0      0 479656 110168 6551448    0    0     0 68776 2386 1803 25 11 58  6  0
 5  0      0 469324 110168 6561268    0    0     0    24 1095 1066 21  6 73  0  0
 1  0      0 498804 110168 6541576    0    0     0 31152 1607 1321 35  9 55  2  0
 1  0      0 487412 110168 6552124    0    0     0    80 1248 1156 21  8 71  0  0
 1  0      0 475820 110168 6563496    0    0     0     0 1121 1115 22  6 72  0  0
 2  0      0 464228 110168 6574540    0    0     0   188 1298 1178 21  7 72  0  0
 1  0      0 453896 110168 6585008    0    0     0     0 1220 1172 21  7 72  0  0
 1  0      0 443060 110168 6594584    0    0     0   220 1163 1099 21  7 72  0  0
 8  0      0 438040 110168 6593648    0    0     0 31172 1762 1390 46 12 40  2  0
10  0      0 319600 110168 6714416    0    0     0     0 1414 1123 83 16  1  0  0
 7  0      0 201680 110168 6835656    0    0     0 35036 1676 1344 83 17  0  0  0
 6  0      0 119864 110124 6920256    0    0     0 253824 5384 2781 69 19  2 10  0
 2  0      0 462412 110092 6581804    0    0     0 68904 2537 1665 37 15 45  3  0
 2  0      0 411048 110096 6631736    0    0     0 66232 2156 1475 39 11 47  3  0
 2  0      0 363196 110096 6683712    0    0     0    84 1413 1181 41 12 47  0  0
 2  0      0 346336 110096 6699696    0    0     0 97776 2879 1644 49 16 30  5  0
procs -----------memory---------- ---swap-- -----io---- -system-- ------cpu-----
 r  b   swpd   free   buff  cache   si   so    bi    bo   in   cs us sy id wa st
 2  0      0 289668 110096 6754712    0    0     0   212 1406 1185 41 11 47  0  0
 2  0      0 241324 110096 6803372    0    0   472 66052 2203 1449 39 10 47  4  0
 2  0      0 452612 110096 6581760    0    0     0 39316 1924 1496 38 14 46  2  0
 2  0      0 411032 110096 6632076    0    0     0 66244 2062 1404 39 11 48  3  0
 3  0      0 350352 110096 6692876    0    0     0     0 1413 1144 45 11 44  0  0
 5  0      0 298864 110572 6708720    0    0  3644 97156 4218 2913 58 16 17  8  0
 3  0      0 220536 110608 6776948    0    0   372  3376 4416 3815 51 22 27  0  0
 3  0      0 121012 110760 6878108    0    0 47488 66460 5975 2483 57 16 22  5  0
 4  0      0 359788 110312 6602856    0    0 29780 53048 7868 2724 44 13 33 10  0
 2  1      0 124088 110312 6828612    0    0 102294 74812 8853 2769 32 14 45  8  0
 4  0      0 208940 110316 6733900    0    0     4 41396 1916 1300 48  8 42  2  0
 3  0      0 226976 110320 6707612    0    0  4392 36328 2380 1520 47 13 37  3  0
 4  0      0 206088 110320 6719608    0    0     0    44 1629 1384 41 11 48  0  0
 2  0      0 191500 110320 6731572    0    0     0    84 1818 1575 41 12 47  0  0
 2  0      0 405212 110324 6627392    0    0  1803     4 2213 2228 41 13 47  0  0
 2  0      0 343220 110324 6637788    0    0     0     8 1386 1044 44 10 46  0  0
10  0      0 270620 110324 6744392    0    0    12 31328 1648 1393 58 16 23  2  0
 9  0      0 151668 110340 6848756    0    0   460     0 1743 1732 84 15  1  0  0
 9  1      0 121260 109504 6908092    0    0   788 251084 8304 5980 75 25  0  0  0
 7  2      0 132208 109344 6858932    0    0  1576 138772 3537 2367 81 17  0  2  0
 5  0      0 368760 108996 6651864    0    0  3116 92144 4859 2400 62 19 15  4  0
procs -----------memory---------- ---swap-- -----io---- -system-- ------cpu-----
 r  b   swpd   free   buff  cache   si   so    bi    bo   in   cs us sy id wa st
 3  1      0 314816 109012 6704760    0    0    24 35916 1451 1190 62 13 24  2  0
 3  0      0 244172 109016 6755936    0    0     4 30328 1568 1235 62 13 23  2  0
 4  0      0 195144 109016 6804968    0    0     0 66084 1607 1415 65 10 22  3  0
 4  0      0 197624 109016 6827420    0    0     0 31100 2020 1457 75 15  9  1  0
 3  0      0 135520 109016 6881648    0    0     0 106180 2798 1776 54 14 24  8  0
 3  0      0 291064 108780 6727756    0    0   828 123152 6222 1674 51 20 23  6  0
 3  0      0 212736 109252 6784940    0    0  8324 69868 4760 3642 46 15 23 14  0
 5  3      0 117492 109452 6883112    0    0   508 74000 14327 21585 52 24 16  7  1
 5  0      0 127620 108500 6883020    0    0    36 280052 11306 14950 50 23 16 10  1
 5  0      0 122564 108128 6866568    0    0   184 92836 6229 45265 65 22  9  4  0
 4  0      0 196424 108300 6796980    0    0   196 185136 12638 21938 48 20 20 11  1
 2  0      0 501976 110700 6570708    0    0  7132  4036 6052 9502 30 19 43  7  1
 3  2      0 502808 110700 6576916    0    0   784  3036 3458 3142 24  7 67  2  0
 6  1      0 525112 110876 6647400    0    0 20520  7884 6897 6799 34 23 36  7  1
15  0      0 434316 110916 6671476    0    0  6332  1388 6955 7340 64 23 11  2  0
 3  0      0 417968 110920 6654988    0    0  1535 33356 3713 4098 66 12 20  2  0
 3  0      0 381252 110940 6669544    0    0  3092     0 1766 1583 46 11 42  1  0
 3  0      0 359584 110940 6681244    0    0     0     4 1682 1424 41 12 47  0  0
 3  0      0 344540 110940 6691804    0    0     0  9796 1795 1487 42 10 47  0  0
 1  0      0 472504 110940 6643816    0    0   120  2012 1689 1353 27  9 64  1  0
 3  0      0 450328 110948 6675528    0    0   396  8320 1753 1400 31 10 58  1  0
procs -----------memory---------- ---swap-- -----io---- -system-- ------cpu-----
 r  b   swpd   free   buff  cache   si   so    bi    bo   in   cs us sy id wa st
10  0      0 407616 110948 6721132    0    0     0 37360 2072 1437 70 15 13  1  0
12  0      0 298536 110948 6855000    0    0     0     0 1512 1120 82 17  1  0  0
 4  1      0 176632 110952 6973568    0    0     0 209960 4761 2130 74 19  2  4  0
 3  0      0 476500 110952 6674892    0    0     0 145984 2795 1978 36 14 40 10  0
 3  1      0 418292 110952 6726032    0    0  1564 29252 2148 1688 49 13 36  2  0
 4  0      0 375456 110952 6768340    0    0     0 49784 2094 1563 41 12 45  2  0
10  0      0 318504 110956 6825956    0    0     0 67448 2176 1658 45 12 39  4  0
 4  0      0 308496 110956 6827316    0    0     0 31072 1344 1109 49 13 36  2  0
 3  0      0 266164 110956 6868464    0    0     0 91212 2440 1686 36 11 44  8  0
 4  0      0 473240 110956 6652764    0    0     8 30124 1738 1396 41 13 45  2  0
 4  0      0 421812 110956 6703772    0    0    24   232 1166 1037 41 11 47  0  0
 4  0      0 378472 110956 6750920    0    0     0 66108 2189 1344 37 12 47  4  0
 4  1      0 317236 110956 6819748    0    0     0 13984 1436 1097 46 11 42  1  0
 4  0      0 308984 110956 6826692    0    0     0 83892 2502 1540 48 11 37  4  0
 4  0      0 263892 110956 6870472    0    0     4 67944 2170 1626 39 11 46  4  0
 4  0      0 213996 110956 6919756    0    0     0    24 1196 1039 41 11 47  0  0
 3  0      0 168900 110956 6963928    0    0     0 66324 2136 1502 39 11 47  3  0
 4  0      0 126828 110956 7019640    0    0     0     0 1281 1052 42 11 47  0  0
 4  0      0 469412 110936 6659288    0    0     0 72188 2179 1491 28 13 55  4  0
 3  0      0 484800 110936 6633496    0    0     0 31468 1852 1216 30 12 57  1  0
 3  0      0 472704 110936 6645008    0    0     0   240 1153 1148 22  6 72  0  0
procs -----------memory---------- ---swap-- -----io---- -system-- ------cpu-----
 r  b   swpd   free   buff  cache   si   so    bi    bo   in   cs us sy id wa st
 1  0      0 461112 110936 6655852    0    0     0   236 1073 1094 21  7 72  0  0
 1  0      0 449548 110936 6666964    0    0     0     0 1008 1051 20  7 73  0  0
 1  0      0 438208 110936 6677688    0    0     0     0 1112 1102 22  6 72  0  0
 6  0      0 467360 110936 6659860    0    0     0 31300 1793 1431 35 10 54  1  0
 3  0      0 343792 110936 6803368    0    0     0     0 1459 1116 82 18  0  0  0
 6  0      0 199716 110936 6936100    0    0     0 125336 3136 1907 79 20  1  0  0
 2  0      0 446808 110936 6680852    0    0  1667 193044 4082 3282 51 16 23 10  0
 2  0      0 389712 110936 6737732    0    0     0     0 1256 1093 41 11 48  0  0
 3  0      0 337296 110936 6788820    0    0     0 66796 2371 1624 37 13 46  4  0
 4  0      0 289672 110936 6844928    0    0     0 66068 2126 1356 41 12 44  3  0
 3  0      0 264400 110936 6864252    0    0     0 31120 1334 1161 49 14 36  1  0
 3  0      0 209004 110936 6915460    0    0  1666 66068 2818 2306 40 13 45  2  0
 2  0      0 433668 110936 6675020    0    0     0 30612 1470 1201 25  9 64  1  0
 3  0      0 421360 110936 6686296    0    0     0    92  997 1059 21  7 73  0  0
 2  0      0 410020 110936 6697912    0    0     0     0 1129 1102 22  6 72  0  0
 2  0      0 439436 110936 6679516    0    0     0 31176 1575 1242 32 10 57  2  0
 2  0      0 426244 110936 6691724    0    0     0    16  965 1005 21  7 73  0  0
 4  0      0 411880 110936 6704344    0    0     0     0 1157 1106 21  7 72  0  0
 2  0      0 400040 110936 6715488    0    0     0   444 1036 1086 21  6 72  0  0
 3  0      0 388448 110936 6726380    0    0     0   220 1141 1143 23  7 70  0  0
 4  0      0 348380 110940 6765096    0    0     0   316 1335 1256 29 10 61  0  0
procs -----------memory---------- ---swap-- -----io---- -system-- ------cpu-----
 r  b   swpd   free   buff  cache   si   so    bi    bo   in   cs us sy id wa st
 3  0      0 401072 110940 6719572    0    0     0 31024 1402 1281 21  8 69  2  0
 3  0      0 388724 110940 6731256    0    0     0     0 1079 1071 21  7 72  0  0
 2  0      0 376656 110940 6743072    0    0     0    80 1089 1107 21  6 72  0  0
 2  0      0 365316 110940 6753952    0    0     0   224 1024 1058 22  6 72  0  0
 3  0      0 348940 110940 6772780    0    0     0     0 1179 1132 23  8 69  0  0
15  0      0 315980 110940 6806640    0    0     0 31220 1777 1243 62 15 22  2  0
 8  0      0 178164 110940 6948916    0    0     0 46092 2008 1320 80 18  0  1  0
 7  2      0 129264 110852 6997096    0    0     0 64440 2226 1435 80 18  0  2  0
 3  3      0 121852 110788 7006788    0    0    76 278992 6058 3913 53 19  9 19  1
10  0      0 444000 110788 6673756    0    0     0 10576 2299 1245 39 14 46  1  0
 3  0      0 397184 110792 6719396    0    0     0 66172 2078 1469 38 12 47  4  0
 4  0      0 351332 110792 6767968    0    0     0     0 1167 1003 41 12 47  0  0
 3  0      0 344860 110792 6774400    0    0     0 97084 2545 1587 49 15 28  8  0
 3  0      0 291220 110792 6827108    0    0     0    84 1417 1132 42 11 47  0  0
 5  0      0 448656 110796 6666764    0    0     0 53164 1819 1366 41 10 47  2  0
 3  0      0 402288 110796 6716648    0    0     0 66348 2177 1297 37 13 47  3  0
 3  0      0 344608 110796 6773248    0    0     0     0 1352 1115 43 10 47  0  0
 4  0      0 298496 110796 6819528    0    0     0 66060 1915 1239 38 11 48  4  0
 3  2      0 277464 110796 6844180    0    0     0 31532 1723 1273 54 13 31  2  0
 6  0      0 480536 110796 6631556    0    0     0 89560 2503 1633 36 12 47  5  0
 3  0      0 432076 110796 6684908    0    0     0     0 1126  993 41 12 48  0  0
procs -----------memory---------- ---swap-- -----io---- -system-- ------cpu-----
 r  b   swpd   free   buff  cache   si   so    bi    bo   in   cs us sy id wa st
 4  0      0 386472 110796 6736168    0    0     0 66336 2059 1305 39 11 47  3  0
 3  1      0 330276 110796 6790284    0    0    56 53396 2052 1353 41 11 47  2  0
 4  0      0 258960 110796 6858624    0    0     0 12752 1459 1139 44 14 42  1  0
 3  0      0 253412 110796 6866580    0    0     0 97552 2906 1673 46 14 37  3  0
 4  0      0 196992 110796 6921592    0    0     0    28 1199 1025 41 12 47  0  0
 4  0      0 154152 110796 6964992    0    0     0 66568 2021 1432 39 11 47  3  0
 2  0      0 466776 110796 6642296    0    0     0 31244 1457 1287 23  9 66  2  0
 2  0      0 457200 110796 6651620    0    0     0     0 1022 1017 21  6 72  0  0
 3  0      0 437544 110796 6669272    0    0     0    84 1130 1074 25  7 68  0  0
 7  0      0 422744 110800 6695652    0    0     0 31208 1841 1358 60 13 25  2  0
 8  0      0 291988 110800 6833948    0    0     0     0 1398 1109 85 15  0  0  0
 8  0      0 158932 110800 6963424    0    0     0 141100 3584 1732 78 18  0  4  0
 3  0      0 436828 110816 6680952    0    0     0 175688 4083 2439 34 14 40 12  0
 3  1      0 389456 110816 6732028    0    0     0 64996 2063 1416 40 10 48  2  0
 4  0      0 332756 110816 6789172    0    0     0  1700 1335 1116 42 10 48  0  0
 9  0      0 251864 110816 6868764    0    0     0 66104 2304 1392 49 14 34  3  0
 4  0      0 269508 110816 6859936    0    0     0 31056 1708 1272 41 13 45  1  0
 3  0      0 223420 110820 6905124    0    0     0 66232 2086 1398 38 12 47  4  0
 2  0      0 460824 110824 6655000    0    0     0 55492 2044 1451 34 13 50  3  0
 3  0      0 450268 110824 6665456    0    0     0     0 1084 1086 20  8 73  0  0
 5  0      0 439936 110824 6675380    0    0     0    24 1053 1040 22  6 72  0  0
procs -----------memory---------- ---swap-- -----io---- -system-- ------cpu-----
 r  b   swpd   free   buff  cache   si   so    bi    bo   in   cs us sy id wa st
 3  0      0 391816 110824 6718004    0    0     0 31116 1771 1354 33 10 56  2  0
 3  0      0 443868 110824 6666544    0    0     0    48 1094 1057 22  6 71  0  0
 4  0      0 432528 110824 6677320    0    0     0   636 1292 1191 20  7 72  0  0
 3  0      0 416424 110824 6689220    0    0  1667     0 1787 1975 20  9 71  0  0
 3  0      0 405084 110824 6700656    0    0     0     4 1078 1077 21  6 73  0  0
 3  1      0 390972 110828 6718880    0    0     0   320 1209 1125 24  8 68  0  0
 4  0      0 419724 110828 6692304    0    0     0 31064 1630 1352 30 10 59  2  0
 2  0      0 408164 110828 6704156    0    0     0   272 1096 1071 21  7 73  0  0
 4  0      0 397524 110828 6715196    0    0  1666     0 1883 2028 22  8 70  0  0
 3  0      0 385968 110828 6726868    0    0     0     0 1020 1035 21  6 73  0  0
 1  0      0 375524 110828 6737748    0    0     0    28 1123 1107 21  7 72  0  0
 7  0      0 379592 110828 6734072    0    0     0 31260 1747 1369 42 10 47  1  0
11  0      0 236460 110828 6885920    0    0     0    96 1464 1147 82 18  0  0  0
 7  0      0 131160 110732 6987276    0    0     0 65824 2986 1697 81 19  0  0  0
 2  0      0 283804 110616 6832652    0    0     0 304716 5768 2653 56 17 17  9  0
 2  0      0 481520 110616 6643260    0    0     0 16096 1766 1232 33  8 58  1  0
 1  0      0 451016 110616 6679416    0    0     0 66068 2131 1493 20  7 70  4  0
 2  0      0 401624 110616 6726460    0    0     0     0 1417 1352 23  6 71  0  0
 1  0      0 354536 110704 6767792    0    0   104 66872 1801 1546 22  6 69  4  0
 1  0      0 314220 110708 6805104    0    0     0 66136 1401 1396 17  7 72  4  0
 1  0      0 265880 110708 6852320    0    0     0   292 1180 1162 23  5 72  0  0
procs -----------memory---------- ---swap-- -----io---- -system-- ------cpu-----
 r  b   swpd   free   buff  cache   si   so    bi    bo   in   cs us sy id wa st
 0  1      0 229340 110708 6888800    0    0     0 90612 1374 1457 19  5 73  4  0
 1  0      0 520028 110708 6596700    0    0     0  1468 1384 1299 21  7 72  0  0
 1  0      0 484496 110708 6630788    0    0     0 66204 1387 1361 18  5 72  4  0
 1  0      0 441404 110708 6673900    0    0     0   220 1158 1130 22  6 72  0  0
 1  0      0 413684 110708 6708072    0    0     0 66072 1417 1455 18  6 71  4  0
 1  0      0 370368 110708 6751120    0    0     0     0 1093 1106 23  5 73  0  0
 1  0      0 333860 110708 6790424    0    0     0 66084 1730 1349 18  5 73  4  0
 1  0      0 289508 110708 6832740    0    0     0 66756 2186 1616 19  6 72  3  0
 0  1      0 242132 110708 6879672    0    0     0 24564 1354 1172 20  6 72  1  0
 4  0      0 500132 110708 6634280    0    0     0 33028 2016 1412 70 16 13  2  0
 2  1      0 371644 110708 6761440    0    0     4 74860 2515 1497 80 15  2  4  0
28  0      0 541508 110708 6551292    0    0     0 180432 4288 3942 37 11 25 26  0
15  0      0 414248 110708 6687344    0    0     0    84 1480 1602 84 15  1  0  0
26  0      0 253748 110708 6845120    0    0     0   276 1753 1763 84 16  1  0  0
24  0      0 121496 110636 6980472    0    0     0 19796 2138 1900 83 17  0  0  0
 7  0      0 132984 110024 6961020    0    0     0   380 1697 1783 82 17  0  0  0
18  1      0 129336 109648 6960468    0    0     0 129088 2152 2231 80 19  1  0  0
24  1      0 130060 109412 6953984    0    0     0 209004 2357 2271 79 20  1  0  0
25  1      0 129180 109308 6950764    0    0     0 356804 2863 2669 79 20  0  0  0
25  0      0 121884 108880 6954352    0    0     0 271976 3472 2627 80 20  0  1  0
20  0      0 122804 108620 6973700    0    0     0 78732 2749 2093 85 15  0  0  0
procs -----------memory---------- ---swap-- -----io---- -system-- ------cpu-----
 r  b   swpd   free   buff  cache   si   so    bi    bo   in   cs us sy id wa st
 2  0      0 176608 108580 6952872    0    0     4 397488 8785 5108 55 19  9 16  0
13  0      0 1578804 108580 5533764    0    0     0   104 7832 1288 51 24 25  0  0
13  0      0 1437964 108580 5673480    0    0     0   288 1690 1347 83 16  1  0  0
13  0      0 1299112 108580 5806824    0    0     0 20128 2041 1454 81 17  2  0  0
11  0      0 1150936 108580 5952796    0    0     0 59340 1951 1639 84 16  0  0  0
 1  4      0 1042608 108588 6062516    0    0     0 427512 6909 4312 53 16 11 21  0
