procs -----------memory---------- ---swap-- -----io---- -system-- ------cpu-----
 r  b   swpd   free   buff  cache   si   so    bi    bo   in   cs us sy id wa st
 1  0      0 1462292 111568 5666768    0    0    30   815    3   55  5  1 93  0  0
 2  0      0 1462096 111568 5666720    0    0     0     0  875 1159  1  1 98  0  0
 1  0      0 1435920 111588 5677412    0    0    12  1188 1833 1993 21  8 71  0  0
 1  0      0 1415016 111588 5686732    0    0     0   224 1607 1582 22  8 70  0  0
 1  0      0 1395108 111588 5696424    0    0     0     0 1039 1089 21  8 72  0  0
 1  0      0 1376220 111588 5705496    0    0     0    88 1107 1165 21  8 71  0  0
 2  0      0 1356816 111588 5714964    0    0     0     4 1091 1109 21  7 72  0  0
 1  0      0 1338420 111592 5723836    0    0     0   208 1299 1313 22  8 71  0  0
 2  0      0 1309216 111592 5747884    0    0     0   252 1306 1239 30  8 62  0  0
 1  0      0 1398224 111592 5711528    0    0     0 31052 1544 1514 28  9 60  3  0
 1  0      0 1378856 111592 5721128    0    0     0   692 1156 1118 21  7 72  0  0
 1  0      0 1359516 111592 5730500    0    0     0     8 1192 1166 21  7 71  0  0
 1  0      0 1342380 111592 5739300    0    0     0     0 1158 1143 21  7 72  0  0
 1  0      0 1323264 111592 5748624    0    0     0     0 1253 1197 21  8 71  0  0
 1  0      0 1312176 111596 5757468    0    0     0   540 1139 1102 21  7 71  1  0
 3  0      0 1269084 111596 5798284    0    0   584 31008 1614 1220 35  9 54  2  0
 1  0      0 1322776 111604 5746664    0    0     0   348 1403 1311 22  7 71  0  0
 1  0      0 1311468 111604 5756432    0    0   504     4 1127 1139 22  7 72  0  0
 1  0      0 1300380 111604 5766184    0    0  1176     0 1189 1153 21  8 71  0  0
 1  0      0 1290836 111604 5775520    0    0     0     0 1084 1103 22  6 72  0  0
 1  0      0 1280812 111604 5784544    0    0   952   288 1163 1118 22  6 71  1  0
procs -----------memory---------- ---swap-- -----io---- -system-- ------cpu-----
 r  b   swpd   free   buff  cache   si   so    bi    bo   in   cs us sy id wa st
 2  0      0 1260904 111604 5808612    0    0   800   236 1207 1191 28  7 64  0  0
 1  0      0 1288168 111604 5772672    0    0     0 31080 1657 1412 30  9 59  3  0
 1  0      0 1278592 111604 5781812    0    0     0     0 1122 1159 22  7 72  0  0
 1  0      0 1269520 111604 5790644    0    0     0     8 1113 1128 22  6 72  0  0
 1  0      0 1259956 111604 5799532    0    0     0   112 1316 1389 22  7 71  0  0
 1  0      0 1251388 111604 5807956    0    0     0     0 1133 1102 22  6 71  0  0
 1  0      0 1243072 111608 5816100    0    0   880   476 1228 1220 23  5 72  1  0
 2  0      0 1219384 111608 5840900    0    0    44     0 1287 1224 29  8 63  0  0
 3  0      0 1218172 111608 5838896    0    0     0 31056 1942 1377 52 12 34  2  0
 3  0      0 1144096 111608 5910176    0    0     0    88 1413 1050 60 17 23  0  0
 1  0      0 1236148 111608 5813004    0    0     0 114216 2633 1832 31  9 54  5  0
 1  0      0 1225820 111608 5823300    0    0     0   248 1121 1077 22  6 72  0  0
 1  0      0 1216244 111608 5832828    0    0     0     0 1069 1101 22  6 72  0  0
 1  0      0 1206192 111608 5842356    0    0     0     0 1160 1105 22  7 71  0  0
 1  0      0 1239488 111608 5822848    0    0     0 31296 1639 1326 32 11 56  2  0
 1  0      0 1227900 111608 5833980    0    0     0    32 1126 1132 19  8 73  0  0
 1  0      0 1217344 111608 5844328    0    0     0     0 1253 1223 21  7 72  0  0
 1  0      0 1206508 111608 5855024    0    0     0   196 1126 1110 21  6 72  0  0
 1  0      0 1196180 111608 5865036    0    0     0     0 1104 1158 22  5 73  0  0
 2  0      0 1183612 111608 5875672    0    0     0   320 1293 1220 22  7 71  0  0
 1  0      0 1202060 111612 5854888    0    0     0 31252 1714 1402 32 10 58  1  0
procs -----------memory---------- ---swap-- -----io---- -system-- ------cpu-----
 r  b   swpd   free   buff  cache   si   so    bi    bo   in   cs us sy id wa st
 1  0      0 1191728 111612 5864860    0    0     0    32 1097 1087 21  7 72  0  0
 1  0      0 1181396 111612 5875036    0    0     0     0 1272 1190 22  7 71  0  0
 1  0      0 1171064 111612 5885200    0    0     0   188 1129 1090 20  8 72  0  0
 1  0      0 1160492 111612 5895324    0    0     0   380 1179 1117 20  7 72  0  0
 2  0      0 1145628 111612 5912484    0    0     0   352 1375 1202 24  7 69  0  0
 1  0      0 1165584 111612 5887848    0    0     0 31084 1715 1457 30  8 60  2  0
 1  0      0 1154244 111612 5898548    0    0     0     0 1078 1070 19  8 72  0  0
 1  0      0 1142404 111612 5909384    0    0     0     0 1192 1184 22  6 72  0  0
 1  0      0 1130836 111612 5919676    0    0  1666   252 1967 2136 22  7 70  0  0
 1  0      0 1119500 111612 5929568    0    0     0   144 1187 1188 22  6 72  0  0
 2  0      0 1097324 111612 5956612    0    0     0   248 1199 1116 27  9 63  0  0
 5  0      0 1099412 111620 5970392    0    0     0 31088 1856 1374 66 14 19  2  0
 5  0      0 1003664 111620 6065136    0    0  1667     0 2103 1958 84 16  0  0  0
 2  1      0 926808 111624 6149820    0    0     0 131752 2829 1913 73 17  5  5  0
 1  0      0 1152212 111636 5926792    0    0     0 93036 2244 1640 22 11 61  5  0
 1  0      0 1141884 111636 5936240    0    0     0     0 1080 1109 21  7 72  0  0
 1  0      0 1131564 111636 5945952    0    0     0    16 1205 1115 22  6 72  0  0
 3  0      0 1110144 111636 5966024    0    0     0     8 1119 1082 27  6 67  0  0
 2  0      0 1121500 111636 5935232    0    0     0 31156 1582 1338 29  9 59  3  0
 1  0      0 1110440 111636 5946056    0    0     0   276 1234 1171 22  6 72  0  0
 1  0      0 1100864 111636 5955332    0    0     0     0 1081 1073 21  6 72  0  0
procs -----------memory---------- ---swap-- -----io---- -system-- ------cpu-----
 r  b   swpd   free   buff  cache   si   so    bi    bo   in   cs us sy id wa st
 2  0      0 1094072 111636 5965004    0    0     0    44 1126 1133 22  6 72  0  0
 1  0      0 1082760 111636 5975864    0    0     0    24 1099 1060 22  7 71  0  0
 2  0      0 1072932 111636 5989408    0    0     0   252 1072 1072 24  7 69  0  0
 1  0      0 1102972 111636 5964084    0    0     0 31336 1567 1188 33  9 55  2  0
 1  0      0 1092136 111636 5974708    0    0     0     0 1182 1132 21  8 72  0  0
 3  0      0 1082560 111636 5984252    0    0     0     0 1072 1019 21  6 72  0  0
 1  0      0 1073236 111636 5993248    0    0     0     0 1088 1117 22  6 71  0  0
 1  0      0 1064668 111636 6001988    0    0     0    28 1177 1116 22  7 71  0  0
 1  0      0 1055344 111636 6011048    0    0     0   248 1108 1138 20  8 72  0  0
 2  0      0 1018300 111636 6046468    0    0     0   348 1352 1173 34  8 58  0  0
 1  0      0 1058908 111636 5999716    0    0     0 31160 1547 1460 23  9 66  3  0
 1  0      0 1049084 111636 6009360    0    0     0     0 1066 1060 21  7 72  0  0
 1  0      0 1039508 111636 6018432    0    0     0    16 1390 1285 22  7 71  0  0
 1  0      0 1030464 111636 6027152    0    0     0     4 1064 1041 20  8 72  0  0
 1  0      0 1021644 111636 6035904    0    0     0   300 1156 1139 20  8 72  0  0
 1  0      0 1012824 111636 6044864    0    0     0   184 1233 1131 22  6 71  0  0
 7  0      0 1026708 111636 6041988    0    0     0 31080 1749 1377 44 12 42  2  0
 7  0      0 921652 111636 6148992    0    0     0 15276 1817 1232 81 16  3  0  0
 6  0      0 806768 111644 6260552    0    0     0 63372 2296 1508 79 19  0  2  0
 3  0      0 711512 111644 6354712    0    0     0 126836 2809 1711 78 18  1  3  0
 2  0      0 1025164 111644 6034640    0    0     0 125712 2543 1942 31 11 48 10  0
procs -----------memory---------- ---swap-- -----io---- -system-- ------cpu-----
 r  b   swpd   free   buff  cache   si   so    bi    bo   in   cs us sy id wa st
 1  0      0 1018136 111644 6045032    0    0     0     0 1234 1135 22  6 72  0  0
 1  0      0 1008812 111644 6054608    0    0     0     0 1115 1112 22  5 72  0  0
 2  0      0 967748 111644 6090484    0    0     0    16 1226 1113 30 11 60  0  0
 1  0      0 1002572 111652 6044236    0    0     0 31140 1564 1324 23  8 67  2  0
 2  0      0 999548 111652 6054436    0    0     0   208 1086 1055 20  8 72  0  0
 1  0      0 987708 111652 6064748    0    0     0     0 1120 1128 22  6 72  0  0
 1  0      0 976872 111652 6074476    0    0     0     0 1214 1113 23  6 71  0  0
 1  0      0 966792 111652 6083748    0    0     0     0 1179 1170 21  7 72  0  0
 2  0      0 942096 111660 6108124    0    0     0   692 1349 1186 27  8 65  0  0
 1  0      0 971380 111668 6073772    0    0     0 31112 1366 1353 29  7 61  2  0
 1  0      0 960292 111668 6084860    0    0     0   300 1215 1158 21  7 72  0  0
 1  0      0 948952 111668 6096044    0    0     0     0 1242 1207 21  8 72  0  0
 1  0      0 938872 111668 6106080    0    0     0     0 1068 1034 22  5 72  0  0
 1  0      0 927784 111668 6117040    0    0     0   144 1098 1086 20  8 72  0  0
 1  0      0 953452 111668 6097396    0    0     0 31268 1548 1404 31 10 57  2  0
 1  0      0 941180 111668 6108932    0    0     0     8 1024 1042 21  6 73  0  0
 1  0      0 929628 111668 6119900    0    0     0     0 1021  993 22  6 72  0  0
 1  0      0 919548 111668 6130076    0    0     0     0 1188 1104 21  7 71  0  0
 1  0      0 909972 111668 6139608    0    0     0   128 1038 1034 21  7 72  0  0
 1  0      0 898384 111668 6150416    0    0     0   220 1250 1151 21  8 71  0  0
 3  0      0 854032 111668 6191464    0    0     0 31388 1458 1327 36  9 52  2  0
procs -----------memory---------- ---swap-- -----io---- -system-- ------cpu-----
 r  b   swpd   free   buff  cache   si   so    bi    bo   in   cs us sy id wa st
 5  0      0 807928 111668 6235092    0    0     0  3136 1593 1185 80 19  0  0  0
 3  1      0 711164 111668 6338488    0    0     0 111612 2297 1515 77 17  1  5  0
 1  0      0 889448 111668 6155088    0    0     0 84968 2339 1730 24 10 61  5  0
 1  0      0 880376 111668 6164264    0    0     0   116 1124 1074 22  6 72  0  0
 1  0      0 869792 111668 6173420    0    0     0     0 1242 1162 21  7 71  0  0
 2  0      0 844856 111668 6202252    0    0  2602   196 1937 2114 30  7 62  0  0
 1  0      0 894676 111668 6162084    0    0   480 31292 1401 1362 29  8 61  3  0
 1  0      0 883868 111668 6172120    0    0     0    24 1335 1264 22  7 71  0  0
 2  0      0 873032 111668 6182576    0    0     0   104 1142 1166 21  6 72  0  0
 3  0      0 863468 111668 6191836    0    0  1211     4 1572 1694 21  8 71  0  0
 1  0      0 853892 111668 6201320    0    0   564     0 1293 1336 23  6 70  0  0
 2  0      0 841292 111668 6213264    0    0     0   508 1281 1182 23  6 70  0  0
 1  0      0 857944 111668 6190912    0    0     0 31076 1651 1377 32 11 55  2  0
 1  0      0 847892 111668 6200732    0    0     0    84 1173 1133 20  8 72  0  0
 1  0      0 838064 111668 6210348    0    0     0    32 1261 1200 20  8 71  0  0
 2  0      0 827480 111668 6221104    0    0     0     0 1100 1032 20  8 72  0  0
 1  0      0 817148 111668 6231464    0    0     0   232 1144 1087 20  7 72  0  0
 1  0      0 807572 111668 6240924    0    0   648   208 1168 1132 23  6 71  0  0
 1  0      0 839868 111668 6220908    0    0   352 31208 1731 1278 36 10 53  2  0
 1  0      0 828556 111668 6231492    0    0     0   136 1047 1051 21  6 73  0  0
 1  0      0 816472 111668 6242264    0    0   852     0 1121 1066 20  8 72  0  0
procs -----------memory---------- ---swap-- -----io---- -system-- ------cpu-----
 r  b   swpd   free   buff  cache   si   so    bi    bo   in   cs us sy id wa st
 1  0      0 805384 111668 6252944    0    0  1448     0 1328 1162 22  7 71  0  0
 1  0      0 794548 111668 6263744    0    0     0   220 1062 1091 22  5 72  0  0
 7  0      0 776156 111668 6282520    0    0     0    92 1283 1125 25  7 68  0  0
 7  0      0 747220 111668 6315656    0    0   764 31196 1900 1360 61 14 23  2  0
 7  0      0 616216 111668 6447388    0    0   180    16 1444 1085 82 17  1  0  0
 3  2      0 498564 111672 6557844    0    0     0 209684 4434 2412 78 17  1  4  0
 1  0      0 789492 111672 6267408    0    0     0 106336 2349 1836 34 11 51  5  0
 1  0      0 777900 111672 6277776    0    0     0    16 1255 1165 22  7 71  0  0
 2  0      0 766336 111672 6287164    0    0     0    88 1239 1180 22  6 72  0  0
 2  0      0 750976 111672 6300860    0    0    36    32 1377 1303 24  7 69  0  0
 1  0      0 774996 111672 6276548    0    0     0 31228 1557 1390 34  8 56  2  0
 1  0      0 764196 111672 6287188    0    0   240     0 1193 1202 21  7 72  0  0
 1  0      0 752392 111672 6298048    0    0   536   440 1237 1145 21  7 72  0  0
 1  0      0 740080 111672 6309316    0    0     0    88 1392 1320 22  6 72  0  0
 1  0      0 729252 111672 6319000    0    0     0     0 1110 1080 21  6 72  0  0
 5  0      0 713628 111672 6338256    0    0   568   252 1264 1186 26  7 66  0  0
 1  0      0 734844 111672 6308472    0    0     0 31128 1476 1370 29 11 59  2  0
 1  0      0 722748 111672 6319788    0    0     0   300 1131 1090 20  7 72  0  0
 1  0      0 711412 111672 6329940    0    0     0   352 1206 1192 21  7 72  0  0
 1  0      0 701836 111672 6338804    0    0     0     0 1172 1136 23  6 71  0  0
 1  0      0 692008 111672 6348196    0    0     0    24 1055 1083 21  6 72  0  0
procs -----------memory---------- ---swap-- -----io---- -system-- ------cpu-----
 r  b   swpd   free   buff  cache   si   so    bi    bo   in   cs us sy id wa st
 1  0      0 682936 111672 6357248    0    0     0   292 1102 1146 22  6 72  0  0
 1  0      0 702644 111672 6336116    0    0     0 31064 1483 1291 36 11 50  3  0
 2  0      0 690584 111672 6346672    0    0   532   412 1102 1105 22  6 72  0  0
 3  0      0 679244 111672 6357600    0    0     0     0 1046 1053 20  8 72  0  0
 1  0      0 669924 111672 6368068    0    0     0     8 1231 1172 21  8 72  0  0
 1  0      0 659592 111672 6378324    0    0     0    24 1041 1047 21  7 72  0  0
 1  0      0 649516 111672 6387868    0    0     0   220 1124 1118 22  7 72  0  0
 7  0      0 659640 111672 6396840    0    0     0 31152 1930 1368 51 11 36  2  0
 6  0      0 536928 111672 6518220    0    0     0   204 1509 1154 84 15  1  0  0
 4  1      0 428632 111672 6631624    0    0     0 45484 1732 1317 80 18  0  2  0
 2  0      0 673000 111672 6381012    0    0     0 253792 3145 2305 46 16 29 10  0
 2  0      0 623980 111672 6432312    0    0     0   332 1368 1131 41 12 47  0  0
 2  0      0 578396 111672 6478140    0    0     0 66284 2157 1470 40 11 46  3  0
 1  0      0 673500 111672 6396716    0    0     0 51996 1956 1377 37 12 48  3  0
 2  0      0 643796 111672 6422184    0    0     0   300 1274 1163 28  8 64  0  0
 2  0      0 667816 111672 6385272    0    0     0 31124 1562 1434 29  9 59  3  0
 1  0      0 657232 111672 6395188    0    0     0    52 1059 1066 21  7 72  0  0
 2  0      0 647404 111672 6404568    0    0     0     4 1062 1055 21  6 72  0  0
 4  0      0 637336 111672 6414280    0    0     0    88 1259 1168 21  8 71  0  0
 1  0      0 626000 111672 6424840    0    0     0     0 1023 1042 22  6 72  0  0
 2  0      0 612896 111672 6441784    0    0     0   204  990 1057 22  9 69  0  0
procs -----------memory---------- ---swap-- -----io---- -system-- ------cpu-----
 r  b   swpd   free   buff  cache   si   so    bi    bo   in   cs us sy id wa st
 1  0      0 647908 111672 6416200    0    0     0 31076 1726 1350 30 11 58  2  0
 2  0      0 636856 111672 6426732    0    0     0     0  981 1017 21  6 72  0  0
 2  0      0 626152 111672 6436636    0    0  1666    88 1742 1997 21  7 71  0  0
 1  0      0 616348 111672 6446532    0    0     0     0 1218 1160 22  7 71  0  0
 1  0      0 606520 111672 6456704    0    0     0     0 1000 1028 22  6 72  0  0
 2  0      0 590644 111672 6476284    0    0     0   200 1133 1103 26  7 67  0  0
 1  0      0 610908 111672 6446548    0    0     0 31160 1631 1269 31 11 56  2  0
 2  0      0 592232 111672 6456648    0    0  1667    80 1905 2076 21  9 70  0  0
 1  0      0 583008 111672 6465964    0    0     0     4 1088 1091 21  7 72  0  0
 1  0      0 571724 111672 6476452    0    0     0     0 1277 1255 21  7 72  0  0
 1  0      0 560388 111672 6487096    0    0     0     4 1133 1083 22  6 72  0  0
 3  0      0 547284 111672 6502316    0    0     0   204 1187 1165 21  9 69  0  0
 7  0      0 532464 111672 6535872    0    0     0 31156 1899 1364 59 12 27  1  0
 7  0      0 376520 111672 6689956    0    0     0 25828 2109 1344 82 19  0  0  0
 2  2      0 235400 111672 6827248    0    0     0 198456 4750 2303 74 19  1  6  0
 4  0      0 548364 111672 6516964    0    0     0 125200 3486 2120 38 13 42  7  0
 2  0      0 497208 111672 6566496    0    0     0 66740 2065 1353 37 12 48  3  0
 2  0      0 438028 111672 6625140    0    0     0    16 1278 1124 39 13 48  0  0
 3  0      0 508496 111672 6552436    0    0     0 50948 2187 1698 42 11 45  2  0
 4  0      0 489360 111676 6563992    0    0     0 97120 2578 1586 49 14 30  7  0
 1  0      0 553636 111676 6491092    0    0     0 37740 1690 1273 33 11 53  2  0
procs -----------memory---------- ---swap-- -----io---- -system-- ------cpu-----
 r  b   swpd   free   buff  cache   si   so    bi    bo   in   cs us sy id wa st
 1  0      0 541824 111676 6502316    0    0   808     8 1268 1209 20  8 71  0  0
 1  0      0 530736 111676 6513480    0    0     0    24 1073 1087 21  7 72  0  0
 1  0      0 519900 111676 6524068    0    0    56    96 1249 1205 21  7 71  0  0
 2  0      0 495744 111676 6554372    0    0     0     0 1191 1079 29  8 63  0  0
 1  0      0 544684 111676 6514440    0    0     0 31432 1637 1291 27  7 64  2  0
 1  0      0 533092 111680 6525336    0    0     0    28 1369 1339 22  7 71  0  0
 1  0      0 522772 111680 6535896    0    0   828     0 1158 1118 20  8 72  0  0
 1  0      0 511684 111680 6546832    0    0     0   108 1086 1097 21  6 73  0  0
 2  0      0 501352 111680 6557032    0    0     0     0 1177 1164 21  7 72  0  0
 3  0      0 464560 111680 6588528    0    0     0   212 1166 1062 30 10 60  0  0
 2  0      0 493592 111680 6545772    0    0     0 31044 1412 1245 25  8 65  2  0
 1  0      0 483296 111680 6556104    0    0     0     0 1209 1125 23  6 71  0  0
 1  0      0 473216 111680 6566248    0    0     0   104 1206 1166 23  6 71  0  0
 1  0      0 463388 111680 6575764    0    0     0     0 1121 1092 23  6 72  0  0
 1  0      0 453348 111680 6584972    0    0     0     0 1253 1211 22  7 71  0  0
 2  0      0 443524 111680 6600088    0    0     0   264 1117 1089 24  7 69  0  0
 7  0      0 446784 111680 6609864    0    0     0 31064 1661 1282 55 14 30  2  0
 8  0      0 329184 111680 6732880    0    0     0 26928 2059 1462 81 17  1  1  0
12  0      0 194868 111680 6863744    0    0     0 94092 2895 1591 81 16  0  2  0
 1  1      0 127856 111680 6936900    0    0     0 258388 5120 3589 57 18  7 17  0
 2  0      0 441992 111680 6624752    0    0     0     0 5942 1175 42 14 44  0  0
procs -----------memory---------- ---swap-- -----io---- -system-- ------cpu-----
 r  b   swpd   free   buff  cache   si   so    bi    bo   in   cs us sy id wa st
 2  0      0 398684 111680 6668884    0    0     0 66148 1459 1330 38 11 47  5  0
 2  0      0 351824 111680 6713880    0    0     0     0 1278 1120 43 10 47  0  0
 3  0      0 418720 111680 6645224    0    0     0 50200 1565 1364 47 14 34  4  0
 2  0      0 413700 111680 6633752    0    0     0 31156 1649 1272 46 14 38  2  0
 1  0      0 458884 111680 6577684    0    0     0 81264 1541 1423 35 12 48  5  0
 1  0      0 446928 111680 6587848    0    0     0     0 1177 1151 21  8 72  0  0
 1  0      0 436344 111680 6598060    0    0     0     0 1030 1077 20  7 73  0  0
 1  0      0 425760 111680 6608176    0    0     0     0 1049 1103 20  7 73  0  0
 2  0      0 407872 111680 6624436    0    0     0   484 1383 1227 24  8 68  0  0
 1  0      0 438280 111680 6599016    0    0     0 31220 1530 1280 31  9 58  2  0
 1  0      0 425968 111680 6610824    0    0     0     8 1004 1023 20  7 73  0  0
 1  0      0 416140 111680 6621092    0    0     0     0 1189 1165 22  6 71  0  0
 2  0      0 406368 111680 6630608    0    0     0     0  962 1011 21  6 72  0  0
 1  0      0 395532 111680 6641064    0    0     0     0  977 1051 21  7 73  0  0
 2  0      0 362268 111680 6671692    0    0     0   292 1314 1168 29  9 62  0  0
 1  0      0 408548 111680 6632428    0    0     0 31080 1617 1325 25  9 64  2  0
 1  0      0 395728 111680 6643980    0    0     0     0 1082 1109 20  7 72  0  0
 1  0      0 383812 111680 6655400    0    0     0     0 1033 1081 20  7 72  0  0
 1  0      0 374072 111680 6665796    0    0     0     0 1150 1094 20  7 72  0  0
 1  0      0 363740 111680 6675792    0    0     0   340 1187 1195 20  9 72  0  0
 7  0      0 377008 111680 6662192    0    0     0 31312 1669 1339 38 11 49  1  0
procs -----------memory---------- ---swap-- -----io---- -system-- ------cpu-----
 r  b   swpd   free   buff  cache   si   so    bi    bo   in   cs us sy id wa st
 7  0      0 257192 111680 6793788    0    0  1666    52 2082 1934 82 17  0  0  0
 7  1      0 117332 111680 6929188    0    0     0  8200 1650 1252 81 18  0  0  0
 1  4      0 125416 111660 6922920    0    0     0 233172 4969 2574 71 18  0 11  0
 3  0      0 454188 111660 6585712    0    0     0 122128 4998 2179 32 19 36 13  0
 1  1      0 402436 111660 6635060    0    0  1667 45072 2221 2341 40 12 45  3  0
 3  0      0 359092 111660 6678620    0    0     0 21156 1367 1199 40 12 47  1  0
 4  0      0 310204 111660 6728188    0    0     0 66084 1514 1446 43 10 43  4  0
 1  1      0 316148 111660 6732628    0    0     0 63248 1830 1338 49 13 34  4  0
 2  0      0 447444 111660 6596120    0    0     0  2532 1357 1207 42 11 47  0  0
 3  0      0 405112 111660 6637588    0    0     0 66188 1485 1349 38 12 46  4  0
 2  0      0 359248 111660 6687660    0    0     0    24 1321 1156 43 10 47  0  0
 3  0      0 310612 111660 6736968    0    0     0 66100 1455 1344 40  9 47  3  0
 1  0      0 456784 111660 6586008    0    0     0 21776 1466 1259 22  9 68  1  0
 1  0      0 466124 111660 6565560    0    0     0 31808 1500 1335 34 10 55  2  0
 1  0      0 455328 111660 6575504    0    0     0     4 1072 1081 21  7 72  0  0
 1  0      0 443988 111660 6585480    0    0     0     0 1095 1075 21  7 71  0  0
 1  0      0 434664 111660 6595036    0    0     0    16 1254 1162 21  8 71  0  0
 1  0      0 424080 111660 6605196    0    0     0     4 1129 1125 21  6 72  0  0
 1  0      0 413244 111660 6615788    0    0     0   220 1082 1117 21  7 72  0  0
 1  0      0 433716 111660 6596432    0    0     0 31124 1428 1241 35  9 54  2  0
 1  0      0 422628 111660 6607576    0    0     0     0 1066 1099 21  7 72  0  0
procs -----------memory---------- ---swap-- -----io---- -system-- ------cpu-----
 r  b   swpd   free   buff  cache   si   so    bi    bo   in   cs us sy id wa st
 1  0      0 411316 111660 6617924    0    0     0    32 1084 1072 21  6 72  0  0
 2  0      0 401488 111660 6627620    0    0     0     0 1044 1077 21  7 72  0  0
 3  0      0 392164 111660 6636928    0    0     0   368 1268 1230 21  8 71  0  0
 4  0      0 382084 111660 6646628    0    0     0   296 1041 1075 21  7 73  0  0
 7  0      0 405536 111660 6629388    0    0     0 31080 1752 1209 39 10 49  2  0
 9  0      0 280800 111660 6778956    0    0     0     0 1495 1152 83 16  1  0  0
 7  0      0 138172 111660 6918992    0    0     0 24372 1734 1375 81 18  0  1  0
 3  0      0 459428 111652 6580148    0    0     0 323292 6098 3141 58 19 12 12  0
 2  0      0 425464 111652 6634632    0    0     0   628 5055 1098 43 11 46  0  0
 2  0      0 377080 111652 6681928    0    0     0 66264 2159 1477 39 11 47  3  0
 2  0      0 456496 111652 6596828    0    0     0 45116 1860 1335 38 13 47  3  0
 3  0      0 379904 111652 6668832    0    0     0    20 1837 1045 51 13 36  0  0
 2  0      0 371640 111652 6665100    0    0     0 97136 2573 1616 43 14 39  4  0
 1  1      0 316976 111652 6718260    0    0     0 57424 1842 1228 39 12 47  3  0
 3  1      0 262824 111652 6771484    0    0     0 37480 1668 1304 39 12 47  2  0
 1  0      0 430736 111652 6591428    0    0     0 14448 1475 1322 22  7 70  1  0
 1  0      0 419452 111652 6602024    0    0     0     0 1058 1045 22  6 72  0  0
 2  0      0 389716 111652 6642212    0    0     0    24 1384 1220 35  8 57  0  0
 1  0      0 435172 111652 6593332    0    0     0 31596 1265 1257 20  9 69  2  0
 1  0      0 429376 111652 6603372    0    0     0     4 1074 1106 21  6 72  0  0
 1  0      0 421060 111652 6613484    0    0     0    76 1166 1094 21  8 71  0  0
procs -----------memory---------- ---swap-- -----io---- -system-- ------cpu-----
 r  b   swpd   free   buff  cache   si   so    bi    bo   in   cs us sy id wa st
 1  0      0 410476 111652 6623276    0    0     0     0 1082 1092 22  6 72  0  0
 1  0      0 399640 111652 6633308    0    0     0    20 1043 1047 22  6 72  0  0
 3  0      0 362612 111652 6669564    0    0     0   480 1290 1151 32  9 59  0  0
 1  0      0 407520 111656 6624180    0    0     0 31164 1311 1301 23  9 67  2  0
 1  0      0 397440 111656 6633924    0    0     0     4 1123 1137 21  7 72  0  0
 1  0      0 387108 111656 6644032    0    0     0     0 1056 1072 22  5 72  0  0
 1  0      0 376272 111656 6654780    0    0     0     0 1107 1126 20  7 73  0  0
 1  0      0 370020 111656 6664168    0    0     0   356 1306 1177 21  8 71  0  0
 2  0      0 345076 111656 6695312    0    0     0   288 1257 1165 33  9 58  0  0
 6  0      0 328216 111656 6715532    0    0     0 33212 1525 1324 67 15 16  3  0
 6  0      0 224424 111656 6827996    0    0     0     0 1475 1150 84 16  0  0  0
 7  0      0 118612 111656 6928932    0    0     0 100736 3615 1806 82 17  1  1  0
 0  2      0 121940 111648 6928588    0    0     0 222508 4225 2459 56 16 17 11  0
 2  0      0 410056 111648 6641220    0    0     0     4 1953 1076 39 16 45  0  0
 2  0      0 367468 111648 6682140    0    0     0 66168 1411 1410 40  8 47  4  0
 2  0      0 428536 111648 6611544    0    0     0 35236 1386 1262 41 10 47  2  0
 3  0      0 355600 111648 6689836    0    0     0     0 1346 1053 52 14 35  0  0
 2  0      0 383532 111648 6671108    0    0     0 97672 2015 1563 40 13 41  5  0
 2  0      0 334452 111648 6716632    0    0  1666   112 2006 2139 44 12 44  0  0
 2  0      0 295896 111648 6754264    0    0     0 66824 1778 1439 38 12 46  4  0
 2  0      0 251040 111648 6798268    0    0     0     0 1316 1119 42 12 46  0  0
procs -----------memory---------- ---swap-- -----io---- -system-- ------cpu-----
 r  b   swpd   free   buff  cache   si   so    bi    bo   in   cs us sy id wa st
 2  0      0 214500 111648 6835224    0    0     0 66084 2042 1379 37 12 46  4  0
 1  0      0 417004 111648 6622368    0    0  1171  8540 1979 2038 23 10 66  1  0
 2  0      0 386516 111648 6657680    0    0   496   112 1428 1370 34  9 58  0  0
 1  0      0 431968 111648 6612596    0    0     0 31188 1502 1316 24  7 67  2  0
 1  0      0 421388 111648 6622852    0    0     0     0 1105 1049 22  6 72  0  0
 1  0      0 410808 111648 6632612    0    0     0     0 1036 1092 22  6 72  0  0
 1  0      0 399972 111648 6643228    0    0     0    12 1014 1027 21  7 72  0  0
 2  0      0 387904 111648 6653676    0    0     0   368 1217 1174 21  7 72  0  0
 2  0      0 351868 111648 6686772    0    0     0   684 1307 1135 33  8 58  0  0
 1  0      0 406648 111648 6641664    0    0     0 31080 1223 1235 24  8 66  2  0
 1  0      0 396344 111648 6651416    0    0     0     0 1174 1135 22  6 71  0  0
 1  0      0 386264 111648 6661184    0    0     0     0 1035 1031 21  7 72  0  0
 1  0      0 375680 111648 6671292    0    0     0   188 1042 1024 22  6 72  0  0
 1  0      0 365100 111648 6681192    0    0     0    24 1159 1109 22  6 72  0  0
 2  0      0 337408 111648 6705132    0    0     0   268 1084 1056 27  8 65  0  0
 8  0      0 320968 111648 6733848    0    0     0 37452 1600 1396 61 15 22  2  0
 7  0      0 186904 111648 6864532    0    0     0     0 1600 1174 81 18  0  0  0
 7  1      0 119212 111636 6928832    0    0     0 218304 4840 2343 74 20  1  5  0
 2  0      0 437944 111632 6613244    0    0     0 105476 3645 1652 46 18 31  6  0
 2  0      0 385812 111632 6662716    0    0     0    24 1401 1134 44 12 44  0  0
 2  0      0 337176 111632 6709460    0    0     0 66476 2111 1639 41 10 46  3  0
procs -----------memory---------- ---swap-- -----io---- -system-- ------cpu-----
 r  b   swpd   free   buff  cache   si   so    bi    bo   in   cs us sy id wa st
 1  1      0 287576 111632 6756744    0    0     0 47140 1798 1255 40 10 47  3  0
 5  0      0 439624 111632 6588672    0    0     0 83876 2596 1717 52 15 29  4  0
 2  0      0 392576 111632 6642400    0    0     0    12 1270 1092 40 13 47  0  0
 2  0      0 356748 111632 6685656    0    0     0 66124 2094 1390 39 11 47  3  0
 2  0      0 309948 111632 6735044    0    0     0     0 1206 1034 43 10 47  0  0
 2  0      0 271928 111632 6774628    0    0     0 66068 2024 1270 38 11 47  4  0
 1  0      0 424388 111632 6615936    0    0     0 35872 1786 1384 32 10 55  3  0
 2  0      0 400476 111632 6642300    0    0     0     0 1023 1000 30  8 63  0  0
 1  0      0 443164 111632 6604176    0    0     0 31172 1721 1537 31 11 56  3  0
 2  0      0 425604 111632 6614104    0    0     0   192 2558 3269 26 10 64  0  0
 2  0      0 416168 111632 6624312    0    0     0     0 1225 1181 22  7 71  0  0
 1  0      0 404356 111632 6635272    0    0     0     8 1088 1103 22  6 72  0  0
 1  0      0 395320 111632 6645304    0    0     0     0 1305 1267 22  6 71  0  0
 2  0      0 366088 111632 6669944    0    0     0     0 1252 1207 28  8 63  0  0
 1  0      0 394768 111632 6635184    0    0     0 31172 1644 1398 27  9 61  2  0
 1  0      0 383456 111632 6645656    0    0     0     0 1141 1104 21  7 72  0  0
 1  0      0 372872 111632 6655956    0    0     0   292 1108 1136 23  6 72  0  0
 1  0      0 362096 111632 6665528    0    0     0   128 1185 1191 22  6 72  0  0
 1  0      0 352520 111632 6675040    0    0     0     0 1007 1078 21  6 72  0  0
 2  0      0 343452 111632 6689156    0    0     0   324 1105 1166 24  7 69  0  0
 6  0      0 352348 111632 6698744    0    0     0 36232 1952 1493 55 15 28  2  0
procs -----------memory---------- ---swap-- -----io---- -system-- ------cpu-----
 r  b   swpd   free   buff  cache   si   so    bi    bo   in   cs us sy id wa st
 6  0      0 228120 111636 6831616    0    0     0    36 1513 1109 84 16  0  0  0
 6  0      0 125640 111628 6933480    0    0     0 64244 2624 1629 78 20  1  1  0
 4  0      0 456324 111620 6602640    0    0     0 258792 4869 2929 40 14 23 22  0
 2  0      0 403988 111620 6653492    0    0     0     0 1470 1051 42 13 45  0  0
 2  0      0 362184 111620 6696092    0    0     0 66888 1586 1476 37 12 47  4  0
 2  1      0 316580 111620 6740600    0    0     0   176 1453 1235 43 11 46  0  0
 5  0      0 255848 111620 6795060    0    0     0 66508 1897 1404 45 12 41  3  0
 2  0      0 236904 111620 6804236    0    0     0 31120 1832 1304 49 14 35  2  0
 2  0      0 428420 111620 6606056    0    0     0 88764 2487 1639 37 12 46  4  0
 2  0      0 378264 111620 6659644    0    0     0    40 1285 1100 41 11 47  0  0
 2  0      0 332148 111620 6704688    0    0     0 66136 2063 1462 39 11 47  3  0
 2  0      0 278980 111620 6758560    0    0     0     0 1285 1087 41 11 47  0  0
 3  0      0 212452 111620 6823088    0    0     0 66068 2121 1383 43 14 39  4  0
 1  0      0 422824 111620 6609188    0    0     0 89204 2471 1594 40 13 43  4  0
 1  0      0 409248 111620 6621928    0    0     0     0 1125 1115 20  8 73  0  0
 1  0      0 397444 111620 6633032    0    0  1666   304 1957 2115 20  9 70  0  0
 1  0      0 386356 111620 6643728    0    0     0   232 1195 1175 21  7 72  0  0
 1  0      0 376276 111620 6653924    0    0     0     0 1055 1086 21  6 72  0  0
 2  1      0 326884 111620 6695872    0    0     0 24380 1566 1179 34 10 55  1  0
 1  0      0 371924 111620 6645420    0    0     0  6908 1215 1167 22  6 72  1  0
 1  0      0 360372 111620 6656284    0    0  1839   184 1823 2060 22  7 71  0  0
procs -----------memory---------- ---swap-- -----io---- -system-- ------cpu-----
 r  b   swpd   free   buff  cache   si   so    bi    bo   in   cs us sy id wa st
 1  0      0 349284 111620 6666972    0    0   196    40 1293 1204 22  7 71  0  0
 1  0      0 338700 111620 6677428    0    0     0     4 1112 1100 21  7 72  0  0
 1  0      0 328116 111620 6687416    0    0     0     0 1118 1117 22  6 72  0  0
 6  0      0 331672 111620 6709372    0    0     0 34304 1977 1340 54 12 33  2  0
 6  0      0 189572 111620 6858944    0    0     0     0 1487 1138 84 16  0  0  0
 5  0      0 121696 111608 6934040    0    0     0 184116 4148 2366 74 21  1  5  0
 2  0      0 451000 111600 6610952    0    0     0 139768 4105 2247 40 15 33 12  0
 3  0      0 424776 111600 6633148    0    0     0 27336 1390 1254 41 10 47  1  0
 2  0      0 378232 111600 6682004    0    0     0 66104 1534 1326 37 13 47  3  0
 2  0      0 323044 111600 6734704    0    0     0     0 1483 1228 44  9 47  0  0
 2  0      0 296180 111604 6752084    0    0     0 98072 2228 1680 50 13 31  6  0
 2  0      0 242788 111604 6802972    0    0     0   120 1284 1105 42 11 47  0  0
 1  0      0 448052 111736 6594304    0    0   128 77944 1627 1650 28  9 58  5  0
 2  0      0 436488 111736 6605256    0    0     0    12 1088 1108 20  7 73  0  0
 1  0      0 424152 111736 6616680    0    0     0     0 1163 1145 21  7 72  0  0
 2  0      0 398448 111740 6642180    0    0     0    96 1170 1141 26  7 67  0  0
 1  0      0 431416 111748 6607532    0    0     0 31484 1756 1347 27  9 62  2  0
 1  0      0 419828 111748 6618184    0    0     0     0 1098 1110 20  8 72  0  0
 1  0      0 408236 111748 6628800    0    0     0    52 1059 1031 19  8 73  0  0
 1  0      0 397152 111748 6639276    0    0     0     8 1078 1110 19  8 72  0  0
 1  0      0 386316 111748 6649728    0    0     0     0 1210 1147 21  7 72  0  0
procs -----------memory---------- ---swap-- -----io---- -system-- ------cpu-----
 r  b   swpd   free   buff  cache   si   so    bi    bo   in   cs us sy id wa st
 2  0      0 365400 111748 6674940    0    0     0   516 1149 1053 30  7 62  0  0
 2  0      0 407184 111748 6638572    0    0     0 31148 1324 1323 27  9 62  2  0
 1  0      0 398148 111748 6648900    0    0     0     0 1235 1154 21  7 72  0  0
 1  0      0 387060 111748 6659828    0    0     0     0 1145 1109 21  8 72  0  0
 1  0      0 376476 111748 6670404    0    0     0   432 1221 1177 20  8 72  0  0
 2  0      0 366576 111748 6680244    0    0     0    96 1103 1081 21  6 73  0  0
 2  0      0 333428 111748 6714568    0    0     0   672 1267 1151 29  9 62  0  0
 7  0      0 284376 111748 6764276    0    0     0 31068 1657 1400 73 16  9  2  0
 7  0      0 155632 111748 6889356    0    0     0 39848 2171 1304 83 16  1  1  0
 5  0      0 127228 111736 6924176    0    0     0 64756 2629 1468 83 17  0  0  0
 3  0      0 484300 111728 6556356    0    0     0 258228 5614 2715 44 20 20 16  0
 2  0      0 426112 111728 6608808    0    0     0     0 7537 1042 42 14 44  0  0
 2  0      0 380500 111728 6654808    0    0     0 66456 1585 1492 37 12 47  3  0
 2  0      0 327616 111728 6705948    0    0     0     0 1321 1098 43 10 46  0  0
 3  1      0 254536 111728 6779136    0    0     0 84520 1780 1364 51 14 30  5  0
 2  0      0 483680 111728 6560432    0    0     0 55380 2024 1471 39 12 45  3  0
 2  0      0 436856 111728 6606852    0    0     0    80 1185 1034 42 11 47  0  0
 2  0      0 398848 111728 6643580    0    0     0 66364 2196 1423 39 11 45  5  0
 3  0      0 353704 111728 6687872    0    0     0     0 1426 1280 44 12 44  0  0
 2  0      0 319008 111728 6727756    0    0     0 66088 2351 1640 39 11 45  4  0
13  0      0 267856 111728 6777688    0    0     0    12 1228 1076 43 10 47  0  0
procs -----------memory---------- ---swap-- -----io---- -system-- ------cpu-----
 r  b   swpd   free   buff  cache   si   so    bi    bo   in   cs us sy id wa st
 1  0      0 486528 111728 6548580    0    0     0 101368 2935 1910 41 13 42  4  0
 1  0      0 474184 111728 6560284    0    0     0     0 1150 1089 20  8 72  0  0
 3  0      0 463124 111728 6571060    0    0     0   228 1250 1182 21  7 72  0  0
 1  0      0 453296 111728 6580952    0    0     0     0 1149 1093 22  6 72  0  0
 1  0      0 442460 111728 6590656    0    0     4   380 1335 1226 21  7 71  0  0
 1  0      0 432128 111728 6600036    0    0     0   304 1280 1213 22  6 71  0  0
 1  0      0 461580 111728 6579156    0    0     0 31096 1681 1308 35 11 52  2  0
 1  0      0 450908 111728 6589288    0    0     0   308 1235 1173 21  7 72  0  0
 1  0      0 440580 111728 6600116    0    0     0     0 1254 1191 23  6 71  0  0
 1  0      0 430028 111728 6610660    0    0     0     4 1144 1155 21  6 73  0  0
 1  0      0 419948 111728 6621224    0    0     0   108 1245 1206 23  5 71  0  0
 1  0      0 407632 111728 6631864    0    0     0   264 1060 1067 21  6 73  0  0
 8  0      0 406644 111728 6639348    0    0     0 31068 1851 1357 47 13 38  2  0
11  0      0 256524 111728 6788604    0    0  1666    28 2099 1955 81 19  0  0  0
 7  0      0 122460 111728 6916604    0    0     0 91592 3176 1706 78 18  2  2  0
 2  0      0 465468 111716 6567548    0    0     0 258316 4380 3032 53 17 13 17  0
 2  0      0 406508 111716 6620920    0    0     0     0 2682 1145 42 13 46  0  0
 2  0      0 365492 111716 6666808    0    0  1667 66532 2354 2390 40 11 45  4  0
 2  0      0 315636 111716 6719832    0    0     0    20 1369 1175 41 12 47  0  0
 2  0      0 305232 111716 6732408    0    0     0 97140 2016 1525 52 13 32  3  0
 2  0      0 438772 111716 6596212    0    0     0 32680 1427 1265 39 12 47  1  0
procs -----------memory---------- ---swap-- -----io---- -system-- ------cpu-----
 r  b   swpd   free   buff  cache   si   so    bi    bo   in   cs us sy id wa st
 2  0      0 390640 111716 6644356    0    0     0 66256 1700 1507 38 12 46  3  0
 3  0      0 338252 111716 6697472    0    0     0     0 1422 1179 43 11 46  0  0
 2  0      0 293436 111716 6740556    0    0     0 66288 1577 1433 39 10 47  4  0
 2  0      0 454572 111716 6575804    0    0     0 50236 1967 1396 35 13 49  2  0
 3  0      0 415672 111716 6616300    0    0     0     0 1318 1134 34  9 57  0  0
 1  0      0 462496 111716 6566712    0    0     0 31316 1305 1415 21  8 68  2  0
 1  0      0 450904 111716 6578004    0    0     0     4 1196 1221 22  6 72  0  0
 1  0      0 439564 111716 6588988    0    0     0     0 1244 1178 21  8 72  0  0
 1  0      0 427756 111716 6599404    0    0     0   344 1238 1184 21  7 73  0  0
 1  0      0 416948 111716 6609700    0    0     0    20 1124 1174 21  6 72  0  0
 1  0      0 452952 111716 6589956    0    0     0 31420 1788 1395 32 10 56  1  0
 1  0      0 441360 111716 6600784    0    0     0     0 1086 1093 22  6 72  0  0
 2  0      0 430304 111716 6611816    0    0     0     4 1113 1129 21  6 73  0  0
 1  0      0 418712 111716 6622740    0    0     0     0 1232 1139 22  7 72  0  0
 1  0      0 408128 111716 6632888    0    0     0   688 1210 1204 21  7 72  0  0
 2  0      0 385996 111716 6649372    0    0     0   380 1076 1044 23  9 69  0  0
 7  0      0 361344 111716 6681892    0    0     0 31068 1927 1314 58 15 25  2  0
 6  0      0 230056 111716 6817708    0    0     0 25028 1914 1253 84 16  0  0  0
 4  2      0 120576 111712 6926540    0    0     0 52232 1672 1369 81 17  0  1  0
 3  0      0 460988 111712 6576304    0    0     0 270560 6340 3277 41 19 29 11  0
 2  0      0 413864 111712 6628088    0    0     0    88 1703 1111 41 12 47  0  0
procs -----------memory---------- ---swap-- -----io---- -system-- ------cpu-----
 r  b   swpd   free   buff  cache   si   so    bi    bo   in   cs us sy id wa st
 2  0      0 368040 111712 6678024    0    0     0 66220 1956 1371 37 13 47  3  0
 1  1      0 313888 111712 6729824    0    0     0 11272 1379 1193 43 10 47  1  0
 2  0      0 312236 111720 6745124    0    0     0 85888 1922 1466 52 15 29  4  0
 2  0      0 461516 111720 6592024    0    0     0 44216 1623 1500 39 15 45  2  0
 1  1      0 410656 111720 6639840    0    0     0 35972 1514 1312 41 11 46  2  0
 2  0      0 363312 111724 6687556    0    0     0 30356 1341 1324 40 12 47  2  0
 2  0      0 322488 111724 6727648    0    0     0 66076 1486 1381 39 10 46  5  0
 2  0      0 274884 111724 6777904    0    0     0     0 1408 1190 43 10 46  0  0
 3  0      0 205080 111728 6840080    0    0     0 66100 1587 1488 51 12 34  4  0
 2  0      0 211876 111728 6836336    0    0     0 31356 1811 1407 45 13 38  3  0
 2  0      0 170828 111728 6877056    0    0     0 66204 1509 1397 37 12 47  4  0
 1  0      0 455492 111728 6584432    0    0     0 40260 2053 1503 35 13 50  2  0
 1  0      0 447140 111728 6595240    0    0     0     0 1517 1042 22  7 71  0  0
 3  0      0 436556 111728 6605108    0    0     0   268 1107 1119 21  6 72  0  0
 2  0      0 412376 111728 6628060    0    0     0     0 1284 1160 28  7 65  0  0
 1  0      0 448272 111728 6593964    0    0     0 31520 1711 1506 30  8 61  2  0
 1  0      0 437188 111728 6604216    0    0     0     0 1041 1053 22  7 72  0  0
 1  0      0 426384 111728 6614572    0    0     0     0 1227 1185 21  7 72  0  0
 1  0      0 416596 111728 6624892    0    0     0     0 1008 1045 22  5 73  0  0
 1  0      0 404812 111728 6635984    0    0     0     0 1225 1186 21  7 72  0  0
 2  0      0 372812 111728 6665056    0    0     0   152 1171 1094 29  9 62  0  0
procs -----------memory---------- ---swap-- -----io---- -system-- ------cpu-----
 r  b   swpd   free   buff  cache   si   so    bi    bo   in   cs us sy id wa st
 6  0      0 344360 111728 6703192    0    0     0 52988 1959 1509 69 14 15  2  0
 7  0      0 225444 111728 6821180    0    0     0     0 1544 1144 81 17  2  0  0
 7  2      0 124392 111720 6915448    0    0     0 40016 2347 1291 81 18  0  1  0
 2  0      0 468940 111724 6577144    0    0     0 283252 4855 3235 35 15 25 25  0
 2  0      0 418108 111724 6630976    0    0     0   136 2839 1166 42 13 45  0  0
 2  0      0 439788 111728 6612728    0    0     0 59748 1489 1329 38 11 47  3  0
 3  0      0 384628 111728 6668056    0    0     0 66344 1807 1422 42 12 43  3  0
 2  0      0 365520 111728 6684740    0    0     0 31636 1609 1288 51 14 34  2  0
 2  0      0 317140 111728 6732344    0    0     0 66144 2137 1364 39 11 47  3  0
 2  0      0 263968 111728 6784540    0    0     0    84 1258 1056 40 12 47  0  0
 2  0      0 214348 111728 6828052    0    0  1666 66128 2689 2563 40 12 45  3  0
 2  0      0 166468 111728 6875952    0    0     0 40960 1780 1361 38 13 46  2  0
 2  0      0 442648 111728 6597884    0    0     0 37184 1862 1575 28 10 58  3  0
 1  0      0 454896 111728 6573388    0    0     0 31156 1336 1232 34  9 56  1  0
 1  0      0 446300 111728 6584744    0    0  1171    88 1670 1824 21  8 71  0  0
 1  0      0 434972 111728 6595384    0    0   496     0 1380 1436 21  8 72  0  0
 1  0      0 423632 111728 6606408    0    0     0    24 1074 1090 20  8 72  0  0
 1  0      0 414056 111728 6615904    0    0     0   200 1116 1089 22  6 72  0  0
 2  0      0 402012 111728 6638804    0    0     0   580 1354 1211 26  9 65  0  0
 1  0      0 436224 111728 6606344    0    0     0 31092 1400 1344 30  8 60  1  0
 1  0      0 423740 111728 6618260    0    0     0     0 1117 1137 20  8 72  0  0
procs -----------memory---------- ---swap-- -----io---- -system-- ------cpu-----
 r  b   swpd   free   buff  cache   si   so    bi    bo   in   cs us sy id wa st
 1  0      0 412428 111732 6629508    0    0     0   460 1298 1225 22  7 72  0  0
 1  0      0 401852 111732 6640112    0    0     0     0 1115 1114 21  6 72  0  0
 1  0      0 393960 111732 6650732    0    0     0     8 1088 1070 21  7 72  0  0
 9  0      0 410968 111732 6631280    0    0     0 31260 1522 1364 35  9 55  2  0
13  0      0 266860 111732 6776432    0    0     0     4 1528 1187 83 15  1  0  0
 6  0      0 138340 111732 6901764    0    0     0 88488 2906 1694 82 15  0  2  0
 2  2      0 131316 111712 6911292    0    0     0 157296 3386 1919 77 16  3  3  0
 2  0      0 466448 111712 6571828    0    0     0 122508 5763 2162 33 16 39 11  0
 1  1      0 416584 111712 6620992    0    0     0 49236 1897 1304 40 11 46  3  0
 2  0      0 480804 111712 6553876    0    0     0 44012 2379 1772 40 12 46  3  0
 2  0      0 431680 111712 6600456    0    0     0     0 1367 1115 43 10 47  0  0
 2  0      0 420364 111712 6616388    0    0     0 97196 2359 1714 52 15 29  5  0
 2  0      0 371556 111716 6668220    0    0     0   252 1426 1131 40 12 47  0  0
 2  0      0 323460 111720 6715816    0    0     0 66064 1933 1454 38 11 47  4  0
 1  1      0 280368 111720 6763160    0    0    24 59480 1850 1275 38 11 47  3  0
 1  1      0 233272 111720 6809268    0    0     0 14900 1552 1230 41 11 46  1  0
 1  0      0 474864 111720 6554932    0    0     0 29008 1526 1313 22  8 69  1  0
 1  0      0 481752 111720 6534948    0    0     0 31940 1418 1328 30 10 59  1  0
 1  0      0 478412 111720 6546828    0    0     0     0 1201 1138 20  8 72  0  0
 1  0      0 467828 111720 6557284    0    0     0    88 1157 1150 21  7 72  0  0
 1  0      0 457244 111720 6567820    0    0     0     0 1197 1171 23  5 72  0  0
procs -----------memory---------- ---swap-- -----io---- -system-- ------cpu-----
 r  b   swpd   free   buff  cache   si   so    bi    bo   in   cs us sy id wa st
 1  0      0 447672 111720 6577296    0    0     0     0 1031 1082 22  6 72  0  0
 1  0      0 438908 111720 6586308    0    0     0   432 1105 1091 20  7 72  0  0
 2  0      0 446888 111720 6565584    0    0   284 31096 1453 1374 35 11 52  2  0
 1  0      0 437244 111720 6575984    0    0     0    84 1077 1060 20  8 72  0  0
 1  0      0 427196 111720 6586128    0    0     0     4 1126 1107 21  7 72  0  0
 1  0      0 417400 111720 6596188    0    0     0     0 1249 1152 21  7 72  0  0
 1  0      0 406564 111720 6606568    0    0     0   332 1190 1101 22  6 72  0  0
 1  0      0 396712 111720 6617592    0    0     0   476 1300 1260 23  6 71  0  0
10  0      0 416328 111732 6625124    0    0     0 31540 2538 2214 48 13 39  1  0
 8  0      0 287444 111732 6766028    0    0     0     0 1533 1229 82 18  0  0  0
 7  0      0 155956 111732 6889812    0    0     0     8 1680 1323 83 17  0  0  0
 1  1      0 126168 111724 6917792    0    0     0 323128 6738 3527 59 19  7 15  0
 2  0      0 465804 111728 6573944    0    0     0 49412 3942 1605 36 19 43  3  0
 2  0      0 414976 111736 6622124    0    0     0 66296 2240 1545 40 10 47  3  0
 2  0      0 363568 111736 6673896    0    0     0     4 1360 1127 43 10 47  0  0
 3  0      0 314464 111740 6722128    0    0     0 66068 2139 1419 38 12 47  4  0
 2  0      0 273412 111740 6746208    0    0   696 31092 1947 1355 49 16 33  1  0
 2  0      0 227332 111740 6790272    0    0     0 66028 2146 1523 37 13 47  3  0
 2  0      0 447640 111744 6572548    0    0     0 38768 1894 1441 38 13 47  2  0
 1  1      0 396016 111744 6622196    0    0   488 32028 1796 1316 40 11 47  2  0
 2  0      0 344860 111748 6674388    0    0     0 34148 1713 1282 39 11 48  2  0
procs -----------memory---------- ---swap-- -----io---- -system-- ------cpu-----
 r  b   swpd   free   buff  cache   si   so    bi    bo   in   cs us sy id wa st
 3  0      0 309628 111748 6718216    0    0     0 66088 1958 1373 39 10 47  4  0
 2  0      0 295192 111748 6736120    0    0     0 31744 2061 1467 53 14 30  2  0
 2  0      0 255408 111748 6775116    0    0     0 66172 2110 1442 38 10 47  4  0
 1  0      0 481424 111748 6548312    0    0     0 31664 1625 1416 31 11 56  2  0
 1  0      0 471652 111748 6558164    0    0     0     0 1026 1046 21  7 72  0  0
 1  0      0 461600 111748 6567716    0    0     0     8 1036 1097 21  7 72  0  0
 1  0      0 452060 111748 6577732    0    0     0    80 1037 1066 21  6 72  0  0
 1  0      0 455360 111748 6557416    0    0  1666 31316 2303 2140 34 10 54  1  0
 1  0      0 443796 111748 6568580    0    0     0    20 1112 1088 21  6 72  0  0
 1  0      0 433212 111748 6579232    0    0     0     0 1100 1181 21  8 72  0  0
 1  0      0 422136 111748 6589860    0    0     0   188 1111 1077 21  7 72  0  0
 1  0      0 411052 111748 6601040    0    0     0   320 1286 1234 21  8 72  0  0
 2  0      0 399976 111748 6618072    0    0  1667   316 1861 2127 25  7 68  0  0
 9  0      0 380120 111748 6656824    0    0     0 31228 1905 1487 62 14 23  2  0
 7  0      0 260680 111748 6787476    0    0     0     0 1511 1164 83 16  1  0  0
 5  0      0 120888 111756 6922968    0    0     0 161708 3390 2166 82 18  0  1  0
 3  0      0 481452 111752 6568864    0    0     0 203408 4564 2497 47 17 26 10  0
 2  0      0 430280 111752 6622612    0    0     0     0 1424 1085 41 13 46  0  0
 2  0      0 382684 111752 6669752    0    0     0 66312 2155 1370 38 11 47  4  0
 3  0      0 328252 111752 6721076    0    0     0 65932 2393 1549 41 11 45  3  0
 2  0      0 294068 111752 6739440    0    0     0 31268 1835 1216 53 15 30  1  0
procs -----------memory---------- ---swap-- -----io---- -system-- ------cpu-----
 r  b   swpd   free   buff  cache   si   so    bi    bo   in   cs us sy id wa st
 2  0      0 254576 111756 6786656    0    0     0 66332 2280 1500 37 13 47  2  0
 2  0      0 460716 111760 6577580    0    0     0 28052 1725 1262 38 13 47  2  0
 3  0      0 407824 111760 6629440    0    0     0    88 1449 1209 43 10 47  0  0
 2  0      0 372548 111760 6670144    0    0     0 66184 2070 1400 40 10 47  3  0
 2  0      0 325676 111760 6715264    0    0     0     0 1294 1057 42 11 47  0  0
 3  0      0 260660 111760 6784780    0    0     0 66724 2242 1374 50 14 31  5  0
 2  0      0 283560 111760 6770508    0    0     0 31228 1767 1382 41 13 44  1  0
 2  0      0 245760 111760 6808432    0    0     0 66144 1888 1373 38 11 47  5  0
 2  0      0 191608 111760 6857828    0    0     0 28620 1649 1335 40 11 47  2  0
 1  0      0 465424 111768 6573296    0    0     0 48248 2013 1575 27  9 61  3  0
 1  0      0 454588 111768 6583780    0    0     0   212 1197 1152 21  6 73  0  0
 2  0      0 406988 111768 6624132    0    0     0     0 1349 1157 31  9 60  0  0
 1  0      0 454760 111772 6575988    0    0     0 31264 1594 1335 21  8 68  2  0
 1  0      0 443924 111772 6586688    0    0     0     4 1199 1124 21  7 72  0  0
 1  0      0 433340 111772 6597036    0    0     0    16 1155 1109 20  7 72  0  0
 1  0      0 422756 111772 6607588    0    0     0     4 1166 1169 22  7 72  0  0
 1  0      0 411668 111772 6617972    0    0     0   584 1380 1238 22  6 71  1  0
 8  0      0 420528 111776 6618748    0    0     0 31520 1666 1264 45 10 44  1  0
 9  0      0 286720 111776 6762148    0    0     0     0 1419 1120 82 17  1  0  0
 8  0      0 134284 111776 6907608    0    0     0 36444 1671 1310 79 20  1  0  0
 2  0      0 381396 111728 6664768    0    0     0 322656 5311 3468 51 17 10 23  0
procs -----------memory---------- ---swap-- -----io---- -system-- ------cpu-----
 r  b   swpd   free   buff  cache   si   so    bi    bo   in   cs us sy id wa st
 2  0      0 439048 111728 6610500    0    0     0   812 1563 1128 41 14 45  0  0
 2  0      0 389656 111736 6657148    0    0     0 66308 2150 1558 40 11 46  3  0
 1  1      0 350848 111736 6705572    0    0     0 48208 1742 1241 39 11 47  3  0
 2  0      0 446864 111736 6590444    0    0     0 34748 1934 1362 51 16 31  2  0
 2  0      0 396788 111736 6639160    0    0     0 66072 2068 1330 38 12 48  3  0
 2  0      0 340844 111736 6694596    0    0     0     0 1203 1036 41 11 47  0  0
 2  0      0 295484 111736 6739692    0    0     0 66288 2120 1393 37 13 46  4  0
 1  1      0 245588 111736 6789268    0    0     0 24628 1489 1115 42  9 47  1  0
 2  0      0 407652 111736 6623704    0    0     0 74216 2179 1595 38 11 47  4  0
 2  0      0 470512 111736 6550272    0    0     0 31160 1767 1288 36 10 52  2  0
 1  0      0 458672 111736 6561740    0    0     0   428 1203 1090 22  6 72  0  0
 1  0      0 447332 111736 6572596    0    0     0   180 1118 1131 21  6 72  0  0
 1  0      0 436524 111736 6583080    0    0     0    80 1239 1143 21  8 72  0  0
 1  0      0 425436 111736 6594100    0    0     0     0 1088 1112 21  6 73  0  0
 2  0      0 409308 111736 6616696    0    0     0   292 1362 1217 28  7 64  0  0
 1  0      0 449680 111736 6584608    0    0     0 31080 1646 1278 28 11 59  2  0
 1  0      0 437868 111736 6595712    0    0     0   244 1169 1131 21  7 72  0  0
 1  0      0 428296 111736 6605764    0    0     0    88 1158 1141 20  7 72  0  0
 1  0      0 418008 111736 6616584    0    0     0     0 1108 1100 21  7 72  0  0
 1  0      0 406448 111736 6628096    0    0     0     4 1194 1180 20  8 72  0  0
 3  0      0 393720 111736 6634596    0    0     0 31656 1808 1404 32 10 57  1  0
procs -----------memory---------- ---swap-- -----io---- -system-- ------cpu-----
 r  b   swpd   free   buff  cache   si   so    bi    bo   in   cs us sy id wa st
 7  0      0 316532 111736 6725968    0    0     0    44 1503 1185 84 16  1  0  0
 7  0      0 182216 111736 6857100    0    0     0   312 1548 1207 82 16  1  0  0
 7  0      0 122456 111596 6919036    0    0     0 171528 3686 2320 77 19  1  3  0
 2  0      0 492224 111560 6546004    0    0     0 200536 4743 2619 39 17 25 18  0
 5  0      0 442528 111560 6590936    0    0  1171   396 1772 1828 44 11 45  0  0
 2  0      0 404280 111560 6627512    0    0   495 66280 2291 1682 37 13 45  5  0
 2  0      0 354384 111560 6677332    0    0     0   300 1379 1193 43 10 47  0  0
 3  0      0 300220 111560 6741088    0    0     0 66128 2053 1448 48 14 35  4  0
 2  0      0 301320 111564 6736052    0    0     0 31048 1794 1289 45 13 41  2  0
 2  0      0 259572 111564 6775592    0    0  1667 66068 2716 2394 39 11 45  4  0
 2  0      0 471780 111564 6564384    0    0     0 26980 1569 1294 40 11 47  2  0
 1  1      0 414328 111564 6619180    0    0     0 13480 1423 1129 40 13 47  0  0
 2  0      0 369976 111564 6663668    0    0     0 53004 1922 1351 38 14 46  3  0
 3  0      0 300960 111564 6735884    0    0     0 66080 2074 1334 46 14 37  3  0
 2  0      0 302968 111564 6733540    0    0     0 31040 1823 1338 43 14 42  1  0
 2  0      0 260128 111564 6776516    0    0     0 66648 1931 1362 40 10 47  4  0
 2  0      0 210484 111564 6826012    0    0     0   104 1294 1117 42 11 47  0  0
 1  0      0 478432 111564 6547848    0    0     0 56308 2002 1518 21 10 65  3  0
 1  0      0 468352 111564 6557944    0    0     0     0 1147 1112 22  6 72  0  0
 2  0      0 436856 111564 6587304    0    0     0   264 1158 1056 27  9 64  0  0
 1  0      0 470064 111564 6548536    0    0     0 31188 1739 1399 27  9 62  2  0
procs -----------memory---------- ---swap-- -----io---- -system-- ------cpu-----
 r  b   swpd   free   buff  cache   si   so    bi    bo   in   cs us sy id wa st
 1  0      0 459228 111564 6558480    0    0     0     0 1110 1101 22  6 72  0  0
 1  0      0 448144 111564 6568940    0    0     0   116 1175 1170 22  6 72  0  0
 1  0      0 437312 111564 6579188    0    0     0     0 1325 1222 20  8 72  0  0
 1  0      0 428032 111564 6588352    0    0     0     0 1134 1078 23  5 72  0  0
 4  0      0 415488 111564 6608516    0    0     0   864 1226 1133 26  8 65  1  0
 7  0      0 421640 111568 6626268    0    0     0 31172 2002 1430 60 14 23  2  0
10  0      0 293664 111568 6755852    0    0     0   104 1469 1117 83 16  1  0  0
 7  0      0 157144 111568 6889044    0    0     0 40384 2574 1624 82 18  1  0  0
 3  0      0 487404 111440 6560672    0    0     0 321852 5483 3094 53 20 15 13  1
 2  0      0 447592 111440 6610208    0    0     0   524 1366 1095 43 11 45  0  0
 2  0      0 404756 111440 6652172    0    0     0 66224 2001 1404 38 11 47  4  0
 2  0      0 365472 111440 6695928    0    0     0    88 1412 1156 43 11 46  0  0
 3  0      0 302224 111440 6752272    0    0     0 66160 1994 1371 46 14 36  4  0
 2  0      0 300056 111440 6748540    0    0     0 31056 1644 1344 47 14 36  3  0
 2  0      0 262288 111440 6783484    0    0     0 66088 2050 1455 39 10 46  5  0
 2  0      0 214912 111440 6830584    0    0     0     0 1301 1104 44 10 47  0  0
 2  0      0 173852 111440 6870272    0    0     0 66392 2109 1540 37 12 46  5  0
 2  0      0 467576 111440 6579188    0    0     0 29188 1748 1429 39 13 45  3  0
 2  0      0 422344 111440 6621568    0    0     0     0 1386 1193 43 11 46  0  0
 3  0      0 366940 111440 6676268    0    0     0 66168 2074 1496 44 12 39  6  0
 2  0      0 377672 111440 6672808    0    0     0 31628 1781 1332 49 12 37  2  0
procs -----------memory---------- ---swap-- -----io---- -system-- ------cpu-----
 r  b   swpd   free   buff  cache   si   so    bi    bo   in   cs us sy id wa st
 2  0      0 343180 111440 6705980    0    0     0 66556 1932 1423 37 10 46  6  0
 2  0      0 300344 111440 6751692    0    0     0    20 1446 1189 43 10 46  0  0
 2  1      0 262040 111440 6787844    0    0     0 45036 1352 1237 39 10 47  4  0
 1  0      0 470856 111440 6575504    0    0     0 25436 1307 1280 24  9 64  3  0
 1  0      0 461812 111440 6583872    0    0     0     0 1307 1187 22  7 70  0  0
 2  0      0 450232 111440 6594484    0    0     0    88 1127 1077 23  7 70  0  0
 1  0      0 469464 111440 6571364    0    0     0 31412 1643 1295 34 10 54  2  0
 1  0      0 459412 111440 6580972    0    0     0    28 1302 1213 22  7 71  0  0
 2  0      0 449584 111440 6590468    0    0     0     0 1121 1126 21  6 72  0  0
 1  0      0 439508 111440 6599624    0    0     0     0 1183 1128 22  7 71  0  0
 1  0      0 429428 111440 6608912    0    0     0    96 1118 1126 21  7 72  0  0
 1  0      0 420608 111440 6617388    0    0     0   444 1109 1130 21  7 71  0  0
 3  0      0 397428 111440 6641804    0    0     0    16 1299 1192 28  8 64  0  0
 7  0      0 391152 111440 6654956    0    0     0 31092 1810 1371 62 13 22  3  0
 9  0      0 293128 111440 6759508    0    0     0   404 1513 1203 84 16  0  0  0
 7  0      0 178260 111440 6868904    0    0     0     0 1623 1205 84 16  0  0  0
 3  2      0 122684 111428 6926504    0    0     0 181688 4103 2015 74 19  2  5  0
 3  0      0 480320 111428 6556452    0    0     0 190856 4953 2495 34 17 33 15  0
 2  0      0 432980 111428 6599908    0    0     0    24 1518 1231 42 12 46  0  0
 3  0      0 394200 111428 6637520    0    0     0 66732 2279 1510 39 10 46  4  0
 4  0      0 359464 111428 6681984    0    0     0     0 1352 1170 42 11 47  0  0
procs -----------memory---------- ---swap-- -----io---- -system-- ------cpu-----
 r  b   swpd   free   buff  cache   si   so    bi    bo   in   cs us sy id wa st
 3  0      0 312116 111428 6726020    0    0     0 66260 2060 1477 43 11 40  5  0
 2  0      0 298168 111428 6728620    0    0     0 31372 1739 1326 51 15 31  2  0
 2  0      0 481316 111428 6535160    0    0  1666 57672 2577 2261 36 14 43  6  1
 2  0      0 440812 111428 6576984    0    0     0    32 1504 1287 43 12 45  0  0
 2  0      0 400492 111428 6615544    0    0     0 38040 1734 1264 40 11 46  3  0
 2  0      0 360940 111428 6655712    0    0     0 28212 1602 1211 42 10 47  2  0
 5  1      0 320636 111428 6698308    0    0  1427  9216 2010 1922 42 12 45  1  0
 2  0      0 281324 111428 6738572    0    0   240 57132 1903 1446 36 13 47  4  0
 1  1      0 284528 111428 6751384    0    0     0 38072 1846 1368 58 14 26  2  0
 2  0      0 243484 111428 6791472    0    0     0 59624 2023 1485 38 12 46  4  0
 1  1      0 197404 111428 6836768    0    0     0 53144 1790 1285 39 11 47  3  0
 2  0      0 154368 111428 6879040    0    0     0 13060 1821 1455 42 11 46  1  0
 2  0      0 193368 111428 6833844    0    0     0 59488 1989 1423 39 10 47  4  0
 1  0      0 466028 111428 6563880    0    0     0   228 1140 1117 22  7 70  0  0
 2  0      0 448180 111428 6579316    0    0     0     0 1309 1181 24  7 69  0  0
 2  0      0 473092 111428 6551800    0    0     0 31252 1598 1309 32 10 55  3  0
 1  0      0 463768 111428 6561228    0    0     0     4 1109 1069 21  7 72  0  0
 1  0      0 454444 111428 6570640    0    0     0     0 1100 1119 21  7 72  0  0
 1  0      0 444364 111428 6580544    0    0     0    76 1089 1090 21  7 72  0  0
 1  0      0 435292 111428 6589708    0    0     0   512 1217 1175 22  6 72  0  0
 1  0      0 425492 111428 6598840    0    0     0   272 1263 1135 24  5 71  0  0
procs -----------memory---------- ---swap-- -----io---- -system-- ------cpu-----
 r  b   swpd   free   buff  cache   si   so    bi    bo   in   cs us sy id wa st
 1  1      0 385176 111428 6640120    0    0     0  8276 1422 1216 35  9 56  0  0
 8  0      0 371620 111428 6670240    0    0     0 22948 1849 1403 76 14  7  3  0
 9  0      0 261776 111428 6776636    0    0     0     0 1735 1384 83 17  0  0  0
 7  1      0 150908 111428 6881572    0    0     0 97064 2762 1633 80 19  0  1  0
 1  1      0 131608 111360 6909044    0    0     0 250564 4747 2805 55 20  8 18  0
 2  0      0 460484 111360 6577216    0    0     0 11100 2387 1263 39 15 44  1  0
 4  0      0 421760 111360 6618896    0    0     0     0 1427 1200 43 11 46  0  0
 2  0      0 394072 111360 6652872    0    0     0 66224 2121 1517 36 11 46  6  0
 2  0      0 349724 111360 6696276    0    0     0     0 1279 1091 42 11 47  0  0
 2  0      0 321536 111360 6705496    0    0     0 97200 2431 1555 49 17 28  6  0
 2  0      0 273336 111360 6751352    0    0     0    88 1404 1187 42 12 46  0  0
 2  0      0 235264 111360 6789636    0    0     0 66348 1419 1376 35 13 47  5  0
 2  0      0 189384 111360 6837332    0    0     0     8 1263 1112 39 14 47  0  0
 2  1      0 150492 111360 6875464    0    0     0 82900 1686 1496 40 10 46  4  0
 2  0      0 433316 111360 6591760    0    0     0  8248 1377 1353 40 13 47  1  0
 3  1      0 393004 111360 6633336    0    0     0 55460 1448 1276 40 11 46  4  0
 2  0      0 386056 111360 6644984    0    0     0 41892 1787 1267 56 13 28  3  0
 2  0      0 342996 111360 6687336    0    0     0 66344 1389 1358 38 11 47  4  0
 2  0      0 299444 111360 6736728    0    0     0    32 1325 1146 42 12 46  0  0
 2  0      0 259376 111360 6776016    0    0     0 66088 1392 1297 39 10 47  4  0
 2  0      0 208220 111360 6826492    0    0     0   116 1198 1029 42 11 47  0  0
procs -----------memory---------- ---swap-- -----io---- -system-- ------cpu-----
 r  b   swpd   free   buff  cache   si   so    bi    bo   in   cs us sy id wa st
 2  0      0 160352 111360 6873904    0    0     0 66128 2104 1395 39 11 46  3  0
 3  0      0 118300 111356 6929716    0    0     0     0 1252 1049 46 12 42  0  0
 2  0      0 149820 111348 6883596    0    0     0 97724 2437 1663 49 12 33  6  0
 1  0      0 523144 111348 6496820    0    0     0 45620 1787 1426 31 14 52  3  0
 1  0      0 509860 111348 6505884    0    0     0   100 6713 1051 22 11 66  0  0
 1  0      0 500792 111348 6514888    0    0     0     0 1039 1050 21  7 72  0  0
 1  0      0 501252 111348 6523860    0    0     0     0 1184 1116 22  6 71  0  0
 1  0      0 491676 111348 6533012    0    0     0   312 1080 1078 21  7 72  0  0
 2  0      0 469788 111348 6563988    0    0     0   248 1136 1056 33  8 59  0  0
 7  0      0 468496 111348 6575752    0    0     0 31148 1708 1417 67 15 16  2  0
 7  0      0 362940 111348 6679752    0    0     0 22180 1707 1376 84 16  0  0  0
 7  0      0 265200 111348 6783364    0    0     0     0 1402 1056 83 17  0  0  0
 4  2      0 170992 111348 6869396    0    0     0 234956 5321 2353 70 18  3  9  0
 1  1      0 482784 111348 6564668    0    0     0 97216 2675 1900 38 13 42  6  0
 1  0      0 465964 111348 6571708    0    0     0  7956 1049 1075 23  5 71  1  0
 1  0      0 435756 111348 6603860    0    0     0 66236 1881 1441 19  5 71  4  0
 0  1      0 396444 111348 6643168    0    0     0  4124 1003 1016 22  6 72  0  0
 1  0      0 366992 111348 6671844    0    0     0 61968 1668 1297 18  5 72  4  0
 1  0      0 557460 111348 6479352    0    0     0 54480 1741 1391 18  7 71  4  0
 1  0      0 512956 111348 6523276    0    0     0     0 1019 1058 22  6 72  0  0
 1  0      0 475948 111348 6556632    0    0  1666 66468 2050 2291 19  7 71  4  0
procs -----------memory---------- ---swap-- -----io---- -system-- ------cpu-----
 r  b   swpd   free   buff  cache   si   so    bi    bo   in   cs us sy id wa st
 1  0      0 436160 111348 6596468    0    0     0    16 1190 1161 22  6 72  0  0
 1  0      0 410248 111348 6627720    0    0     0 66064 1268 1356 19  6 72  4  0
 1  0      0 371972 111348 6665636    0    0     0   444 1338 1195 23  6 71  0  0
 1  0      0 340500 111348 6695744    0    0     0 66156 1499 1521 18  7 70  4  0
 1  0      0 296928 111348 6732628    0    0  1667   372 1831 2049 24  6 70  0  0
 4  0      0 510328 111348 6523092    0    0     0 59320 1499 1278 62 14 21  4  0
 3  0      0 408552 111348 6636032    0    0     0 36448 1852 1216 72 17  8  3  0
 9  0      0 601968 111348 6437080    0    0     0 198392 3220 2481 27 12 36 25  0
16  0      0 481792 111348 6547204    0    0     0     0 1900 2021 83 15  2  0  0
17  0      0 373712 111348 6655748    0    0     0    80 1541 1474 86 14  1  0  0
18  0      0 242700 111348 6784464    0    0     0   224 1632 1537 82 17  1  0  0
10  0      0 121604 111344 6904644    0    0     0    28 1629 1537 81 18  0  0  0
16  0      0 119016 111304 6904292    0    0     0   676 1635 1524 84 16  1  0  0
18  0      0 127004 111052 6889400    0    0     0 92256 3468 1803 84 16  1  0  0
15  1      0 119488 110896 6894544    0    0     0 124876 3700 1916 82 17  1  0  0
15  0      0 122404 110740 6890444    0    0     0 130000 3557 2304 81 18  1  1  0
 9  4      0 132096 110684 6881460    0    0     0 345612 6212 3634 76 22  1  2  0
 8  2      0 130132 110592 6888768    0    0     0 402728 7454 4961 46 16 12 26  0
16  0      0 1288148 110592 5726048    0    0     0 35952 9793 1919 37 23 35  5  0
15  0      0 1179600 110592 5834300    0    0     0  4312 1656 1468 85 14  2  0  0
15  0      0 1055868 110592 5957728    0    0     0     4 1541 1463 85 14  0  0  0
procs -----------memory---------- ---swap-- -----io---- -system-- ------cpu-----
 r  b   swpd   free   buff  cache   si   so    bi    bo   in   cs us sy id wa st
11  0      0 924896 110592 6084616    0    0     0     0 1574 1418 84 16  0  0  0
15  0      0 806960 110592 6199332    0    0     0    24 1567 1413 84 16  0  0  0
21  0      0 684048 110592 6320152    0    0     0   312 1672 1442 85 15  1  0  0
15  0      0 570648 110592 6426384    0    0     0 93532 3652 1772 84 15  1  0  0
15  2      0 450696 110592 6542972    0    0     0 290588 7402 2499 80 19  0  0  0
 2  2      0 372072 110592 6618720    0    0     0 339932 7048 5175 47 15  9 29  0
