[0;32m[INFO][0m 2025-06-08 05:32:35 - 🚀 Parallel Compaction 스케일링 효과 분석 시작
[0;32m[INFO][0m 2025-06-08 05:32:35 - 결과 저장 위치: ./results_20250608_053235
[1;33m실험 설정:[0m
  - Subcompaction 값: 1 2 4 8 12 16 24 32
  - 키 개수: 50000000
  - 값 크기: 100 bytes
  - 예상 소요 시간: 80 - 160분


[0;34m[PHASE][0m 2025-06-08 05:32:37 - Phase 1: 환경 준비 및 초기 설정
[0;32m[INFO][0m 2025-06-08 05:32:37 - 시스템 정보 수집 중...
[0;32m[INFO][0m 2025-06-08 05:32:37 - 환경 준비 완료
[0;34m[PHASE][0m 2025-06-08 05:32:37 - Phase 2: Subcompaction별 성능 테스트 시작
[0;32m[INFO][0m 2025-06-08 05:32:37 - === Subcompactions=1 테스트 시작 ===
[0;32m[INFO][0m 2025-06-08 05:32:37 - 시스템 리소스 모니터링 시작 (subcompactions=1)
[0;32m[INFO][0m 2025-06-08 05:32:38 - db_bench 실행 중... (subcompactions=1)
[0;32m[INFO][0m 2025-06-08 05:32:38 - db_bench 프로세스 모니터링 시작 (PID: 438334)
[0;32m[INFO][0m 2025-06-08 05:43:40 - 모든 모니터링 중지
[0;32m[INFO][0m 2025-06-08 05:43:40 - 실행 중인 모니터링 프로세스 정리 중...
[0;32m[INFO][0m 2025-06-08 05:43:41 - Subcompactions=1 테스트 완료 (662초)
[0;32m[INFO][0m 2025-06-08 05:43:41 - 결과 파싱 중... (subcompactions=1)
[0;32m[INFO][0m 2025-06-08 05:43:41 - 결과 저장 완료:
[0;32m[INFO][0m 2025-06-08 05:43:41 -   - Fillrandom 처리량: 83924 ops/sec
[0;32m[INFO][0m 2025-06-08 05:43:41 -   - Compact 처리량:  MB/s
[0;32m[INFO][0m 2025-06-08 05:43:41 -   - 평균 CPU 사용률: 28.3%
[0;32m[INFO][0m 2025-06-08 05:43:41 -   - 평균 메모리 사용량: 0.691491 GB
[0;32m[INFO][0m 2025-06-08 05:43:41 -   - 최대 프로세스 메모리: 0 GB
[0;32m[INFO][0m 2025-06-08 05:43:41 -   - 총 실행 시간: 662초
[0;32m[INFO][0m 2025-06-08 05:43:41 - 시스템 안정화 대기 (30초)...
[0;32m[INFO][0m 2025-06-08 05:44:11 - === Subcompactions=2 테스트 시작 ===
[0;32m[INFO][0m 2025-06-08 05:44:11 - 시스템 리소스 모니터링 시작 (subcompactions=2)
[0;32m[INFO][0m 2025-06-08 05:44:12 - db_bench 실행 중... (subcompactions=2)
[0;32m[INFO][0m 2025-06-08 05:44:12 - db_bench 프로세스 모니터링 시작 (PID: 452918)
[0;32m[INFO][0m 2025-06-08 05:54:40 - 모든 모니터링 중지
[0;32m[INFO][0m 2025-06-08 05:54:40 - 실행 중인 모니터링 프로세스 정리 중...
[0;32m[INFO][0m 2025-06-08 05:54:41 - Subcompactions=2 테스트 완료 (628초)
[0;32m[INFO][0m 2025-06-08 05:54:41 - 결과 파싱 중... (subcompactions=2)
[0;32m[INFO][0m 2025-06-08 05:54:41 - 결과 저장 완료:
[0;32m[INFO][0m 2025-06-08 05:54:41 -   - Fillrandom 처리량: 84715 ops/sec
[0;32m[INFO][0m 2025-06-08 05:54:41 -   - Compact 처리량:  MB/s
[0;32m[INFO][0m 2025-06-08 05:54:41 -   - 평균 CPU 사용률: 51.2%
[0;32m[INFO][0m 2025-06-08 05:54:41 -   - 평균 메모리 사용량: 1.06101 GB
[0;32m[INFO][0m 2025-06-08 05:54:41 -   - 최대 프로세스 메모리: 0 GB
[0;32m[INFO][0m 2025-06-08 05:54:41 -   - 총 실행 시간: 628초
[0;32m[INFO][0m 2025-06-08 05:54:41 - 시스템 안정화 대기 (30초)...
[0;32m[INFO][0m 2025-06-08 05:55:11 - === Subcompactions=4 테스트 시작 ===
[0;32m[INFO][0m 2025-06-08 05:55:11 - 시스템 리소스 모니터링 시작 (subcompactions=4)
[0;32m[INFO][0m 2025-06-08 05:55:12 - db_bench 실행 중... (subcompactions=4)
[0;32m[INFO][0m 2025-06-08 05:55:12 - db_bench 프로세스 모니터링 시작 (PID: 465834)
[0;32m[INFO][0m 2025-06-08 06:06:33 - 모든 모니터링 중지
[0;32m[INFO][0m 2025-06-08 06:06:33 - 실행 중인 모니터링 프로세스 정리 중...
[0;32m[INFO][0m 2025-06-08 06:06:34 - Subcompactions=4 테스트 완료 (681초)
[0;32m[INFO][0m 2025-06-08 06:06:34 - 결과 파싱 중... (subcompactions=4)
[0;32m[INFO][0m 2025-06-08 06:06:34 - 결과 저장 완료:
[0;32m[INFO][0m 2025-06-08 06:06:34 -   - Fillrandom 처리량: 77390 ops/sec
[0;32m[INFO][0m 2025-06-08 06:06:34 -   - Compact 처리량:  MB/s
[0;32m[INFO][0m 2025-06-08 06:06:34 -   - 평균 CPU 사용률: 89%
[0;32m[INFO][0m 2025-06-08 06:06:34 -   - 평균 메모리 사용량: 0.732119 GB
[0;32m[INFO][0m 2025-06-08 06:06:34 -   - 최대 프로세스 메모리: 0 GB
[0;32m[INFO][0m 2025-06-08 06:06:34 -   - 총 실행 시간: 681초
[0;32m[INFO][0m 2025-06-08 06:06:34 - 시스템 안정화 대기 (30초)...
[0;32m[INFO][0m 2025-06-08 06:07:04 - === Subcompactions=8 테스트 시작 ===
[0;32m[INFO][0m 2025-06-08 06:07:04 - 시스템 리소스 모니터링 시작 (subcompactions=8)
[0;32m[INFO][0m 2025-06-08 06:07:05 - db_bench 실행 중... (subcompactions=8)
[0;32m[INFO][0m 2025-06-08 06:07:05 - db_bench 프로세스 모니터링 시작 (PID: 479912)
[0;32m[INFO][0m 2025-06-08 06:19:01 - 모든 모니터링 중지
[0;32m[INFO][0m 2025-06-08 06:19:01 - 실행 중인 모니터링 프로세스 정리 중...
[0;32m[INFO][0m 2025-06-08 06:19:02 - Subcompactions=8 테스트 완료 (716초)
[0;32m[INFO][0m 2025-06-08 06:19:02 - 결과 파싱 중... (subcompactions=8)
[0;32m[INFO][0m 2025-06-08 06:19:02 - 결과 저장 완료:
[0;32m[INFO][0m 2025-06-08 06:19:02 -   - Fillrandom 처리량: 73283 ops/sec
[0;32m[INFO][0m 2025-06-08 06:19:02 -   - Compact 처리량:  MB/s
[0;32m[INFO][0m 2025-06-08 06:19:02 -   - 평균 CPU 사용률: 99.125%
[0;32m[INFO][0m 2025-06-08 06:19:02 -   - 평균 메모리 사용량: 0.743643 GB
[0;32m[INFO][0m 2025-06-08 06:19:02 -   - 최대 프로세스 메모리: 0 GB
[0;32m[INFO][0m 2025-06-08 06:19:02 -   - 총 실행 시간: 716초
[0;32m[INFO][0m 2025-06-08 06:19:02 - 시스템 안정화 대기 (30초)...
[0;32m[INFO][0m 2025-06-08 06:19:32 - === Subcompactions=12 테스트 시작 ===
[0;32m[INFO][0m 2025-06-08 06:19:32 - 시스템 리소스 모니터링 시작 (subcompactions=12)
[0;32m[INFO][0m 2025-06-08 06:19:33 - db_bench 실행 중... (subcompactions=12)
[0;32m[INFO][0m 2025-06-08 06:19:33 - db_bench 프로세스 모니터링 시작 (PID: 494650)
[0;32m[INFO][0m 2025-06-08 06:31:48 - 모든 모니터링 중지
[0;32m[INFO][0m 2025-06-08 06:31:48 - 실행 중인 모니터링 프로세스 정리 중...
[0;32m[INFO][0m 2025-06-08 06:31:49 - Subcompactions=12 테스트 완료 (735초)
[0;32m[INFO][0m 2025-06-08 06:31:49 - 결과 파싱 중... (subcompactions=12)
[0;32m[INFO][0m 2025-06-08 06:31:49 - 결과 저장 완료:
[0;32m[INFO][0m 2025-06-08 06:31:49 -   - Fillrandom 처리량: 71507 ops/sec
[0;32m[INFO][0m 2025-06-08 06:31:49 -   - Compact 처리량:  MB/s
[0;32m[INFO][0m 2025-06-08 06:31:49 -   - 평균 CPU 사용률: 92.5%
[0;32m[INFO][0m 2025-06-08 06:31:49 -   - 평균 메모리 사용량: 0.785054 GB
[0;32m[INFO][0m 2025-06-08 06:31:49 -   - 최대 프로세스 메모리: 0 GB
[0;32m[INFO][0m 2025-06-08 06:31:49 -   - 총 실행 시간: 735초
[0;32m[INFO][0m 2025-06-08 06:31:49 - 시스템 안정화 대기 (30초)...
[0;32m[INFO][0m 2025-06-08 06:32:19 - === Subcompactions=16 테스트 시작 ===
[0;32m[INFO][0m 2025-06-08 06:32:19 - 시스템 리소스 모니터링 시작 (subcompactions=16)
[0;32m[INFO][0m 2025-06-08 06:32:20 - db_bench 실행 중... (subcompactions=16)
[0;32m[INFO][0m 2025-06-08 06:32:20 - db_bench 프로세스 모니터링 시작 (PID: 510048)
[0;32m[INFO][0m 2025-06-08 06:44:40 - 모든 모니터링 중지
[0;32m[INFO][0m 2025-06-08 06:44:40 - 실행 중인 모니터링 프로세스 정리 중...
[0;32m[INFO][0m 2025-06-08 06:44:41 - Subcompactions=16 테스트 완료 (740초)
[0;32m[INFO][0m 2025-06-08 06:44:41 - 결과 파싱 중... (subcompactions=16)
[0;32m[INFO][0m 2025-06-08 06:44:41 - 결과 저장 완료:
[0;32m[INFO][0m 2025-06-08 06:44:41 -   - Fillrandom 처리량: 70933 ops/sec
[0;32m[INFO][0m 2025-06-08 06:44:41 -   - Compact 처리량:  MB/s
[0;32m[INFO][0m 2025-06-08 06:44:41 -   - 평균 CPU 사용률: 98.375%
[0;32m[INFO][0m 2025-06-08 06:44:41 -   - 평균 메모리 사용량: 0.720595 GB
[0;32m[INFO][0m 2025-06-08 06:44:41 -   - 최대 프로세스 메모리: 0 GB
[0;32m[INFO][0m 2025-06-08 06:44:41 -   - 총 실행 시간: 740초
[0;32m[INFO][0m 2025-06-08 06:44:41 - 시스템 안정화 대기 (30초)...
[0;32m[INFO][0m 2025-06-08 06:45:11 - === Subcompactions=24 테스트 시작 ===
[0;32m[INFO][0m 2025-06-08 06:45:11 - 시스템 리소스 모니터링 시작 (subcompactions=24)
[0;32m[INFO][0m 2025-06-08 06:45:12 - db_bench 실행 중... (subcompactions=24)
[0;32m[INFO][0m 2025-06-08 06:45:12 - db_bench 프로세스 모니터링 시작 (PID: 525395)
[0;32m[INFO][0m 2025-06-08 06:57:14 - 모든 모니터링 중지
[0;32m[INFO][0m 2025-06-08 06:57:14 - 실행 중인 모니터링 프로세스 정리 중...
[0;32m[INFO][0m 2025-06-08 06:57:15 - Subcompactions=24 테스트 완료 (722초)
[0;32m[INFO][0m 2025-06-08 06:57:15 - 결과 파싱 중... (subcompactions=24)
[0;32m[INFO][0m 2025-06-08 06:57:15 - 결과 저장 완료:
[0;32m[INFO][0m 2025-06-08 06:57:15 -   - Fillrandom 처리량: 72885 ops/sec
[0;32m[INFO][0m 2025-06-08 06:57:15 -   - Compact 처리량:  MB/s
[0;32m[INFO][0m 2025-06-08 06:57:15 -   - 평균 CPU 사용률: 95%
[0;32m[INFO][0m 2025-06-08 06:57:15 -   - 평균 메모리 사용량: 0.752675 GB
[0;32m[INFO][0m 2025-06-08 06:57:15 -   - 최대 프로세스 메모리: 0 GB
[0;32m[INFO][0m 2025-06-08 06:57:16 -   - 총 실행 시간: 722초
[0;32m[INFO][0m 2025-06-08 06:57:16 - 시스템 안정화 대기 (30초)...
[0;32m[INFO][0m 2025-06-08 06:57:46 - === Subcompactions=32 테스트 시작 ===
[0;32m[INFO][0m 2025-06-08 06:57:46 - 시스템 리소스 모니터링 시작 (subcompactions=32)
[0;32m[INFO][0m 2025-06-08 06:57:47 - db_bench 실행 중... (subcompactions=32)
[0;32m[INFO][0m 2025-06-08 06:57:47 - db_bench 프로세스 모니터링 시작 (PID: 540489)
[0;32m[INFO][0m 2025-06-08 07:09:03 - 모든 모니터링 중지
[0;32m[INFO][0m 2025-06-08 07:09:03 - 실행 중인 모니터링 프로세스 정리 중...
[0;32m[INFO][0m 2025-06-08 07:09:04 - Subcompactions=32 테스트 완료 (676초)
[0;32m[INFO][0m 2025-06-08 07:09:04 - 결과 파싱 중... (subcompactions=32)
[0;32m[INFO][0m 2025-06-08 07:09:04 - 결과 저장 완료:
[0;32m[INFO][0m 2025-06-08 07:09:04 -   - Fillrandom 처리량: 77706 ops/sec
[0;32m[INFO][0m 2025-06-08 07:09:04 -   - Compact 처리량:  MB/s
[0;32m[INFO][0m 2025-06-08 07:09:04 -   - 평균 CPU 사용률: 94%
[0;32m[INFO][0m 2025-06-08 07:09:04 -   - 평균 메모리 사용량: 0.826206 GB
[0;32m[INFO][0m 2025-06-08 07:09:04 -   - 최대 프로세스 메모리: 0 GB
[0;32m[INFO][0m 2025-06-08 07:09:04 -   - 총 실행 시간: 676초
[0;32m[INFO][0m 2025-06-08 07:09:04 - 시스템 안정화 대기 (30초)...
[0;32m[INFO][0m 2025-06-08 07:09:34 - Phase 2 완료
[0;34m[PHASE][0m 2025-06-08 07:09:34 - Phase 3: 결과 분석 및 리포트 생성
[1;33m[WARN][0m 2025-06-08 07:09:35 - Python 분석 실행 실패
[0;32m[INFO][0m 2025-06-08 07:09:35 - 요약 리포트 생성: ./results_20250608_053235/experiment_summary.md
[0;32m[INFO][0m 2025-06-08 07:09:35 - Phase 3 완료
[0;32m[INFO][0m 2025-06-08 07:09:35 - ✅ 모든 실험이 성공적으로 완료되었습니다!
[0;32m[INFO][0m 2025-06-08 07:09:35 - 실험 정리 중...
[0;32m[INFO][0m 2025-06-08 07:09:35 - 모든 모니터링 중지
[0;32m[INFO][0m 2025-06-08 07:09:35 - 실행 중인 모니터링 프로세스 정리 중...
[0;32m[INFO][0m 2025-06-08 07:09:36 - 실험 완료! 결과는 ./results_20250608_053235에 저장되었습니다.
[0;32m주요 결과 파일:[0m
  - 요약: ./results_20250608_053235/experiment_summary.md
  - CSV 데이터: ./results_20250608_053235/compaction_results.csv
  - 로그: ./results_20250608_053235/logs/
