procs -----------memory---------- ---swap-- -----io---- -system-- ------cpu-----
 r  b   swpd   free   buff  cache   si   so    bi    bo   in   cs us sy id wa st
 1  0      0 8586940 138116 20219996    0    0    22  2617  156   90 12  3 84  1  1
 3  0      0 8587228 138116 20220000    0    0     0     0  894  811  0  0 100  0  0
 1  0      0 8556752 138176 20234004    0    0     0   820 2240 1893  6  4 89  0  0
 1  0      0 8526768 138176 20247712    0    0     0    32 1003  597  6  3 91  0  0
 1  0      0 8500356 138176 20261084    0    0     0     0  873  470  6  2 91  0  0
 1  0      0 8474616 138176 20273684    0    0     0     0  855  426  6  3 91  0  0
 3  0      0 8422200 138176 20312532    0    0     0     0  866  404  9  3 88  0  0
 1  0      0 8514196 138176 20271132    0    0     0 31012 1555  654  7  3 90  1  0
 1  0      0 8485048 138176 20284460    0    0     0     0 1294  813  7  4 90  0  0
 1  0      0 8458512 138176 20297368    0    0     0     0  817  407  6  2 91  0  0
 1  0      0 8431548 138176 20310816    0    0     0     0  689  322  6  2 91  0  0
 1  0      0 8444636 138188 20294496    0    0     0 30988 1607  656 10  3 87  1  0
 1  0      0 8431036 138188 20308432    0    0     0     0  802  402  6  3 91  0  0
 1  0      0 8417660 138188 20321788    0    0     0     4 1073  573  6  3 90  0  0
 1  0      0 8404580 138188 20334928    0    0     0     0  839  398  7  2 91  0  0
 2  0      0 8381144 138188 20358076    0    0     0     0 1233  720  8  2 90  0  0
 1  0      0 8401540 138188 20331496    0    0     0 30996 1591  795  8  3 88  1  0
 1  0      0 8386928 138188 20344944    0    0     0     0  747  329  6  2 91  0  0
 2  0      0 8372440 138188 20357824    0    0     0   104 1209  681  7  4 90  0  0
 1  0      0 8361012 138188 20370720    0    0     0     0 1108  562  7  2 91  0  0
 1  1      0 8316632 138188 20416224    0    0     0 14516 1120  423  9  3 87  0  0
procs -----------memory---------- ---swap-- -----io---- -system-- ------cpu-----
 r  b   swpd   free   buff  cache   si   so    bi    bo   in   cs us sy id wa st
 3  0      0 8267268 138196 20462888    0    0     0 16468 1595  515 18  6 75  0  0
 1  0      0 8359308 138196 20371088    0    0     0 114040 1493  983  9  3 86  2  0
 1  0      0 8345452 138196 20384220    0    0     0     0  801  365  7  2 91  0  0
 1  0      0 8327956 138196 20397428    0    0     0     0 1743 1034  7  4 89  0  0
 1  0      0 8346212 138200 20380684    0    0     0 31012 1650  772 10  3 87  1  0
 1  0      0 8333396 138200 20394260    0    0     0     0  863  446  6  2 91  0  0
 1  0      0 8320824 138200 20407652    0    0     0     0  857  420  7  2 91  0  0
 1  0      0 8307728 138200 20420772    0    0     0     0  848  446  6  3 91  0  0
 2  0      0 8278792 138200 20452316    0    0     0     0 1317  726  9  3 88  0  0
 1  0      0 8314024 138204 20417528    0    0     0 30972 1614  825  8  3 89  1  0
 1  0      0 8300168 138204 20430896    0    0     0     0  863  458  7  2 91  0  0
 1  0      0 8286564 138204 20444332    0    0     0     0  897  470  6  2 91  0  0
 1  0      0 8275224 138204 20456744    0    0     0   108 1125  618  7  2 91  0  0
 1  0      0 8299800 138208 20439708    0    0     0 30996 1875  937 10  4 85  1  0
 1  0      0 8286064 138208 20452984    0    0     0     0 1233  669  6  3 90  0  0
 1  0      0 8275740 138208 20466076    0    0     0     0 2257 1723  6  3 90  0  0
 1  0      0 8261880 138208 20479508    0    0     0     0 1101  829  7  2 91  0  0
 1  0      0 8250040 138208 20492180    0    0     0     0 1043  816  6  2 91  0  0
 5  0      0 8212512 138208 20528820    0    0     0 30988 2389 1383 19  6 74  1  0
 3  1      0 8023220 138208 20710808    0    0     0 42244 2555  979 32  6 61  1  0
 1  0      0 8244500 138208 20488292    0    0     0 181556 4077 2357  7  3 84  6  1
procs -----------memory---------- ---swap-- -----io---- -system-- ------cpu-----
 r  b   swpd   free   buff  cache   si   so    bi    bo   in   cs us sy id wa st
 1  0      0 8230168 138208 20501048    0    0     0     0 1217 1062  7  2 91  0  0
 2  0      0 8209760 138208 20523408    0    0     0     0 1261  952  8  2 90  0  0
 3  0      0 8239688 138212 20496496    0    0     0 31032 1520  921  9  3 87  1  0
 1  0      0 8226632 138212 20509756    0    0     0     0 1370  837  7  3 90  0  0
 1  0      0 8213780 138212 20522724    0    0     0     0 1053  666  7  2 91  0  0
 1  0      0 8200680 138212 20535412    0    0     0     0  963  517  6  2 91  0  0
 2  0      0 8153052 138212 20579028    0    0     0     0  938  447 10  3 88  0  0
 1  0      0 8192468 138216 20532980    0    0  3333 30976 3256 2563  7  3 89  1  0
 1  0      0 8174100 138216 20546044    0    0     0     0 1472  778  8  3 88  0  0
 1  0      0 8160076 138216 20558836    0    0     0     0  844  431  7  2 91  0  0
 1  0      0 8146648 138216 20571600    0    0     0     0  890  463  7  2 91  0  0
 1  0      0 8174364 138224 20554708    0    0     0 30980 1571  699 10  3 86  1  0
 1  0      0 8160252 138224 20568264    0    0     0   144  956  440  6  2 91  0  0
 1  0      0 8147408 138224 20580892    0    0     0     0 1409  764  7  3 90  0  0
 1  0      0 8135144 138224 20593452    0    0     0     0  904  462  7  2 91  0  0
 1  0      0 8122464 138224 20605600    0    0     0     0  865  427  7  2 91  0  0
 6  0      0 8043068 138228 20693508    0    0     0 46036 2495  783 26  6 67  1  0
 3  3      0 7795416 138228 20932400    0    0     0 44564 2497  731 40 10 50  1  0
 1  0      0 8124428 138244 20597960    0    0     0 270224 6736 3672  7  5 75 13  1
 1  0      0 8110836 138244 20610716    0    0     0     0  865  449  7  2 91  0  0
 2  0      0 8086392 138244 20636724    0    0     0     0  897  425  8  2 90  0  0
procs -----------memory---------- ---swap-- -----io---- -system-- ------cpu-----
 r  b   swpd   free   buff  cache   si   so    bi    bo   in   cs us sy id wa st
 1  0      0 8123424 138256 20607052    0    0     0 30964 1567  694  8  3 89  1  0
 1  0      0 8109564 138256 20620700    0    0     0    28  869  506  6  2 91  0  0
 1  0      0 8095204 138256 20634284    0    0     0    92 1301  719  7  3 90  0  0
 1  0      0 8081852 138256 20647196    0    0     0     0  891  484  6  2 91  0  0
 1  0      0 8091916 138256 20630392    0    0     0 31000 1406  687 10  3 87  1  0
 1  0      0 8077804 138256 20644200    0    0     0     0  915  449  7  2 91  0  0
 1  0      0 8064480 138256 20657420    0    0     0    68  920  449  6  3 91  0  0
 1  0      0 8047172 138256 20670444    0    0     0   156 1434  679  6  3 90  0  0
 2  0      0 8033240 138256 20683752    0    0     0     0  848  485  7  2 91  0  0
 1  0      0 8049612 138268 20667672    0    0     0 31000 1453  688 10  3 86  1  0
 1  0      0 8035752 138268 20680968    0    0     0     0  884  454  6  3 91  0  0
 1  0      0 8021640 138268 20694384    0    0     0     4  839  388  7  2 91  0  0
 1  0      0 8007780 138268 20707892    0    0     0     0 1256  618  7  3 90  0  0
 2  0      0 7972760 138268 20747968    0    0     0     0 1003  493  9  3 88  0  0
 5  0      0 7883736 138272 20834864    0    0     0 34292 2584 1060 27  6 66  1  0
 1  0      0 8008552 138276 20713484    0    0     0 196024 4184 2130 18  4 73  5  0
 1  0      0 7995956 138276 20726280    0    0     0     8  863  437  7  1 91  0  0
 1  0      0 7980808 138276 20739112    0    0     0     0 1176  567  7  3 90  0  0
 1  0      0 7995204 138288 20722360    0    0     0 31040 2339 1188 10  4 85  1  0
 1  0      0 7980348 138288 20736584    0    0     0   236 1009  513  6  2 91  0  0
 1  0      0 7967516 138288 20750420    0    0     0     0 1314  773  7  3 90  0  0
procs -----------memory---------- ---swap-- -----io---- -system-- ------cpu-----
 r  b   swpd   free   buff  cache   si   so    bi    bo   in   cs us sy id wa st
 1  0      0 7953912 138288 20763948    0    0     0     0 1137  784  7  2 91  0  0
 3  0      0 7929468 138288 20788124    0    0     0     0  975  498  8  3 90  0  0
 1  0      0 7956920 138296 20760608    0    0     0 31024 1883  826  8  4 87  0  0
 1  0      0 7943572 138296 20774056    0    0     0     0  849  430  6  2 91  0  0
 1  0      0 7929800 138296 20787312    0    0     0     0  855  446  7  2 91  0  0
 1  0      0 7916372 138296 20800560    0    0     0     0  854  419  6  2 91  0  0
 2  0      0 7892624 138300 20823636    0    0     0 31316 1638  647 10  3 87  1  0
 1  0      0 7919732 138300 20797376    0    0     0     0 1341  729  7  3 90  0  0
 2  0      0 7906044 138300 20810716    0    0     0     0  858  454  7  2 91  0  0
 1  0      0 7892440 138300 20824816    0    0     0     0  915  447  7  2 91  0  0
 1  0      0 7879840 138300 20837312    0    0     0     0  849  400  7  2 91  0  0
 6  0      0 7829716 138300 20903620    0    0     0 31028 1990  659 22  5 72  1  0
 4  1      0 7585636 138304 21139344    0    0     0 186848 5360 1852 38 10 49  4  0
 1  0      0 7881416 138316 20840004    0    0     0 128432 3439 1596  9  3 85  3  0
 1  0      0 7868564 138316 20852788    0    0     0     0  879  466  7  2 91  0  0
 2  0      0 7845128 138316 20878376    0    0     0     0  909  427  8  2 90  0  0
 1  0      0 7873876 138328 20848852    0    0     0 30984 1511  718  8  2 88  0  0
 1  0      0 7854236 138328 20862308    0    0     0     0 1239  752  7  3 90  0  0
 1  0      0 7840900 138328 20875364    0    0     0     0  866  441  6  2 91  0  0
 1  0      0 7827296 138328 20888456    0    0     0     0  937  505  6  2 91  0  0
 1  1      0 7783700 138328 20934528    0    0     0 24552 1371  589 10  3 87  0  0
procs -----------memory---------- ---swap-- -----io---- -system-- ------cpu-----
 r  b   swpd   free   buff  cache   si   so    bi    bo   in   cs us sy id wa st
 1  0      0 7831316 138332 20885396    0    0     0  6512 1133  604  7  2 91  0  0
 1  0      0 7816476 138332 20899180    0    0     0     0 1240  624  6  4 90  0  0
 1  0      0 7803632 138332 20911496    0    0     0     0  983  509  7  2 91  0  0
 1  0      0 7790784 138332 20924416    0    0     0     0  900  444  7  2 91  0  0
 1  0      0 7805916 138336 20907640    0    0  2214 30992 2542 1679 10  3 86  1  0
 1  0      0 7788812 138336 20921160    0    0  1119     0 1432 1065  7  2 91  0  0
 1  0      0 7772472 138336 20934036    0    0     0     0 1227  683  7  3 90  0  0
 3  1      0 7759120 138336 20947244    0    0     0     0  855  490  7  2 91  0  0
 2  0      0 7741984 138336 20968636    0    0     0     0  923  466  8  2 90  0  0
 6  0      0 7649012 138348 21074220    0    0     0 30976 2217  646 29  6 64  1  0
 1  3      0 7458612 138348 21261036    0    0     0 228684 5652 2157 30  7 56  7  1
 2  0      0 7709024 138368 21005220    0    0     0 70680 3274 1514 12  5 80  3  0
 2  0      0 7648296 138368 21066424    0    0     0 66100 2120  864 12  4 83  1  0
 2  0      0 7728652 138368 20989024    0    0     0 51684 1868  687 11  3 85  1  0
 1  0      0 7758632 138368 20956752    0    0     0 31032 1518  622  8  3 89  0  0
 1  0      0 7746780 138368 20970624    0    0     0     0  854  438  7  2 91  0  0
 1  0      0 7732256 138368 20983632    0    0     0     0 1166  682  7  3 90  0  0
 1  0      0 7719880 138368 20995852    0    0     0     0 1002  527  6  2 91  0  0
 1  0      0 7742136 138376 20979496    0    0     0 30988 1638  731  9  3 87  1  0
 1  0      0 7728184 138376 20992616    0    0     0     0  817  423  7  2 91  0  0
 1  0      0 7714328 138376 21006404    0    0     0   352  948  473  6  3 91  0  0
procs -----------memory---------- ---swap-- -----io---- -system-- ------cpu-----
 r  b   swpd   free   buff  cache   si   so    bi    bo   in   cs us sy id wa st
 2  0      0 7697696 138376 21019880    0    0     0     0  835  481  7  2 91  0  0
 1  0      0 7684592 138376 21032456    0    0     0     0 1292  722  7  3 90  0  0
 1  0      0 7702984 138376 21015784    0    0     0 30992 1574  787 10  3 86  1  0
 1  0      0 7689124 138376 21029720    0    0     0     0  835  422  6  3 91  0  0
 1  0      0 7676280 138376 21042616    0    0     0     0  807  413  7  2 91  0  0
 1  0      0 7662672 138376 21056148    0    0     0    16  857  442  7  2 91  0  0
 2  0      0 7633192 138376 21085368    0    0     0     0 1338  790  8  4 88  0  0
 6  0      0 7486120 138380 21240908    0    0     0 57040 2800  991 36  8 55  1  0
 1  2      0 7297636 138388 21422336    0    0     0 307324 7308 2749 30  7 53  9  1
 2  0      0 7601952 138400 21120348    0    0     0 15252 1643  869 13  4 83  0  0
 2  0      0 7542480 138400 21180984    0    0     0 66120 2041  793 12  4 83  1  0
 2  1      0 7448236 138400 21274924    0    0     0 87536 2818 1139 16  5 77  1  0
 1  1      0 7588676 138400 21131360    0    0     0 65892 2268  907 12  4 82  1  0
 1  0      0 7649000 138416 21069324    0    0     0 44852 1860  786 11  3 85  1  0
 1  0      0 7634896 138416 21082632    0    0     0     0  873  445  6  2 91  0  0
 1  0      0 7621540 138416 21096016    0    0     0    88  868  448  7  2 91  0  0
 1  0      0 7637656 138428 21078616    0    0     0 31024 1917 1003 10  4 86  1  0
 1  0      0 7623296 138428 21092356    0    0     0     0  892  475  7  2 91  0  0
 1  0      0 7609436 138428 21105940    0    0     0     0  851  441  7  2 91  0  0
 1  0      0 7596588 138428 21119136    0    0     0     0  820  435  6  2 91  0  0
 2  0      0 7571892 138428 21144672    0    0     0     0  820  433  8  2 89  0  0
procs -----------memory---------- ---swap-- -----io---- -system-- ------cpu-----
 r  b   swpd   free   buff  cache   si   so    bi    bo   in   cs us sy id wa st
 1  0      0 7597592 138432 21114648    0    0     0 30980 1845 1003  8  4 87  1  0
 1  0      0 7583560 138432 21128348    0    0     0     0  830  451  7  2 91  0  0
 2  0      0 7570384 138432 21141768    0    0     0     0  826  419  6  2 91  0  0
 1  0      0 7557308 138432 21154624    0    0     0     0  830  415  7  2 91  0  0
 1  1      0 7513976 138432 21199968    0    0     0  3508 1032  521 11  2 87  0  0
 5  1      0 7325592 138436 21389792    0    0     0 72512 3378 1164 41  9 48  1  0
 2  0      0 7540124 138464 21178468    0    0     0 290108 7126 3153 23  6 66  5  1
 2  0      0 7480948 138468 21238204    0    0     0 66096 2172  818 12  4 83  1  0
 2  0      0 7533556 138472 21182584    0    0     0 42716 1944  862 12  5 83  1  0
 2  0      0 7498264 138472 21218536    0    0     0 31036 1808  755 16  5 79  0  0
 1  0      0 7558432 138484 21153408    0    0     0 93588 2808 1202 11  4 84  1  0
 1  0      0 7543604 138484 21167084    0    0     0     0  925  494  7  2 91  0  0
 1  0      0 7530580 138484 21180356    0    0     0     0  796  410  7  2 91  0  0
 5  0      0 7516900 138484 21193680    0    0     0     0  890  436  7  2 91  0  0
 1  0      0 7535280 138496 21176452    0    0     0 31368 1529  717 10  3 86  1  0
 1  0      0 7519664 138496 21190384    0    0     0     0 1204  671  6  3 90  0  0
 1  0      0 7506400 138496 21204152    0    0     0     0  993  508  6  2 91  0  0
 1  0      0 7492968 138496 21217340    0    0     0     0  860  461  7  2 91  0  0
 2  0      0 7453404 138496 21259636    0    0     0     0  934  431  9  3 88  0  0
 2  0      0 7498380 138500 21213488    0    0     0 30996 1688  818  8  3 89  1  0
 2  0      0 7481356 138500 21226856    0    0     0   164 2892 2398  8  2 89  0  0
procs -----------memory---------- ---swap-- -----io---- -system-- ------cpu-----
 r  b   swpd   free   buff  cache   si   so    bi    bo   in   cs us sy id wa st
 1  0      0 7466224 138500 21240336    0    0     0     0 1484  911  7  3 90  0  0
 1  0      0 7450960 138500 21253792    0    0  1667     0 1928 1438  7  3 90  0  0
 7  0      0 7425056 138504 21299428    0    0  1666 30964 2849 1534 18  6 75  1  0
 6  0      0 7117240 138504 21596648    0    0     0 28940 2650  712 44  9 47  0  0
 2  0      0 7444104 138528 21273132    0    0     0 322684 8196 4304 11  4 64 20  1
 2  0      0 7381392 138532 21335248    0    0     0 66108 2527 1120 13  5 81  1  0
 2  0      0 7309324 138532 21405496    0    0     0     0 1205  446 13  4 83  0  0
 2  0      0 7479476 138552 21245376    0    0     0 131056 3557 1481 15  5 78  2  0
 2  0      0 7412204 138552 21315952    0    0     0     0 1131  473 13  4 83  0  0
 2  0      0 7352760 138564 21375796    0    0     0 66136 2018  750 12  4 83  1  0
 2  0      0 7290016 138568 21439664    0    0     0 65988 2607 1201 13  4 82  1  0
 2  0      0 7426684 138568 21300376    0    0     0 21572 1421  639  8  3 89  0  0
 1  0      0 7450868 138572 21268424    0    0     0 31044 1489  690  9  2 89  1  0
 1  0      0 7436760 138572 21281880    0    0     0     0  857  434  7  2 91  0  0
 1  0      0 7423404 138572 21295636    0    0     0     0  834  396  6  3 91  0  0
 2  0      0 7410080 138572 21308492    0    0     0     0 1416  720  7  3 90  0  0
 2  0      0 7434268 138576 21291776    0    0     0 31008 1323  630 10  3 87  1  0
 1  0      0 7419408 138576 21305616    0    0     0     0  850  447  7  2 91  0  0
 1  0      0 7405576 138576 21318968    0    0     0     0  853  418  7  2 91  0  0
 1  0      0 7392220 138576 21332096    0    0     0    12  845  427  7  2 91  0  0
 1  0      0 7379852 138576 21345340    0    0     0     0 1466  752  7  3 90  0  0
procs -----------memory---------- ---swap-- -----io---- -system-- ------cpu-----
 r  b   swpd   free   buff  cache   si   so    bi    bo   in   cs us sy id wa st
 6  0      0 7274128 138576 21444916    0    0     0 45404 2410  872 26  7 67  1  0
 2  4      0 7026956 138576 21684688    0    0     0 191316 5129 1605 37  8 50  5  1
 2  0      0 7328768 138600 21386076    0    0     0 131164 4557 2232 12  3 78  5  1
 2  0      0 7265012 138604 21448472    0    0     0 66116 2251  836 13  4 83  1  0
 3  0      0 7198736 138604 21513636    0    0     0 65980 2503 1145 13  5 81  1  0
 2  0      0 7375132 138620 21345280    0    0     0 82300 2479 1139 15  5 79  1  0
 2  0      0 7305704 138620 21413248    0    0     0     0 1126  441 13  4 83  0  0
 2  0      0 7248248 138620 21470740    0    0     0 66040 1966  777 12  4 83  1  0
 1  1      0 7188536 138620 21530736    0    0     0 72040 2119  949 13  3 82  2  0
 2  0      0 7317520 138624 21395292    0    0     0 10188 1518  815  9  4 87  0  0
 1  0      0 7345488 138644 21361240    0    0     0 31064 1494  748  8  3 89  1  0
 1  0      0 7330620 138644 21374668    0    0     0     0  861  438  6  2 91  0  0
 1  0      0 7317264 138644 21388144    0    0     0     0  844  444  6  2 91  0  0
 1  0      0 7303656 138644 21401584    0    0     0     0  856  414  6  2 91  0  0
 1  0      0 7328340 138644 21384976    0    0     0 31032 1934  953  9  4 85  1  0
 1  0      0 7312244 138644 21398576    0    0     0     0 1002  539  7  2 91  0  0
 1  0      0 7299140 138644 21411608    0    0     0     0  864  446  6  3 91  0  0
 1  0      0 7285532 138644 21424688    0    0     0     0  874  435  7  2 91  0  0
 1  0      0 7273184 138644 21437184    0    0     0    76  890  443  7  2 91  0  0
 7  0      0 7191124 138648 21518676    0    0     0 39016 2316  921 24  6 68  1  0
 4  2      0 6950260 138652 21755540    0    0     0 135412 4201 1363 38  9 49  3  0
procs -----------memory---------- ---swap-- -----io---- -system-- ------cpu-----
 r  b   swpd   free   buff  cache   si   so    bi    bo   in   cs us sy id wa st
 2  0      0 7235580 138668 21473488    0    0     0 187080 5192 2395 12  4 76  7  1
 2  0      0 7174092 138668 21535752    0    0     0 66104 2220  796 13  3 83  1  0
 3  0      0 7106304 138672 21604684    0    0     0 66004 2144  805 13  4 82  1  0
 1  0      0 7293632 138688 21425968    0    0     0 34864 1703  860  9  3 87  1  0
 1  0      0 7276004 138688 21439660    0    0     0     0 1281  666  7  3 90  0  0
 1  0      0 7262144 138688 21453300    0    0     0     0  840  422  7  2 91  0  0
 1  0      0 7250308 138688 21465888    0    0     0     0  895  461  7  2 91  0  0
 2  0      0 7204696 138688 21506956    0    0     0     0  975  431 10  3 88  0  0
 1  0      0 7247024 138700 21462120    0    0     0 31100 1509  718  7  3 90  0  0
 1  0      0 7231912 138700 21475620    0    0     0     0 1366  696  7  3 90  0  0
 1  0      0 7218308 138700 21488660    0    0     0     0  834  436  7  2 91  0  0
 1  0      0 7205208 138700 21502044    0    0     0     0  845  417  7  2 91  0  0
 1  0      0 7231400 138704 21484576    0    0     0 31012 1585  781 10  3 87  1  0
 2  0      0 7218300 138704 21497992    0    0     0    16  892  444  7  2 91  0  0
 1  0      0 7204944 138704 21511012    0    0     0     0 1297  646  7  3 90  0  0
 1  0      0 7191088 138704 21524476    0    0     0     0  957  461  7  2 91  0  0
 2  0      0 7177732 138704 21540628    0    0     0     0  861  398  7  2 91  0  0
 7  0      0 7048564 138708 21668780    0    0     0 31020 2375  816 31  7 62  1  0
 1  3      0 6799112 138712 21909880    0    0     0 273688 6667 2494 38  8 45  8  1
 3  0      0 7133788 138720 21576560    0    0   308 98860 4260 2308 11  6 78  4  0
 2  0      0 7068636 138724 21638292    0    0  3025 66068 3287 2219 13  4 82  1  0
procs -----------memory---------- ---swap-- -----io---- -system-- ------cpu-----
 r  b   swpd   free   buff  cache   si   so    bi    bo   in   cs us sy id wa st
 3  0      0 6995304 138724 21715288    0    0     0 65984 2099  869 14  4 81  1  0
 2  0      0 7160844 138732 21558172    0    0     0 51708 2120 1001 15  4 80  1  0
 2  0      0 7097596 138732 21619948    0    0     0 66044 2153  787 12  4 83  1  0
 1  1      0 7029324 138732 21684604    0    0     0 40796 2113  843 13  5 82  1  0
 1  0      0 7168772 138736 21545400    0    0     0 24388 1344  733  7  2 91  0  0
 2  0      0 7121656 138736 21589560    0    0     0     0  985  464 10  3 87  0  0
 1  0      0 7166752 138740 21541716    0    0     0 31076 1410  618  7  2 90  1  0
 1  0      0 7153172 138740 21555452    0    0     0     0  859  418  7  2 91  0  0
 1  0      0 7139064 138740 21568236    0    0     0     0 1250  651  6  3 90  0  0
 1  0      0 7125712 138740 21581816    0    0     0     0  915  463  7  2 91  0  0
 1  0      0 7153416 138748 21564160    0    0     0 31012 1511  697 10  3 86  1  0
 1  0      0 7139560 138748 21577476    0    0     0     0  904  428  7  2 91  0  0
 1  0      0 7126708 138748 21590368    0    0     0   108  867  476  7  2 91  0  0
 1  0      0 7108816 138748 21603172    0    0     0     0 1224  635  7  3 90  0  0
 2  0      0 7094720 138748 21619224    0    0     0     0  893  509  7  2 91  0  0
 7  0      0 6971380 138752 21742300    0    0     0 31024 2261  714 32  6 61  1  0
 2  5      0 6739292 138756 21965632    0    0     0 222464 5293 2123 35  8 47  9  1
 2  0      0 7058940 138760 21650748    0    0     0 133888 5056 2405 12  4 75  8  1
 3  0      0 6995344 138760 21710844    0    0     0 66092 2303  879 12  5 82  1  0
 2  1      0 6927068 138760 21784060    0    0     0 40960 1800  757 15  4 81  1  0
 2  0      0 7043800 138772 21672256    0    0     0 99308 2993 1195 15  4 79  1  0
procs -----------memory---------- ---swap-- -----io---- -system-- ------cpu-----
 r  b   swpd   free   buff  cache   si   so    bi    bo   in   cs us sy id wa st
 2  0      0 7047212 138772 21671324    0    0     0     0 1210  511 13  4 83  0  0
 2  0      0 6986760 138776 21732016    0    0     0 66032 2315  852 12  4 83  1  0
 2  0      0 6925036 138776 21792808    0    0     0 65984 2034  838 12  4 83  1  0
 2  0      0 6842656 138784 21867800    0    0     0 55684 2514 1071 14  5 80  1  0
 1  0      0 7085048 138784 21616520    0    0     0 30972 1511  764  8  2 90  0  0
 1  0      0 7071692 138784 21629768    0    0     0     0  893  432  7  2 91  0  0
 1  0      0 7058588 138784 21643360    0    0     0     0  888  431  6  2 91  0  0
 1  0      0 7046240 138784 21656488    0    0     0   332  947  450  7  2 91  0  0
 1  0      0 7073964 138788 21639188    0    0     0 31060 2046  958 10  5 85  1  0
 1  0      0 7058852 138788 21652288    0    0     0     0 1161  633  7  3 90  0  0
 1  0      0 7048300 138788 21665648    0    0     0     0 1515  802  7  3 90  0  0
 1  0      0 7033656 138788 21679192    0    0     0     0  995  511  7  2 91  0  0
 2  0      0 7018324 138788 21695072    0    0     0     0 1078  547  7  3 90  0  0
 8  0      0 6883816 138788 21831116    0    0     0 55256 3067 1127 31  9 59  1  0
 2  4      0 6668908 138796 22040008    0    0     0 280888 6809 2477 32  7 50  9  1
 2  0      0 7023712 138824 21688752    0    0     0 77972 3021 1692 11  5 81  3  0
 2  0      0 6959640 138824 21755912    0    0     0     0 1187  525 12  5 83  0  0
 3  0      0 6880272 138824 21836868    0    0     0 97332 2699 1028 14  4 80  1  0
 3  0      0 6986708 138828 21735004    0    0     0 30988 2094  944 14  6 79  0  0
 2  0      0 6925524 138832 21796584    0    0     0 66024 2049  751 12  4 83  1  0
 2  0      0 6865036 138832 21856360    0    0     0 65992 2139  880 12  4 83  1  0
procs -----------memory---------- ---swap-- -----io---- -system-- ------cpu-----
 r  b   swpd   free   buff  cache   si   so    bi    bo   in   cs us sy id wa st
 2  0      0 7019844 138832 21696204    0    0     0 40692 1638  695 10  3 86  1  0
 1  0      0 7029156 138836 21678520    0    0     0 31072 1521  629  9  3 87  0  0
 1  0      0 7012920 138836 21691824    0    0     0     0 1306  671  7  3 90  0  0
 1  0      0 6998924 138836 21705288    0    0     0     0  961  505  7  2 91  0  0
 1  0      0 6986072 138836 21718004    0    0     0     0  843  415  6  2 91  0  0
 1  0      0 6973472 138836 21730704    0    0     0     0  853  426  7  2 91  0  0
 1  0      0 6991096 138844 21713380    0    0     0 31156 1540  683 10  3 86  0  0
 2  0      0 6971952 138844 21727188    0    0     0     0 1265  633  6  4 90  0  0
 1  0      0 6958600 138844 21740052    0    0     0     0  949  511  7  2 91  0  0
 1  0      0 6945752 138844 21753120    0    0     0     0  892  415  7  2 91  0  0
 2  0      0 6931136 138844 21770168    0    0     0     0  933  483  7  2 91  0  0
 6  0      0 6817268 138844 21896412    0    0     0 42104 2364  940 30  7 62  1  0
 1  4      0 6604864 138844 22101252    0    0     0 253040 6231 2246 33  9 49  9  1
 2  0      0 6906848 138856 21808248    0    0     0 70180 3536 1886 12  4 79  5  0
 2  0      0 6846368 138864 21867384    0    0     0 66092 2058  724 12  3 83  1  0
 3  0      0 6769760 138868 21946636    0    0     0 65992 2020  853 15  4 81  1  0
 2  0      0 6744296 138868 21966832    0    0     0 31004 1734  733 15  4 81  0  0
 3  0      0 6935656 138872 21768504    0    0  3333 96668 4468 2897 13  5 81  1  0
 1  0      0 6929736 138884 21772312    0    0     0 41196 2075  925 11  4 85  1  0
 1  0      0 6916140 138884 21785228    0    0     0     0  859  450  7  2 91  0  0
 1  0      0 6941924 138888 21768196    0    0     0 31040 1603  777 10  3 87  0  0
procs -----------memory---------- ---swap-- -----io---- -system-- ------cpu-----
 r  b   swpd   free   buff  cache   si   so    bi    bo   in   cs us sy id wa st
 1  0      0 6926476 138888 21781932    0    0     0   376  904  451  7  2 91  0  0
 1  0      0 6913624 138888 21795856    0    0     0     0  885  463  6  2 91  0  0
 1  0      0 6898004 138888 21808672    0    0     0     0 1313  737  6  4 90  0  0
 1  0      0 6885912 138888 21821000    0    0     0     0  827  372  7  2 91  0  0
 1  0      0 6896500 138896 21803400    0    0     0 31056 1554  747 10  2 87  1  0
 1  0      0 6882892 138896 21817020    0    0     0     0  859  412  7  2 91  0  0
 1  0      0 6869792 138896 21830268    0    0     0     0  836  446  7  2 91  0  0
 1  0      0 6855160 138896 21843140    0    0     0     0 1340  747  6  4 90  0  0
 2  0      0 6836788 138896 21865696    0    0     0     0  935  470  7  3 90  0  0
 7  0      0 6721192 138904 22001400    0    0     0 31020 2270  722 33  7 59  1  0
 3  4      0 6494196 138916 22223580    0    0     0 312764 7424 3057 34  8 44 12  1
 2  0      0 6822852 138920 21894184    0    0     0 59456 2771 1428 13  4 80  2  0
 2  0      0 6759900 138920 21953488    0    0     0 66100 2667 1119 13  4 81  1  0
 3  0      0 6817204 138920 21899776    0    0     0 38184 1714  639 14  4 81  1  0
 2  0      0 6792500 138924 21916780    0    0     0 97036 2358 1000 14  5 80  2  0
 2  0      0 6724716 138924 21983904    0    0     0     0 1128  414 13  4 83  0  0
 2  0      0 6666024 138928 22042268    0    0     0 66108 2077  806 13  3 83  1  0
 2  0      0 6608848 138932 22100612    0    0     0 65984 2508 1062 13  4 82  1  0
 2  0      0 6826124 138932 21883700    0    0     0 38668 1543  753 11  4 85  1  0
 1  0      0 6867448 138932 21847968    0    0     0 31076 1295  585  8  3 89  1  0
 1  0      0 6854092 138932 21861228    0    0     0     0  807  409  7  2 91  0  0
procs -----------memory---------- ---swap-- -----io---- -system-- ------cpu-----
 r  b   swpd   free   buff  cache   si   so    bi    bo   in   cs us sy id wa st
 1  0      0 6841244 138932 21874448    0    0     0     4  828  402  7  2 91  0  0
 1  0      0 6824604 138932 21886940    0    0     0     0 1200  679  7  3 90  0  0
 2  0      0 6774752 138932 21932708    0    0     0 16296 1220  486  9  4 87  0  0
 4  0      0 6822092 138932 21882944    0    0     0 14708 1062  561  6  3 91  0  0
 1  0      0 6808736 138932 21896444    0    0     0     0  816  372  7  2 91  0  0
 1  0      0 6795140 138932 21909840    0    0     0     4  841  440  6  2 91  0  0
 1  0      0 6781028 138932 21922552    0    0     0     0 1308  706  7  3 90  0  0
 7  0      0 6744980 138932 21975912    0    0     0 31008 1858  810 21  5 74  1  0
 5  1      0 6454064 138932 22258248    0    0     0 134680 3227 1077 45  9 44  2  0
 2  0      0 6775388 138944 21946604    0    0     0 229924 4990 2751 14  5 72  8  1
 2  0      0 6714404 138944 22006992    0    0     0 66152 1400  771 12  4 83  1  0
 2  0      0 6644348 138944 22074588    0    0     0     0 1421  571 14  5 81  0  0
 1  1      0 6611104 138944 22101820    0    0     0 113380 2168 1261 16  4 78  2  0
 2  0      0 6748516 138948 21964668    0    0     0 21420 1213  595 12  4 83  1  0
 2  0      0 6688288 138952 22024340    0    0     0 66028 1204  726 12  4 83  1  0
 2  0      0 6628084 138952 22084420    0    0     0 66396 1336  850 13  3 83  1  0
 3  0      0 6762568 138960 21942228    0    0     0 35240 1298  759 10  5 84  1  0
 1  0      0 6797376 138968 21913320    0    0     0 31052 1791  831  9  3 87  1  0
 2  0      0 6784272 138968 21926892    0    0     0     0  889  461  6  2 91  0  0
 1  0      0 6770916 138968 21939988    0    0     0     0  834  380  7  2 91  0  0
 1  0      0 6757560 138968 21953352    0    0     0     0  862  427  6  2 91  0  0
procs -----------memory---------- ---swap-- -----io---- -system-- ------cpu-----
 r  b   swpd   free   buff  cache   si   so    bi    bo   in   cs us sy id wa st
 1  1      0 6705144 138968 21999284    0    0     0 23300 1259  592  9  4 87  0  0
 1  0      0 6752004 138976 21949448    0    0     0  7716 1573  890  7  3 89  0  0
 1  0      0 6739160 138976 21963344    0    0     0     0  899  485  7  2 91  0  0
 1  0      0 6725304 138976 21976336    0    0     0     0  849  439  6  2 91  0  0
 1  0      0 6712216 138976 21989140    0    0     0    88  810  442  7  2 91  0  0
 7  0      0 6665352 138976 22054632    0    0     0 31040 1979  774 23  5 71  1  0
 4  2      0 6374636 138976 22333464    0    0     0 82112 3426 1148 43 11 44  2  0
 2  0      0 6709116 138988 22008792    0    0     0 273972 6916 3685 10  4 70 14  1
 0  2      0 6650156 138988 22068548    0    0     0 66072 2091  749 13  3 83  1  0
 2  0      0 6585644 138988 22133848    0    0     0     4 1081  461 13  4 83  0  0
 2  0      0 6546832 138988 22165380    0    0     0 97004 2764 1150 16  4 79  1  0
 2  0      0 6684120 138992 22031004    0    0     0 36200 2026  998 13  5 82  0  0
 2  0      0 6623404 138992 22091112    0    0     0 66032 1976  802 13  3 83  1  0
 2  0      0 6564224 138992 22150000    0    0     0 65988 1992  802 12  4 83  1  0
 3  0      0 6476328 138992 22235364    0    0  3333     0 2571 1920 15  4 80  0  0
 2  0      0 6471100 138996 22246440    0    0     0 97020 2981 1168 13  4 80  2  0
 1  0      0 6729084 139000 21986424    0    0     0 50176 2004 1099  8  4 87  1  0
 1  0      0 6715980 139000 21999168    0    0     0     0  847  452  7  2 91  0  0
 1  0      0 6703888 139000 22012476    0    0     0     0  807  434  7  2 91  0  0
 1  0      0 6714544 139000 21995300    0    0     0 31080 1376  650  9  3 87  1  0
 1  0      0 6700096 139000 22008788    0    0     0    16  899  495  7  2 91  0  0
procs -----------memory---------- ---swap-- -----io---- -system-- ------cpu-----
 r  b   swpd   free   buff  cache   si   so    bi    bo   in   cs us sy id wa st
 1  0      0 6683728 139000 22021944    0    0     0     0 1457  833  8  3 89  0  0
 1  0      0 6670372 139000 22035040    0    0     0     0  857  434  7  2 91  0  0
 1  0      0 6657020 139000 22047828    0    0     0     0  832  382  7  2 91  0  0
 8  0      0 6626516 139000 22095388    0    0     0 31016 2002  724 19  6 74  1  0
 5  1      0 6357480 139000 22357240    0    0     0 70712 3182  823 42  9 48  1  0
 4  0      0 6645668 139016 22071368    0    0     0 269076 7076 3206 14  6 70  9  1
 2  0      0 6585728 139020 22130476    0    0     0 66116 2164  856 12  4 83  1  0
 2  0      0 6519452 139020 22195000    0    0     0     0 1161  511 13  4 83  0  0
 4  0      0 6486200 139028 22223824    0    0     0 97020 2966 1275 17  4 77  1  0
 2  0      0 6427308 139028 22285836    0    0     0 65996 2619 1211 13  4 82  1  0
 2  0      0 6628020 139028 22083728    0    0     0 34160 1811  808 13  5 82  0  0
 2  0      0 6568552 139036 22141536    0    0     0 66032 1989  824 13  3 83  1  0
 1  1      0 6500212 139036 22208072    0    0     0 16288 1174  471 13  4 83  0  0
 2  0      0 6484144 139044 22236948    0    0     0 80708 2617 1010 16  4 78  1  0
 1  0      0 6671672 139048 22043840    0    0     0 67108 1936  894  9  3 87  1  0
 2  0      0 6656568 139048 22056560    0    0     0     0  874  594  7  3 91  0  0
 1  0      0 6641948 139048 22069732    0    0     0     0 1075  602  7  3 91  0  0
 2  0      0 6622548 139048 22092348    0    0     0     0  806  426  8  2 90  0  0
 2  0      0 6641684 139052 22065984    0    0     0 31068 1379  648  9  3 88  1  0
 1  0      0 6627328 139052 22079396    0    0     0   128  797  452  6  2 91  0  0
 1  0      0 6613468 139052 22092888    0    0     0     0  781  402  6  2 91  0  0
procs -----------memory---------- ---swap-- -----io---- -system-- ------cpu-----
 r  b   swpd   free   buff  cache   si   so    bi    bo   in   cs us sy id wa st
 1  0      0 6598612 139052 22105580    0    0     0     0 1181  663  7  3 90  0  0
 1  1      0 6554260 139052 22151208    0    0     0  8192  973  458  9  3 87  0  0
 6  0      0 6379960 139056 22342536    0    0     0 37528 2644  741 41  9 49  1  0
 2  0      0 6609716 139064 22113364    0    0     0 322648 7741 3164 22  5 62 10  1
 2  0      0 6608064 139072 22114764    0    0     0 50596 2061  906 15  3 81  1  0
 2  0      0 6538288 139072 22181084    0    0     0     0 1472  749 14  5 82  0  0
 2  0      0 6508292 139088 22209468    0    0     0 97020 2646 1022 16  4 79  2  0
 2  0      0 6445804 139092 22270904    0    0     0 65984 2066  753 13  4 83  1  0
 2  0      0 6382072 139092 22333624    0    0     0 65988 2171  773 13  3 83  1  0
 2  0      0 6314032 139092 22402184    0    0     0     0 1101  446 13  4 83  0  0
 1  0      0 6581732 139104 22124404    0    0     0 72012 2512 1283  8  4 86  1  0
 1  0      0 6597860 139104 22107068    0    0     0 31072 1546  641 10  3 87  1  0
 1  0      0 6584012 139104 22120044    0    0     0     0  794  391  7  2 91  0  0
 1  0      0 6570404 139104 22133736    0    0     0     0  838  462  7  2 91  0  0
 1  0      0 6557804 139104 22146380    0    0     0   396  948  479  7  2 91  0  0
 2  0      0 6539172 139104 22163736    0    0     0     0 1220  674  8  3 89  0  0
 1  0      0 6562332 139116 22141924    0    0     0 31036 1409  707  9  3 87  1  0
 1  0      0 6547232 139116 22155552    0    0     0     0  815  413  7  2 91  0  0
 1  0      0 6534380 139116 22169304    0    0     0     0  818  410  7  2 91  0  0
 1  0      0 6521784 139116 22182040    0    0     0     0  820  459  7  2 91  0  0
 2  0      0 6482940 139116 22220408    0    0     0     0 1371  700  9  3 87  0  0
procs -----------memory---------- ---swap-- -----io---- -system-- ------cpu-----
 r  b   swpd   free   buff  cache   si   so    bi    bo   in   cs us sy id wa st
 8  0      0 6295896 139120 22413312    0    0     0 31012 2680  756 41 10 49  1  0
 2  0      0 6527276 139144 22187072    0    0     0 368964 8624 3768 27  6 55 11  1
 2  0      0 6459240 139144 22254652    0    0     0     0 1100  465 13  4 83  0  0
 2  0      0 6399012 139144 22313308    0    0     0 66112 1924  723 12  3 83  1  0
 2  0      0 6365260 139144 22343508    0    0     0 97012 3043 1541 16  5 77  2  0
 2  0      0 6487392 139148 22222392    0    0     0 26756 1601  713 13  3 83  0  0
 2  0      0 6428900 139156 22280708    0    0     0 66020 1930  721 12  4 83  1  0
 1  1      0 6371468 139156 22337476    0    0     0 65980 1875  703 12  4 83  1  0
 2  0      0 6305216 139156 22403320    0    0     0     4 1106  443 13  4 83  0  0
 2  0      0 6276744 139160 22429880    0    0     0 97032 3281 1298 16  5 77  2  0
 1  0      0 6523024 139160 22178452    0    0     0 46760 1757  834  9  3 87  1  0
 3  0      0 6503744 139160 22191136    0    0  2214     0 1923 1636  7  2 91  0  0
 1  0      0 6492188 139160 22204308    0    0  1119     0 1315  981  7  2 91  0  0
 1  0      0 6480344 139160 22216776    0    0     0   120  840  441  7  2 91  0  0
 2  0      0 6496008 139164 22199452    0    0     0 31080 1518  791 10  4 86  1  0
 1  0      0 6480972 139164 22213136    0    0     0     0 1099  559  7  3 91  0  0
 1  0      0 6468764 139164 22226224    0    0     0     0  806  430  6  3 91  0  0
 1  0      0 6455916 139164 22239176    0    0     0     0  757  387  7  2 91  0  0
 2  0      0 6440292 139164 22256024    0    0     0     8  838  477  7  2 91  0  0
 7  0      0 6340744 139168 22376448    0    0     0 31024 2223  664 31  8 61  1  0
 2  4      0 6104064 139168 22604616    0    0     0 235128 6157 2410 37 10 44  9  1
procs -----------memory---------- ---swap-- -----io---- -system-- ------cpu-----
 r  b   swpd   free   buff  cache   si   so    bi    bo   in   cs us sy id wa st
 2  0      0 6443496 139192 22277764    0    0     0 132984 4405 2139 13  4 76  7  0
 3  0      0 6384528 139196 22336540    0    0     0 66108 1951  723 12  4 83  1  0
 3  0      0 6317244 139196 22404448    0    0     0     4 1046  440 14  3 83  0  0
 2  0      0 6279940 139200 22432312    0    0     0 96996 2623 1159 15  5 79  1  0
 2  0      0 6217848 139200 22490568    0    0     0 65972 2549 1182 13  4 82  1  0
 2  0      0 6421712 139204 22288272    0    0     0 28956 1601  685 13  4 83  0  0
 2  0      0 6362516 139204 22346180    0    0     0 66052 1811  686 12  4 83  1  0
 2  1      0 6289956 139204 22420520    0    0     0 41112 1871  678 15  3 81  1  0
 2  0      0 6274116 139208 22443832    0    0     0 56304 2169  933 15  4 80  1  0
 2  0      0 6212136 139208 22506256    0    0     0 65980 2602 1171 13  5 81  1  0
 2  0      0 6154000 139208 22565196    0    0     0 65988 1818  793 12  3 83  1  0
 1  0      0 6451924 139208 22262656    0    0     0 32184 1575  744  9  3 88  0  0
 2  0      0 6403564 139208 22306016    0    0     0     0  981  469 10  2 87  0  0
 1  0      0 6448912 139220 22258360    0    0     0 31096 1378  654  7  2 90  1  0
 1  0      0 6427068 139220 22271924    0    0     0     0 1176  648  7  3 90  0  0
 1  0      0 6413208 139220 22284828    0    0     0     0  843  428  7  2 91  0  0
 1  0      0 6401588 139220 22297984    0    0     0     0  779  403  6  2 91  0  0
 7  0      0 6409400 139224 22317884    0    0     0 31008 1672  695 17  3 79  1  0
 5  1      0 6117672 139232 22599932    0    0     0 40292 2830  660 45 10 45  1  0
 2  0      0 6399568 139252 22316668    0    0     0 316792 7047 3443 17  6 67 10  1
 2  0      0 6338600 139256 22375924    0    0     0 66124 2088  736 12  4 83  1  0
procs -----------memory---------- ---swap-- -----io---- -system-- ------cpu-----
 r  b   swpd   free   buff  cache   si   so    bi    bo   in   cs us sy id wa st
 2  0      0 6271824 139256 22443020    0    0     0     0 1081  411 14  4 83  0  0
 2  0      0 6245432 139264 22471064    0    0     0 97036 3748 1655 16  6 77  1  0
 2  0      0 6411464 139264 22304988    0    0     0 62260 2228  881 12  4 83  1  0
 1  1      0 6342672 139264 22368060    0    0     0 51188 2237  963 13  6 80  1  0
 3  0      0 6282196 139264 22430624    0    0     0 14832 1381  617 13  3 83  0  0
 2  0      0 6221716 139268 22490548    0    0     0 65984 1961  707 12  4 83  1  0
 1  0      0 6423260 139280 22284572    0    0     0 69484 2089  986 11  3 84  1  0
 1  0      0 6409652 139280 22297896    0    0     0   132  822  439  7  2 91  0  0
 1  0      0 6397564 139280 22310968    0    0     0     0 1158  677  7  3 90  0  0
 2  0      0 6384212 139280 22323336    0    0     0     0  892  515  6  2 91  0  0
 2  0      0 6365312 139280 22346928    0    0     0     0  886  465  8  2 90  0  0
 1  0      0 6391760 139284 22319100    0    0     0 31064 1491  678  9  2 88  1  0
 1  0      0 6378908 139284 22332076    0    0     0     4  877  485  7  2 91  0  0
 3  0      0 6364392 139284 22345124    0    0     0     0 1052  619  8  3 89  0  0
 1  0      0 6347540 139284 22358148    0    0     0     0 1232  680  7  3 90  0  0
 2  0      0 6305960 139284 22400200    0    0     0     0  949  440 10  3 88  0  0
 7  0      0 6116024 139284 22590908    0    0     0 63776 3017  837 43  8 47  1  0
 2  0      0 6349740 139304 22357464    0    0     0 340640 8789 3808 26  8 53 13  1
 2  0      0 6286928 139304 22423228    0    0     0     0 1129  455 14  4 83  0  0
 2  0      0 6331760 139308 22369740    0    0     0 87088 2691 1230 12  5 82  1  0
 2  1      0 6237792 139308 22468484    0    0     0  3552 1233  419 16  5 79  0  0
procs -----------memory---------- ---swap-- -----io---- -system-- ------cpu-----
 r  b   swpd   free   buff  cache   si   so    bi    bo   in   cs us sy id wa st
 2  0      0 6239048 139320 22465604    0    0     0 93464 2453  973 12  4 82  1  0
 2  0      0 6180080 139320 22524832    0    0     0 65992 2030  831 13  3 83  1  0
 2  0      0 6119112 139324 22585848    0    0     0 65984 2143  821 13  4 83  1  0
 2  0      0 6049080 139324 22649912    0    0     0     0 1404  690 13  5 82  0  0
 2  1      0 5957424 139324 22738672    0    0     0 100960 2897 1368 17  5 77  2  0
 2  0      0 6277908 139340 22421384    0    0     0 72556 3156 2101 13  4 82  1  0
 2  0      0 6213396 139340 22485588    0    0     0     0 1158  533 13  4 83  0  0
 2  0      0 6153424 139340 22545756    0    0     0 65988 2087  782 12  4 83  1  0
 2  0      0 6082952 139340 22605204    0    0  1667 65984 3160 1862 13  5 81  1  0
 1  1      0 6050120 139344 22644384    0    0  1666 39204 2376 1546 17  4 78  1  0
 2  0      0 5989460 139344 22702728    0    0     0 101872 2580 1035 12  4 83  1  0
 1  0      0 6323412 139344 22364856    0    0     0    60  862  444  7  3 91  0  0
 1  0      0 6310076 139344 22377948    0    0     0     0  810  413  7  2 91  0  0
 2  0      0 6299516 139344 22390888    0    0     0     0 1047  656  7  3 90  0  0
 6  0      0 6271548 139348 22439244    0    0     0 31096 1838  659 20  5 75  1  0
 6  0      0 6011844 139348 22692008    0    0     0     0 2031  474 41  9 50  0  0
 2  0      0 6304608 139348 22401148    0    0     0 318804 7853 4236 10  4 62 23  1
 1  1      0 6234316 139348 22470260    0    0     0 19468 1269  498 13  3 83  0  0
 2  0      0 6170424 139352 22533204    0    0     0 46624 2081  912 13  4 82  1  0
 2  0      0 6135396 139352 22563328    0    0     0 96972 2673 1164 15  5 78  1  0
 2  0      0 6074836 139356 22622536    0    0     0 65984 1981  846 13  3 83  1  0
procs -----------memory---------- ---swap-- -----io---- -system-- ------cpu-----
 r  b   swpd   free   buff  cache   si   so    bi    bo   in   cs us sy id wa st
 2  0      0 6012856 139356 22687660    0    0     0     0 1105  469 14  4 83  0  0
 1  0      0 6294792 139368 22401968    0    0     0 62348 1731  776  7  2 89  1  0
 2  0      0 6269868 139368 22427720    0    0     0     0 1163  689  8  3 88  0  0
 1  0      0 6297084 139376 22398380    0    0     0 31060 1415  699  9  3 89  0  0
 1  0      0 6282224 139376 22411328    0    0     0     0  841  479  6  2 91  0  0
 1  0      0 6268868 139376 22425168    0    0     0     0  824  456  7  2 91  0  0
 1  0      0 6256288 139376 22438316    0    0     0   448  891  423  7  2 91  0  0
 1  0      0 6276156 139384 22421260    0    0     0 31016 1665  873 10  4 86  1  0
 1  0      0 6261072 139384 22434856    0    0     0     0  897  556  7  2 91  0  0
 1  0      0 6246960 139384 22448340    0    0     0     0  843  515  7  2 91  0  0
 2  0      0 6234612 139384 22461408    0    0     0     0  831  441  7  2 91  0  0
 1  0      0 6222888 139384 22474080    0    0     0     8  811  425  7  2 91  0  0
 8  0      0 6185972 139388 22522760    0    0     0 31032 1789  752 21  5 73  1  0
 6  0      0 5886992 139388 22812276    0    0     0 46204 3229  954 47 10 42  1  0
 2  0      0 6210592 139408 22489744    0    0     0 321956 8209 4008 13  5 65 16  1
 1  1      0 6148108 139408 22550684    0    0     0 46092 1742  629 13  4 83  1  0
 2  0      0 6085120 139408 22614616    0    0     0 19952 1380  554 13  4 83  0  0
 2  0      0 6058400 139408 22642528    0    0     0 96976 2741 1059 16  4 78  1  0
 2  0      0 5996432 139412 22701328    0    0     0 65988 2384 1045 12  5 81  1  0
 2  0      0 6202168 139416 22495816    0    0     0 28360 1626  728 13  4 83  1  0
 2  0      0 6142704 139420 22556548    0    0     0 66044 2117  825 12  4 83  1  0
procs -----------memory---------- ---swap-- -----io---- -system-- ------cpu-----
 r  b   swpd   free   buff  cache   si   so    bi    bo   in   cs us sy id wa st
 3  0      0 6074176 139420 22627632    0    0     0     4 1106  434 13  4 82  0  0
 2  0      0 6055796 139428 22653324    0    0     0 97036 2991 1195 15  5 79  1  0
 2  0      0 5996348 139432 22711864    0    0     0 65968 2353 1106 13  5 81  1  0
 1  0      0 6237584 139440 22463692    0    0     0 54824 2030  984 11  4 84  1  0
 1  0      0 6225040 139440 22476228    0    0     0     0 1123  804  7  2 91  0  0
 2  0      0 6198312 139440 22504340    0    0     0     8 1205  849  8  2 89  0  0
 1  0      0 6223780 139444 22472656    0    0     0 31100 1379  601  8  3 89  0  0
 1  0      0 6207640 139444 22485752    0    0     0     0 1152  743  7  3 90  0  0
 1  0      0 6194324 139444 22499096    0    0     0     0  871  462  6  2 91  0  0
 1  0      0 6181024 139444 22512072    0    0     0     0  852  491  6  2 91  0  0
 3  0      0 6180024 139444 22517204    0    0     0 31028 1514  731 10  3 86  1  0
 6  0      0 5924588 139444 22782076    0    0     0 30960 2626  682 45 10 44  1  0
 1  1      0 5813964 139444 22896656    0    0     0 329204 9123 4861 19  6 54 20  1
 1  0      0 6163932 139448 22545088    0    0     0 16020 1407  866  8  2 90  0  0
 1  0      0 6112788 139456 22591312    0    0     0 66108 1877  770  6  2 90  1  0
 1  0      0 6065416 139456 22639356    0    0     0 65980 1620  720  6  2 91  1  0
 0  1      0 6011264 139456 22694456    0    0     0 20560 1038  511  7  1 91  0  0
 1  0      0 5953184 139456 22746724    0    0     0 45560 1865 1252  7  3 90  1  0
 0  1      0 5902456 139456 22794528    0    0     0 90568 2090 1236  6  2 91  1  0
 1  0      0 6189640 139460 22507784    0    0     0  6980 1074  699  7  2 91  0  0
 1  0      0 6141260 139460 22555332    0    0     0 66044 1678  943  6  1 91  1  0
procs -----------memory---------- ---swap-- -----io---- -system-- ------cpu-----
 r  b   swpd   free   buff  cache   si   so    bi    bo   in   cs us sy id wa st
 1  0      0 6091616 139460 22605416    0    0     0 66408 1800  977  6  2 91  1  0
 0  1      0 6040460 139460 22656384    0    0     0 45048 1303  794  7  1 91  1  0
 1  0      0 5989304 139460 22707484    0    0     0 20936 1111  577  7  1 91  0  0
 1  0      0 5938156 139460 22756416    0    0     0 65980 2286 1068  8  3 88  1  0
 4  0      0 6170036 139460 22535308    0    0     0 48284 2009  721 19  4 76  1  0
 1  0      0 6051892 139464 22650284    0    0  1171 240100 5858 2691 16  5 73  6  1
17  0      0 5769716 139464 22914320    0    0  2162 15268 5226 3023 75 15 10  0  0
 1  3      0 5248160 139468 23421736    0    0     0 351296 9473 3413 74 16  2  8  0
 2  8      0 5162892 139480 23499652    0    0     0 562188 28384 16118  9  3 24 60  4
17  0      0 6089540 139504 22598136    0    0     0 128768 8376 3980 41  9 37 12  1
10  6      0 5491352 139504 23176704    0    0     0 123816 5084 1448 83 15  0  1  0
 0 11      0 5290356 139508 23369180    0    0     0 449024 16727 10325 28  6 12 52  2
 0  2      0 5291616 139528 23369180    0    0     0 429696 17841 11413  0  1 38 58  2
