procs -----------memory---------- ---swap-- -----io---- -system-- ------cpu-----
 r  b   swpd   free   buff  cache   si   so    bi    bo   in   cs us sy id wa st
 2  0      0 10601712 136256 18173324    0    0    24  2533  157   93 12  3 84  1  1
 3  0      0 10601208 136256 18173332    0    0     0    36  299  234  0  0 100  0  0
 1  0      0 10574780 136348 18187260    0    0     0   816 1377 1048  6  2 91  0  0
 1  0      0 10545556 136348 18200980    0    0     0     0  785  393  6  2 91  0  0
 1  0      0 10518844 136348 18213780    0    0     0     0  695  303  7  2 91  0  0
 1  0      0 10493140 136348 18226076    0    0     0     0  678  312  6  2 91  0  0
 4  0      0 10446520 136352 18256532    0    0     0  4320  903  359  8  3 89  0  0
 1  0      0 10528656 136364 18223516    0    0     0 30992 1435  606  8  3 88  1  0
 1  0      0 10496492 136364 18236548    0    0  2838     0 2424 2066  7  3 90  0  0
 1  0      0 10469784 136364 18249612    0    0   495     0 1040  698  7  2 91  0  0
 1  0      0 10443576 136364 18261904    0    0     0     0  682  287  7  2 91  0  0
 1  0      0 10454044 136368 18245964    0    0     0 30960 1172  505 10  3 87  1  0
 1  0      0 10440792 136368 18258896    0    0     0     0  727  313  6  2 91  0  0
 1  0      0 10427444 136368 18272076    0    0     0     0  717  303  6  2 91  0  0
 1  0      0 10413612 136368 18285144    0    0     0     0  751  322  6  2 91  0  0
 1  0      0 10400760 136368 18297788    0    0     0     0  743  286  7  2 91  0  0
 1  0      0 10411336 136380 18281368    0    0     0 30968 1360  548 10  3 86  1  0
 1  0      0 10397480 136380 18295100    0    0     0     0  806  374  7  2 91  0  0
 1  0      0 10384628 136380 18307792    0    0     0     0  776  304  7  2 91  0  0
 1  0      0 10372028 136380 18320560    0    0     0     0  751  299  7  2 91  0  0
 2  0      0 10350860 136384 18341256    0    0     0     0  825  335  7  2 90  0  0
procs -----------memory---------- ---swap-- -----io---- -system-- ------cpu-----
 r  b   swpd   free   buff  cache   si   so    bi    bo   in   cs us sy id wa st
 3  0      0 10333208 136400 18369204    0    0     0 30972 1602  603 17  5 78  1  0
 1  0      0 10378428 136404 18318208    0    0     0 114016 1783  928 14  5 79  2  0
 1  0      0 10364068 136404 18331696    0    0     0     0  720  297  7  2 91  0  0
 1  0      0 10352224 136404 18344276    0    0     0    52 1719 1263  7  2 91  0  0
 2  0      0 10316692 136408 18378932    0    0     0     0 1347  769  9  3 88  0  0
 1  0      0 10349940 136424 18340112    0    0     0 31000 1317  526  7  3 89  1  0
 1  0      0 10335328 136424 18353780    0    0     0     0  749  321  6  2 91  0  0
 1  0      0 10321976 136424 18366632    0    0     0     0  737  304  7  2 91  0  0
 1  0      0 10308620 136424 18379528    0    0     0     0  772  343  6  2 91  0  0
 2  0      0 10312112 136432 18378312    0    0     0 30964 1444  548 10  3 86  1  0
 1  0      0 10319444 136432 18375828    0    0     0     0  818  318  6  3 91  0  0
 1  0      0 10304832 136432 18389332    0    0     0     0  762  350  7  2 91  0  0
 1  0      0 10291480 136432 18402636    0    0     0     0  719  311  7  2 91  0  0
 1  0      0 10277620 136432 18415808    0    0     0     0  784  329  7  2 91  0  0
 1  0      0 10287184 136444 18398508    0    0     0 30964 1377  580 10  3 86  1  0
 1  0      0 10273076 136444 18412180    0    0     0     0  762  319  7  2 91  0  0
 1  0      0 10258964 136444 18425500    0    0     0   164  886  377  6  2 91  0  0
 1  0      0 10245360 136444 18438788    0    0     0     0  708  309  7  2 91  0  0
 2  0      0 10212604 136448 18471100    0    0     0     0  850  335  9  2 89  0  0
 5  0      0 10119600 136464 18561524    0    0     0 30984 2068  588 28  6 65  1  0
 1  1      0 9998440 136464 18676844    0    0     0 222496 3966 1702 21  5 66  8  0
procs -----------memory---------- ---swap-- -----io---- -system-- ------cpu-----
 r  b   swpd   free   buff  cache   si   so    bi    bo   in   cs us sy id wa st
 1  0      0 10228732 136476 18447720    0    0     0  1252 1026  521  7  3 91  0  0
 1  0      0 10215124 136476 18460524    0    0     0     0  752  331  7  2 91  0  0
 1  1      0 10171560 136480 18505676    0    0     0 29708 1147  454 10  3 86  1  0
 1  0      0 10228752 136488 18456788    0    0     0  1288  824  403  6  3 91  0  0
 1  0      0 10214388 136488 18470088    0    0     0     0  691  305  7  2 91  0  0
 1  0      0 10201032 136488 18483124    0    0     0     0  771  323  7  2 91  0  0
 1  0      0 10188936 136488 18495988    0    0     0     0  730  295  6  2 91  0  0
 1  0      0 10199756 136504 18479760    0    0     0 30964 1283  543 11  3 86  1  0
 1  0      0 10184644 136504 18493620    0    0     0     0  779  319  7  2 91  0  0
 1  0      0 10171292 136504 18506644    0    0     0     0  766  301  6  3 91  0  0
 1  0      0 10158188 136504 18520020    0    0     0     0  702  335  7  2 91  0  0
 2  0      0 10124672 136508 18553636    0    0     0     0  836  332  9  3 89  0  0
 1  0      0 10169012 136512 18517276    0    0     0 30972 1266  553  7  3 89  1  0
 1  0      0 10154652 136512 18530816    0    0     0     0  757  300  6  2 91  0  0
 1  0      0 10141800 136512 18543812    0    0     0     0  731  315  7  2 91  0  0
 1  0      0 10128444 136512 18557192    0    0     0     4  731  332  6  2 91  0  0
 7  0      0 10106000 136544 18582832    0    0     0 30972 1635  583 17  5 77  1  0
 6  0      0 9858348 136544 18822240    0    0     0 15592 2281  413 43  9 48  0  0
 1  0      0 10126384 136560 18548388    0    0     0 314192 5142 3124 16  5 57 21  1
 1  0      0 10112528 136560 18561260    0    0     0     0  749  351  7  2 91  0  0
 1  0      0 10099172 136560 18574308    0    0     0     0  756  340  7  2 91  0  0
procs -----------memory---------- ---swap-- -----io---- -system-- ------cpu-----
 r  b   swpd   free   buff  cache   si   so    bi    bo   in   cs us sy id wa st
 1  0      0 10115792 136572 18557024    0    0     0 30964 1321  531 10  3 86  1  0
 1  0      0 10100928 136572 18570632    0    0     0     0  774  328  6  2 91  0  0
 1  0      0 10087572 136572 18584052    0    0     0     0  763  328  7  2 91  0  0
 1  0      0 10074972 136572 18597084    0    0     0     0  740  321  6  2 91  0  0
 2  0      0 10044228 136576 18627816    0    0     0    20  817  345  8  2 89  0  0
 1  0      0 10076768 136584 18592848    0    0  1667 30976 2214 1517  8  3 89  1  0
 1  0      0 10063696 136584 18605892    0    0  1666     0 1500 1185  7  2 91  0  0
 1  0      0 10051100 136584 18618876    0    0     0     0  737  310  7  2 91  0  0
 1  0      0 10038248 136584 18631780    0    0     0     0  747  316  7  2 91  0  0
 1  1      0 9992388 136584 18677908    0    0     0 30864 1374  522 10  3 87  1  0
 1  0      0 10049328 136588 18628664    0    0     0   292  848  440  7  2 91  0  0
 1  0      0 10035972 136588 18642356    0    0     0     0  753  300  7  2 91  0  0
 1  0      0 10022364 136588 18655792    0    0     0     0  724  304  7  2 91  0  0
 1  0      0 10010268 136588 18668956    0    0     0     0  740  313  7  2 91  0  0
 4  0      0 9973212 136592 18703428    0    0     0 34196 1814  672 18  5 77  1  0
 4  0      0 9822024 136592 18853064    0    0     0 46688 1906  527 26  6 66  1  0
 1  0      0 10002048 136596 18675388    0    0     0 149188 3856 1779  8  3 84  4  1
 1  0      0 9974416 136600 18688188    0    0     0    96 1928 1331  7  5 88  0  0
 2  0      0 9946940 136600 18719804    0    0     0     0 1175  705  8  3 89  0  0
 1  0      0 9993164 136608 18685068    0    0     0 30992 1502  825  8  3 88  0  0
 1  0      0 9979556 136608 18698740    0    0     0     4  815  409  7  2 91  0  0
procs -----------memory---------- ---swap-- -----io---- -system-- ------cpu-----
 r  b   swpd   free   buff  cache   si   so    bi    bo   in   cs us sy id wa st
 1  0      0 9965948 136608 18712264    0    0     0     0  847  410  6  2 91  0  0
 1  0      0 9952340 136608 18725400    0    0     0     0  754  354  7  2 91  0  0
 1  0      0 9958884 136620 18707880    0    0     0 31000 1512  547 10  3 86  1  0
 1  0      0 9945276 136620 18721960    0    0     0     0  726  345  6  2 91  0  0
 1  0      0 9932928 136620 18735292    0    0     0     0  722  311  6  2 91  0  0
 2  0      0 9919072 136620 18748872    0    0     0     0  709  323  6  2 91  0  0
 2  0      0 9902444 136620 18768836    0    0     0     0  739  307  7  2 91  0  0
 1  0      0 9931412 136624 18746140    0    0     0 30984 1310  563  9  3 88  1  0
 1  0      0 9918056 136624 18759816    0    0     0     0  770  386  6  2 91  0  0
 1  0      0 9904448 136624 18773680    0    0     0     0  766  359  6  2 91  0  0
 1  0      0 9890588 136624 18786824    0    0     0     0  716  328  7  2 91  0  0
 1  1      0 9838940 136624 18832364    0    0     0 20440 1166  408 10  3 87  0  0
 5  1      0 9667944 136632 19007680    0    0     0 18736 2341  534 40  9 51  0  0
 1  0      0 9888488 136672 18788224    0    0     0 307008 5748 2818 20  6 65  9  0
 1  0      0 9875136 136672 18801012    0    0     0     8  765  332  7  2 91  0  0
 1  0      0 9862032 136672 18813892    0    0     0     0  762  326  6  2 91  0  0
 1  0      0 9889232 136680 18796892    0    0     0 30964 1389  531 11  2 86  1  0
 1  0      0 9875124 136680 18810552    0    0     0     0  765  342  7  2 91  0  0
 1  0      0 9861264 136680 18824108    0    0     0     0  773  365  7  2 91  0  0
 1  0      0 9848160 136680 18837324    0    0     0   376  797  327  6  2 91  0  0
 2  0      0 9826992 136680 18857744    0    0     0     0  784  329  8  2 90  0  0
procs -----------memory---------- ---swap-- -----io---- -system-- ------cpu-----
 r  b   swpd   free   buff  cache   si   so    bi    bo   in   cs us sy id wa st
 1  0      0 9842860 136684 18833868    0    0     0 31000 1326  571  9  3 88  1  0
 1  0      0 9829504 136684 18847120    0    0     0     0  750  326  6  2 91  0  0
 1  0      0 9815896 136684 18860620    0    0     0     0  721  306  6  2 91  0  0
 1  0      0 9802792 136684 18873680    0    0     0     0  723  290  6  2 91  0  0
 2  0      0 9758944 136684 18918376    0    0     0     0  871  352 10  3 87  0  0
 1  0      0 9814620 136696 18869824    0    0     0 30976 1313  533  6  2 90  1  0
 2  0      0 9801016 136696 18882888    0    0     0     0  677  296  6  2 91  0  0
 1  0      0 9787408 136696 18896192    0    0     0     0  720  303  7  2 91  0  0
 1  0      0 9774808 136696 18908960    0    0     0    16  731  339  7  2 91  0  0
 6  0      0 9755644 136700 18925052    0    0     0 31000 1558  588 16  3 80  1  0
 5  0      0 9508964 136700 19164792    0    0     0 40816 2486  617 40  8 51  1  0
 2  0      0 9744004 136716 18928560    0    0     0 258448 5418 2830 15  4 70 10  1
 1  1      0 9677224 136716 18990448    0    0     0 63392 1917  671 12  4 83  1  0
 2  1      0 9610948 136716 19058952    0    0     0 43600 1581  508 13  4 83  1  0
 1  0      0 9775196 136752 18908196    0    0     0 41616 1655  833  9  3 87  1  0
 1  0      0 9760332 136752 18922092    0    0     0     0  799  357  6  2 91  0  0
 1  0      0 9746472 136752 18935716    0    0     0     0  746  353  7  2 91  0  0
 1  0      0 9732864 136752 18949000    0    0     0     0  778  360  7  2 91  0  0
 2  0      0 9679696 136752 18993508    0    0     0     0  851  329 10  2 88  0  0
 1  0      0 9724288 136760 18945788    0    0     0 31032 1245  605  7  2 90  1  0
 1  0      0 9710428 136760 18959364    0    0     0     0  747  338  7  2 91  0  0
procs -----------memory---------- ---swap-- -----io---- -system-- ------cpu-----
 r  b   swpd   free   buff  cache   si   so    bi    bo   in   cs us sy id wa st
 1  0      0 9696820 136760 18972352    0    0     0     0  763  339  7  2 91  0  0
 1  0      0 9683716 136760 18985788    0    0     0     0  776  326  6  3 91  0  0
 1  0      0 9694788 136768 18968144    0    0   548 31040 2886 2033 12  3 84  1  0
 1  0      0 9675964 136772 18981964    0    0  2785    80 2524 2217  7  2 90  0  0
 1  0      0 9662164 136772 18995764    0    0     0     0  784  372  7  2 91  0  0
 1  0      0 9648056 136772 19009516    0    0     0     0  745  359  7  2 91  0  0
 2  0      0 9621344 136772 19035096    0    0     0     0  860  393  8  2 90  0  0
 6  0      0 9486892 136780 19175384    0    0     0 56976 2841  984 34  7 57  1  0
 1  4      0 9283832 136784 19375328    0    0     0 242132 6022 2270 33  7 50  9  1
 2  0      0 9594444 136796 19065884    0    0     0 80296 3422 1550 12  4 80  4  0
 2  0      0 9535756 136796 19125016    0    0     0 66112 1811  649 12  3 83  1  0
 3  0      0 9451884 136804 19211160    0    0     0 62664 2158  704 15  5 79  1  0
 2  0      0 9589536 136808 19079044    0    0     0 30980 1484  616 14  4 81  0  0
 2  0      0 9589152 136816 19077776    0    0     0 104156 2775 1051 12  4 83  2  0
 1  0      0 9630712 136816 19034708    0    0     0     0  766  320  6  3 91  0  0
 1  0      0 9618868 136816 19047456    0    0     0     0  802  350  6  2 91  0  0
 1  0      0 9629692 136824 19030212    0    0     0 31016 1316  680 10  3 87  1  0
 1  0      0 9615080 136824 19044092    0    0     0     0  781  318  6  3 91  0  0
 1  0      0 9600464 136824 19058096    0    0     0     0  755  353  7  2 91  0  0
 1  0      0 9586856 136824 19071796    0    0     0     0  724  324  6  2 91  0  0
 2  0      0 9565688 136824 19093796    0    0     0     0  769  326  8  2 90  0  0
procs -----------memory---------- ---swap-- -----io---- -system-- ------cpu-----
 r  b   swpd   free   buff  cache   si   so    bi    bo   in   cs us sy id wa st
 1  0      0 9596432 136824 19069004    0    0     0 30984 1268  625  9  2 88  1  0
 1  0      0 9583076 136824 19082888    0    0     0     0  743  296  6  3 91  0  0
 1  0      0 9570224 136824 19095936    0    0     0     0  700  305  6  2 91  0  0
 1  0      0 9557372 136824 19108796    0    0     0     0  763  321  6  2 91  0  0
 2  0      0 9507488 136824 19152892    0    0     0     0  858  314 10  3 87  0  0
 6  0      0 9331916 136844 19333908    0    0     0 84048 3216 1018 40  8 50  1  0
 2  0      0 9544888 136852 19122840    0    0     0 282300 6787 3033 24  6 62  7  1
 1  1      0 9475588 136852 19188972    0    0     0 45024 1674  548 13  3 83  1  0
 2  0      0 9543216 136856 19126132    0    0     0 64956 1808  621 12  4 83  1  0
 2  0      0 9513720 136860 19162072    0    0     0 31020 1683  632 17  4 78  0  0
 1  0      0 9564852 136864 19108464    0    0     0 93392 2344  824 11  4 83  1  0
 1  0      0 9551248 136864 19121884    0    0     0     0  722  302  7  2 91  0  0
 1  0      0 9537388 136864 19135488    0    0     0    12  737  326  7  2 91  0  0
 3  0      0 9519244 136864 19154560    0    0     0     0  701  261  7  2 91  0  0
 1  0      0 9533092 136868 19131756    0    0     0 31044 1453  586  9  3 88  1  0
 1  0      0 9518980 136868 19145772    0    0     0     0  724  311  6  2 91  0  0
 1  0      0 9505372 136868 19159444    0    0     0     0  686  288  7  2 91  0  0
 1  0      0 9491764 136868 19172796    0    0     0     0  708  310  6  2 91  0  0
 1  1      0 9445660 136868 19218752    0    0     0 16404  955  360 10  3 87  0  0
 1  0      0 9493528 136868 19169420    0    0     0 14616 1194  527  6  3 91  0  0
 1  0      0 9479668 136868 19183420    0    0     0     0  710  305  7  2 91  0  0
procs -----------memory---------- ---swap-- -----io---- -system-- ------cpu-----
 r  b   swpd   free   buff  cache   si   so    bi    bo   in   cs us sy id wa st
 1  0      0 9465820 136868 19196944    0    0     0     0  694  285  7  2 91  0  0
 1  0      0 9452716 136868 19210000    0    0     0     0  744  315  6  2 91  0  0
 7  0      0 9360760 136876 19305052    0    0     0 31352 2048  568 27  6 67  1  0
 1  5      0 9090640 136880 19565544    0    0     0 94728 3035  736 41  9 48  2  0
 2  0      0 9417140 136884 19235324    0    0     0 256712 6440 3926 10  5 68 16  1
 2  0      0 9357672 136888 19294400    0    0     0 66108 2224  896 12  4 83  1  0
 3  0      0 9289380 136888 19362380    0    0     0     0 1029  373 13  4 83  0  0
 2  0      0 9448192 136892 19199660    0    0     0 131168 3381 1262 15  4 78  2  0
 2  0      0 9385208 136892 19267560    0    0     0     0 1457  708 13  4 83  0  0
 3  0      0 9328820 136896 19324916    0    0     0 66028 1984  736 12  4 83  1  0
 2  0      0 9267356 136900 19386036    0    0     0 65980 2354  904 13  4 82  1  0
 3  0      0 9400948 136900 19253196    0    0     0 21464 1258  527  9  3 88  0  0
 1  0      0 9429156 136904 19222868    0    0     0 31040 1414  533  8  3 88  0  0
 1  0      0 9415048 136904 19236652    0    0     0     0  777  349  7  2 91  0  0
 1  0      0 9401692 136904 19249844    0    0     0     0  759  357  7  2 91  0  0
 1  0      0 9388340 136904 19263516    0    0     0     0  756  307  7  2 91  0  0
 1  0      0 9406216 136904 19246764    0    0     0 31004 1380  599 10  3 87  0  0
 1  0      0 9391352 136904 19260904    0    0     0     0  802  385  6  2 92  0  0
 1  0      0 9376736 136904 19275024    0    0     0     0  811  378  6  2 91  0  0
 1  0      0 9363632 136904 19288156    0    0     0     0  734  327  7  2 91  0  0
 2  0      0 9346248 136904 19306204    0    0     0     0  775  314  7  2 91  0  0
procs -----------memory---------- ---swap-- -----io---- -system-- ------cpu-----
 r  b   swpd   free   buff  cache   si   so    bi    bo   in   cs us sy id wa st
 6  0      0 9232232 136908 19422936    0    0  3333 44540 3890 2511 29  8 62  1  0
 1  3      0 9010520 136912 19641292    0    0     0 226848 5674 2018 35  7 50  7  1
 2  0      0 9310448 136920 19343516    0    0     0 96180 3319 1402 11  4 81  3  0
 2  0      0 9249720 136924 19404004    0    0     0 66084 1996  688 12  4 83  1  0
 3  0      0 9175900 136928 19479656    0    0     0 65992 2238  758 14  4 81  1  0
 2  0      0 9350852 136960 19303840    0    0     0 81204 2506  924 15  4 80  1  0
 2  0      0 9279288 136960 19373704    0    0     0     8  996  328 14  3 83  0  0
 2  0      0 9220880 136960 19432120    0    0     0 66028 2060  753 12  4 83  1  0
 1  0      0 9326236 136968 19322732    0    0     0 81036 2356  959 12  4 83  1  0
 2  0      0 9281588 136980 19365316    0    0     0   104  959  382 10  3 87  0  0
 1  0      0 9327972 136988 19318204    0    0     0 31008 1218  597  7  3 90  1  0
 1  0      0 9314616 136988 19332012    0    0     0   452  930  405  6  2 91  0  0
 1  0      0 9301512 136988 19344808    0    0     0     0  766  338  7  2 91  0  0
 1  0      0 9288156 136988 19358032    0    0     0     0  762  326  7  2 91  0  0
 1  0      0 9307796 136992 19341096    0    0     0 31220 1455  576 10  3 87  1  0
 1  0      0 9292932 136992 19354684    0    0     0     0  750  312  7  2 91  0  0
 1  0      0 9279832 136992 19367996    0    0     0     4  780  342  7  2 91  0  0
 1  0      0 9266476 136992 19381068    0    0     0    12  750  323  6  2 91  0  0
 2  0      0 9244048 136992 19404032    0    0     0     0  785  335  8  2 90  0  0
 6  0      0 9126436 137016 19531108    0    0     0 40120 2199  718 30  7 62  1  0
 1  3      0 8917704 137016 19729800    0    0     0 290540 6423 2800 31  9 50 10  0
procs -----------memory---------- ---swap-- -----io---- -system-- ------cpu-----
 r  b   swpd   free   buff  cache   si   so    bi    bo   in   cs us sy id wa st
 2  0      0 9204360 137016 19442840    0    0     0 32180 2008 1189 12  4 82  1  0
 2  0      0 9144412 137020 19502848    0    0     0 66072 2519 1099 12  4 83  1  0
 2  0      0 9068560 137032 19581752    0    0     0 70512 2174 1033 14  4 80  1  0
 1  0      0 9271620 137048 19382960    0    0     0 30968 1441  626  7  3 89  0  0
 1  0      0 9251740 137048 19396308    0    0     0     0 1159  627  7  3 90  0  0
 1  0      0 9237964 137048 19409740    0    0     0     0  796  343  6  2 91  0  0
 1  0      0 9224528 137048 19422892    0    0     0     0  802  341  7  2 91  0  0
 1  0      0 9242168 137048 19405824    0    0     0 31084 1498  694 10  3 87  1  0
 1  0      0 9227304 137048 19420024    0    0     0     0  806  335  6  2 91  0  0
 1  0      0 9213696 137048 19433928    0    0     0     0  775  336  6  2 91  0  0
 1  0      0 9201096 137048 19447068    0    0     0     0  748  322  7  2 91  0  0
 2  0      0 9184968 137048 19467656    0    0     0     4  782  349  8  2 90  0  0
 1  0      0 9206892 137048 19443704    0    0     0 31008 1411  649  9  3 87  1  0
 1  0      0 9193284 137048 19457440    0    0     0     0  743  316  7  2 91  0  0
 2  0      0 9179684 137048 19470932    0    0     0     0  768  311  7  2 91  0  0
 1  0      0 9166832 137048 19484092    0    0     0     0  750  343  7  2 91  0  0
 1  1      0 9120992 137048 19530452    0    0     0 30908 1207  459 10  3 87  1  0
 7  0      0 8897280 137060 19754636    0    0     0   100 2793  955 47 12 41  0  0
 2  0      0 9158928 137072 19493088    0    0     0 372652 7799 3533 24  5 59 11  1
 2  0      0 9089128 137072 19560708    0    0     0     0 1016  361 13  4 83  0  0
 2  0      0 9031420 137076 19619664    0    0     0 66092 1894  671 12  4 83  1  0
procs -----------memory---------- ---swap-- -----io---- -system-- ------cpu-----
 r  b   swpd   free   buff  cache   si   so    bi    bo   in   cs us sy id wa st
 2  0      0 9176772 137084 19472580    0    0     0 115204 2854 1187 15  5 78  2  0
 2  0      0 9110628 137084 19540968    0    0     0     0 1067  386 12  5 83  0  0
 2  0      0 9049644 137084 19602108    0    0     0 66028 1945  664 13  3 83  1  0
 2  0      0 8990184 137084 19660624    0    0     0 65980 1849  707 12  4 83  1  0
 1  1      0 8925948 137084 19723584    0    0     0 40960 1598  522 12  4 83  1  0
 1  0      0 9158976 137088 19487584    0    0     0 54136 1847  752 10  3 86  1  0
 1  0      0 9144140 137088 19501424    0    0     0     0  781  378  7  2 91  0  0
 1  0      0 9131288 137088 19514648    0    0     0     0  774  337  6  2 91  0  0
 1  0      0 9118436 137088 19527472    0    0     0     0  714  304  7  2 91  0  0
 2  0      0 9097020 137088 19550084    0    0     0     0  791  331  8  2 90  0  0
 1  0      0 9122708 137092 19523472    0    0     0 31008 1358  620  9  3 88  1  0
 1  0      0 9108600 137092 19536736    0    0     0     0  788  379  7  2 91  0  0
 1  0      0 9095244 137092 19549680    0    0     0     0  716  304  7  2 91  0  0
 1  0      0 9082392 137092 19562692    0    0     0     0  758  328  7  2 91  0  0
 2  0      0 9042324 137092 19603616    0    0     0     0  890  335  9  3 88  0  0
 6  0      0 8862972 137096 19798836    0    0     0 67336 3173  879 42  9 47  1  0
 2  0      0 9091832 137108 19567324    0    0     0 322348 7104 2950 24  6 61  8  1
 2  0      0 9022028 137108 19635852    0    0     0     0  995  328 13  4 83  0  0
 2  0      0 8948524 137108 19696148    0    0  3333 66092 3700 2577 13  4 82  1  0
 2  0      0 8922328 137108 19725720    0    0     0 96972 2707 1078 16  4 78  1  0
 2  0      0 9061760 137116 19586072    0    0     0 43308 1721  545 12  4 83  1  0
procs -----------memory---------- ---swap-- -----io---- -system-- ------cpu-----
 r  b   swpd   free   buff  cache   si   so    bi    bo   in   cs us sy id wa st
 2  0      0 9004556 137116 19644824    0    0     0 66024 1941  767 13  3 83  1  0
 2  0      0 8937776 137116 19709780    0    0     0     0  966  339 14  3 83  0  0
 2  0      0 8881604 137116 19766632    0    0     0 65984 1923  729 12  4 83  1  0
 1  0      0 9093228 137132 19554960    0    0     0 98252 2876 1111 14  4 79  2  0
 1  0      0 9078368 137132 19569028    0    0     0     0  787  339  7  2 91  0  0
 1  0      0 9063752 137132 19582488    0    0     0     8  733  350  7  2 91  0  0
 1  0      0 9050396 137132 19595932    0    0     0     0  727  296  6  2 91  0  0
 2  0      0 9031244 137132 19616292    0    0     0     0  770  325  8  2 90  0  0
 1  0      0 9061728 137140 19592568    0    0     0 31088 1314  572  9  3 88  0  0
 1  0      0 9048120 137140 19606072    0    0     0     0  738  343  6  3 91  0  0
 1  0      0 9034540 137140 19619720    0    0     0     4  805  353  7  2 91  0  0
 1  0      0 9020680 137140 19633108    0    0     0     0  712  301  7  2 91  0  0
 1  1      0 8969564 137140 19678756    0    0     0 15932 1102  398 10  3 87  0  0
 6  0      0 8796704 137148 19857388    0    0     0 23316 2486  651 41  8 50  0  0
 2  0      0 9019728 137172 19636164    0    0     0 323104 7058 3327 22  6 58 14  1
 2  0      0 8997604 137192 19658268    0    0     0 34744 1535  582 13  3 83  0  0
 1  1      0 8934100 137192 19719908    0    0     0 32668 1384  446 13  4 83  1  0
 3  0      0 9031448 137192 19631028    0    0     0 95964 2630 1046 16  4 78  1  0
 2  0      0 8964672 137192 19696700    0    0     0     0  989  331 13  4 83  0  0
 2  0      0 8906472 137192 19755760    0    0     0 66020 1942  617 12  4 83  1  0
 2  0      0 8845764 137192 19817084    0    0     0 66480 2111  758 12  4 83  1  0
procs -----------memory---------- ---swap-- -----io---- -system-- ------cpu-----
 r  b   swpd   free   buff  cache   si   so    bi    bo   in   cs us sy id wa st
 1  0      0 9009888 137192 19648176    0    0     0 40776 1568  667  9  3 88  1  0
 1  0      0 9020464 137196 19631440    0    0     0 31060 1405  554 10  3 86  1  0
 1  0      0 9005348 137196 19645192    0    0     0     0  741  322  6  3 91  0  0
 1  0      0 8991992 137196 19658492    0    0     0     0  738  331  7  2 91  0  0
 1  0      0 8978132 137196 19672260    0    0     0     0  717  361  7  2 91  0  0
 2  0      0 8945120 137196 19705188    0    0     0     0  817  336  9  3 89  0  0
 1  0      0 8987444 137196 19668904    0    0     0 31004 1372  625  8  3 89  0  0
 1  0      0 8973836 137196 19682712    0    0     0     0  724  323  7  2 91  0  0
 1  0      0 8959976 137196 19696224    0    0     0     0  776  355  6  2 91  0  0
 1  0      0 8939752 137196 19708828    0    0     0     4 1809 1264  8  5 88  0  0
 6  0      0 8938488 137204 19716076    0    0     0 31020 1580  658 14  3 81  1  0
 6  0      0 8677532 137204 19966864    0    0     0     0 2164  494 41 10 49  0  0
 2  0      0 8935396 137228 19715888    0    0     0 324208 7885 3407 16  5 65 13  1
 2  0      0 8868092 137228 19783192    0    0     0     0 1130  418 13  4 83  0  0
 2  0      0 8804376 137228 19843440    0    0     0 66004 2307 1018 13  5 81  1  0
 2  0      0 8783588 137236 19878244    0    0     0 96984 3099 1468 16  5 77  1  0
 1  0      0 8947636 137236 19707700    0    0     0 36048 1537  799  8  2 89  1  0
 1  0      0 8933988 137236 19721192    0    0     0     0 1088  776  7  2 91  0  0
 1  0      0 8920888 137236 19734204    0    0     0     0 1347  999  7  2 91  0  0
 2  0      0 8894180 137236 19753296    0    0     0     0 1225  844  8  3 89  0  0
 1  0      0 8916464 137236 19729648    0    0     0 31064 1395  680 10  3 87  0  0
procs -----------memory---------- ---swap-- -----io---- -system-- ------cpu-----
 r  b   swpd   free   buff  cache   si   so    bi    bo   in   cs us sy id wa st
 1  0      0 8903364 137236 19743144    0    0     0     0  846  448  7  2 91  0  0
 1  0      0 8889504 137236 19756360    0    0     0     0  810  437  7  2 91  0  0
 1  0      0 8875904 137236 19769336    0    0     0     0  831  434  7  2 91  0  0
 2  0      0 8897048 137236 19810716    0    0     0     0 1548  880 11  4 85  0  0
 2  0      0 8953144 137244 19765876    0    0     0 31020 1436  731  7  2 90  1  0
 1  0      0 8939792 137244 19779340    0    0     0     0  866  476  7  2 91  0  0
 1  0      0 8926940 137244 19792308    0    0     0     0  835  442  7  2 91  0  0
 1  0      0 8913584 137244 19805388    0    0     0     0  897  464  6  3 91  0  0
 7  0      0 8894200 137248 19835348    0    0     0 31000 2302  982 17  6 76  1  0
 6  0      0 8598200 137248 20123048    0    0     0 98128 4149 1347 46 10 41  3  0
 2  0      0 8898904 137260 19824552    0    0     0 274392 6448 3055 17  5 67 10  1
 2  0      0 8836668 137260 19885176    0    0     0 66108 1993  787 13  3 83  1  0
 3  0      0 8902532 137264 19822060    0    0     0 38124 1777  662 12  4 83  0  0
 1  1      0 8865996 137268 19860632    0    0     0 44376 2280  947 17  6 77  1  0
 2  0      0 8806532 137272 19920188    0    0     0 53116 2084  802 13  4 83  1  0
 3  0      0 8741628 137276 19982536    0    0  1719 65984 3116 2145 13  4 82  1  0
 2  0      0 8674668 137280 20044224    0    0  1614 65984 2609 1488 13  4 82  1  0
 2  0      0 8876840 137288 19837256    0    0     0 39440 1832  754 12  4 84  1  0
 1  0      0 8902644 137304 19803476    0    0     0 31072 1698  819  8  4 88  0  0
 1  0      0 8889468 137304 19817160    0    0     0    12 1028  570  7  2 91  0  0
 1  0      0 8875660 137304 19830900    0    0     0     0  904  480  6  2 91  0  0
procs -----------memory---------- ---swap-- -----io---- -system-- ------cpu-----
 r  b   swpd   free   buff  cache   si   so    bi    bo   in   cs us sy id wa st
 1  0      0 8862016 137304 19844268    0    0     0     0  808  396  6  2 91  0  0
 1  0      0 8878636 137308 19826972    0    0     0 31024 1545  669 10  3 86  1  0
 2  0      0 8864024 137308 19840984    0    0     0     0  920  493  7  2 91  0  0
 1  0      0 8850928 137308 19854744    0    0     0     0 1226  641  7  3 90  0  0
 3  0      0 8837828 137308 19867948    0    0     0     0  830  395  7  2 91  0  0
 2  0      0 8824220 137308 19883196    0    0     0     0  832  376  7  2 91  0  0
 7  0      0 8726308 137324 19991476    0    0     0 31012 2266  731 30  6 64  1  0
 1  3      0 8461200 137332 20248696    0    0     0 208600 4699 1765 42  8 45  5  0
 2  0      0 8800424 137348 19914916    0    0     0 155896 5001 2399 12  4 78  6  0
 2  0      0 8739944 137352 19974504    0    0     0 66096 2292  974 12  4 83  1  0
 2  1      0 8663596 137352 20050640    0    0     0 32768 1725  830 14  4 81  1  0
 2  0      0 8845248 137360 19876424    0    0     0 93724 2674 1120 14  4 80  1  0
 2  0      0 8775444 137360 19944284    0    0     0     0 1039  393 14  3 83  0  0
 3  0      0 8715476 137360 20004356    0    0     0 66048 2052  728 13  3 83  1  0
 2  0      0 8653508 137360 20065956    0    0     0 66000 2004  858 13  4 83  1  0
 2  1      0 8566868 137360 20150412    0    0     0 74176 2067  781 15  4 80  1  0
 1  0      0 8836768 137376 19872192    0    0     0 32144 1638  933  8  3 89  1  0
 1  0      0 8822568 137376 19886016    0    0     0     0  745  387  6  2 91  0  0
 1  0      0 8809468 137376 19899268    0    0     0     4  852  469  7  2 91  0  0
 1  0      0 8796868 137376 19912300    0    0     0     0  783  407  7  2 91  0  0
 1  0      0 8825580 137384 19894604    0    0     0 31080 1467  653 10  3 86  1  0
procs -----------memory---------- ---swap-- -----io---- -system-- ------cpu-----
 r  b   swpd   free   buff  cache   si   so    bi    bo   in   cs us sy id wa st
 2  0      0 8811476 137384 19908296    0    0     0     0  819  418  6  3 91  0  0
 1  0      0 8797616 137384 19922044    0    0     0     0  935  522  7  2 91  0  0
 1  0      0 8783508 137384 19935656    0    0     0     0  945  478  6  2 91  0  0
 2  0      0 8765112 137384 19955588    0    0     0     0  836  399  7  2 90  0  0
 7  0      0 8628100 137388 20089900    0    0     0 31028 2206  705 32  7 60  1  0
 1  4      0 8394800 137392 20317316    0    0     0 276084 5655 2289 36  9 48  7  0
 2  0      0 8721284 137408 19992388    0    0     0 86556 3175 1691 11  4 80  4  0
 2  0      0 8659060 137412 20053472    0    0     0 66116 2313  744 13  3 83  1  0
 3  0      0 8572876 137412 20141036    0    0     0 66464 2190  728 16  4 79  1  0
 2  0      0 8754628 137432 19966368    0    0     0 58464 2070  810 13  4 82  1  0
 2  0      0 8695916 137436 20026160    0    0     0 66024 2111  822 13  3 83  1  0
 2  0      0 8630912 137436 20089924    0    0     0     0 1070  393 13  4 83  0  0
 2  0      0 8575220 137436 20144768    0    0     0 65980 1745  755 12  4 83  1  0
 2  0      0 8536192 137444 20175160    0    0     0 96992 2548 1103 15  5 78  1  0
 1  1      0 8467144 137444 20241888    0    0     0 30668 1412  528 13  4 83  0  0
 1  0      0 8747188 137452 19955900    0    0     0 46832 1699  821  8  3 88  1  0
 1  0      0 8734840 137452 19968504    0    0     0     0  805  455  6  2 91  0  0
 1  0      0 8721736 137452 19981036    0    0     0     0  857  406  7  2 91  0  0
 1  0      0 8746672 137456 19963784    0    0     0 31088 1334  551 10  3 87  1  0
 1  0      0 8731304 137456 19977648    0    0     0     0  770  362  6  2 91  0  0
 1  0      0 8719208 137456 19991076    0    0     0     0  817  373  7  2 91  0  0
procs -----------memory---------- ---swap-- -----io---- -system-- ------cpu-----
 r  b   swpd   free   buff  cache   si   so    bi    bo   in   cs us sy id wa st
 1  0      0 8707132 137456 20003980    0    0     0     0  877  493  7  2 91  0  0
 2  0      0 8686984 137456 20024292    0    0     0     0  784  366  8  2 90  0  0
 7  0      0 8577648 137464 20144708    0    0     0 31040 2338  681 32  7 61  1  0
 5  4      0 8329488 137468 20385340    0    0     0 194860 4943 1629 39  8 46  7  0
 2  0      0 8662300 137484 20053784    0    0     0 169148 4631 2609 11  4 76  9  0
 2  0      0 8601316 137484 20114284    0    0     0 66108 1989  800 13  3 83  1  0
 3  0      0 8517904 137488 20197948    0    0     0 65992 2080  796 14  4 80  1  0
 2  0      0 8508856 137504 20213460    0    0     0 31036 1708  670 15  4 81  0  0
 2  0      0 8447624 137504 20275380    0    0     0 65972 1917  739 13  3 83  1  0
 2  0      0 8694892 137524 20027212    0    0     0 72804 2239 1026 12  3 83  1  0
 2  0      0 8622064 137524 20098556    0    0     0     0 1080  439 14  3 83  0  0
 2  0      0 8587524 137536 20125168    0    0     0 97056 2749  921 16  4 78  2  0
 2  0      0 8521544 137544 20184008    0    0  1667 65972 2969 1709 13  4 82  1  0
 1  1      0 8462600 137544 20243280    0    0  1666 48904 2236 1370 13  4 82  1  0
 1  0      0 8665156 137548 20035700    0    0     0 15228 1120  585  7  2 91  0  0
 1  0      0 8652304 137548 20048364    0    0     0     0  912  523  7  2 91  0  0
 1  0      0 8678272 137556 20031488    0    0     0 31068 1380  620 10  3 86  1  0
 1  0      0 8664164 137556 20045020    0    0     0   448  897  417  6  2 91  0  0
 1  0      0 8650052 137556 20058216    0    0     0     0  764  367  7  2 91  0  0
 1  0      0 8636456 137556 20071696    0    0     0     0  798  412  7  2 91  0  0
 2  0      0 8605460 137556 20102100    0    0     0     0  909  465  9  2 89  0  0
procs -----------memory---------- ---swap-- -----io---- -system-- ------cpu-----
 r  b   swpd   free   buff  cache   si   so    bi    bo   in   cs us sy id wa st
 8  0      0 8459592 137568 20257556    0    0     0 31012 2335  696 37  8 54  1  0
 2  4      0 8257776 137576 20451172    0    0     0 280588 5453 2479 32  7 47 13  1
 2  0      0 8593968 137596 20120212    0    0     0 90684 3517 1968 12  4 78  5  0
 2  0      0 8535504 137596 20179860    0    0     0 66100 1940  760 13  3 83  1  0
 2  1      0 8439256 137596 20274136    0    0     0 49004 1896  654 16  4 79  1  0
 2  0      0 8441760 137596 20280660    0    0     0 47988 1793  787 13  4 82  1  0
 2  0      0 8379796 137600 20341860    0    0     0 65972 2239  779 13  3 83  1  0
 2  0      0 8595316 137608 20129980    0    0     0 41180 1624  652 13  4 83  1  0
 2  0      0 8536096 137608 20187976    0    0     0 66024 2019  733 12  4 83  1  0
 2  0      0 8497032 137620 20219840    0    0     0 96968 2660  939 16  4 78  1  0
 2  0      0 8428744 137620 20288020    0    0     0     0  989  400 14  3 83  0  0
 2  0      0 8364256 137624 20352480    0    0     0 65976 2206  826 13  3 83  1  0
 1  0      0 8619580 137628 20092492    0    0     0 46752 1622  734  8  3 89  1  0
 2  0      0 8593880 137628 20118672    0    0     0     0  847  421  8  2 90  0  0
 1  0      0 8622092 137640 20089388    0    0     0 31076 1279  673  8  3 88  1  0
 1  0      0 8607228 137640 20103312    0    0     0     0  775  399  6  2 91  0  0
 1  0      0 8593368 137640 20117192    0    0     0     0  730  394  7  2 91  0  0
 1  0      0 8580264 137640 20130220    0    0     0    12  772  383  7  2 91  0  0
 7  0      0 8575712 137652 20141948    0    0     0 31020 1789  706 15  4 81  1  0
 6  0      0 8299608 137652 20411696    0    0     0 28844 2667  643 46  9 45  1  0
 2  0      0 8577580 137656 20136904    0    0     0 322836 9186 4294 18  5 56 20  1
procs -----------memory---------- ---swap-- -----io---- -system-- ------cpu-----
 r  b   swpd   free   buff  cache   si   so    bi    bo   in   cs us sy id wa st
 2  0      0 8511740 137656 20201852    0    0     0     0 1058  412 14  4 83  0  0
 2  0      0 8453528 137656 20259604    0    0     0 66072 2200  737 13  3 83  1  0
 2  0      0 8436628 137660 20284140    0    0     0 96984 2734 1247 15  4 78  2  0
 4  0      0 8370356 137660 20350036    0    0     0     0 1083  431 14  3 83  0  0
 2  0      0 8508444 137668 20208524    0    0     0 105756 2393 1123 12  4 83  2  0
 2  0      0 8523760 137668 20196736    0    0     0     0 1054  401 13  4 83  0  0
 3  0      0 8458744 137672 20264348    0    0     0 66044 2028  771 13  4 82  1  0
 2  0      0 8423196 137672 20292008    0    0     0 96992 2782 1134 16  4 79  1  0
 1  1      0 8358208 137672 20356540    0    0     0 40960 1398  555 12  4 83  1  0
 2  0      0 8298004 137672 20416332    0    0     0 25024 1390  661 12  4 83  1  0
 1  0      0 8560640 137684 20150084    0    0     0 75284 2038 1035 10  4 85  1  0
 2  0      0 8518812 137684 20191916    0    0     0   460 1033  445  9  3 88  0  0
 1  0      0 8570712 137696 20146420    0    0     0 31068 1398  643  7  2 90  0  0
 1  0      0 8556096 137696 20160256    0    0     0     0  813  445  7  2 91  0  0
 1  0      0 8541988 137696 20174248    0    0     0     0  806  403  7  2 91  0  0
 1  0      0 8527876 137696 20187492    0    0     0     0  781  408  7  2 91  0  0
 6  0      0 8452032 137700 20266624    0    0     0 44456 2146  741 25  6 69  1  0
 4  2      0 8190292 137700 20520560    0    0     0 95144 3513  973 40  9 50  2  0
 2  0      0 8497632 137704 20217040    0    0     0 227932 5175 2822 11  4 75 10  1
 2  0      0 8438160 137704 20275560    0    0     0 66104 1983  732 12  3 83  1  0
 3  0      0 8365840 137704 20349332    0    0     0     0 1051  400 14  4 82  0  0
procs -----------memory---------- ---swap-- -----io---- -system-- ------cpu-----
 r  b   swpd   free   buff  cache   si   so    bi    bo   in   cs us sy id wa st
 3  0      0 8539036 137716 20185020    0    0     0 120904 2776 1196 15  4 79  2  0
 1  1      0 8468224 137716 20253224    0    0     0 15360 1250  508 14  3 83  0  0
 2  0      0 8409260 137716 20313388    0    0     0 50668 1758  732 13  4 83  1  0
 2  0      0 8348540 137716 20373884    0    0     0 65976 2030  775 13  3 83  1  0
 3  0      0 8266676 137716 20453584    0    0     0 65980 2161  841 15  4 80  1  0
 2  0      0 8247008 137716 20467692    0    0     0 31004 1597  689 14  4 81  0  0
 2  0      0 8186816 137716 20527548    0    0     0 66008 2142  906 13  3 83  1  0
 1  0      0 8509676 137724 20198876    0    0     0 73112 2149 1027 11  4 83  1  0
 1  0      0 8496332 137724 20211888    0    0     0    52 2059 1548  8  3 89  0  0
 1  1      0 8449500 137724 20257072    0    0   548 12440 2009 1426 10  3 87  0  0
 1  0      0 8501960 137728 20208092    0    0  2785 18696 2842 2009  7  3 90  0  0
 1  0      0 8487096 137728 20221792    0    0     0     0  890  506  7  2 91  0  0
 1  0      0 8473488 137728 20234916    0    0     0     0  896  464  7  2 91  0  0
 1  0      0 8460648 137728 20247840    0    0     0     0  854  443  7  2 91  0  0
 7  0      0 8422836 137740 20296944    0    0     0 31004 1920  677 21  5 73  1  0
 3  3      0 8159568 137740 20553140    0    0     0 92996 3435  925 42  8 49  2  0
 2  0      0 8441748 137760 20273988    0    0     0 247332 6546 2950 14  5 72  8  1
 2  0      0 8380008 137760 20333520    0    0     0 66096 2030  756 12  3 83  1  0
 3  0      0 8312484 137760 20401316    0    0     0     0 1120  448 14  3 83  0  0
 2  0      0 8292316 137772 20429472    0    0     0 96992 2648 1164 16  5 78  1  0
 2  0      0 8474344 137776 20250196    0    0     0 72440 2251  971 12  4 83  1  0
procs -----------memory---------- ---swap-- -----io---- -system-- ------cpu-----
 r  b   swpd   free   buff  cache   si   so    bi    bo   in   cs us sy id wa st
 2  0      0 8409580 137776 20313664    0    0     0   488 1144  433 13  4 83  0  0
 2  0      0 8433136 137788 20289664    0    0     0 72888 2467  995 12  4 83  1  0
 3  0      0 8360320 137792 20362096    0    0     0 66016 2149  723 14  4 81  1  0
 1  1      0 8330096 137792 20385260    0    0     0 63536 1982  732 15  4 80  1  0
 2  0      0 8264084 137796 20450296    0    0     0 33440 1639  581 13  4 83  0  0
 2  0      0 8203616 137796 20509456    0    0     0 65980 1891  656 12  4 83  1  0
 2  0      0 8147936 137800 20565640    0    0     0 65980 1770  639 13  3 83  1  0
 2  0      0 8422776 137808 20291900    0    0     0 33660 1387  574 12  4 83  0  0
 2  0      0 8466236 137808 20248504    0    0     0 31064 1860  910  9  4 87  1  0
 2  0      0 8449912 137808 20261908    0    0     0     0 1222  793  7  2 91  0  0
 1  0      0 8436560 137808 20275208    0    0     0     8  926  523  7  2 91  0  0
 1  0      0 8423204 137808 20288480    0    0     0     0 1059  653  7  2 91  0  0
 6  0      0 8409328 137808 20307412    0    0     0 31016 1795  758 16  4 79  0  0
 6  1      0 8144056 137808 20562188    0    0     0 54816 2968  846 40  9 49  1  0
 2  0      0 8396236 137824 20311436    0    0     0 259020 6880 3336 15  6 68 11  1
 2  0      0 8335004 137824 20370304    0    0     0 66088 1873  692 13  3 83  1  0
 2  0      0 8269232 137824 20437048    0    0     0     0 1006  415 13  4 83  0  0
 2  0      0 8258256 137832 20464112    0    0     0 96988 2594 1118 15  5 78  2  0
 2  0      0 8198316 137832 20523000    0    0     0 65972 2114  842 13  3 83  1  0
 2  0      0 8126792 137832 20590796    0    0     0     0 1444  684 14  4 82  0  0
 2  0      0 8139136 137840 20575044    0    0     0 107424 2679 1197 12  4 83  2  0
procs -----------memory---------- ---swap-- -----io---- -system-- ------cpu-----
 r  b   swpd   free   buff  cache   si   so    bi    bo   in   cs us sy id wa st
 2  0      0 8382028 137848 20327980    0    0     0     4 1734 1029  8  4 87  0  0
 1  0      0 8400676 137852 20301940    0    0     0 31156 1591  805  9  3 87  1  0
 1  0      0 8387332 137852 20315320    0    0     0     0  990  554  7  3 91  0  0
 1  0      0 8369444 137852 20328552    0    0     0     0 1125  697  7  3 90  0  0
 1  0      0 8355584 137852 20341944    0    0     0     0  825  450  7  2 91  0  0
 2  0      0 8311736 137852 20385856    0    0     0     0  916  400 10  3 87  0  0
 1  0      0 8366412 137852 20338020    0    0     0 31004 1339  674  6  3 90  1  0
 1  0      0 8353308 137852 20351584    0    0     0     0  957  518  6  2 91  0  0
 1  0      0 8335672 137852 20365176    0    0     0     0 1209  666  7  3 90  0  0
 1  0      0 8322572 137852 20378536    0    0     0     0  930  515  7  2 91  0  0
 8  0      0 8241692 137856 20465268    0    0     0 31012 2174  694 25  6 68  1  0
 5  1      0 7957644 137860 20740856    0    0     0 166760 4078 1290 43 10 43  3  0
 2  0      0 8290484 137868 20411408    0    0     0 206020 5553 2576 13  4 76  7  1
 2  0      0 8226732 137868 20472588    0    0     0 66116 2398  997 13  4 82  1  0
 3  0      0 8151636 137868 20548240    0    0     0 20516 1400  513 15  3 81  0  0
 2  0      0 8140784 137872 20565996    0    0     0 77100 2343 1046 15  4 79  1  0
 2  0      0 8083836 137872 20622688    0    0     0 65968 2078  785 12  4 83  1  0
 2  0      0 8297708 137876 20407668    0    0     0 35064 1604  748 12  4 83  1  0
 2  0      0 8240504 137880 20464988    0    0     0 66040 1870  713 12  3 83  1  0
 3  0      0 8154324 137880 20549248    0    0     0     0 1159  443 16  4 81  0  0
 2  0      0 8137988 137884 20558912    0    0     0 97020 2549 1030 14  4 80  2  0
procs -----------memory---------- ---swap-- -----io---- -system-- ------cpu-----
 r  b   swpd   free   buff  cache   si   so    bi    bo   in   cs us sy id wa st
 2  0      0 8078016 137884 20619032    0    0     0 65996 2000  745 12  4 83  1  0
 1  0      0 8316844 137888 20380148    0    0     0 23332 1199  623  7  3 90  0  0
 1  0      0 8302736 137888 20393276    0    0     0     0  764  372  7  2 91  0  0
 1  1      0 8258160 137888 20439256    0    0     0 19464 1199  558 10  3 87  0  0
 1  0      0 8306812 137896 20389832    0    0     0 11612 1106  587  6  2 91  0  0
 1  0      0 8292964 137896 20403228    0    0     0     0  892  530  6  2 91  0  0
 1  0      0 8279104 137896 20416840    0    0     0     0  819  434  7  2 91  0  0
 1  0      0 8256796 137896 20430392    0    0  3333     0 2697 2310  7  2 91  0  0
 7  0      0 8186480 137896 20518480    0    0     0 31024 2006  744 26  6 68  1  0
 2  4      0 7908936 137900 20787668    0    0     0 167856 4284 1639 42  9 43  6  0
 2  0      0 8251448 137932 20453284    0    0     0 202884 4985 2872 12  4 71 12  0
 2  0      0 8192256 137940 20510896    0    0     0 66116 1915  716 13  3 83  1  0
 3  0      0 8103312 137940 20598864    0    0     0     0 1078  385 15  4 81  0  0
 2  0      0 8297804 137960 20413896    0    0     0 120220 2960 1374 12  4 80  3  1
 2  0      0 8231556 137960 20479552    0    0     0   120 1119  506 13  4 83  0  0
 2  0      0 8175396 137960 20537868    0    0     0 65944 1753  699 12  4 83  1  0
 2  0      0 8116684 137960 20596540    0    0     0 65984 2099  857 12  4 83  1  0
 3  0      0 8015948 137960 20686756    0    0     0     0 1669  898 16  5 78  0  0
 2  0      0 8134960 137972 20566076    0    0     0 131440 2965 1456 12  4 80  3  0
 1  0      0 8279348 137972 20420172    0    0     0     0  981  507  7  2 91  0  0
 1  0      0 8265748 137972 20433728    0    0     0     0  903  491  6  2 91  0  0
procs -----------memory---------- ---swap-- -----io---- -system-- ------cpu-----
 r  b   swpd   free   buff  cache   si   so    bi    bo   in   cs us sy id wa st
 1  0      0 8252644 137972 20447168    0    0     0     0  852  455  7  2 91  0  0
 1  0      0 8278104 137976 20430440    0    0     0 31072 1788 1015 11  4 85  1  0
 1  0      0 8263500 137976 20444412    0    0     0     0  811  412  7  2 91  0  0
 1  0      0 8250668 137976 20457788    0    0     0   484  901  443  6  2 91  0  0
 1  0      0 8236812 137976 20471464    0    0     0     0  805  427  7  2 91  0  0
 2  0      0 8211108 137976 20497696    0    0     0     0  903  480  8  2 90  0  0
 7  0      0 8044364 137980 20659548    0    0     0 31020 2707  987 36  9 55  1  0
 2  2      0 7840300 137984 20855756    0    0     0 314244 7913 3247 31  7 48 13  1
 1  0      0 8210444 138004 20503436    0    0     0 71584 2382 1452  9  3 86  2  0
 1  0      0 8161808 138012 20552156    0    0     0 66084 2008  902  7  1 91  1  0
 1  0      0 8114944 138012 20598740    0    0     0 65980 1817  813  6  1 91  1  0
 1  0      0 8054720 138012 20653204    0    0     0     0 1106  611  7  3 90  0  0
 1  0      0 8285372 138016 20425396    0    0     0 92736 2211  928  6  2 91  2  0
 1  0      0 8231192 138016 20479016    0    0     0     0  731  328  7  2 91  0  0
 1  0      0 8184068 138024 20526028    0    0     0 66032 1743  724  6  1 91  1  0
 1  0      0 8135684 138024 20574368    0    0     0 65976 1958  923  6  1 91  1  0
 1  0      0 8087300 138028 20622524    0    0     0 65972 2430 1336  6  2 91  1  0
 1  0      0 8030348 138028 20679084    0    0     0     0 1407  948  7  1 91  0  0
 5  0      0 8301060 138040 20410712    0    0     0 91536 3178 1555  9  3 87  1  0
 3  1      0 8089208 138040 20617976    0    0     0 16400 2252  867 28  6 65  0  0
17  0      0 8038364 138052 20661660    0    0     0 239476 7525 3287 48  9 36  6  1
procs -----------memory---------- ---swap-- -----io---- -system-- ------cpu-----
 r  b   swpd   free   buff  cache   si   so    bi    bo   in   cs us sy id wa st
15  0      0 7471956 138056 21209680    0    0     0 90864 4867 1262 81 17  1  1  0
 0 13      0 7260096 138056 21418680    0    0     0 607792 26072 14663 29  7  7 54  3
17  0      0 8367580 138072 20340292    0    0     0 316556 17518 10442  8  4 53 33  2
18  0      0 7783740 138072 20910956    0    0     0     0 3218  699 85 15  0  0  0
 0 13      0 7340304 138076 21330264    0    0     0 543028 16189 7337 59 12  4 24  1
 1  0      0 8146228 138096 20542136    0    0     0 465976 23850 14057  0  2 43 51  3
