procs -----------memory---------- ---swap-- -----io---- -system-- ------cpu-----
 r  b   swpd   free   buff  cache   si   so    bi    bo   in   cs us sy id wa st
 1  0      0 12642076 134476 16127184    0    0    26  2433  161   98 12  3 84  1  1
 3  0      0 12641600 134476 16127200    0    0     0     0  335  253  0  0 100  0  0
 1  0      0 12612652 134504 16140960    0    0     0   828 1495 1170  6  3 91  0  0
 1  0      0 12584680 134504 16154116    0    0     0     0  934  526  7  2 91  0  0
 1  0      0 12557968 134504 16167228    0    0     0     0  749  365  7  2 91  0  0
 1  0      0 12530528 134504 16180188    0    0     0     0  692  330  6  2 91  0  0
 3  0      0 12484916 134504 16213108    0    0     0     0  798  309  8  3 89  0  0
 1  0      0 12567332 134512 16177368    0    0     0 39356 1962  951  8  3 88  1  0
 1  0      0 12540656 134512 16190292    0    0     0     0  938  511  7  2 91  0  0
 1  0      0 12515204 134512 16202708    0    0     0     0  711  284  7  2 91  0  0
 1  0      0 12489752 134512 16215212    0    0     0     0  725  318  6  3 91  0  0
 1  1      0 12433584 134512 16260744    0    0     0 29696 1321  419 10  3 87  1  0
 1  0      0 12486000 134516 16212180    0    0     0  1252  857  412  6  2 91  0  0
 1  0      0 12472904 134516 16225300    0    0     0     0  760  316  7  2 91  0  0
 1  0      0 12460556 134516 16238000    0    0     0     0  701  294  7  2 91  0  0
 1  0      0 12448208 134516 16251008    0    0     0     0  718  297  7  2 91  0  0
 1  0      0 12459048 134520 16234760    0    0     0 30964 1388  563 10  3 86  1  0
 1  0      0 12444688 134520 16248376    0    0     0     0  763  307  6  2 91  0  0
 1  0      0 12430828 134520 16261476    0    0     0     0  768  333  6  2 92  0  0
 1  0      0 12417516 134520 16274368    0    0     0     0  775  291  6  2 91  0  0
 2  0      0 12393032 134520 16300124    0    0     0     0  857  389  8  2 89  0  0
procs -----------memory---------- ---swap-- -----io---- -system-- ------cpu-----
 r  b   swpd   free   buff  cache   si   so    bi    bo   in   cs us sy id wa st
 3  0      0 12360760 134528 16330508    0    0     0 30976 1605  523 17  4 78  1  0
 1  0      0 12414028 134536 16272436    0    0     0 114016 2145  948 13  5 81  2  0
 1  0      0 12401936 134536 16285364    0    0     0     0  747  299  7  2 91  0  0
 1  0      0 12389588 134536 16297772    0    0     0     0  731  323  7  2 91  0  0
 2  0      0 12355820 134536 16332900    0    0     0     0  841  332  9  3 89  0  0
 1  0      0 12402176 134536 16293744    0    0     0 30980 1277  523  7  3 90  1  0
 1  0      0 12388580 134536 16307388    0    0     0     0  734  309  7  2 91  0  0
 1  0      0 12375480 134536 16320404    0    0     0     0  736  345  7  2 91  0  0
 1  0      0 12363132 134536 16333232    0    0     0     0  735  296  6  2 91  0  0
 1  0      0 12373952 134540 16315876    0    0     0 30960 1531  582 10  3 87  1  0
 1  0      0 12359592 134540 16329836    0    0     0     0  719  267  6  2 91  0  0
 1  0      0 12346744 134540 16343300    0    0     0     0  822  387  7  2 91  0  0
 1  0      0 12333892 134540 16356404    0    0     0     0  719  312  6  2 91  0  0
 1  0      0 12321548 134540 16368784    0    0     0     0  736  304  6  2 91  0  0
 1  0      0 12345984 134560 16351628    0    0     0 30972 1504  604 10  3 86  1  0
 1  0      0 12332128 134560 16365092    0    0     0     0  738  319  6  2 91  0  0
 1  0      0 12318772 134560 16378460    0    0     0   116  739  280  7  2 91  0  0
 1  0      0 12306424 134560 16391480    0    0     0     0  769  325  7  2 91  0  0
 2  0      0 12279240 134560 16416764    0    0     0     0  802  319  8  2 90  0  0
 5  0      0 12184316 134568 16510480    0    0  1667 30972 2796 1541 27  6 66  1  0
 1  1      0 12057356 134568 16629616    0    0  1666 202064 4716 2544 23  6 65  6  1
procs -----------memory---------- ---swap-- -----io---- -system-- ------cpu-----
 r  b   swpd   free   buff  cache   si   so    bi    bo   in   cs us sy id wa st
 1  0      0 12287364 134572 16400148    0    0     0 21688 1385  614  6  3 90  0  0
 1  0      0 12273764 134572 16412936    0    0     0    32  750  313  7  2 91  0  0
 1  1      0 12229916 134572 16458036    0    0     0  9216 1012  381  9  3 88  0  0
 1  0      0 12286168 134580 16410056    0    0     0 21780 1300  516  6  3 91  0  0
 1  0      0 12273028 134580 16422884    0    0     0     0  737  310  7  2 91  0  0
 1  0      0 12259672 134580 16436124    0    0     0     0  734  278  7  2 91  0  0
 1  0      0 12246316 134580 16449504    0    0     0     0  792  347  6  2 91  0  0
 1  0      0 12255372 134580 16432548    0    0     0 30964 1414  542 10  3 87  1  0
 1  0      0 12240768 134580 16446092    0    0     0     0  761  337  7  2 91  0  0
 1  0      0 12228460 134580 16459120    0    0     0     0  736  311  7  2 91  0  0
 1  0      0 12215356 134580 16471892    0    0     0     0  773  342  7  2 91  0  0
 2  0      0 12191124 134580 16496588    0    0     0     0  819  339  7  3 90  0  0
 1  0      0 12226392 134584 16468964    0    0     0 30964 1365  522  9  3 88  1  0
 1  0      0 12212036 134584 16482572    0    0     0     0  771  332  7  2 91  0  0
 1  0      0 12199184 134584 16495552    0    0     0     0  746  321  6  2 91  0  0
 1  0      0 12185584 134584 16508824    0    0     0     0  695  281  7  2 91  0  0
 2  0      0 12133672 134584 16553484    0    0     0 16384 1157  418 10  2 87  0  0
 6  0      0 11965884 134596 16727916    0    0     0 30112 2840  773 43  8 48  1  0
 2  0      0 12131800 134612 16557356    0    0     0 314140 7186 3549 22  6 54 16  1
 1  0      0 12174948 134616 16510980    0    0     0    84  789  313  6  2 91  0  0
 1  0      0 12161344 134616 16523848    0    0     0     0  721  308  6  2 91  0  0
procs -----------memory---------- ---swap-- -----io---- -system-- ------cpu-----
 r  b   swpd   free   buff  cache   si   so    bi    bo   in   cs us sy id wa st
 1  0      0 12186908 134616 16506796    0    0     0 30956 1476  525  9  3 87  1  0
 1  0      0 12172716 134616 16520504    0    0     0     0  763  327  6  2 91  0  0
 1  0      0 12159824 134616 16533192    0    0     0     0  733  314  6  2 91  0  0
 1  0      0 12146724 134616 16546216    0    0     0     0  704  288  7  2 91  0  0
 1  0      0 12132616 134616 16559328    0    0     0     0  690  286  7  2 91  0  0
 1  0      0 12142432 134616 16541724    0    0     0 30956 1402  532  9  3 86  1  0
 1  0      0 12128576 134616 16554980    0    0     0     0  686  279  6  3 91  0  0
 1  0      0 12115264 134616 16568380    0    0     0     0  711  315  7  2 91  0  0
 1  0      0 12103040 134616 16581384    0    0     0     0  711  283  7  2 91  0  0
 2  0      0 12076420 134616 16608720    0    0     0     0  786  330  8  2 89  0  0
 1  0      0 12114204 134620 16577620    0    0     0 31168 1356  526  9  2 88  1  0
 1  0      0 12100608 134620 16591104    0    0     0     0  727  293  7  2 91  0  0
 1  0      0 12087504 134620 16604020    0    0     0     0  700  310  7  2 91  0  0
 1  0      0 12074908 134620 16616876    0    0     0     0  772  342  7  2 91  0  0
 1  1      0 12021988 134620 16662584    0    0     0 20460 1125  420 10  3 87  0  0
 4  0      0 11935316 134628 16750704    0    0     0 13704 1842  547 27  6 66  0  0
 1  0      0 12063148 134636 16622824    0    0     0 195956 3324 1575 16  4 77  2  0
 1  0      0 12049796 134636 16635608    0    0     0     0  742  366  7  2 91  0  0
 1  0      0 12037448 134636 16648184    0    0     0     0  700  300  7  2 91  0  0
 1  0      0 12064648 134644 16630676    0    0     0 30992 1399  560 10  3 87  1  0
 1  0      0 12051548 134644 16643932    0    0     0     4  689  300  6  3 91  0  0
procs -----------memory---------- ---swap-- -----io---- -system-- ------cpu-----
 r  b   swpd   free   buff  cache   si   so    bi    bo   in   cs us sy id wa st
 1  0      0 12038448 134644 16657036    0    0     0     0  725  332  7  2 91  0  0
 1  0      0 12025100 134644 16670308    0    0     0     0  668  312  7  2 91  0  0
 1  0      0 12012752 134644 16683332    0    0     0     0  690  316  6  2 91  0  0
 1  0      0 12022320 134648 16666728    0    0     0 30972 1391  548  9  3 87  1  0
 1  0      0 12009216 134648 16680176    0    0     0     0  733  329  6  2 91  0  0
 1  0      0 11995612 134648 16693740    0    0     0     0  698  312  7  2 91  0  0
 2  0      0 11982760 134648 16706908    0    0     0     0  672  306  6  2 91  0  0
 2  0      0 11945716 134648 16744684    0    0     0     0  764  274  9  3 88  0  0
 1  0      0 11994088 134656 16703020    0    0     0 30980 1226  535  7  3 90  1  0
 1  0      0 11981488 134656 16716312    0    0     0     0  741  316  7  2 91  0  0
 1  0      0 11968384 134656 16729596    0    0     0     0  759  307  7  2 91  0  0
 1  0      0 11955284 134656 16743124    0    0     0     0  729  312  7  2 91  0  0
 6  0      0 11939656 134672 16760080    0    0     0 30968 1693  614 16  3 80  1  0
 4  2      0 11679904 134672 17014032    0    0     0 103212 2890  802 39  9 50  2  0
 1  0      0 11944416 134688 16744472    0    0     0 211976 4875 2114 12  4 78  5  1
 1  0      0 11931564 134688 16757288    0    0     0     0  711  297  7  2 91  0  0
 1  0      0 11917732 134688 16770468    0    0   676     0 1205  870  7  2 91  0  0
 1  0      0 11937700 134688 16753472    0    0  2657 30956 2813 1763 10  3 86  1  0
 1  0      0 11923604 134688 16767052    0    0     0     0  722  305  6  2 91  0  0
 1  0      0 11909996 134688 16780676    0    0     0     0  736  297  6  2 91  0  0
 1  0      0 11896640 134688 16793936    0    0     0     8  714  320  6  2 91  0  0
procs -----------memory---------- ---swap-- -----io---- -system-- ------cpu-----
 r  b   swpd   free   buff  cache   si   so    bi    bo   in   cs us sy id wa st
 2  0      0 11855312 134688 16831056    0    0     0     0  874  363  9  3 88  0  0
 1  0      0 11892348 134700 16790168    0    0     0 30984 1275  519  8  2 90  1  0
 1  0      0 11878740 134700 16803692    0    0     0     0  717  309  6  2 91  0  0
 1  0      0 11865388 134700 16816808    0    0     0     0  802  342  6  2 91  0  0
 1  0      0 11852536 134700 16829756    0    0     0   332  753  308  7  2 91  0  0
 1  0      0 11878728 134708 16811828    0    0     0 30984 1439  569 10  3 87  1  0
 1  0      0 11864116 134708 16825492    0    0     0     0  708  301  7  2 91  0  0
 2  0      0 11851268 134708 16838516    0    0     0     0  738  317  7  2 91  0  0
 1  0      0 11838416 134708 16851356    0    0     0     0  668  259  7  2 91  0  0
 1  0      0 11824808 134708 16864508    0    0     0     8  715  290  6  2 91  0  0
 6  0      0 11774896 134708 16919228    0    0     0 30972 1789  604 21  5 73  1  0
 3  2      0 11537316 134712 17149824    0    0     0 62780 2591  668 38  8 52  1  0
 2  0      0 11796160 134724 16893500    0    0     0 236368 4554 2495 12  4 76  7  1
 2  0      0 11736184 134736 16953664    0    0     0 66068 1266  625 12  4 83  1  0
 2  0      0 11809984 134744 16878996    0    0     0 51680 1471  792 12  3 84  1  0
 1  0      0 11834792 134744 16861796    0    0     0 30996 1456  506 10  3 87  1  0
 1  0      0 11820560 134744 16874940    0    0     0     0  770  329  6  2 91  0  0
 1  0      0 11807204 134744 16887940    0    0     0     0  736  312  7  2 91  0  0
 1  0      0 11794604 134744 16900828    0    0     0     0  786  317  7  2 91  0  0
 2  0      0 11761600 134744 16931672    0    0     0     4  836  342  8  3 89  0  0
 1  0      0 11792336 134748 16896032    0    0     0 30972 1289  525  8  2 89  0  0
procs -----------memory---------- ---swap-- -----io---- -system-- ------cpu-----
 r  b   swpd   free   buff  cache   si   so    bi    bo   in   cs us sy id wa st
 2  0      0 11778504 134748 16909648    0    0     0     0  708  299  7  2 91  0  0
 1  0      0 11765152 134748 16922780    0    0     0     0  723  310  6  2 91  0  0
 1  0      0 11752300 134748 16935748    0    0     0     0  736  323  7  2 91  0  0
 2  0      0 11735520 134756 16953452    0    0     0 30968 1379  588 10  3 87  1  0
 1  0      0 11763380 134756 16931684    0    0     0     0  789  345  6  3 91  0  0
 1  0      0 11750528 134756 16944816    0    0     0     0  727  301  7  2 91  0  0
 1  0      0 11736920 134756 16958240    0    0     0     0  794  334  7  2 91  0  0
 1  0      0 11723060 134756 16971576    0    0     0     0  717  298  7  2 91  0  0
 7  0      0 11657816 134760 17038688    0    0     0 30992 1918  613 23  5 72  0  0
 5  1      0 11374136 134760 17313640    0    0     0 91592 3474  883 42  9 48  1  0
 2  0      0 11692056 134760 16999476    0    0     0 257020 5902 3120 11  4 73 12  1
 2  0      0 11630064 134764 17061216    0    0     0 66056 1235  675 13  3 83  1  0
 2  1      0 11557488 134764 17134372    0    0     0 24492 1105  463 14  3 82  0  0
 2  0      0 11687716 134780 17016288    0    0     0 69248 1911  845 16  4 79  1  0
 2  0      0 11626228 134784 17078284    0    0     0 66064 1267  675 12  4 83  1  0
 1  0      0 11716292 134792 16984472    0    0     0 37904  990  553  7  3 90  1  0
 1  0      0 11702436 134792 16997508    0    0     0     0  720  298  7  2 91  0  0
 2  0      0 11656320 134792 17035612    0    0     0     0  867  320  9  3 88  0  0
 1  0      0 11694108 134796 16993908    0    0     0 30996 1289  599  7  3 90  1  0
 1  0      0 11680500 134796 17007176    0    0     0   356  808  332  6  2 91  0  0
 1  0      0 11666388 134796 17020736    0    0     0     0  744  297  6  2 91  0  0
procs -----------memory---------- ---swap-- -----io---- -system-- ------cpu-----
 r  b   swpd   free   buff  cache   si   so    bi    bo   in   cs us sy id wa st
 1  0      0 11653284 134796 17033704    0    0     0     0  762  323  7  2 91  0  0
 1  0      0 11679224 134812 17016104    0    0     0 30988 1519  599 10  3 87  0  0
 1  0      0 11664108 134812 17029824    0    0     0     0  715  273  7  2 91  0  0
 1  0      0 11651256 134812 17042744    0    0     0     4  732  321  7  2 91  0  0
 1  0      0 11636644 134812 17056044    0    0     0     0  752  314  6  3 91  0  0
 2  0      0 11623540 134812 17069280    0    0     0     0  740  325  7  2 91  0  0
 6  0      0 11528536 134828 17166268    0    0     0 43848 2210  964 26  7 66  1  0
 2  4      0 11288680 134832 17403708    0    0     0 275284 5569 1962 36  9 50  4  1
 2  0      0 11578760 134840 17113668    0    0     0 47480 2290 1381 13  4 81  2  0
 2  0      0 11525840 134844 17166544    0    0     0 66084 1208  644 13  3 83  1  0
 3  0      0 11580996 134852 17113088    0    0     0 43364 1249  568 13  4 82  1  0
 2  0      0 11559316 134856 17141264    0    0     0 96940 1973  854 15  4 79  1  0
 1  0      0 11629852 134868 17066452    0    0     0 27276 1082  546  9  3 88  0  0
 1  0      0 11616244 134872 17079916    0    0     0   108  809  374  6  2 91  0  0
 1  0      0 11594684 134872 17092756    0    0  3333     0 2405 2030  7  2 90  0  0
 4  0      0 11556380 134872 17129008    0    0     0     0  791  287  9  2 88  0  0
 1  0      0 11591644 134876 17088740    0    0     0 30968 1403  607  7  2 89  1  0
 1  0      0 11577536 134876 17102028    0    0     0     0  792  327  6  2 91  0  0
 1  0      0 11563928 134876 17115356    0    0     0     4  781  327  6  2 91  0  0
 1  0      0 11550824 134876 17128080    0    0     0     0  747  304  7  2 91  0  0
 1  0      0 11575760 134884 17110600    0    0     0 30984 1342  611 10  3 87  1  0
procs -----------memory---------- ---swap-- -----io---- -system-- ------cpu-----
 r  b   swpd   free   buff  cache   si   so    bi    bo   in   cs us sy id wa st
 1  0      0 11561652 134884 17124124    0    0     0     0  732  298  6  2 91  0  0
 1  0      0 11548300 134884 17137752    0    0     0     0  744  295  6  2 91  0  0
 1  0      0 11534452 134884 17150888    0    0     0    16  739  316  7  2 91  0  0
 1  0      0 11521600 134884 17163976    0    0     0     0  768  328  6  2 91  0  0
 7  0      0 11450296 134896 17236912    0    0     0 30984 1955  624 25  5 69  1  0
 6  0      0 11179720 134896 17499632    0    0     0 44948 2687  635 43  9 47  1  0
 2  0      0 11500728 134904 17184880    0    0     0 306276 6720 3709 12  4 68 16  1
 2  0      0 11439996 134908 17245584    0    0     0 66064 1221  713 12  3 83  1  0
 3  0      0 11370696 134908 17314364    0    0     0     8 1048  358 14  3 83  0  0
 1  1      0 11353552 134916 17340060    0    0     0 131240 2141 1211 15  4 79  2  0
 2  0      0 11474588 134924 17217704    0    0     0   112 1055  394 13  4 83  0  0
 2  0      0 11417172 134928 17276316    0    0     0 66032 1576  930 15  3 81  1  0
 3  0      0 11354928 134932 17338904    0    0     0 65976 1241  738 12  4 83  1  0
 2  0      0 11484536 134940 17206968    0    0     0 21728  976  506  9  3 88  0  0
 1  0      0 11507964 134956 17176332    0    0     0 31048 1351  539  8  3 89  1  0
 1  0      0 11494104 134956 17189880    0    0     0     0  749  316  6  2 91  0  0
 1  0      0 11480496 134956 17203460    0    0     0     0  733  298  7  2 91  0  0
 2  0      0 11467644 134956 17216440    0    0     0     0  717  318  6  2 91  0  0
 1  0      0 11493332 134964 17199160    0    0     0 31020 1480  589 10  3 87  0  0
 1  0      0 11478972 134964 17212760    0    0     0     0  732  329  7  2 91  0  0
 1  0      0 11465364 134964 17226156    0    0     0     0  746  313  7  2 91  0  0
procs -----------memory---------- ---swap-- -----io---- -system-- ------cpu-----
 r  b   swpd   free   buff  cache   si   so    bi    bo   in   cs us sy id wa st
 1  0      0 11452260 134964 17239464    0    0     0     0  741  303  7  2 91  0  0
 1  0      0 11439408 134964 17252060    0    0     0     0  783  360  6  2 91  0  0
 6  0      0 11367612 134968 17324344    0    0     0 45128 2242  739 22  5 71  1  0
 2  4      0 11098764 134972 17582916    0    0     0 107576 3364  988 39  9 50  3  0
 2  0      0 11400564 134980 17285432    0    0     0 215072 5062 2768 12  4 73 10  1
 2  0      0 11340336 134984 17345540    0    0     0 66104 1248  648 12  4 83  1  0
 3  0      0 11269524 134984 17416256    0    0     0     0 1057  337 13  4 82  0  0
 2  0      0 11249852 134992 17443996    0    0     0 97000 1911 1100 15  4 79  1  0
 2  0      0 11385252 135008 17309028    0    0     0 50448 1225  618 13  3 83  1  0
 2  0      0 11325276 135008 17368588    0    0     0 66016 1204  662 12  4 83  1  0
 2  0      0 11264796 135012 17429340    0    0     0 65980 1215  714 13  3 83  1  0
 2  0      0 11383068 135024 17308132    0    0     0 16584 1040  553 10  3 87  0  0
 1  0      0 11416576 135024 17269460    0    0     0 31072 1380  537  7  3 89  1  0
 1  0      0 11402968 135024 17283272    0    0     0     0  785  323  7  2 91  0  0
 1  0      0 11389864 135024 17296132    0    0     0     0  715  285  7  2 91  0  0
 1  0      0 11377012 135024 17309064    0    0     0     0  686  296  6  2 91  0  0
 1  0      0 11403076 135024 17291632    0    0     0 31024 1303  563 10  3 86  1  0
 1  0      0 11388592 135024 17305076    0    0     0    12  763  304  6  2 91  0  0
 1  0      0 11374984 135024 17318468    0    0     0     0  692  294  7  2 91  0  0
 1  0      0 11361880 135024 17331488    0    0     0     0  755  309  6  2 91  0  0
 1  0      0 11348776 135024 17344648    0    0     0     0  697  272  6  2 91  0  0
procs -----------memory---------- ---swap-- -----io---- -system-- ------cpu-----
 r  b   swpd   free   buff  cache   si   so    bi    bo   in   cs us sy id wa st
 6  0      0 11271940 135024 17419464    0    0     0 38644 2069  699 24  5 70  1  0
 4  2      0 11010448 135024 17673212    0    0     0 123904 3444 1017 39  9 50  2  0
 2  0      0 11301800 135040 17380360    0    0     0 198888 5222 2472 12  4 76  8  0
 2  0      0 11243588 135040 17438144    0    0     0 66088 1205  623 12  4 83  1  0
 2  1      0 11171012 135040 17510244    0    0     0 40516 1122  493 14  4 82  1  0
 2  0      0 11299980 135052 17386188    0    0     0 54008 1821  803 15  5 79  1  0
 2  0      0 11242272 135056 17444888    0    0     0 66052 1191  688 12  4 83  1  0
 2  0      0 11180784 135056 17506728    0    0     0 66300 1275  633 13  3 83  1  0
 1  0      0 11325264 135056 17356292    0    0     0 45580 1173  579 10  4 85  1  0
 2  0      0 11292256 135056 17388016    0    0     0     0  805  306  9  2 89  0  0
 1  0      0 11322740 135056 17351940    0    0     0 31068 1365  552  7  3 89  1  0
 3  0      0 11301400 135056 17365036    0    0  3333     0 2567 2202  7  3 91  0  0
 1  0      0 11288828 135056 17378452    0    0     0     0  680  248  7  2 91  0  0
 1  0      0 11275752 135056 17391320    0    0     0     0  819  323  6  2 91  0  0
 1  0      0 11300824 135060 17374384    0    0     0 31020 1374  539  9  3 87  1  0
 1  0      0 11286588 135060 17388108    0    0     0     0  751  332  6  2 91  0  0
 1  0      0 11272728 135060 17401496    0    0     0     0  752  293  7  2 91  0  0
 1  0      0 11259624 135060 17414836    0    0     0     0  774  318  7  2 91  0  0
 1  0      0 11246272 135060 17427904    0    0     0     0  741  306  7  2 91  0  0
 6  0      0 11170692 135064 17513528    0    0     0 31032 1965  600 24  6 69  1  0
 3  3      0 10943944 135072 17734904    0    0     0 246348 5609 2276 33  7 50  9  0
procs -----------memory---------- ---swap-- -----io---- -system-- ------cpu-----
 r  b   swpd   free   buff  cache   si   so    bi    bo   in   cs us sy id wa st
 2  0      0 11207832 135104 17472564    0    0     0 72288 2710 1425 14  4 80  2  0
 2  0      0 11146092 135108 17533228    0    0     0 65976 1236  582 12  4 83  1  0
 3  0      0 11078820 135112 17603024    0    0     0 65992 1255  693 13  4 82  1  0
 2  0      0 11226192 135116 17465028    0    0     0 41888 1810  702 16  4 80  1  0
 2  0      0 11167728 135124 17522828    0    0     0 66032 1316  687 13  3 83  1  0
 2  0      0 11108764 135124 17578660    0    0     0 65920 1209  593 12  4 83  1  0
 2  0      0 11046536 135128 17641712    0    0     0    76  975  338 13  4 83  0  0
 2  0      0 11237292 135136 17445884    0    0     0 71908 1497 1065 10  3 86  1  0
 1  0      0 11247112 135140 17425880    0    0     0 31064 1416  475 10  3 87  0  0
 1  0      0 11233008 135140 17439068    0    0     0     0  791  348  6  3 91  0  0
 1  0      0 11220912 135140 17452188    0    0     0     0  732  321  7  2 91  0  0
 1  0      0 11208312 135140 17464556    0    0     0   108  758  321  7  2 91  0  0
 2  0      0 11187900 135140 17484984    0    0     0     0  827  335  8  2 90  0  0
 1  0      0 11220652 135144 17458724    0    0     0 31024 1412  557  9  3 88  1  0
 1  0      0 11206548 135144 17471588    0    0     0     0  723  300  7  2 91  0  0
 1  0      0 11193448 135144 17484776    0    0     0     0  721  314  7  2 91  0  0
 1  0      0 11180848 135144 17496920    0    0     0     4  769  314  7  2 91  0  0
 2  0      0 11153632 135144 17522952    0    0     0     0  829  328  8  2 89  0  0
 6  0      0 11055128 135152 17628408    0    0     0 30996 2109  600 30  6 63  1  0
 1  4      0 10858116 135152 17815800    0    0     0 176004 3653 1426 33  7 54  6  0
 2  0      0 11133096 135156 17543436    0    0     0 129088 3746 1912 11  4 79  5  0
procs -----------memory---------- ---swap-- -----io---- -system-- ------cpu-----
 r  b   swpd   free   buff  cache   si   so    bi    bo   in   cs us sy id wa st
 2  0      0 11074380 135160 17602220    0    0     0 66404 1283  640 13  3 83  1  0
 2  1      0 11002320 135160 17673088    0    0     0 28628 1137  455 13  4 82  0  0
 2  0      0 11046268 135164 17636916    0    0     0 111684 2068 1268 15  4 79  2  0
 1  0      0 11178428 135164 17504156    0    0     0     0  722  342  7  2 91  0  0
 1  0      0 11164824 135164 17516772    0    0     0     0  767  319  7  2 91  0  0
 1  0      0 11151468 135164 17529372    0    0     0     0  754  317  6  2 91  0  0
 2  0      0 11127528 135164 17553276    0    0     0     0  762  324  8  2 90  0  0
 1  0      0 11150452 135172 17524076    0    0     0 31008 1353  594  8  3 88  1  0
 1  0      0 11137096 135172 17537220    0    0     0     0  732  326  7  2 91  0  0
 1  0      0 11122984 135172 17550380    0    0     0     0  728  303  6  2 91  0  0
 1  0      0 11110636 135172 17562980    0    0     0     0  797  317  7  2 91  0  0
 2  0      0 11076112 135172 17598340    0    0     0     8  854  344  9  2 88  0  0
 1  0      0 11113648 135172 17558480    0    0     0 31012 1321  588  7  3 89  1  0
 1  0      0 11100296 135172 17571836    0    0     0     0  725  302  6  2 91  0  0
 1  0      0 11086940 135172 17584752    0    0     0     0  708  293  7  2 91  0  0
 1  0      0 11073584 135172 17597436    0    0     0     0  688  306  7  2 91  0  0
 2  1      0 11028236 135172 17642812    0    0     0 24296 1112  385 10  2 87  0  0
 6  0      0 10841576 135172 17838340    0    0     0 38708 2789  744 45  9 44  1  0
 4  1      0 10707284 135176 17965896    0    0     0 299040 6858 3691 24  6 50 19  1
 2  0      0 11022180 135188 17652152    0    0     0 23420 1906  900 13  4 82  1  0
 2  0      0 10965984 135188 17708264    0    0     0 66044 1203  635 12  3 83  1  0
procs -----------memory---------- ---swap-- -----io---- -system-- ------cpu-----
 r  b   swpd   free   buff  cache   si   so    bi    bo   in   cs us sy id wa st
 3  0      0 10887112 135188 17788204    0    0     0 66068 1300  622 15  4 80  1  0
 2  0      0 11085392 135196 17591496    0    0     0 74084 1859  878 14  4 81  1  0
 2  0      0 11022748 135196 17657996    0    0     0     0  999  357 13  4 83  0  0
 2  0      0 10966048 135200 17714840    0    0     0 66032 1217  650 12  3 83  1  0
 2  0      0 10909852 135200 17770428    0    0     0 65976 1209  688 12  4 83  1  0
 3  0      0 10821428 135200 17855500    0    0     0     8 1108  348 15  4 80  0  0
 1  0      0 11069088 135212 17598160    0    0     0 117804 2023 1303 11  4 82  3  0
 1  0      0 11055232 135212 17611520    0    0     0     0  775  335  7  2 91  0  0
 2  0      0 11037168 135212 17624136    0    0  2838     0 2257 1882  7  3 90  0  0
 1  0      0 11024316 135212 17636772    0    0   495     0  883  398  7  2 91  0  0
 2  0      0 10985284 135212 17677036    0    0     0     4  925  366 10  2 88  0  0
 1  0      0 11037688 135228 17631416    0    0     0 31064 1206  562  7  2 90  0  0
 1  0      0 11024084 135228 17644820    0    0     0     0  716  301  7  2 91  0  0
 2  0      0 11010476 135228 17657724    0    0     0     0  679  298  7  2 91  0  0
 1  0      0 10997876 135228 17670556    0    0     0     0  761  335  6  2 91  0  0
 7  0      0 11008948 135228 17671184    0    0     0 31280 1548  582 13  4 83  1  0
 6  0      0 10734104 135232 17939940    0    0     0 18404 2280  438 43  9 47  0  0
 2  0      0 10996112 135252 17678352    0    0     0 322812 7388 3708 17  6 59 17  1
 2  0      0 10930340 135252 17742808    0    0     0     0  998  318 13  4 83  0  0
 2  0      0 10873640 135252 17799008    0    0     0 66088 1199  630 12  4 83  1  0
 4  0      0 10787972 135256 17886060    0    0     0 82380 1564  702 16  4 79  1  0
procs -----------memory---------- ---swap-- -----io---- -system-- ------cpu-----
 r  b   swpd   free   buff  cache   si   so    bi    bo   in   cs us sy id wa st
 2  0      0 10793768 135264 17886292    0    0     0 14624 1378  562 13  4 83  0  0
 2  0      0 10734296 135268 17946848    0    0     0 65968 1247  704 12  3 83  1  0
 2  0      0 10961912 135268 17718632    0    0     0 53124 1225  620 12  4 83  1  0
 2  0      0 10907984 135268 17771644    0    0     0 66040 1227  610 12  4 83  1  0
 3  0      0 10820540 135268 17855168    0    0     0    60 1352  577 16  4 80  0  0
 2  0      0 10811708 135272 17857688    0    0     0 96936 2820 2048 13  4 80  2  0
 2  0      0 10752764 135272 17915952    0    0     0 65984 1239  792 12  4 83  1  0
 1  0      0 10980008 135276 17685856    0    0     0 44176 1115  589 10  3 85  1  0
 1  0      0 10967664 135276 17697456    0    0     0     0  751  297  7  2 91  0  0
 2  0      0 10943724 135276 17722676    0    0     0     0  870  330  8  3 90  0  0
 1  0      0 10981268 135284 17691940    0    0     0 31176 1373  531  9  2 88  1  0
 1  0      0 10968920 135284 17704168    0    0     0     0  782  318  6  2 91  0  0
 1  0      0 10956824 135284 17716296    0    0     0     0  768  315  7  2 91  0  0
 1  0      0 10944476 135284 17728896    0    0     0     0  729  317  7  2 91  0  0
 2  0      0 10916756 135284 17754124    0    0     0     0  809  306  8  3 90  0  0
 6  0      0 10813680 135292 17859352    0    0     0 31300 2243  667 30  7 63  1  0
 4  3      0 10611144 135296 18055388    0    0     0 185464 4417 1803 34  8 50  8  0
 2  0      0 10891148 135308 17776736    0    0     0 137368 4331 2345 13  3 75  8  1
 2  0      0 10834952 135308 17832800    0    0     0 66088 1201  586 13  3 83  1  0
 6  0      0 10768424 135308 17901388    0    0     0     0 1002  296 14  4 82  0  0
 2  0      0 10750808 135324 17924048    0    0     0 97004 1876  944 15  5 79  2  0
procs -----------memory---------- ---swap-- -----io---- -system-- ------cpu-----
 r  b   swpd   free   buff  cache   si   so    bi    bo   in   cs us sy id wa st
 1  0      0 10932584 135332 17736480    0    0     0 56856 1136  697  8  3 88  1  0
 1  0      0 10919984 135332 17748888    0    0     0     0  760  302  7  2 91  0  0
 1  0      0 10906880 135332 17761824    0    0     0     0  770  307  7  2 91  0  0
 2  0      0 10882940 135332 17785680    0    0     0     0  815  320  8  3 90  0  0
 1  0      0 10905608 135336 17756216    0    0     0 31336 1430  600  9  3 88  1  0
 1  0      0 10892756 135336 17768944    0    0     0     0  715  314  7  2 91  0  0
 1  0      0 10879904 135336 17781696    0    0     0     0  692  286  6  2 91  0  0
 1  0      0 10867556 135336 17793868    0    0     0     0  737  288  7  2 91  0  0
 4  0      0 10840844 135336 17821584    0    0     0     0  738  263  9  2 90  0  0
 1  0      0 10879888 135348 17789108    0    0     0 31000 1270  530  8  2 88  1  0
 1  0      0 10866536 135348 17802352    0    0     0     0  757  319  7  2 91  0  0
 1  0      0 10853432 135348 17815300    0    0     0     0  751  267  6  2 91  0  0
 1  0      0 10840832 135348 17827916    0    0     0     0  724  298  7  2 91  0  0
 2  0      0 10793708 135348 17870708    0    0     0     0  905  330  9  3 88  0  0
 7  0      0 10600220 135352 18071100    0    0     0 31004 2650  627 44 10 46  1  0
 2  0      0 10838460 135376 17824332    0    0     0 374912 7651 3692 25  7 52 15  1
 2  0      0 10776912 135376 17890748    0    0     0     0  958  351 13  4 83  0  0
 2  0      0 10718952 135376 17948620    0    0     0 65968 1270  634 12  4 83  1  0
 3  0      0 10651416 135388 18018400    0    0     0 74456 1370  936 14  4 81  1  0
 2  0      0 10788320 135392 17876444    0    0     0 31100 1506  633 15  4 80  0  0
 2  0      0 10726076 135392 17938288    0    0     0 66044 1259  686 13  3 83  1  0
procs -----------memory---------- ---swap-- -----io---- -system-- ------cpu-----
 r  b   swpd   free   buff  cache   si   so    bi    bo   in   cs us sy id wa st
 2  0      0 10667112 135396 17997688    0    0     0 65976 1263  716 12  4 83  1  0
 2  0      0 10792432 135396 17872420    0    0     0 29532 1162  518 13  3 83  0  0
 2  0      0 10800104 135400 17864600    0    0     0 51296 1130  623 10  3 85  1  0
 1  0      0 10835876 135404 17827584    0    0     0 31016 1276  524  8  3 89  0  0
 1  0      0 10823028 135404 17840144    0    0     0     0  743  327  7  2 91  0  0
 1  0      0 10808504 135404 17852312    0    0  1667     0 1611 1183  7  2 91  0  0
 1  0      0 10789912 135404 17864660    0    0  1666     0 1570 1101  7  2 91  0  0
 2  0      0 10762472 135404 17894272    0    0     0     0  842  334  9  2 89  0  0
 1  0      0 10796980 135416 17859480    0    0     0 31040 1300  580  8  2 89  1  0
 1  0      0 10783632 135416 17872112    0    0     0     0  719  303  6  2 91  0  0
 1  0      0 10771032 135416 17884708    0    0     0     0  715  277  6  2 91  0  0
 1  0      0 10759188 135416 17896468    0    0     0     0  689  298  7  2 91  0  0
 2  0      0 10730724 135416 17925736    0    0     0     0  750  282  9  2 89  0  0
 7  0      0 10596732 135416 18073276    0    0     0 31040 2315  789 37  8 55  1  0
 3  4      0 10386600 135416 18279220    0    0     0 336372 6255 2705 35  8 45 12  1
 2  0      0 10726688 135432 17945868    0    0     0 35824 2279 1273 12  4 80  4  0
 2  0      0 10668476 135440 18002996    0    0     0 66112 1182  629 12  4 83  1  0
 3  0      0 10705364 135452 17966764    0    0     0 27480 1197  489 14  4 81  0  0
 2  0      0 10687456 135468 17983816    0    0     0 97028 1933  957 15  4 80  1  0
 2  0      0 10626236 135468 18043176    0    0     0 65996 1251  802 12  4 83  1  0
 2  0      0 10557464 135468 18111768    0    0     0     0  955  300 14  4 83  0  0
procs -----------memory---------- ---swap-- -----io---- -system-- ------cpu-----
 r  b   swpd   free   buff  cache   si   so    bi    bo   in   cs us sy id wa st
 2  0      0 10744128 135472 17926016    0    0     0 82476 1398  934 12  4 83  1  0
 2  1      0 10666512 135472 18001720    0    0     0 36828 1299  652 14  4 81  1  0
 2  0      0 10652888 135476 18016556    0    0     0 60236 1803  873 14  5 80  1  0
 2  0      0 10596468 135480 18071872    0    0     0 65976 1187  631 13  3 83  1  0
 3  0      0 10536504 135480 18130328    0    0     0 65916 1131  555 12  4 83  1  0
 1  0      0 10753416 135496 17915576    0    0     0 28292 1124  546 11  3 86  0  0
 2  0      0 10719400 135496 17949936    0    0     0     0  781  314  8  3 89  0  0
 1  0      0 10765248 135496 17911320    0    0     0 31068 1427  533  7  2 89  1  0
 1  0      0 10751644 135496 17924436    0    0     0   108  769  309  7  2 91  0  0
 1  0      0 10738792 135496 17937680    0    0     0     0  709  277  7  2 91  0  0
 1  0      0 10725940 135496 17950476    0    0     0     0  729  302  7  2 91  0  0
 2  1      0 10672768 135496 17996016    0    0     0 30908 1307  450 10  3 87  1  0
 6  0      0 10473232 135508 18199088    0    0     0 14992 2357  529 43 10 47  0  0
 2  0      0 10714096 135524 17956600    0    0     0 322884 7059 3796 19  6 58 16  1
 2  0      0 10644040 135524 18026100    0    0     0     0  996  344 14  3 83  0  0
 2  0      0 10585828 135528 18083884    0    0     0 66100 1178  624 13  3 83  1  0
 2  0      0 10566488 135528 18111796    0    0     0 96988 1903  982 15  4 79  2  0
 1  1      0 10504924 135528 18172832    0    0     0 34836 1076  469 13  3 83  1  0
 2  0      0 10707724 135528 17971224    0    0     0 57908 1329  783 12  4 83  1  0
 1  1      0 10644976 135528 18032848    0    0     0 51196 1154  549 12  4 83  1  0
 3  0      0 10581724 135532 18096492    0    0     0 14856 1070  418 13  4 83  0  0
procs -----------memory---------- ---swap-- -----io---- -system-- ------cpu-----
 r  b   swpd   free   buff  cache   si   so    bi    bo   in   cs us sy id wa st
 2  0      0 10548948 135536 18124252    0    0     0 96980 1992 1018 16  4 78  2  0
 2  0      0 10486720 135540 18185480    0    0     0 65968 1302  729 13  3 83  1  0
 1  0      0 10713584 135544 17957648    0    0     0 33072 1137  615  9  3 87  1  0
 1  0      0 10700232 135544 17970724    0    0     0     0  720  301  7  2 91  0  0
 2  0      0 10682592 135544 17988948    0    0     0     0  722  304  7  2 91  0  0
 1  0      0 10702988 135548 17966624    0    0     0 31072 1415  529  9  3 87  0  0
 1  0      0 10689380 135548 17980276    0    0     0     0  711  295  6  2 91  0  0
 1  0      0 10675524 135548 17993640    0    0     0     4  704  298  7  2 91  0  0
 1  0      0 10662924 135548 18006860    0    0     0     0  702  282  7  2 91  0  0
 2  0      0 10621848 135548 18047976    0    0     0     0  835  320 10  2 88  0  0
 6  0      0 10457796 135552 18216508    0    0     0 34576 2500  635 37  8 54  1  0
 2  0      0 10662192 135568 18009336    0    0     0 322612 7117 3349 23  6 55 14  1
 2  0      0 10598340 135568 18073100    0    0     0     0 1006  339 14  4 83  0  0
 1  1      0 10542648 135572 18129756    0    0     0 82376 1268  697 13  3 83  1  0
 2  1      0 10565548 135576 18106672    0    0     0 29416 1435  533 16  5 79  1  0
 2  0      0 10564284 135588 18107660    0    0     0 81736 1605  820 13  4 82  1  0
 2  0      0 10503060 135588 18168444    0    0     0 65980 1294  675 12  4 83  1  0
 1  1      0 10435788 135588 18234620    0    0     0 40960 1105  547 13  3 83  1  0
 1  1      0 10376328 135588 18294428    0    0     0 66092 1211  664 13  3 83  1  0
 1  0      0 10672716 135608 17997684    0    0     0 36020 1456  631 10  3 86  1  0
 2  0      0 10658608 135608 18011176    0    0     0     0  731  320  7  2 91  0  0
procs -----------memory---------- ---swap-- -----io---- -system-- ------cpu-----
 r  b   swpd   free   buff  cache   si   so    bi    bo   in   cs us sy id wa st
 1  0      0 10645504 135608 18024540    0    0     0     0  715  306  6  2 91  0  0
 1  0      0 10632400 135608 18037704    0    0     0     0  721  332  6  2 91  0  0
 2  0      0 10616020 135612 18050640    0    0   548    24  989  571  7  2 91  0  0
 1  0      0 10630648 135620 18033520    0    0  2785 31032 3028 2312 10  4 85  1  0
 1  0      0 10617548 135620 18046828    0    0     0     0  721  328  7  2 91  0  0
 1  0      0 10603436 135620 18060244    0    0     0     0  686  291  6  2 91  0  0
 1  0      0 10590080 135620 18073604    0    0     0     0  750  315  7  2 91  0  0
 2  0      0 10556340 135620 18108284    0    0     0     4  870  339  9  3 89  0  0
 6  0      0 10397364 135632 18268648    0    0     0 38252 2418  739 35  8 56  1  0
 2  0      0 10490668 135636 18174084    0    0     0 323024 7403 3778 25  6 52 16  1
 2  0      0 10520908 135636 18141680    0    0     0     0 1002  332 14  3 83  0  0
 2  0      0 10459924 135640 18202564    0    0     0 66084 1231  682 12  4 83  1  0
 2  0      0 10438996 135648 18232644    0    0     0 97000 2056 1031 16  4 79  1  0
 1  1      0 10370968 135648 18299308    0    0     0 15392 1007  368 13  4 83  0  0
 2  0      0 10312504 135648 18358320    0    0     0 50580 1202  608 13  3 83  1  0
 2  0      0 10253548 135648 18417464    0    0     0 65984 1172  763 12  3 83  1  0
 2  0      0 10524732 135652 18146864    0    0     0 31500 1190  616 13  4 83  0  0
 2  0      0 10487924 135660 18174900    0    0     0 97468 1899  865 15  5 79  2  0
 2  0      0 10427952 135664 18235292    0    0     0 65976 1247  679 12  4 83  1  0
 2  0      0 10359940 135664 18302008    0    0     0    96 1321  650 13  4 83  0  0
 2  0      0 10298464 135664 18363364    0    0     0 65956 1264  694 13  3 83  1  0
procs -----------memory---------- ---swap-- -----io---- -system-- ------cpu-----
 r  b   swpd   free   buff  cache   si   so    bi    bo   in   cs us sy id wa st
 2  0      0 10237732 135664 18424672    0    0     0 65992 1267  736 13  3 83  1  0
 1  0      0 10580236 135688 18087456    0    0     0 68608 1714  926 12  4 83  1  0
 1  0      0 10566632 135688 18100692    0    0     0     0  711  322  6  2 91  0  0
 1  0      0 10552776 135688 18113956    0    0     0     0  747  321  7  2 91  0  0
 1  0      0 10539672 135688 18126908    0    0     0     0  739  291  7  2 91  0  0
 2  0      0 10515732 135688 18152428    0    0     0     0  775  327  8  2 90  0  0
 6  0      0 10401308 135692 18265404    0    0     0 31184 2117  563 30  7 62  1  0
 1  5      0 10197012 135692 18461688    0    0     0 197044 4874 1942 32  8 50 10  0
 2  0      0 10478528 135716 18180268    0    0     0 122816 3743 2317 12  3 77  7  0
 2  0      0 10417544 135716 18241244    0    0     0 65964 1169  620 12  4 83  1  0
 3  0      0 10340936 135716 18318764    0    0     0 65992 1292  725 14  4 81  1  0
 4  0      0 10332604 135716 18333992    0    0     0 31032 1456  576 15  4 81  0  0
 2  0      0 10269620 135716 18396024    0    0     0 65976 1257  649 13  3 83  1  0
 1  0      0 10524332 135720 18138816    0    0     0 64624 1204  710 11  3 85  1  0
 1  0      0 10510728 135720 18151720    0    0     0     0  738  310  7  2 91  0  0
 1  1      0 10460328 135720 18197144    0    0     0  2100  825  354 10  2 88  0  0
 1  0      0 10507436 135728 18148188    0    0     0 28980 1187  508  7  2 90  1  0
 1  0      0 10494084 135728 18161372    0    0     0     4  710  294  6  2 91  0  0
 2  0      0 10480992 135728 18174896    0    0     0     0  704  282  7  2 91  0  0
 3  0      0 10467636 135728 18187848    0    0     0     0  687  306  6  2 91  0  0
 1  0      0 10492824 135732 18170900    0    0     0 31016 1320  562  9  3 86  1  0
procs -----------memory---------- ---swap-- -----io---- -system-- ------cpu-----
 r  b   swpd   free   buff  cache   si   so    bi    bo   in   cs us sy id wa st
 1  0      0 10479468 135732 18184448    0    0     0     0  698  292  6  2 91  0  0
 1  0      0 10465108 135732 18197912    0    0     0    12  713  310  6  3 91  0  0
 1  0      0 10452256 135732 18211116    0    0     0     0  743  329  7  2 91  0  0
 2  0      0 10429576 135732 18233832    0    0     0     0  761  291  7  2 90  0  0
 7  0      0 10294792 135732 18376232    0    0     0 31028 2182  605 33  8 59  1  0
 1  5      0 10063780 135732 18597552    0    0     0 282644 6153 2360 34  8 46 11  1
 2  0      0 10395428 135740 18266784    0    0     0 86812 3793 1990 12  4 78  6  0
 2  0      0 10331924 135752 18330396    0    0     0 66116 1338  766 13  4 83  1  0
 3  0      0 10251800 135752 18411856    0    0     0 65984 1272  623 15  4 80  1  0
 2  0      0 10246244 135756 18423456    0    0     0 31004 1550  626 14  4 81  0  0
 2  0      0 10406960 135760 18263284    0    0     0 58168 1253  641 12  4 83  1  0
 2  0      0 10350012 135768 18321488    0    0     0 66032 1177  645 12  4 83  1  0
 2  0      0 10290540 135768 18381072    0    0     0 65976 1178  690 12  4 83  1  0
 2  1      0 10188264 135768 18478752    0    0     0 24576 1395  432 17  4 79  0  0
 2  0      0 10188780 135772 18476492    0    0     0 72412 1473  848 12  4 83  1  0
 1  0      0 10442400 135780 18219404    0    0     0 61296 1089  660 10  3 86  1  0
 1  0      0 10429112 135780 18232508    0    0     0   100  718  282  6  2 91  0  0
 1  0      0 10415252 135780 18246020    0    0     0     0  714  318  7  2 91  0  0
 1  0      0 10431664 135780 18229520    0    0     0 31060 1275  503 10  3 87  1  0
 1  0      0 10417760 135780 18242636    0    0     0     0  714  311  7  2 91  0  0
 1  0      0 10404152 135780 18255980    0    0     0     0  687  275  7  2 91  0  0
procs -----------memory---------- ---swap-- -----io---- -system-- ------cpu-----
 r  b   swpd   free   buff  cache   si   so    bi    bo   in   cs us sy id wa st
 1  0      0 10382308 135780 18269020    0    0  3333     4 2532 2163  7  3 90  0  0
 2  0      0 10361644 135780 18291184    0    0     0     0  745  313  7  2 90  0  0
 7  0      0 10240940 135788 18425608    0    0     0 31016 2278  532 33  8 58  1  0
 4  2      0 10007640 135800 18654308    0    0     0 351752 7102 2937 36  8 45 11  1
 2  0      0 10337272 135816 18323448    0    0     0 20376 1716 1061 13  4 82  1  0
 4  0      0 10280572 135824 18380776    0    0     0 66120 1139  569 12  3 83  1  0
 2  1      0 10205728 135824 18456664    0    0     0 65536 1225  562 14  4 81  1  0
 2  0      0 10382832 135828 18280232    0    0     0 56240 1786  855 15  4 81  1  0
 2  0      0 10322604 135828 18338340    0    0     0 57344 1162  544 12  4 83  1  0
 2  0      0 10259104 135832 18402180    0    0     0  8680 1027  422 14  3 83  0  0
 2  0      0 10199896 135832 18461616    0    0     0 65996 1238  697 12  4 83  1  0
 3  0      0 10113988 135836 18548096    0    0     0 66000 1387  705 15  4 80  1  0
 1  0      0 10400560 135840 18253828    0    0     0 73056 1431  842 11  4 84  1  0
 1  0      0 10386456 135840 18266968    0    0     0     0  708  354  7  2 91  0  0
 1  0      0 10372344 135840 18280424    0    0     0     0  725  301  6  2 91  0  0
 1  0      0 10358236 135840 18293796    0    0     0     0  718  293  7  2 91  0  0
 3  0      0 10375852 135848 18276768    0    0     0 31060 1848  917 11  3 85  1  0
 1  0      0 10367192 135848 18290064    0    0     0     0  973  405  9  2 89  0  0
 1  0      0 10353332 135848 18303340    0    0     0     0  746  340  6  2 91  0  0
 1  0      0 10339220 135848 18316676    0    0     0     0  761  354  6  2 91  0  0
 2  0      0 10325616 135848 18330488    0    0     0     0  714  308  7  2 91  0  0
procs -----------memory---------- ---swap-- -----io---- -system-- ------cpu-----
 r  b   swpd   free   buff  cache   si   so    bi    bo   in   cs us sy id wa st
 7  0      0 10226980 135856 18436924    0    0     0 31384 2147  578 29  6 64  1  0
 2  5      0 9958160 135856 18697004    0    0     0 141824 3577 1305 40  9 46  5  0
 2  0      0 10304804 135868 18353480    0    0     0 221784 5001 3045 10  4 71 15  1
 2  0      0 10245592 135868 18411664    0    0     0 66076 1188  651 12  4 83  1  0
 3  0      0 10162936 135868 18496412    0    0     0     0 1091  346 15  4 81  0  0
 2  0      0 10155740 135876 18503108    0    0     0 97116 2112 1279 13  4 81  2  0
 2  0      0 10094268 135880 18563128    0    0     0 65980 1182  665 13  3 83  1  0
 2  0      0 10296188 135892 18360880    0    0     0 28928 1220  590 13  4 83  0  0
 2  0      0 10235456 135892 18422280    0    0     0 66012 1187  682 12  4 83  1  0
 2  0      0 10197900 135892 18457968    0    0     0 35792 1600  631 16  4 79  1  0
 2  0      0 10138948 135892 18517616    0    0     0 61212 1274  622 12  4 83  1  0
 3  0      0 10079756 135892 18577804    0    0     0 65992 1285  674 13  3 83  1  0
 2  0      0 10018572 135892 18638308    0    0     0 65984 1253  744 13  3 83  1  0
 1  0      0 10315224 135900 18339392    0    0     0 27920 1063  569 10  3 87  0  0
 1  0      0 10330836 135912 18322432    0    0     0 31056 1291  507 10  3 87  1  0
 1  0      0 10316472 135912 18336776    0    0     0     8  783  333  6  2 91  0  0
 1  0      0 10302620 135912 18350268    0    0     0     0  741  320  6  2 91  0  0
 1  0      0 10288760 135912 18363848    0    0     0     0  747  328  7  2 91  0  0
 2  0      0 10251720 135912 18400496    0    0     0     0  835  370  8  3 89  0  0
 6  0      0 10076392 135916 18587752    0    0     0 58124 2983  750 39  8 52  1  0
 1  1      0 9928068 135924 18730908    0    0     0 322372 7811 3944 24  6 51 18  1
procs -----------memory---------- ---swap-- -----io---- -system-- ------cpu-----
 r  b   swpd   free   buff  cache   si   so    bi    bo   in   cs us sy id wa st
 2  0      0 10229776 135924 18429060    0    0     0   100 1198  411 13  4 83  0  0
 2  0      0 10168540 135924 18489612    0    0     0 66080 1218  662 12  4 83  1  0
 2  0      0 10149624 135932 18517572    0    0     0 96980 1977 1014 15  4 79  1  0
 2  0      0 10082596 135932 18583672    0    0     0     0 1000  347 13  4 83  0  0
 2  0      0 10295100 135936 18371656    0    0     0 92984 1425 1051 11  4 83  2  0
 2  0      0 10228068 135936 18438252    0    0     0     0 1044  323 13  4 83  0  0
 2  0      0 10170360 135940 18495472    0    0     0 66040 1234  682 12  4 83  1  0
 2  0      0 10141632 135944 18516964    0    0     0 97004 2020 1088 15  4 78  2  0
 2  0      0 10073876 135944 18583992    0    0     0     0 1023  366 14  3 83  0  0
 2  0      0 10010388 135952 18646428    0    0     0 66332 1258  709 13  3 83  1  0
 1  0      0 10282352 135956 18373320    0    0     0 65044 1134  761  9  2 87  1  0
 2  0      0 10258160 135956 18397928    0    0     0     0  779  350  8  2 90  0  0
 1  0      0 10296200 135972 18370120    0    0     0 31060 1376  583  8  3 88  1  0
 1  0      0 10281840 135972 18383528    0    0     0     0  693  302  7  2 91  0  0
 1  0      0 10268856 135972 18397172    0    0     0   100  703  331  7  2 91  0  0
 1  0      0 10255380 135972 18410644    0    0     0     0  735  332  7  2 91  0  0
 7  0      0 10258388 135980 18405188    0    0     0 31016 1475  640 12  3 84  1  0
 6  0      0 9979796 135984 18680132    0    0     0 13496 2272  467 44  8 48  0  0
 2  0      0 10214908 136016 18434836    0    0  3333 323052 9128 5232 17  6 63 13  1
 0  1      0 10194148 136024 18458224    0    0     0 61088 1140  585  7  2 91  1  0
 1  0      0 10139228 136024 18512568    0    0     0 20916  851  448  7  1 91  0  0
procs -----------memory---------- ---swap-- -----io---- -system-- ------cpu-----
 r  b   swpd   free   buff  cache   si   so    bi    bo   in   cs us sy id wa st
 1  0      0 10089584 136028 18562408    0    0     0 65988 1048  620  6  2 91  1  0
 1  0      0 10043468 136032 18610280    0    0     0 65976  945  714  6  2 91  1  0
 0  1      0 9991824 136032 18661420    0    0     0 57344  861  534  6  2 91  1  0
 1  0      0 10276116 136040 18376516    0    0     0 30548  923  676  7  1 91  1  0
 5  0      0 10277988 136052 18382352    0    0     0 69440 1247  706 11  2 86  1  0
 0  1      0 10075152 136052 18581916    0    0     0 61652 2229  633 27  6 66  1  0
 1  0      0 10279960 136064 18375492    0    0     0 202684 4026 2037  9  2 84  5  0
 1  0      0 10232840 136068 18422132    0    0     0 66100  937  597  6  2 91  1  0
 0  1      0 10180424 136068 18474280    0    0     0 32760  839  413  6  2 91  0  0
 1  0      0 10131788 136072 18522548    0    0     0 33228  927  557  7  1 91  1  0
 1  0      0 10345428 136072 18308184    0    0     0 89144 1133  971  6  2 91  1  0
17  0      0 9815068 136072 18838536    0    0     0     0 3567 1018 83 15  2  0  0
 9  8      0 9305120 136076 19332164    0    0     0 298552 9486 3367 73 13  4 10  1
 0 12      0 9228044 136096 19401536    0    0     0 486064 21968 12991  9  3 37 48  3
16  0      0 10418056 136212 18228364    0    0     0 312756 10497 5817  8  4 71 16  1
15  0      0 9865960 136212 18776260    0    0     0 17980 3558  812 84 16  0  0  0
 3 12      0 9437392 136212 19188128    0    0     0 286676 11521 6069 57 12  0 29  2
 7  5      0 9421848 136216 19206528    0    0     0 430612 22356 15279  2  2 16 76  3
