procs -----------memory---------- ---swap-- -----io---- -system-- ------cpu-----
 r  b   swpd   free   buff  cache   si   so    bi    bo   in   cs us sy id wa st
 1  0      0 25634148  50864 3366884    0    0    50   374  122   96 12  1 84  0  2
 1  0      0 25635700  50864 3367348    0    0     0     0  833  507  0  0 99  0  0
 2  1      0 25608028  50992 3382020    0    0     0  9144 1886 1359  6  3 90  0  0
 1  0      0 25578576  50992 3395496    0    0     0  6036 1309  760  6  3 91  0  0
 1  0      0 25550604  50992 3408648    0    0     0     0 1125  667  7  2 91  0  0
 2  0      0 25525412  50992 3422040    0    0     0     0  957  520  6  3 91  0  0
 2  0      0 25476564  50992 3453680    0    0     0     4 1337  673 10  4 86  0  0
 1  0      0 25557952  51020 3418424    0    0     0 30976 1502  631  8  3 89  1  0
 1  0      0 25530240  51020 3432332    0    0     0     0  767  331  6  2 91  0  0
 1  0      0 25503784  51020 3445472    0    0     0     0  735  333  7  2 91  0  0
 1  0      0 25476076  51020 3458664    0    0     0     0  734  331  6  2 91  0  0
 1  0      0 25488684  51048 3441184    0    0     0 30976 1278  543  9  3 87  1  0
 1  0      0 25473820  51048 3455532    0    0     0     0  778  370  6  2 91  0  0
 1  0      0 25459708  51048 3468924    0    0     0     0  707  318  6  2 91  0  0
 1  0      0 25446104  51048 3482416    0    0     0     0  752  344  7  2 91  0  0
 2  0      0 25429224  51048 3499936    0    0     0     0  829  366  7  2 91  0  0
 1  0      0 25441592  51072 3478436    0    0     0 30952 1449  594 10  3 87  1  0
 1  0      0 25427988  51072 3491592    0    0     0     4  759  336  7  2 91  0  0
 1  0      0 25415652  51072 3505176    0    0     0     0  787  327  7  2 91  0  0
 1  0      0 25402044  51072 3518024    0    0     0     0  776  347  7  2 91  0  0
 2  0      0 25365276  51072 3555068    0    0     0     0  909  393  9  3 88  0  0
procs -----------memory---------- ---swap-- -----io---- -system-- ------cpu-----
 r  b   swpd   free   buff  cache   si   so    bi    bo   in   cs us sy id wa st
 2  0      0 25360516  51100 3557084    0    0     0 30964 1435  586 12  4 83  1  0
 2  0      0 25299800  51108 3617636    0    0     0 65988 1859  685 12  4 83  1  0
 1  0      0 25384312  51132 3531580    0    0     0 48044 1493  655 10  3 86  1  0
 1  0      0 25370204  51132 3544912    0    0     0     0  831  384  6  2 91  0  0
 1  0      0 25387592  51160 3527840    0    0     0 30976 1364  594  9  3 87  1  0
 1  0      0 25372980  51160 3541776    0    0     0     0  783  350  6  2 91  0  0
 1  0      0 25359624  51160 3555792    0    0     0     4  785  365  7  2 91  0  0
 1  0      0 25345264  51160 3568912    0    0     0     0  810  383  7  2 91  0  0
 2  0      0 25327384  51160 3588000    0    0     0     0  804  351  7  2 90  0  0
 1  0      0 25349560  51180 3564408    0    0     0 30952 1418  588  9  3 87  1  0
 1  0      0 25334696  51180 3578424    0    0     0     0  840  354  6  2 91  0  0
 1  0      0 25321856  51184 3592036    0    0     0    56  936  473  7  2 91  0  0
 1  0      0 25309256  51184 3605020    0    0     0    20  815  352  7  2 91  0  0
 2  0      0 25263264  51188 3649032    0    0  3333     0 2441 2045 10  3 87  0  0
 1  0      0 25318956  51212 3600992    0    0     0 30940 1276  567  6  2 90  1  0
 1  0      0 25305100  51212 3614600    0    0     0     0  839  371  6  2 91  0  0
 1  0      0 25292252  51212 3627996    0    0     0     4  814  378  7  2 91  0  0
 1  0      0 25279400  51212 3640784    0    0     0   148  803  349  7  2 91  0  0
 2  0      0 25286728  51240 3629580    0    0     0 30956 1441  611 11  4 85  1  0
 2  1      0 25217436  51240 3696380    0    0     0     0 1051  373 13  4 83  0  0
 2  0      0 25161520  51248 3753804    0    0     0 65972 1694  650 12  3 83  2  0
procs -----------memory---------- ---swap-- -----io---- -system-- ------cpu-----
 r  b   swpd   free   buff  cache   si   so    bi    bo   in   cs us sy id wa st
 2  0      0 25104596  51264 3811244    0    0     0 65980 1761  714 12  3 83  1  0
 1  1      0 25034300  51264 3878392    0    0     0 10232 1162  404 13  4 83  0  0
 1  0      0 25277436  51296 3643544    0    0     0 112536 2297 1073 13  4 80  2  0
 1  0      0 25261864  51296 3657520    0    0     0     0  762  373  6  2 91  0  0
 1  0      0 25248720  51296 3670968    0    0     0     0  769  326  7  2 91  0  0
 1  0      0 25235112  51296 3683816    0    0     0     4  814  469  7  2 91  0  0
 2  0      0 25198828  51300 3718760    0    0     0     0  872  380  9  3 89  0  0
 1  0      0 25231584  51328 3680188    0    0     0 30980 1400  588  8  2 89  1  0
 1  0      0 25217224  51328 3694264    0    0     0     0  756  327  7  2 91  0  0
 1  0      0 25203368  51328 3707988    0    0     0     0  795  357  7  2 91  0  0
 1  0      0 25189760  51328 3721812    0    0     0     0  798  388  7  2 91  0  0
 1  0      0 25204380  51356 3705000    0    0     0 30964 1292  578 10  3 86  1  0
 1  0      0 25189012  51356 3719744    0    0     0     0  809  335  7  2 91  0  0
 1  0      0 25175152  51356 3733468    0    0     0     0  753  359  7  2 91  0  0
 1  0      0 25161800  51356 3747376    0    0     0     0  746  352  6  2 91  0  0
 2  0      0 25128568  51360 3780712    0    0     0     4  900  398  9  2 89  0  0
 2  0      0 25122520  51388 3785744    0    0     0 30948 1411  535 13  3 83  1  0
 2  0      0 25062076  51400 3846304    0    0     0 65968 1847  678 12  3 83  1  0
 1  1      0 25000840  51400 3906028    0    0     0 63448 1645  582 12  4 83  1  0
 2  0      0 24935584  51408 3972112    0    0     0  2524 1102  386 13  4 83  0  0
 2  0      0 24913696  51440 4001692    0    0     0 96960 2355  888 16  4 78  2  0
procs -----------memory---------- ---swap-- -----io---- -system-- ------cpu-----
 r  b   swpd   free   buff  cache   si   so    bi    bo   in   cs us sy id wa st
 2  0      0 24852212  51448 4063904    0    0     0 65968 1624  564 13  3 83  1  0
 1  1      0 24780408  51448 4132568    0    0     0 30704 1291  476 13  4 83  0  0
 1  0      0 25120016  51480 3789788    0    0     0 35168 1288  657  6  3 90  1  0
 2  0      0 25102164  51480 3808540    0    0     0     0  773  329  7  2 91  0  0
 1  0      0 25115300  51504 3786860    0    0     0 30960 1360  509  9  3 87  0  0
 1  0      0 25102492  51504 3800808    0    0     0     0  769  347  6  2 91  0  0
 1  0      0 25087772  51504 3814636    0    0     0     0  797  380  7  2 91  0  0
 1  0      0 25073916  51504 3828652    0    0     0     0  750  339  7  2 91  0  0
 1  0      0 25090140  51528 3811692    0    0     0 30956 1458  561 10  3 86  1  0
 1  0      0 25075200  51528 3825760    0    0     0     0  806  369  7  2 91  0  0
 1  0      0 25061340  51528 3839884    0    0     0     0  797  353  7  2 91  0  0
 1  0      0 25047988  51528 3853304    0    0     0   164  810  341  7  2 91  0  0
 2  0      0 25028344  51528 3873180    0    0     0     0  817  371  7  2 90  0  0
 3  0      0 25022552  51552 3883556    0    0     0 30968 1499  617 13  3 83  1  0
 2  0      0 24953264  51576 3952332    0    0     0 48936 1496  537 13  3 83  1  0
 2  0      0 24883720  51588 4020388    0    0     0 48840 1731  614 13  3 83  1  0
 2  0      0 24819220  51604 4082932    0    0     0 71632 1882  583 13  3 83  1  0
 1  0      0 25033732  51652 3871124    0    0     0 47944 1598  709 10  3 86  1  0
 1  0      0 25018112  51652 3885744    0    0     0     0  796  355  6  3 91  0  0
 2  0      0 25004844  51652 3899740    0    0     0     0  831  402  7  2 91  0  0
 1  0      0 24990984  51652 3913740    0    0     0     0  774  352  7  2 91  0  0
procs -----------memory---------- ---swap-- -----io---- -system-- ------cpu-----
 r  b   swpd   free   buff  cache   si   so    bi    bo   in   cs us sy id wa st
 2  0      0 24968732  51656 3937208    0    0     0     0  854  368  7  3 90  0  0
 1  0      0 25000744  51676 3911072    0    0     0 30960 1366  560  8  3 88  1  0
 1  0      0 24985892  51676 3924940    0    0     0     0  797  334  7  2 91  0  0
 1  0      0 24971784  51676 3938252    0    0     0     4  771  325  6  2 91  0  0
 1  0      0 24959940  51676 3951180    0    0     0     0  740  347  7  2 91  0  0
 3  0      0 24907796  51700 3996900    0    0     0 30960 1547  614 10  3 87  1  0
 1  0      0 24948636  51700 3947276    0    0     0     0 1328  806  8  4 88  0  0
 1  0      0 24935028  51700 3961144    0    0     0     0  808  379  7  2 91  0  0
 1  0      0 24922176  51700 3974384    0    0     0     0  947  534  7  2 91  0  0
 1  0      0 24910084  51700 3987712    0    0     0     0  841  380  7  2 91  0  0
 2  0      0 24917564  51724 3986636    0    0  3333 30972 3112 2440 13  4 82  1  0
 2  0      0 24857084  51736 4050676    0    0     0 48064 2027  925 13  5 80  1  0
 2  0      0 24793108  51744 4115440    0    0     0 48172 1701  659 14  3 83  1  0
 2  0      0 24730332  51752 4181752    0    0     0 48024 2239  924 15  4 80  1  0
 3  0      0 24661072  51764 4251380    0    0     0 48100 1312  768 14  3 82  1  0
 2  0      0 24611936  51788 4284352    0    0   128 31008 1463  640 16  5 79  0  0
 2  0      0 24882888  51824 4011808    0    0     0 110332 2981 1224 11  5 82  2  0
 1  0      0 24870044  51824 4024780    0    0     0     0  882  436  8  2 91  0  0
 1  0      0 24856768  51824 4037788    0    0     0     0  852  441  7  2 91  0  0
 2  0      0 24813108  51824 4082532    0    0     0     0  895  363 10  3 88  0  0
 1  0      0 24864256  51836 4034296    0    0     0 30960 1011  612  7  3 90  1  0
procs -----------memory---------- ---swap-- -----io---- -system-- ------cpu-----
 r  b   swpd   free   buff  cache   si   so    bi    bo   in   cs us sy id wa st
 1  0      0 24853680  51836 4048080    0    0     0   224 1454  810  8  4 88  0  0
 1  0      0 24837556  51836 4061196    0    0     0     0 1249  655  7  3 90  0  0
 2  0      0 24822700  51836 4073652    0    0     0   160  926  439  7  2 91  0  0
 1  0      0 24838076  51856 4056440    0    0     0 31008 1219  683 10  3 86  1  0
 1  0      0 24823464  51856 4070388    0    0     0     0  849  415  6  2 91  0  0
 1  0      0 24810872  51856 4084148    0    0     0     0  794  392  7  2 91  0  0
 2  0      0 24796268  51856 4097532    0    0     0     0 1240  622  6  4 90  0  0
 2  0      0 24771320  51860 4124264    0    0     0     0  809  359  8  2 90  0  0
 2  0      0 24771596  51880 4131240    0    0     0 30960 1155  591 13  4 83  1  0
 3  0      0 24708332  51900 4192260    0    0     0 70860 2119  954 13  4 82  1  0
 3  0      0 24629896  51900 4264784    0    0     0     0 1782  775 14  5 81  0  0
 2  0      0 24573156  51916 4325884    0    0     0 70988 2193  941 12  5 81  2  0
 2  1      0 24476408  51932 4419912    0    0     0 82916 2187  879 16  5 78  2  0
 1  1      0 24472652  51956 4420700    0    0     0 76060 1648  735 12  4 83  1  0
 2  0      0 24740700  51992 4159512    0    0     0 38068 1738  900 13  4 82  1  0
 2  0      0 24678204  52004 4220408    0    0     0 66028 1929  740 12  4 83  1  0
 1  1      0 24609684  52004 4289956    0    0     0  6116 1521  698 13  5 82  0  0
 1  0      0 24770064  52056 4132700    0    0     0 84168 2259 1342 10  3 85  2  0
 1  0      0 24754200  52056 4146892    0    0     0     0  849  394  6  3 91  0  0
 1  0      0 24739844  52056 4160520    0    0     0     0  808  399  7  2 91  0  0
 1  0      0 24726996  52056 4174196    0    0     0     0  844  406  7  2 91  0  0
procs -----------memory---------- ---swap-- -----io---- -system-- ------cpu-----
 r  b   swpd   free   buff  cache   si   so    bi    bo   in   cs us sy id wa st
 2  0      0 24693748  52060 4205636    0    0     0     0 1231  527  9  4 88  0  0
 1  0      0 24724244  52080 4170280    0    0     0 30964 1406  666  8  3 89  1  0
 1  0      0 24709884  52080 4184356    0    0     0    32  768  364  6  2 91  0  0
 1  0      0 24695776  52080 4197708    0    0     0     0  831  390  7  2 91  0  0
 1  0      0 24679904  52080 4211220    0    0     0     0  973  480  7  3 91  0  0
 2  0      0 24696064  52108 4198144    0    0     0 30964 1960  938 11  4 84  1  0
 2  0      0 24622000  52108 4271804    0    0     0     0 1544  829 13  4 83  0  0
 2  0      0 24566576  52128 4330052    0    0     0 92892 2114  964 12  3 83  2  0
 2  0      0 24494032  52128 4401660    0    0     0     0 1087  433 13  4 83  0  0
 1  1      0 24429292  52128 4462548    0    0     0 81740 1829  655 12  4 83  2  0
 2  0      0 24406876  52164 4497452    0    0     0 66276 2153  887 16  4 78  1  0
 2  0      0 24345660  52176 4558688    0    0     0 92792 2430  735 12  4 83  1  0
 2  0      0 24654860  52200 4249852    0    0     0 48092 1724  567 12  4 83  1  0
 2  0      0 24587996  52200 4316860    0    0     0     0 1111  461 14  3 83  0  0
 3  0      0 24517020  52212 4388288    0    0     0 66020 1785  723 14  4 81  1  0
 1  0      0 24657524  52256 4239388    0    0     0 108504 3136 1143 14  4 80  1  0
 1  0      0 24642408  52256 4252772    0    0     0     0  805  377  7  2 91  0  0
 1  0      0 24629304  52256 4266156    0    0     0   264  857  374  6  2 91  0  0
 1  0      0 24615708  52256 4279132    0    0     0     0  880  483  7  2 91  0  0
 1  1      0 24570372  52256 4324988    0    0     0 30868 1370  554 10  3 87  1  0
 1  0      0 24622792  52276 4275676    0    0     0   100  981  548  7  2 91  0  0
procs -----------memory---------- ---swap-- -----io---- -system-- ------cpu-----
 r  b   swpd   free   buff  cache   si   so    bi    bo   in   cs us sy id wa st
 1  0      0 24608720  52276 4289740    0    0     0     0  816  365  6  2 91  0  0
 1  0      0 24595444  52276 4303392    0    0     0     4  853  386  7  2 91  0  0
 1  0      0 24582492  52276 4316716    0    0     0     0  798  398  7  2 91  0  0
 2  0      0 24574940  52304 4323284    0    0     0 30976 1563  624 13  4 83  1  0
 1  1      0 24510448  52304 4387560    0    0     0 55276 1713  605 12  4 83  1  0
 2  0      0 24441408  52316 4456332    0    0     0 17268 1429  544 14  3 83  0  0
 2  0      0 24368604  52316 4529296    0    0     0     8 1083  377 14  3 83  0  0
 3  0      0 24290624  52340 4606140    0    0  3333 113744 4152 2825 14  4 79  2  0
 3  0      0 24265436  52360 4631640    0    0     0 30976 1643  655 15  4 81  0  0
 2  0      0 24209256  52368 4689760    0    0     0 113964 2260  883 12  3 83  2  0
 3  0      0 24542936  52388 4356728    0    0     0 70772 1993  804 12  4 83  1  0
 2  0      0 24473892  52388 4424740    0    0     0    16 1011  321 13  4 83  0  0
 2  0      0 24440992  52420 4456264    0    0     0 96984 2364  928 15  5 78  2  0
 2  0      0 24377904  52428 4519632    0    0     0 65964 1948  815 13  3 83  1  0
 1  0      0 24538764  52452 4354144    0    0     0 29084 1318  658  7  3 90  0  0
 1  0      0 24525420  52452 4367908    0    0     0     0  957  520  6  2 91  0  0
 1  0      0 24512608  52452 4381256    0    0     0    12  798  370  7  2 91  0  0
 1  0      0 24538132  52476 4364360    0    0     0 30976 1489  738 10  3 86  1  0
 1  0      0 24523648  52476 4378344    0    0     0     0  860  407  7  2 91  0  0
 1  0      0 24509536  52476 4391868    0    0     0     0  949  456  6  3 91  0  0
 1  0      0 24495936  52476 4405492    0    0     0     0  935  444  6  2 91  0  0
procs -----------memory---------- ---swap-- -----io---- -system-- ------cpu-----
 r  b   swpd   free   buff  cache   si   so    bi    bo   in   cs us sy id wa st
 2  0      0 24452872  52476 4445192    0    0     0     0  927  419  9  3 88  0  0
 2  0      0 24447580  52500 4450520    0    0     0 30960 1642  645 13  4 83  1  0
 2  0      0 24384076  52512 4513396    0    0     0 85424 2362  854 13  3 83  1  0
 2  0      0 24310756  52512 4586692    0    0     0     0 1048  386 13  4 83  0  0
 2  0      0 24235196  52512 4661164    0    0     0     0 1119  481 13  4 83  0  0
 2  0      0 24219076  52532 4685208    0    0     0 162872 3015 1201 15  4 78  3  0
 2  0      0 24149556  52544 4752940    0    0     0 55776 1863  691 13  3 83  1  0
 2  0      0 24073968  52544 4826816    0    0     0     0 1085  440 13  4 83  0  0
 2  0      0 24411920  52568 4490020    0    0     0 97068 2344  901 11  4 83  2  0
 3  0      0 24342368  52584 4561584    0    0     0 66024 1862  736 13  4 81  1  0
 2  0      0 24311396  52608 4585360    0    0     0 31000 1489  530 16  4 80  1  0
 2  0      0 24252428  52620 4644616    0    0     0 66208 1726  659 12  4 83  1  0
 3  0      0 24193736  52632 4703392    0    0     0 65980 1994  760 12  4 83  1  0
 1  0      0 24431676  52656 4466160    0    0     0 34340 1350  619  8  3 89  1  0
 2  1      0 24385820  52656 4512172    0    0     0 16348 1285  554 10  3 87  0  0
 1  0      0 24438476  52676 4462912    0    0     0 14672 1130  467  6  3 91  0  0
 1  0      0 24424616  52676 4476504    0    0     0     0  927  476  6  3 91  0  0
 1  0      0 24412272  52676 4489424    0    0     0    60  864  420  7  2 91  0  0
 1  0      0 24399420  52676 4502132    0    0     0     0  862  401  6  2 91  0  0
 2  0      0 24398420  52700 4500184    0    0     0 30996 1426  625 12  3 84  1  0
 1  1      0 24332160  52700 4564884    0    0     0 28636 1484  494 13  4 83  1  0
procs -----------memory---------- ---swap-- -----io---- -system-- ------cpu-----
 r  b   swpd   free   buff  cache   si   so    bi    bo   in   cs us sy id wa st
 2  0      0 24266400  52712 4630588    0    0     0 36476 1470  555 13  3 83  1  0
 2  0      0 24200136  52720 4696888    0    0     0 54664 1948  779 13  3 83  1  0
 3  0      0 24132868  52732 4765072    0    0     0 70704 2193  746 13  4 82  1  0
 2  0      0 24100888  52748 4802096    0    0     0 31112 1801  674 16  5 79  0  0
 1  1      0 24035376  52748 4865464    0    0     0 85960 2137  620 12  4 83  1  0
 2  0      0 24351064  52784 4553600    0    0     0 75852 2394  934 12  4 83  1  0
 1  1      0 24284536  52784 4619084    0    0     0 21512 1450  511 14  3 83  0  0
 2  1      0 24183036  52792 4714112    0    0     0 56788 2110  687 16  4 79  1  0
 2  0      0 24316548  52836 4578592    0    0     0 70792 1902  859 13  4 82  1  0
 2  0      0 24255312  52848 4639484    0    0     0 65992 1708  624 13  3 83  1  0
 2  0      0 24194608  52860 4700456    0    0     0 66092 1727  741 12  3 83  1  0
 1  0      0 24340972  52872 4554364    0    0     0 46844 1652  764 12  4 83  1  0
 1  0      0 24361372  52900 4537228    0    0     0 31000 1397  600 10  3 87  1  0
 1  0      0 24346512  52900 4551920    0    0     0     0  892  477  7  2 91  0  0
 1  0      0 24332400  52900 4566040    0    0     0     0  745  307  7  2 91  0  0
 1  0      0 24318792  52900 4579656    0    0     0     4  778  391  6  2 91  0  0
 2  0      0 24281796  52900 4617428    0    0     0    36  995  429  9  2 88  0  0
 2  0      0 24273224  52920 4623360    0    0     0 31012 1469  660 13  4 83  1  0
 2  0      0 24212708  52924 4683652    0    0     0 73088 1876  709 12  3 83  1  0
 2  0      0 24146700  52932 4749700    0    0     0 68532 1958  703 13  3 83  1  0
 2  1      0 24073904  52932 4821448    0    0     0 20096 1270  450 14  3 83  0  0
procs -----------memory---------- ---swap-- -----io---- -system-- ------cpu-----
 r  b   swpd   free   buff  cache   si   so    bi    bo   in   cs us sy id wa st
 2  0      0 24039392  52948 4859792    0    0     0 68992 2332  880 16  4 79  1  0
 2  0      0 23964088  52948 4933984    0    0     0    80 1088  409 14  3 83  0  0
 2  0      0 24277876  52976 4620692    0    0     0 146924 3133 1165 11  3 83  2  0
 2  0      0 24208832  52976 4691808    0    0     0     0 1055  332 13  4 83  0  0
 3  0      0 24140556  52980 4762272    0    0   548 66020 2249 1235 13  4 81  1  0
 2  0      0 24110444  53000 4778600    0    0  2785 97060 3550 2327 15  4 79  2  0
 1  1      0 24045680  53000 4843144    0    0     0 36816 1548  583 13  3 83  1  0
 1  1      0 23980932  53000 4907180    0    0     0 41508 1642  623 13  4 83  1  0
 1  0      0 24258940  53012 4627400    0    0     0 37260 1364  612  7  2 90  1  0
 1  1      0 24213840  53012 4673444    0    0     0 20464 1265  540 10  3 87  0  0
 1  0      0 24265488  53020 4624172    0    0     0 10592 1105  596  6  2 91  0  0
 1  0      0 24252132  53020 4638156    0    0     0     0  857  417  6  2 91  0  0
 1  0      0 24239284  53020 4651780    0    0     0     0  962  491  6  3 91  0  0
 1  0      0 24226436  53020 4664952    0    0     0    56  755  314  7  2 91  0  0
 4  0      0 24220632  53040 4668568    0    0     0 31020 1602  693 13  4 83  1  0
 2  0      0 24156640  53044 4732524    0    0     0 60648 1970  673 13  4 83  1  0
 1  1      0 24085336  53044 4803824    0    0     0  4036 1175  475 13  4 83  0  0
 2  0      0 24022352  53052 4866512    0    0     0 61540 1842  684 12  3 83  1  0
 3  0      0 23944772  53056 4944892    0    0     0 83996 2198  771 13  4 81  2  0
 2  0      0 23932964  53080 4964164    0    0     0 31076 1767  751 14  5 80  0  0
 2  0      0 24205816  53128 4691204    0    0     0 104960 2985 1183 12  4 82  1  0
procs -----------memory---------- ---swap-- -----io---- -system-- ------cpu-----
 r  b   swpd   free   buff  cache   si   so    bi    bo   in   cs us sy id wa st
 2  0      0 24138072  53128 4759016    0    0     0     0 1161  455 13  4 83  0  0
 2  0      0 24076044  53140 4820680    0    0     0 66028 2113  822 13  3 83  1  0
 3  0      0 24004276  53140 4890768    0    0     0 65988 1948  706 14  4 81  1  0
 1  0      0 24199288  53176 4686680    0    0     0 63836 2309 1100 10  3 85  1  0
 1  0      0 24184432  53176 4700864    0    0     0   296  900  394  7  2 91  0  0
 1  0      0 24170428  53176 4714548    0    0     0     0 1156  593  7  2 91  0  0
 1  0      0 24156244  53176 4727732    0    0     0     0  987  502  7  2 91  0  0
 1  0      0 24183500  53192 4710172    0    0     0 31024 1440  659 10  3 86  1  0
 1  0      0 24168636  53192 4724220    0    0     0     0  905  470  6  2 91  0  0
 1  0      0 24156824  53192 4737724    0    0     0     0 1099  533  7  2 91  0  0
 1  0      0 24143472  53192 4750840    0    0     0    40  980  524  6  2 91  0  0
 2  0      0 24130160  53192 4764104    0    0     0     0  873  470  7  2 91  0  0
 2  0      0 24114764  53212 4774516    0    0     0 31016 1437  598 12  4 83  1  0
 2  0      0 24050532  53224 4837244    0    0     0 48200 1759  643 12  4 83  1  0
 2  0      0 23984048  53236 4901236    0    0     0 60228 1894  671 12  4 83  1  0
 1  1      0 23915532  53236 4969536    0    0     0 24472 1307  437 13  4 83  0  0
 3  0      0 23830864  53248 5055508    0    0     0 44552 1663  563 15  4 80  1  0
 2  0      0 23825596  53280 5067076    0    0     0 95620 2415 1012 13  4 81  2  0
 2  0      0 23760608  53292 5132960    0    0     0 46772 1499  570 13  3 83  1  0
 2  0      0 24067080  53340 4827668    0    0     0 56932 1637  757 12  4 83  1  0
 2  0      0 24006856  53348 4888032    0    0     0 66272 2077  651 13  3 83  1  0
procs -----------memory---------- ---swap-- -----io---- -system-- ------cpu-----
 r  b   swpd   free   buff  cache   si   so    bi    bo   in   cs us sy id wa st
 2  0      0 24080648  53392 4803100    0    0     0 63428 1988  866 16  4 79  1  0
 2  0      0 24019676  53404 4862696    0    0     0 65988 1589  555 12  4 83  1  0
 2  0      0 23951912  53404 4929904    0    0     0   112 1048  329 13  4 83  0  0
 2  0      0 23890704  53416 4991020    0    0     0 65984 1902  660 12  4 83  1  0
 1  0      0 24067048  53436 4810812    0    0     0 46180 1279  602  8  3 89  1  0
 1  0      0 24094000  53460 4794032    0    0     0 31004 1354  539  9  3 87  1  0
 1  0      0 24079388  53460 4808172    0    0     0     0  736  295  6  2 91  0  0
 1  0      0 24065028  53460 4821904    0    0     0     0  759  341  7  2 91  0  0
 1  0      0 24051932  53460 4835484    0    0     0    48  795  336  7  2 91  0  0
 2  0      0 24010364  53460 4875812    0    0     0     0  842  329 10  2 88  0  0
 2  0      0 24007832  53484 4879988    0    0     0 31000 1615  618 13  3 83  1  0
 2  0      0 23943588  53492 4943528    0    0     0 63116 1884  625 12  4 83  1  0
 2  0      0 23877592  53504 5009184    0    0     0 54024 1922  621 13  4 83  1  0
 2  0      0 23816112  53512 5070616    0    0     0 71240 1891  631 12  4 83  1  0
 1  1      0 23783640  53528 5110976    0    0     0 47308 1800  607 17  5 78  1  0
 2  0      0 23715912  53540 5177352    0    0     0 45676 1652  565 13  4 83  1  0
 2  0      0 24019544  53568 4873020    0    0     0 93708 2260  966 12  3 83  1  0
 2  0      0 23952548  53568 4940940    0    0     0     0 1040  325 13  4 83  0  0
 2  0      0 23894628  53576 4998124    0    0     0 66032 1742  614 12  4 83  1  0
 3  0      0 24022804  53624 4862020    0    0     0 106088 2417 1167 15  5 78  2  0
 2  0      0 23956792  53624 4931096    0    0     0     0 1071  347 13  4 83  0  0
procs -----------memory---------- ---swap-- -----io---- -system-- ------cpu-----
 r  b   swpd   free   buff  cache   si   so    bi    bo   in   cs us sy id wa st
 2  0      0 23895560  53632 4991260    0    0     0 66096 2052  623 12  3 83  1  0
 1  1      0 23835856  53640 5051576    0    0     0 70024 2074  675 12  4 83  1  0
 2  0      0 23960272  53656 4917584    0    0  3333 11572 2676 2056 10  3 87  0  0
 1  0      0 23998608  53680 4877632    0    0     0 31000 1291  556  7  3 89  1  0
 1  0      0 23985252  53680 4891116    0    0     0     0  744  317  7  2 91  0  0
 1  0      0 23971392  53680 4904400    0    0     0     0  774  324  6  2 91  0  0
 1  0      0 23958040  53680 4917904    0    0     0    40  768  308  7  2 91  0  0
 2  0      0 23969216  53704 4910928    0    0     0 30992 1509  662 12  3 85  1  0
 2  0      0 23897576  53704 4982144    0    0     0   108 1033  320 14  3 83  0  0
 2  0      0 23834588  53716 5044332    0    0     0 77412 1659  636 12  3 83  1  0
 2  0      0 23770860  53724 5107536    0    0     0 71172 1898  679 12  4 83  1  0
 3  1      0 23705864  53724 5174100    0    0     0 63528 1730  602 13  3 82  1  0
 2  0      0 23678124  53760 5209384    0    0     0 31172 1610  744 16  4 79  0  0
 2  0      0 23613176  53764 5271904    0    0     0 78996 2188  766 13  3 83  1  0
 2  0      0 23915500  53788 4970332    0    0     0 51216 1792  624 12  4 83  1  0
 1  1      0 23853760  53788 5032880    0    0     0 32768 1358  476 12  4 83  1  0
 4  0      0 23773160  53800 5110528    0    0     0 33248 1861  727 16  4 79  1  0
 2  0      0 23759168  53828 5122188    0    0     0 96984 3319 1523 18  5 75  2  0
 2  0      0 23914308  53852 4968524    0    0     0 49888 2837 1746 14  4 81  1  0
 2  0      0 23854596  53864 5027612    0    0     0 66028 2300 1163 13  4 83  1  0
 2  0      0 23787008  53864 5093704    0    0     0     0 1203  446 14  3 83  0  0
procs -----------memory---------- ---swap-- -----io---- -system-- ------cpu-----
 r  b   swpd   free   buff  cache   si   so    bi    bo   in   cs us sy id wa st
 2  0      0 23889152  53888 4986128    0    0     0 81164 2359  936 12  4 82  1  0
 1  0      0 23930428  53916 4945408    0    0     0 31028 2271 1198  8  4 87  0  0
 1  0      0 23916676  53916 4958852    0    0     0    12  964  528  6  2 91  0  0
 1  0      0 23902820  53916 4972432    0    0     0     0  874  454  6  2 91  0  0
 1  0      0 23889720  53916 4985584    0    0     0     0  843  401  6  2 91  0  0
 2  0      0 23902068  53932 4975164    0    0     0 31024 1573  774 10  4 85  1  0
 2  0      0 23833024  53932 5043292    0    0     0     0 1139  470 14  3 83  0  0
 2  0      0 23768284  53940 5106976    0    0     0 80560 2462  832 12  4 83  1  0
 1  1      0 23702524  53940 5173132    0    0     0 40852 1639  624 13  3 83  1  0
 2  0      0 23638280  53948 5237428    0    0     0 39036 1556  534 12  4 83  1  0
 2  0      0 23616116  53968 5266852    0    0     0 104476 2765 1215 16  4 78  2  0
 1  1      0 23541548  53968 5340668    0    0     0  3276 1192  435 14  3 83  0  0
 2  0      0 23836056  54000 5046232    0    0     0 91632 2267  922 11  4 83  2  0
 2  0      0 23775576  54008 5106684    0    0     0 66032 2108  740 12  4 83  1  0
 3  0      0 23690424  54008 5190504    0    0     0     0 1067  354 15  4 81  0  0
 2  0      0 23669016  54036 5205628    0    0     0 96996 2539  974 14  4 80  2  0
 2  0      0 23819056  54052 5049664    0    0     0 82384 2344 1002 12  4 83  1  0
 1  0      0 23846004  54052 5025780    0    0     0     0  828  355  6  2 91  0  0
 1  0      0 23831920  54052 5038936    0    0     0     4  917  501  6  2 91  0  0
 1  0      0 23854080  54080 5021916    0    0     0 31036 1367  574 10  3 87  1  0
 1  0      0 23839496  54080 5035892    0    0     0     0  899  410  7  2 91  0  0
procs -----------memory---------- ---swap-- -----io---- -system-- ------cpu-----
 r  b   swpd   free   buff  cache   si   so    bi    bo   in   cs us sy id wa st
 1  0      0 23824628  54080 5050080    0    0     0     0  845  436  6  2 91  0  0
 1  0      0 23810772  54080 5063836    0    0     0     0  813  403  6  2 91  0  0
 5  0      0 23795904  54080 5083292    0    0     0   108  912  450  7  2 90  0  0
 2  0      0 23780268  54104 5092664    0    0     0 31020 1507  559 13  4 83  1  0
 2  0      0 23717020  54112 5156344    0    0     0 69460 2076  794 13  3 83  1  0
 2  0      0 23646992  54112 5226648    0    0     0   180 1135  434 14  3 83  0  0
 2  0      0 23582756  54116 5290352    0    0     0 71180 2358  869 12  4 83  1  0
 3  0      0 23491040  54120 5382180    0    0     0 77044 2176  734 15  4 79  1  0
 2  0      0 23486504  54132 5389472    0    0     0 82856 2096  891 13  4 82  1  0
 2  0      0 23418992  54152 5456440    0    0     0 63880 1827  829 12  4 83  1  0
 2  0      0 23739572  54176 5136532    0    0     0 27956 1427  640 13  4 83  1  0
 2  0      0 23679348  54188 5196096    0    0     0 66036 1927  682 12  3 83  1  0
 2  0      0 23636792  54200 5234604    0    0     0 31300 1541  611 17  5 78  1  0
 2  0      0 23575304  54204 5295780    0    0     0 65968 1925  724 13  3 83  1  0
 3  0      0 23722808  54224 5149004    0    0     0 45184 1786  812 12  4 83  1  0
 2  0      0 23661068  54228 5209796    0    0     0 66012 1998  731 13  3 83  1  0
 3  0      0 23591012  54244 5281572    0    0     0 65980 1778  750 13  4 82  1  0
 2  0      0 23569864  54268 5306424    0    0     0 30996 1637  750 15  5 80  1  0
 2  0      0 23725212  54296 5151196    0    0     0 91160 1963  929 11  4 83  2  0
 1  0      0 23759064  54296 5111888    0    0     0     0  856  436  6  2 91  0  0
 1  0      0 23740760  54296 5124900    0    0  3333     0 2935 2707  7  3 90  0  0
procs -----------memory---------- ---swap-- -----io---- -system-- ------cpu-----
 r  b   swpd   free   buff  cache   si   so    bi    bo   in   cs us sy id wa st
 2  1      0 23692628  54296 5171204    0    0     0 24540 1199  541  9  3 87  1  0
 3  0      0 23692876  54316 5174536    0    0     0  6488 1149  460 13  3 83  0  0
 2  0      0 23628872  54324 5236740    0    0     0 72168 1868  663 12  4 83  1  0
 2  0      0 23556572  54324 5308228    0    0     0     0 1070  414 13  4 83  0  0
 2  0      0 23501648  54328 5365932    0    0     0 96928 2363  877 12  3 83  2  0
 2  0      0 23470396  54352 5400084    0    0     0 79384 2434 1001 16  4 78  1  0
 2  0      0 23406156  54364 5463716    0    0     0 68660 1955  699 13  4 83  1  0
 2  0      0 23691596  54376 5179248    0    0     0 41844 1559  654 12  4 83  1  0
 1  1      0 23628848  54376 5241788    0    0     0 61424 1779  694 13  3 83  1  0
 3  0      0 23558556  54388 5313548    0    0     0  4604 1110  506 14  4 82  0  0
 2  0      0 23715608  54448 5149120    0    0     0 123840 2422 1144 15  4 79  2  0
 2  0      0 23648084  54448 5219520    0    0     0    12 1081  417 13  4 83  0  0
 2  0      0 23587352  54460 5280644    0    0     0 66004 1609  640 12  4 83  1  0
 2  0      0 23525876  54464 5341384    0    0     0 65968 1818  844 12  4 83  1  0
 2  1      0 23432924  54468 5434704    0    0     0 40728 1566  580 15  5 79  1  0
 2  0      0 23439468  54496 5436032    0    0     0 56248 1728  845 13  4 82  1  0
 2  0      0 23673192  54512 5201720    0    0     0 88872 2247 1084 12  3 83  2  0
 1  0      0 23694420  54512 5177640    0    0     0   116  797  333  7  2 91  0  0
 1  0      0 23681064  54512 5191236    0    0     0     0  840  378  6  3 91  0  0
 2  0      0 23677268  54536 5189852    0    0     0 31036 1562  663 12  3 85  1  0
 2  0      0 23612508  54536 5253000    0    0     0 63504 2068  715 13  3 83  1  0
procs -----------memory---------- ---swap-- -----io---- -system-- ------cpu-----
 r  b   swpd   free   buff  cache   si   so    bi    bo   in   cs us sy id wa st
 2  0      0 23538924  54536 5326300    0    0     0     0 1028  356 13  4 83  0  0
 2  0      0 23480724  54544 5387676    0    0     0 100128 2400  772 12  3 83  1  0
 3  0      0 23398348  54544 5470144    0    0     0     0 1116  411 15  4 82  0  0
 2  0      0 23381972  54564 5488004    0    0     0 101364 2448 1016 14  4 80  2  0
 3  0      0 23318980  54572 5551716    0    0     0 60488 1870  623 13  3 83  1  0
 2  0      0 23594968  54592 5275532    0    0     0 28280 1408  615 12  4 83  1  0
 2  0      0 23535004  54604 5335216    0    0     0 66024 1862  619 13  3 83  1  0
 3  0      0 23553508  54624 5316432    0    0     0 30228 1559  586 16  4 79  1  0
 2  0      0 23550724  54656 5316052    0    0     0 96980 2105  858 12  4 82  2  0
 2  0      0 23488256  54664 5377204    0    0     0 65976 2165  694 13  3 83  1  0
 2  0      0 23418532  54664 5445848    0    0     0     0 1614  735 14  5 81  0  0
 2  0      0 23357264  54668 5506980    0    0     0 65972 2069  996 12  4 83  1  0
 1  0      0 23653648  54712 5216324    0    0     0 79008 2219  977 11  4 84  1  0
 1  0      0 23639048  54712 5230240    0    0     0     0 1154  598  7  3 91  0  0
 1  0      0 23624940  54712 5244204    0    0     0     0 1023  633  6  2 91  0  0
 1  0      0 23610832  54712 5257808    0    0     0     0 1152  652  7  3 90  0  0
 2  0      0 23588404  54712 5280260    0    0     0     0  993  515  8  3 90  0  0
 2  0      0 23577304  54728 5286952    0    0     0 31004 1486  634 13  4 83  1  0
 2  0      0 23519600  54728 5344036    0    0     0     0 1096  433 14  3 83  0  0
 2  0      0 23459412  54736 5403608    0    0     0 80228 1984  790 12  4 83  1  0
 2  0      0 23398668  54744 5465284    0    0     0 74704 1953  758 13  3 83  1  0
procs -----------memory---------- ---swap-- -----io---- -system-- ------cpu-----
 r  b   swpd   free   buff  cache   si   so    bi    bo   in   cs us sy id wa st
 3  0      0 23300916  54744 5563244    0    0     0     8 1101  325 17  4 79  0  0
 2  0      0 23299644  54764 5562684    0    0     0 103720 2275 1205 12  4 81  3  0
 2  0      0 23237668  54768 5624452    0    0     0 72180 1978  794 12  4 83  1  0
 2  0      0 23543620  54780 5319016    0    0     0 48180 1734  729 12  4 83  1  0
 1  1      0 23475844  54780 5384828    0    0     0 37888 1615  626 13  4 83  1  0
 2  0      0 23444832  54800 5415008    0    0     0 59176 1970  726 16  4 78  1  0
 2  0      0 23383604  54800 5476024    0    0     0 65960 2063  785 12  4 83  1  0
 3  0      0 23558168  54832 5298468    0    0     0 66444 2230  806 12  3 83  1  0
 2  0      0 23490136  54832 5368704    0    0     0     0  955  324 13  3 83  0  0
 2  0      0 23427640  54836 5430460    0    0     0 66000 2198  699 13  3 83  1  0
 2  0      0 23405448  54852 5460016    0    0     0 97084 2362  979 15  4 78  2  0
 2  0      0 23342464  54852 5522948    0    0     0 65972 2140  707 13  3 83  1  0
 2  0      0 23275216  54852 5588412    0    0     0     0 1015  378 13  4 83  0  0
 1  0      0 23553852  54872 5310580    0    0     0 74924 1835 1009 10  3 86  2  0
 2  0      0 23519332  54872 5343756    0    0     0     0  867  431  8  3 89  0  0
 2  0      0 23510796  54896 5350484    0    0     0 31260 1394  530 13  4 83  1  0
 2  0      0 23440952  54904 5419028    0    0     0 61312 1974  640 13  4 83  1  0
 2  0      0 23378824  54912 5480912    0    0  3333 66320 3644 2384 13  4 82  1  0
 2  0      0 23314588  54920 5544812    0    0     0 56176 1476  629 12  4 83  1  0
 2  0      0 23279824  54932 5583616    0    0     0 31040 1560  581 16  4 78  0  0
 2  0      0 23218100  54936 5645056    0    0     0 82604 1969  734 12  4 83  1  0
procs -----------memory---------- ---swap-- -----io---- -system-- ------cpu-----
 r  b   swpd   free   buff  cache   si   so    bi    bo   in   cs us sy id wa st
 2  0      0 23491568  54956 5371004    0    0     0 51976 1524  676 13  3 83  1  0
 2  0      0 23431592  54956 5431132    0    0     0 66036 1870  721 13  3 83  1  0
 2  0      0 23367536  54956 5496312    0    0     0     0 1056  418 14  3 83  0  0
 2  0      0 23332564  54976 5525740    0    0     0 96980 2373  980 16  4 78  2  0
 1  0      0 23517348  54996 5337156    0    0     0 58024 1620  600 10  3 87  1  0
 1  0      0 23502232  54996 5351228    0    0     0     4  878  456  7  2 91  0  0
 1  0      0 23488628  54996 5364276    0    0     0     0  749  348  7  2 91  0  0
 2  0      0 23457632  55000 5396028    0    0     0     0  887  387  9  2 89  0  0
 1  0      0 23490916  55028 5360856    0    0     0 31028 1250  622  8  3 89  1  0
 1  0      0 23476804  55028 5374996    0    0     0     0  811  352  6  2 91  0  0
 1  0      0 23464240  55028 5388072    0    0     0     0  793  364  6  2 91  0  0
 1  0      0 23451136  55028 5401368    0    0     0     0  809  390  6  3 91  0  0
 2  0      0 23466756  55060 5388816    0    0     0 30992 1511  647 11  3 86  1  0
 1  1      0 23396720  55060 5458996    0    0     0  3708 1136  477 13  3 83  0  0
 2  0      0 23334324  55076 5521460    0    0     0 56548 1646  602 13  3 83  1  0
 2  0      0 23272044  55088 5584204    0    0     0 59436 1526  614 13  3 83  1  0
 2  0      0 23209812  55104 5645696    0    0     0 68936 1818  645 13  3 83  1  0
 1  1      0 23176700  55124 5682356    0    0     0 71864 1896  796 17  3 78  1  0
 2  0      0 23108688  55132 5749616    0    0     0 26728 1299  522 13  3 83  1  0
 3  0      0 23046456  55136 5811560    0    0     0 62384 1767  641 12  4 83  1  0
 2  0      0 23372448  55160 5487468    0    0     0 47068 1696  654 13  4 83  1  0
procs -----------memory---------- ---swap-- -----io---- -system-- ------cpu-----
 r  b   swpd   free   buff  cache   si   so    bi    bo   in   cs us sy id wa st
 3  0      0 23299872  55172 5562284    0    0     0 66032 1997  738 13  5 81  1  0
 1  1      0 23276928  55196 5580740    0    0     0 33060 1632  579 15  4 81  0  0
 2  0      0 23222008  55204 5640864    0    0     0 63924 1796  715 12  3 83  1  0
 2  0      0 23415612  55232 5446660    0    0     0 79432 2080  871 12  4 83  1  0
 2  0      0 23345052  55232 5516400    0    0     0   304 1212  517 13  4 83  0  0
 2  0      0 23316060  55256 5545356    0    0     0 97032 2440  979 16  4 78  1  0
 2  0      0 23254324  55264 5606468    0    0     0 65956 1994  724 12  4 83  1  0
 2  0      0 23194876  55272 5665332    0    0     0 65972 2016  787 12  4 83  1  0
 1  0      0 23419208  55296 5441076    0    0     0 28932 1469  586 10  3 87  0  0
 2  0      0 23404860  55296 5454472    0    0     0     0  805  382  6  2 91  0  0
 2  0      0 23398548  55320 5461324    0    0     0 31008 1239  614 13  3 83  1  0
 2  0      0 23339584  55332 5519608    0    0     0 67432 1900  731 12  4 83  1  0
 2  0      0 23267008  55332 5592880    0    0     0     0 1105  413 13  4 83  0  0
 2  0      0 23205532  55340 5654032    0    0     0 73464 2067  681 13  3 83  1  0
 3  0      0 23122904  55348 5736516    0    0     0 71268 1889  662 14  4 81  1  0
 2  0      0 23107268  55376 5755060    0    0     0 88424 2019  856 14  3 81  1  0
 2  0      0 23033720  55376 5829124    0    0     0     0  952  334 14  3 83  0  0
 2  0      0 23348868  55404 5514204    0    0     0 81032 2146  794 11  4 83  1  0
 2  0      0 23289908  55412 5571368    0    0     0 66020 1913  575 13  3 83  1  0
 2  0      0 23251612  55432 5606548    0    0     0 31000 1252  534 17  4 78  1  0
 2  0      0 23188116  55436 5670112    0    0     0 65960 2009  687 13  4 83  1  0
procs -----------memory---------- ---swap-- -----io---- -system-- ------cpu-----
 r  b   swpd   free   buff  cache   si   so    bi    bo   in   cs us sy id wa st
 2  0      0 23329952  55452 5528800    0    0     0 37296 1499  540 13  4 83  1  0
 2  0      0 23268972  55464 5588540    0    0     0 66008 1902  641 12  4 83  1  0
 2  0      0 23210524  55472 5646176    0    0     0 65968 1827  634 12  3 83  1  0
 2  0      0 23183576  55492 5681460    0    0     0 30992 1229  603 16  5 78  1  0
 2  0      0 23120852  55500 5744240    0    0     0 65980 1713  614 12  4 83  1  0
 2  0      0 23086704  55532 5773888    0    0     0 81224 2144  905 12  4 83  1  0
 1  0      0 23371268  55532 5492968    0    0     0     0  705  303  7  2 91  0  0
 2  0      0 23335232  55532 5526892    0    0     0     0  758  327  9  3 89  0  0
 2  0      0 23325648  55560 5531804    0    0     0 31024 1058  541 13  4 83  1  0
 3  0      0 23263404  55572 5593268    0    0     0 60276 1573  567 12  4 83  1  0
 4  0      0 23198664  55584 5657580    0    0     0 74380 1939  682 12  4 83  1  0
 2  0      0 23128620  55584 5727164    0    0     0     0  964  332 13  4 83  0  0
 2  0      0 23099216  55616 5761280    0    0     0 97356 2205  943 16  4 78  2  0
 2  0      0 23031892  55624 5827560    0    0     0 74644 2155  762 12  4 83  1  0
 2  0      0 23321056  55652 5537660    0    0  3333 60296 3685 2425 13  4 82  1  0
 2  0      0 23256320  55652 5603652    0    0     0     0 1022  381 13  4 83  0  0
 2  0      0 23197352  55664 5662740    0    0     0 66012 1970  680 13  3 83  1  0
 2  0      0 23164844  55680 5691900    0    0     0 96960 2271  875 16  4 79  1  0
 2  0      0 23102612  55688 5753836    0    0     0 65968 2003  714 12  4 83  1  0
 2  0      0 23037092  55688 5818916    0    0     0     0 1013  338 13  4 83  0  0
 2  0      0 23037492  55720 5813104    0    0     0 92280 2214  966 12  3 83  2  0
procs -----------memory---------- ---swap-- -----io---- -system-- ------cpu-----
 r  b   swpd   free   buff  cache   si   so    bi    bo   in   cs us sy id wa st
 2  0      0 23297220  55720 5553888    0    0     0     0  754  320  7  3 90  0  0
 1  0      0 23322412  55740 5531316    0    0     0 30992  987  510  9  3 87  1  0
 1  0      0 23309056  55740 5545368    0    0     0     0  722  341  6  2 91  0  0
 1  0      0 23295448  55740 5558540    0    0     0     0  713  304  6  2 91  0  0
 1  0      0 23282596  55740 5571576    0    0     0     0  698  306  7  2 91  0  0
 2  0      0 23241284  55740 5612908    0    0     0     0  872  325 10  3 88  0  0
 2  0      0 23238008  55760 5617904    0    0     0 30992 1148  553 13  3 83  1  0
 2  0      0 23175264  55772 5680416    0    0     0 79320 2013  645 12  3 83  2  0
 2  0      0 23110500  55784 5745648    0    0     0 62012 1923  589 13  3 83  1  0
 2  0      0 23041452  55784 5814840    0    0     0     0 1003  326 13  4 83  0  0
 2  0      0 23015780  55816 5847748    0    0     0 99712 2372  953 16  4 78  2  0
 2  0      0 22948268  55824 5914232    0    0     0 68788 2050  663 12  4 83  1  0
 3  0      0 22884788  55836 5977684    0    0     0 63092 2085  672 12  4 83  1  0
 3  0      0 23217320  55856 5645784    0    0     0 32576 1491  613 13  4 83  0  0
 3  0      0 23160372  55868 5704596    0    0     0 66036 1718  606 13  3 83  1  0
 2  0      0 23118288  55892 5738760    0    0     0 31004 1313  612 17  4 79  0  0
 2  0      0 23055304  55896 5801332    0    0     0 65968 2004  673 12  4 83  1  0
 3  0      0 22993048  55900 5859928    0    0     0 65976 2527 1201 14  4 81  1  0
 2  0      0 23209008  55920 5647224    0    0     0 31012 2327 1175 13  5 81  1  0
 3  0      0 23128480  55932 5729532    0    0     0 66020 2191  809 15  4 80  1  0
 2  1      0 23115792  55948 5745500    0    0     0 33040 1611  848 14  5 80  0  0
procs -----------memory---------- ---swap-- -----io---- -system-- ------cpu-----
 r  b   swpd   free   buff  cache   si   so    bi    bo   in   cs us sy id wa st
 2  0      0 23056332  55956 5805472    0    0     0 63932 2052  704 11  5 83  1  0
 2  0      0 22995604  55964 5866628    0    0     0 65972 2076  791 12  4 83  1  0
 1  0      0 23250812  55992 5611744    0    0     8 30584 2057 1082  8  4 88  0  0
 2  0      0 23263152  56012 5597664    0    0     0 31344 1194  615 11  3 86  1  0
 1  1      0 23189576  56012 5670276    0    0     0 12300 1164  395 13  4 83  0  0
 2  0      0 23122544  56020 5737080    0    0     0 48032 1552  592 13  3 83  1  0
 2  0      0 23059060  56024 5800372    0    0     0 54576 1701  546 12  4 83  1  0
 2  0      0 22997336  56032 5861640    0    0     0 73340 2145  748 12  3 83  1  0
 2  0      0 22968884  56060 5899288    0    0     0 91044 2143  948 16  4 79  1  0
 2  0      0 22897080  56060 5971052    0    0     0     0 1108  408 13  4 83  0  0
 2  0      0 23210492  56100 5658268    0    0     0 102936 2593  966 11  4 83  2  0
 2  0      0 23144972  56100 5723720    0    0     0     0 1052  343 13  4 83  0  0
 3  0      0 23058788  56112 5807252    0    0     0 66024 2131  661 15  4 80  1  0
 2  0      0 23046676  56140 5815436    0    0     0 96964 1794  860 13  4 81  2  0
 2  0      0 22985712  56148 5875344    0    0     0 65976 1624  673 12  4 83  1  0
 2  0      0 23183460  56172 5677412    0    0     0 24624 1317  555 13  4 83  0  0
 2  0      0 23121724  56180 5739416    0    0     0 65984 1965  648 13  3 83  1  0
 1  1      0 23088444  56192 5776724    0    0     0 43280 1303  518 16  4 79  1  0
 2  0      0 23170940  56204 5694920    0    0     0 46164 1684  664 12  4 83  1  0
 2  0      0 23108696  56212 5757188    0    0     0 65996 2057  714 12  4 83  1  0
 2  0      0 23046980  56220 5818340    0    0     0 65972 2059  831 12  3 83  1  0
procs -----------memory---------- ---swap-- -----io---- -system-- ------cpu-----
 r  b   swpd   free   buff  cache   si   so    bi    bo   in   cs us sy id wa st
 3  0      0 22977432  56220 5891616    0    0     0     0 1069  386 14  3 82  0  0
 2  0      0 22941180  56244 5919256    0    0     0 96976 2303  971 16  4 79  1  0
 2  0      0 23174084  56268 5686640    0    0     0 53848 1883  705 12  4 83  1  0
 1  0      0 23137668  56304 5727196    0    0     0 76196 1832  753  9  3 87  1  0
 1  0      0 23083992  56316 5780596    0    0     0 64592 1614  605  6  2 91  1  0
 1  0      0 23031588  56328 5833232    0    0     0 62384 1840  656  6  2 91  1  0
 1  0      0 22975156  56340 5888912    0    0     0 47988 1388  492  6  2 91  1  0
 1  0      0 22922752  56352 5941608    0    0     0 60624 1474  620  6  2 91  1  0
 1  0      0 23210076  56380 5654632    0    0     0 24928 1049  635  7  2 91  0  0
 1  0      0 23166480  56388 5698140    0    0     0 66000 1509  584  6  2 91  1  0
 1  0      0 23111292  56388 5752580    0    0     0     0  784  314  7  2 91  0  0
 1  0      0 23253496  56416 5610700    0    0     0 86620 1802 1081  5  2 91  2  0
 0  1      0 23197384  56416 5663832    0    0  3333 17416 2471 1946  7  2 90  0  0
 1  0      0 23150008  56428 5710756    0    0     0 48572 1061  540  6  1 91  1  0
 1  0      0 23102884  56436 5757480    0    0     0 65976 1437  611  6  1 91  1  0
 1  0      0 23057296  56448 5803356    0    0     0 65976 1423  688  6  1 91  1  0
 1  0      0 23274068  56464 5586684    0    0     0 26764 1080  586  6  2 91  0  0
 1  0      0 23224680  56476 5636500    0    0     0 60424 1328  573  6  2 91  1  0
 1  0      0 23171336  56492 5690612    0    0     0 60052 1248  525  6  1 91  1  0
 1  0      0 23108260  56492 5753628    0    0     0     0  724  280  7  2 91  0  0
 1  0      0 23296188  56520 5570120    0    0     0 103024 2006  920  5  2 91  2  0
procs -----------memory---------- ---swap-- -----io---- -system-- ------cpu-----
 r  b   swpd   free   buff  cache   si   so    bi    bo   in   cs us sy id wa st
 0  1      0 23242512  56520 5624124    0    0     0 31748 1048  420  6  2 91  1  0
 1  0      0 23189340  56532 5676296    0    0     0 34248 1102  446  7  2 91  1  0
 1  0      0 23139696  56544 5726248    0    0     0 65976 1511  670  6  1 91  1  0
 1  0      0 23089308  56556 5775944    0    0     0 65976 1471  658  6  1 91  1  0
 0  1      0 23038428  56556 5827276    0    0     0 57332 1449  517  6  2 91  1  0
 1  0      0 22982484  56572 5882832    0    0     0  8704  918  479  7  1 91  0  0
 1  0      0 22931104  56584 5933572    0    0     0 65936 1309  619  6  2 91  1  0
 1  0      0 22880464  56592 5983452    0    0     0 65972 1480  680  6  1 91  1  0
 1  0      0 22832848  56600 6031452    0    0     0 65972 1475  626  6  1 91  1  0
 1  0      0 22773640  56600 6090344    0    0     0     0  705  302  7  2 91  0  0
 1  0      0 22725532  56600 6138104    0    0     0 65972 1425  660  6  1 91  1  0
 1  0      0 22677148  56604 6186756    0    0     0 65972 1428  741  6  1 91  1  0
 1  0      0 22626772  56612 6236800    0    0     0 65984 1331  627  6  2 91  1  0
 1  0      0 22568068  56612 6295744    0    0     0     0  684  262  7  1 91  0  0
 1  0      0 22517932  56624 6345620    0    0     0 65972 1544  657  6  1 91  1  0
 1  0      0 22467800  56632 6395320    0    0     0 65972 1525  673  6  1 91  1  0
 1  0      0 22417452  56636 6445400    0    0     0 65976 1558  635  6  2 91  1  0
 1  1      0 22357740  56636 6504992    0    0     0  8184  723  282  7  1 91  0  0
 1  0      0 22310376  56648 6551940    0    0     0 57788 1499  623  5  2 91  1  0
 1  0      0 22263012  56660 6599708    0    0     0 65968 1529  719  6  2 91  1  0
 1  0      0 22213884  56672 6648684    0    0     0 65972 1546  643  6  1 91  1  0
procs -----------memory---------- ---swap-- -----io---- -system-- ------cpu-----
 r  b   swpd   free   buff  cache   si   so    bi    bo   in   cs us sy id wa st
 1  0      0 22155936  56672 6706408    0    0     0     0  693  302  7  2 91  0  0
 1  0      0 22106820  56688 6755400    0    0     0 65972 1515  723  6  1 91  1  0
 1  0      0 22057680  56696 6805108    0    0     0 65980 1475  654  6  1 91  1  0
 1  0      0 22007800  56704 6855152    0    0     0 65972 1384  688  6  2 91  1  0
 1  0      0 23346420  56720 5512936    0    0     0 21792  974  594  6  3 91  0  0
 1  0      0 23296280  56728 5561944    0    0     0 66068 1392  592  6  2 91  1  0
 0  1      0 23243108  56728 5615244    0    0     0 48148 1055  484  6  2 91  1  0
 1  0      0 23185904  56736 5672788    0    0     0 17840  880  399  7  2 91  0  0
 1  0      0 23136512  56744 5721328    0    0     0 65968 1523  608  6  1 91  1  0
 1  0      0 23092668  56752 5766008    0    0     0 65968 1450  616  6  1 91  1  0
 0  1      0 23040504  56752 5818080    0    0     0 47100 1354  525  6  1 91  1  0
 1  0      0 22988088  56760 5870380    0    0     0 19196  988  461  7  1 91  0  0
 1  0      0 22939204  56768 5919104    0    0     0 65980 1287  596  6  2 91  1  0
 1  0      0 22892584  56776 5965820    0    0     0 65972 1433  612  6  1 91  1  0
 0  1      0 22837148  56776 6021196    0    0     0 18428  922  391  7  2 91  0  0
 1  0      0 22787756  56784 6070436    0    0     0 47544 1211  557  7  1 91  1  0
 1  0      0 22738376  56792 6119240    0    0     0 65972 1405  636  6  2 91  1  0
 2  0      0 22689236  56800 6169060    0    0     0 65972 1479  596  6  1 91  1  0
 1  0      0 23548008  56816 5416864    0    0     0 55324 1224  680  5  3 91  1  0
