procs -----------memory---------- ---swap-- -----io---- -system-- ------cpu-----
 r  b   swpd   free   buff  cache   si   so    bi    bo   in   cs us sy id wa st
 1  0      0 16776924 129832 12036104    0    0    35  2109  169  112 12  3 84  1  1
 3  0      0 16776172 129832 12036108    0    0     0     0  470  359  0  0 100  0  0
 1  0      0 16744456 129868 12049912    0    0     0   784 2364 1666  7  4 89  0  0
 1  0      0 16716744 129868 12062840    0    0     0    40 1217  746  7  2 91  0  0
 1  0      0 16690536 129868 12075632    0    0     0     0  741  336  6  2 91  0  0
 1  0      0 16664588 129868 12087984    0    0     0     0  801  396  7  2 91  0  0
 3  0      0 16628552 129868 12111804    0    0     0     0  825  364  8  2 90  0  0
 1  0      0 16704892 129872 12084108    0    0     0 31000 1675  741  9  3 88  1  0
 1  0      0 16674660 129872 12097128    0    0     0     0 1337  686  7  4 90  0  0
 1  0      0 16648960 129872 12109796    0    0     0     0  851  411  7  2 91  0  0
 1  0      0 16622508 129872 12122576    0    0     0     0  772  332  7  2 91  0  0
 2  0      0 16569088 129872 12165180    0    0     0     0  885  352 10  2 88  0  0
 1  0      0 16615692 129872 12119720    0    0     0 30964 1265  598  6  3 90  1  0
 1  0      0 16602592 129872 12133012    0    0     0     0 1236  603  7  3 90  0  0
 1  0      0 16589500 129872 12146364    0    0     0     0  824  390  6  2 91  0  0
 1  0      0 16576396 129872 12158984    0    0     0     0  839  341  6  2 91  0  0
 1  0      0 16587720 129876 12142732    0    0     0 30964 1424  582  9  3 87  1  0
 1  0      0 16573864 129876 12156328    0    0     0     0  799  385  6  3 91  0  0
 1  0      0 16560232 129876 12169456    0    0     0     0 1179  528  7  3 90  0  0
 1  0      0 16546656 129876 12182836    0    0     0     0  853  390  7  2 91  0  0
 2  0      0 16521716 129876 12207020    0    0     0     0  800  337  8  2 90  0  0
procs -----------memory---------- ---swap-- -----io---- -system-- ------cpu-----
 r  b   swpd   free   buff  cache   si   so    bi    bo   in   cs us sy id wa st
 3  0      0 16501288 129892 12238772    0    0     0 30968 1754  615 17  5 78  1  0
 1  0      0 16554808 129916 12181952    0    0     0 114004 2762 1020 14  4 80  2  0
 2  0      0 16538684 129916 12194888    0    0     0     0  979  466  7  2 91  0  0
 1  0      0 16526380 129916 12207772    0    0     0     0 1271  564  7  3 90  0  0
 1  1      0 16474468 129916 12253952    0    0     0  7224 1077  411 10  3 87  0  0
 1  0      0 16521828 129924 12204924    0    0     0 23748 1225  537  7  2 91  0  0
 1  0      0 16507976 129924 12218260    0    0     0     0  805  369  7  2 91  0  0
 1  0      0 16495124 129924 12231340    0    0     0     0  800  352  6  2 91  0  0
 1  0      0 16480016 129924 12244476    0    0     0     0 1270  602  7  3 90  0  0
 1  0      0 16505860 129932 12228016    0    0  3333 30956 3000 2139 10  4 86  1  0
 1  0      0 16491752 129932 12242004    0    0     0     0  863  409  6  2 91  0  0
 1  0      0 16477896 129932 12255372    0    0     0     0  900  429  6  2 91  0  0
 1  0      0 16465548 129932 12268432    0    0     0     0  849  395  6  2 91  0  0
 2  0      0 16432304 129932 12301188    0    0     0   208 1421  642  9  4 87  0  0
 1  0      0 16462780 129936 12265188    0    0     0 30992 1641  711  9  3 87  1  0
 1  0      0 16447920 129936 12278848    0    0     0   124 2127 1589  7  2 91  0  0
 1  0      0 16434060 129936 12292460    0    0     0     0  976  528  7  2 91  0  0
 1  0      0 16421212 129936 12305000    0    0     0     0  828  352  7  2 91  0  0
 5  0      0 16427500 129936 12312928    0    0     0 30964 2046  924 13  5 81  1  0
 4  0      0 16230940 129940 12503704    0    0     0 36176 2315  751 32  7 60  1  0
 1  0      0 16431216 129952 12301596    0    0     0 187592 3829 1900 10  4 80  6  0
procs -----------memory---------- ---swap-- -----io---- -system-- ------cpu-----
 r  b   swpd   free   buff  cache   si   so    bi    bo   in   cs us sy id wa st
 1  0      0 16417112 129952 12314464    0    0     0     0  810  378  7  2 91  0  0
 1  0      0 16403504 129952 12327268    0    0     0     0  763  350  6  2 91  0  0
 1  0      0 16413164 129952 12310508    0    0     0 31000 1731  770 10  4 85  1  0
 1  0      0 16398460 129952 12324172    0    0     0     0  836  428  6  2 91  0  0
 1  0      0 16384856 129952 12337600    0    0     0     0  840  400  7  2 91  0  0
 1  0      0 16371508 129952 12350424    0    0     0     0  770  369  6  2 91  0  0
 2  0      0 16328668 129952 12392552    0    0     0     0  863  343  9  3 88  0  0
 1  0      0 16381076 129956 12348388    0    0     0 30964 1731  771  7  4 89  1  0
 1  0      0 16367724 129956 12361756    0    0     0     0  854  418  7  2 91  0  0
 1  0      0 16353364 129956 12375000    0    0     0     0  763  335  7  2 91  0  0
 1  0      0 16340260 129956 12387940    0    0     0     0  854  448  7  2 91  0  0
 1  0      0 16350324 129960 12371300    0    0     0 30976 1516  597 10  3 86  1  0
 2  0      0 16336212 129960 12384940    0    0     0     0  932  420  6  3 91  0  0
 1  0      0 16324128 129960 12397996    0    0     0     0 1096  522  6  3 90  0  0
 1  0      0 16310520 129960 12411020    0    0     0     0  733  317  7  2 91  0  0
 2  0      0 16288852 129960 12433708    0    0     0     0  853  402  8  2 90  0  0
 6  0      0 16190812 129968 12548988    0    0     0 46728 2486  699 32  6 60  1  0
 2  5      0 15973336 129968 12756440    0    0     0 146384 3572 1402 36  7 50  7  0
 1  0      0 16316476 129992 12413204    0    0     0 167628 4920 2720  6  4 80  9  1
 1  0      0 16303124 129992 12426120    0    0     0     0  772  389  7  2 91  0  0
 2  0      0 16273392 129992 12454560    0    0     0     0  912  424  8  3 89  0  0
procs -----------memory---------- ---swap-- -----io---- -system-- ------cpu-----
 r  b   swpd   free   buff  cache   si   so    bi    bo   in   cs us sy id wa st
 1  0      0 16298584 130004 12422624    0    0     0 30968 1312  568  8  3 88  1  0
 1  0      0 16284724 130004 12435868    0    0     0     0  749  308  7  2 91  0  0
 1  0      0 16267844 130004 12448508    0    0     0    28 1152  619  7  3 90  0  0
 1  0      0 16255748 130004 12461288    0    0     0     0  810  328  7  2 91  0  0
 2  0      0 16265952 130016 12455196    0    0     0 30996 1334  600  9  3 87  1  0
 1  0      0 16268084 130016 12459036    0    0     0     0  771  319  7  2 91  0  0
 1  0      0 16254980 130016 12472388    0    0     0     0  808  349  7  2 91  0  0
 1  0      0 16243640 130016 12485376    0    0     0   224 1158  595  7  3 90  0  0
 1  0      0 16228860 130016 12499044    0    0     0     0  799  399  7  2 91  0  0
 1  0      0 16239428 130036 12482384    0    0     0 30992 1495  616 10  3 87  0  0
 1  0      0 16225996 130036 12495948    0    0     0     0  827  386  6  2 91  0  0
 1  0      0 16212644 130036 12509432    0    0     0     0  767  323  7  2 91  0  0
 1  0      0 16197024 130036 12522168    0    0     0     4 1150  640  7  4 90  0  0
 2  0      0 16156204 130036 12562552    0    0     0     0  897  372  9  3 88  0  0
 4  0      0 16095208 130040 12638180    0    0     0 33736 2150  740 25  6 68  1  0
 1  0      0 16203928 130052 12529204    0    0     0 196392 4534 1809 18  5 72  4  1
 1  0      0 16190284 130052 12542440    0    0     0     0  785  361  7  2 91  0  0
 1  0      0 16179960 130052 12555328    0    0     0     0 1072  469  7  3 90  0  0
 1  0      0 16189776 130064 12539168    0    0     0 30992 1654  676  9  3 87  1  0
 1  0      0 16175164 130064 12553028    0    0     0     0  796  369  7  2 91  0  0
 1  0      0 16161056 130064 12565972    0    0     0     0  760  342  7  2 91  0  0
procs -----------memory---------- ---swap-- -----io---- -system-- ------cpu-----
 r  b   swpd   free   buff  cache   si   so    bi    bo   in   cs us sy id wa st
 1  0      0 16147700 130064 12579800    0    0     0     0  951  495  7  2 91  0  0
 3  0      0 16115448 130064 12602168    0    0     0     0 1224  687  8  3 88  0  0
 1  0      0 16149716 130072 12575600    0    0     0 30980 1534  649  9  3 88  1  0
 1  0      0 16135856 130072 12589016    0    0     0     0  780  388  6  2 91  0  0
 1  0      0 16123256 130072 12601996    0    0     0     0  782  316  6  2 91  0  0
 1  0      0 16109396 130072 12615432    0    0     0     0  729  324  7  2 91  0  0
 3  0      0 16057684 130072 12658564    0    0  3333     0 2632 2116 10  3 86  0  0
 1  0      0 16101532 130088 12612016    0    0     0 30972 1237  539  7  2 90  1  0
 1  0      0 16088176 130088 12625132    0    0     0     0  805  353  6  3 91  0  0
 1  0      0 16074324 130088 12638152    0    0     0     0  819  367  7  2 91  0  0
 1  0      0 16061724 130088 12651496    0    0     0     0  734  292  7  2 91  0  0
 6  0      0 16032988 130088 12695884    0    0     0 31004 2004  660 19  5 75  1  0
 5  1      0 15784840 130096 12936668    0    0     0 131620 3625 1034 40  8 50  2  0
 1  0      0 16073940 130108 12654036    0    0     0 183520 4316 2182 10  4 80  6  1
 1  0      0 16060836 130108 12667296    0    0     0     0  733  325  7  2 91  0  0
 2  0      0 16038408 130108 12689844    0    0     0     0  800  331  7  3 90  0  0
 1  0      0 16056796 130112 12664184    0    0     0 31116 1424  549  9  3 88  1  0
 1  0      0 16043188 130112 12677500    0    0     0     0  781  361  7  2 91  0  0
 1  0      0 16029584 130112 12690588    0    0     0     0  779  355  6  2 91  0  0
 1  0      0 16016484 130112 12703576    0    0     0     0  761  349  6  2 91  0  0
 1  0      0 16040028 130112 12687620    0    0     0 30992 1401  547 10  2 87  1  0
procs -----------memory---------- ---swap-- -----io---- -system-- ------cpu-----
 r  b   swpd   free   buff  cache   si   so    bi    bo   in   cs us sy id wa st
 1  0      0 16025792 130112 12701544    0    0     0   320  932  393  7  2 91  0  0
 1  0      0 16011684 130112 12714992    0    0     0     0  775  327  6  2 91  0  0
 1  0      0 15997824 130112 12728564    0    0     0     0  767  349  7  2 91  0  0
 2  0      0 15981696 130112 12744336    0    0     0     0  733  320  7  2 91  0  0
 1  0      0 15992776 130116 12725520    0    0     0 30976 1432  569 10  2 87  1  0
 1  0      0 15979420 130116 12738680    0    0     0     0  670  282  7  2 91  0  0
 1  0      0 15966316 130116 12751536    0    0     0     0  726  304  7  2 91  0  0
 3  0      0 15953464 130116 12764148    0    0     0     0  673  272  7  2 91  0  0
 2  0      0 15920204 130116 12798404    0    0     0     0  864  361  9  3 89  0  0
 6  0      0 15782852 130116 12946396    0    0     0 30976 2328  573 34  8 57  0  0
 2  0      0 15955236 130124 12767724    0    0     0 299020 6464 2810 22  6 62  8  1
 2  0      0 15886636 130124 12836464    0    0     0     4 1001  346 13  4 83  0  0
 2  0      0 15826408 130124 12897088    0    0     0 66068 1979  690 12  4 83  1  0
 2  0      0 15942960 130128 12772376    0    0     0 82700 2312  773 11  4 84  1  0
 1  0      0 15939512 130128 12776464    0    0     0     0  771  324  6  2 91  0  0
 1  0      0 15926408 130128 12790104    0    0     0     0  766  334  7  2 91  0  0
 1  0      0 15913056 130128 12803276    0    0     0     0  743  369  7  2 91  0  0
 1  0      0 15899700 130128 12816340    0    0     0     0  724  341  7  2 91  0  0
 1  0      0 15925136 130132 12798904    0    0     0 30984 1478  639 10  3 86  1  0
 1  0      0 15911028 130132 12812064    0    0     0     0  746  309  6  2 91  0  0
 1  0      0 15898428 130132 12825416    0    0     0     0  774  351  7  2 91  0  0
procs -----------memory---------- ---swap-- -----io---- -system-- ------cpu-----
 r  b   swpd   free   buff  cache   si   so    bi    bo   in   cs us sy id wa st
 1  0      0 15884824 130132 12838820    0    0     0     4  762  321  6  2 91  0  0
 2  0      0 15858364 130132 12864748    0    0     0     0  785  314  8  2 90  0  0
 1  0      0 15881784 130144 12834748    0    0     0 30968 1411  646  8  3 88  1  0
 1  0      0 15867428 130144 12848560    0    0     0     0  716  319  7  2 91  0  0
 1  0      0 15853568 130144 12861996    0    0     0     0  739  329  7  2 91  0  0
 1  0      0 15840716 130144 12875400    0    0     0    16  777  333  6  3 91  0  0
 7  0      0 15865268 130144 12858040    0    0     0 30988 1435  621 10  3 87  1  0
 6  0      0 15595644 130144 13130564    0    0     0 25788 2661  650 46  9 44  1  0
 2  0      0 15843260 130164 12883896    0    0     0 322496 6590 3373 21  6 62 11  1
 2  0      0 15771188 130164 12954112    0    0     0     0 1014  352 14  3 83  0  0
 2  0      0 15711212 130168 13014264    0    0     0 66088 1970  682 13  3 83  1  0
 2  0      0 15803264 130184 12917348    0    0     0 81716 2293  860 16  5 78  1  0
 2  0      0 15742316 130192 12979196    0    0     0 66024 2044  758 13  4 83  1  0
 1  0      0 15826836 130200 12890952    0    0     0 37892 1481  605  8  3 89  1  0
 1  0      0 15814264 130200 12904172    0    0     0     0  742  318  7  2 91  0  0
 2  0      0 15792608 130204 12924512    0    0     0   464  926  416  8  2 90  0  0
 1  0      0 15824596 130216 12899484    0    0     0 30968 1263  589  9  3 88  1  0
 1  0      0 15809984 130216 12912940    0    0     0     0  780  363  6  2 91  0  0
 1  0      0 15797888 130216 12926944    0    0     0     0  789  358  7  2 91  0  0
 1  0      0 15784028 130216 12940240    0    0     0     0  770  394  6  2 91  0  0
 2  1      0 15732876 130216 12986176    0    0     0 20404 1055  424 10  3 87  0  0
procs -----------memory---------- ---swap-- -----io---- -system-- ------cpu-----
 r  b   swpd   free   buff  cache   si   so    bi    bo   in   cs us sy id wa st
 1  0      0 15779232 130220 12937004    0    0     0 10560 1041  548  7  2 91  0  0
 1  0      0 15765124 130220 12950556    0    0     0     0  734  312  7  2 91  0  0
 1  0      0 15752272 130220 12963660    0    0     0     0  770  344  7  2 91  0  0
 1  0      0 15737544 130220 12976528    0    0  3333     0 2358 1950  7  2 90  0  0
 7  0      0 15711572 130220 13023800    0    0     0 30964 1780  578 21  4 74  1  0
 6  0      0 15446584 130224 13282304    0    0     0 174968 4771 1711 41  9 47  3  0
 2  0      0 15721048 130232 13006332    0    0     0 174108 3927 2061 16  6 72  6  0
 2  0      0 15659812 130232 13068480    0    0     0 66084 2026  650 13  3 83  1  0
 2  0      0 15725436 130240 13000448    0    0     0 49976 1615  540 12  4 83  1  0
 2  0      0 15684852 130252 13034920    0    0     0 31020 1650  515 16  4 79  0  0
 1  0      0 15743156 130264 12974660    0    0     0 81536 2059  921  9  3 87  1  0
 1  0      0 15728936 130264 12988136    0    0     0     0  718  302  7  2 91  0  0
 2  0      0 15715580 130264 13001288    0    0     0     0  687  267  6  2 91  0  0
 2  0      0 15682824 130264 13034656    0    0     0     0  761  272  9  2 89  0  0
 1  0      0 15717584 130280 12997612    0    0     0 31012 1461  603  8  3 89  0  0
 1  0      0 15703476 130280 13011512    0    0     0    20  773  371  6  3 91  0  0
 1  0      0 15689112 130280 13025164    0    0     0     0  699  299  7  2 91  0  0
 1  0      0 15676516 130280 13038120    0    0     0     0  697  303  7  2 91  0  0
 1  0      0 15700268 130284 13021148    0    0     0 30980 1381  623 10  3 87  1  0
 1  0      0 15686592 130284 13034576    0    0     0     0  751  306  7  2 91  0  0
 1  0      0 15672480 130284 13048500    0    0     0     8  748  314  7  2 91  0  0
procs -----------memory---------- ---swap-- -----io---- -system-- ------cpu-----
 r  b   swpd   free   buff  cache   si   so    bi    bo   in   cs us sy id wa st
 2  0      0 15660132 130284 13061512    0    0     0     0  715  306  6  2 91  0  0
 2  0      0 15645268 130284 13076832    0    0     0     0  790  329  7  2 91  0  0
 7  0      0 15535684 130288 13186492    0    0     0 30972 2078  667 29  6 64  1  0
 1  5      0 15273148 130288 13438448    0    0     0 127548 3751 1294 39 10 46  5  0
 2  0      0 15616264 130308 13099736    0    0     0 234248 6201 3444 11  4 72 13  1
 2  0      0 15559060 130308 13157412    0    0     0 66084 1889  657 12  3 83  1  0
 3  0      0 15486232 130308 13232448    0    0     0     0 1005  329 14  4 82  0  0
 2  0      0 15482728 130324 13239788    0    0     0 131296 2951 1285 15  4 79  2  0
 2  0      0 15596676 130324 13128028    0    0     0     0  970  309 13  4 83  0  0
 2  0      0 15536952 130332 13187664    0    0     0 65996 1950  672 13  3 83  1  0
 2  0      0 15474204 130336 13249700    0    0     0 65984 1893  703 12  4 83  1  0
 2  0      0 15596760 130344 13124880    0    0     0 21124 1233  546  9  3 87  0  0
 1  0      0 15628752 130356 13086632    0    0     0 31044 1194  517  8  2 89  1  0
 2  0      0 15614388 130356 13100884    0    0     0     0  716  309  6  2 91  0  0
 1  0      0 15600780 130356 13114268    0    0     0     0  752  318  6  2 91  0  0
 1  0      0 15587928 130356 13127732    0    0     0     0  744  318  6  2 91  0  0
 1  0      0 15613484 130364 13110632    0    0     0 31004 1276  566 10  3 86  1  0
 1  0      0 15599036 130364 13124100    0    0     0     0  790  355  6  3 91  0  0
 1  0      0 15585680 130364 13138216    0    0     0     0  773  346  6  2 91  0  0
 1  0      0 15571568 130364 13151764    0    0     0     0  764  330  6  2 91  0  0
 2  0      0 15546872 130364 13176636    0    0     0     0  779  311  8  2 90  0  0
procs -----------memory---------- ---swap-- -----io---- -system-- ------cpu-----
 r  b   swpd   free   buff  cache   si   so    bi    bo   in   cs us sy id wa st
 6  0      0 15414104 130372 13314120    0    0     0 55616 2659  883 34  7 58  1  0
 1  3      0 15205784 130380 13516020    0    0     0 302848 6353 2536 32  7 52  8  0
 2  0      0 15511608 130388 13212520    0    0     0 19628 1644  837 13  4 82  1  0
 2  0      0 15450876 130392 13273692    0    0     0 66084 2088  710 13  3 83  1  0
 3  0      0 15495948 130408 13229660    0    0     0 45644 1819  570 15  4 80  1  0
 2  0      0 15500472 130424 13232020    0    0     0 97032 2557  897 13  3 82  1  0
 2  0      0 15432432 130424 13298632    0    0     0     0  925  290 13  4 83  0  0
 1  1      0 15372720 130424 13358700    0    0     0 98744 2312  798 12  4 83  1  0
 1  0      0 15554236 130428 13178356    0    0     0  9780 1092  583  7  2 91  0  0
 2  0      0 15565112 130444 13161124    0    0     0 31084 1287  491  9  3 87  1  0
 1  0      0 15550248 130444 13174720    0    0     0     0  727  282  6  2 91  0  0
 1  0      0 15536388 130444 13188324    0    0     0     0  716  294  6  2 91  0  0
 1  0      0 15523536 130444 13201444    0    0     0     0  742  337  7  2 91  0  0
 1  0      0 15511188 130444 13213788    0    0     0     0  757  328  6  2 91  0  0
 1  0      0 15536372 130452 13196560    0    0     0 31016 1451  557 10  3 87  1  0
 1  0      0 15522268 130452 13209832    0    0     0     0  776  318  6  2 91  0  0
 1  0      0 15508912 130452 13223164    0    0     0     0  731  313  7  2 91  0  0
 1  0      0 15496060 130452 13236404    0    0     0     0  748  299  7  2 91  0  0
 2  0      0 15474640 130452 13257976    0    0     0     0  774  306  7  2 90  0  0
 6  0      0 15366776 130464 13359244    0    0     0 33540 2206  689 30  5 64  1  0
 1  4      0 15144296 130472 13578068    0    0     0 230412 5525 1739 38  7 50  5  0
procs -----------memory---------- ---swap-- -----io---- -system-- ------cpu-----
 r  b   swpd   free   buff  cache   si   so    bi    bo   in   cs us sy id wa st
 2  0      0 15423800 130480 13289380    0    0  3333 92740 3720 3113 12  4 81  3  0
 2  0      0 15364832 130484 13348296    0    0     0 66084 2097  635 12  3 83  1  0
 3  0      0 15400080 130488 13317984    0    0     0 35848 1665  552 15  4 80  0  0
 2  0      0 15397048 130492 13328772    0    0     0 97000 2743  926 13  5 81  1  0
 1  1      0 15331040 130492 13392616    0    0     0 24576 1358  383 13  4 83  0  0
 2  0      0 15271580 130492 13452852    0    0     0 41400 1648  583 12  4 83  1  0
 1  0      0 15453840 130504 13266344    0    0     0 74416 2130  959 10  3 85  1  0
 1  1      0 15401680 130504 13312088    0    0     0 24464 1207  435  9  3 87  0  0
 1  0      0 15448792 130512 13262344    0    0     0  6600  916  451  6  2 91  0  0
 1  0      0 15436192 130512 13275684    0    0     0     0  691  284  7  2 91  0  0
 1  0      0 15423844 130512 13288628    0    0     0     0  707  269  6  2 91  0  0
 2  0      0 15410236 130512 13301900    0    0     0     0  698  308  6  2 91  0  0
 1  0      0 15435672 130512 13284124    0    0     0 31004 1407  588 10  3 86  1  0
 1  0      0 15422576 130512 13297480    0    0     0     4  825  330  6  3 91  0  0
 1  0      0 15409224 130512 13311056    0    0     0     0  752  307  6  2 91  0  0
 1  0      0 15396624 130512 13323708    0    0     0     0  705  317  7  2 91  0  0
 2  0      0 15382764 130512 13336244    0    0     0     0  706  292  7  2 91  0  0
 6  0      0 15306444 130536 13420020    0    0     0 36932 1967  713 25  6 68  1  0
 2  4      0 15078688 130540 13639760    0    0     0 158508 4213 1325 37  8 50  6  0
 2  0      0 15359960 130552 13366300    0    0     0 163708 4452 2193 14  5 75  6  0
 2  0      0 15301496 130552 13424192    0    0     0 66088 1901  648 12  3 83  1  0
procs -----------memory---------- ---swap-- -----io---- -system-- ------cpu-----
 r  b   swpd   free   buff  cache   si   so    bi    bo   in   cs us sy id wa st
 3  0      0 15227156 130552 13498648    0    0     0     0 1002  324 14  4 82  0  0
 2  0      0 15372888 130572 13360236    0    0     0 108920 2886 1365 15  4 79  2  0
 2  0      0 15312164 130576 13421232    0    0     0 66048 1987  667 12  3 83  1  0
 2  0      0 15244628 130576 13487384    0    0     0     0  961  299 14  3 83  0  0
 2  0      0 15185420 130580 13547140    0    0     0 65996 1899  713 12  3 83  1  0
 2  0      0 15358228 130596 13371976    0    0     0 71948 2200  828 11  4 83  1  0
 1  0      0 15383672 130600 13338608    0    0     0 31044 1268  568  8  2 89  0  0
 1  0      0 15370316 130600 13352212    0    0     0     0  749  305  7  2 91  0  0
 1  0      0 15357212 130600 13364992    0    0     0   428  807  311  7  1 91  0  0
 1  0      0 15343856 130600 13378372    0    0     0     0  710  292  7  2 91  0  0
 1  0      0 15368912 130604 13361272    0    0     0 31016 1463  591 10  3 87  1  0
 1  0      0 15354176 130604 13375036    0    0     0     0  767  339  6  2 91  0  0
 1  0      0 15339816 130604 13388968    0    0     0     0  758  311  7  2 91  0  0
 1  0      0 15325704 130604 13402692    0    0     0     0  706  285  7  2 91  0  0
 1  0      0 15311844 130604 13415784    0    0     0     0  734  316  6  2 91  0  0
 6  0      0 15221360 130608 13504788    0    0     0 31004 1757  607 24  6 69  1  0
 1  4      0 14986800 130620 13731968    0    0     0 203816 5080 1704 35  7 51  6  1
 2  0      0 15297040 130652 13426436    0    0     0 134508 4341 2051 11  4 79  5  1
 2  1      0 15228748 130652 13492392    0    0     0 22556 1279  424 12  4 83  0  0
 2  0      0 15288568 130656 13432520    0    0     0 75856 2057  822 12  3 83  1  1
 1  0      0 15320816 130668 13406116    0    0     0 31048 1261  484  9  3 88  0  0
procs -----------memory---------- ---swap-- -----io---- -system-- ------cpu-----
 r  b   swpd   free   buff  cache   si   so    bi    bo   in   cs us sy id wa st
 1  0      0 15306704 130668 13420024    0    0     0     0  827  371  6  3 91  0  0
 1  0      0 15293852 130668 13433472    0    0     0     0  776  344  6  2 91  0  0
 1  0      0 15281000 130668 13445972    0    0     0     0  763  312  7  2 91  0  0
 2  0      0 15237164 130668 13486384    0    0     0     0  878  299 10  3 87  0  0
 1  0      0 15278480 130684 13441116    0    0     0 31012 1267  579  7  3 90  1  0
 1  0      0 15264872 130684 13454764    0    0     0     0  721  318  7  2 91  0  0
 1  0      0 15252272 130684 13467440    0    0     0     0  739  309  7  2 91  0  0
 1  0      0 15238664 130684 13480400    0    0     0    20  767  310  7  2 91  0  0
 1  0      0 15264364 130692 13462888    0    0     0 31016 1353  572  9  3 87  1  0
 1  0      0 15250256 130692 13476296    0    0     0     0  768  321  7  2 91  0  0
 1  0      0 15236900 130692 13490064    0    0     0     0  749  355  7  2 91  0  0
 1  0      0 15223548 130692 13503064    0    0     0     0  760  292  6  2 91  0  0
 1  0      0 15209940 130692 13515936    0    0     0    12  707  299  7  2 91  0  0
 7  0      0 15104628 130700 13621196    0    0     0 31052 2128  662 27  7 66  1  0
 1  5      0 14827236 130700 13888600    0    0     0 175136 4738 1546 42  8 44  6  1
 2  0      0 15175036 130720 13544488    0    0     0 195540 5499 3043 11  4 72 12  1
 2  0      0 15114820 130720 13605448    0    0     0 66060 1839  641 12  3 83  1  0
 3  0      0 15031940 130720 13688400    0    0     0     0 1107  360 16  4 81  0  0
 2  1      0 15016400 130740 13703548    0    0  3333 134560 4524 3181 14  5 79  2  0
 3  0      0 15155452 130748 13563836    0    0     0  5732 1200  506 13  4 83  0  0
 2  0      0 15097020 130748 13622668    0    0     0 66040 2014  658 13  3 83  1  0
procs -----------memory---------- ---swap-- -----io---- -system-- ------cpu-----
 r  b   swpd   free   buff  cache   si   so    bi    bo   in   cs us sy id wa st
 2  0      0 15039824 130748 13679944    0    0     0 65980 2010  774 12  4 83  1  0
 2  1      0 14936276 130748 13777688    0    0     0 24984 1489  463 16  5 79  0  0
 1  0      0 15197164 130760 13514608    0    0     0 70680 1951  894  7  3 88  1  0
 1  0      0 15182804 130760 13527544    0    0     0     0  700  293  7  2 91  0  0
 1  0      0 15169448 130760 13540816    0    0     0     0  768  356  7  2 91  0  0
 1  0      0 15156092 130760 13553900    0    0     0     0  733  319  6  2 91  0  0
 1  0      0 15173212 130772 13536652    0    0     0 31072 1392  607 10  3 86  1  0
 1  0      0 15158348 130772 13550028    0    0     0     0  722  310  6  2 91  0  0
 1  0      0 15144992 130772 13563648    0    0     0     0  754  340  6  2 91  0  0
 1  0      0 15130884 130772 13576828    0    0     0     0  757  305  7  2 91  0  0
 2  0      0 15112744 130772 13596080    0    0     0     0  769  331  7  2 91  0  0
 7  0      0 14988280 130772 13729084    0    0     0 31004 2221  610 33  7 60  1  0
 1  5      0 14761288 130776 13947728    0    0     0 232892 5342 1938 36  8 48  8  1
 2  0      0 15084120 130808 13627200    0    0     0 121180 3858 1879 11  4 79  6  1
 2  0      0 15024144 130820 13687032    0    0     0 66096 1889  648 12  3 83  1  0
 2  1      0 14946528 130820 13766460    0    0     0 65916 1992  581 14  4 81  1  0
 2  0      0 14929920 130844 13781208    0    0     0 31048 1686  695 15  4 81  0  0
 2  0      0 15121252 130860 13589156    0    0     0 87660 2349  945 12  4 83  1  0
 2  0      0 15058624 130860 13652588    0    0     0     0 1063  328 13  4 83  0  0
 2  0      0 15000664 130860 13710836    0    0     0 66040 2030  791 13  3 83  1  0
 2  0      0 15071948 130860 13635084    0    0     0 51872 1765  655 11  4 84  1  0
procs -----------memory---------- ---swap-- -----io---- -system-- ------cpu-----
 r  b   swpd   free   buff  cache   si   so    bi    bo   in   cs us sy id wa st
 1  0      0 15117044 130880 13588756    0    0     0 31044 1233  454  6  3 90  0  0
 1  0      0 15103436 130880 13602236    0    0     0    20  742  282  6  2 91  0  0
 1  0      0 15090080 130880 13615604    0    0     0     0  727  274  7  2 91  0  0
 1  0      0 15076976 130880 13628780    0    0     0     0  756  326  7  2 91  0  0
 1  0      0 15094096 130896 13611404    0    0     0 31020 1408  588 10  3 87  1  0
 1  0      0 15079988 130896 13625052    0    0     0     0  803  302  6  2 91  0  0
 1  0      0 15066632 130896 13638332    0    0     0     0  721  288  7  2 91  0  0
 1  0      0 15053528 130896 13651456    0    0     0     0  792  323  6  2 91  0  0
 2  0      0 15039920 130896 13665296    0    0     0     0  800  357  7  2 91  0  0
 7  0      0 14943920 130900 13771720    0    0     0 31008 2113  624 30  6 63  1  0
 6  0      0 14687460 130904 14018668    0    0     0 197956 4779 1519 41  8 46  5  1
 2  0      0 15010832 130936 13699276    0    0     0 160064 5059 2515 12  4 75  9  1
 2  0      0 14950100 130944 13759660    0    0     0 66100 1976  639 12  4 83  1  0
 2  1      0 14878532 130944 13831328    0    0     0 32548 1395  465 13  5 82  1  0
 2  0      0 14866688 130944 13851156    0    0     0 64436 2221  848 15  5 79  1  0
 2  0      0 15054372 130952 13664652    0    0     0 83420 2440  919 11  4 83  1  0
 2  0      0 14986836 130952 13730772    0    0     0     0 1006  314 14  3 83  0  0
 2  0      0 14929128 130960 13789268    0    0     0 66032 1948  694 12  3 83  1  0
 3  0      0 14843952 130964 13871480    0    0     0 65992 2004  716 15  4 80  1  0
 2  0      0 14826140 130972 13882552    0    0     0 39192 1619  640 14  4 81  0  0
 1  1      0 14768116 130976 13941964    0    0     0 90548 2258  702 12  4 83  2  0
procs -----------memory---------- ---swap-- -----io---- -system-- ------cpu-----
 r  b   swpd   free   buff  cache   si   so    bi    bo   in   cs us sy id wa st
 2  0      0 15031256 130988 13675288    0    0     0 12220 1088  491  6  3 91  0  0
 1  0      0 15017648 130988 13688832    0    0     0     0  726  249  6  2 91  0  0
 1  0      0 15034516 131000 13671304    0    0     0 31068 1448  568 10  3 87  1  0
 1  0      0 15020152 131000 13685104    0    0     0     0  740  299  6  2 91  0  0
 1  0      0 15006796 131000 13698372    0    0     0     0  750  298  7  2 91  0  0
 1  0      0 14993188 131000 13712056    0    0     0     4  736  314  7  2 91  0  0
 1  0      0 14980368 131000 13724988    0    0     0     0  751  345  7  2 91  0  0
 6  0      0 14891904 131008 13820064    0    0     0 42132 1971  655 25  7 67  1  0
 1  5      0 14644272 131008 14058656    0    0     0 169368 4524 1319 37  9 49  4  0
 2  0      0 14950632 131016 13759272    0    0     0 153484 4691 2307 12  4 76  8  1
 2  0      0 14890912 131024 13817576    0    0     0 66088 2146  683 12  4 83  1  0
 3  0      0 14824640 131024 13885732    0    0     0    24 1003  324 14  3 82  0  0
 2  0      0 14983480 131048 13734768    0    0     0 114016 2805 1186 15  4 79  2  0
 2  0      0 14920732 131048 13796872    0    0     0 66032 1884  665 13  3 83  1  0
 4  0      0 14851180 131048 13865484    0    0     0     0  968  337 14  3 83  0  0
 2  0      0 14790512 131048 13922956    0    0  1043 65984 2196 1246 12  3 83  1  0
 3  0      0 14708720 131052 14000652    0    0  2238 65988 2790 1589 14  5 80  1  0
 1  0      0 14987852 131080 13719736    0    0     0 46916 1587  788  8  3 89  1  0
 1  0      0 14972740 131080 13732896    0    0     0     0  768  363  7  2 91  0  0
 1  0      0 14958384 131080 13746144    0    0     0     0  742  328  7  2 91  0  0
 1  0      0 14944776 131080 13759056    0    0     0     0  757  332  7  2 91  0  0
procs -----------memory---------- ---swap-- -----io---- -system-- ------cpu-----
 r  b   swpd   free   buff  cache   si   so    bi    bo   in   cs us sy id wa st
 1  0      0 14969456 131092 13741352    0    0     0 31064 1381  553 10  3 86  1  0
 1  0      0 14955092 131092 13754892    0    0     0     0  743  346  6  2 91  0  0
 1  0      0 14941236 131092 13768360    0    0     0     0  696  324  7  2 91  0  0
 1  0      0 14927880 131092 13781196    0    0     0     0  738  311  6  2 91  0  0
 1  0      0 14914780 131092 13794280    0    0     0     0  692  298  7  2 91  0  0
 6  0      0 14850804 131112 13856844    0    0     0 41328 1992  745 22  6 72  1  0
 5  1      0 14591008 131112 14108148    0    0     0  1024 1995  345 42  8 50  0  0
 2  0      0 14892940 131144 13812064    0    0     0 321496 7872 3785 12  4 66 18  1
 2  0      0 14861312 131152 13843072    0    0     0 29596 1352  456 13  4 83  0  0
 3  0      0 14801084 131160 13904760    0    0     0 66012 1972  665 13  3 82  1  0
 1  1      0 14779156 131164 13931520    0    0     0 75924 2280  769 16  4 78  1  0
 2  0      0 14718680 131168 13992924    0    0     0 21072 1425  506 13  4 83  0  0
 1  0      0 14913040 131180 13796128    0    0     0 89260 2348  898 12  3 83  2  0
 1  0      0 14899436 131180 13808956    0    0     0     0  756  337  6  2 91  0  0
 2  0      0 14873232 131180 13834928    0    0     0     0  780  306  8  2 90  0  0
 1  0      0 14896152 131188 13804788    0    0     0 31084 1260  555  8  3 88  1  0
 1  0      0 14882812 131188 13818036    0    0     0     0  945  554  7  2 91  0  0
 1  0      0 14869712 131188 13830804    0    0     0     0  730  348  7  2 91  0  0
 1  0      0 14856860 131188 13843648    0    0     0     0  701  317  6  2 91  0  0
 2  0      0 14810116 131188 13883116    0    0     0     0 1299  563 13  3 84  0  0
 1  0      0 14854500 131220 13839272    0    0     0 31072 4028 2985  8  7 84  1  0
procs -----------memory---------- ---swap-- -----io---- -system-- ------cpu-----
 r  b   swpd   free   buff  cache   si   so    bi    bo   in   cs us sy id wa st
 1  0      0 14838632 131228 13852660    0    0     0   408 1044  678  7  2 91  0  0
 1  0      0 14826036 131228 13865800    0    0     0     0  974  528  7  2 91  0  0
 2  0      0 14812932 131228 13878756    0    0     0     0 1083  651  7  2 91  0  0
 7  0      0 14816700 131244 13877940    0    0     0 31008 1769  919 14  4 82  1  0
 6  0      0 14527264 131248 14159900    0    0     0 47892 3519 1175 48 11 40  1  0
 2  0      0 14801740 131272 13886128    0    0     0 322604 7944 3441 21  6 61 11  1
 2  0      0 14735968 131272 13951544    0    0     0     0 1059  380 13  4 83  0  0
 2  0      0 14677760 131284 14009152    0    0     0 66080 1916  665 13  3 83  1  0
 2  0      0 14666956 131288 14036820    0    0     0 96988 2811 1061 15  4 78  2  0
 2  0      0 14775612 131308 13920292    0    0     0 23052 1933  948 13  5 81  0  0
 2  0      0 14713620 131316 13981544    0    0     0 66036 1938  672 13  3 83  1  0
 2  0      0 14654416 131320 14041036    0    0     0 65980 2059  861 13  3 83  1  0
 3  0      0 14580104 131320 14113388    0    0     0     0 1426  682 14  4 82  0  0
 1  1      0 14546352 131336 14137500    0    0     0 104092 2831 1014 15  4 79  2  0
 1  0      0 14797912 131344 13880736    0    0     0 28320 1608  821  6  4 89  0  0
 1  0      0 14785060 131344 13894000    0    0     0   740 1053  503  6  2 91  0  0
 1  0      0 14772208 131344 13907160    0    0     0     0  763  364  7  2 91  0  0
 2  0      0 14739700 131344 13944244    0    0     0     0  868  342  9  3 88  0  0
 1  0      0 14787568 131344 13903176    0    0     0 31084 1266  523  7  3 90  1  0
 1  0      0 14775472 131344 13916572    0    0     0     0  971  499  6  3 90  0  0
 1  0      0 14761112 131344 13930124    0    0     0     0  931  476  7  2 91  0  0
procs -----------memory---------- ---swap-- -----io---- -system-- ------cpu-----
 r  b   swpd   free   buff  cache   si   so    bi    bo   in   cs us sy id wa st
 1  0      0 14748008 131344 13943264    0    0     0     0  739  326  7  2 91  0  0
 7  0      0 14738212 131360 13961380    0    0     0 31008 1565  611 16  4 80  1  0
 6  0      0 14422748 131364 14269008    0    0     0 47924 2909  633 48  9 42  1  0
 3  0      0 14727020 131384 13962496    0    0     0 322116 7602 3702 15  5 65 14  1
 2  0      0 14659472 131396 14026268    0    0     0 66132 2407  934 13  4 82  1  0
 2  0      0 14591936 131396 14093868    0    0     0     0 1006  341 14  3 83  0  0
 2  0      0 14572924 131408 14123328    0    0     0 96992 2793  980 15  5 78  1  0
 2  0      0 14512956 131416 14182844    0    0     0 65972 1831  714 13  3 83  1  0
 2  0      0 14716624 131440 13978384    0    0     0 33628 1556  625 13  4 83  0  0
 3  0      0 14657188 131448 14037428    0    0     0 66628 2268 1013 13  4 81  1  0
 3  0      0 14580328 131452 14115596    0    0     0     0 1075  356 14  4 81  0  0
 2  0      0 14558392 131480 14131712    0    0     0 96996 2141  885 15  4 80  2  0
 2  0      0 14499944 131492 14189296    0    0     0 65972 1699  638 12  4 83  1  0
 1  0      0 14732756 131492 13952168    0    0  3333 30296 2712 2294  8  4 88  0  0
 1  0      0 14716364 131492 13965576    0    0     0    20 1092  625  7  3 90  0  0
 2  0      0 14674048 131492 14009804    0    0     0     0  913  370 10  3 87  0  0
 1  0      0 14728232 131504 13961840    0    0     0 31080 1127  604  6  2 90  1  0
 1  0      0 14714628 131504 13975332    0    0     0     0  745  310  7  2 91  0  0
 1  0      0 14701524 131504 13988204    0    0     0     0  770  351  7  2 91  0  0
 1  0      0 14690432 131504 14000600    0    0     0     0 1066  609  7  3 90  0  0
 7  0      0 14684624 131528 14011072    0    0     0 31000 1549  638 15  4 81  1  0
procs -----------memory---------- ---swap-- -----io---- -system-- ------cpu-----
 r  b   swpd   free   buff  cache   si   so    bi    bo   in   cs us sy id wa st
 6  0      0 14382336 131528 14306456    0    0     0 40408 2748  653 46 10 43  1  0
 2  0      0 14683644 131572 14011116    0    0     0 322056 6573 3440 16  5 63 15  1
 1  1      0 14616112 131572 14078304    0    0     0 14388 1165  461 13  3 83  0  0
 2  0      0 14552628 131580 14135976    0    0     0 51700 2102  822 12  5 82  1  0
 2  0      0 14539888 131612 14163780    0    0     0 96984 2376 1055 15  5 79  2  0
 2  0      0 14477900 131616 14225364    0    0     0 65972 1622  643 12  3 83  1  0
 2  0      0 14682476 131620 14020576    0    0     0 31204 1363  549 13  4 83  1  0
 1  1      0 14622252 131620 14079616    0    0     0 61388 1555  550 12  4 83  1  0
 2  0      0 14551920 131628 14144296    0    0     0  5212 1752  883 14  4 82  0  0
 2  0      0 14520856 131648 14171404    0    0     0 97000 2246  978 15  5 78  2  0
 2  0      0 14461136 131652 14231564    0    0     0 65976 1956  722 12  4 83  1  0
 2  0      0 14389352 131652 14301840    0    0     0     0 1112  401 14  3 83  0  0
 1  0      0 14671516 131676 14016672    0    0     0 82084 2622 1484  9  4 86  1  0
 2  0      0 14634728 131676 14049904    0    0     0     0 1655 1149  9  3 88  0  0
 1  0      0 14678816 131688 14012984    0    0     0 31092 1916 1184  8  3 89  0  0
 1  0      0 14664960 131688 14026124    0    0     0     0 1194  833  6  2 91  0  0
 1  0      0 14651104 131688 14039872    0    0     0     0  840  404  7  2 91  0  0
 1  0      0 14638260 131688 14052820    0    0     0     0  850  461  7  2 91  0  0
 7  0      0 14642532 131696 14053660    0    0     0 31000 1534  714 13  4 82  1  0
 6  0      0 14348284 131700 14341656    0    0     0 31288 2770  683 46  9 45  1  0
 2  0      0 14625508 131712 14065796    0    0     0 322392 7860 3542 17  5 64 13  1
procs -----------memory---------- ---swap-- -----io---- -system-- ------cpu-----
 r  b   swpd   free   buff  cache   si   so    bi    bo   in   cs us sy id wa st
 1  1      0 14559232 131712 14130376    0    0     0 21508 1322  500 13  3 83  0  0
 2  0      0 14501020 131712 14189464    0    0     0 44556 1601  611 12  4 83  1  0
 2  0      0 14481852 131728 14217232    0    0     0 97000 2341 1002 15  5 78  2  0
 2  0      0 14422888 131732 14275016    0    0     0 66028 1879  793 12  4 83  1  0
 2  0      0 14349820 131732 14347424    0    0     0     0 1056  394 13  4 83  0  0
 2  0      0 14589400 131744 14108792    0    0     0 61676 1676  688 13  3 83  1  0
 3  0      0 14526908 131744 14171024    0    0     0 66044 1975  728 13  3 83  1  0
 2  0      0 14490860 131748 14199200    0    0     0 96976 2023  884 15  4 79  2  0
 2  0      0 14424836 131748 14264636    0    0     0     4 1144  454 14  3 83  0  0
 2  0      0 14365640 131756 14323756    0    0     0 65984 1604  727 12  4 83  1  0
 2  0      0 14303664 131760 14385552    0    0     0 65980 1729  819 12  4 83  1  0
 2  0      0 14589976 131768 14094660    0    0     0 19876 1165  570  9  3 88  0  0
 1  0      0 14630032 131772 14061536    0    0     0 31092 1314  620  8  3 88  1  0
 1  0      0 14615668 131772 14075164    0    0     0     4  881  474  7  2 91  0  0
 1  0      0 14602816 131772 14088300    0    0     0     0  862  447  6  2 91  0  0
 1  0      0 14590216 131772 14101060    0    0     0     0  766  364  7  2 91  0  0
 2  0      0 14538052 131776 14147096    0    0     0 30976 1294  580  9  3 87  1  0
 6  0      0 14348872 131796 14339448    0    0     0 13428 2159  488 43  9 47  0  0
 1  3      0 14231704 131796 14453608    0    0     0 322704 5766 3436 20  5 51 23  1
 3  0      0 14526192 131804 14161748    0    0     0   240 1248  645 13  4 83  0  0
 2  0      0 14471004 131816 14216476    0    0     0 66100 1776  684 12  3 83  1  0
procs -----------memory---------- ---swap-- -----io---- -system-- ------cpu-----
 r  b   swpd   free   buff  cache   si   so    bi    bo   in   cs us sy id wa st
 1  2      0 14381056 131820 14305432    0    0     0 63672 2287  985 16  4 78  2  0
 2  0      0 14384824 131824 14301812    0    0     0 33320 1307  618 13  3 83  1  0
 2  0      0 14328628 131832 14358240    0    0     0 65980 1763  867 12  4 83  1  0
 2  0      0 14564556 131840 14121976    0    0     0 55188 1637  738 12  4 83  1  0
 1  1      0 14495004 131840 14189752    0    0     0  5164 1164  457 13  4 83  0  0
 2  0      0 14468528 131852 14217848    0    0     0 91904 2432  903 16  4 78  2  0
 2  0      0 14407296 131856 14279056    0    0     0 65976 1632  627 12  4 83  1  0
 2  0      0 14346352 131860 14340024    0    0     0 65988 2101  813 12  4 83  1  0
 2  0      0 14280592 131860 14405052    0    0     0     0 1079  407 14  3 83  0  0
 3  0      0 14221384 131860 14464400    0    0     0 65988 2078  738 13  4 83  1  0
 2  0      0 14205516 131884 14470500    0    0  3333 109592 4810 3384 15  5 77  3  0
 1  0      0 14559032 131884 14118532    0    0     0     0  846  357  7  3 91  0  0
 1  0      0 14545424 131884 14131356    0    0     0     0  855  466  7  2 91  0  0
 1  0      0 14532836 131884 14143796    0    0     0    16  849  420  7  2 91  0  0
 2  0      0 14509268 131884 14169888    0    0     0     0  849  391  8  3 90  0  0
 6  0      0 14391956 131884 14293752    0    0     0 31060 2319  631 32  7 61  1  0
 2  3      0 14209820 131888 14467132    0    0     0 287092 7145 2544 28  7 53 12  1
 2  0      0 14482012 131904 14200180    0    0     0 32224 2164 1230 13  4 81  2  0
 2  0      0 14422036 131912 14260944    0    0     0 65968 2069  688 12  4 83  1  0
 3  0      0 14340136 131916 14343816    0    0     0 65988 2025  773 15  4 80  1  0
 2  0      0 14344424 131916 14352768    0    0     0 30984 1759  931 15  4 81  0  0
procs -----------memory---------- ---swap-- -----io---- -system-- ------cpu-----
 r  b   swpd   free   buff  cache   si   so    bi    bo   in   cs us sy id wa st
 2  0      0 14288748 131920 14408052    0    0     0 65976 1965  709 13  3 83  1  0
 2  0      0 14293116 131936 14401592    0    0     0 71756 2123  947 12  3 83  1  0
 1  0      0 14523428 131936 14166820    0    0     0     0  905  436  7  2 91  0  0
 1  1      0 14471776 131936 14212724    0    0     0 30696 1330  575 10  3 87  1  0
 1  0      0 14520932 131940 14162692    0    0     0   364  932  527  7  2 91  0  0
 1  0      0 14507616 131940 14176292    0    0     0     0  732  352  7  1 91  0  0
 1  0      0 14493996 131940 14189620    0    0     0     0  843  449  6  2 91  0  0
 1  0      0 14480640 131940 14202552    0    0     0   460  910  451  7  2 91  0  0
 1  0      0 14506080 131948 14185548    0    0     0 30996 1545  665 10  3 86  1  0
 1  0      0 14491972 131948 14199276    0    0     0     0  839  434  6  2 91  0  0
 2  0      0 14477612 131948 14213056    0    0     0     0  720  323  6  2 91  0  0
 1  0      0 14464256 131948 14226772    0    0     0     0  783  406  6  2 91  0  0
 2  0      0 14432756 131948 14257092    0    0     0     4  896  460  9  2 89  0  0
 7  0      0 14274784 131952 14424500    0    0     0 30996 2442  685 39  8 53  0  0
 1  4      0 14084800 131964 14611504    0    0     0 333596 7192 2931 33  7 48 12  1
 2  0      0 14415064 131972 14280188    0    0     0 34812 2620 1451 13  4 80  3  0
 2  0      0 14357624 132000 14337336    0    0     0 66092 1989  730 12  3 83  1  0
 3  0      0 14399048 132004 14297188    0    0     0 25712 1508  676 15  4 81  0  0
 2  0      0 14483560 132040 14219612    0    0     0 106772 2805 1033 14  4 80  1  0
 2  0      0 14413280 132040 14287324    0    0     0     0 1139  454 13  4 83  0  0
 2  0      0 14355824 132044 14345188    0    0     0 66000 1908  709 12  3 83  1  0
procs -----------memory---------- ---swap-- -----io---- -system-- ------cpu-----
 r  b   swpd   free   buff  cache   si   so    bi    bo   in   cs us sy id wa st
 2  0      0 14297120 132048 14403700    0    0     0 65980 2119  834 12  4 83  1  0
 3  0      0 14214236 132048 14483192    0    0     0 65988 2163  783 15  4 80  1  0
 2  0      0 14194568 132060 14498412    0    0     0 31000 1687  777 15  4 81  0  0
 2  0      0 14136884 132068 14556552    0    0     0 96696 2548  923 12  4 82  1  0
 1  0      0 14457224 132072 14232644    0    0     0    32  831  409  7  2 91  0  0
 1  0      0 14444120 132072 14246348    0    0     0     0  811  396  6  2 91  0  0
 1  0      0 14461996 132072 14228116    0    0     0 31072 1416  691 10  3 87  1  0
 1  0      0 14446880 132072 14241868    0    0     0    16  803  404  6  2 91  0  0
 1  0      0 14433020 132072 14255252    0    0     0     0  802  447  6  3 91  0  0
 1  0      0 14419664 132072 14268760    0    0     0     0  843  450  7  2 91  0  0
 1  0      0 14406812 132072 14281628    0    0     0     0  820  413  7  2 91  0  0
 7  0      0 14339536 132076 14358404    0    0     0 31032 2036  708 24  6 70  1  0
 4  2      0 14068220 132076 14620408    0    0     0 118148 3799  990 42 10 46  2  0
 2  0      0 14387424 132108 14305076    0    0     0 235488 5724 2888 11  4 72 11  1
 2  0      0 14324676 132112 14367228    0    0     0 66088 2067  767 12  3 83  1  0
 2  0      0 14260164 132112 14430988    0    0     0     0 1037  380 14  3 83  0  0
 2  0      0 14245280 132120 14455040    0    0     0 96976 2639 1116 16  4 78  2  0
 2  0      0 14187076 132120 14513012    0    0     0 65968 1974  800 12  3 83  1  0
 2  0      0 14402084 132124 14297616    0    0     0 38776 1634  674 13  4 83  1  0
 1  1      0 14338580 132124 14359256    0    0     0 38900 1552  542 13  3 83  1  0
 3  0      0 14271296 132128 14427732    0    0     0 27152 1448  548 13  4 82  0  0
procs -----------memory---------- ---swap-- -----io---- -system-- ------cpu-----
 r  b   swpd   free   buff  cache   si   so    bi    bo   in   cs us sy id wa st
 2  0      0 14242048 132132 14447264    0    0     0 96972 2889 1193 14  4 78  3  0
 2  0      0 14178056 132136 14510364    0    0     0 66476 2125  804 13  4 83  1  0
 2  0      0 14110784 132136 14578764    0    0     0     0 1049  390 14  3 83  0  0
 1  0      0 14394484 132140 14288128    0    0     0 89036 2314  996 10  3 85  1  0
 2  0      0 14357948 132140 14324708    0    0     0     0  808  352  9  3 89  0  0
 1  0      0 14406068 132156 14284044    0    0     0 31076 1360  672  7  2 90  0  0
 1  0      0 14391464 132156 14297544    0    0     0     4  759  406  7  2 91  0  0
 1  0      0 14375388 132156 14310928    0    0  3333     0 2405 2146  7  3 90  0  0
 1  0      0 14362536 132156 14323960    0    0     0     0  800  394  7  2 91  0  0
 7  0      0 14363780 132156 14328936    0    0     0 31004 1654  694 14  3 82  1  0
 6  0      0 14084640 132156 14603552    0    0     0 21568 2446  580 45  8 46  0  0
 1  1      0 14335784 132168 14352464    0    0     0 338696 7510 3264 18  5 67 10  1
 1  1      0 14321320 132168 14370940    0    0     0 53464 1661  738  7  2 91  1  0
 1  0      0 14268400 132168 14424272    0    0     0 12720 1083  462  7  2 91  0  0
 1  0      0 14220268 132176 14472036    0    0     0 65980 1617  698  6  2 91  1  0
 1  0      0 14180204 132184 14517284    0    0     0 65980 1640  591  6  2 91  1  0
 1  0      0 14124536 132184 14572176    0    0     0     4  730  262  7  2 91  0  0
 5  0      0 14353640 132188 14342980    0    0     0 91892 1461  994 14  4 80  1  0
 3  1      0 14144020 132200 14548432    0    0     0 118420 3108 1012 29  6 64  2  0
 8  0      0 14216548 132228 14484108    0    0     0 175836 4232 1825 37  8 51  4  0
 0  8      0 13882768 132228 14803520    0    0     0 183520 5015 2074 47  9 33 11  1
procs -----------memory---------- ---swap-- -----io---- -system-- ------cpu-----
 r  b   swpd   free   buff  cache   si   so    bi    bo   in   cs us sy id wa st
 8  0      0 13722048 132260 14976172    0    0     0 344420 11285 6138 27  6 34 32  1
 6  2      0 13352712 132264 15333644    0    0     0 141888 3602 1077 54 11 33  2  0
 1  0      0 13650068 132292 15046004    0    0     0 460620 11497 6475 13  3 56 27  2
 8  0      0 14192440 132292 14499764    0    0     0     0 2408  366 49 10 42  0  0
 0  8      0 13958080 132292 14722936    0    0     0 291632 9782 4804 32  6 33 27  1
 8  0      0 13757500 132304 14940112    0    0     0 236044 7731 3774 34  6 37 21  1
 0  4      0 13552900 132312 15135976    0    0     0 377708 8391 3868 29  6 44 20  1
