procs -----------memory---------- ---swap-- -----io---- -system-- ------cpu-----
 r  b   swpd   free   buff  cache   si   so    bi    bo   in   cs us sy id wa st
 1  0      0 14725336 132332 14082524    0    0    30  2295  164  104 12  3 84  1  1
 1  0      0 14725112 132332 14082484    0    0     0     0  226  169  0  0 100  0  0
 1  0      0 14693972 132372 14096812    0    0     0   808 1405 1064  6  3 91  0  0
 1  0      0 14664664 132372 14110404    0    0     0     0  795  413  7  2 91  0  0
 1  0      0 14637196 132372 14123828    0    0     0     8  644  291  7  2 91  0  0
 1  0      0 14609980 132372 14136540    0    0     0     0  701  337  7  2 91  0  0
 5  0      0 14559076 132372 14172812    0    0     0     0  783  320  9  2 88  0  0
 1  0      0 14647516 132380 14133564    0    0     0 30976 1560  599  8  3 89  0  0
 1  0      0 14619300 132380 14147420    0    0     0     0  820  417  6  2 91  0  0
 1  0      0 14585648 132380 14160384    0    0  3333   208 2263 2009  7  3 90  0  0
 1  0      0 14559216 132380 14173612    0    0     0     0  705  318  6  2 91  0  0
 1  0      0 14572312 132384 14157260    0    0     0 30960 1514  520 10  3 87  1  0
 1  0      0 14558204 132384 14171084    0    0     0     0  676  293  6  2 91  0  0
 1  0      0 14543844 132384 14184556    0    0     0     0  675  290  6  2 91  0  0
 1  0      0 14531008 132384 14197324    0    0     0     0  691  304  7  2 91  0  0
 2  0      0 14505096 132384 14223972    0    0     0     0  786  321  8  3 90  0  0
 1  0      0 14529304 132384 14194768    0    0     0 30964 1240  525  8  3 88  1  0
 1  0      0 14515452 132384 14208424    0    0     0     0  700  284  7  2 91  0  0
 1  0      0 14502136 132384 14221872    0    0     0     0  738  317  7  2 91  0  0
 1  0      0 14488528 132384 14234976    0    0     0     0  763  314  6  2 91  0  0
 3  0      0 14500104 132392 14228700    0    0     0 30964 1433  550 12  3 85  0  0
procs -----------memory---------- ---swap-- -----io---- -system-- ------cpu-----
 r  b   swpd   free   buff  cache   si   so    bi    bo   in   cs us sy id wa st
 2  1      0 14383684 132392 14340092    0    0     0 26624 1741  423 19  6 75  0  0
 1  0      0 14487352 132396 14234924    0    0     0 87368 2412  837  8  3 89  1  0
 1  0      0 14472992 132396 14248184    0    0     0     0  717  303  7  2 91  0  0
 2  0      0 14458376 132396 14263576    0    0     0     0  770  328  6  3 91  0  0
 1  0      0 14476796 132396 14245472    0    0     0 30988 1388  538 10  3 87  1  0
 1  0      0 14461972 132396 14259232    0    0     0     0  785  343  6  2 91  0  0
 1  0      0 14448796 132396 14272252    0    0     0     0  740  307  7  2 91  0  0
 1  0      0 14434936 132396 14285500    0    0     0     0  741  304  7  2 91  0  0
 1  1      0 14388860 132396 14331400    0    0     0  8192 1148  515 10  3 88  0  0
 1  0      0 14437484 132412 14282472    0    0     0 22768 1115  529  6  2 91  0  0
 1  0      0 14423588 132412 14296380    0    0     0     0  732  308  7  2 91  0  0
 2  0      0 14409980 132412 14309584    0    0     0     0  742  312  6  2 91  0  0
 1  0      0 14396876 132412 14322824    0    0     0     0  762  321  7  2 91  0  0
 2  0      0 14422392 132424 14306156    0    0     0 30980 1440  557 10  3 87  1  0
 1  0      0 14406956 132424 14319508    0    0     0   112  740  332  6  2 91  0  0
 1  0      0 14393600 132424 14332588    0    0     0     0  710  300  6  2 91  0  0
 1  0      0 14380540 132424 14345260    0    0     0     0  718  300  7  2 91  0  0
 2  0      0 14361932 132424 14365236    0    0     0     0  781  309  8  2 90  0  0
 5  0      0 14297836 132428 14429504    0    0     0 30996 1950  555 24  6 69  1  0
 2  2      0 14140876 132432 14580168    0    0     0 76008 2746  826 28  6 63  2  0
 1  0      0 14369120 132448 14352276    0    0     0 147744 3562 1637  7  3 85  5  0
procs -----------memory---------- ---swap-- -----io---- -system-- ------cpu-----
 r  b   swpd   free   buff  cache   si   so    bi    bo   in   cs us sy id wa st
 2  0      0 14355516 132448 14364660    0    0     0     0  754  340  7  2 91  0  0
 2  0      0 14329812 132448 14391960    0    0     0     0  820  312  9  2 89  0  0
 1  0      0 14369108 132456 14360208    0    0     0 31008 1395  553  8  3 89  1  0
 1  0      0 14354748 132456 14373708    0    0     0    92  763  317  7  2 91  0  0
 1  0      0 14340140 132456 14386764    0    0     0     0  756  352  6  2 91  0  0
 1  0      0 14327036 132456 14399784    0    0     0     0  736  318  6  2 91  0  0
 1  0      0 14336604 132464 14382812    0    0     0 30960 1354  547 10  3 87  1  0
 1  0      0 14321992 132464 14396948    0    0     0     0  782  340  7  2 91  0  0
 1  0      0 14308888 132464 14410380    0    0     0     0  721  370  7  2 91  0  0
 1  0      0 14294776 132464 14423352    0    0     0     0  745  321  7  2 91  0  0
 1  0      0 14281676 132464 14436012    0    0     0     0  727  307  7  2 91  0  0
 1  0      0 14306356 132476 14419396    0    0     0 30980 1423  568 10  3 86  1  0
 1  0      0 14291996 132476 14433344    0    0     0     0  698  318  6  2 91  0  0
 1  0      0 14278668 132476 14446748    0    0     0     0  724  316  7  2 91  0  0
 1  0      0 14264064 132476 14459796    0    0     0     0  769  325  6  3 91  0  0
 2  0      0 14226012 132476 14494388    0    0     0     0  855  331  9  2 88  0  0
 6  0      0 14077600 132488 14644816    0    0     0 46556 2624  658 37  8 54  1  0
 1  4      0 13908040 132488 14805840    0    0     0 288340 7016 2851 28  7 51 13  1
 1  0      0 14248396 132496 14463528    0    0     0 25920 1787 1120  7  3 89  1  0
 1  0      0 14235548 132496 14476024    0    0     0     0  747  304  7  2 91  0  0
 2  0      0 14192204 132496 14519184    0    0     0     0  887  363 10  3 88  0  0
procs -----------memory---------- ---swap-- -----io---- -system-- ------cpu-----
 r  b   swpd   free   buff  cache   si   so    bi    bo   in   cs us sy id wa st
 1  0      0 14247632 132504 14471532    0    0     0 30956 1230  516  7  2 91  1  0
 1  0      0 14234276 132504 14484096    0    0     0     0  769  313  7  2 91  0  0
 1  0      0 14221928 132504 14496792    0    0     0    20  789  349  7  2 91  0  0
 1  0      0 14207564 132504 14509828    0    0     0     0  762  335  7  2 91  0  0
 1  0      0 14219392 132512 14492520    0    0     0 30984 1432  553 10  3 87  1  0
 1  0      0 14205032 132512 14506140    0    0     0     0  728  298  7  2 91  0  0
 1  0      0 14188212 132512 14519148    0    0  3333     0 2285 1982  7  2 90  0  0
 1  0      0 14174616 132512 14532172    0    0     0     0  743  345  7  2 91  0  0
 1  0      0 14161764 132512 14545144    0    0     0    72  761  343  7  2 91  0  0
 1  0      0 14179152 132520 14528692    0    0     0 30976 1346  558 10  3 87  1  0
 1  0      0 14165544 132520 14541932    0    0     0     0  727  306  6  2 91  0  0
 1  0      0 14152188 132520 14555260    0    0     0     0  742  311  6  2 91  0  0
 1  0      0 14138832 132520 14568588    0    0     0     0  737  327  6  2 91  0  0
 2  0      0 14104812 132520 14602968    0    0     0     4  822  301  9  2 89  0  0
 4  0      0 14050116 132524 14663496    0    0     0 34168 2170  621 24  6 69  1  0
 1  0      0 14137144 132524 14574776    0    0     0 195992 4690 1618 22  6 69  3  0
 1  0      0 14123800 132524 14587740    0    0     0     0  759  322  6  2 91  0  0
 1  0      0 14110192 132524 14600388    0    0     0     0  749  313  7  2 91  0  0
 1  0      0 14128824 132536 14583624    0    0     0 31164 1406  497 10  3 87  0  0
 1  0      0 14114464 132536 14597396    0    0     0     0  761  354  6  2 91  0  0
 1  0      0 14100856 132536 14610756    0    0     0     0  699  281  7  2 91  0  0
procs -----------memory---------- ---swap-- -----io---- -system-- ------cpu-----
 r  b   swpd   free   buff  cache   si   so    bi    bo   in   cs us sy id wa st
 1  0      0 14087500 132536 14624100    0    0     0     0  743  304  6  2 91  0  0
 1  0      0 14074396 132536 14637256    0    0     0     0  709  299  7  2 91  0  0
 1  0      0 14091264 132540 14620604    0    0     0 30984 1526  552 10  3 87  1  0
 1  0      0 14077908 132540 14633952    0    0     0     0  752  309  6  2 91  0  0
 1  0      0 14064300 132540 14647060    0    0     0     0  725  293  7  2 91  0  0
 1  0      0 14050028 132540 14660032    0    0     0     0  962  547  7  2 91  0  0
 2  0      0 14018276 132540 14692124    0    0     0     0  798  329  9  2 89  0  0
 1  0      0 14053292 132540 14656568    0    0     0 30992 1405  547  7  3 89  0  0
 2  0      0 14039936 132540 14669712    0    0     0     0  726  290  6  2 91  0  0
 1  0      0 14026328 132540 14682348    0    0     0     0  688  275  7  2 91  0  0
 1  0      0 14014484 132540 14694516    0    0     0     0  706  308  7  2 91  0  0
 2  0      0 13969124 132540 14740096    0    0     0 14320 1057  397 10  3 87  0  0
 6  0      0 13815176 132540 14897416    0    0     0 16664 2199  506 40  8 51  0  0
 1  0      0 14011972 132560 14695476    0    0     0 315224 7055 2828 24  6 61  8  1
 1  0      0 13998868 132560 14708236    0    0     0     0  703  316  7  2 91  0  0
 1  0      0 13987028 132560 14719944    0    0     0     0  764  307  7  2 91  0  0
 1  0      0 14005408 132576 14702680    0    0     0 30964 1446  523 10  3 87  0  0
 1  0      0 13991048 132576 14716440    0    0     0    12  738  311  6  2 91  0  0
 1  0      0 13977440 132576 14729612    0    0     0     0  731  347  7  2 91  0  0
 1  0      0 13964840 132576 14742252    0    0     0     0  737  303  7  2 91  0  0
 1  0      0 13951484 132576 14755000    0    0     0     0  752  314  7  2 91  0  0
procs -----------memory---------- ---swap-- -----io---- -system-- ------cpu-----
 r  b   swpd   free   buff  cache   si   so    bi    bo   in   cs us sy id wa st
 1  0      0 13975916 132576 14738164    0    0     0 30984 1308  553  9  3 87  1  0
 1  0      0 13962560 132576 14751660    0    0     0    88  728  318  7  2 91  0  0
 1  0      0 13949204 132576 14764304    0    0     0     0  741  315  6  2 91  0  0
 1  0      0 13936856 132576 14777196    0    0     0     0  705  300  7  2 91  0  0
 2  0      0 13913420 132576 14798596    0    0     0     0  763  305  8  2 90  0  0
 1  0      0 13931048 132580 14773284    0    0     0 31000 1499  575  9  3 88  1  0
 1  0      0 13917692 132580 14786920    0    0     0   252  777  306  6  2 91  0  0
 2  0      0 13904340 132580 14799728    0    0     0     0  690  279  6  2 91  0  0
 1  0      0 13891740 132580 14812316    0    0     0     0  653  232  7  2 91  0  0
 2  0      0 13849656 132580 14853984    0    0     0     0  827  293 10  3 88  0  0
 6  0      0 13712592 132592 15007040    0    0     0 30976 2323  578 37  8 54  1  0
 2  0      0 13897816 132608 14813996    0    0     0 299360 7246 3068 22  6 60 11  1
 2  0      0 13834760 132608 14879236    0    0     0     4  991  323 13  4 83  0  0
 2  0      0 13775036 132612 14938976    0    0     0 66064 1807  599 12  4 83  1  0
 1  0      0 13897204 132632 14809404    0    0     0 82756 2449 1014 12  4 83  1  0
 1  0      0 13882340 132632 14823036    0    0     0     0  723  297  6  2 91  0  0
 1  0      0 13869236 132632 14836596    0    0     0     0  747  310  7  2 91  0  0
 1  0      0 13855632 132632 14849788    0    0     0     0  715  321  7  2 91  0  0
 1  0      0 13842528 132632 14862756    0    0     0     0  715  309  6  2 91  0  0
 1  0      0 13867712 132640 14845588    0    0     0 30976 1465  560 10  3 86  0  0
 1  0      0 13853352 132640 14859400    0    0     0     0  740  315  7  2 91  0  0
procs -----------memory---------- ---swap-- -----io---- -system-- ------cpu-----
 r  b   swpd   free   buff  cache   si   so    bi    bo   in   cs us sy id wa st
 1  0      0 13839996 132640 14873020    0    0     0     0  713  310  6  2 91  0  0
 1  0      0 13826892 132640 14886076    0    0     0     8  761  316  7  2 91  0  0
 2  0      0 13795644 132640 14915284    0    0     0     0  809  307  8  2 89  0  0
 3  0      0 13816628 132652 14882556    0    0  2838 30976 2664 1951  8  3 88  1  0
 2  0      0 13802768 132652 14895976    0    0   495     0 1017  599  7  2 91  0  0
 1  0      0 13789664 132652 14908924    0    0     0     0  732  301  6  2 91  0  0
 1  0      0 13776560 132652 14921904    0    0     0    12  720  310  7  2 91  0  0
 1  1      0 13732964 132652 14967132    0    0     0 30872 1230  414 10  3 87  1  0
 6  0      0 13549292 132652 15166132    0    0     0 26004 2665  724 44 10 46  0  0
 2  0      0 13791924 132660 14923316    0    0     0 322600 8267 3626 23  6 55 16  1
 2  0      0 13723632 132660 14990508    0    0     0     0  979  308 13  4 83  0  0
 2  0      0 13664664 132664 15049860    0    0     0 66080 1790  658 13  3 83  1  0
 2  0      0 13755708 132696 14952984    0    0     0 81584 2439  860 16  5 78  1  0
 2  0      0 13691708 132696 15016296    0    0     0 66036 1997  651 13  4 83  1  0
 1  0      0 13768416 132708 14936232    0    0     0 37832 1442  580  9  3 87  1  0
 1  0      0 13754304 132708 14949400    0    0     0     0  734  302  7  2 91  0  0
 2  0      0 13741452 132708 14964896    0    0     0    88  790  330  7  2 91  0  0
 1  0      0 13766636 132712 14945924    0    0     0 31020 1362  548  9  3 87  1  0
 1  0      0 13752276 132712 14959864    0    0     0     0  761  317  7  2 91  0  0
 1  0      0 13737912 132712 14973636    0    0     0     0  737  312  6  2 91  0  0
 1  0      0 13724808 132712 14986972    0    0     0     0  720  327  7  2 91  0  0
procs -----------memory---------- ---swap-- -----io---- -system-- ------cpu-----
 r  b   swpd   free   buff  cache   si   so    bi    bo   in   cs us sy id wa st
 1  1      0 13673904 132712 15032612    0    0     0  8464  982  334 10  3 87  0  0
 1  0      0 13721016 132716 14983168    0    0     0 22792 1122  533  6  2 91  0  0
 2  0      0 13706932 132716 14996288    0    0     0     0 1130  622  8  3 89  0  0
 1  0      0 13694412 132716 15009560    0    0     0     4  885  461  7  2 91  0  0
 1  0      0 13681484 132716 15022580    0    0     0     0  754  337  7  2 91  0  0
 7  0      0 13674412 132720 15048280    0    0     0 30988 1811  637 18  4 77  1  0
 6  0      0 13415444 132724 15302804    0    0     0 120900 4016 1021 44  9 46  2  0
 2  0      0 13677936 132744 15041516    0    0     0 228776 5756 2530 20  5 69  7  0
 2  0      0 13616196 132752 15099660    0    0     0 66092 1821  683 12  4 83  1  0
 1  1      0 13553196 132752 15163156    0    0     0 32612 1293  354 13  4 83  1  0
 2  0      0 13644496 132764 15064728    0    0     0 48196 1878  784 16  5 78  1  0
 1  0      0 13689584 132784 15019396    0    0     0 79948 2193  887 11  3 85  1  0
 2  0      0 13675728 132784 15032476    0    0     0     0  745  295  6  2 91  0  0
 1  0      0 13662120 132784 15045780    0    0     0     0  695  289  7  2 91  0  0
 2  0      0 13643724 132784 15065192    0    0     0     0  732  290  7  2 90  0  0
 1  0      0 13674200 132788 15041280    0    0     0 31012 1359  612  8  3 88  1  0
 1  0      0 13660344 132788 15054984    0    0     0     8  724  285  7  2 91  0  0
 1  0      0 13647240 132788 15068160    0    0     0     0  711  293  7  2 91  0  0
 1  0      0 13633632 132788 15081608    0    0     0     0  711  306  7  2 91  0  0
 1  1      0 13581972 132788 15127848    0    0     0  2132  917  372  9  3 88  0  0
 1  0      0 13628832 132792 15078488    0    0     0 28844 1254  565  6  3 91  0  0
procs -----------memory---------- ---swap-- -----io---- -system-- ------cpu-----
 r  b   swpd   free   buff  cache   si   so    bi    bo   in   cs us sy id wa st
 1  0      0 13614720 132792 15092424    0    0     0    16  734  299  7  2 92  0  0
 1  0      0 13601112 132792 15105504    0    0     0     0  721  300  7  2 91  0  0
 1  0      0 13588260 132792 15118736    0    0     0     0  729  334  7  2 91  0  0
 7  0      0 13540380 132800 15180128    0    0     0 30980 1870  615 23  5 72  1  0
 6  0      0 13245120 132804 15466880    0    0     0 40844 2751  625 46 10 44  1  0
 2  0      0 13574640 132832 15136888    0    0     0 322240 8330 3829 11  4 67 17  1
 1  1      0 13513152 132832 15195964    0    0     0 49152 1770  546 12  4 83  1  0
 2  0      0 13448892 132840 15261072    0    0     0 16888 1236  464 13  3 83  0  0
 2  0      0 13416368 132848 15288564    0    0     0 96996 2498  900 15  5 78  1  0
 2  0      0 13538416 132872 15164892    0    0     0 34392 1567  563 12  4 83  0  0
 2  0      0 13481716 132872 15222080    0    0     0 66376 2085  670 13  3 83  1  0
 2  0      0 13420228 132872 15284068    0    0     0 65984 1894  665 13  3 83  1  0
 2  0      0 13552120 132884 15151868    0    0     0 21300 1249  546  9  3 88  0  0
 2  0      0 13580080 132884 15130416    0    0     0 31044 1331  528  9  3 87  1  0
 1  0      0 13566472 132884 15143376    0    0     0     0  753  334  6  2 91  0  0
 1  0      0 13553620 132884 15156420    0    0     0     4  754  295  7  2 91  0  0
 1  0      0 13541020 132884 15168932    0    0     0     0  783  321  7  2 91  0  0
 2  0      0 13509296 132884 15201056    0    0     0     0  892  349  9  2 89  0  0
 1  0      0 13539272 132884 15165332    0    0     0 31008 1373  609  8  2 89  1  0
 1  0      0 13525412 132884 15178888    0    0     0     0  735  301  7  2 91  0  0
 1  0      0 13511304 132884 15192284    0    0     0     0  735  294  6  2 91  0  0
procs -----------memory---------- ---swap-- -----io---- -system-- ------cpu-----
 r  b   swpd   free   buff  cache   si   so    bi    bo   in   cs us sy id wa st
 1  0      0 13494712 132884 15205608    0    0  1171     0 1267  853  7  2 91  0  0
 7  0      0 13490200 132884 15226800    0    0  2162 30992 2831 1935 17  4 78  1  0
 5  1      0 13220396 132888 15490188    0    0     0 58776 2942  628 45  8 46  1  0
 2  0      0 13487424 132896 15226008    0    0     0 289700 6480 2687 19  5 70  6  1
 2  0      0 13426188 132896 15284796    0    0     0 66072 1991  659 13  3 83  1  0
 2  0      0 13499512 132908 15214476    0    0     0 45680 1642  632 13  4 83  1  0
 2  0      0 13457892 132916 15250848    0    0     0 31052 1701  557 17  4 79  1  0
 2  0      0 13400440 132916 15308652    0    0     0 65972 2166  696 13  3 83  1  0
 2  0      0 13343248 132920 15366208    0    0     0 65976 1846  651 12  4 83  1  0
 1  0      0 13484580 132920 15218876    0    0     0 42172 1678  714 10  3 86  0  0
 2  0      0 13471772 132920 15230984    0    0     0     0  714  311  7  2 91  0  0
 1  0      0 13496956 132936 15213280    0    0     0 31060 1366  555  9  3 86  1  0
 1  0      0 13481840 132936 15226728    0    0     0     0  753  307  7  2 91  0  0
 1  0      0 13468736 132936 15240184    0    0     0     0  732  349  6  2 91  0  0
 1  0      0 13454624 132936 15253552    0    0     0     0  749  291  7  2 91  0  0
 2  0      0 13422116 132936 15283820    0    0     0     8  827  336  8  3 89  0  0
 1  0      0 13450332 132940 15249988    0    0     0 31004 1352  567  8  3 89  1  0
 1  0      0 13435716 132940 15263264    0    0     0     0  750  327  6  2 91  0  0
 1  0      0 13422360 132940 15276540    0    0     0     0  710  265  6  2 91  0  0
 1  0      0 13410516 132940 15289088    0    0     0     0  725  285  7  2 91  0  0
 7  0      0 13433936 132944 15276380    0    0     0 31368 1721  825 11  3 85  1  0
procs -----------memory---------- ---swap-- -----io---- -system-- ------cpu-----
 r  b   swpd   free   buff  cache   si   so    bi    bo   in   cs us sy id wa st
 6  0      0 13180248 132944 15529684    0    0     0  4816 2070  410 42  8 49  0  0
 2  0      0 13406724 132960 15304512    0    0     0 322524 7991 3227 20  6 65  9  0
 1  1      0 13339944 132960 15368784    0    0     0 38936 1668  500 12  4 83  1  0
 2  0      0 13401904 132972 15311456    0    0     0 63036 2037  659 12  4 83  1  0
 2  0      0 13355520 132984 15349892    0    0     0 31020 1586  569 16  4 79  1  0
 2  0      0 13291036 132988 15413468    0    0     0 65964 1821  609 13  3 83  1  0
 2  0      0 13230316 132988 15475576    0    0     0 65980 1843  750 13  3 83  1  0
 2  0      0 13191668 132992 15511912    0    0     0 73792 1943  835 12  4 83  1  0
 2  0      0 13386264 132992 15322368    0    0     0     0  804  331  7  2 91  0  0
 1  0      0 13411456 132996 15302628    0    0     0 31052 1535  532 10  3 87  1  0
 1  0      0 13398100 132996 15315860    0    0     0     0  730  312  7  2 91  0  0
 1  0      0 13384744 132996 15329172    0    0     0     0  681  264  7  2 91  0  0
 1  0      0 13372396 132996 15341912    0    0     0     0  703  326  7  2 91  0  0
 2  0      0 13340140 132996 15372672    0    0     0     0  732  268  8  2 89  0  0
 3  0      0 13369912 133000 15337808    0    0     0 31024 1211  549  8  3 89  1  0
 1  0      0 13355504 133000 15351192    0    0     0     0  748  308  7  2 91  0  0
 1  0      0 13341896 133000 15365076    0    0     0     0  725  333  7  2 91  0  0
 1  0      0 13328288 133000 15378436    0    0     0     0  695  281  7  2 91  0  0
 7  0      0 13315924 133012 15390136    0    0     0 31000 1527  608 14  4 81  1  0
 5  1      0 13050860 133012 15649016    0    0     0 28648 2332  474 41 10 49  1  0
 2  0      0 13306920 133044 15395908    0    0     0 301636 7386 3367 17  6 66 11  1
procs -----------memory---------- ---swap-- -----io---- -system-- ------cpu-----
 r  b   swpd   free   buff  cache   si   so    bi    bo   in   cs us sy id wa st
 2  0      0 13264328 133048 15438244    0    0     0 19540 1260  449 13  3 83  0  0
 2  0      0 13205360 133052 15497940    0    0     0 66004 2146  702 12  4 83  1  0
 2  0      0 13187956 133056 15525348    0    0     0 96968 2979  895 17  4 78  1  0
 2  0      0 13284180 133076 15427964    0    0     0 12140 1262  452 13  4 83  0  0
 2  0      0 13222188 133080 15489516    0    0     0 66032 2136  656 12  4 83  1  0
 2  0      0 13164756 133084 15546620    0    0     0 65984 1911  691 12  3 83  1  0
 2  0      0 13097976 133084 15612488    0    0     0     0  918  283 14  3 83  0  0
 1  0      0 13327728 133092 15378392    0    0     0 102988 2604 1143 12  4 82  2  0
 1  0      0 13313120 133092 15391892    0    0     0     4  775  322  6  2 91  0  0
 1  0      0 13300016 133092 15405580    0    0     0     0  769  315  6  2 91  0  0
 1  0      0 13286156 133092 15418564    0    0     0     0  738  308  7  2 91  0  0
 2  0      0 13259444 133092 15446632    0    0     0     0  810  333  8  2 90  0  0
 1  0      0 13298236 133096 15414772    0    0     0 31064 1276  527  8  3 89  1  0
 1  0      0 13284128 133096 15428172    0    0     0     0  732  306  6  2 91  0  0
 1  0      0 13270268 133096 15441692    0    0     0   440  803  337  6  2 91  0  0
 1  0      0 13256912 133096 15455076    0    0     0     0  717  340  7  2 91  0  0
 6  0      0 13253116 133096 15458200    0    0     0 31076 2838 1742 15  4 81  0  0
 5  0      0 12969816 133108 15719980    0    0     0 50324 4463 2147 42 13 44  1  0
 2  0      0 13224016 133124 15471204    0    0     0 259080 6608 3191 15  5 67 13  1
 1  1      0 13149844 133124 15535092    0    0  3333 25600 3126 2331 14  5 81  0  0
 2  0      0 13088108 133124 15597132    0    0     0 40464 1735  589 13  4 83  1  0
procs -----------memory---------- ---swap-- -----io---- -system-- ------cpu-----
 r  b   swpd   free   buff  cache   si   so    bi    bo   in   cs us sy id wa st
 2  0      0 13055372 133124 15627448    0    0     0 96988 2872 1058 16  4 78  1  0
 1  0      0 13228956 133124 15456428    0    0     0 44592 2022  943  8  4 87  1  0
 1  0      0 13215104 133124 15469212    0    0     0     0 1102  706  7  2 91  0  0
 1  0      0 13202280 133124 15482216    0    0     0     0  805  328  6  2 91  0  0
 2  0      0 13188168 133124 15495872    0    0     0     0  962  513  7  3 90  0  0
 1  0      0 13206044 133124 15477764    0    0     0 31064 1642  787 10  3 86  1  0
 1  0      0 13192692 133124 15491420    0    0     0     0  896  479  7  2 91  0  0
 1  0      0 13181352 133124 15504196    0    0     0     0  871  384  6  3 91  0  0
 1  0      0 13169260 133124 15517044    0    0     0     8  771  350  7  2 91  0  0
 2  0      0 13137008 133124 15550504    0    0     0     0  915  404  9  2 89  0  0
 1  0      0 13172528 133132 15513828    0    0     0 31004 1429  726  8  2 89  1  0
 1  0      0 13160184 133132 15527072    0    0     0     0  864  383  6  2 91  0  0
 1  0      0 13147588 133132 15540116    0    0     0     0  818  385  7  2 91  0  0
 1  0      0 13134736 133132 15553068    0    0     0    24  765  326  7  2 91  0  0
 7  0      0 13153792 133140 15535328    0    0     0 31016 1411  651 10  3 86  1  0
 6  0      0 12881368 133144 15808028    0    0     0 76656 3286  734 45 10 43  1  0
 2  0      0 12994920 133152 15696240    0    0     0 280592 7296 3434 23  5 54 17  1
 2  0      0 13083020 133152 15611280    0    0     0     0 1108  350 13  4 83  0  0
 2  0      0 13025816 133152 15668216    0    0     0 66092 1903  693 13  3 83  1  0
 2  1      0 13042924 133156 15653328    0    0     0 59332 2069  750 16  4 78  1  0
 3  0      0 13048208 133172 15648692    0    0     0 65996 1895  613 13  3 83  1  0
procs -----------memory---------- ---swap-- -----io---- -system-- ------cpu-----
 r  b   swpd   free   buff  cache   si   so    bi    bo   in   cs us sy id wa st
 2  0      0 13112688 133188 15585572    0    0     0 42692 1644  660 12  4 83  1  0
 2  0      0 13053724 133188 15644848    0    0     0 66016 1942  685 12  4 83  1  0
 1  0      0 13117588 133188 15573992    0    0     0 14892 1091  557  7  3 90  0  0
 1  0      0 13134964 133196 15556376    0    0     0 31024 1211  562 10  3 87  1  0
 1  0      0 13120856 133196 15569700    0    0     0     0  775  296  7  2 91  0  0
 1  0      0 13109028 133196 15582520    0    0     0     0  758  342  6  2 91  0  0
 1  0      0 13097436 133196 15594936    0    0     0     0  748  332  7  2 91  0  0
 1  0      0 13084084 133196 15607892    0    0     0   496  831  343  7  2 91  0  0
 1  0      0 13101712 133204 15590736    0    0     0 31032 1400  612 10  3 87  1  0
 1  0      0 13084428 133204 15604248    0    0     0     0 1072  568  7  3 90  0  0
 1  0      0 13070724 133204 15617492    0    0     0     0  966  487  7  2 91  0  0
 1  0      0 13057960 133204 15630276    0    0     0     0  781  368  6  2 91  0  0
 2  0      0 13039232 133204 15650504    0    0     0     0  763  340  7  2 90  0  0
 7  0      0 12917096 133208 15779764    0    0     0 31012 2161  678 33  6 60  1  0
 2  4      0 12681240 133212 16010076    0    0     0 331416 8026 2621 37  9 45 10  0
 2  0      0 13017704 133228 15681536    0    0     0 40608 2799 1242 13  4 81  2  0
 2  0      0 12956976 133228 15742424    0    0     0 66072 1928  683 12  4 83  1  0
 2  1      0 12884148 133228 15817036    0    0     0 65072 1722  614 14  4 81  1  0
 2  0      0 12875824 133240 15832120    0    0     0 31928 1833  772 15  4 80  1  0
 2  0      0 13071696 133252 15638776    0    0     0 87880 2438  932 12  4 83  1  0
 2  0      0 13006176 133252 15702648    0    0     0     0  981  333 13  4 83  0  0
procs -----------memory---------- ---swap-- -----io---- -system-- ------cpu-----
 r  b   swpd   free   buff  cache   si   so    bi    bo   in   cs us sy id wa st
 2  0      0 12951996 133260 15757440    0    0     0 66036 1953  666 12  4 83  1  0
 2  0      0 13030336 133260 15672952    0    0     0 52080 1867  653 12  4 84  1  0
 1  0      0 13057544 133260 15638788    0    0     0 31056 1345  467  8  3 89  1  0
 1  0      0 13045452 133260 15652232    0    0     0     0  813  312  6  2 91  0  0
 1  0      0 13031848 133260 15665296    0    0     0     0  741  326  7  2 91  0  0
 1  0      0 13018996 133260 15677952    0    0     0     0  731  316  7  2 91  0  0
 2  0      0 12976924 133260 15720840    0    0     0     0  957  364 10  3 87  0  0
 1  0      0 13029832 133264 15674348    0    0     0 31000 1431  609  7  2 90  1  0
 1  0      0 13016728 133264 15687300    0    0     0     0  798  368  7  2 91  0  0
 1  0      0 13003372 133264 15700524    0    0     0     0  781  302  7  2 91  0  0
 1  0      0 12990520 133264 15713936    0    0     0     0  780  333  7  2 91  0  0
 7  0      0 12961540 133264 15745476    0    0     0 30996 1635  597 18  4 77  1  0
 1  1      0 12660496 133264 16038652    0    0     0 59288 2993  630 48  9 42  1  0
 2  0      0 12972300 133292 15727920    0    0     0 315100 7256 3236 16  5 66 13  1
 1  1      0 12905776 133292 15791024    0    0     0 38940 1482  492 12  4 83  1  0
 2  0      0 12845548 133296 15852632    0    0     0 27152 1427  508 13  3 83  0  0
 2  0      0 12821912 133296 15878900    0    0  3333 96968 4211 2895 16  5 77  2  0
 2  0      0 12983776 133308 15718492    0    0     0 60284 1939  706 13  3 83  1  0
 2  0      0 12920020 133308 15780800    0    0     0     0 1070  360 13  3 83  0  0
 2  0      0 12864116 133312 15838076    0    0     0 66044 1827  648 12  3 83  1  0
 2  0      0 12806368 133312 15895152    0    0     0 65976 1820  743 12  3 83  1  0
procs -----------memory---------- ---swap-- -----io---- -system-- ------cpu-----
 r  b   swpd   free   buff  cache   si   so    bi    bo   in   cs us sy id wa st
 1  1      0 12761280 133316 15931032    0    0     0 47388 1850  674 17  4 78  1  0
 1  0      0 12979712 133328 15714860    0    0     0 88848 2553  945 12  3 84  1  0
 3  0      0 12965860 133328 15727952    0    0     0     0  719  296  7  2 91  0  0
 1  0      0 12952756 133328 15741044    0    0     0     0  727  298  6  2 91  0  0
 2  0      0 12928060 133328 15766712    0    0     0     0  817  330  8  3 89  0  0
 1  0      0 12964336 133340 15737268    0    0     0 31052 1444  578  8  3 88  1  0
 1  0      0 12950728 133340 15751020    0    0     0     0  777  345  7  2 91  0  0
 1  0      0 12937624 133340 15764132    0    0     0     0  795  357  6  2 91  0  0
 1  0      0 12924772 133340 15777164    0    0     0     0  777  328  7  2 91  0  0
 1  1      0 12872608 133340 15822960    0    0     0 24424 1234  411 10  3 87  0  0
 6  0      0 12663760 133340 16035816    0    0     0 45580 3049  798 46 10 43  1  0
 2  0      0 12918040 133364 15780824    0    0     0 322820 8565 3642 22  6 57 15  1
 2  0      0 12877788 133372 15821136    0    0     0 20536 1319  481 13  4 83  0  0
 2  0      0 12819576 133380 15878340    0    0     0 65992 2153  648 13  3 83  1  0
 2  0      0 12793868 133384 15911608    0    0     0 31004 1743  628 16  5 78  0  0
 1  1      0 12735912 133384 15969168    0    0     0 82340 2360  754 13  3 83  1  0
 2  0      0 12884536 133392 15823136    0    0     0 24544 1402  568 13  3 83  1  0
 2  0      0 12826828 133400 15881464    0    0     0 66036 1869  694 12  3 83  1  0
 2  0      0 12768112 133400 15939588    0    0     0 65972 1775  685 12  3 83  1  0
 3  0      0 12726816 133408 15972680    0    0     0 31000 1653  542 16  5 79  0  0
 1  0      0 12924708 133416 15774756    0    0     0 61264 1941  671  8  3 89  1  0
procs -----------memory---------- ---swap-- -----io---- -system-- ------cpu-----
 r  b   swpd   free   buff  cache   si   so    bi    bo   in   cs us sy id wa st
 1  0      0 12911856 133416 15787896    0    0     0     0  731  290  6  3 91  0  0
 1  0      0 12898752 133416 15800640    0    0     0     4  787  339  6  2 91  0  0
 2  0      0 12885900 133416 15813484    0    0     0     0  755  313  6  2 91  0  0
 1  0      0 12901512 133428 15796724    0    0     0 31040 1399  530 10  3 87  1  0
 1  0      0 12888408 133428 15809744    0    0     0     0  782  353  6  3 91  0  0
 1  0      0 12875556 133428 15822856    0    0     0     0  753  314  7  2 91  0  0
 1  0      0 12861948 133428 15835916    0    0     0     0  783  359  7  2 91  0  0
 2  0      0 12832968 133428 15865800    0    0     0     0  817  314  9  2 89  0  0
 6  0      0 12683040 133452 16015624    0    0     0 52916 2661  783 36  8 55  1  0
 1  2      0 12500880 133464 16195116    0    0     0 315188 7383 2834 31  6 52 11  1
 2  0      0 12801544 133484 15893844    0    0     0  6604 1394  576 14  3 83  0  0
 2  0      0 12743332 133488 15952216    0    0     0 66432 1958  691 13  3 83  1  0
 3  0      0 12670756 133488 16026496    0    0     0 65984 2000  691 14  4 81  1  0
 2  0      0 12652872 133496 16042512    0    0     0 31008 1674  629 15  4 80  1  0
 2  0      0 12853904 133516 15837364    0    0     0 94532 2466 1057 12  4 83  1  0
 2  0      0 12788896 133516 15905784    0    0     0     0 1008  361 13  4 83  0  0
 2  0      0 12730440 133520 15963524    0    0     0 66040 1958  653 13  3 83  1  0
 3  0      0 12652824 133524 16041612    0    0     0 65984 1961  687 15  4 80  1  0
 2  0      0 12645008 133528 16052368    0    0     0 31008 1610  595 14  4 82  0  0
 1  0      0 12847428 133532 15843988    0    0     0 79840 2141  961  8  4 87  1  0
 1  0      0 12833824 133532 15857148    0    0     0     0  794  330  6  2 91  0  0
procs -----------memory---------- ---swap-- -----io---- -system-- ------cpu-----
 r  b   swpd   free   buff  cache   si   so    bi    bo   in   cs us sy id wa st
 1  0      0 12820720 133532 15870376    0    0     0    20  774  319  6  2 91  0  0
 1  0      0 12834064 133540 15853196    0    0     0 31052 1362  566  9  3 87  1  0
 1  0      0 12820204 133540 15866996    0    0     0     0  781  316  6  2 91  0  0
 1  0      0 12806848 133540 15880248    0    0     0     0  762  314  6  2 91  0  0
 2  0      0 12793240 133540 15893324    0    0     0     0  715  308  6  2 91  0  0
 1  0      0 12781144 133540 15905784    0    0     0     4  759  323  7  2 91  0  0
 6  0      0 12723444 133544 15980496    0    0     0 34620 2096  678 25  6 69  1  0
 2  4      0 12471232 133544 16222484    0    0     0 63472 2963  788 40  8 50  2  0
 2  0      0 12769376 133564 15932256    0    0     0 258836 7115 3400 12  3 69 16  1
 2  0      0 12710912 133564 15990420    0    0     0 66060 1951  654 12  4 83  1  0
 3  0      0 12637076 133564 16066756    0    0     0     8 1118  375 14  4 82  0  0
 2  0      0 12613132 133572 16084364    0    0     0 97008 2674 1068 15  4 79  1  0
 2  0      0 12553928 133580 16141784    0    0     0 65968 1848  733 12  4 83  1  0
 2  0      0 12748212 133580 15943816    0    0  3333 30480 3137 2393 13  4 82  0  0
 2  0      0 12690768 133580 16000064    0    0     0 66020 1796  688 12  4 83  1  0
 3  0      0 12613152 133580 16079940    0    0     0     0 1082  391 15  4 81  0  0
 2  0      0 12588468 133588 16091616    0    0     0 97152 3860 2453 16  4 78  2  0
 2  0      0 12529024 133588 16150160    0    0     0 65944 2022  881 13  3 83  1  0
 1  1      0 12462520 133588 16215740    0    0     0 24576 1338  521 13  4 83  0  0
 1  0      0 12752616 133588 15925952    0    0     0 71864 1990  930 11  3 85  1  0
 2  0      0 12720616 133588 15959408    0    0     0     0  783  302  9  3 88  0  0
procs -----------memory---------- ---swap-- -----io---- -system-- ------cpu-----
 r  b   swpd   free   buff  cache   si   so    bi    bo   in   cs us sy id wa st
 1  0      0 12765736 133592 15920388    0    0     0 31476 1382  536  7  3 89  1  0
 1  0      0 12751880 133592 15933828    0    0     0     0  720  319  6  3 91  0  0
 1  0      0 12738524 133592 15947064    0    0     0     0  733  335  6  2 91  0  0
 1  0      0 12725168 133592 15960484    0    0     0     0  707  349  7  2 91  0  0
 6  0      0 12726168 133604 15957876    0    0     0 31028 1624  619 13  4 83  1  0
 5  1      0 12474184 133604 16206740    0    0     0 24052 2236  458 41  8 49  0  0
 2  0      0 12707468 133640 15975788    0    0     0 292448 6660 2825 18  6 67  9  1
 2  0      0 12643460 133640 16039220    0    0     0 16384 1249  416 13  4 83  0  0
 2  0      0 12585500 133640 16096544    0    0     0 49672 1770  606 13  4 83  1  0
 2  0      0 12567856 133644 16122868    0    0     0 96972 2470 1002 16  4 78  2  0
 2  0      0 12690408 133656 16002048    0    0     0 25808 1443  519 13  3 83  0  0
 1  0      0 12730332 133664 15962728    0    0     0 74396 2180  776 10  3 85  1  0
 1  0      0 12717232 133664 15975260    0    0     0     0  745  347  6  2 91  0  0
 1  0      0 12703624 133664 15988116    0    0     0     0  760  347  6  2 91  0  0
 1  0      0 12714948 133668 15971508    0    0     0 31024 1430  549 10  3 87  1  0
 1  0      0 12701344 133668 15985012    0    0     0    12  736  303  7  2 91  0  0
 1  0      0 12687736 133668 15998332    0    0     0     0  731  330  6  2 91  0  0
 1  0      0 12673880 133668 16011520    0    0     0     0  713  330  6  2 91  0  0
 2  0      0 12640616 133668 16045888    0    0     0     0  824  327  9  2 89  0  0
 1  0      0 12676892 133680 16007956    0    0     0 31016 1356  554  8  2 89  1  0
 1  0      0 12663788 133680 16020812    0    0     0     4  769  328  6  2 91  0  0
procs -----------memory---------- ---swap-- -----io---- -system-- ------cpu-----
 r  b   swpd   free   buff  cache   si   so    bi    bo   in   cs us sy id wa st
 1  0      0 12650436 133680 16034288    0    0     0     0  749  311  7  2 91  0  0
 1  0      0 12637332 133680 16047340    0    0     0     0  735  306  7  2 91  0  0
 7  0      0 12648680 133696 16042204    0    0     0 31012 1537  626 11  4 84  1  0
 6  0      0 12341124 133704 16343176    0    0     0 43332 2786  601 46 11 42  1  0
 2  0      0 12627820 133728 16056468    0    0     0 322652 8148 3646 18  5 62 14  1
 2  0      0 12563824 133728 16119736    0    0     0     0  999  319 13  4 83  0  0
 2  0      0 12506872 133732 16176400    0    0     0 66080 1966  626 13  3 83  1  0
 2  0      0 12479140 133748 16205596    0    0     0 96972 2715 1034 16  4 78  2  0
 1  1      0 12414128 133748 16267872    0    0     0 46848 1548  502 13  3 83  1  0
 2  0      0 12614648 133772 16068468    0    0     0 45244 1890  820 13  4 83  1  0
 2  0      0 12555680 133780 16126936    0    0     0 65996 2032  671 12  4 83  1  0
 2  0      0 12492176 133780 16191820    0    0     0     0 1018  363 13  4 83  0  0
 2  0      0 12464212 133800 16219916    0    0     0 96984 2641 1001 15  5 79  1  0
 2  0      0 12408272 133800 16275240    0    0     0 65968 1989  675 12  3 83  1  0
 2  0      0 12343028 133800 16339384    0    0     0     0  994  299 13  4 83  0  0
 1  0      0 12617004 133808 16062236    0    0     0 74428 2081  927  8  3 87  1  0
 2  0      0 12602896 133808 16076204    0    0     0     0  715  283  7  2 91  0  0
 1  0      0 12621024 133812 16057596    0    0     0 31068 1349  541 10  3 87  1  0
 1  0      0 12606664 133812 16071400    0    0     0     0  688  268  7  2 91  0  0
 1  0      0 12593056 133812 16084684    0    0     0     0  693  297  7  2 91  0  0
 1  0      0 12579448 133812 16097956    0    0     0    12  760  311  6  2 91  0  0
procs -----------memory---------- ---swap-- -----io---- -system-- ------cpu-----
 r  b   swpd   free   buff  cache   si   so    bi    bo   in   cs us sy id wa st
 2  0      0 12539380 133812 16138296    0    0     0     0  833  301  9  3 88  0  0
 6  0      0 12366548 133820 16319040    0    0     0 63216 2997  824 42  8 49  1  0
 2  0      0 12305712 133868 16378564    0    0     0 322604 7441 3725 26  6 52 15  1
 2  0      0 12569848 133872 16114932    0    0     0 33172 1504  496 12  4 83  1  0
 2  0      0 12508108 133872 16176344    0    0     0    12 1003  320 13  4 83  0  0
 3  0      0 12420664 133880 16265312    0    0     0 66004 2136  671 15  5 79  1  0
 2  0      0 12419920 133884 16263816    0    0     0 96964 2480  967 12  4 82  1  0
 1  1      0 12355912 133884 16328096    0    0     0 24576 1222  416 13  4 83  0  0
 2  0      0 12564128 133884 16119752    0    0     0 70260 2213  856 12  4 83  1  0
 2  0      0 12501184 133884 16182148    0    0     0     8 1131  355 14  3 83  0  0
 2  0      0 12468044 133888 16208168    0    0  2838 97136 3846 2548 16  5 77  2  0
 2  0      0 12409248 133892 16265068    0    0   495 65972 2171  945 12  4 83  1  0
 1  1      0 12344520 133892 16328044    0    0     0 24576 1284  442 13  3 83  1  0
 2  0      0 12287316 133896 16386244    0    0     0 41416 1663  649 13  4 83  1  0
 1  0      0 12550452 133904 16119868    0    0     0 59596 1659  660  8  3 87  1  0
 1  0      0 12570344 133908 16101656    0    0     0 31228 1493  541 10  3 87  1  0
 1  0      0 12555732 133908 16115516    0    0     0     0  730  315  7  2 91  0  0
 1  0      0 12541620 133908 16128884    0    0     0     4  727  305  7  2 91  0  0
 1  0      0 12528516 133908 16142412    0    0     0     0  751  306  7  2 91  0  0
 2  0      0 12514908 133908 16155832    0    0     0     0  748  324  7  2 91  0  0
 6  0      0 12422920 133920 16265488    0    0     0 49116 2304  653 28  6 65  1  0
procs -----------memory---------- ---swap-- -----io---- -system-- ------cpu-----
 r  b   swpd   free   buff  cache   si   so    bi    bo   in   cs us sy id wa st
 1  5      0 12185068 133920 16492932    0    0     0 140808 4066 1342 35  8 49  7  0
 2  0      0 12499468 133936 16185468    0    0     0 181948 5295 2760 12  4 74 10  1
 2  0      0 12444532 133944 16239984    0    0     0 66092 1884  639 12  4 83  1  0
 2  0      0 12381532 133944 16302548    0    0     0   556 1046  322 14  4 83  0  0
 2  0      0 12355072 133956 16328896    0    0     0 96992 2596  938 16  4 78  1  0
 4  0      0 12298384 133956 16385440    0    0     0 65968 1943  727 12  4 83  1  0
 2  0      0 12234136 133956 16449148    0    0     0     0  959  270 13  4 83  0  0
 2  0      0 12174688 133956 16508764    0    0     0 74168 1921  705 12  3 83  1  0
 3  0      0 12464148 133964 16221468    0    0     0 31924 2111  874 14  5 81  0  0
 2  0      0 12532328 133976 16145240    0    0     0 109796 2928 1345 14  4 80  2  0
 2  0      0 12508404 133976 16158368    0    0     0     0 1970 1204  7  5 88  0  0
 1  0      0 12496596 133976 16171820    0    0     0     0 1025  529  6  2 91  0  0
 1  0      0 12480720 133976 16184628    0    0     0     0  875  416  7  3 91  0  0
 2  0      0 12452748 133976 16215732    0    0     0    16  822  359  8  3 89  0  0
 1  0      0 12487012 133988 16180108    0    0     0 31060 1213  552  8  3 89  1  0
 1  0      0 12468116 133988 16193456    0    0     0     0 1101  553  7  3 90  0  0
 1  0      0 12454508 133988 16206720    0    0     0     0  779  333  7  2 91  0  0
 1  0      0 12441404 133988 16219880    0    0     0     0  754  318  7  2 91  0  0
 7  0      0 12457776 134000 16204476    0    0     0 31004 1410  614 10  3 85  1  0
 6  0      0 12157492 134004 16507388    0    0     0 46068 2800  560 48  9 42  1  0
 2  0      0 12439764 134032 16225880    0    0     0 322100 7897 3595 19  6 59 15  1
procs -----------memory---------- ---swap-- -----io---- -system-- ------cpu-----
 r  b   swpd   free   buff  cache   si   so    bi    bo   in   cs us sy id wa st
 2  0      0 12369204 134032 16296060    0    0     0     0  999  350 14  3 83  0  0
 2  0      0 12310740 134036 16354520    0    0     0 66092 1873  630 13  3 83  1  0
 2  0      0 12288548 134052 16382044    0    0     0 96968 2644 1030 16  4 78  2  0
 1  1      0 12227068 134052 16442304    0    0     0 49152 1637  521 13  3 83  1  0
 2  0      0 12444652 134060 16224444    0    0     0 55564 1831  772 12  4 83  1  0
 2  0      0 12377208 134060 16291432    0    0     0     0  995  333 13  4 83  0  0
 3  0      0 12317512 134068 16352904    0    0     0 66036 1810  606 13  3 83  1  0
 2  0      0 12288020 134068 16380364    0    0     0 96972 2513  872 15  5 79  2  0
 1  1      0 12223016 134068 16444240    0    0     0 49152 1504  529 13  3 83  1  0
 2  0      0 12158012 134072 16510868    0    0     0 16820 1314  477 13  4 83  0  0
 1  0      0 12438924 134080 16232796    0    0     0 56164 1545  644  7  2 90  1  0
 2  0      0 12406416 134080 16266636    0    0     0     0  809  302  9  2 89  0  0
 1  0      0 12443196 134088 16228628    0    0     0 31064 1355  514  8  2 89  1  0
 1  0      0 12429588 134088 16241988    0    0     0   476  834  345  7  2 91  0  0
 3  0      0 12416232 134088 16255672    0    0     0     0  685  282  7  2 91  0  0
 1  0      0 12403632 134088 16268780    0    0     0     0  732  271  6  2 91  0  0
 7  0      0 12394544 134096 16286920    0    0     0 31000 1697  586 16  4 79  1  0
 6  0      0 12099300 134100 16573060    0    0     0 31376 2637  575 45  9 45  1  0
 2  0      0 12393280 134132 16279324    0    0     0 322132 7294 3495 15  4 62 18  1
 2  0      0 12326248 134132 16345012    0    0     0     0 1032  370 14  3 83  0  0
 2  0      0 12269296 134136 16403252    0    0     0 66088 1963  641 13  3 83  1  0
procs -----------memory---------- ---swap-- -----io---- -system-- ------cpu-----
 r  b   swpd   free   buff  cache   si   so    bi    bo   in   cs us sy id wa st
 2  0      0 12245100 134148 16429360    0    0     0 96992 2743  971 15  5 78  2  0
 2  0      0 12182608 134152 16489212    0    0     0 65968 1947  696 13  4 83  1  0
 2  0      0 12383380 134164 16290840    0    0     0 23332 1436  595 12  4 83  0  0
 2  0      0 12383240 134172 16291260    0    0     0 50908 1940  699 13  3 83  1  0
 1  1      0 12319232 134172 16353460    0    0     0 65352 1960  562 12  4 83  1  0
 2  0      0 12289732 134188 16384660    0    0     0 31660 1653  649 16  5 78  1  0
 2  0      0 12230528 134188 16443492    0    0     0 65968 1745  609 12  3 83  1  0
 2  0      0 12172356 134188 16501520    0    0  1171 65984 2366 1298 13  3 83  1  0
 2  0      0 12097624 134188 16569872    0    0  2162     0 2059 1461 14  3 82  0  0
 2  0      0 12044464 134188 16623240    0    0     0 65980 1861  746 12  4 83  1  0
 2  0      0 12025056 134204 16650816    0    0     0 96984 2284  986 16  4 78  2  0
 1  0      0 12392376 134220 16279124    0    0     0 25488 1449  658  9  2 88  0  0
 1  0      0 12378784 134220 16292320    0    0     0     0  723  343  7  2 91  0  0
 1  0      0 12365680 134220 16305820    0    0     0     0  739  323  7  2 91  0  0
 2  0      0 12334684 134220 16336296    0    0     0     0  819  321  8  3 89  0  0
 6  0      0 12198340 134244 16475656    0    0     0 46968 2613  676 35  8 57  1  0
 1  4      0 12003844 134248 16660564    0    0     0 240192 4951 2158 31  7 51 10  0
 2  0      0 12310680 134272 16356492    0    0     0 82624 3335 1631 12  4 80  4  0
 2  0      0 12251460 134280 16415824    0    0     0 66120 1919  663 12  3 83  1  0
 2  1      0 12157968 134280 16509388    0    0     0 20436 1387  413 16  4 79  0  0
 2  0      0 12160980 134288 16504440    0    0     0 76572 2219 1054 12  4 82  2  0
procs -----------memory---------- ---swap-- -----io---- -system-- ------cpu-----
 r  b   swpd   free   buff  cache   si   so    bi    bo   in   cs us sy id wa st
 2  0      0 12102768 134288 16563244    0    0     0 65968 1993  663 12  4 83  1  0
 3  0      0 12041796 134288 16622748    0    0     0 65916 2011  677 13  3 83  1  0
 3  0      0 12309328 134296 16357224    0    0     0 20344 1351  597 13  4 83  0  0
 2  0      0 12281592 134308 16385484    0    0     0 97048 2702  918 15  5 78  1  0
 2  0      0 12215572 134308 16449940    0    0     0     0 1008  326 13  4 83  0  0
 2  0      0 12158632 134308 16507400    0    0     0 65968 2054  719 12  4 83  1  0
 2  0      0 12099664 134308 16566344    0    0     0 65968 1970  793 12  3 83  1  0
 1  1      0 12033652 134308 16630308    0    0     0 33244 1511  534 13  3 83  1  0
 2  0      0 12005712 134328 16658204    0    0     0 64232 2299  877 16  5 78  1  0
 1  0      0 12338636 134336 16320776    0    0     0 71764 2209  899 10  3 85  1  0
 1  0      0 12324784 134336 16333840    0    0     0     0  790  373  7  2 91  0  0
 1  0      0 12311680 134336 16346964    0    0     0     0  745  356  7  2 91  0  0
 2  0      0 12297568 134336 16362668    0    0     0     8  762  343  7  2 91  0  0
 6  0      0 12220692 134356 16451612    0    0     0 34328 1976  669 27  5 67  1  0
 1  5      0 11982568 134356 16680544    0    0     0 123884 3488 1193 38  7 50  5  0
 1  0      0 12312468 134376 16365456    0    0     0 215048 5606 3047 10  3 74 13  1
 1  0      0 12267868 134376 16409880    0    0     0 66088 1707  607  6  2 91  1  0
 1  0      0 12214948 134376 16462596    0    0     0    16  735  291  7  1 91  0  0
 1  0      0 12168076 134376 16509020    0    0     0 65980 1669  632  6  1 91  1  0
 1  0      0 12122716 134376 16554776    0    0     0 65972 1799  622  6  2 91  1  0
 1  0      0 12337472 134384 16341376    0    0     0 25220 1086  566  7  1 91  0  0
procs -----------memory---------- ---swap-- -----io---- -system-- ------cpu-----
 r  b   swpd   free   buff  cache   si   so    bi    bo   in   cs us sy id wa st
 1  0      0 12289844 134384 16388816    0    0     0 66036 1669  591  6  1 91  1  0
 1  0      0 12242720 134392 16435692    0    0     0 65972 1673  647  6  2 91  1  0
 1  0      0 12188288 134392 16490284    0    0     0     0  709  288  7  1 91  0  0
 1  0      0 12142676 134396 16535852    0    0     0 65968 1611  706  6  1 91  1  0
 1  0      0 12094316 134400 16583696    0    0     0 65972 1675  717  6  1 91  1  0
 3  0      0 12323792 134404 16359024    0    0     0 42056 1841  642 19  3 77  1  0
 1  0      0 12211904 134408 16470812    0    0     0 192816 4469 1804 16  3 75  5  0
12  0      0 11993724 134412 16684124    0    0     0  5204 3043  602 74 12 15  0  0
 0 12      0 11590584 134412 17069072    0    0     0 204596 11154 5880 60 11  2 25  2
 0 12      0 11589072 134412 17069072    0    0     0 434380 29462 17739  0  1 28 67  4
13  0      0 11317088 134432 17366148    0    0     0 152604 13823 7570 50  9 16 23  2
 0 10      0 10911464 134436 17752052    0    0     0 322972 10976 5419 58 11  4 25  1
 9  0      0 12520264 134456 16157392    0    0     0 341948 16677 8270  4  3 63 28  2
 8  0      0 12145328 134456 16520628    0    0     0 13900 2667  363 59 10 30  0  0
 8  3      0 11975232 134456 16683684    0    0     0 355236 10429 5532 25  5 38 31  2
