procs -----------memory---------- ---swap-- -----io---- -system-- ------cpu-----
 r  b   swpd   free   buff  cache   si   so    bi    bo   in   cs us sy id wa st
 2  0      0 20688936  65200 8098376    0    0    29  1652  126   76 11  2 85  0  1
 3  0      0 20697128  65200 8098404    0    0     0     0 1723  947  7  2 91  0  0
 2  0      0 20650324  65320 8112304    0    0     0   872 1827 1380 14  3 82  0  0
 2  0      0 20614292  65320 8126204    0    0     0    32 1805 1137 14  4 82  0  0
 2  0      0 20643468  65320 8138648    0    0  3333     4 3448 2751 14  3 83  0  0
 1  1      0 20664232  65404 8094160    0    0    24  6268 3024 1980 12  4 83  0  0
 4  0      0 20527728  66396 8199024    0    0   828 16864 15309 15246 12  6 79  1  1
 2  0      0 20606392  66400 8162160    0    0     0 30992 2837 1366 15  4 80  0  0
 2  0      0 20556544  66400 8176312    0    0     0     0 1480  738 14  4 83  0  0
 2  0      0 20524288  66400 8189804    0    0     0     0 1729  847 13  4 83  0  0
 2  0      0 20559540  66400 8202452    0    0     0     4 1864 1023 13  3 83  0  0
 2  0      0 20621564  66560 8126940    0    0   108 33780 3205 1869 16  5 78  1  0
 3  0      0 20512948  66588 8200016    0    0    44  1008 2856 1623 12  6 82  0  0
 2  0      0 20502560  66588 8213532    0    0     0   192 2665 1859 15  3 81  0  0
 2  0      0 20470572  66588 8226616    0    0     0     0 1365  717 14  3 83  0  0
 2  0      0 20448168  66588 8239268    0    0     0     0 2199 1115 13  6 81  0  0
 2  0      0 20521008  66604 8220956    0    0     0 30968 2858 1725 17  4 78  1  0
 2  0      0 20567132  66604 8175900    0    0     0    56 1842 1154 14  3 83  0  0
 2  0      0 20459036  66792 8249056    0    0     8  3540 3649 2407 11  6 83  0  0
 2  0      0 20439432  66792 8262212    0    0     0    36 1660  824 14  3 83  0  0
 4  0      0 20382964  66792 8295608    0    0     0     0 1707  772 16  4 80  0  0
procs -----------memory---------- ---swap-- -----io---- -system-- ------cpu-----
 r  b   swpd   free   buff  cache   si   so    bi    bo   in   cs us sy id wa st
 4  0      0 20356044  66808 8330028    0    0     0 31044 3101 1485 25  7 67  1  0
 2  0      0 20547432  66824 8202832    0    0     0 130848 4626 1938 19  5 71  4  0
 2  0      0 20499520  67144 8216732    0    0    16  5436 3186 2427 12  4 83  0  0
 2  0      0 20441204  67144 8288208    0    0     0     0 2914 1579 11  6 83  0  0
 2  1      0 20362728  67144 8334568    0    0     0 31012 1858  675 18  3 78  0  0
 2  0      0 20394220  67152 8284624    0    0     0    40 2046 1302 14  5 81  0  0
 2  0      0 20378852  67152 8298080    0    0     0 49172 2997 1268 13  4 82  1  0
 2  0      0 20490432  67152 8251552    0    0     0     4 1572  846 14  3 83  0  0
 1  1      0 20423144  67852 8285196    0    0   236 38256 12932 10272 11  5 81  1  1
 2  0      0 20464788  68180 8270448    0    0     4 35404 3701 2899 16  4 79  1  0
 2  0      0 20356776  68440 8346028    0    0     0  4636 2859 2008 12  5 83  0  0
 2  0      0 20344244  68440 8359264    0    0     0     0 2084  997 13  4 83  0  0
 2  0      0 20312516  68440 8371860    0    0     0     0 1233  570 14  3 83  0  0
 3  0      0 20290376  68440 8385888    0    0     0   108 1788  870 13  4 83  0  0
 2  0      0 20364772  68460 8367204    0    0     0 31200 2661 1522 15  5 79  1  0
 2  0      0 20402480  68460 8322052    0    0     0     0 1401  607 14  3 83  0  0
 2  0      0 20277300  69664 8417468    0    0   960 28712 17676 15980 10  6 82  1  1
 2  0      0 20265064  69664 8430596    0    0     0     0 2199 1072 13  4 83  0  0
 3  0      0 20206932  69664 8468444    0    0     0     0 1373  598 17  4 80  0  0
 5  1      0 20117016  69684 8567872    0    0     0 37276 3196 1162 36  8 54  1  0
 2  0      0 20315932  69696 8425268    0    0     0 217564 6683 2676 25  7 60  7  0
procs -----------memory---------- ---swap-- -----io---- -system-- ------cpu-----
 r  b   swpd   free   buff  cache   si   so    bi    bo   in   cs us sy id wa st
 2  0      0 20364632  69932 8380432    0    0    12  5392 2763 2160 13  3 83  0  0
 2  0      0 20257488  70096 8452552    0    0    44  4644 3645 2327 10  6 83  0  0
 2  0      0 20251864  70108 8434804    0    0     0 31072 2158  946 18  3 78  0  0
 2  0      0 20218872  70108 8448388    0    0     0     0 1471  676 14  3 83  0  0
 2  0      0 20205024  70108 8461472    0    0     0     0 1737  860 14  3 83  0  0
 2  0      0 20313012  70108 8415636    0    0     0     4 1687  873 13  3 83  0  0
 2  0      0 20215692  70332 8429788    0    0     8  4276 2629 1770 13  4 83  0  0
 2  0      0 20229016  70344 8470612    0    0     0 31024 3700 1865 15  6 78  1  0
 2  0      0 20201800  70344 8484456    0    0     0     4 1158  459 14  3 83  0  0
 2  0      0 20177912  70344 8497560    0    0     0     0 1636  801 14  3 83  0  0
 2  0      0 20164648  70344 8510476    0    0     0     0 1816  901 13  4 83  0  0
 3  0      0 20261148  70344 8472540    0    0     0    16 1591  801 15  3 83  0  0
 2  0      0 20194184  70888 8510504    0    0    16 43924 5158 4077 13  6 79  1  1
 2  0      0 20166108  70888 8524812    0    0     0    32 2790 1470 12  5 83  0  0
 2  0      0 20133856  70888 8538324    0    0     0     0 1141  462 14  3 83  0  0
 2  0      0 20118284  70888 8551428    0    0     0     0 1806  889 13  4 83  0  0
 3  0      0 20137440  70888 8597028    0    0     0 23740 2543 1194 16  5 79  0  0
 6  0      0 20085440  70908 8656988    0    0    16  7516 2616  885 41  9 51  0  0
 6  0      0 19929696  71288 8801604    0    0   236 293424 15656 11240 28  8 50 13  2
 2  0      0 20141660  71360 8513640    0    0     0 67996 8110 6882 19  7 71  1  1
 2  0      0 20078408  71360 8526312    0    0     0     0 1052  463 15  3 83  0  0
procs -----------memory---------- ---swap-- -----io---- -system-- ------cpu-----
 r  b   swpd   free   buff  cache   si   so    bi    bo   in   cs us sy id wa st
 2  0      0 20132336  71552 8570900    0    0     0 45164 3511 2111 16  6 78  1  0
 2  0      0 20098132  71552 8584444    0    0   548     0 2667 1588 13  5 83  0  0
 2  0      0 20066924  71552 8597412    0    0  2785    24 2591 1933 15  3 82  0  0
 2  0      0 20046048  71552 8611192    0    0     0     0 1772  884 13  4 83  0  0
 3  0      0 20097724  71552 8626776    0    0     0     4 2039 1099 14  4 83  0  0
 2  0      0 20177184  71596 8548272    0    0     0 31612 2325 1104 16  4 79  1  0
 2  0      0 20158276  71936 8564044    0    0   220  7280 8910 5972 13  5 78  2  1
 2  0      0 20075224  71936 8635856    0    0     0    72 3030 1709 11  6 83  0  0
 2  0      0 20029620  71936 8648828    0    0     0     0 1212  476 14  3 83  0  0
 3  0      0 19970676  71936 8690152    0    0     0     0 1671  730 17  3 80  0  0
 3  0      0 20007240  71956 8644928    0    0     0 31048 2632 1339 13  5 81  1  0
 2  0      0 20123396  71956 8599072    0    0     0   220 2016 1178 13  4 83  0  0
 2  0      0 20009040  72152 8673148    0    0     8  4872 3516 2347 12  5 83  0  0
 2  0      0 19990032  72152 8686528    0    0     0     0 2514 1233 12  5 83  0  0
 6  0      0 19975936  72164 8709016    0    0     0 31072 1987  768 24  5 71  1  0
 5  1      0 19763588  72164 8910480    0    0     0 15568 2922  945 41  9 50  0  0
 2  0      0 20041328  72204 8689684    0    0     0 285928 5448 3206 23  6 58 13  0
 2  0      0 20075088  72208 8643920    0    0     0  2428 1506  703 14  3 83  0  0
 2  0      0 19971280  72420 8721496    0    0    16 14728 4378 3000 11  5 82  1  0
 2  0      0 19970908  72432 8704284    0    0     0 31080 2978 1607 16  5 78  1  0
 2  0      0 19936160  72432 8717960    0    0     0     0 1121  460 14  3 83  0  0
procs -----------memory---------- ---swap-- -----io---- -system-- ------cpu-----
 r  b   swpd   free   buff  cache   si   so    bi    bo   in   cs us sy id wa st
 2  0      0 19915252  72432 8731400    0    0     0 49172 2749 1186 14  3 82  1  0
 3  0      0 19968128  72432 8744032    0    0     0     4 2092 1081 13  4 84  0  0
 3  0      0 19988076  72432 8718752    0    0     0     0 1278  550 16  3 81  0  0
 2  0      0 19949396  72872 8739972    0    0    20 39496 5329 3738 12  6 80  1  0
 2  0      0 19934296  72872 8753500    0    0     0     0 2615 1389 13  4 83  0  0
 2  0      0 19902812  72872 8767432    0    0     0     0 1317  577 14  3 83  0  0
 2  0      0 19882916  72880 8780228    0    0     0  2452 2256  936 14  3 83  0  0
 2  0      0 19955480  72884 8762248    0    0     0 31088 2520 1230 17  4 78  0  0
 3  0      0 19982528  72912 8717000    0    0     0   368 1728  895 14  3 83  0  0
 2  0      0 19930072  74560 8778944    0    0  1112 54600 25479 24333  9  6 81  2  2
 2  0      0 19834796  74672 8849924    0    0    20  3728 3754 2431 11  5 83  0  0
 2  0      0 19793076  74672 8863500    0    0     0     0 1426  614 14  3 83  0  0
 5  0      0 19780732  74684 8893824    0    0     0 31072 2414  946 23  6 70  1  0
 4  1      0 19627876  74688 9041852    0    0     0 132876 3867 1497 32  8 58  2  0
 2  0      0 19907644  74708 8809676    0    0     0 58984 3040 1448 16  3 80  1  0
 3  0      0 19807448  75360 8881640    0    0     4 58668 8335 7317 12  5 82  1  1
 4  0      0 19636916  77128 9044372    0    0   152 145052 22889 24350 11  6 80  1  2
 3  0      0 19457184  80000 9213364    0    0     0 209336 27570 25394 14  7 76  1  2
 3  0      0 19318556  83492 9346288    0    0   280 121744 29462 43172 10  7 81  1  2
 3  0      0 19210048  94896 9436772    0    0     0 54560 48144 48243  8  9 79  0  4
 0  3      0 19138472  99856 9504252    0    0     0 75996 37995 60976  8  8 80  3  1
procs -----------memory---------- ---swap-- -----io---- -system-- ------cpu-----
 r  b   swpd   free   buff  cache   si   so    bi    bo   in   cs us sy id wa st
 3  0      0 19075184 102904 9565056    0    0     0 42004 32879 58337  9  7 80  2  2
 2  0      0 19097108 103128 9540956    0    0    12 40208 10826 32606 13  6 80  1  0
 2  0      0 19109688 103200 9561320    0    0    64  3000 1866 1034 11  6 83  0  0
 2  0      0 19016968 103200 9575272    0    0     0  6120 1323  784 13  4 83  0  0
 2  0      0 19052984 103276 9587936    0    0     0   900 1672 1147 12  5 83  0  0
 3  0      0 19042744 103524 9632384    0    0   184  6564 3101 2141 14  7 79  0  0
 2  0      0 19075160 103720 9593604    0    0     0 31260 7426 6371 10  7 82  0  1
 2  0      0 19049844 103872 9612052    0    0     0     0 6869 5919  9  7 83  0  1
 2  0      0 19024836 103992 9631680    0    0     0    32 7050 6192 10  6 82  0  1
 2  0      0 18980684 104992 9682288    0    0 11248     0 11943 11098  9  7 82  1  1
 6  0      0 18867096 105828 9796576    0    0 44416 32468 11024 9572 13  9 75  2  1
 6  0      0 18649228 106136 10015744    0    0   620     4 6839 23854 38 11 50  0  1
 6  0      0 18504640 106368 10170880    0    0   980 308080 13241 8337 26 11 51 11  1
 3  0      0 18739076 106700 9938620    0    0  1696    76 20403 20541 16  9 74  0  1
 3  0      0 18650032 106944 10032840    0    0  3892 66980 8982 7364 15  8 75  1  1
 2  0      0 18690284 107060 9975672    0    0 33256 120008 10344 8290 16  8 71  4  1
 2  0      0 18615828 107472 10041792    0    0 16004     0 9519 9000  8  7 83  1  1
 2  0      0 18572732 108000 10086808    0    0 16068  9116 9475 9261  9  7 82  1  1
 4  0      0 18542976 108148 10117372    0    0  5236     0 10018 8694  9  8 82  0  1
 2  0      0 18518812 108232 10140216    0    0   941     8 8616 7671 10  6 82  1  1
 2  1      0 18432684 108424 10243204    0    0  3473 226524 7678 4742 14  8 72  5  1
procs -----------memory---------- ---swap-- -----io---- -system-- ------cpu-----
 r  b   swpd   free   buff  cache   si   so    bi    bo   in   cs us sy id wa st
 2  0      0 18244056 108424 10431016    0    0     0 100824 3111 1177  9  8 81  2  0
 2  0      0 18061152 108424 10575108    0    0   808 310412 6627 2212 15  5 75  4  1
 1  0      0 18732456 107868 9936452    0    0 20468 102504 6122 2875  8  5 85  2  1
 2  0      0 18708528 107728 9958348    0    0 26132   128 5276 2852  9  5 86  0  0
 2  0      0 18648140 107784 9990692    0    0 20034 33516 7752 5155 11  8 80  1  1
 2  0      0 18619464 107860 10004248    0    0    76    24 2920 1653 12  5 83  0  0
 2  0      0 18595036 107860 10017548    0    0     0     0 1075  438 15  2 83  0  0
 2  0      0 18575436 107860 10030644    0    0     0     0 1764  865 14  3 83  0  0
 3  0      0 18577144 107860 10074092    0    0     0     4 2056 1041 17  4 79  0  0
 6  0      0 18551236 107876 10131832    0    0     0 31104 2762  894 38  8 53  1  0
 4  2      0 18225428 108320 10384800    0    0    44 192920 8679 4898 35 10 50  4  1
 3  0      0 18575296 108348 10078544    0    0     0 169932 5653 3290 18  7 70  5  0
 3  0      0 18541272 108352 10087400    0    0     0 47364 2011  788 21  4 75  1  0
 3  0      0 18495672 108368 10115940    0    0     0 96988 3398 1414 22  6 70  2  0
 2  0      0 18571000 108384 10033056    0    0     0 52132 2743 1131 18  4 76  1  0
 2  0      0 18684136 108384 9987912    0    0     0     4 1710  842 13  3 83  0  0
 2  0      0 18581332 108556 10060188    0    0     4  4524 3158 2048 12  5 83  0  0
 2  0      0 18556592 108556 10072420    0    0     0     0 3154 1710 11  6 82  0  0
 2  0      0 18571592 108564 10055320    0    0     0 31040 1720  714 18  3 78  1  0
 2  0      0 18546848 108564 10068428    0    0     0     0 1629  773 14  3 83  0  0
 2  0      0 18532288 108564 10081580    0    0     0     0 1771  882 14  3 83  0  0
procs -----------memory---------- ---swap-- -----io---- -system-- ------cpu-----
 r  b   swpd   free   buff  cache   si   so    bi    bo   in   cs us sy id wa st
 2  0      0 18643116 108564 10034836    0    0     0     4 1616  786 14  3 83  0  0
 3  0      0 18618572 109000 10055512    0    0   128 16336 5909 4657 12  5 82  1  0
 2  0      0 18610724 110900 10033640    0    0  2047 31116 7960 5224 15  6 76  2  1
 2  0      0 18534248 111036 10106916    0    0   744  6524 5753 4343 11  6 81  1  1
 2  0      0 18503492 111036 10120016    0    0     0     0 2778 1525 12  5 83  0  0
 2  0      0 18476596 111036 10132924    0    0     0     4 1013  397 15  2 83  0  0
 3  0      0 18443848 111036 10162828    0    0     0     0 1714  842 15  4 81  0  0
 6  0      0 18369080 111048 10255792    0    0     0 31484 3098 1180 35  8 57  0  0
 5  1      0 18267464 111048 10400740    0    0     0  5344 2552  773 42  8 50  0  0
 3  0      0 18517244 111500 10093984    0    0    20 391156 10517 6327 19  7 61 12  1
 3  0      0 18430852 111500 10220048    0    0     0     0 3496 1869 18  7 75  0  0
 4  0      0 18309900 111504 10305652    0    0     0 66088 2608  790 22  5 71  1  0
 3  0      0 18451724 111528 10146228    0    0     0 107584 3428 1431 20  6 73  1  0
 3  0      0 18381920 111528 10212684    0    0     0     0 2029  846 20  5 75  0  0
 3  0      0 18451000 111532 10212656    0    0     0 66084 2808 1189 19  5 75  1  0
 3  0      0 18269948 111776 10315708    0    0     4 77280 7054 4404 17  6 74  2  1
 4  2      0 18202964 111776 10423780    0    0     0 73728 4477 2097 21  7 70  1  0
 2  0      0 18457040 111816 10148732    0    0     0 34592 2185  903 16  3 80  1  0
 2  0      0 18437680 111816 10162696    0    0     0     0 1553  724 14  3 83  0  0
 2  0      0 18417028 111816 10176636    0    0     0     0 1796  890 13  4 83  0  0
 2  0      0 18523104 111816 10130392    0    0     0 41084 2267 1017 13  3 83  0  0
procs -----------memory---------- ---swap-- -----io---- -system-- ------cpu-----
 r  b   swpd   free   buff  cache   si   so    bi    bo   in   cs us sy id wa st
 2  0      0 18471904 111924 10172648    0    0     4 33876 3857 2179 14  6 78  1  0
 2  0      0 18442088 111924 10186216    0    0     0     0 2335 1271 13  4 83  0  0
 2  0      0 18403924 111924 10199680    0    0     0     0 1216  510 14  3 83  0  0
 2  0      0 18390820 111924 10212668    0    0     0     0 1808  871 13  4 83  0  0
 4  0      0 18418804 111924 10244404    0    0     0 36888 2847 1256 15  4 79  1  0
 6  0      0 18350940 111940 10303432    0    0     0 31480 2951 1149 36  7 56  0  0
 3  0      0 18191060 112116 10445848    0    0    28 304684 9376 5014 32 10 52  6  1
 3  0      0 18347716 112116 10277812    0    0     0     0 2499 1215 20  5 75  0  0
 3  0      0 18274668 112116 10334808    0    0     0 66112 2437  880 20  4 74  1  0
 3  0      0 18193800 112116 10405776    0    0     0 56780 3051 1194 20  5 74  1  0
 2  0      0 18445492 112140 10220008    0    0     0 30972 2515 1280 13  4 82  0  0
 2  0      0 18488692 112224 10174936    0    0     8  2648 2509 1507 13  4 83  0  0
 2  0      0 18402560 112304 10246524    0    0     0  3524 3270 1977 11  6 83  0  0
 2  0      0 18375200 112304 10259504    0    0     0     0 1905 1001 14  3 83  0  0
 2  0      0 18368392 112316 10242292    0    0     0 31092 2020  866 17  4 78  0  0
 2  0      0 18349548 112316 10255264    0    0     0     8 1769  852 13  4 83  0  0
 2  0      0 18402228 112316 10266992    0    0     0     4 1907  917 13  4 83  0  0
 2  0      0 18412780 112340 10220424    0    0  3333   360 3306 2527 14  4 82  0  0
 2  0      0 18336708 112452 10291924    0    0     8  4000 3657 2316 11  6 83  0  0
 2  0      0 18348188 112472 10274900    0    0     0 31092 2658 1282 17  4 78  1  0
 2  0      0 18316696 112472 10288156    0    0     0     0 1234  589 14  3 83  0  0
procs -----------memory---------- ---swap-- -----io---- -system-- ------cpu-----
 r  b   swpd   free   buff  cache   si   so    bi    bo   in   cs us sy id wa st
 2  0      0 18303592 112472 10300828    0    0     0     0 1735  846 14  3 83  0  0
 2  0      0 18349340 112472 10313264    0    0     0     4 1876  987 14  3 83  0  0
 2  0      0 18376948 112492 10266880    0    0     0   332 1731  828 13  4 83  0  0
 6  0      0 18266116 112636 10378532    0    0    20 34656 4605 2605 26  9 65  1  0
 5  1      0 18073932 112648 10554248    0    0     0 177140 6113 2455 38  8 50  4  0
 3  0      0 18282620 112688 10329516    0    0     0 168972 4659 1856 33  7 56  4  0
 4  0      0 18204004 112688 10395528    0    0     0     0 2042  801 20  5 75  0  0
 4  0      0 18207784 112700 10453048    0    0     0 66080 2822 1322 19  5 75  1  0
 3  0      0 18358100 112728 10303508    0    0     0 84804 2631 1117 23  5 70  2  0
 2  1      0 18284856 113072 10370752    0    0    20 74656 7779 6448 16  8 74  1  1
 2  0      0 18357884 113168 10290016    0    0     0 16044 7520 6761 10  7 82  0  1
 2  0      0 18339860 113260 10310288    0    0     0     0 7472 6808  9  7 83  0  1
 3  0      0 18276828 113644 10372792    0    0     0     0 12429 11963 12  7 80  0  1
 2  1      0 18224368 114100 10411380    0    0     0 40488 11133 10306 11  7 80  1  1
 2  0      0 18185204 114388 10453600    0    0     0 32888 8223 6822 10  7 82  1  1
 2  0      0 18150716 114616 10491636    0    0     0    32 6852 5948  9  8 83  0  1
 2  0      0 18117020 114740 10521884    0    0     0     0 19755 20206  9  8 82  0  1
 3  1      0 18031420 114896 10613724    0    0     0 16384 8950 8618 13  8 78  0  1
 3  0      0 18046456 115052 10598604    0    0     0 16408 9697 9583  9  8 82  0  1
 2  0      0 17989508 115492 10638544    0    0     0    24 9682 9534  9  7 83  0  1
 2  0      0 17971744 115612 10671172    0    0     0  8560 9994 8821  9  8 82  0  1
procs -----------memory---------- ---swap-- -----io---- -system-- ------cpu-----
 r  b   swpd   free   buff  cache   si   so    bi    bo   in   cs us sy id wa st
 2  0      0 17956940 115672 10694084    0    0   197     8 8771 8022 10  7 81  1  1
 6  0      0 17824256 115704 10827260    0    0     0 32960 2422 1206 18  9 73  0  0
 6  0      0 17441804 115704 11208072    0    0     0 16384 2419  709 36 14 50  0  0
 4  2      0 17255648 115724 11390500    0    0     0 470300 8241 3347 28  7 50 14  1
 3  0      0 17701712 115744 10961052    0    0     4 298880 7331 3505 21  6 61 11  1
 3  0      0 18083872 115760 10524068    0    0     0 68364 4173 1847 16  9 74  1  0
 3  0      0 18150784 115780 10462924    0    0     0 48836 3162 1481 23  6 70  1  0
 3  0      0 18064676 115784 10522908    0    0     0 65972 2489 1018 20  4 75  1  0
 5  0      0 18147128 115796 10440268    0    0     0 56404 2785 1176 19  5 75  1  0
 2  1      0 18141276 115796 10506096    0    0     0  6888 2112  896 19  5 75  0  0
 3  0      0 18139384 115828 10508192    0    0     0 59468 2745 1115 20  5 74  1  0
 3  0      0 18040528 116280 10598920    0    0   172 109496 6974 4741 19  8 70  2  1
 2  0      0 18196648 116288 10430760    0    0     0 55844 3409 1560 17  5 77  1  0
 2  0      0 18157728 116288 10444316    0    0     0  2264 1679  652 14  3 83  0  0
 2  0      0 18139608 116288 10456936    0    0     0     0 1710  830 13  4 83  0  0
 3  0      0 18180176 116288 10480456    0    0     0     4 1830  935 15  4 81  0  0
 2  0      0 18246044 116492 10396548    0    0    12 36932 4901 3765 15  4 80  1  0
 2  0      0 18158192 116648 10468696    0    0     0  4212 3405 2158 12  5 82  0  0
 2  0      0 18125492 116648 10482520    0    0     0     0 2081 1134 14  3 83  0  0
 2  0      0 18092244 116648 10495256    0    0     0    32 1310  576 13  4 83  0  0
 2  1      0 18048144 116648 10541392    0    0     0  8192 1893  892 17  4 79  0  0
procs -----------memory---------- ---swap-- -----io---- -system-- ------cpu-----
 r  b   swpd   free   buff  cache   si   so    bi    bo   in   cs us sy id wa st
 6  0      0 18003868 116656 10664660    0    0     0 22944 3121 1157 38  9 52  1  0
 3  0      0 17857964 116736 10775460    0    0     8 299400 7888 3440 35  7 52  6  1
 3  1      0 18088260 116800 10535620    0    0     0 68684 4384 2194 17  7 74  2  0
 3  0      0 18009244 116804 10593816    0    0     0 74296 3236 1467 20  4 74  1  0
 3  0      0 17968520 116808 10631188    0    0     0 31028 2317  815 24  6 70  1  0
 3  0      0 17906716 116816 10691624    0    0     0 65972 3145 1161 20  5 75  1  0
 2  0      0 18221608 116828 10447936    0    0     0 50232 2511 1219 15  4 81  1  0
 2  0      0 18182740 117480 10466204    0    0   340 14900 11057 9276 12  4 83  1  1
 2  0      0 18049980 118256 10567524    0    0   468 81484 10783 10476 10  5 81  2  1
 2  0      0 18060580 118272 10550748    0    0     0 31124 3381 1700 15  6 78  0  0
 2  0      0 18032864 118272 10563736    0    0     0     0 1030  368 15  2 83  0  0
 2  0      0 18011992 118272 10576788    0    0     0     0 1583  790 14  3 83  0  0
 2  0      0 17998156 118272 10590072    0    0     0     0 1726  878 13  4 83  0  0
 3  0      0 18094920 118272 10550512    0    0     0     4 1582  795 14  3 82  0  0
 2  0      0 18037072 118476 10587576    0    0  3341 37620 5826 4352 14  6 78  1  1
 2  0      0 18009272 118476 10600816    0    0     0     0 2901 1618 12  5 83  0  0
 2  0      0 17978024 118476 10614196    0    0     0     0 1077  421 15  2 83  0  0
 2  0      0 17962404 118476 10627240    0    0     0     0 1820  880 14  3 83  0  0
 2  0      0 17983856 118476 10666328    0    0     0     4 2056 1013 16  4 80  0  0
 6  0      0 17924716 118488 10722164    0    0     0 31128 2463  784 38  7 54  1  0
 6  0      0 17658212 118616 10967484    0    0     8 170840 6529 3264 36 10 50  4  0
procs -----------memory---------- ---swap-- -----io---- -system-- ------cpu-----
 r  b   swpd   free   buff  cache   si   so    bi    bo   in   cs us sy id wa st
 3  0      0 17939044 118636 10671156    0    0     0 190020 5412 2733 21  7 67  5  1
 3  0      0 17920272 118640 10667292    0    0     0 52772 2118  886 20  4 75  1  0
 3  1      0 17833104 118648 10757772    0    0     0 102724 3392 1366 23  6 70  2  0
 3  0      0 17893444 118656 10756820    0    0     0 27168 2722 1287 20  5 75  0  0
 3  0      0 17907780 118672 10756396    0    0     0 70948 2428 1056 19  5 75  1  0
 2  0      0 17979676 118872 10645168    0    0    76 37720 4336 2701 12  6 81  1  0
 2  0      0 17945864 118872 10658488    0    0     0     0 2733 1547 13  4 83  0  0
 2  0      0 17938060 118888 10641268    0    0     0 75572 3026 1134 18  3 77  2  0
 2  0      0 17919188 118888 10655380    0    0     0     0 1783  867 13  4 83  0  0
 3  0      0 17967572 118888 10668580    0    0     0     4 1944 1058 13  4 84  0  0
 2  0      0 18016484 118888 10622380    0    0     0    40 1320  612 14  3 83  0  0
 3  0      0 17903832 119004 10705772    0    0     8  4188 3710 2440 12  6 81  0  0
 2  0      0 17922256 119004 10678716    0    0     0 31128 2584 1293 16  4 80  1  0
 2  0      0 17892112 119004 10692412    0    0     0     0 1444  651 14  3 83  0  0
 2  0      0 17877684 119004 10706156    0    0     0     0 1711  841 13  4 83  0  0
 2  0      0 17984856 119004 10659928    0    0     0     4 1641  835 14  3 83  0  0
 3  0      0 17973428 119252 10645540    0    0   140 36444 4606 3753 16  5 78  1  1
 5  1      0 17694612 119392 10922760    0    0     0 35512 4564 2257 39 11 49  0  0
 2  4      0 17503648 119404 11106212    0    0     0 304036 8091 3436 35  9 49  6  1
 3  0      0 17809216 119436 10781292    0    0     0 27308 2407 1060 20  5 74  1  0
 3  0      0 17823824 119436 10758500    0    0     0 73180 3275 1380 20  4 75  1  0
procs -----------memory---------- ---swap-- -----io---- -system-- ------cpu-----
 r  b   swpd   free   buff  cache   si   so    bi    bo   in   cs us sy id wa st
 2  1      0 17855468 119440 10790000    0    0     0 79688 3561 1509 23  6 70  1  0
 2  1      0 17843872 119444 10795160    0    0     0 27616 2008  797 21  4 75  1  0
 3  0      0 17850404 119552 10780232    0    0   140 66316 4843 2721 18  6 74  1  0
 3  0      0 17776912 119552 10838224    0    0     0 66008 3884 1769 18  7 74  1  0
 3  1      0 17698048 119552 10898704    0    0     0 57344 2086  647 21  3 75  1  0
 2  0      0 17864324 119568 10725360    0    0     0 41724 2889 1414 16  6 78  1  0
 2  0      0 17889276 119568 10738924    0    0     0     4 1970 1057 13  4 83  0  0
 2  0      0 17952564 119568 10693084    0    0     0 40916 2051  837 13  3 82  1  0
 2  0      0 17778576 119772 10836260    0    0   168 125924 15639 14508 11  5 81  1  2
 3  0      0 17548696 120032 11065600    0    0   260 184312 19313 18698 13  6 78  2  2
 3  0      0 17420400 120044 11198524    0    0     0 203684 15240 14174 10  6 79  4  2
 1  1      0 17215744 120100 11403460    0    0    52 185956 16537 15997  9  5 81  3  2
 2  0      0 17002668 120152 11616228    0    0    52 192004 18583 18022 10  4 81  3  2
 3  0      0 16816920 120372 11799624    0    0   176 167368 15250 16361 10  4 82  3  1
 2  1      0 16836708 121152 11804188    0    0   196 91292 14654 22535 12  8 78  1  1
 6  0      0 16697648 121296 11941228    0    0     0 11764 7570 6482 36 13 51  0  1
 6  0      0 16508572 121404 12124732    0    0     0 270460 10638 7752 34 11 50  4  1
 3  0      0 16804164 121692 11832020    0    0     0 87428 12820 11246 19  8 71  2  1
 3  0      0 16648520 122172 11978056    0    0     0 66920 12254 11134 15  8 74  1  1
 2  1      0 16593472 122208 12041872    0    0     0 39084 9744 8820 20  9 70  1  1
 3  0      0 16697896 122256 11945348    0    0     0 82248 8483 6707 16  8 74  1  1
procs -----------memory---------- ---swap-- -----io---- -system-- ------cpu-----
 r  b   swpd   free   buff  cache   si   so    bi    bo   in   cs us sy id wa st
 2  1      0 16616704 122280 12029220    0    0     0 56368 20636 19933 15  9 74  1  1
 3  0      0 16509088 122312 12132228    0    0     0 18228 9192 8322 16  9 74  0  1
 3  0      0 16394708 122312 12232512    0    0     0 66716 11171 10700 15  9 74  1  1
 2  1      0 16308472 122348 12296132    0    0     0 102364 11327 10072 19  9 70  2  1
 2  0      0 16534380 122384 12086764    0    0     0 38908 11016 9424 13  9 77  1  1
 3  0      0 16504652 122396 12108544    0    0   196     8 8315 7457 11  6 82  1  1
 2  0      0 16366320 122400 12268448    0    0     0 58816 2615 1157  9  8 82  1  0
 2  1      0 16176108 122404 12459648    0    0     0 15548 1537  769  9  8 82  0  0
 9  0      0 16075088 122424 12519908    0    0     0 326500 5883 2318 16  4 72  7  0
 2  0      0 16823772 123488 11809084    0    0  5884 102420 6060 4225 10  6 81  2  1
 1  1      0 16789072 123548 11834968    0    0  6892     0 7046 5760  9  7 82  1  1
 5  0      0 16746760 123624 11860868    0    0  8642    36 8619 7968 10  7 82  1  1
 2  1      0 16709836 124488 11906456    0    0  7451     0 8493 7631 12  7 80  0  1
 6  0      0 16558216 124520 12067004    0    0 17428 33716 12747 11485 30 11 56  2  1
 3  3      0 16267052 124524 12348252    0    0 28168 105588 12104 9735 35 12 49  3  1
 3  0      0 16531256 124708 12092396    0    0 19628 244856 11001 7694 17  7 66  9  1
 2  1      0 16445232 124812 12182608    0    0 14316 57448 8157 6321 15  8 74  2  1
 4  0      0 16307752 124948 12317624    0    0 17656  9344 19682 18931 18 10 70  1  1
 3  0      0 16259092 125128 12374908    0    0 26340 97972 10671 8024 16  8 74  2  1
 3  0      0 16331156 125132 12295924    0    0  4456 35856 10674 10455 15  9 75  1  1
 2  1      0 16227748 125136 12394600    0    0 14652 71528 11177 10167 15  8 75  1  1
procs -----------memory---------- ---swap-- -----io---- -system-- ------cpu-----
 r  b   swpd   free   buff  cache   si   so    bi    bo   in   cs us sy id wa st
 3  0      0 16247776 125156 12380216    0    0  1316 19600 9811 8602 15 10 74  0  1
 3  0      0 16203284 125188 12425416    0    0  2209 131296 11831 9226 19  9 68  3  1
 3  0      0 16077176 125200 12550508    0    0     0 67700 6455 4811 17  7 74  1  1
 3  0      0 15822492 125200 12802588    0    0     0     0 1523  664 16 10 75  0  0
 2  1      0 15684180 125204 12940540    0    0     0 352712 6276 1746 13  7 74  5  1
 3  0      0 16058192 125248 12502540    0    0    12 194772 5490 2459 21  7 66  5  1
 3  0      0 16083728 125260 12536020    0    0     0 31056 4000 2090 22  8 69  0  0
 2  0      0 16400980 125276 12179904    0    0     0 75164 2258  965 16  4 79  1  0
 2  0      0 16377820 125276 12192988    0    0     0     0 1561  734 14  3 83  0  0
 3  0      0 16364740 125276 12205664    0    0     0     0 1722  846 14  3 83  0  0
 3  0      0 16477636 125276 12160272    0    0     0     4 1540  768 14  3 83  0  0
 6  0      0 16408468 125492 12228848    0    0    72 35872 4755 2745 28  8 63  1  0
 6  0      0 16073748 125604 12486496    0    0   116 115656 10442 5904 37 12 47  3  1
 3  0      0 16356344 125628 12252468    0    0     0 181704 5926 3226 19  8 68  4  0
 3  0      0 16271072 125632 12312400    0    0     0 66092 2707 1083 21  5 73  1  0
 4  0      0 16183916 125632 12392544    0    0     0     0 1818  766 22  5 73  0  0
 3  0      0 16173572 125636 12405412    0    0     0 101952 3963 1688 21  6 71  2  0
 2  0      0 16474808 125640 12161156    0    0     0 62616 2803 1183 16  3 79  1  0
 2  0      0 16370092 125768 12234744    0    0    20  6660 3544 2298 12  5 83  0  0
 3  0      0 16344132 125768 12247352    0    0     0     0 3009 1714 12  5 83  0  0
 3  0      0 16287180 125768 12289980    0    0     0     0 1160  414 17  3 80  0  0
procs -----------memory---------- ---swap-- -----io---- -system-- ------cpu-----
 r  b   swpd   free   buff  cache   si   so    bi    bo   in   cs us sy id wa st
 2  0      0 16321460 125776 12244596    0    0     0 31124 2172 1061 13  4 82  1  0
 2  0      0 16365336 125776 12257740    0    0     0     4 2111 1091 13  4 83  0  0
 2  0      0 16398828 125776 12212960    0    0     0     0 1319  612 14  3 83  0  0
 1  0      0 16374348 125936 12238616    0    0     8 22552 9576 8099 10  7 82  0  1
 2  0      0 16400396 125952 12227200    0    0     0 31568 7650 6503 13  8 78  1  1
 2  0      0 16373908 125952 12247824    0    0     0    92 7327 6549 10  7 83  0  1
 2  0      0 16351164 125952 12274848    0    0     0     0 11512 11006 10  6 83  0  1
 2  0      0 16245124 125952 12377112    0    0     0     0 11250 10987  9  8 83  0  1
 3  0      0 16186432 125952 12426860    0    0     0     0 8270 7622 11  7 82  0  1
 6  0      0 16080716 125976 12538524    0    0     0 32912 7685 6405 29 10 60  0  1
 4  2      0 15874908 125988 12734260    0    0     0 220668 23206 21094 33 12 49  4  1
 3  0      0 16097752 126012 12526216    0    0     0 178420 12542 10189 23 10 61  4  1
 2  1      0 15967748 126012 12641484    0    0     0 26624 10349 10322 15  8 75  1  1
 5  0      0 15868024 126024 12744852    0    0     0 53352 10590 9451 18  9 71  1  1
 3  1      0 16027984 126032 12605120    0    0    18 101672 11280 8961 15 10 72  1  1
 2  2      0 15944384 126032 12677136    0    0   178 36776 8845 7661 16  8 73  2  1
 3  0      0 15754948 126040 12884256    0    0     0 253140 6856 2976 16  9 69  5  1
 1  2      0 15519652 126040 13118232    0    0     0 87580 2484 1074 14 10 74  1  0
 1  1      0 15613056 126064 13026816    0    0     0 354132 3813 2566 18  5 70  6  1
 2  0      0 16247144 126092 12336704    0    0     4 103964 3789 1668  9  6 83  2  0
 2  0      0 16239908 126092 12350640    0    0     0     0 2594 1334 12  5 83  0  0
procs -----------memory---------- ---swap-- -----io---- -system-- ------cpu-----
 r  b   swpd   free   buff  cache   si   so    bi    bo   in   cs us sy id wa st
 2  0      0 16203368 126092 12363996    0    0     0    16 1198  487 14  3 83  0  0
 2  0      0 16182464 126092 12376464    0    0     0     4 1855 1004 13  4 83  0  0
 3  0      0 16272116 126108 12358560    0    0     0 31108 2921 1491 17  5 77  1  0
 2  0      0 16314148 126120 12313864    0    0     0   248 3235 2293 16  6 78  0  0
 2  0      0 16218568 126260 12385092    0    0     4  5804 4358 3091 11  6 82  1  1
 2  0      0 16196232 126260 12398288    0    0     0     0 2549 1408 13  4 83  0  0
 3  0      0 16159216 126260 12413008    0    0     0     0 1160  553 15  2 83  0  0
 6  0      0 16097748 126260 12483260    0    0     0 31088 2829 1143 30  7 62  1  0
 2  4      0 15974768 126260 12664644    0    0     0 114436 5036 1913 35  9 50  5  0
 3  0      0 15968128 126284 12664996    0    0  3333 259004 8585 4867 32  7 53  8  1
 3  0      0 16188536 126964 12426528    0    0   524 20448 15398 12991 19  6 73  1  1
 3  1      0 16099084 127008 12512368    0    0     0 83132 2673 1214 21  5 73  1  0
 3  0      0 16120268 127144 12478504    0    0    32 47488 3859 2141 21  6 72  1  0
 3  0      0 16052280 127152 12536368    0    0     0 66004 4062 1890 18  6 74  1  0
 3  0      0 16086152 127164 12493136    0    0     0 26000 1951  691 21  4 75  0  0
 3  0      0 16020916 127172 12550636    0    0     0 66020 2786 1151 19  6 75  1  0
 4  0      0 15937292 127176 12629288    0    0     0 103144 3790 1376 22  6 70  2  0
 3  0      0 16042972 127196 12579800    0    0     0 31060 2346 1036 21  5 74  0  0
 3  0      0 15900848 127304 12693416    0    0     8 69916 4305 2369 17  7 74  2  0
 2  0      0 16130172 127308 12448316    0    0     0 30932 3439 1886 13  6 81  1  0
 2  0      0 16096156 127308 12461388    0    0     0   124 1117  463 15  2 83  0  0
procs -----------memory---------- ---swap-- -----io---- -system-- ------cpu-----
 r  b   swpd   free   buff  cache   si   so    bi    bo   in   cs us sy id wa st
 3  0      0 16051632 127324 12507264    0    0     0 102440 3796 1835 17  5 77  2  0
 2  0      0 16168456 127328 12457312    0    0     0    28 2143 1121 12  4 83  0  0
 2  0      0 16208648 127328 12412904    0    0     0     0 1476  662 14  3 83  0  0
 2  0      0 16182092 127664 12429028    0    0   192  8792 9362 7721 11  6 77  5  1
 2  0      0 16090420 127792 12501304    0    0    60  4256 6620 4703 11  5 81  1  1
 6  0      0 16044452 127808 12552684    0    0     0 31064 4113 1838 25  8 66  1  0
 4  2      0 15835404 127808 12749492    0    0     0 49152 2872  735 42  7 50  1  0
 3  0      0 16067984 127856 12503008    0    0     0 312440 7055 3324 31  7 53  8  0
 3  0      0 16036972 127856 12568856    0    0     0   284 2158  979 20  5 75  0  0
 4  0      0 16037672 127880 12577240    0    0     0 96424 3250 1282 20  4 74  1  0
 3  0      0 16039228 128280 12562360    0    0   212 55652 12916 9968 19  8 71  1  1
 3  0      0 15969500 128284 12620624    0    0     0 66004 4212 2051 18  7 74  1  0
 3  0      0 15896984 128288 12679988    0    0     0 66016 2285  910 20  4 74  1  0
 3  0      0 15821700 128288 12747868    0    0     0     0 1747  792 20  5 75  0  0
 5  0      0 15770228 128288 12834904    0    0     0 66016 3101 1389 22  5 71  1  0
 3  0      0 15843528 128300 12780096    0    0     0 97064 3088 1179 20  5 74  1  0
 2  0      0 16053396 128432 12518636    0    0     4 46796 4454 2608 13  7 79  1  0
 2  0      0 16047232 128432 12532568    0    0     0     0 2807 1632 12  5 83  0  0
 2  0      0 16011712 128432 12545664    0    0     0     0 1027  442 15  2 83  0  0
 2  0      0 16027508 128432 12528444    0    0     0 31084 2333 1090 17  4 79  0  0
 2  0      0 16072104 128432 12541652    0    0     0     4 2071 1097 12  4 84  0  0
procs -----------memory---------- ---swap-- -----io---- -system-- ------cpu-----
 r  b   swpd   free   buff  cache   si   so    bi    bo   in   cs us sy id wa st
 2  0      0 16118296 128432 12496116    0    0     0 35928 2102  752 14  3 82  1  0
 2  0      0 16004716 128580 12568112    0    0     0  6220 3826 2570 11  6 83  1  0
 3  0      0 15988272 128580 12584188    0    0     0     0 2900 1624 13  4 82  0  0
 6  0      0 15924500 128588 12656492    0    0     0 31132 2217  733 32  6 62  0  0
 6  0      0 15723632 128588 12842224    0    0     0 60600 3543 1152 41  8 50  1  0
 4  0      0 15598412 128600 12963248    0    0     0 307304 8272 3441 29  6 52 12  1
 3  0      0 16061704 128616 12574136    0    0     0 46168 2865 1305 20  5 74  1  0
 4  0      0 16008496 128692 12598708    0    0     4 81772 3840 2126 17  6 74  2  0
 3  0      0 15979816 128704 12632060    0    0     0 31048 4212 2352 22  7 71  0  0
 3  0      0 15883564 128708 12693372    0    0     0 66004 2401  766 20  4 75  1  0
 3  0      0 15813800 128712 12752372    0    0     0 65988 2828 1137 20  4 75  1  0
 2  1      0 15746048 128712 12816400    0    0     0 32768 2415 1057 20  5 75  0  0
 4  0      0 15781016 128732 12839180    0    0     0 65524 3010 1243 22  5 71  1  0
 3  0      0 15955084 128920 12638220    0    0     8 37052 4577 2788 19  7 73  1  0
 3  0      0 15879408 128920 12700076    0    0     0 66144 4347 2113 18  6 74  1  0
 3  0      0 15803584 128924 12760976    0    0     0 99744 2897  953 21  4 74  2  0
 3  0      0 15736336 128924 12820648    0    0     0 66052 2875 1212 20  5 75  1  0
 3  0      0 15757240 128928 12853492    0    0     0 31020 2844 1357 24  5 70  1  0
 2  0      0 16424804 128940 12202392    0    0     0 69376 2328  836 16  4 79  1  0
 1  0      0 16735888 128940 11970176    0    0   148   352 1320  669  8  3 88  0  0
 1  1      0 16723540 128940 11982576    0    0     0  8192  899  368  6  2 91  0  0
procs -----------memory---------- ---swap-- -----io---- -system-- ------cpu-----
 r  b   swpd   free   buff  cache   si   so    bi    bo   in   cs us sy id wa st
 2  0      0 16708928 128940 11997432    0    0     0 32724 1528  632  7  2 90  1  0
 5  0      0 16643572 128952 12065796    0    0     0 31028 1891  548 23  5 71  0  0
 1  4      0 16442936 128952 12261020    0    0     0 109780 3157 1013 31  7 58  4  0
 2  0      0 16691820 128980 12015644    0    0     0 206324 5032 2297 16  5 71  7  0
 2  0      0 16668128 129004 12040200    0    0     0 30596 1259  493 12  4 83  1  0
 3  0      0 16603868 129012 12110636    0    0     0 65996 1959  677 14  4 81  1  0
 2  0      0 16678252 129028 12037180    0    0  3333 51852 3842 2433 16  5 79  1  0
 2  0      0 16617772 129032 12097552    0    0     0 66004 1891  614 12  4 83  1  0
 3  0      0 16558804 129032 12156044    0    0     0 65972 1881  672 13  3 83  1  0
 2  0      0 16491524 129032 12223352    0    0     0     0  943  310 14  3 83  0  0
 3  0      0 16399800 129040 12311152    0    0     0 65976 1788  710 16  4 79  1  0
 2  0      0 16397016 129052 12311876    0    0     0 96976 1949  820 13  3 82  2  0
 1  1      0 16333020 129052 12375620    0    0     0 36828 1347  448 13  4 83  1  0
 1  0      0 16689116 129060 12014688    0    0     0 47452 1454  661  9  3 87  1  0
 1  0      0 16675760 129060 12027232    0    0     0     0  738  326  7  2 91  0  0
 1  0      0 16698680 129068 12009376    0    0     0 31072 1295  535 10  3 86  1  0
 1  0      0 16685072 129068 12023228    0    0     0     0  705  298  6  2 91  0  0
 1  0      0 16670708 129068 12036880    0    0     0     0  716  324  6  2 91  0  0
 1  0      0 16657104 129068 12050408    0    0     0     0  705  344  7  2 91  0  0
 3  0      0 16625352 129072 12082596    0    0     0     0  776  291  8  3 89  0  0
 5  0      0 16535504 129096 12177436    0    0     0 30996 1961  541 28  6 65  1  0
procs -----------memory---------- ---swap-- -----io---- -system-- ------cpu-----
 r  b   swpd   free   buff  cache   si   so    bi    bo   in   cs us sy id wa st
 6  0      0 16336984 129108 12374156    0    0     0 127408 2991  915 32  7 58  2  0
 2  0      0 16628700 129116 12087556    0    0     0 206280 3941 2025 13  4 75  8  0
 2  0      0 16568220 129124 12146388    0    0     0 66084 1755  635 12  4 83  1  0
 3  0      0 16562024 129136 12156872    0    0     0  9968 1279  476 17  4 79  0  0
 2  0      0 16572600 129152 12149884    0    0     0 97572 1928  799 12  4 82  2  0
 1  1      0 16511876 129152 12209932    0    0     0 40960 1361  533 12  4 83  1  0
 2  0      0 16449884 129160 12271876    0    0     0 25012 1303  433 13  4 83  0  0
 2  0      0 16390664 129168 12330608    0    0     0 65976 1541  666 12  4 83  1  0
 2  0      0 16361268 129180 12353364    0    0     0 97084 2165 1041 15  4 77  3  0
 2  0      0 16300952 129180 12412356    0    0     0     0 1027  358 13  4 83  0  0
 2  0      0 16248032 129184 12465968    0    0     0 65984 1652  700 12  4 83  1  0
 1  0      0 16627300 129184 12081028    0    0     0 42968 1312  561 10  3 86  1  0
 1  0      0 16613196 129184 12094096    0    0     0     0  750  333  7  2 91  0  0
 1  0      0 16638208 129196 12077408    0    0     0 31072 1236  517  9  3 86  1  0
 1  0      0 16624520 129196 12090836    0    0     0     0  752  303  6  2 91  0  0
 1  0      0 16611668 129196 12104064    0    0     0     0  707  298  6  2 91  0  0
 1  0      0 16598312 129196 12117280    0    0     0    92  777  300  6  2 91  0  0
 2  0      0 16559756 129196 12154048    0    0     0     0  829  358  9  3 88  0  0
 5  0      0 16450628 129200 12265792    0    0     0 31000 2045  535 29  7 63  1  0
 4  1      0 16283600 129208 12430988    0    0     0 276712 5485 2246 28  6 58  7  0
 2  0      0 16560068 129228 12156588    0    0     0 71772 2239 1100 17  5 75  3  0
procs -----------memory---------- ---swap-- -----io---- -system-- ------cpu-----
 r  b   swpd   free   buff  cache   si   so    bi    bo   in   cs us sy id wa st
 4  0      0 16538892 129228 12177544    0    0     0 34100 1363  552 13  4 83  1  0
 2  0      0 16514364 129244 12206456    0    0     0 97020 2772  847 16  4 78  2  0
 1  1      0 16451688 129244 12267860    0    0     0 59604 1787  501 13  3 83  1  0
 2  0      0 16390704 129244 12329048    0    0     0  6592 1162  414 13  4 83  0  0
 2  0      0 16335012 129244 12384388    0    0     0 65984 1897  712 13  3 83  1  0
 1  1      0 16277568 129244 12442020    0    0     0 65916 1825  587 12  3 83  1  0
 2  0      0 16561036 129264 12153416    0    0     0 46056 1900  906 16  5 78  1  0
 2  0      0 16502284 129264 12210012    0    0     0 66044 1578  562 12  4 83  1  0
 2  0      0 16434244 129264 12278240    0    0     0   100 1010  362 14  3 83  0  0
 5  0      0 16375024 129268 12336928    0    0     0 65980 2218  592 13  3 83  1  0
 3  0      0 16315804 129268 12397244    0    0     0 65980 1751  583 12  4 83  1  0
 1  1      0 16294620 129268 12425352    0    0     0 70688 1943  872 15  5 79  1  0
 2  0      0 16231636 129276 12487348    0    0     0 26296 2042 1047 13  5 81  1  0
 2  0      0 16173196 129280 12545132    0    0     0 65980 1532  658 12  4 83  1  0
 1  0      0 16570356 129292 12144884    0    0     0 43948 1571  649  9  3 87  1  0
 2  0      0 16531056 129292 12180992    0    0     0     0  878  369  9  3 88  0  0
 5  0      0 16425708 129292 12295576    0    0     0 31092 2043  608 29  7 63  1  0
 3  0      0 16262968 129304 12455468    0    0     0 263368 5009 2451 27  8 57  8  0
 2  0      0 16515888 129312 12201748    0    0     0 37920 1623  872 13  4 82  1  0
 2  0      0 16460452 129320 12257164    0    0     0 66312 1825  666 13  3 83  1  0
 1  2      0 16368724 129320 12350676    0    0     0 38888 1665  628 15  5 79  1  0
procs -----------memory---------- ---swap-- -----io---- -system-- ------cpu-----
 r  b   swpd   free   buff  cache   si   so    bi    bo   in   cs us sy id wa st
 2  0      0 16372992 129324 12344200    0    0     0 58120 1951  881 13  3 82  2  0
 2  0      0 16299196 129328 12402760    0    0     0 66120 2306  924 12  5 81  1  0
 1  0      0 16539792 129328 12160292    0    0     0 24208 1216  636  7  3 90  0  0
 1  0      0 16524784 129328 12173140    0    0  3333     0 2456 2101  7  3 90  0  0
 1  0      0 16541916 129344 12156104    0    0     0 31044 1299  562 10  3 86  1  0
 1  0      0 16526800 129344 12169816    0    0     0    88  844  373  6  3 91  0  0
 1  0      0 16514728 129344 12183504    0    0     0     0 1059  532  7  3 90  0  0
 1  0      0 16500104 129344 12196644    0    0     0     0  910  487  6  2 91  0  0
 2  0      0 16481712 129348 12219280    0    0     0     0  817  353  8  2 90  0  0
 1  0      0 16514708 129360 12193252    0    0     0 30996 1350  573  9  2 88  1  0
 1  0      0 16500604 129360 12207008    0    0     0     8  791  361  6  2 91  0  0
 2  0      0 16484200 129360 12220732    0    0     0     0  758  373  7  2 91  0  0
 1  0      0 16471356 129360 12233608    0    0     0     0 1177  543  7  3 90  0  0
 2  0      0 16421228 129364 12279248    0    0     0 24576 1242  449  9  3 87  1  0
 5  0      0 16289192 129384 12415524    0    0     0  6444 1865  529 33  8 59  0  0
 4  0      0 16135028 129404 12570108    0    0     0 294172 5751 2335 26  7 58  9  1
 2  0      0 16432668 129408 12273060    0    0     0 66172 2517  878 16  5 78  1  0
 2  0      0 16372188 129420 12327724    0    0     0 66064 2006  883 12  5 81  1  0
 2  0      0 16348228 129432 12361736    0    0     0 31000 1567  599 17  4 78  1  0
 2  0      0 16293304 129436 12420552    0    0     0 65972 1633  665 12  4 83  1  0
 2  0      0 16231616 129444 12481384    0    0     0 65980 1902  703 13  3 83  1  0
procs -----------memory---------- ---swap-- -----io---- -system-- ------cpu-----
 r  b   swpd   free   buff  cache   si   so    bi    bo   in   cs us sy id wa st
 2  0      0 16427944 129448 12286924    0    0     0 24480 1519  686 12  4 83  0  0
 2  0      0 16375252 129456 12338656    0    0     0 66016 2202  885 13  5 81  1  0
 2  0      0 16337464 129460 12371968    0    0     0 31024 1616  564 17  4 78  1  0
 2  0      0 16277744 129468 12429704    0    0     0 65972 2011  645 12  4 83  1  0
 2  0      0 16224072 129472 12484284    0    0     0 66000 1775  739 12  4 83  1  0
 2  0      0 16157064 129472 12550812    0    0     0     0  987  335 14  3 83  0  0
 2  0      0 16438704 129496 12264184    0    0     0 94392 2426 1173 12  5 81  2  0
 1  0      0 16461372 129516 12239276    0    0     0 31060 1153  523  9  3 87  1  0
 1  0      0 16447260 129516 12253468    0    0     0     0  735  312  7  2 91  0  0
 1  0      0 16433904 129516 12266696    0    0     0    16  821  363  7  2 91  0  0
 1  0      0 16421308 129516 12279544    0    0     0     0  741  335  7  2 91  0  0
 2  0      0 16384016 129516 12320648    0    0     0     0 1182  576 10  4 86  0  0
 5  0      0 16275644 129536 12435356    0    0     0 31008 2102  592 31  7 62  1  0
 5  0      0 16132256 129556 12583160    0    0     0 258244 4128 2120 26  6 58  9  0
 4  0      0 16371872 129616 12357384    0    0     0 110568 3238 1504 24  4 69  2  0
 0  5      0 16193000 129616 12531528    0    0     0 112000 2641  957 24  5 67  4  0
 1  0      0 16234948 129672 12481684    0    0     0 255104 4766 2644 15  5 69 11  1
 1  0      0 16408512 129672 12309892    0    0     0     0  848  395  7  2 91  0  0
 1  0      0 16361640 129676 12356320    0    0     0 66060 1721  640  6  2 91  1  0
 1  0      0 16316280 129676 12401868    0    0     0 65980 1785  705  6  2 91  1  0
 1  0      0 16262100 129676 12455608    0    0     0   344  775  305  7  1 91  0  0
procs -----------memory---------- ---swap-- -----io---- -system-- ------cpu-----
 r  b   swpd   free   buff  cache   si   so    bi    bo   in   cs us sy id wa st
 1  0      0 16215984 129676 12500956    0    0     0 65968 1531  594  6  1 91  1  0
 2  0      0 16169616 129676 12547584    0    0     0 65972 1697  678  6  2 91  1  0
 1  0      0 16461340 129684 12255808    0    0     0 28080 1117  479  7  2 91  0  0
 1  0      0 16412956 129684 12303460    0    0     0 66016 1667  699  6  1 91  1  0
 0  1      0 16357776 129684 12351344    0    0     0 59392 1870  841  6  3 90  1  0
 1  0      0 16303848 129684 12404680    0    0     0  6580  869  369  7  1 91  0  0
 1  0      0 16261512 129684 12447080    0    0     0 65972 1653  570  6  1 91  1  0
 2  0      0 16220184 129688 12488608    0    0     0 65976 1342  561  6  2 91  1  0
 4  0      0 16523244 129688 12188596    0    0     0 41284 1489  756  8  2 89  1  0
 4  0      0 16333488 129688 12378408    0    0     0     0 1486  332 28  5 66  0  0
 4  0      0 16234452 129712 12480504    0    0     0 263952 5407 3005 15  3 67 14  1
 4  0      0 16036668 129712 12674240    0    0     0     0 1436  281 29  5 66  0  0
 4  0      0 15929616 129728 12784440    0    0     0 263824 5913 3077 17  3 66 13  1
 3  1      0 15740916 129728 12969168    0    0     0  8192 1542  401 29  5 66  0  0
 4  0      0 15636840 129740 13075176    0    0     0 255708 4640 2643 17  4 65 13  1
 3  2      0 15450232 129740 13250372    0    0     0 65536 2169  707 28  5 66  2  0
 1  0      0 15457384 129764 13246500    0    0     0 277352 5036 3275 15  5 71  9  0
 4  0      0 16469292 129764 12234596    0    0     0     0 1539  442 23  6 71  0  0
 0  4      0 16337496 129764 12361048    0    0     0 166936 4284 1967 19  4 66 11  0
 4  0      0 16186548 129776 12516744    0    0     0 97072 3633 1561 24  6 65  5  0
 0  3      0 16067112 129776 12631484    0    0     0 213276 4392 1973 17  4 66 13  0
