procs -----------memory---------- ---swap-- -----io---- -system-- ------cpu-----
 r  b   swpd   free   buff  cache   si   so    bi    bo   in   cs us sy id wa st
 1  0      0 23526776  56844 5416144    0    0    36  1197  121   82 11  2 85  0  2
 2  0      0 23526776  56844 5416152    0    0     0     0  362  294  0  0 100  0  0
 1  0      0 23498872  56956 5430260    0    0     0   776 1551 1294  6  3 91  0  0
 1  0      0 23469392  56956 5444380    0    0     0 16468 1186  694  6  2 91  0  0
 1  0      0 23442232  56956 5457860    0    0     0     0  834  444  7  2 91  0  0
 1  0      0 23415520  56956 5471060    0    0     0     0  768  345  7  2 91  0  0
 4  0      0 23365628  56960 5509704    0    0     0     0  875  370  9  3 88  0  0
 1  0      0 23455284  56980 5467588    0    0     0 30988 1528  644  7  3 89  1  0
 1  0      0 23426864  56980 5480972    0    0     0     0  891  473  6  2 91  0  0
 1  0      0 23399908  56980 5494404    0    0     0     0  718  287  7  2 91  0  0
 1  0      0 23373196  56980 5507776    0    0     0     0  718  299  6  2 91  0  0
 1  0      0 23386284  57004 5491500    0    0     0 30952 1352  521 10  3 87  1  0
 1  0      0 23373212  57004 5504928    0    0     0     0  761  377  7  2 91  0  0
 1  0      0 23359604  57004 5518172    0    0     0     0  706  304  7  2 91  0  0
 1  0      0 23345744  57004 5531688    0    0     0     0  692  290  7  2 91  0  0
 2  0      0 23324372  57008 5555256    0    0     0     0  782  294  8  2 90  0  0
 1  0      0 23344988  57024 5528128    0    0     0 30960 1303  584  8  3 88  1  0
 1  0      0 23331384  57024 5541212    0    0     0     0  743  333  7  2 91  0  0
 1  0      0 23317780  57024 5554440    0    0     0     0  721  312  7  2 91  0  0
 1  0      0 23304676  57024 5567884    0    0     0     0  733  320  7  2 91  0  0
 1  1      0 23258312  57028 5613868    0    0     0 14308 1016  398 10  3 87  0  0
procs -----------memory---------- ---swap-- -----io---- -system-- ------cpu-----
 r  b   swpd   free   buff  cache   si   so    bi    bo   in   cs us sy id wa st
 3  0      0 23210672  57048 5656628    0    0     0 16648 1554  535 19  5 75  0  0
 1  0      0 23297204  57068 5567412    0    0     0 113988 2194  868  9  3 85  2  0
 1  0      0 23283856  57068 5580680    0    0     0     0  728  318  7  2 91  0  0
 1  0      0 23271256  57068 5593944    0    0     0     0  754  335  7  2 91  0  0
 1  0      0 23289892  57080 5577176    0    0     0 30980 1347  541  9  3 87  1  0
 1  0      0 23275028  57080 5591624    0    0     0     0  725  324  6  2 91  0  0
 1  0      0 23261420  57080 5605204    0    0     0     0  747  354  6  2 91  0  0
 1  0      0 23248820  57080 5618464    0    0     0     0  749  327  6  2 91  0  0
 2  0      0 23214044  57080 5654496    0    0     0     0  835  324  9  3 89  0  0
 1  0      0 23252584  57096 5615452    0    0     0 30968 1236  520  7  2 90  1  0
 1  0      0 23238728  57096 5629620    0    0     0     0  716  311  6  2 91  0  0
 1  0      0 23224120  57096 5643704    0    0     0     0  714  327  6  2 91  0  0
 1  0      0 23210516  57096 5657276    0    0     0     0  716  288  7  2 91  0  0
 1  0      0 23235740  57104 5640120    0    0     0 30984 1547  581 10  3 87  0  0
 1  0      0 23221088  57104 5654360    0    0     0     0  769  314  6  2 91  0  0
 1  0      0 23207984  57104 5668368    0    0     0     0  802  358  6  2 91  0  0
 1  0      0 23194632  57104 5681948    0    0     0     4  847  464  7  2 91  0  0
 2  0      0 23160112  57104 5715420    0    0     0     0  825  291  9  2 89  0  0
 3  0      0 23117788  57124 5751268    0    0     0 31116 1759  541 18  5 77  1  0
 3  0      0 23025824  57140 5843640    0    0     0 131936 3502 1150 17  5 74  3  0
 1  0      0 23172008  57160 5691848    0    0  3333 91824 4177 2714 17  5 76  1  0
procs -----------memory---------- ---swap-- -----io---- -system-- ------cpu-----
 r  b   swpd   free   buff  cache   si   so    bi    bo   in   cs us sy id wa st
 1  0      0 23158912  57160 5704440    0    0     0     0  767  359  7  2 91  0  0
 1  0      0 23186116  57172 5687064    0    0     0 30992 1444  558 10  3 87  1  0
 1  0      0 23171252  57172 5700972    0    0     0     4  854  372  7  2 91  0  0
 1  0      0 23158652  57172 5714288    0    0     0     0  747  315  7  2 91  0  0
 1  0      0 23144544  57172 5727480    0    0     0     0  726  319  7  2 91  0  0
 2  0      0 23130936  57172 5740688    0    0     0     0  830  453  7  2 91  0  0
 1  0      0 23139740  57180 5724160    0    0     0 30964 1486  586 10  3 86  1  0
 1  0      0 23125884  57180 5737360    0    0     0     0  740  317  6  2 91  0  0
 1  0      0 23113536  57180 5750764    0    0     0     0  784  299  7  2 91  0  0
 1  0      0 23100180  57180 5763936    0    0     0     0  747  315  6  2 91  0  0
 2  0      0 23061416  57180 5803120    0    0     0     0  941  411  9  2 88  0  0
 1  0      0 23111056  57192 5760828    0    0     0 30968 1271  533  7  2 90  1  0
 1  0      0 23097408  57192 5774396    0    0     0     0  755  348  7  2 91  0  0
 1  0      0 23084304  57192 5787756    0    0     0     0  741  306  7  2 91  0  0
 1  0      0 23070948  57192 5800888    0    0     0     0  731  326  7  2 91  0  0
 3  0      0 23064380  57212 5805740    0    0     0 30956 1661  575 13  3 83  1  0
 3  0      0 22949476  57212 5917684    0    0     0     0 1223  316 21  4 75  0  0
 3  0      0 22864300  57224 6004400    0    0     0 131952 3541 1201 17  5 75  3  0
 1  2      0 22771588  57224 6093896    0    0     0 98100 2631  865 18  5 74  3  0
 2  0      0 23047680  57268 5820648    0    0     0 99768 2973 1236 17  4 76  2  0
 1  0      0 23072620  57280 5800840    0    0     0 30956 1400  553  9  3 87  0  0
procs -----------memory---------- ---swap-- -----io---- -system-- ------cpu-----
 r  b   swpd   free   buff  cache   si   so    bi    bo   in   cs us sy id wa st
 1  0      0 23058764  57280 5814348    0    0     0     0  769  318  6  2 91  0  0
 1  0      0 23044152  57280 5828224    0    0     0     0  758  338  7  2 91  0  0
 1  0      0 23030044  57280 5841696    0    0     0    20  749  306  7  2 91  0  0
 2  0      0 22985440  57280 5881636    0    0     0     0  862  337 10  2 88  0  0
 1  0      0 23023240  57292 5838616    0    0     0 30972 1526  773  7  3 90  1  0
 1  0      0 23009128  57292 5852500    0    0     0     0  759  335  7  2 91  0  0
 1  0      0 22995524  57292 5866176    0    0     0     0  777  313  6  2 91  0  0
 2  0      0 22981668  57292 5879760    0    0     0     8  719  301  7  2 91  0  0
 1  0      0 23013780  57304 5862540    0    0     0 30956 1444  553 10  3 87  1  0
 1  0      0 22999672  57304 5876464    0    0     0     0  750  355  7  2 91  0  0
 1  0      0 22985056  57304 5890120    0    0     0     0  723  311  6  2 91  0  0
 1  0      0 22971700  57304 5903676    0    0     0     0  700  311  7  2 91  0  0
 2  0      0 22928108  57304 5940716    0    0     0   164  851  322  9  3 88  0  0
 3  0      0 22884000  57324 5982976    0    0     0 30968 1801  588 19  5 76  0  0
 5  0      0 22767340  57328 6097008    0    0     0 48864 1967  554 19  5 75  1  0
 1  0      0 22935996  57364 5922156    0    0     0 168956 3758 1367 11  4 82  3  1
 1  0      0 22923400  57364 5934924    0    0     0     0  741  326  7  2 91  0  0
 1  0      0 22940268  57372 5917764    0    0     0 30988 1341  574 10  3 87  1  0
 1  0      0 22925152  57372 5931904    0    0     0     0  741  309  7  2 91  0  0
 1  0      0 22911296  57372 5945524    0    0     0     0  713  320  7  2 91  0  0
 1  0      0 22897944  57372 5958816    0    0     0     0  734  304  7  2 91  0  0
procs -----------memory---------- ---swap-- -----io---- -system-- ------cpu-----
 r  b   swpd   free   buff  cache   si   so    bi    bo   in   cs us sy id wa st
 2  0      0 22883580  57372 5973460    0    0     0     0  747  335  7  2 91  0  0
 1  0      0 22899948  57388 5955668    0    0     0 30968 1478  551  9  3 87  1  0
 1  0      0 22886088  57388 5969452    0    0     0     0  770  351  6  2 91  0  0
 1  0      0 22872480  57388 5983128    0    0     0     0  738  322  6  2 91  0  0
 1  0      0 22859376  57388 5996248    0    0     0     0  730  333  6  2 91  0  0
 2  0      0 22818588  57388 6036292    0    0     0     0  865  320  9  3 88  0  0
 1  0      0 22860408  57408 5992560    0    0     0 30960 1260  568  7  2 90  1  0
 1  0      0 22846800  57408 6006672    0    0     0     0  715  310  6  3 91  0  0
 1  0      0 22833444  57408 6019856    0    0     0     0  747  342  7  2 91  0  0
 1  0      0 22821096  57408 6032644    0    0     0     0  714  285  7  2 91  0  0
 4  0      0 22822356  57428 6035488    0    0     0 30960 1589  559 13  4 83  1  0
 3  0      0 22717040  57436 6140972    0    0     0 48072 1907  607 20  4 75  1  0
 2  1      0 22601144  57436 6255016    0    0     0 20420 1518  386 21  4 75  0  0
 3  0      0 22506976  57452 6354016    0    0     0 159520 3605 1176 19  4 74  2  0
 3  0      0 22787364  57488 6076448    0    0     0 105272 2930 1109 15  4 80  1  0
 1  1      0 22751068  57512 6109040    0    0     0 58612 1948  634 16  4 78  1  0
 2  0      0 22686556  57520 6174380    0    0     0 38320 1662  544 12  4 83  1  0
 2  0      0 22620412  57528 6238580    0    0  3333 66004 3522 2433 13  4 82  1  0
 1  0      0 22780632  57552 6075588    0    0     0 60624 1912  686 10  3 86  1  0
 2  0      0 22753168  57552 6103496    0    0     0     0  828  304  8  2 89  0  0
 1  0      0 22785944  57580 6071332    0    0     0 30980 1201  553  9  2 88  1  0
procs -----------memory---------- ---swap-- -----io---- -system-- ------cpu-----
 r  b   swpd   free   buff  cache   si   so    bi    bo   in   cs us sy id wa st
 1  0      0 22772084  57580 6084956    0    0     0     0  759  315  6  2 91  0  0
 1  0      0 22757724  57580 6098252    0    0     0   184  772  314  7  2 91  0  0
 1  0      0 22744368  57580 6111444    0    0     0     0  769  320  6  3 91  0  0
 1  0      0 22762588  57596 6094472    0    0     0 30972 1438  559 10  3 86  0  0
 1  0      0 22749148  57596 6107656    0    0     0     0  740  307  6  2 91  0  0
 1  0      0 22735540  57596 6121100    0    0     0     0  693  280  7  2 91  0  0
 1  0      0 22721680  57596 6134812    0    0     0     0  728  318  7  2 91  0  0
 1  0      0 22708324  57596 6148024    0    0     0     0  700  317  7  2 91  0  0
 3  0      0 22687692  57612 6173820    0    0     0 30972 1542  554 16  4 79  1  0
 3  0      0 22568760  57612 6289996    0    0     0     0 1182  293 20  6 75  0  0
 4  0      0 22473296  57644 6388416    0    0     0 176104 3559 1119 18  5 75  3  0
 2  0      0 22694744  57676 6171712    0    0     0 108288 2788  985 16  4 78  1  0
 3  0      0 22608056  57676 6255980    0    0     0     0 1039  338 16  4 81  0  0
 2  0      0 22593432  57708 6268004    0    0     0 96992 2523  783 14  4 80  1  0
 1  0      0 22701380  57724 6160932    0    0     0 59192 1569  558  9  3 88  1  0
 1  0      0 22687020  57724 6173816    0    0     0     0  722  295  7  2 91  0  0
 1  0      0 22673916  57724 6187352    0    0     0     0  740  339  7  2 91  0  0
 1  0      0 22691288  57740 6170104    0    0     0 30984 1380  536 10  3 87  0  0
 1  0      0 22676676  57740 6184292    0    0     0     0  727  319  6  2 91  0  0
 1  0      0 22663152  57740 6197832    0    0     0     0  782  333  7  2 91  0  0
 1  0      0 22649716  57740 6211388    0    0     0     0  733  297  7  2 91  0  0
procs -----------memory---------- ---swap-- -----io---- -system-- ------cpu-----
 r  b   swpd   free   buff  cache   si   so    bi    bo   in   cs us sy id wa st
 2  0      0 22637116  57740 6224320    0    0     0    16  727  328  7  2 91  0  0
 1  0      0 22655112  57764 6207544    0    0     0 30972 1593  753 10  3 87  1  0
 1  0      0 22641644  57764 6220992    0    0     0     0  739  325  7  2 91  0  0
 1  0      0 22627784  57764 6234388    0    0     0     0  750  326  6  2 91  0  0
 1  0      0 22614176  57764 6248144    0    0     0     0  702  285  7  2 91  0  0
 2  0      0 22570832  57764 6291872    0    0     0     8  855  335 10  2 88  0  0
 3  0      0 22525472  57772 6336296    0    0     0 30984 1622  548 20  4 76  1  0
 2  1      0 22410840  57772 6448392    0    0     0 57156 1950  552 19  5 75  1  0
 3  0      0 22313352  57780 6548020    0    0     0 150860 3209 1100 19  4 75  2  0
 2  0      0 22573332  57820 6287384    0    0     0 120336 3112 1224 16  5 77  2  0
 2  0      0 22537788  57836 6321960    0    0     0 31016 1746  572 16  5 78  0  0
 2  0      0 22559948  57852 6298904    0    0     0 73372 2104  816 13  3 83  1  0
 2  0      0 22500980  57856 6359268    0    0     0 65984 1943  623 13  3 83  1  0
 1  1      0 22433708  57856 6424280    0    0     0 20424 1288  395 13  3 83  0  0
 2  0      0 22578696  57880 6286920    0    0     0 56224 1493  692  8  3 88  1  0
 1  0      0 22596572  57904 6270072    0    0     0 31004 1335  556 10  3 86  1  0
 1  0      0 22581708  57904 6284052    0    0     0   244  807  316  6  2 91  0  0
 1  0      0 22568352  57904 6297596    0    0     0     0  755  289  7  2 91  0  0
 1  0      0 22554996  57904 6311256    0    0     0     0  718  294  7  2 91  0  0
 2  0      0 22511652  57904 6354732    0    0     0     0  888  298 10  3 87  0  0
 1  0      0 22558260  57924 6307856    0    0     0 30968 1295  579  7  2 90  1  0
procs -----------memory---------- ---swap-- -----io---- -system-- ------cpu-----
 r  b   swpd   free   buff  cache   si   so    bi    bo   in   cs us sy id wa st
 1  0      0 22544400  57924 6321528    0    0     0     0  771  355  7  2 91  0  0
 1  0      0 22530792  57924 6334892    0    0     0     0  712  304  6  2 92  0  0
 1  0      0 22517436  57924 6348256    0    0     0     0  748  306  7  2 91  0  0
 3  0      0 22506584  57940 6357492    0    0     0 30968 1629  539 14  4 82  1  0
 4  0      0 22395236  57948 6466016    0    0     0 48120 1955  624 19  5 74  1  0
 3  0      0 22288664  57960 6573164    0    0     0 89876 2579  854 19  5 75  1  0
 2  2      0 22175808  57968 6682848    0    0     0 97084 2549  901 19  4 74  1  0
 3  0      0 22436788  57980 6426028    0    0     0 69516 2397 1001 12  5 81  1  0
 2  0      0 22421908  58000 6446560    0    0     0 96976 2741  816 15  4 79  2  0
 2  0      0 22360420  58004 6508416    0    0     0 65976 2002  700 13  3 83  1  0
 1  0      0 22499996  58020 6366964    0    0     0 21448 1228  557  9  3 88  0  0
 1  0      0 22486640  58020 6380556    0    0     0     0  694  299  7  2 91  0  0
 3  0      0 22435736  58020 6426552    0    0     0 12260  872  321 10  2 87  0  0
 1  0      0 22483100  58044 6377220    0    0     0 18728  984  524  6  3 91  0  0
 1  0      0 22460000  58044 6391076    0    0  3333     0 2262 1969  7  3 90  0  0
 1  0      0 22446644  58044 6404680    0    0     0     8  709  331  7  2 91  0  0
 1  0      0 22433796  58044 6417756    0    0     0     0  734  320  7  2 91  0  0
 1  0      0 22453200  58060 6400996    0    0     0 30972 1363  611 10  3 87  0  0
 1  0      0 22437584  58060 6415464    0    0     0     0  720  322  6  2 91  0  0
 1  0      0 22424508  58060 6429284    0    0     0     0  695  316  7  2 91  0  0
 1  0      0 22410400  58060 6442808    0    0     0    12  741  342  6  2 91  0  0
procs -----------memory---------- ---swap-- -----io---- -system-- ------cpu-----
 r  b   swpd   free   buff  cache   si   so    bi    bo   in   cs us sy id wa st
 2  0      0 22368320  58060 6483588    0    0     0     0  836  327  9  3 88  0  0
 3  0      0 22337564  58068 6517980    0    0     0 30980 1712  590 19  5 76  1  0
 2  1      0 22250160  58076 6603216    0    0     0 144160 2844 1094 17  4 74  4  0
 3  0      0 22138764  58080 6715000    0    0     0  1648 1413  557 20  5 75  0  0
 3  0      0 22197692  58108 6661208    0    0     0 169400 4027 1475 16  4 76  3  1
 2  0      0 22358852  58124 6504024    0    0     0 31048 1612  509 16  5 78  0  0
 2  0      0 22295860  58128 6564920    0    0     0 65976 1969  697 12  4 83  1  0
 1  0      0 22387944  58136 6467304    0    0     0 35696 1258  521  7  2 90  1  0
 1  0      0 22374336  58136 6480856    0    0     0     0  699  323  6  2 91  0  0
 2  0      0 22359220  58136 6497092    0    0     0   232  783  328  7  2 91  0  0
 1  0      0 22370040  58148 6477144    0    0     0 31020 1229  466  9  3 87  0  0
 1  0      0 22355428  58148 6491244    0    0     0     0  730  299  7  2 91  0  0
 1  0      0 22341568  58148 6504896    0    0     0     0  721  347  7  2 91  0  0
 1  0      0 22328716  58148 6517836    0    0     0     0  750  324  7  2 91  0  0
 2  0      0 22289152  58148 6557752    0    0     0     0  838  325 10  3 88  0  0
 1  0      0 22335512  58160 6513920    0    0     0 31008 1228  563  7  2 90  1  0
 1  0      0 22317404  58160 6527808    0    0     0     0 1790 1140  7  5 88  0  0
 1  0      0 22300832  58160 6541324    0    0     0     0 1027  707  7  2 91  0  0
 2  0      0 22287308  58160 6554556    0    0     0     0  871  428  6  3 91  0  0
 3  0      0 22281612  58176 6559800    0    0     0 31028 1513  639 13  4 82  1  0
 3  0      0 22171828  58184 6670120    0    0     0 49064 1961  637 20  5 75  1  0
procs -----------memory---------- ---swap-- -----io---- -system-- ------cpu-----
 r  b   swpd   free   buff  cache   si   so    bi    bo   in   cs us sy id wa st
 3  0      0 22064044  58200 6779740    0    0     0 106280 2641  977 20  4 75  2  0
 2  1      0 21956968  58208 6888432    0    0     0 116888 2562  823 19  5 75  2  0
 3  0      0 22259288  58248 6586628    0    0     0 103132 2996 1188 17  5 76  2  0
 2  0      0 22234328  58264 6614836    0    0     0 31068 1565  593 16  4 79  1  0
 2  0      0 22175116  58272 6673544    0    0     0 65984 1820  660 13  3 83  1  0
 2  0      0 22279400  58288 6573572    0    0     0 69284 1925  855 12  4 83  1  0
 2  0      0 22211360  58288 6640892    0    0     0     0  993  335 14  3 83  0  0
 3  0      0 22137528  58292 6715332    0    0     0 66008 1758  733 15  4 80  1  0
 1  0      0 22281252  58312 6565728    0    0     0 67624 1835  851  8  3 87  1  0
 1  0      0 22267392  58312 6579496    0    0     0     4  741  327  6  2 91  0  0
 1  0      0 22259328  58312 6592744    0    0     0     0  761  354  7  2 91  0  0
 1  0      0 22245976  58312 6605992    0    0     0     0  753  342  7  2 91  0  0
 1  0      0 22266624  58328 6588212    0    0     0 31024 1439  583 10  3 87  1  0
 1  0      0 22253020  58328 6602268    0    0     0     0  747  376  7  2 91  0  0
 1  0      0 22238912  58328 6616284    0    0     0    12  761  361  7  2 91  0  0
 1  0      0 22226568  58328 6629740    0    0     0     0  718  350  7  2 91  0  0
 2  0      0 22211952  58328 6646232    0    0     0     0  739  327  7  2 91  0  0
 3  0      0 22182480  58348 6670452    0    0     0 31012 1766  631 16  4 79  1  0
 3  0      0 22077440  58360 6773972    0    0     0 102416 2678  857 19  5 74  2  0
 3  0      0 21972644  58384 6878912    0    0     0 60620 2070  883 20  4 75  1  0
 3  0      0 21867852  58392 6983660    0    0     0 58160 1851  711 20  4 75  1  0
procs -----------memory---------- ---swap-- -----io---- -system-- ------cpu-----
 r  b   swpd   free   buff  cache   si   so    bi    bo   in   cs us sy id wa st
 3  0      0 21770092  58428 7080408    0    0     0 142860 2574 1072 17  5 76  2  0
 2  0      0 22138292  58444 6714348    0    0     0 30984 1617  590 14  5 80  0  0
 2  0      0 22079072  58444 6774648    0    0     0 66040 2002  731 13  4 83  1  0
 2  0      0 22168244  58460 6685140    0    0     0 64328 2107  709 12  3 83  1  0
 2  0      0 22110284  58472 6744516    0    0     0 65996 1932  653 13  3 83  1  0
 2  1      0 22007988  58480 6842244    0    0     0 46880 1752  614 17  4 79  1  0
 2  0      0 22119328  58500 6726472    0    0     0 80808 2385  864 12  5 82  1  0
 2  0      0 22055080  58500 6791980    0    0     0     0 1071  342 13  4 83  0  0
 2  0      0 21999892  58504 6847156    0    0     0 65992 1951  726 12  4 83  1  0
 1  0      0 22161980  58524 6677468    0    0     0 40364 1321  555  8  3 89  1  0
 1  0      0 22187836  58536 6659832    0    0     0 31004 1385  533 10  3 87  1  0
 3  0      0 22166032  58536 6673596    0    0  1719     0 1630 1255  6  3 91  0  0
 1  0      0 22151436  58536 6687176    0    0  1614     0 1464 1103  7  3 91  0  0
 1  0      0 22137580  58536 6700756    0    0     0     8  713  309  7  2 91  0  0
 2  0      0 22122212  58536 6718552    0    0     0     0  756  346  7  2 91  0  0
 3  0      0 22093976  58560 6750040    0    0     0 31008 1506  559 17  4 79  1  0
 2  1      0 21976832  58560 6863440    0    0     0 71520 1924  591 20  4 75  1  0
 3  0      0 21868248  58564 6973512    0    0     0 89012 2199  856 19  5 74  1  0
 3  0      0 22099496  58592 6742888    0    0     0 159480 3704 1220 17  4 76  3  0
 3  0      0 22023168  58592 6817424    0    0     0     4 1104  327 17  3 80  0  0
 2  0      0 22022652  58616 6821180    0    0     0 97012 2462  881 13  4 81  1  0
procs -----------memory---------- ---swap-- -----io---- -system-- ------cpu-----
 r  b   swpd   free   buff  cache   si   so    bi    bo   in   cs us sy id wa st
 2  0      0 21963936  58620 6879820    0    0     0 65976 1931  725 13  3 83  1  0
 2  0      0 21897472  58620 6946396    0    0     0     0  961  344 14  3 83  0  0
 1  0      0 22106364  58636 6736132    0    0     0 67960 2043  824  8  3 89  1  0
 0  2      0 22056972  58636 6782056    0    0     0 31016 1272  440 10  3 87  1  0
 1  0      0 22106532  58652 6732076    0    0     0    40  805  371  6  2 91  0  0
 1  0      0 22093428  58652 6745748    0    0     0     0  763  358  7  2 91  0  0
 1  0      0 22079320  58652 6759152    0    0     0     0  790  352  6  2 91  0  0
 1  0      0 22065712  58652 6772364    0    0     0     0  727  322  7  2 91  0  0
 1  0      0 22086612  58668 6755008    0    0     0 31324 1451  627 10  3 86  1  0
 1  0      0 22072760  58668 6768856    0    0     0     0  787  351  6  2 91  0  0
 1  0      0 22059656  58668 6781804    0    0     0     0  779  389  7  2 91  0  0
 1  0      0 22046052  58668 6794716    0    0     0     0  728  322  7  2 91  0  0
 2  0      0 22022112  58668 6821008    0    0     0     0  808  349  8  2 90  0  0
 3  0      0 21990632  58680 6849784    0    0     0 31012 1803  634 18  4 78  1  0
 3  0      0 21875000  58680 6963440    0    0     0     0 1229  313 21  5 75  0  0
 3  0      0 21779496  58712 7062736    0    0     0 190780 4066 1327 18  5 74  3  1
 3  0      0 21668412  58712 7173648    0    0     0 70360 2262  690 20  5 75  1  0
 2  1      0 21938976  58740 6905116    0    0     0 103080 2869 1001 16  5 78  1  0
 2  0      0 21942492  58772 6903888    0    0     0 79628 2226  819 12  4 82  1  0
 2  0      0 21881508  58776 6964492    0    0     0 65976 2140  668 12  4 83  1  0
 2  0      0 21815248  58776 7031208    0    0     0     0 1022  354 14  3 83  0  0
procs -----------memory---------- ---swap-- -----io---- -system-- ------cpu-----
 r  b   swpd   free   buff  cache   si   so    bi    bo   in   cs us sy id wa st
 2  0      0 21755524  58784 7090676    0    0     0 65988 2164  782 13  3 83  1  0
 1  0      0 22036036  58824 6805028    0    0     0 73256 1895  771 11  4 84  1  0
 1  0      0 22021680  58824 6819008    0    0     0     4  760  328  6  3 91  0  0
 1  0      0 22007568  58824 6833004    0    0     0     0  701  294  6  2 91  0  0
 1  0      0 21993960  58824 6846508    0    0     0     0  778  358  7  2 91  0  0
 2  0      0 21971532  58824 6868476    0    0     0     0  779  309  7  3 90  0  0
 1  0      0 21999996  58832 6842880    0    0     0 31000 1411  566  9  3 88  1  0
 1  0      0 21986140  58832 6856660    0    0     0     0  759  311  6  2 91  0  0
 1  0      0 21973036  58832 6869560    0    0     0     0  703  316  7  2 91  0  0
 1  0      0 21960940  58832 6882040    0    0     0     0  714  317  7  2 91  0  0
 2  0      0 21923648  58832 6919260    0    0     0     0  911  348  9  2 88  0  0
 3  0      0 21889380  58852 6953144    0    0     0 31004 1571  576 19  4 76  1  0
 3  0      0 21794632  58868 7048668    0    0     0 126824 3033 1071 18  5 75  2  0
 3  0      0 21681520  58868 7159304    0    0     0     0 1256  315 21  5 75  0  0
 3  0      0 21584776  58880 7257120    0    0     0 137648 2992 1096 18  4 75  3  0
 2  1      0 21859616  58904 6984780    0    0     0 92244 2589  899 17  5 77  1  0
 2  0      0 21866912  58928 6978668    0    0     0 90880 1844  757 12  4 82  1  0
 2  1      0 21926856  58948 6920184    0    0     0 38676 1590  607 12  4 83  1  0
 2  0      0 21866380  58948 6980692    0    0     0 28700 1415  433 13  3 83  1  0
 2  0      0 21810460  58956 7035964    0    0     0 37368 1459  536 12  4 83  1  0
 1  0      0 21952744  59008 6889644    0    0     0 108764 2658 1227 15  4 79  2  0
procs -----------memory---------- ---swap-- -----io---- -system-- ------cpu-----
 r  b   swpd   free   buff  cache   si   so    bi    bo   in   cs us sy id wa st
 1  0      0 21938672  59008 6902784    0    0     0     0  777  296  6  3 91  0  0
 1  0      0 21924812  59008 6916144    0    0     0     0  814  317  6  2 91  0  0
 1  0      0 21911708  59008 6929416    0    0     0     0  712  291  6  2 91  0  0
 1  0      0 21898860  59008 6942392    0    0     0     0  765  353  6  2 91  0  0
 2  0      0 21918508  59028 6925960    0    0     0 31028 1284  528 10  3 87  1  0
 1  0      0 21904900  59028 6939292    0    0     0     0  715  271  7  2 91  0  0
 1  0      0 21891296  59028 6952956    0    0     0     0  686  292  7  2 91  0  0
 1  0      0 21878444  59028 6965964    0    0     0     4  763  322  7  2 91  0  0
 2  0      0 21850728  59028 6994600    0    0     0     0  774  333  9  2 89  0  0
 3  0      0 21813808  59040 7026788    0    0  3333 31008 3150 2276 18  5 76  1  0
 1  2      0 21702704  59040 7134260    0    0     0 53200 2085  669 19  5 75  1  0
 3  0      0 21608720  59048 7228244    0    0     0 103028 2884 1028 18  5 75  3  0
 3  0      0 21503924  59056 7332324    0    0     0 135692 3244  986 18  5 74  2  0
 2  1      0 21783452  59088 7059828    0    0     0 96888 2669 1010 19  4 75  1  0
 2  0      0 21786212  59116 7059244    0    0     0 71420 1991  662 13  4 83  1  0
 2  0      0 21816932  59132 7028952    0    0     0 16840 1380  569 13  4 83  0  0
 2  0      0 21756464  59144 7089156    0    0     0 66004 1885  639 13  3 83  1  0
 1  1      0 21694484  59144 7150880    0    0     0 57096 1652  553 13  3 83  1  0
 2  0      0 21854804  59180 6981000    0    0     0 77268 4137 2479 20  7 72  1  0
 2  0      0 21789120  59184 7045356    0    0     0   112 1479  960 13  4 83  0  0
 2  0      0 21730912  59184 7101924    0    0     0 65940 1875  701 13  4 83  1  0
procs -----------memory---------- ---swap-- -----io---- -system-- ------cpu-----
 r  b   swpd   free   buff  cache   si   so    bi    bo   in   cs us sy id wa st
 2  0      0 21672380  59188 7160696    0    0     0 65972 2017  785 12  4 83  1  0
 3  0      0 21606364  59188 7226916    0    0     0     0 1147  475 14  4 83  0  0
 1  0      0 21852148  59228 6980076    0    0     0 118520 2882 1243 13  4 81  2  0
 1  0      0 21837788  59228 6993788    0    0     0     0  820  340  6  2 91  0  0
 1  0      0 21824180  59228 7006928    0    0     0     0  811  394  7  2 91  0  0
 1  0      0 21810828  59228 7019864    0    0     0     0  767  321  7  2 91  0  0
 2  0      0 21780084  59228 7052040    0    0     0    16  869  381  9  2 89  0  0
 3  0      0 21742800  59252 7088360    0    0     0 31020 1702  595 18  5 77  0  0
 2  1      0 21632956  59260 7195836    0    0     0 88784 2349  815 19  5 75  1  0
 3  0      0 21529912  59268 7298168    0    0     0 103596 2836 1073 19  5 74  1  0
 2  0      0 21777296  59316 7052208    0    0     0 121472 2575  954 16  5 77  2  0
 2  1      0 21681788  59316 7148320    0    0     0  4608 1180  350 16  4 79  0  0
 2  0      0 21689084  59348 7143952    0    0     0 92712 2351  897 13  4 82  1  0
 2  0      0 21796152  59388 7035472    0    0     0 74076 2233  865 12  4 83  1  0
 2  0      0 21731644  59388 7101056    0    0     0     0 1051  362 13  4 83  0  0
 2  0      0 21671440  59396 7160412    0    0     0 65988 1931  704 13  3 83  1  0
 2  0      0 21636912  59416 7190608    0    0     0 96968 2790 1042 16  4 78  1  0
 1  1      0 21568912  59416 7258088    0    0     0  8192 1026  355 14  3 83  0  0
 2  0      0 21512464  59420 7314876    0    0     0 57776 1883  795 13  3 83  1  0
 2  0      0 21455284  59424 7371808    0    0     0 65976 1917  691 12  3 83  1  0
 1  0      0 21765284  59444 7060512    0    0     0 28940 1262  553  8  3 89  0  0
procs -----------memory---------- ---swap-- -----io---- -system-- ------cpu-----
 r  b   swpd   free   buff  cache   si   so    bi    bo   in   cs us sy id wa st
 1  0      0 21797148  59464 7043800    0    0     0 31032 1340  556  9  3 87  1  0
 2  0      0 21783288  59464 7057280    0    0     0     8  736  337  6  2 91  0  0
 1  0      0 21769176  59464 7071300    0    0     0     0  747  306  6  2 91  0  0
 1  0      0 21756076  59464 7084560    0    0     0     0  752  333  6  2 91  0  0
 2  0      0 21720544  59464 7115648    0    0     0     0  801  337  9  3 89  0  0
 3  0      0 21684504  59480 7151632    0    0     0 31008 1748  658 18  4 77  1  0
 3  0      0 21580192  59496 7256428    0    0     0 112196 2848  930 20  4 74  2  0
 3  0      0 21463792  59504 7370172    0    0     0 61268 2268  724 20  5 74  1  0
 2  0      0 21704628  59540 7133140    0    0     0 122012 3205 1076 14  4 80  2  0
 1  2      0 21610884  59540 7224596    0    0     0 66896 2205  660 16  4 79  1  0
 2  0      0 21615408  59560 7222372    0    0     0 30128 1447  638 13  3 83  1  0
 2  0      0 21557968  59568 7281264    0    0     0 65972 1859  686 12  4 83  1  0
 1  0      0 21721944  59588 7111636    0    0     0 29484 1121  523  7  3 90  0  0
 1  0      0 21708760  59588 7124684    0    0     0     0  791  389  6  2 91  0  0
 1  0      0 21722100  59604 7107628    0    0     0 31004 1243  539 10  3 86  1  0
 1  0      0 21708244  59604 7121360    0    0     0     0  786  336  6  2 91  0  0
 1  0      0 21694132  59604 7135136    0    0     0    12  781  355  7  2 91  0  0
 1  0      0 21680276  59604 7148776    0    0     0     0  823  351  7  2 91  0  0
 2  0      0 21650540  59604 7178408    0    0     0     0  805  339  9  2 89  0  0
 1  0      0 21690344  59620 7145904    0    0     0 31016 1347  577  8  3 88  0  0
 1  0      0 21676736  59620 7159684    0    0     0     0  706  286  7  2 91  0  0
procs -----------memory---------- ---swap-- -----io---- -system-- ------cpu-----
 r  b   swpd   free   buff  cache   si   so    bi    bo   in   cs us sy id wa st
 1  0      0 21663128  59620 7173140    0    0     0   344  796  378  7  2 91  0  0
 1  0      0 21650608  59620 7186436    0    0     0     0  724  329  7  2 91  0  0
 4  0      0 21658224  59632 7179620    0    0     0 31004 1450  579 12  3 84  0  0
 3  0      0 21537676  59632 7298688    0    0     0     0 1243  327 21  5 75  0  0
 3  0      0 21444196  59648 7392728    0    0     0 139040 3485 1224 17  4 74  4  0
 3  0      0 21332860  59660 7503488    0    0     0 66736 2162  572 20  5 75  1  0
 2  0      0 21610564  59708 7212520    0    0  3333 152268 5092 2926 16  5 76  2  0
 2  0      0 21587244  59724 7245116    0    0     0 31068 1564  524 17  5 78  1  0
 2  0      0 21634644  59740 7191752    0    0     0 92140 2209  829 12  4 83  1  0
 2  0      0 21571908  59740 7260888    0    0     0     0  961  309 14  3 83  0  0
 2  0      0 21511432  59744 7320796    0    0     0 65984 2023  708 12  4 83  1  0
 3  0      0 21438112  59752 7396884    0    0     0 65972 1955  749 14  4 81  1  0
 2  0      0 21414956  59768 7413824    0    0     0 31016 1563  685 15  4 81  0  0
 1  0      0 21625188  59780 7198080    0    0     0 75464 2034  877  8  3 88  1  0
 1  0      0 21611836  59780 7211124    0    0     0     0  768  290  7  2 91  0  0
 1  0      0 21598480  59780 7224172    0    0     0     4  759  344  7  2 91  0  0
 1  1      0 21553876  59780 7269844    0    0     0 28644 1253  503 10  3 87  0  0
 1  0      0 21607312  59796 7220284    0    0     0  2448  984  490  7  2 91  0  0
 1  0      0 21593452  59796 7233944    0    0     0     0  772  305  7  2 91  0  0
 1  0      0 21579340  59796 7247592    0    0     0     0  699  295  6  2 91  0  0
 1  0      0 21566744  59796 7260616    0    0     0     0  767  340  7  2 91  0  0
procs -----------memory---------- ---swap-- -----io---- -system-- ------cpu-----
 r  b   swpd   free   buff  cache   si   so    bi    bo   in   cs us sy id wa st
 3  0      0 21551728  59808 7277584    0    0     0 31008 1629  609 15  4 81  1  0
 2  1      0 21440264  59816 7386308    0    0     0 69172 2193  661 19  5 74  1  0
 3  1      0 21335456  59820 7490664    0    0     0 59276 2014  649 20  5 75  1  0
 3  0      0 21230908  59836 7593392    0    0     0 126828 3264 1126 19  4 74  2  0
 3  0      0 21521380  59856 7305120    0    0     0 110104 3347 1191 18  5 76  2  0
 2  0      0 21497680  59868 7331320    0    0     0 31088 1662  563 15  4 80  0  0
 2  0      0 21437704  59868 7391104    0    0     0 65968 1878  633 13  3 83  1  0
 2  0      0 21379996  59872 7448336    0    0     0 65976 1916  725 13  3 83  1  0
 2  0      0 21530256  59884 7298684    0    0     0 49368 1527  578 13  3 83  1  0
 3  1      0 21442812  59884 7387536    0    0     0 29700 1389  420 16  4 80  1  0
 2  0      0 21430788  59912 7396140    0    0     0 67304 2058  742 14  4 81  1  0
 2  0      0 21371232  59920 7455696    0    0     0 65972 1996  718 13  3 83  1  0
 2  0      0 21312036  59928 7514148    0    0     0 65976 1994  673 13  3 83  1  0
 2  0      0 21247020  59928 7579556    0    0     0     0 1045  318 14  3 83  0  0
 2  0      0 21224148  59944 7606360    0    0     0 96996 2521  946 17  4 78  2  0
 1  0      0 21552636  59964 7273536    0    0     0 48324 1826  660  8  3 88  1  0
 1  0      0 21540804  59964 7286128    0    0     0     0  763  305  7  2 91  0  0
 1  0      0 21526692  59964 7299380    0    0     0     0  779  300  7  2 91  0  0
 1  0      0 21513336  59964 7312776    0    0     0     0  768  304  7  2 91  0  0
 3  0      0 21507780  59984 7321136    0    0     0 31044 1620  601 14  3 82  1  0
 2  1      0 21393628  59984 7433336    0    0     0  7188 1368  352 20  6 75  0  0
procs -----------memory---------- ---swap-- -----io---- -system-- ------cpu-----
 r  b   swpd   free   buff  cache   si   so    bi    bo   in   cs us sy id wa st
 3  0      0 21291580  59992 7534140    0    0     0 138236 3428 1093 19  5 74  2  0
 3  0      0 21187264  60008 7638772    0    0     0 121016 3173  959 20  4 74  2  0
 3  0      0 21477972  60044 7357468    0    0     0 75868 2331  922 16  4 79  1  0
 1  1      0 21451248  60068 7386520    0    0     0 66924 2093  637 15  6 79  1  0
 2  0      0 21391528  60076 7446400    0    0     0 30124 1506  493 13  3 83  0  0
 2  0      0 21330800  60084 7506100    0    0     0 65984 1970  732 13  3 83  1  0
 2  0      0 21500288  60108 7338196    0    0     0 60152 1933  693 12  4 83  1  0
 3  0      0 21422596  60108 7418268    0    0     0     0  983  289 15  4 81  0  0
 2  0      0 21401416  60124 7433768    0    0     0 97004 2520  934 14  4 80  2  0
 2  0      0 21342220  60132 7493164    0    0     0 65972 1793  635 13  3 83  1  0
 1  1      0 21279992  60132 7554800    0    0     0 65536 1589  556 13  3 83  1  0
 2  0      0 21217256  60136 7617560    0    0     0   440 1064  429 13  4 83  0  0
 1  1      0 21146480  60160 7688472    0    0     0 97876 2189  867 12  4 82  2  0
 1  0      0 21505368  60180 7322100    0    0     0  6396  872  491  7  3 91  0  0
 1  0      0 21491760  60180 7335400    0    0     0     0  681  310  6  3 91  0  0
 1  0      0 21478404  60180 7348712    0    0     0     0  719  299  6  2 91  0  0
 1  0      0 21465300  60180 7361940    0    0     0     0  688  295  6  2 91  0  0
 3  0      0 21466544  60204 7365152    0    0     0 31060 1466  521 14  3 83  1  0
 2  1      0 21346600  60204 7482808    0    0     0 12300 1350  384 21  5 75  0  0
 3  0      0 21248848  60220 7581956    0    0     0 120928 2942 1008 19  4 74  2  1
 3  0      0 21155884  60232 7673760    0    0     0 130188 3321 1143 18  4 75  3  0
procs -----------memory---------- ---swap-- -----io---- -system-- ------cpu-----
 r  b   swpd   free   buff  cache   si   so    bi    bo   in   cs us sy id wa st
 2  0      0 21421288  60264 7412152    0    0     0 53112 2013  827 14  4 81  1  0
 2  0      0 21392040  60296 7438732    0    0     0 97016 2599  886 16  5 78  2  0
 2  0      0 21329296  60296 7500840    0    0     0     0 1015  350 13  4 83  0  0
 2  0      0 21260564  60304 7558364    0    0  3333 65972 3429 2457 13  4 82  1  0
 2  0      0 21199344  60308 7619184    0    0     0 66076 2035  715 13  3 83  1  0
 2  0      0 21429228  60332 7393584    0    0     0 37748 1614  622 11  4 85  0  0
 1  0      0 21453172  60356 7367696    0    0     0 31040 1161  465  9  3 88  1  0
 1  0      0 21438812  60356 7381444    0    0     0     0  758  330  6  2 91  0  0
 1  0      0 21426216  60356 7394576    0    0     0     0  724  324  6  2 91  0  0
 1  0      0 21412860  60356 7407764    0    0     0   276  789  348  7  2 91  0  0
 2  0      0 21373300  60356 7449288    0    0     0     0  832  314 10  2 87  0  0
 1  0      0 21418144  60372 7403520    0    0     0 31008 1207  566  7  2 90  1  0
 1  0      0 21405044  60372 7417196    0    0     0     0  703  333  6  2 91  0  0
 1  0      0 21391688  60372 7430424    0    0     0     0  749  366  7  2 91  0  0
 1  0      0 21378836  60372 7443100    0    0     0     8  718  304  7  2 91  0  0
 3  0      0 21378064  60396 7444668    0    0     0 31028 1495  592 13  3 83  1  0
 4  0      0 21260396  60396 7559956    0    0     0     0 1216  304 20  5 75  0  0
 3  0      0 21164900  60404 7657020    0    0     0 137652 3319 1143 18  5 74  3  0
 2  2      0 21053540  60404 7766908    0    0     0 57344 1894  618 20  4 75  2  0
 2  0      0 21350652  60436 7467780    0    0     0 162332 3824 1654 16  4 75  4  0
 2  0      0 21321936  60448 7499332    0    0     0 31068 1568  488 17  4 78  0  0
procs -----------memory---------- ---swap-- -----io---- -system-- ------cpu-----
 r  b   swpd   free   buff  cache   si   so    bi    bo   in   cs us sy id wa st
 2  0      0 21261472  60456 7559180    0    0     0 65968 1897  638 12  4 83  1  0
 2  0      0 21324480  60468 7496588    0    0     0 38092 1580  626 12  4 83  1  0
 2  0      0 21268748  60468 7552760    0    0     0 65992 1750  659 12  3 83  1  0
 2  1      0 21200988  60468 7620708    0    0     0  8092 1053  344 14  3 83  0  0
 2  0      0 21172020  60488 7647980    0    0     0 88876 2713  977 16  4 78  1  0
 2  0      0 21113052  60496 7707820    0    0     0 65968 1942  654 12  4 83  1  0
 2  0      0 21055884  60504 7764544    0    0     0 65976 1854  737 13  3 83  1  0
 1  0      0 21349160  60528 7465924    0    0     0 20924 1402  706 10  3 87  0  0
 2  0      0 21321188  60528 7494704    0    0     0    20  793  337  9  2 89  0  0
 1  0      0 21353432  60544 7461416    0    0     0 31040 1331  637  8  3 89  0  0
 1  0      0 21339824  60544 7475408    0    0     0     0  764  279  7  2 91  0  0
 1  0      0 21327052  60544 7488596    0    0     0     0  714  300  7  2 91  0  0
 1  0      0 21313872  60544 7501760    0    0     0     0  796  354  6  2 91  0  0
 3  0      0 21333288  60560 7488792    0    0     0 31012 1424  605 10  3 86  1  0
 3  0      0 21222200  60560 7603596    0    0     0     0 1242  319 20  6 75  0  0
 3  0      0 21118628  60580 7704848    0    0     0 144652 3387 1014 19  4 74  2  0
 3  0      0 21007772  60592 7815184    0    0     0 49228 2065  702 20  5 75  1  0
 1  1      0 20917340  60612 7905956    0    0     0 165336 3349 1139 16  5 76  2  0
 2  0      0 21274552  60656 7554528    0    0     0 33012 1827  644 17  5 78  1  0
 2  0      0 21216088  60660 7612488    0    0     0 65968 2024  660 13  4 83  1  0
 2  0      0 21158632  60664 7670872    0    0     0 65972 1944  694 12  4 83  1  0
procs -----------memory---------- ---swap-- -----io---- -system-- ------cpu-----
 r  b   swpd   free   buff  cache   si   so    bi    bo   in   cs us sy id wa st
 2  0      0 21092372  60664 7735832    0    0     0     0  994  363 13  4 83  0  0
 2  0      0 21273496  60680 7554416    0    0     0 65400 1922  733 13  3 83  1  0
 2  0      0 21247780  60700 7580268    0    0     0 96984 2633  850 15  4 79  1  0
 2  0      0 21182796  60700 7644772    0    0     0   244 1027  335 13  4 83  0  0
 2  0      0 21313420  60724 7508532    0    0     0 89572 2384  920 11  4 83  1  0
 1  0      0 21300068  60724 7521368    0    0     0     0  703  311  7  2 91  0  0
 2  0      0 21278648  60724 7543676    0    0     0     0  709  277  8  2 90  0  0
 1  0      0 21303864  60744 7517364    0    0     0 31004 1212  582  8  3 88  1  0
 1  0      0 21290508  60744 7531156    0    0     0     0  660  278  6  3 91  0  0
 3  0      0 21276900  60744 7544700    0    0     0     0  609  239  7  2 91  0  0
 1  0      0 21263544  60744 7557648    0    0     0     0  733  298  6  2 91  0  0
 1  1      0 21217188  60744 7603680    0    0     0 30896 1251  467 10  3 87  0  0
 3  0      0 21175356  60764 7652424    0    0     0    96 1293  388 21  5 75  0  0
 3  0      0 21074328  60772 7754396    0    0     0 122452 2923  992 19  4 75  2  0
 3  1      0 20967756  60776 7857868    0    0     0 133620 2943  837 18  5 75  2  0
 2  0      0 20863968  60792 7963332    0    0     0 48296 1900  667 19  4 75  1  0
 2  0      0 21225212  60844 7604968    0    0     0 89636 2556  995 16  5 78  1  0
 2  0      0 21163980  60852 7665240    0    0     0 65964 1952  666 13  3 83  1  0
 2  0      0 21102504  60860 7726384    0    0     0 65988 2165  727 13  4 83  1  0
 2  0      0 21039516  60860 7789528    0    0     0     0  959  297 13  4 83  0  0
 2  0      0 21240920  60892 7587896    0    0     0 81152 2094  941 12  3 83  1  0
procs -----------memory---------- ---swap-- -----io---- -system-- ------cpu-----
 r  b   swpd   free   buff  cache   si   so    bi    bo   in   cs us sy id wa st
 2  0      0 21199444  60916 7620800    0    0  3333 31052 3197 2198 18  4 77  1  0
 2  0      0 21140984  60916 7678180    0    0     0 65968 1913  649 12  4 83  1  0
 2  0      0 21084312  60920 7736032    0    0     0 65980 1788  697 12  4 83  1  0
 2  0      0 21019800  60920 7800720    0    0     0     0  934  281 13  4 83  0  0
 1  1      0 20964624  60924 7855340    0    0     0 98740 2351  798 12  3 83  1  0
 1  0      0 21259772  60956 7557580    0    0     0 36580 1594  720 10  4 86  1  0
 1  0      0 21246416  60956 7570924    0    0     0     0  680  286  6  2 91  0  0
 1  0      0 21232808  60956 7584328    0    0     0    88  666  284  7  2 91  0  0
 1  0      0 21219452  60956 7597528    0    0     0     0  663  245  7  2 91  0  0
 2  0      0 21193792  60956 7623540    0    0     0     0  742  304  8  3 89  0  0
 6  0      0 21171332  60972 7651364    0    0     0 31020 1514  508 17  4 78  1  0
 2  1      0 21067008  60972 7755072    0    0     0 57344 1943  508 20  4 75  1  0
 3  0      0 20964732  60984 7858072    0    0     0 90764 2600  842 18  6 75  2  0
 3  0      0 20864440  60996 7958568    0    0     0 130604 3183 1021 18  5 75  2  0
 3  0      0 21147748  61020 7678032    0    0     0 64108 2132  753 16  4 79  1  0
 2  0      0 21143952  61040 7688664    0    0     0 97024 2593  884 14  4 81  1  0
 2  0      0 21077716  61040 7753280    0    0     0     0  990  309 13  4 83  0  0
 2  0      0 21020512  61040 7810928    0    0     0 66164 1964  669 12  4 83  1  0
 2  0      0 20962312  61048 7868848    0    0     0 65984 1839  729 12  4 83  1  0
 3  0      0 21158796  61056 7669224    0    0     0 30624 1489  553 17  4 79  1  0
 2  0      0 21144424  61072 7677512    0    0     0 31016 1462  454 15  3 81  0  0
procs -----------memory---------- ---swap-- -----io---- -system-- ------cpu-----
 r  b   swpd   free   buff  cache   si   so    bi    bo   in   cs us sy id wa st
 2  0      0 21084952  61080 7737344    0    0     0 65964 1881  638 12  4 83  1  0
 2  0      0 21027256  61088 7794756    0    0     0 65976 1900  684 13  3 83  1  0
 2  0      0 20966828  61096 7855308    0    0     0 65988 2606 1156 13  5 81  1  0
 2  0      0 20942560  61116 7891380    0    0     0 31024 2247 1048 16  6 77  0  0
 1  0      0 21222960  61140 7610384    0    0     0 86712 2354  974 11  4 84  1  0
 1  0      0 21209108  61140 7623788    0    0     0     0  810  399  7  2 91  0  0
 1  0      0 21195504  61140 7637348    0    0     0     0  732  327  7  2 91  0  0
 2  0      0 21181392  61140 7653608    0    0     0    16  766  302  7  2 91  0  0
 3  0      0 21142064  61160 7683716    0    0     0 31036 1686  570 17  4 79  1  0
 3  0      0 21047092  61172 7774668    0    0     0 123612 3405 1330 18  6 73  3  0
 3  0      0 20930520  61172 7890200    0    0     0     0 1454  534 21  4 75  0  0
 3  0      0 20831428  61188 7989468    0    0     0 138352 3264 1213 18  5 75  2  0
 3  0      0 21102616  61212 7718188    0    0     0 65596 1788  773 15  4 80  1  0
 2  0      0 21084960  61236 7739552    0    0     0 97012 2650  959 15  4 79  1  0
 1  1      0 21018692  61236 7804952    0    0     0 12272 1148  357 13  4 83  0  0
 2  0      0 20960996  61244 7863200    0    0     0 53700 1725  655 13  3 83  1  0
 2  0      0 20903288  61252 7920208    0    0     0 65976 2125  731 12  3 83  1  0
 3  0      0 20826188  61256 7998536    0    0     0 65984 1996  700 14  4 80  1  0
 2  0      0 20806772  61264 8012592    0    0     0 31000 1637  632 14  4 81  0  0
 2  0      0 21128748  61280 7659648    0    0   316 52220 2698 1217 14  4 82  1  0
 2  0      0 21103552  61280 7672720    0    0     0     0 1010  366 14  3 83  0  0
procs -----------memory---------- ---swap-- -----io---- -system-- ------cpu-----
 r  b   swpd   free   buff  cache   si   so    bi    bo   in   cs us sy id wa st
 2  0      0 21090452  61280 7686076    0    0     0     0  996  368 14  3 83  0  0
 2  0      0 21112108  61296 7668748    0    0     0 31188 1592  551 18  3 78  1  0
 2  0      0 21098000  61296 7682704    0    0     0     0  973  330 15  2 83  0  0
 2  0      0 21083888  61296 7696224    0    0     0   204 1086  355 15  2 83  0  0
 2  0      0 21070784  61296 7709592    0    0     0     0  997  369 14  3 83  0  0
 3  0      0 21057680  61296 7722600    0    0     0     0  991  341 14  3 83  0  0
 4  0      0 21028936  61312 7756400    0    0     0 31044 1918  595 23  6 71  1  0
 4  0      0 20920340  61324 7863952    0    0     0 124380 3371 1042 27  5 66  2  0
 3  0      0 20838084  61340 7949532    0    0     0 15996 1824  595 25  5 70  0  0
 3  0      0 20748888  61352 8038960    0    0     0 129852 3048 1121 20  3 74  2  0
 3  0      0 21051832  61380 7739236    0    0     0 111080 2937  839 19  3 76  2  0
 2  1      0 20951788  61384 7839156    0    0     0 122556 2529  806 20  4 74  2  0
 3  0      0 20841916  61388 7947172    0    0     0  8868 1475  473 21  4 75  0  0
 3  0      0 20742920  61400 8045868    0    0     0 136032 3305  961 20  4 75  2  0
 2  0      0 21070788  61420 7716840    0    0     0 112528 2228  992 15  4 79  3  0
 2  0      0 21023664  61420 7763540    0    0     0 66036 1826  646 13  3 83  1  0
 2  0      0 20969988  61420 7817012    0    0     0    20 1022  341 14  3 83  0  0
 2  0      0 20921604  61428 7865204    0    0     0 65992 2134  759 14  2 83  1  0
 2  0      0 21112360  61452 7670784    0    0  2838 63716 3051 1958 13  3 82  1  0
 2  0      0 21055724  61452 7725428    0    0   495     0 1396  673 14  3 83  0  0
 2  0      0 21008376  61456 7772028    0    0     0 65996 1913  674 13  3 83  1  0
procs -----------memory---------- ---swap-- -----io---- -system-- ------cpu-----
 r  b   swpd   free   buff  cache   si   so    bi    bo   in   cs us sy id wa st
 2  0      0 20962772  61460 7817668    0    0     0 65980 1928  622 13  3 83  1  0
 2  0      0 20916152  61464 7864412    0    0     0 65988 1897  740 13  3 83  1  0
 2  0      0 20860976  61464 7919052    0    0     0     0  988  303 14  3 83  0  0
 3  0      0 20795560  61468 7987456    0    0     0 67996 2065  885 17  3 78  1  0
 2  1      0 20711104  61472 8067592    0    0     0 106932 2695  981 19  3 75  3  0
 3  0      0 20613352  61476 8165216    0    0     0 25016 1729  588 22  3 75  0  0
 3  0      0 20528948  61496 8248864    0    0     0 131952 2466 1040 20  3 75  3  0
 2  1      0 20435744  61508 8341588    0    0     0 90552 2228  821 21  3 74  2  0
 3  0      0 20346576  61520 8429724    0    0     0 41396 1616  619 21  3 75  1  0
 3  0      0 20265980  61544 8509864    0    0     0 131936 2633 1035 20  3 75  2  0
 2  1      0 20179812  61544 8596428    0    0     0 16384 1385  385 22  3 75  0  0
 3  0      0 20100964  61568 8674636    0    0     0 115652 2528 1013 20  3 75  2  0
 2  1      0 20020096  61580 8755804    0    0     0 115124 2305  810 20  4 75  2  0
 3  0      0 19931660  61592 8843688    0    0     0 16820 1535  522 21  4 75  0  0
 3  0      0 19850060  61616 8924392    0    0     0 131944 2532 1029 19  4 75  2  0
 3  0      0 19765928  61624 9009356    0    0     0 65976 2045  706 20  4 75  1  0
 3  0      0 19685048  61632 9089728    0    0     0 66000 1791  664 21  3 75  1  0
 3  0      0 19597136  61648 9177892    0    0     0 131940 2559 1105 18  4 75  3  0
 3  0      0 21238936  61672 7534256    0    0     0 50200 2062  765 15  5 79  1  0
 3  1      0 21131924  61672 7634096    0    0     0  5124 2684 1169 16  3 80  0  0
 2  0      0 21039976  61688 7726692    0    0     0 145636 4496 1706 12  2 81  4  1
procs -----------memory---------- ---swap-- -----io---- -system-- ------cpu-----
 r  b   swpd   free   buff  cache   si   so    bi    bo   in   cs us sy id wa st
 2  0      0 20955080  61700 7811132    0    0     0 137040 4160 1898 11  3 82  3  1
 0  2      0 20863604  61700 7900648    0    0     0 62340 3772 1570 14  2 82  2  0
