[0;32m[INFO][0m 2025-06-09 05:08:55 - 🚀 Parallel Compaction 스케일링 효과 분석 시작
[0;32m[INFO][0m 2025-06-09 05:08:55 - 결과 저장 위치: ./results_20250609_050855
[1;33m실험 설정:[0m
  - Subcompaction 값: 1 2 4 8 12 16 24 32
  - 키 개수: 50000000
  - 값 크기: 100 bytes
  - 예상 소요 시간: 80 - 160분


[0;34m[PHASE][0m 2025-06-09 05:08:56 - Phase 1: 환경 준비 및 초기 설정
[0;32m[INFO][0m 2025-06-09 05:08:56 - 시스템 정보 수집 중...
[0;32m[INFO][0m 2025-06-09 05:08:56 - 환경 준비 완료
[0;34m[PHASE][0m 2025-06-09 05:08:56 - Phase 2: Subcompaction별 성능 테스트 시작
[0;32m[INFO][0m 2025-06-09 05:08:56 - === Subcompactions=1 테스트 시작 ===
[0;32m[INFO][0m 2025-06-09 05:08:56 - 시스템 리소스 모니터링 시작 (subcompactions=1)
[0;32m[INFO][0m 2025-06-09 05:08:57 - db_bench 실행 중... (subcompactions=1)
[0;32m[INFO][0m 2025-06-09 05:08:57 - db_bench 프로세스 모니터링 시작 (PID: 14625)
[0;32m[INFO][0m 2025-06-09 05:18:21 - 모든 모니터링 중지
[0;32m[INFO][0m 2025-06-09 05:18:21 - 실행 중인 모니터링 프로세스 정리 중...
[0;32m[INFO][0m 2025-06-09 05:18:22 - Subcompactions=1 테스트 완료 (564초)
[0;32m[INFO][0m 2025-06-09 05:18:22 - 결과 파싱 중... (subcompactions=1)
[0;32m[INFO][0m 2025-06-09 05:18:22 - 결과 저장 완료:
[0;32m[INFO][0m 2025-06-09 05:18:22 -   - Fillrandom 처리량: 98931 ops/sec
[0;32m[INFO][0m 2025-06-09 05:18:22 -   - Compact 처리량:  MB/s
[0;32m[INFO][0m 2025-06-09 05:18:22 -   - 평균 CPU 사용률: 9%
[0;32m[INFO][0m 2025-06-09 05:18:22 -   - 평균 메모리 사용량: 21.8919 GB
[0;32m[INFO][0m 2025-06-09 05:18:22 -   - 최대 프로세스 메모리: 0 GB
[0;32m[INFO][0m 2025-06-09 05:18:22 -   - 총 실행 시간: 564초
[0;32m[INFO][0m 2025-06-09 05:18:22 - 시스템 안정화 대기 (30초)...
[0;32m[INFO][0m 2025-06-09 05:18:52 - === Subcompactions=2 테스트 시작 ===
[0;32m[INFO][0m 2025-06-09 05:18:52 - 시스템 리소스 모니터링 시작 (subcompactions=2)
[0;32m[INFO][0m 2025-06-09 05:18:53 - db_bench 실행 중... (subcompactions=2)
[0;32m[INFO][0m 2025-06-09 05:18:53 - db_bench 프로세스 모니터링 시작 (PID: 25383)
[0;32m[INFO][0m 2025-06-09 05:27:59 - 모든 모니터링 중지
[0;32m[INFO][0m 2025-06-09 05:27:59 - 실행 중인 모니터링 프로세스 정리 중...
[0;32m[INFO][0m 2025-06-09 05:28:00 - Subcompactions=2 테스트 완료 (546초)
[0;32m[INFO][0m 2025-06-09 05:28:00 - 결과 파싱 중... (subcompactions=2)
[0;32m[INFO][0m 2025-06-09 05:28:00 - 결과 저장 완료:
[0;32m[INFO][0m 2025-06-09 05:28:00 -   - Fillrandom 처리량: 97950 ops/sec
[0;32m[INFO][0m 2025-06-09 05:28:00 -   - Compact 처리량:  MB/s
[0;32m[INFO][0m 2025-06-09 05:28:00 -   - 평균 CPU 사용률: 21.375%
[0;32m[INFO][0m 2025-06-09 05:28:00 -   - 평균 메모리 사용량: 19.5834 GB
[0;32m[INFO][0m 2025-06-09 05:28:00 -   - 최대 프로세스 메모리: 0 GB
[0;32m[INFO][0m 2025-06-09 05:28:00 -   - 총 실행 시간: 546초
[0;32m[INFO][0m 2025-06-09 05:28:00 - 시스템 안정화 대기 (30초)...
[0;32m[INFO][0m 2025-06-09 05:28:30 - === Subcompactions=4 테스트 시작 ===
[0;32m[INFO][0m 2025-06-09 05:28:30 - 시스템 리소스 모니터링 시작 (subcompactions=4)
[0;32m[INFO][0m 2025-06-09 05:28:31 - db_bench 실행 중... (subcompactions=4)
[0;32m[INFO][0m 2025-06-09 05:28:31 - db_bench 프로세스 모니터링 시작 (PID: 36627)
[0;32m[INFO][0m 2025-06-09 05:37:36 - 모든 모니터링 중지
[0;32m[INFO][0m 2025-06-09 05:37:36 - 실행 중인 모니터링 프로세스 정리 중...
[0;32m[INFO][0m 2025-06-09 05:37:37 - Subcompactions=4 테스트 완료 (545초)
[0;32m[INFO][0m 2025-06-09 05:37:37 - 결과 파싱 중... (subcompactions=4)
[0;32m[INFO][0m 2025-06-09 05:37:37 - 결과 저장 완료:
[0;32m[INFO][0m 2025-06-09 05:37:37 -   - Fillrandom 처리량: 96856 ops/sec
[0;32m[INFO][0m 2025-06-09 05:37:37 -   - Compact 처리량:  MB/s
[0;32m[INFO][0m 2025-06-09 05:37:37 -   - 평균 CPU 사용률: 33.2%
[0;32m[INFO][0m 2025-06-09 05:37:37 -   - 평균 메모리 사용량: 15.1932 GB
[0;32m[INFO][0m 2025-06-09 05:37:37 -   - 최대 프로세스 메모리: 0 GB
[0;32m[INFO][0m 2025-06-09 05:37:37 -   - 총 실행 시간: 545초
[0;32m[INFO][0m 2025-06-09 05:37:37 - 시스템 안정화 대기 (30초)...
[0;32m[INFO][0m 2025-06-09 05:38:07 - === Subcompactions=8 테스트 시작 ===
[0;32m[INFO][0m 2025-06-09 05:38:07 - 시스템 리소스 모니터링 시작 (subcompactions=8)
[0;32m[INFO][0m 2025-06-09 05:38:08 - db_bench 실행 중... (subcompactions=8)
[0;32m[INFO][0m 2025-06-09 05:38:08 - db_bench 프로세스 모니터링 시작 (PID: 116111)
[0;32m[INFO][0m 2025-06-09 05:46:59 - 모든 모니터링 중지
[0;32m[INFO][0m 2025-06-09 05:46:59 - 실행 중인 모니터링 프로세스 정리 중...
[0;32m[INFO][0m 2025-06-09 05:47:00 - Subcompactions=8 테스트 완료 (531초)
[0;32m[INFO][0m 2025-06-09 05:47:00 - 결과 파싱 중... (subcompactions=8)
[0;32m[INFO][0m 2025-06-09 05:47:00 - 결과 저장 완료:
[0;32m[INFO][0m 2025-06-09 05:47:00 -   - Fillrandom 처리량: 97292 ops/sec
[0;32m[INFO][0m 2025-06-09 05:47:00 -   - Compact 처리량:  MB/s
[0;32m[INFO][0m 2025-06-09 05:47:00 -   - 평균 CPU 사용률: 61%
[0;32m[INFO][0m 2025-06-09 05:47:00 -   - 평균 메모리 사용량: 13.1212 GB
[0;32m[INFO][0m 2025-06-09 05:47:00 -   - 최대 프로세스 메모리: 0 GB
[0;32m[INFO][0m 2025-06-09 05:47:00 -   - 총 실행 시간: 531초
[0;32m[INFO][0m 2025-06-09 05:47:00 - 시스템 안정화 대기 (30초)...
[0;32m[INFO][0m 2025-06-09 05:47:30 - === Subcompactions=12 테스트 시작 ===
[0;32m[INFO][0m 2025-06-09 05:47:30 - 시스템 리소스 모니터링 시작 (subcompactions=12)
[0;32m[INFO][0m 2025-06-09 05:47:31 - db_bench 실행 중... (subcompactions=12)
[0;32m[INFO][0m 2025-06-09 05:47:31 - db_bench 프로세스 모니터링 시작 (PID: 126591)
[0;32m[INFO][0m 2025-06-09 05:56:30 - 모든 모니터링 중지
[0;32m[INFO][0m 2025-06-09 05:56:30 - 실행 중인 모니터링 프로세스 정리 중...
[0;32m[INFO][0m 2025-06-09 05:56:31 - Subcompactions=12 테스트 완료 (539초)
[0;32m[INFO][0m 2025-06-09 05:56:31 - 결과 파싱 중... (subcompactions=12)
[0;32m[INFO][0m 2025-06-09 05:56:31 - 결과 저장 완료:
[0;32m[INFO][0m 2025-06-09 05:56:31 -   - Fillrandom 처리량: 96604 ops/sec
[0;32m[INFO][0m 2025-06-09 05:56:31 -   - Compact 처리량:  MB/s
[0;32m[INFO][0m 2025-06-09 05:56:31 -   - 평균 CPU 사용률: 65.2%
[0;32m[INFO][0m 2025-06-09 05:56:31 -   - 평균 메모리 사용량: 11.3085 GB
[0;32m[INFO][0m 2025-06-09 05:56:31 -   - 최대 프로세스 메모리: 0 GB
[0;32m[INFO][0m 2025-06-09 05:56:31 -   - 총 실행 시간: 539초
[0;32m[INFO][0m 2025-06-09 05:56:31 - 시스템 안정화 대기 (30초)...
[0;32m[INFO][0m 2025-06-09 05:57:01 - === Subcompactions=16 테스트 시작 ===
[0;32m[INFO][0m 2025-06-09 05:57:01 - 시스템 리소스 모니터링 시작 (subcompactions=16)
[0;32m[INFO][0m 2025-06-09 05:57:02 - db_bench 실행 중... (subcompactions=16)
[0;32m[INFO][0m 2025-06-09 05:57:02 - db_bench 프로세스 모니터링 시작 (PID: 137059)
[0;32m[INFO][0m 2025-06-09 06:06:04 - 모든 모니터링 중지
[0;32m[INFO][0m 2025-06-09 06:06:04 - 실행 중인 모니터링 프로세스 정리 중...
[0;32m[INFO][0m 2025-06-09 06:06:05 - Subcompactions=16 테스트 완료 (542초)
[0;32m[INFO][0m 2025-06-09 06:06:05 - 결과 파싱 중... (subcompactions=16)
[0;32m[INFO][0m 2025-06-09 06:06:05 - 결과 저장 완료:
[0;32m[INFO][0m 2025-06-09 06:06:05 -   - Fillrandom 처리량: 95978 ops/sec
[0;32m[INFO][0m 2025-06-09 06:06:05 -   - Compact 처리량:  MB/s
[0;32m[INFO][0m 2025-06-09 06:06:05 -   - 평균 CPU 사용률: 59.7%
[0;32m[INFO][0m 2025-06-09 06:06:05 -   - 평균 메모리 사용량: 9.36023 GB
[0;32m[INFO][0m 2025-06-09 06:06:05 -   - 최대 프로세스 메모리: 0 GB
[0;32m[INFO][0m 2025-06-09 06:06:05 -   - 총 실행 시간: 542초
[0;32m[INFO][0m 2025-06-09 06:06:05 - 시스템 안정화 대기 (30초)...
[0;32m[INFO][0m 2025-06-09 06:06:35 - === Subcompactions=24 테스트 시작 ===
[0;32m[INFO][0m 2025-06-09 06:06:35 - 시스템 리소스 모니터링 시작 (subcompactions=24)
[0;32m[INFO][0m 2025-06-09 06:06:36 - db_bench 실행 중... (subcompactions=24)
[0;32m[INFO][0m 2025-06-09 06:06:36 - db_bench 프로세스 모니터링 시작 (PID: 147481)
[0;32m[INFO][0m 2025-06-09 06:15:25 - 모든 모니터링 중지
[0;32m[INFO][0m 2025-06-09 06:15:25 - 실행 중인 모니터링 프로세스 정리 중...
[0;32m[INFO][0m 2025-06-09 06:15:26 - Subcompactions=24 테스트 완료 (529초)
[0;32m[INFO][0m 2025-06-09 06:15:26 - 결과 파싱 중... (subcompactions=24)
[0;32m[INFO][0m 2025-06-09 06:15:26 - 결과 저장 완료:
[0;32m[INFO][0m 2025-06-09 06:15:26 -   - Fillrandom 처리량: 97989 ops/sec
[0;32m[INFO][0m 2025-06-09 06:15:26 -   - Compact 처리량:  MB/s
[0;32m[INFO][0m 2025-06-09 06:15:26 -   - 평균 CPU 사용률: 73.875%
[0;32m[INFO][0m 2025-06-09 06:15:26 -   - 평균 메모리 사용량: 7.45028 GB
[0;32m[INFO][0m 2025-06-09 06:15:26 -   - 최대 프로세스 메모리: 0 GB
[0;32m[INFO][0m 2025-06-09 06:15:26 -   - 총 실행 시간: 529초
[0;32m[INFO][0m 2025-06-09 06:15:26 - 시스템 안정화 대기 (30초)...
[0;32m[INFO][0m 2025-06-09 06:15:56 - === Subcompactions=32 테스트 시작 ===
[0;32m[INFO][0m 2025-06-09 06:15:56 - 시스템 리소스 모니터링 시작 (subcompactions=32)
[0;32m[INFO][0m 2025-06-09 06:15:57 - db_bench 실행 중... (subcompactions=32)
[0;32m[INFO][0m 2025-06-09 06:15:57 - db_bench 프로세스 모니터링 시작 (PID: 158006)
[0;32m[INFO][0m 2025-06-09 06:24:54 - 모든 모니터링 중지
[0;32m[INFO][0m 2025-06-09 06:24:54 - 실행 중인 모니터링 프로세스 정리 중...
[0;32m[INFO][0m 2025-06-09 06:24:55 - Subcompactions=32 테스트 완료 (537초)
[0;32m[INFO][0m 2025-06-09 06:24:55 - 결과 파싱 중... (subcompactions=32)
[0;32m[INFO][0m 2025-06-09 06:24:55 - 결과 저장 완료:
[0;32m[INFO][0m 2025-06-09 06:24:55 -   - Fillrandom 처리량: 97085 ops/sec
[0;32m[INFO][0m 2025-06-09 06:24:55 -   - Compact 처리량:  MB/s
[0;32m[INFO][0m 2025-06-09 06:24:55 -   - 평균 CPU 사용률: 64%
[0;32m[INFO][0m 2025-06-09 06:24:55 -   - 평균 메모리 사용량: 5.38861 GB
[0;32m[INFO][0m 2025-06-09 06:24:55 -   - 최대 프로세스 메모리: 0 GB
[0;32m[INFO][0m 2025-06-09 06:24:55 -   - 총 실행 시간: 537초
[0;32m[INFO][0m 2025-06-09 06:24:55 - 시스템 안정화 대기 (30초)...
[0;32m[INFO][0m 2025-06-09 06:25:25 - Phase 2 완료
[0;34m[PHASE][0m 2025-06-09 06:25:25 - Phase 3: 결과 분석 및 리포트 생성
[1;33m[WARN][0m 2025-06-09 06:25:25 - Python 분석 실행 실패
[0;32m[INFO][0m 2025-06-09 06:25:25 - 요약 리포트 생성: ./results_20250609_050855/experiment_summary.md
[0;32m[INFO][0m 2025-06-09 06:25:25 - Phase 3 완료
[0;32m[INFO][0m 2025-06-09 06:25:25 - ✅ 모든 실험이 성공적으로 완료되었습니다!
[0;32m[INFO][0m 2025-06-09 06:25:25 - 실험 정리 중...
[0;32m[INFO][0m 2025-06-09 06:25:25 - 모든 모니터링 중지
[0;32m[INFO][0m 2025-06-09 06:25:25 - 실행 중인 모니터링 프로세스 정리 중...
[0;32m[INFO][0m 2025-06-09 06:25:26 - 실험 완료! 결과는 ./results_20250609_050855에 저장되었습니다.
[0;32m주요 결과 파일:[0m
  - 요약: ./results_20250609_050855/experiment_summary.md
  - CSV 데이터: ./results_20250609_050855/compaction_results.csv
  - 로그: ./results_20250609_050855/logs/
