procs -----------memory---------- ---swap-- -----io---- -system-- ------cpu-----
 r  b   swpd   free   buff  cache   si   so    bi    bo   in   cs us sy id wa st
 2  0      0 1505132 111168 5632680    0    0    30   783    1   53  5  1 93  0  0
 2  0      0 1505284 111168 5632620    0    0     0     0 1018 1183  1  1 97  0  0
 1  0      0 1485180 111172 5643892    0    0    16  1248 1635 1890 20  9 71  0  0
 1  0      0 1461996 111172 5654848    0    0     0   744 1495 1563 22  7 71  1  0
 1  0      0 1440588 111172 5666052    0    0     0    32 1238 1215 21  7 72  0  0
 1  0      0 1419168 111172 5676420    0    0     0   116 1225 1240 21  7 72  0  0
 2  0      0 1399008 111172 5685980    0    0     0     0 1103 1122 21  6 73  0  0
 2  0      0 1368012 111172 5703752    0    0     0   284 1363 1330 24  8 68  0  0
 1  0      0 1441364 111172 5677340    0    0     0 31260 2093 1640 31 10 56  2  0
 2  0      0 1417460 111172 5689052    0    0     0     0 1115 1147 20  8 73  0  0
 1  0      0 1396580 111172 5699396    0    0     0   120 1262 1188 21  8 71  0  0
 1  0      0 1377456 111172 5708780    0    0     0    60 1080 1115 22  6 72  0  0
 1  0      0 1357992 111172 5718444    0    0     0     0 1146 1128 21  7 72  0  0
 2  0      0 1338488 111172 5735700    0    0     0   256 1361 1262 26  7 67  0  0
 1  0      0 1360428 111172 5706912    0    0     0 31052 1722 1489 31 10 56  3  0
 1  0      0 1348620 111172 5718272    0    0     0   348 1272 1204 21  7 72  0  0
 4  0      0 1340896 111172 5729236    0    0     0    20 1257 1168 21  7 72  0  0
 2  0      0 1330312 111172 5739736    0    0     0     0 1142 1158 20  8 72  0  0
 2  0      0 1319992 111172 5750056    0    0     0     8 1224 1187 21  6 73  0  0
 3  0      0 1296588 111172 5776644    0    0     0   552 1419 1241 29  7 64  0  0
 2  0      0 1327100 111172 5739156    0    0     0 31372 1653 1374 27 10 62  2  0
procs -----------memory---------- ---swap-- -----io---- -system-- ------cpu-----
 r  b   swpd   free   buff  cache   si   so    bi    bo   in   cs us sy id wa st
 2  0      0 1316800 111172 5749036    0    0     0    24 1145 1148 21  6 72  0  0
 1  0      0 1306228 111172 5759212    0    0     0     0 1279 1169 22  7 71  0  0
 1  0      0 1297156 111172 5768100    0    0     0     0 1086 1089 22  7 72  0  0
 2  0      0 1287328 111172 5778152    0    0     0     8 1168 1122 20  8 72  0  0
 3  0      0 1277500 111172 5788912    0    0     0   208 1312 1231 22  8 71  0  0
 4  0      0 1283816 111172 5785768    0    0     0 31396 1802 1281 45 12 40  2  0
 5  0      0 1206960 111172 5861700    0    0     0    20 1401 1069 61 17 22  0  0
 2  0      0 1291168 111172 5776204    0    0     0 114208 2570 1587 39 12 41  7  0
 2  0      0 1281624 111172 5785180    0    0     0   312 1139 1134 21  7 72  0  0
 2  0      0 1272300 111172 5794400    0    0     0     0 1009 1023 22  6 72  0  0
 2  0      0 1262724 111172 5804204    0    0     0    96 1148 1127 21  7 71  0  0
 3  0      0 1225440 111172 5838248    0    0  1666    20 1906 2009 34  9 58  0  0
 2  0      0 1274604 111172 5794664    0    0     0 31252 1576 1424 24  9 66  1  0
 2  0      0 1263796 111172 5805020    0    0     0   104 1206 1137 22  6 72  0  0
 2  0      0 1253464 111172 5815384    0    0     0     4 1131 1120 22  6 72  0  0
 2  0      0 1242136 111172 5825880    0    0  1667   344 1937 2087 22  7 71  0  0
 2  0      0 1230796 111172 5837428    0    0     0     0 1326 1246 21  8 72  0  0
 2  0      0 1241400 111172 5818132    0    0     0 31300 1700 1371 32 10 55  2  0
 2  0      0 1228552 111172 5830228    0    0     0   304 1143 1131 20  7 73  0  0
 2  0      0 1217716 111172 5840704    0    0     0    60 1166 1111 21  8 71  0  0
 2  0      0 1208644 111172 5849800    0    0     0    84 1135 1083 22  6 71  0  0
procs -----------memory---------- ---swap-- -----io---- -system-- ------cpu-----
 r  b   swpd   free   buff  cache   si   so    bi    bo   in   cs us sy id wa st
 3  0      0 1199332 111172 5858812    0    0     0   308 1101 1072 22  7 71  0  0
 2  0      0 1189756 111172 5868196    0    0     0   300 1254 1199 22  7 71  0  0
 3  1      0 1153468 111172 5909216    0    0     0 24580 1348 1120 36 10 54  1  0
 2  0      0 1209432 111172 5858220    0    0     0  6468 1391 1251 22  7 70  1  0
 2  0      0 1199128 111172 5868376    0    0     0     0 1172 1102 21  7 72  0  0
 2  0      0 1189048 111176 5878256    0    0     0   516 1100 1125 21  6 72  0  0
 2  0      0 1179472 111176 5887636    0    0     0   116 1072 1072 21  7 72  0  0
 2  0      0 1170248 111176 5897560    0    0     0   260 1196 1134 21  7 72  0  0
 3  0      0 1143468 111176 5932484    0    0     0     4 1200 1068 34  7 59  0  0
 6  0      0 1117088 111176 5959984    0    0     0 31160 1862 1222 71 15 12  2  0
 5  0      0 1022380 111176 6050880    0    0     0 36508 2236 1293 76 17  7  0  0
 3  0      0 944512 111176 6123480    0    0     0 187444 4047 1936 62 17 16  5  0
 4  0      0 1172928 111176 5895204    0    0     0   672 1214 1168 22  8 70  0  0
 2  0      0 1163100 111176 5904300    0    0     0     0 1083 1113 22  6 72  0  0
 2  0      0 1153552 111176 5913716    0    0     0     0 1204 1135 22  7 71  0  0
 3  0      0 1123564 111176 5946708    0    0     0    92 1178 1085 32  7 61  0  0
 2  0      0 1170360 111176 5902872    0    0     0 31416 1761 1411 24  8 63  4  0
 2  0      0 1159852 111176 5912756    0    0     0     0 1097 1107 21  7 72  0  0
 2  0      0 1149048 111176 5923140    0    0     0    24 1159 1145 21  7 72  0  0
 2  0      0 1140516 111176 5932652    0    0     0     0 1231 1161 22  7 72  0  0
 2  0      0 1131328 111176 5941716    0    0     0    92 1198 1172 21  7 72  0  0
procs -----------memory---------- ---swap-- -----io---- -system-- ------cpu-----
 r  b   swpd   free   buff  cache   si   so    bi    bo   in   cs us sy id wa st
 3  0      0 1118912 111176 5953568    0    0     0   220 1140 1127 23  7 70  0  0
 2  0      0 1135828 111176 5930188    0    0     0 31364 1715 1359 34 10 54  2  0
 3  0      0 1125020 111176 5940212    0    0     0   388 1134 1087 20  7 73  0  0
 2  0      0 1114184 111176 5950024    0    0     0     4 1048 1075 21  7 72  0  0
 2  0      0 1103600 111176 5960012    0    0     0    84 1214 1134 20  8 72  0  0
 2  0      0 1093772 111176 5969364    0    0     0     0 1079 1095 21  7 72  0  0
 2  0      0 1083944 111176 5977752    0    0     4   480 1285 1302 21  8 71  0  0
 3  0      0 1049628 111176 6013536    0    0   100    36 1285 1157 36  9 55  0  0
 2  0      0 1100872 111180 5966368    0    0     0 31104 1495 1388 22  9 66  2  0
 2  0      0 1090588 111180 5976060    0    0     0     4 1110 1124 21  7 72  0  0
 2  0      0 1080680 111180 5985736    0    0   568    80 1318 1265 21  7 71  0  0
 2  0      0 1070740 111180 5995168    0    0   928   188 1135 1121 21  7 71  1  0
 2  0      0 1060912 111180 6004624    0    0     0   392 1143 1145 22  6 72  0  0
 5  0      0 1042804 111180 6026636    0    0     0   332 1269 1174 27  8 65  0  0
 8  0      0 1024924 111180 6037740    0    0    24 31096 1778 1379 59 15 24  2  0
 7  0      0 918336 111180 6149216    0    0   508 15804 1565 1256 84 15  0  1  0
 7  0      0 805468 111180 6254988    0    0     0     0 1590 1238 83 16  1  0  0
 2  1      0 722816 111180 6336420    0    0     0 257432 4335 2125 66 18  8  8  0
 2  0      0 1051300 111184 5999336    0    0     0 57664 1747 1505 23  9 66  3  0
 2  0      0 1041512 111184 6008000    0    0     0    28 1246 1160 22  7 71  0  0
 2  0      0 1031936 111184 6017200    0    0     0    92 1153 1169 22  6 71  0  0
procs -----------memory---------- ---swap-- -----io---- -system-- ------cpu-----
 r  b   swpd   free   buff  cache   si   so    bi    bo   in   cs us sy id wa st
 3  0      0 1022612 111184 6028092    0    0     0     8 1086 1101 24  6 71  0  0
 3  0      0 1037008 111184 6005292    0    0   116 31136 1652 1304 34 10 53  3  0
 2  0      0 1026180 111184 6015832    0    0     0   244 1050 1032 21  7 72  0  0
 2  0      0 1015596 111184 6026100    0    0     0    16 1099 1082 19  8 72  0  0
 2  0      0 1005796 111184 6035500    0    0     0    96 1218 1152 21  7 72  0  0
 2  0      0 996504 111184 6044652    0    0     0     4 1049 1078 20  8 72  0  0
 2  0      0 986708 111184 6053836    0    0     0   636 1034 1040 22  6 72  0  0
 2  0      0 1019704 111184 6033256    0    0     0 31148 1721 1366 34 11 53  2  0
 4  0      0 1007644 111184 6044252    0    0  1171   240 1694 1886 20  9 70  0  0
 2  0      0 997204 111184 6055260    0    0   495    88 1135 1175 20  8 72  0  0
 2  0      0 985396 111184 6066736    0    0     0     0 1066 1046 22  7 72  0  0
 2  0      0 975156 111184 6076920    0    0     0     8 1069 1111 21  7 73  0  0
 3  0      0 962928 111184 6088340    0    0  1171   436 1620 1681 23  6 71  0  0
 2  0      0 981760 111184 6068992    0    0   496 31024 1792 1818 31 11 57  1  0
 2  0      0 969188 111184 6080584    0    0     0   228 1002 1011 21  7 73  0  0
 2  0      0 958100 111184 6091284    0    0     0    88 1027 1043 21  6 72  0  0
 2  0      0 947268 111184 6101488    0    0     0     8 1105 1068 22  7 71  0  0
 2  0      0 936464 111184 6111644    0    0     0    48 1175 1236 21  7 72  0  0
 3  0      0 918584 111184 6138712    0    0     0   220 1178 1056 28  8 63  0  0
 5  0      0 894444 111184 6171292    0    0     0 34284 1686 1420 65 16 17  2  0
 5  0      0 773520 111184 6291908    0    0     0 46920 1927 1336 79 19  2  2  0
procs -----------memory---------- ---swap-- -----io---- -system-- ------cpu-----
 r  b   swpd   free   buff  cache   si   so    bi    bo   in   cs us sy id wa st
 2  0      0 949792 111184 6117492    0    0     0 149396 3183 2059 30 10 49 11  0
 2  0      0 939036 111184 6127464    0    0     0   340 1254 1154 21  6 72  0  0
 2  0      0 929460 111184 6137368    0    0     0     0 1138 1115 21  7 72  0  0
 3  0      0 912576 111184 6153380    0    0     0     4 1098 1084 25  6 69  0  0
 2  0      0 945852 111184 6126844    0    0     0 31556 1329 1277 29  9 60  1  0
 1  0      0 935296 111184 6136932    0    0     0     0 1042 1054 21  7 72  0  0
 1  0      0 924712 111184 6146848    0    0     0    60 1234 1172 22  7 71  0  0
 1  0      0 914884 111184 6156292    0    0     0     8 1035 1046 22  6 72  0  0
 1  0      0 905056 111184 6166008    0    0     0     0  997 1050 21  7 72  0  0
 1  0      0 893716 111184 6175940    0    0     0   312 1229 1158 21  7 71  0  0
 1  0      0 910116 111184 6156116    0    0     0 31296 1529 1255 33 10 56  2  0
 1  0      0 900792 111184 6166844    0    0     0   316 1028 1024 21  6 72  0  0
 2  0      0 888696 111184 6177208    0    0     0     0 1200 1126 22  7 72  0  0
 4  0      0 878116 111184 6187104    0    0     0     4 1050 1025 22  6 72  0  0
 2  0      0 868288 111184 6196540    0    0     0    84 1017 1044 22  6 72  0  0
 2  0      0 858208 111184 6206288    0    0     0   308 1040 1031 20  7 72  0  0
 2  0      0 869820 111184 6186100    0    0     0 31056 1419 1263 32 11 55  2  0
 2  0      0 857996 111184 6197020    0    0     0   188 1108 1066 21  7 72  0  0
 2  0      0 847696 111184 6207528    0    0     0     0 1081 1116 21  7 72  0  0
 2  0      0 836636 111184 6217404    0    0     0    88 1141 1092 21  7 72  0  0
 2  0      0 826808 111184 6226940    0    0     0   132 1276 1191 22  7 71  0  0
procs -----------memory---------- ---swap-- -----io---- -system-- ------cpu-----
 r  b   swpd   free   buff  cache   si   so    bi    bo   in   cs us sy id wa st
 2  0      0 818744 111188 6236476    0    0     0   460 1194 1147 22  7 71  0  0
 7  0      0 846156 111188 6215364    0    0     0 31332 1395 1267 37  9 52  2  0
 8  0      0 757276 111188 6318188    0    0     0     0 1544 1192 84 16  0  0  0
 8  1      0 651464 111188 6419692    0    0     0 26616 1714 1168 81 16  0  2  0
 5  1      0 546408 111188 6517908    0    0     0 148672 2950 1882 77 17  3  3  0
 2  0      0 834688 111192 6232764    0    0     0 140524 3153 2027 38 12 40 10  0
 2  0      0 824360 111192 6242688    0    0     0   260 1123 1086 21  6 72  0  0
 2  0      0 813776 111192 6253012    0    0     0     0 1152 1127 22  6 72  0  0
 2  0      0 804704 111192 6261828    0    0     0     0  996 1023 21  7 72  0  0
 3  0      0 753072 111192 6302784    0    0     0 31136 1422 1314 33 12 54  2  0
 2  0      0 797740 111192 6250584    0    0     0   128 1233 1144 20  9 71  0  0
 3  0      0 789172 111192 6259468    0    0     0    64 1105 1051 21  7 72  0  0
 2  0      0 779600 111192 6269244    0    0   300   212 1224 1212 21  8 71  1  0
 2  0      0 771032 111192 6277728    0    0     0     0 1166 1116 22  7 71  0  0
 2  0      0 762212 111192 6286508    0    0     0   252 1070 1059 21  7 72  0  0
 2  0      0 753168 111192 6295488    0    0     0     4 1038 1078 23  5 72  0  0
 2  0      0 771836 111192 6274312    0    0     0 31196 1575 1410 36 11 51  2  0
 2  0      0 759772 111192 6285400    0    0     0    76 1074 1064 21  8 72  0  0
 2  0      0 749440 111192 6295672    0    0     0     0 1049 1054 20  8 72  0  0
 2  0      0 739612 111192 6305556    0    0     0     0 1150 1134 21  7 72  0  0
 4  0      0 731296 111192 6313852    0    0     0     0 1070 1049 21  7 72  0  0
procs -----------memory---------- ---swap-- -----io---- -system-- ------cpu-----
 r  b   swpd   free   buff  cache   si   so    bi    bo   in   cs us sy id wa st
 2  0      0 722476 111192 6322412    0    0     0   384 1169 1128 21  7 71  0  0
 3  0      0 697784 111192 6349620    0    0     0     0 1350 1168 34  8 58  0  0
 2  0      0 755300 111192 6308060    0    0     0 31060 1497 1288 30  8 59  3  1
 2  0      0 746228 111192 6317280    0    0     0     0 1048 1044 22  6 73  0  0
 2  0      0 735644 111192 6326488    0    0     0     0 1123 1132 22  6 71  0  0
 2  0      0 724808 111192 6336676    0    0     0    84 1138 1071 21  7 72  0  0
 2  0      0 713472 111192 6347188    0    0  1666   460 1952 2114 21  9 71  0  0
 2  0      0 702384 111192 6357076    0    0     0   204 1095 1065 21  7 72  0  0
 7  0      0 705704 111192 6348512    0    0     0 31336 1781 1288 46 12 39  3  0
 7  0      0 607176 111192 6458316    0    0     0     4 1457 1074 83 17  0  0  0
 7  1      0 503896 111192 6555384    0    0  1667 20236 2609 1991 82 17  1  0  0
 3  2      0 415192 111192 6639860    0    0     0 116180 2810 1725 74 18  3  5  0
 3  0      0 694796 111192 6364456    0    0     0 163052 2520 2026 35 15 35 14  0
 3  0      0 651584 111192 6406388    0    0     0    24 1401 1153 44 10 46  0  0
 3  0      0 619076 111192 6439700    0    0     0 66496 1983 1352 39 10 46  5  0
 3  0      0 574736 111192 6482516    0    0     0   112 1173  993 44  9 47  0  0
 3  0      0 660308 111192 6388340    0    0     0 51872 1917 1463 35 10 52  3  0
 3  0      0 697676 111196 6352848    0    0     0 31448 1342 1243 30  9 59  2  0
 2  0      0 687628 111196 6362708    0    0     0   112 1020 1031 21  7 72  0  0
 2  0      0 676796 111196 6373956    0    0     0     0 1117 1063 21  7 72  0  0
 2  0      0 667140 111196 6383964    0    0     0     8 1074 1071 21  6 72  0  0
procs -----------memory---------- ---swap-- -----io---- -system-- ------cpu-----
 r  b   swpd   free   buff  cache   si   so    bi    bo   in   cs us sy id wa st
 2  0      0 656192 111196 6394140    0    0     0    80 1038 1054 21  7 72  0  0
 4  0      0 634804 111196 6416276    0    0     0   276 1172 1067 26  8 67  0  0
 2  0      0 648960 111200 6384388    0    0     0 31068 1443 1319 30  9 60  2  0
 2  0      0 639416 111200 6394032    0    0     0     4 1064 1056 22  6 72  0  0
 2  0      0 630648 111200 6403108    0    0     0     0 1109 1086 22  6 72  0  0
 2  0      0 620352 111200 6412316    0    0     0   152 1274 1167 22  7 71  0  0
 3  0      0 611812 111200 6421216    0    0     0     0 1138 1083 22  7 72  0  0
 2  0      0 603500 111200 6429740    0    0     0   276 1105 1134 21  7 72  0  0
 3  0      0 568308 111200 6471276    0    0     0 12432 1426 1171 34 11 55  1  0
 2  0      0 630048 111200 6419940    0    0   884 18808 1439 1272 20  8 70  2  0
 2  0      0 621624 111200 6429740    0    0     0    72 1256 1175 22  7 72  0  0
 2  0      0 612076 111200 6438728    0    0     0     0 1065 1080 21  7 72  0  0
 3  0      0 602276 111200 6448080    0    0     0    24 1086 1091 21  7 72  0  0
 2  0      0 594056 111200 6457264    0    0     0   456 1330 1181 22  7 71  0  0
 4  0      0 572928 111200 6475608    0    0     0   176 1181 1102 26  7 66  0  0
 8  0      0 576116 111200 6482152    0    0     0 31176 1514 1323 57 12 28  2  0
 9  0      0 464996 111200 6600416    0    0     0     0 1476 1132 84 16  0  0  0
 7  0      0 346304 111200 6714412    0    0     0 25988 1644 1369 85 15  0  0  0
 3  2      0 257852 111200 6802512    0    0     0 212632 4099 2129 70 16  2 11  0
 3  0      0 578436 111204 6483272    0    0     0 110580 2861 1963 40 15 34 12  0
 3  0      0 532444 111208 6532312    0    0     0   124 1315 1108 43 10 47  0  0
procs -----------memory---------- ---swap-- -----io---- -system-- ------cpu-----
 r  b   swpd   free   buff  cache   si   so    bi    bo   in   cs us sy id wa st
 3  0      0 487336 111208 6575740    0    0     0 66220 1854 1369 39 11 47  3  0
 3  1      0 437192 111208 6623172    0    0     0 40960 1663 1167 43 10 44  3  0
 3  0      0 572716 111212 6488620    0    0     0 54108 2309 1385 52 16 30  3  0
 3  0      0 537480 111212 6529800    0    0     0 66156 2073 1375 40  9 46  4  0
 3  1      0 490360 111212 6574716    0    0     0 15380 1413 1153 43 10 47  1  0
 2  0      0 597680 111212 6473352    0    0     0 21880 1449 1288 20  9 70  2  0
 3  0      0 587376 111212 6483332    0    0     0    16 1088 1113 20  7 72  0  0
 1  0      0 576068 111212 6493996    0    0     0     0 1189 1143 21  7 72  0  0
 2  0      0 577104 111212 6474116    0    0     0 31440 1632 1311 32 10 57  1  0
 2  0      0 565172 111212 6485136    0    0     0     8  989 1035 21  7 72  0  0
 1  0      0 554336 111212 6495988    0    0     0   400 1102 1058 20  8 72  0  0
 1  0      0 543028 111212 6506344    0    0     0     0 1161 1119 21  7 72  0  0
 1  0      0 532444 111212 6516780    0    0     0     8 1015 1063 22  5 73  0  0
 2  0      0 521872 111212 6527220    0    0     0   408 1243 1139 22  7 71  0  0
 1  0      0 544116 111212 6507292    0    0     0 31064 1580 1222 36  9 53  2  0
 2  0      0 533560 111212 6517464    0    0     0    84 1057 1037 20  8 72  0  0
 2  0      0 522472 111212 6528172    0    0     0     0 1215 1152 20  8 72  0  0
 2  0      0 511664 111212 6538536    0    0     0   124 1010 1012 20  7 73  0  0
 9  0      0 502844 111212 6547436    0    0     0     8 1032 1054 22  6 73  0  0
 2  0      0 493772 111212 6556684    0    0     0   528 1198 1153 22  6 71  1  0
 8  0      0 523052 111212 6540156    0    0     0 31256 1717 1288 43 10 46  2  0
procs -----------memory---------- ---swap-- -----io---- -system-- ------cpu-----
 r  b   swpd   free   buff  cache   si   so    bi    bo   in   cs us sy id wa st
 7  0      0 425952 111212 6649688    0    0     0 12908 1732 1208 85 15  0  0  0
 7  0      0 307764 111212 6764664    0    0     0     0 1424 1076 84 15  1  0  0
 6  1      0 210016 111212 6859956    0    0     0 227344 6006 2927 78 17  3  1  0
 3  0      0 489172 111212 6571000    0    0  1666 95440 3017 2890 49 17 28  7  0
 3  0      0 439296 111212 6624888    0    0     0    72 1202 1051 42 11 47  0  0
 3  0      0 395448 111212 6669752    0    0     0 66176 1930 1380 37 12 47  4  0
 3  0      0 470716 111212 6598236    0    0     0 43856 1861 1291 39 11 47  2  0
 2  1      0 424992 111212 6618676    0    0  1667 63044 2908 2494 54 14 30  3  0
 2  0      0 483800 111220 6549660    0    0     0 62192 2103 1385 35 10 52  3  0
 1  0      0 483252 111220 6559236    0    0     0   456 1293 1227 22  7 72  0  0
 1  0      0 472952 111220 6568828    0    0     0     0 1038 1053 22  6 72  0  0
 1  0      0 462872 111220 6578164    0    0     0     0 1100 1172 21  7 72  0  0
 1  0      0 455076 111220 6587060    0    0     0     0 1167 1088 21  7 71  0  0
 1  0      0 473176 111220 6568108    0    0     0 31528 1765 1398 35  9 55  1  0
 1  0      0 461368 111220 6579380    0    0  1304    24 1070 1096 21  7 72  0  0
 1  0      0 450280 111220 6590644    0    0     0   172 1147 1155 22  6 72  0  0
 1  0      0 440040 111220 6601252    0    0     0     4 1047 1043 19  9 72  0  0
 1  0      0 430376 111220 6611340    0    0     0   100 1055 1098 21  6 73  0  0
 1  0      0 420324 111220 6621100    0    0     0   512 1123 1115 21  7 72  0  0
 1  0      0 446552 111220 6600400    0    0     0 31064 1426 1212 35 11 53  2  0
 1  0      0 435596 111220 6610084    0    0     0   232 1092 1078 19  9 72  0  0
procs -----------memory---------- ---swap-- -----io---- -system-- ------cpu-----
 r  b   swpd   free   buff  cache   si   so    bi    bo   in   cs us sy id wa st
 1  0      0 426020 111220 6619508    0    0     0     0 1086 1093 21  7 72  0  0
 5  0      0 416124 111220 6628648    0    0     0     4 1217 1126 23  6 71  0  0
 1  0      0 406628 111220 6638052    0    0     0   248 1021 1048 22  5 72  0  0
 1  0      0 397304 111220 6646488    0    0     0   332 1057 1061 21  7 72  0  0
 2  0      0 364292 111220 6673444    0    0     0    24 1239 1149 30  8 62  0  0
 8  0      0 366180 111220 6683596    0    0     0 31072 1633 1366 63 14 21  2  0
 9  0      0 245736 111220 6802016    0    0     0   272 1567 1181 83 16  1  0  0
 7  0      0 126064 111220 6919324    0    0     0 28296 2153 1247 83 16  0  0  0
 2  2      0 118336 111204 6937248    0    0     0 249044 4855 2446 70 19  4  8  0
 3  0      0 442688 111212 6607256    0    0     0 73644 3722 1637 33 18 42  7  0
 3  0      0 391564 111212 6654920    0    0   212    16 1318 1066 41 12 47  0  0
 3  0      0 348008 111212 6698272    0    0     0 66540 2025 1313 40 11 46  3  0
 4  0      0 289292 111212 6754108    0    0  2224 66184 2201 1520 46 12 37  5  0
 3  0      0 406052 111216 6640616    0    0     0 65868 1876 1521 48 13 35  4  0
 3  0      0 422060 111216 6620156    0    0     0     0 1234 1066 40 13 47  0  0
 4  0      0 384496 111216 6665380    0    0     0 66152 2098 1325 37 12 47  4  0
 3  0      0 338164 111216 6718768    0    0     0    88 1360 1111 43  9 47  0  0
 3  1      0 291324 111220 6765364    0    0     0 86796 2204 1437 38 12 46  4  0
 3  0      0 429408 111220 6618628    0    0   820  1300 1319 1235 25  8 67  0  0
 2  0      0 454852 111224 6590668    0    0     0 31160 1792 1375 30 10 59  2  0
 2  0      0 443540 111224 6601536    0    0    40     0 1006 1052 21  6 72  0  0
procs -----------memory---------- ---swap-- -----io---- -system-- ------cpu-----
 r  b   swpd   free   buff  cache   si   so    bi    bo   in   cs us sy id wa st
 2  0      0 432716 111224 6612292    0    0     0    24 1074 1086 20  8 72  0  0
 2  0      0 420672 111224 6623044    0    0   736     0 1282 1225 22  6 71  0  0
 1  0      0 409864 111224 6633312    0    0     0   328 1122 1048 22  6 73  0  0
 3  0      0 382144 111232 6667088    0    0   144   488 1249 1119 29  8 62  0  0
 2  0      0 427268 111236 6624880    0    0     0 31076 1610 1263 25  7 66  2  0
 2  0      0 414696 111236 6636284    0    0   384    16 1193 1146 22  7 72  0  0
 2  0      0 402852 111236 6646788    0    0    28     0 1217 1149 21  7 72  0  0
 2  0      0 392772 111236 6656864    0    0     0     0 1080 1083 21  7 72  0  0
 5  0      0 381688 111236 6666508    0    0     0   272 1126 1066 22  6 72  0  0
 4  1      0 334088 111236 6708464    0    0     0 16532 1450 1155 33 10 56  1  0
 7  0      0 280228 111244 6779872    0    0     0 27896 2191 1474 79 17  3  1  0
 7  0      0 145660 111244 6910992    0    0     0    28 1450 1092 82 18  0  0  0
 5  0      0 125080 111244 6937948    0    0     0 249856 5104 2463 65 18  3 14  0
 3  0      0 427012 111256 6637820    0    0     0 73568 8917 1580 39 17 40  4  0
 3  0      0 378680 111256 6682740    0    0     0 66388 2067 1367 37 12 47  4  0
 3  0      0 326768 111256 6733244    0    0     0     0 1237 1066 42 11 47  0  0
 3  0      0 258252 111256 6799272    0    0     0 66336 2211 1430 49 15 33  4  0
 3  0      0 269984 111256 6793872    0    0     0 31044 1636 1308 44 14 41  1  0
 2  0      0 425988 111256 6636380    0    0     0 50976 1835 1334 37 12 47  4  0
 3  0      0 380908 111256 6683280    0    0     0     0 1327 1098 42 11 47  0  0
 3  0      0 338588 111256 6726092    0    0     0 66344 1923 1340 37 12 47  5  0
procs -----------memory---------- ---swap-- -----io---- -system-- ------cpu-----
 r  b   swpd   free   buff  cache   si   so    bi    bo   in   cs us sy id wa st
 3  1      0 286212 111256 6772860    0    0  1171 39984 2228 1964 39 13 46  2  0
 3  0      0 415344 111256 6636400    0    0   495 43760 2121 1598 31 11 57  2  0
 2  0      0 422416 111264 6614808    0    0   748 31296 1629 1270 35  9 54  2  0
 2  0      0 411836 111264 6624736    0    0    44     0 1079 1072 21  7 72  0  0
 4  0      0 402316 111312 6634092    0    0    52    52 1879 2666 24  6 69  0  0
 1  0      0 392248 111264 6643696    0    0  1615     0 1839 2197 23  8 70  0  0
 1  0      0 382420 111264 6653048    0    0   788   240 1295 1216 22  7 71  1  0
 1  0      0 372340 111264 6662084    0    0    36   192 1209 1186 21  8 71  0  0
 2  0      0 337060 111264 6700392    0    0     0     0 1278 1125 35  9 56  0  0
 4  0      0 394948 111268 6651224    0    0     0 31088 1440 1236 22  8 69  2  0
 1  0      0 385120 111268 6660712    0    0     0     0 1032 1094 21  7 72  0  0
 1  0      0 374820 111268 6670732    0    0     0    16 1143 1115 22  7 71  0  0
 1  0      0 365500 111268 6680120    0    0     0   604 1233 1163 22  6 72  0  0
 1  0      0 355924 111268 6689596    0    0     0     0 1003 1010 22  6 72  0  0
 2  0      0 339548 111272 6708076    0    0     0   276 1186 1130 26  8 65  0  0
 7  0      0 338700 111272 6721796    0    0     0 39044 1958 1539 58 14 25  3  0
 6  0      0 218804 111272 6840408    0    0     0   120 1493 1128 85 15  0  0  0
 6  0      0 120308 111272 6935656    0    0     0 53972 2390 1345 82 17  0  1  0
 1  2      0 127716 111260 6929384    0    0     0 250896 4070 2333 63 18  7 12  0
 2  0      0 428184 111260 6632964    0    0    80 17892 5856 1435 39 15 44  2  0
 2  0      0 383356 111260 6677256    0    0     0 66164 1530 1466 38 11 47  4  0
procs -----------memory---------- ---swap-- -----io---- -system-- ------cpu-----
 r  b   swpd   free   buff  cache   si   so    bi    bo   in   cs us sy id wa st
 2  0      0 330976 111260 6733004    0    0     0     0 1232 1073 41 12 47  0  0
 2  1      0 249360 111264 6809528    0    0     0 88484 2077 1566 50 15 30  5  0
 1  1      0 408724 111264 6654036    0    0     0 22904 1487 1235 40 13 46  1  0
 2  0      0 358324 111272 6704988    0    0     0 50048 1426 1334 38 11 47  3  0
 2  0      0 308456 111276 6752032    0    0     4 66072 1603 1444 39 10 48  3  0
 2  0      0 446640 111276 6602636    0    0     0 46164 1801 1352 36 13 48  3  0
 2  0      0 435332 111276 6612744    0    0     0     0 1039 1065 21  7 73  0  0
 2  0      0 447920 111280 6592488    0    0     0 31356 1615 1407 32 11 56  1  0
 2  0      0 434100 111280 6604792    0    0     0     0 1066 1075 20  7 72  0  0
 2  0      0 422508 111280 6616548    0    0     0     0 1020 1078 21  6 72  0  0
 1  0      0 410664 111280 6628192    0    0     0    96 1165 1099 22  7 72  0  0
 1  0      0 399828 111280 6638892    0    0     0   376 1038 1071 21  6 72  0  0
 4  0      0 379920 111280 6668764    0    0     0   652 1196 1028 30  8 62  0  0
 2  0      0 423856 111284 6630716    0    0     0 31040 1401 1325 26  9 64  1  0
 2  0      0 413020 111284 6641688    0    0     0     0 1021 1035 21  7 73  0  0
 2  0      0 401932 111284 6652208    0    0     0     0 1030 1071 21  7 72  0  0
 1  0      0 390624 111284 6662328    0    0     0     8 1189 1133 21  8 71  0  0
 1  0      0 380040 111284 6672568    0    0     0     4 1008 1059 22  5 73  0  0
 2  1      0 342744 111284 6713780    0    0     0  3288 1235 1102 33  8 58  0  0
 8  0      0 302976 111288 6769068    0    0   112 28212 2057 1369 75 17  5  2  0
 5  0      0 161856 111292 6909436    0    0     0 59172 2619 1290 82 17  0  1  0
procs -----------memory---------- ---swap-- -----io---- -system-- ------cpu-----
 r  b   swpd   free   buff  cache   si   so    bi    bo   in   cs us sy id wa st
 3  0      0 413392 111288 6657696    0    0     0 259696 4127 2598 59 18  9 14  0
 3  0      0 399000 111288 6667676    0    0    40   196 3407 1065 41 13 46  0  0
 3  0      0 358944 111288 6715600    0    0     0 66268 2053 1348 37 12 48  3  0
 4  0      0 300536 111288 6770456    0    0     0     0 1293 1077 42 10 47  0  0
 3  0      0 305948 111288 6748228    0    0   824 107120 2574 1663 50 14 28  7  0
 3  0      0 382448 111288 6667176    0    0     0     0 1190 1026 41 12 47  0  0
 3  0      0 342660 111292 6706700    0    0     0 66120 1506 1415 38 10 47  5  0
 3  0      0 291296 111292 6755960    0    0     0     0 1218 1037 43 10 47  0  0
 3  0      0 251732 111292 6794152    0    0     0 66292 1536 1413 38 12 46  5  0
 1  0      0 396172 111296 6637032    0    0     0 35416 1480 1322 32 10 55  2  0
 4  0      0 384608 111296 6650236    0    0     0     0 1134 1114 24  7 70  0  0
 1  0      0 424420 111300 6625132    0    0   908 31608 1650 1218 32 10 55  3  0
 1  0      0 414592 111300 6634644    0    0     0     0 1218 1130 22  7 71  0  0
 1  0      0 405772 111300 6643548    0    0     0    20 1074 1047 20  8 72  0  0
 2  0      0 396452 111300 6652164    0    0     0   340 1155 1108 20  8 72  0  0
 1  0      0 387660 111520 6660348    0    0   300    68 1478 1394 22  9 69  1  0
 2  0      0 378084 111520 6669628    0    0     0   284 1091 1074 20  7 72  0  0
 2  0      0 349860 111520 6692412    0    0     0    20 1102 1034 28  8 64  0  0
 3  0      0 377644 111524 6657332    0    0     0 31124 1492 1244 28 10 59  3  0
 1  0      0 366356 111524 6667188    0    0  1666   312 2067 2188 23  7 70  0  0
 2  0      0 357032 111524 6676460    0    0     0   132 1060 1115 23  5 72  0  0
procs -----------memory---------- ---swap-- -----io---- -system-- ------cpu-----
 r  b   swpd   free   buff  cache   si   so    bi    bo   in   cs us sy id wa st
 2  0      0 348212 111524 6684956    0    0     0   340 1123 1097 21  7 72  0  0
 2  0      0 339392 111524 6693788    0    0     0     0 1197 1194 21  8 71  0  0
 1  0      0 325068 111524 6703192    0    0  1667   316 1830 1951 22  8 70  0  0
 1  1      0 286260 111524 6744616    0    0     0 20676 1367 1142 35  7 57  1  0
 8  0      0 285220 111532 6784576    0    0     0 13704 1774 1310 79 18  2  1  0
 7  1      0 175112 111532 6892172    0    0     0  3992 1596 1291 82 16  2  0  0
 6  1      0 125976 111520 6941380    0    0     0 101492 2334 1519 78 17  0  4  0
 3  0      0 442976 111524 6615012    0    0   920 217100 7143 2159 44 18 25 12  0
 3  0      0 393652 111524 6661560    0    0     0     0 1352 1115 41 12 46  0  0
 4  0      0 355892 111524 6704152    0    0     0 66192 2052 1492 41  9 47  3  0
 3  0      0 305744 111524 6751528    0    0     0   608 1468 1165 42 11 46  0  0
 3  0      0 291216 111528 6762644    0    0     0 97280 2647 1684 52 15 29  5  0
 2  1      0 240092 111532 6810120    0    0     0 52996 1772 1299 39 11 48  2  0
 3  0      0 390636 111536 6651652    0    0     0  5680 1368 1235 41 11 47  0  0
 3  0      0 360548 111536 6690612    0    0     0 66076 2094 1373 38 11 47  4  0
 3  0      0 309140 111536 6741288    0    0     0   176 1259 1082 42 11 47  0  0
 3  0      0 257996 111536 6791512    0    0     0 66088 2074 1405 39 11 47  3  0
 4  0      0 181136 111536 6868900    0    0     0     0 1414 1138 52 13 35  0  0
 3  0      0 204320 111536 6855560    0    0     0 97096 2691 1769 39 12 42  6  0
 2  0      0 428100 111540 6620676    0    0     0 40512 1531 1242 28 11 59  2  0
 2  0      0 417800 111540 6631108    0    0     0   272 1080 1044 19  8 72  0  0
procs -----------memory---------- ---swap-- -----io---- -system-- ------cpu-----
 r  b   swpd   free   buff  cache   si   so    bi    bo   in   cs us sy id wa st
 2  0      0 406744 111540 6641324    0    0     0    16 1147 1138 21  7 71  0  0
 2  0      0 395656 111540 6652308    0    0     0   224 1066  995 21  7 72  0  0
 2  1      0 350552 111540 6694980    0    0     0  4832 1136 1063 31  9 60  0  0
 2  0      0 393436 111540 6644008    0    0     0 26432 1564 1289 22  8 69  2  0
 2  0      0 382096 111540 6655224    0    0     0    24 1072 1093 20  7 72  0  0
 1  0      0 370012 111540 6666648    0    0     0     0  986 1019 21  6 73  0  0
 1  0      0 359936 111540 6677960    0    0     0     0 1143 1145 21  8 72  0  0
 1  0      0 348880 111540 6688124    0    0     0   240 1054 1040 20  7 72  0  0
 6  0      0 356216 111540 6706232    0    0     0 31948 1713 1252 55 13 31  2  0
 6  0      0 226976 111540 6834736    0    0     0     0 1475 1136 83 17  0  0  0
 5  3      0 129968 111540 6935520    0    0     0 175188 4023 2508 75 21  0  4  0
 3  0      0 425292 111536 6625196    0    0    24 169240 3960 2961 44 17 33  6  0
 1  1      0 362116 111536 6678740    0    0     0 19736 2079 1319 39 13 46  1  0
 3  0      0 322080 111536 6727600    0    0     0 46552 1861 1342 41 11 47  2  0
 2  0      0 282548 111536 6772136    0    0     0 66080 1994 1353 37 12 47  4  0
 2  0      0 254468 111536 6792744    0    0     0 31144 1634 1252 57 13 28  2  0
 2  0      0 208964 111536 6839628    0    0     0 66348 2052 1401 38 12 47  3  0
 1  0      0 417788 111536 6607752    0    0     0 22288 1502 1185 21 11 68  1  0
 1  0      0 410520 111536 6618204    0    0     0     0 1185 1184 22  6 72  0  0
 1  0      0 399460 111536 6628684    0    0     0     0  970  995 22  6 72  0  0
 2  0      0 387392 111536 6639268    0    0     0     0 1022 1068 21  7 72  0  0
procs -----------memory---------- ---swap-- -----io---- -system-- ------cpu-----
 r  b   swpd   free   buff  cache   si   so    bi    bo   in   cs us sy id wa st
 1  0      0 417124 111536 6618420    0    0     0 31604 1471 1246 35 10 53  2  0
 1  0      0 405560 111536 6629488    0    0     0   220 1095 1096 20  8 72  0  0
 1  0      0 395008 111536 6639596    0    0     0    28  997 1043 22  6 72  0  0
 2  0      0 384048 111536 6649792    0    0     0     0 1018 1079 21  7 72  0  0
 1  0      0 372888 111536 6660300    0    0     0     0 1073 1059 22  6 72  0  0
 2  0      0 346932 111536 6685564    0    0     0   200 1033 1043 26  8 66  0  0
 1  0      0 372200 111536 6653040    0    0     0 31280 1198 1213 27  9 63  1  0
 1  0      0 360848 111536 6664688    0    0     0     4 1074 1083 20  7 72  0  0
 1  0      0 349112 111536 6676008    0    0     0     0  930  962 20  7 73  0  0
 1  0      0 337608 111536 6686856    0    0     0     0 1112 1101 21  7 72  0  0
 1  0      0 327052 111536 6697364    0    0     0   260 1025 1030 21  6 72  0  0
 8  0      0 347664 111536 6680368    0    0     0 31536 1619 1293 37 10 51  2  0
 7  0      0 246104 111536 6804220    0    0     0     8 1654 1238 82 17  1  0  0
 7  0      0 120636 111536 6925752    0    0     0     0 1524 1196 84 15  0  0  0
12  2      0 116644 111516 6927648    0    0     0 85796 1927 1478 82 17  0  1  0
 3  0      0 503428 111520 6551708    0    0     0 284664 4606 3673 31 14 27 27  0
 2  0      0 432988 111520 6601972    0    0  1666    20 2933 2095 42 15 43  0  0
 2  0      0 393176 111520 6643868    0    0     0 66492 1604 1439 38 11 46  4  0
 2  0      0 343064 111520 6693552    0    0     0     0 1184 1028 42 11 48  0  0
 2  0      0 344688 111520 6703752    0    0     0 97172 2148 1725 52 15 28  5  0
 2  0      0 489952 111520 6552216    0    0  1667 42292 2200 2320 38 14 45  3  0
procs -----------memory---------- ---swap-- -----io---- -system-- ------cpu-----
 r  b   swpd   free   buff  cache   si   so    bi    bo   in   cs us sy id wa st
 2  0      0 434812 111520 6606616    0    0     0   128 1181 1036 40 12 47  0  0
 2  0      0 387688 111520 6653372    0    0     0 66332 1367 1256 38 11 48  4  0
 1  1      0 342076 111520 6700372    0    0     0 24576 1279 1152 42 10 47  2  0
 2  0      0 292224 111520 6748376    0    0     0 41508 1361 1239 40 10 47  3  0
 1  0      0 495156 111520 6537424    0    0     0 91328 2024 1811 43 14 38  5  0
 1  0      0 482844 111520 6548100    0    0     0     4 1006 1051 21  7 72  0  0
 1  0      0 471252 111520 6559112    0    0     0    24  951 1036 21  7 72  0  0
 1  0      0 459688 111520 6569932    0    0     0   152 1035 1056 21  7 72  0  0
 1  0      0 447844 111520 6580988    0    0     0     0 1045 1066 21  7 72  0  0
 2  0      0 433484 111520 6600264    0    0     0   184  984 1041 23  8 69  0  0
 1  0      0 464832 111524 6573576    0    0     0 31064 1709 1343 29  9 60  1  0
 1  0      0 452736 111524 6584940    0    0     0     0  930 1023 21  7 73  0  0
 1  0      0 440892 111524 6596256    0    0     0   216  965 1044 21  6 72  0  0
 1  0      0 429312 111524 6606952    0    0     0     0 1157 1104 22  7 71  0  0
 1  0      0 417216 111524 6618472    0    0     0   264 1018 1064 20  7 73  0  0
 7  0      0 413456 111524 6628692    0    0     0 31296 1709 1328 49 10 40  1  0
 9  0      0 277660 111524 6770152    0    0     0     0 1525 1202 81 19  0  0  0
 5  0      0 135028 111524 6910508    0    0     0 99008 3127 1673 81 16  0  3  0
 2  0      0 479344 111516 6571496    0    0     0 257916 6484 2606 53 20 17 11  0
 2  0      0 422252 111516 6626416    0    0     0   320 1358 1103 43 10 47  0  0
 2  0      0 370844 111516 6676376    0    0     0 66208 1903 1308 37 12 47  3  0
procs -----------memory---------- ---swap-- -----io---- -system-- ------cpu-----
 r  b   swpd   free   buff  cache   si   so    bi    bo   in   cs us sy id wa st
 2  0      0 324476 111516 6726456    0    0     0 66088 2073 1480 39 11 47  3  0
 2  0      0 491220 111516 6548204    0    0     0 63692 2348 1604 53 15 26  6  0
 2  0      0 443792 111516 6600836    0    0     0   236 1981 1005 42 12 46  0  0
 2  0      0 405640 111516 6646812    0    0     0 66128 1923 1458 39 11 47  3  0
 2  0      0 354772 111516 6695588    0    0     0     0 1270 1057 42 12 46  0  0
 2  0      0 315236 111516 6734160    0    0     0 66072 1914 1300 37 11 47  5  0
 2  0      0 263576 111516 6784644    0    0     0     0 1202 1007 42 12 47  0  0
 1  1      0 433056 111516 6613624    0    0     0 93776 2395 1564 34 13 47  6  0
 1  0      0 492948 111516 6561952    0    0     0   236 1014 1063 20  8 72  0  0
 1  0      0 485136 111516 6571876    0    0     0   416 1124 1092 22  6 72  0  0
 1  0      0 481984 111516 6581856    0    0     0     0  979 1032 20  7 72  0  0
 1  0      0 470396 111516 6592020    0    0   740     4  987 1007 21  7 72  0  0
 1  0      0 460572 111516 6601568    0    0     0   312  978 1011 22  6 72  0  0
 3  0      0 412216 111516 6641444    0    0     0    24 1058 1019 32  9 58  0  0
 1  0      0 454824 111516 6594124    0    0     0 31448 1438 1255 22  7 69  2  0
 1  0      0 439984 111516 6606008    0    0     0     0 1159 1118 22  7 71  0  0
 1  0      0 427384 111516 6618116    0    0     0     0  988 1064 21  7 72  0  0
 1  0      0 415540 111516 6629348    0    0     0     0  925 1020 21  6 73  0  0
 2  0      0 388324 111516 6659880    0    0     0    20 1187 1116 28  9 63  0  0
 9  0      0 359148 111516 6706116    0    0     0 31524 1859 1382 71 13 14  2  0
 6  0      0 219796 111516 6846576    0    0     0 28092 2016 1318 84 16  0  0  0
procs -----------memory---------- ---swap-- -----io---- -system-- ------cpu-----
 r  b   swpd   free   buff  cache   si   so    bi    bo   in   cs us sy id wa st
 5  0      0 126864 111512 6942308    0    0     0 128920 3986 1991 79 18  1  1  0
 2  0      0 439256 111508 6610204    0    0     0 194316 11078 2195 38 18 30 14  0
 2  0      0 388536 111508 6659396    0    0     0     8 1169 1040 42 10 47  0  0
 2  0      0 349764 111508 6703124    0    0     0 66652 1547 1545 39 10 47  3  0
 2  1      0 282516 111508 6762944    0    0     0 17600 1297 1078 45 13 40  1  0
 2  0      0 273284 111508 6766588    0    0     0 79708 1681 1420 47 13 36  4  0
 2  0      0 228712 111508 6810816    0    0     0 66060 1509 1426 38 11 46  4  0
 2  0      0 176800 111508 6861480    0    0   716     0 1218 1045 41 12 47  0  0
 2  0      0 399636 111508 6637596    0    0     0 47316 1458 1374 35 15 47  3  0
 2  0      0 348040 111508 6688092    0    0     0 66144 2067 1371 40 11 47  3  0
 3  0      0 282772 111508 6758276    0    0     0     0 1220 1042 45 13 42  0  0
 1  0      0 459132 111516 6590664    0    0   788 88208 2466 1578 27 10 59  4  0
 2  0      0 445552 111516 6602024    0    0     0     0 1155 1157 21  8 72  0  0
 1  0      0 431968 111516 6612744    0    0  1666   204 1802 1967 23  6 71  0  0
 1  0      0 422176 111516 6622496    0    0     0    20  980 1057 20  7 73  0  0
 2  0      0 412628 111516 6632424    0    0   680     0 1144 1126 22  7 71  0  0
 2  0      0 379040 111516 6662176    0    0     0   452 1558 1333 35 10 55  0  0
 3  0      0 402932 111516 6622044    0    0  1312 31104 2112 1855 25 10 62  2  0
 4  0      0 391860 111516 6632308    0    0  1119    48 1659 1710 22  8 70  0  0
 1  0      0 381312 111516 6642424    0    0   864    40 1191 1167 22  7 71  0  0
 1  0      0 371736 111516 6651860    0    0    36     4 1175 1229 21  8 71  0  0
procs -----------memory---------- ---swap-- -----io---- -system-- ------cpu-----
 r  b   swpd   free   buff  cache   si   so    bi    bo   in   cs us sy id wa st
 1  0      0 366248 111516 6661784    0    0    40     0 1236 1167 22  7 71  0  0
 2  0      0 348392 111516 6682972    0    0     0   552 1251 1149 27  7 66  0  0
 7  0      0 350060 111520 6705312    0    0     0 31112 1746 1290 63 14 21  1  0
 7  0      0 238500 111520 6824968    0    0     0   360 1578 1253 84 16  0  0  0
 6  0      0 117288 111520 6942752    0    0     0 50092 2069 1303 81 18  0  1  0
 1  3      0 121616 111504 6941100    0    0     0 246216 3593 2307 69 20  0 11  0
 3  0      0 463996 111504 6594736    0    0     0 76108 3007 1754 39 14 40  6  0
 2  0      0 414108 111504 6641944    0    0     0   200 1252 1034 41 11 48  0  0
 2  0      0 375832 111504 6679940    0    0     0 66732 2001 1308 36 12 47  5  0
 3  0      0 296956 111504 6749256    0    0     0    28 1432 1111 49 15 36  0  0
 1  1      0 301976 111504 6739024    0    0     0 112884 2574 1583 39 13 42  6  0
 2  0      0 437264 111504 6599168    0    0     0 15496 1516 1226 40 13 47  1  0
 2  0      0 394200 111504 6640908    0    0     0 66124 2101 1427 39 11 46  4  0
 2  0      0 348844 111504 6690284    0    0     0   196 1251 1065 43 10 47  0  0
 2  0      0 308052 111504 6732076    0    0     0 66164 2056 1349 38 11 47  4  0
 3  0      0 255416 111504 6787320    0    0     0    24 1258 1071 43 12 45  0  0
 2  0      0 251696 111504 6790532    0    0     0 97152 2867 1705 47 14 31  8  0
 2  0      0 449988 111504 6593728    0    0     0 24312 1476 1222 41 11 47  1  0
 1  1      0 395132 111504 6645364    0    0     0 23932 1660 1149 42 10 47  1  0
 2  0      0 346244 111504 6696872    0    0     0 42884 1886 1342 41  9 47  2  0
 2  0      0 297136 111504 6743872    0    0   112 66100 2107 1353 39 10 47  3  0
procs -----------memory---------- ---swap-- -----io---- -system-- ------cpu-----
 r  b   swpd   free   buff  cache   si   so    bi    bo   in   cs us sy id wa st
 3  0      0 233128 111504 6807748    0    0     0     0 1350 1143 43 13 44  0  0
 2  0      0 238516 111504 6813820    0    0  2268 97108 2671 1613 47 13 35  5  0
 1  1      0 182856 111504 6866644    0    0     0 28668 1596 1187 39 12 47  2  0
 1  0      0 453636 111504 6584160    0    0     0 49240 1973 1535 25 12 60  3  0
 1  0      0 442828 111504 6594336    0    0     0   228 1097 1090 21  7 72  0  0
 1  0      0 432496 111504 6604464    0    0     0    24 1087 1056 22  6 72  0  0
 2  0      0 402004 111504 6630212    0    0    60     0 1284 1170 27  8 64  0  0
 7  0      0 379776 111504 6657388    0    0    80 31508 1848 1334 64 15 19  3  0
 7  0      0 263368 111504 6783672    0    0     0    16 1461 1137 83 17  0  0  0
 4  0      0 144968 111504 6899180    0    0   524 120800 3489 1602 80 17  1  2  0
 3  0      0 418612 111504 6619956    0    0     0 193452 3602 2505 39 14 25 22  0
 2  0      0 376828 111504 6672452    0    0     0    24 3480 1032 39 16 45  0  0
 2  0      0 333780 111504 6714068    0    0   724 66600 2155 1520 37 13 46  4  0
 3  0      0 271032 111508 6776220    0    0     0    36 1261 1009 46 12 41  0  0
 2  0      0 274780 111508 6778832    0    0  1012 97208 2541 1663 45 14 36  4  0
 3  0      0 230556 111508 6823984    0    0   320 66272 2214 1535 41 10 46  3  0
 1  1      0 181416 111508 6872428    0    0   144 37160 1576 1166 39 11 47  3  0
 1  0      0 428840 111508 6616180    0    0     0   312 1158 1161 22  7 71  0  0
 1  0      0 416044 111508 6626028    0    0     0     4 1246 1161 24  5 71  0  0
 2  0      0 401956 111508 6638768    0    0     0     0 1033 1017 22  7 70  0  0
 1  0      0 424856 111508 6614284    0    0     0 31196 1689 1307 33 10 55  2  0
procs -----------memory---------- ---swap-- -----io---- -system-- ------cpu-----
 r  b   swpd   free   buff  cache   si   so    bi    bo   in   cs us sy id wa st
 1  0      0 414020 111508 6624740    0    0     0     0 1216 1132 21  7 72  0  0
 1  0      0 403436 111508 6634792    0    0     0    28 1010 1085 21  6 73  0  0
 1  0      0 392600 111508 6644516    0    0     0   356 1086 1080 21  7 72  0  0
 1  0      0 382772 111508 6654248    0    0  1104     0 1302 1244 22  7 71  0  0
 1  0      0 373448 111508 6663268    0    0     0   640 1103 1097 21  6 72  0  0
 1  1      0 331620 111508 6703744    0    0  1132 24456 1470 1216 37  8 52  2  0
 2  0      0 385876 111508 6651332    0    0    44  6712 1367 1260 22  8 69  1  0
 1  0      0 375040 111508 6661768    0    0   796    16 1123 1154 21  7 72  0  0
 1  0      0 363208 111508 6672856    0    0     0     0 1072 1071 21  7 72  0  0
 1  0      0 353036 111508 6683184    0    0   960     0 1253 1251 21  8 72  0  0
 1  0      0 342824 111508 6693444    0    0     0     4 1022 1018 21  6 72  0  0
10  0      0 369720 111508 6673476    0    0  1666 31204 2305 2205 36 11 52  2  0
 8  0      0 229780 111508 6816072    0    0   932   240 1564 1259 82 18  0  0  0
 8  0      0 125480 111504 6923920    0    0     0     0 1605 1265 83 17  0  0  0
 2  1      0 130164 111484 6919296    0    0    84 276728 4633 2463 71 19  2  7  0
 2  0      0 464028 111484 6583260    0    0  1667 86444 3664 2631 38 18 40  4  0
 2  0      0 415508 111488 6629872    0    0     0 66172 2102 1413 38 12 46  4  0
 2  0      0 365360 111488 6680292    0    0     0   464 1221 1070 42 10 47  0  0
 3  0      0 292804 111488 6759384    0    0     0 66204 2117 1311 51 13 34  3  0
 2  0      0 300904 111488 6752772    0    0     0 31084 1916 1385 42 13 44  1  0
 3  0      0 258848 111488 6794364    0    0     0 66060 2026 1344 38 10 47  4  0
procs -----------memory---------- ---swap-- -----io---- -system-- ------cpu-----
 r  b   swpd   free   buff  cache   si   so    bi    bo   in   cs us sy id wa st
 2  0      0 482220 111488 6574940    0    0     0 38224 1687 1319 38 14 46  3  0
 1  1      0 423640 111488 6628552    0    0   840 36728 1723 1298 41 10 46  2  0
 2  0      0 382068 111488 6677756    0    0     0 29404 1819 1312 39 12 47  2  0
 3  0      0 293368 111488 6759280    0    0   820 66096 2261 1465 52 14 32  3  0
 2  0      0 296744 111488 6752492    0    0     0 31468 1936 1428 41 13 44  2  0
 2  0      0 250656 111488 6798728    0    0   688 66060 1955 1382 37 12 47  4  0
 2  0      0 196980 111488 6850164    0    0     0 12568 1393 1177 41 12 47  1  0
 1  0      0 469004 111488 6563280    0    0   884 65328 2219 1714 28 10 58  4  0
 1  0      0 457664 111488 6573984    0    0     0     0 1043 1101 22  6 73  0  0
 2  0      0 422132 111488 6614756    0    0     0    24 1198 1064 35  9 56  0  0
 1  0      0 468620 111488 6564944    0    0     0 31156 1625 1372 21  8 69  3  0
 1  0      0 456524 111488 6576740    0    0     0    64 1003 1047 22  6 72  0  0
 1  0      0 444932 111488 6587624    0    0     0     4 1159 1152 21  7 72  0  0
 1  0      0 435356 111488 6596976    0    0     0     0 1046 1076 21  7 72  0  0
 1  0      0 425528 111488 6605972    0    0     0     4 1030 1078 21  7 72  0  0
 7  0      0 453024 111488 6586740    0    0     0 31264 1898 1390 37 13 49  2  0
 7  0      0 365088 111488 6697960    0    0     0     0 1505 1184 84 15  1  0  0
 8  0      0 250440 111488 6809144    0    0     0 28268 1958 1285 84 16  0  0  0
 4  2      0 124468 111488 6928828    0    0     0 85584 2988 1696 80 17  0  3  0
 3  0      0 473648 111480 6574296    0    0     0 237340 3521 2452 41 18 19 22  0
 2  0      0 429500 111480 6622004    0    0     0   348 1521 1133 42 12 46  0  0
procs -----------memory---------- ---swap-- -----io---- -system-- ------cpu-----
 r  b   swpd   free   buff  cache   si   so    bi    bo   in   cs us sy id wa st
 2  0      0 395912 111480 6663436    0    0     0 66248 1590 1438 41  9 47  3  0
 2  0      0 344000 111480 6712376    0    0     0   428 1362 1123 41 11 47  0  0
 2  0      0 317304 111480 6724720    0    0     0 97188 1887 1584 50 15 30  4  0
 2  0      0 265180 111480 6776904    0    0     0     0 1361 1151 42 12 46  0  0
 2  0      0 224864 111480 6819156    0    0   724 66060 1411 1297 38 10 47  4  0
 2  0      0 174244 111480 6867056    0    0     0    28 1203 1070 43 10 47  0  0
 2  0      0 132188 111480 6909124    0    0   368 66204 1610 1389 40 10 46  4  0
 2  0      0 416268 111480 6620280    0    0     0 32328 1426 1342 39 12 47  2  0
 2  1      0 354540 111480 6688912    0    0   352 31756 1633 1482 48 15 35  2  0
 2  0      0 371440 111480 6680468    0    0     0 65392 1910 1426 43 14 40  3  0
 2  0      0 327872 111480 6722288    0    0     0 67216 2021 1489 38 11 47  3  0
 6  0      0 282548 111480 6768176    0    0   656   292 1461 1173 42 11 46  0  0
 2  0      0 241224 111480 6809408    0    0     0 66188 1903 1316 39 11 47  4  0
 2  0      0 194100 111480 6858932    0    0     0     4 1202 1069 41 12 47  0  0
 2  0      0 143952 111480 6906960    0    0     0 66076 2123 1388 38 12 46  3  0
 2  0      0 437800 111472 6600640    0    0     0 157340 2618 1993 51 18 22 10  0
 1  0      0 506952 111472 6533972    0    0   440     0 2117 1069 22  9 70  0  0
 1  0      0 494128 111472 6545224    0    0     0     0 1197 1174 21  7 72  0  0
 1  0      0 483040 111472 6556072    0    0   732     0 1084 1081 22  6 72  0  0
 1  0      0 472708 111472 6566116    0    0     0     0 1074 1071 21  6 72  0  0
 2  0      0 446752 111472 6589888    0    0   408   216 1274 1156 25  9 66  0  0
procs -----------memory---------- ---swap-- -----io---- -system-- ------cpu-----
 r  b   swpd   free   buff  cache   si   so    bi    bo   in   cs us sy id wa st
 7  0      0 425356 111472 6624812    0    0     0 46148 1880 1414 65 15 18  2  0
 6  0      0 309268 111472 6744824    0    0   204     0 1522 1135 83 16  1  0  0
 4  2      0 187804 111472 6859712    0    0     0 104992 2994 1722 77 17  5  1  0
 2  0      0 483240 111476 6575848    0    0     0 217332 3828 2485 48 17 25  9  0
 3  0      0 431988 111476 6625280    0    0     0   416 1403 1176 41 12 47  0  0
 2  0      0 387636 111480 6669476    0    0     0 66256 1433 1336 38 12 48  2  0
 3  0      0 333960 111480 6725276    0    0     0   364 1402 1142 47 11 41  0  0
 2  0      0 311800 111480 6729928    0    0   416 97116 1934 1519 51 12 33  5  0
 2  0      0 259680 111480 6776476    0    0  1666     0 1896 1979 42 12 45  0  0
 2  0      0 221936 111480 6814064    0    0   900 66072 1477 1379 37 12 46  4  0
 4  0      0 440828 111480 6593776    0    0     0 32632 1521 1386 38 14 46  2  0
 2  0      0 393772 111480 6640552    0    0   664   224 1348 1109 40 13 47  0  0
 1  0      0 441140 111480 6583692    0    0  1667 64436 1970 2266 25  8 64  3  0
 1  0      0 485484 111480 6563764    0    0   148 31128 1780 1361 35 10 53  2  0
 1  1      0 473168 111480 6575012    0    0     0   156 1219 1248 20  9 72  0  0
 1  0      0 461072 111480 6586232    0    0   696   172 1163 1113 21  6 72  0  0
 1  0      0 449480 111480 6597200    0    0   460     0 1187 1160 21  7 72  0  0
 1  0      0 437892 111480 6607832    0    0     0    20 1031 1061 22  6 72  0  0
 2  0      0 422520 111480 6619152    0    0   180   496 1150 1125 22  7 70  0  0
 1  0      0 433880 111480 6597588    0    0     0 31152 1723 1353 33 10 55  2  0
 1  0      0 423548 111480 6607836    0    0     0     4 1027 1030 22  6 72  0  0
procs -----------memory---------- ---swap-- -----io---- -system-- ------cpu-----
 r  b   swpd   free   buff  cache   si   so    bi    bo   in   cs us sy id wa st
 1  0      0 412744 111480 6617464    0    0     0     0 1025 1035 21  7 72  0  0
 1  0      0 402160 111480 6627444    0    0     0    24 1190 1161 22  7 72  0  0
 1  0      0 391828 111480 6636912    0    0     0     4 1116 1084 21  8 72  0  0
 1  0      0 382000 111480 6646200    0    0     0   288 1202 1178 22  6 72  0  0
10  0      0 397020 111480 6644928    0    0     0 31604 1915 1382 47 11 41  1  0
 8  0      0 288068 111480 6766816    0    0     0     0 1440 1138 84 16  0  0  0
 9  0      0 171644 111480 6878412    0    0     0 41456 2193 1349 82 17  0  1  0
 3  1      0 122320 111472 6936472    0    0     0 185316 3556 2138 78 17  1  5  0
 2  0      0 483012 111468 6573424    0    0     0 145640 4299 2092 46 16 28 10  0
 2  0      0 434264 111468 6620556    0    0     0   448 1324 1117 42 11 47  0  0
 2  0      0 392212 111468 6660796    0    0     0 66280 1573 1503 38 12 46  4  0
 2  0      0 462012 111468 6595852    0    0     0 24440 1404 1285 40 12 47  1  0
 2  0      0 437088 111468 6610680    0    0    32 31160 1730 1220 53 16 29  2  0
 2  0      0 394536 111468 6651640    0    0     0 66032 1486 1392 39 11 47  3  0
 1  1      0 345428 111468 6699764    0    0     0 16588 1345 1103 43  9 47  1  0
 2  0      0 300828 111468 6743140    0    0     0 49696 1530 1341 38 13 46  3  0
 1  1      0 259500 111468 6784456    0    0   108 65916 1426 1306 38 11 47  4  0
 2  0      0 463808 111468 6570276    0    0     0 27044 1428 1321 41 11 46  2  0
 3  0      0 392340 111468 6648900    0    0     0    28 1422 1094 51 12 37  0  0
 2  0      0 411232 111468 6645704    0    0     0 97556 2045 1536 40 14 41  5  0
 2  0      0 361620 111468 6694772    0    0     0   200 1282 1081 42 11 47  0  0
procs -----------memory---------- ---swap-- -----io---- -system-- ------cpu-----
 r  b   swpd   free   buff  cache   si   so    bi    bo   in   cs us sy id wa st
 2  0      0 319820 111468 6737600    0    0     0 66184 1547 1311 38 11 47  4  0
 1  1      0 275216 111468 6781492    0    0     0 20476 1408 1121 40 12 47  1  0
 3  0      0 233608 111468 6823912    0    0     0 45620 1936 1343 41 10 46  2  0
 3  0      0 172664 111468 6876272    0    0     0 66092 2186 1512 41 13 43  3  0
 2  0      0 146424 111468 6889284    0    0     0 31292 1841 1402 52 13 34  1  0
 1  0      0 493032 111472 6548764    0    0     0 76440 4238 1623 32 15 50  3  0
 1  0      0 478956 111472 6559804    0    0     0     0 1201 1161 21  7 72  0  0
 1  0      0 466608 111472 6570544    0    0     0     8 1031 1057 21  7 72  0  0
 1  0      0 455520 111472 6580124    0    0   748   204 1242 1212 23  5 71  0  0
 2  0      0 427548 111472 6609116    0    0     0     0 1174 1107 29  8 63  0  0
 8  0      0 412380 111472 6639316    0    0     0 31524 1899 1468 67 16 15  2  0
11  0      0 296284 111472 6755484    0    0  1268     0 1617 1243 83 16  0  0  0
 6  0      0 185404 111472 6862964    0    0   928 64912 2777 1462 83 15  1  1  0
 3  0      0 458032 111472 6588320    0    0     0 255500 3937 2519 43 17 23 16  0
 2  0      0 411816 111472 6633564    0    0     0   172 1356 1142 42 11 46  0  0
 3  0      0 346828 111640 6675364    0    0  3300 66232 2912 2186 43 14 35  8  0
 2  0      0 321164 111652 6722132    0    0   476   508 1928 1675 48 14 36  1  0
 2  0      0 300412 111656 6733328    0    0    76 97232 2589 1654 51 17 27  5  0
 2  0      0 247784 111656 6785260    0    0     0    76 1304 1206 43 10 47  0  0
 2  0      0 204468 111656 6825356    0    0   900 66156 2269 1753 39 14 42  4  0
 2  0      0 158604 111656 6871004    0    0     0     0 1418 1144 42 12 46  0  0
procs -----------memory---------- ---swap-- -----io---- -system-- ------cpu-----
 r  b   swpd   free   buff  cache   si   so    bi    bo   in   cs us sy id wa st
 2  0      0 118536 111656 6910772    0    0    52 66388 1930 1456 39 10 46  5  0
 1  0      0 430528 111656 6590188    0    0     0 29076 9647 1408 26 17 55  2  0
 3  0      0 417456 111656 6603908    0    0     0    76 1338 1184 23  8 69  0  0
 1  0      0 459080 111656 6579796    0    0     0 31444 1721 1426 31  9 58  1  0
 1  0      0 445500 111656 6591316    0    0   844     0 1220 1142 22  6 71  0  0
 1  0      0 428136 111656 6601876    0    0  1666     0 1947 2147 22  8 70  0  0
 1  0      0 417048 111656 6612788    0    0     0     0 1169 1187 20  7 72  0  0
 1  0      0 407976 111656 6621924    0    0     0   280 1196 1119 21  7 72  0  0
 2  0      0 391092 111656 6640432    0    0     0   152 1203 1150 26  7 66  0  0
 1  0      0 411796 111660 6610536    0    0  1171 31116 2112 2140 32 10 56  2  0
 1  0      0 401716 111660 6620152    0    0   496     0 1495 1504 21  7 71  0  0
 1  0      0 392140 111660 6629152    0    0     0     0 1171 1154 21  7 72  0  0
 1  0      0 382088 111660 6638652    0    0     0     0 1139 1135 21  8 72  0  0
 1  0      0 372764 111660 6647724    0    0     0   640 1205 1205 22  7 71  0  0
 1  0      0 363944 111660 6656252    0    0     0   272 1212 1157 22  7 72  0  0
 2  0      0 336732 111660 6688940    0    0     0     0 1227 1105 32 10 57  0  0
 9  0      0 319624 111660 6716220    0    0     0 31072 1855 1397 69 15 13  2  0
10  0      0 195388 111660 6845616    0    0     0     0 1428 1099 83 17  0  0  0
 7  0      0 123344 111648 6913036    0    0     0 111092 2759 1756 78 19  1  1  0
 2  0      0 497716 111640 6546656    0    0     0 259440 10688 3069 48 19 16 16  0
 2  0      0 449624 111640 6594240    0    0     0    24 1267 1061 42 11 48  0  0
procs -----------memory---------- ---swap-- -----io---- -system-- ------cpu-----
 r  b   swpd   free   buff  cache   si   so    bi    bo   in   cs us sy id wa st
 2  0      0 404292 111640 6637916    0    0     0 66048 1443 1486 39 10 47  4  0
 2  0      0 356200 111640 6686468    0    0     0     0 1344 1110 41 12 46  0  0
 3  0      0 340812 111640 6698664    0    0     0 97712 2184 1558 53 14 28  5  0
 2  0      0 493116 111640 6530252    0    0     0 43028 1927 1782 40 12 45  3  0
 6  0      0 444964 111640 6582896    0    0     0    24 1640 1818 41 13 46  0  0
 2  0      0 404172 111640 6624164    0    0     0 66200 1562 1431 39 10 46  4  0
 2  0      0 362596 111640 6673580    0    0     0     0 1323 1113 44 10 46  0  0
 2  0      0 322796 111640 6711720    0    0   628 66196 1635 1464 39 10 46  5  0
 3  0      0 265116 111640 6767136    0    0     0    84 1410 1199 47 11 42  0  0
 2  0      0 256724 111640 6765440    0    0     0 97124 2087 1837 46 13 30 11  0
 2  0      0 210104 111640 6813900    0    0     0   268 1567 1264 43 11 46  0  0
 2  0      0 162744 111640 6860336    0    0  1168 66092 1581 1437 38 10 47  5  0
 1  0      0 453372 111644 6553508    0    0     0 25264 1459 1406 22 11 66  1  0
 1  0      0 442312 111644 6563616    0    0     0    12 1221 1174 22  7 72  0  0
 2  0      0 428704 111644 6581972    0    0     0     0 1127 1125 24  8 69  0  0
 1  0      0 475544 111644 6555372    0    0    36 31552 1723 1232 28 11 59  2  0
 1  0      0 464300 111644 6566092    0    0     0     0 1178 1144 21  7 71  0  0
 1  0      0 453132 111644 6576668    0    0     0     0 1059 1052 21  7 72  0  0
 1  0      0 442564 111644 6587388    0    0     0     0 1184 1146 22  6 72  0  0
 1  0      0 431544 111644 6597444    0    0     0     0 1092 1087 21  7 72  0  0
 2  0      0 395004 111644 6630312    0    0     0   420 1302 1187 28 10 62  0  0
procs -----------memory---------- ---swap-- -----io---- -system-- ------cpu-----
 r  b   swpd   free   buff  cache   si   so    bi    bo   in   cs us sy id wa st
 7  0      0 348936 111644 6687444    0    0     0 31096 1976 1473 73 15 10  1  0
 8  0      0 204316 111644 6832572    0    0     0     0 1474 1139 82 17  0  0  0
 1  3      0 126524 111636 6909100    0    0     0 237956 5811 2800 73 20  0  6  0
 3  0      0 469852 111636 6564840    0    0    44 135180 5243 2358 36 16 33 14  0
 1  1      0 417640 111636 6616692    0    0     0 15416 1451 1104 41 11 48  1  0
 3  0      0 379620 111636 6660256    0    0     0 50992 1934 1343 38 11 47  3  0
 3  0      0 321944 111640 6719448    0    0     4 66252 2059 1417 42 13 42  4  0
 2  0      0 313388 111644 6731356    0    0   556 31704 1994 1393 47 14 37  1  0
 2  0      0 499760 111644 6545976    0    0     0 60140 2022 1428 37 13 47  4  0
 2  0      0 445676 111644 6599700    0    0     0     0 1306 1143 40 13 47  0  0
 2  0      0 397812 111644 6647712    0    0     0 66112 2022 1327 37 12 47  4  0
 2  0      0 347444 111644 6695412    0    0     0 66328 2252 1507 39 13 46  3  0
 3  0      0 263808 111644 6772488    0    0     0    32 1394 1083 50 14 36  0  0
 2  0      0 261380 111644 6768384    0    0     0 97068 2556 1685 42 14 40  5  0
 1  0      0 489900 111644 6525356    0    0     0 30400 1551 1265 25 10 63  2  0
 1  0      0 478336 111644 6536208    0    0     0     0 1032 1045 21  7 72  0  0
 1  0      0 468288 111644 6546112    0    0     0   264 1227 1129 21  8 72  0  0
 1  0      0 457956 111644 6556692    0    0     0   288 1101 1121 21  7 72  0  0
 1  1      0 421448 111644 6599072    0    0     0 26636 1430 1158 34  8 56  2  0
 1  0      0 483952 111644 6548320    0    0     0  4632 1264 1249 20  8 71  1  0
 1  0      0 473144 111644 6558792    0    0     0     0 1111 1069 23  6 72  0  0
procs -----------memory---------- ---swap-- -----io---- -system-- ------cpu-----
 r  b   swpd   free   buff  cache   si   so    bi    bo   in   cs us sy id wa st
 1  0      0 462056 111644 6569324    0    0     0     8 1077 1098 20  8 72  0  0
 1  0      0 451476 111644 6579312    0    0     0   312 1095 1098 22  6 72  0  0
 1  0      0 441404 111644 6589092    0    0     0     0 1234 1194 21  8 71  0  0
 7  0      0 455748 111644 6568544    0    0  1666 31320 2190 2177 37 10 50  2  0
12  0      0 359104 111644 6681196    0    0     0     0 1548 1227 81 18  1  0  0
 9  0      0 228300 111644 6794808    0    0     4    52 2341 2902 81 19  1  0  0
 3  2      0 125308 111648 6905792    0    0     0 154540 4357 2432 78 18  0  3  0
 2  0      0 489836 111648 6546516    0    0  1667 205356 4898 3553 43 21 24 12  0
 1  0      0 464588 111652 6567396    0    0     0 16108 1529 1431 31  8 60  1  0
 1  0      0 429312 111652 6603632    0    0     0 66064 1886 1458 19  6 71  4  0
 1  0      0 386536 111652 6644648    0    0     0     8 1301 1236 23  6 72  0  0
 1  0      0 351536 111652 6678712    0    0     0 66256 1957 1432 19  5 72  4  0
 1  0      0 311720 111652 6717712    0    0     0    24 1165 1179 22  6 72  0  0
 1  0      0 281228 111656 6748764    0    0     0 66472 2156 1508 18  7 71  4  0
 0  1      0 239648 111656 6788088    0    0     0  2760 1135 1107 22  6 72  0  0
 1  0      0 541164 111656 6487632    0    0     0 87476 2123 1563 15  7 72  6  0
 1  0      0 507184 111656 6525360    0    0     0   420 1282 1224 23  6 71  0  0
 1  0      0 474424 111656 6556440    0    0     0 66244 1838 1398 19  5 72  3  0
 1  0      0 434608 111656 6597300    0    0     0   212 1172 1155 22  6 72  0  0
 1  0      0 399904 111656 6631672    0    0     0 66164 1708 1533 22  4 71  3  0
 1  0      0 356560 111656 6674692    0    0     0     4 1190 1155 23  5 72  0  0
procs -----------memory---------- ---swap-- -----io---- -system-- ------cpu-----
 r  b   swpd   free   buff  cache   si   so    bi    bo   in   cs us sy id wa st
 1  0      0 324080 111656 6706720    0    0     0 66176 1922 1402 18  6 72  4  0
 1  0      0 285776 111656 6744688    0    0     0    28 1279 1189 24  5 71  0  0
 1  0      0 326004 111656 6697424    0    0     0 93048 2043 1569 17  6 72  5  0
 7  0      0 486992 111656 6563024    0    0     0   176 3733 1076 76 17  6  0  0
 1  2      0 376648 111656 6672700    0    0     0 128968 3023 1838 68 12 10 10  0
12  0      0 534284 111664 6501068    0    0     0 113324 2619 2264 57 13 22  8  0
13  1      0 406628 111664 6627576    0    0   136   328 1671 1384 85 15  1  0  0
14  0      0 274584 111664 6755396    0    0   156    28 1728 1402 85 15  0  0  0
15  0      0 147576 111664 6878108    0    0   496   204 1637 1342 84 15  0  0  0
12  0      0 128568 111640 6892988    0    0     0     0 1593 1402 84 16  1  0  0
14  0      0 130700 111612 6887436    0    0     0 66364 2003 1767 81 19  0  0  0
11  3      0 117164 111592 6901700    0    0     0 317856 5349 3132 76 21  1  2  0
 9  2      0 127588 111564 6908920    0    0     0 453080 8519 4959 70 23  3  4  0
 9  1      0 117908 111532 6920624    0    0     0 98956 3535 2046 81 18  0  0  0
15  0      0 1268624 111532 5759156    0    0     0 158692 4601 2357 37 23 30 10  0
10  0      0 1128820 111532 5900460    0    0     0     0 1551 1330 84 15  1  0  0
16  0      0 985436 111532 6039852    0    0     0   576 1703 1439 84 16  0  0  0
14  0      0 839308 111532 6182076    0    0     0     8 1531 1308 84 16  0  0  0
13  0      0 701736 111540 6320824    0    0     0 73800 2901 1849 83 16  1  1  0
12  2      0 554628 111540 6459788    0    0     0 81920 2478 1699 84 16  1  0  0
 7  7      0 425884 111540 6583484    0    0     0 480192 8880 4837 76 20  1  2  0
procs -----------memory---------- ---swap-- -----io---- -system-- ------cpu-----
 r  b   swpd   free   buff  cache   si   so    bi    bo   in   cs us sy id wa st
 4  0      0 681072 111560 6329792    0    0     0 283412 5852 4211 42 14 26 18  0
