procs -----------memory---------- ---swap-- -----io---- -system-- ------cpu-----
 r  b   swpd   free   buff  cache   si   so    bi    bo   in   cs us sy id wa st
 1  0      0 1113464 111564 6012428    0    0    30   688   64   50  5  1 93  0  0
 2  0      0 1112992 111564 6012476    0    0     0   116 1203 1329  1  1 97  0  0
 1  0      0 1098636 111564 6025096    0    0     0   936 1959 2180 19 11 69  1  0
 2  0      0 1073224 111564 6037076    0    0     0     4 1287 1412 22  6 72  0  0
 1  0      0 1049548 111564 6048584    0    0     0    16 1103 1109 20  8 72  0  0
 1  0      0 1026392 111564 6059928    0    0     0     0 1215 1192 20  8 72  0  0
 2  0      0 1004220 111564 6070732    0    0     0     0 1081 1098 22  6 72  0  0
 2  1      0 955080 111564 6113188    0    0     0 16628 1624 1390 34 10 56  1  0
 1  0      0 1052204 111564 6063300    0    0     0 14680 1536 1380 21  8 70  1  0
 1  0      0 1026832 111564 6075112    0    0     0     4 1454 1401 21  8 71  0  0
 1  0      0 1002596 111564 6086848    0    0     0    24 1034 1056 21  7 72  0  0
 1  0      0 979020 111564 6098236    0    0     0   524 1134 1160 21  6 73  0  0
 2  0      0 938196 111564 6134568    0    0     0    88 1404 1281 28  9 62  0  0
 1  0      0 976820 111564 6092376    0    0   320 31272 1723 1472 23  8 67  1  0
 1  0      0 964480 111564 6104908    0    0   636     0 1249 1351 21  8 71  0  0
 1  0      0 952384 111564 6116936    0    0     0    16 1104 1142 21  6 72  0  0
 1  0      0 942116 111564 6127900    0    0     0    60 1257 1195 22  7 72  0  0
 2  0      0 925132 111568 6155468    0    0   488   316 1598 1544 27  9 64  0  0
 1  0      0 950636 111572 6121956    0    0     0 31264 1764 1494 26  9 63  1  0
 1  0      0 934040 111572 6134452    0    0    48     0 1553 1584 23  8 69  0  0
 2  0      0 921192 111572 6146860    0    0     0     4 1216 1174 20  7 72  0  0
procs -----------memory---------- ---swap-- -----io---- -system-- ------cpu-----
 r  b   swpd   free   buff  cache   si   so    bi    bo   in   cs us sy id wa st
 1  0      0 909096 111572 6158912    0    0     0    28 1077 1107 21  7 72  0  0
 2  0      0 887172 111572 6185092    0    0     0   740 1211 1171 25  9 66  0  0
 3  0      0 857756 111572 6212120    0    0     0 31148 2023 1381 55 14 30  1  0
 1  0      0 915536 111572 6153968    0    0     0 114100 2313 1695 46 13 37  4  0
 1  0      0 903472 111572 6165284    0    0     0     8 1059 1078 21  6 73  0  0
 1  0      0 891880 111572 6176528    0    0     0   428 1168 1106 21  6 72  0  0
 1  0      0 880796 111572 6187648    0    0    64    88 1132 1114 22  5 72  0  0
 1  0      0 892432 111572 6168976    0    0     0 31216 1683 1353 32  9 57  2  0
 1  0      0 879328 111572 6181588    0    0     0     0 1033 1086 21  6 73  0  0
 1  0      0 866996 111572 6193012    0    0     0     0  978 1023 21  6 73  0  0
 1  0      0 855180 111572 6204296    0    0     0    28 1174 1170 22  6 72  0  0
 1  0      0 844092 111572 6214952    0    0     0    96 1200 1172 21  7 72  0  0
 1  1      0 806052 111572 6258180    0    0     0 31108 1546 1228 30 10 59  1  0
 1  0      0 862548 111572 6206940    0    0     0    96 1126 1263 21  7 72  0  0
 1  0      0 851208 111572 6218092    0    0     0     0 1218 1163 20  8 72  0  0
 1  0      0 840404 111572 6228456    0    0     0    60 1056 1089 21  6 72  0  0
 1  0      0 829608 111572 6239244    0    0     0   216 1095 1117 21  6 73  0  0
 1  0      0 819736 111572 6249228    0    0     0     4 1139 1088 22  6 72  0  0
 1  0      0 838224 111572 6230664    0    0     0 31296 1650 1345 34  8 56  2  0
 1  0      0 825660 111572 6242012    0    0   276     4 1054 1051 20  8 72  0  0
 1  0      0 815076 111572 6252640    0    0   688     0 1245 1230 22  7 71  0  0
procs -----------memory---------- ---swap-- -----io---- -system-- ------cpu-----
 r  b   swpd   free   buff  cache   si   so    bi    bo   in   cs us sy id wa st
 1  0      0 804240 111572 6263316    0    0    48    16 1256 1197 22  7 71  0  0
 1  0      0 792420 111572 6274716    0    0  1666   120 1727 1990 21  8 71  0  0
 2  0      0 765708 111572 6305944    0    0    52   228 1115 1054 27 10 63  0  0
 3  0      0 740816 111572 6331092    0    0     0 30988 1870 1323 54 17 28  1  0
 2  2      0 659460 111572 6411544    0    0  1667 132024 3128 2729 51 18 21  9  0
 3  0      0 565212 111572 6505280    0    0     0   648 1397 1069 60 17 23  0  0
 4  0      0 775508 111572 6290064    0    0     0 92664 2152 1713 25  9 58  8  0
 2  0      0 759184 111572 6310264    0    0     0     8 1189 1124 24  7 69  0  0
 1  0      0 780192 111572 6283108    0    0     0 31144 1605 1268 28 10 60  2  0
 1  0      0 766840 111572 6295968    0    0     0     0 1056 1083 19  8 73  0  0
 1  0      0 754492 111572 6308392    0    0     0    32 1086 1086 20  7 72  0  0
 1  0      0 742648 111572 6320232    0    0     0    84 1150 1135 20  7 73  0  0
 2  0      0 730872 111572 6336080    0    0   728    24 1189 1121 23  8 70  0  0
 1  0      0 754072 111572 6313748    0    0     0 31180 1654 1432 31  9 59  2  0
 1  0      0 740968 111572 6326544    0    0     0     0 1009 1034 20  7 72  0  0
 1  0      0 728620 111572 6338668    0    0     0     0 1007 1047 21  7 73  0  0
 1  0      0 716776 111572 6350344    0    0     0    80 1162 1110 21  7 72  0  0
 2  0      0 704428 111572 6363096    0    0     0    16 1045 1073 22  6 72  0  0
 1  0      0 729900 111576 6344684    0    0     0 31108 1638 1306 31  9 58  2  0
 1  0      0 717836 111580 6356728    0    0     0   428 1138 1154 21  7 72  0  0
 1  0      0 706276 111580 6368296    0    0     0    20 1158 1134 22  6 72  0  0
procs -----------memory---------- ---swap-- -----io---- -system-- ------cpu-----
 r  b   swpd   free   buff  cache   si   so    bi    bo   in   cs us sy id wa st
 1  0      0 693436 111580 6379288    0    0     0     0 1323 1278 22  8 71  0  0
 1  0      0 682348 111580 6389616    0    0     0    92 1106 1106 22  6 72  0  0
 3  0      0 695728 111580 6371572    0    0     0 31168 1633 1260 34 10 54  2  0
 3  0      0 606828 111580 6467068    0    0     0     0 1436 1099 63 15 22  0  0
 3  0      0 529508 111580 6541988    0    0   828 132072 2677 1934 51 15 22 12  0
 3  0      0 437780 111580 6631916    0    0   976     0 1407 1094 63 14 22  0  0
 3  0      0 360192 111580 6711160    0    0     0 132536 2799 1954 52 14 21 12  0
 2  0      0 650240 111580 6416200    0    0     0 66088 1871 1547 38 14 43  4  0
 1  0      0 674444 111580 6391988    0    0   132 31024 1470 1267 32  9 57  2  0
 1  0      0 662520 111580 6404196    0    0     0   548 1103 1074 20  7 73  0  0
 2  0      0 652016 111580 6415360    0    0     0     4 1009 1081 22  6 72  0  0
 1  0      0 640052 111580 6426880    0    0     0    92 1158 1133 22  7 71  0  0
 1  0      0 628620 111580 6438536    0    0     0     0 1013 1073 21  6 73  0  0
 2  0      0 639508 111580 6420044    0    0     0 31296 1583 1225 32  9 59  1  0
 1  0      0 626864 111580 6432728    0    0     0    20 1098 1118 20  7 73  0  0
 1  0      0 615348 111580 6443988    0    0     0     0 1077 1056 22  6 72  0  0
 2  0      0 604796 111580 6455640    0    0     4     8 1213 1175 24  7 68  0  0
 1  0      0 592196 111580 6467476    0    0     0    84 1123 1087 21  6 73  0  0
 1  0      0 612848 111580 6449056    0    0   252 31288 1626 1289 32  8 58  2  0
 1  0      0 599020 111580 6461528    0    0     0   280 1275 1172 21  7 72  0  0
 1  0      0 585688 111580 6473792    0    0     0     0 1081 1089 22  6 72  0  0
procs -----------memory---------- ---swap-- -----io---- -system-- ------cpu-----
 r  b   swpd   free   buff  cache   si   so    bi    bo   in   cs us sy id wa st
 1  0      0 572332 111580 6486100    0    0     0     4 1090 1068 21  7 72  0  0
 1  0      0 557996 111580 6497944    0    0     0    88 1306 1180 22  6 72  0  0
 1  1      0 522972 111580 6541420    0    0     0 16656 1369 1149 32  9 58  1  0
 4  0      0 506900 111580 6575696    0    0     0 14608 1679 1129 58 17 24  1  0
 3  0      0 402352 111580 6676588    0    0     0 49008 2052 1224 59 16 23  2  0
 1  0      0 557748 111580 6509576    0    0     0 168972 3959 2099 40 13 37 10  0
 1  0      0 546940 111580 6520104    0    0     0   556 1201 1061 22  6 72  0  0
 3  0      0 525016 111580 6542996    0    0     0     4 1118 1072 24  8 68  0  0
 2  0      0 539452 111580 6513076    0    0     0 31188 1624 1302 28  8 63  1  0
 2  0      0 527988 111580 6523876    0    0     0   328 1188 1127 22  6 72  0  0
 5  0      0 515740 111580 6535764    0    0   504     0 1114 1097 21  6 72  0  0
 6  0      0 504096 111580 6547072    0    0   108    84 1122 1140 21  7 73  0  0
 3  0      0 492620 111580 6558304    0    0     0     8 1203 1101 20  7 72  0  0
 3  0      0 520620 111580 6540592    0    0     0 31280 1716 1337 31 10 58  1  0
 2  0      0 508300 111580 6552820    0    0   520    36 1115 1127 21  7 72  0  0
 3  0      0 496980 111580 6564828    0    0     0     0 1129 1144 20  8 72  0  0
 3  0      0 485168 111580 6576384    0    0   864   220 1829 1871 21  8 70  1  0
 3  0      0 473324 111580 6587984    0    0     0    76 1152 1197 22  6 72  0  0
 2  0      0 491272 111580 6570484    0    0  1096 31228 1753 1334 31  9 58  1  0
 2  0      0 476004 111580 6583632    0    0  1666   144 1994 2150 21  8 70  0  0
 2  0      0 463960 111580 6595524    0    0     0     0 1089 1093 21  7 72  0  0
procs -----------memory---------- ---swap-- -----io---- -system-- ------cpu-----
 r  b   swpd   free   buff  cache   si   so    bi    bo   in   cs us sy id wa st
 2  0      0 452116 111580 6606832    0    0     0     0 1114 1131 21  7 72  0  0
 2  0      0 442332 111580 6616912    0    0  1667    92 1919 2046 23  7 70  0  0
 3  0      0 393732 111580 6660080    0    0   724  8480 1449 1191 32  9 58  1  0
 5  0      0 385228 111580 6679844    0    0     0 22924 1736 1198 58 17 24  1  0
 7  0      0 299324 111580 6764076    0    0     0 48364 1924 1309 61 14 23  2  0
 7  0      0 215424 111580 6845852    0    0     0 48208 2060 1282 61 15 22  2  0
 6  0      0 132264 111580 6931632    0    0     0 132140 3334 1855 59 14 22  5  0
 5  0      0 438300 111576 6633064    0    0   644 105676 4804 1829 47 15 34  4  0
 4  0      0 406648 111576 6660996    0    0     0 31516 1958 1379 51 15 34  1  0
 3  0      0 351520 111576 6721976    0    0     0 66112 2426 1495 38 13 47  2  0
 3  0      0 292812 111576 6779836    0    0     0 66060 2155 1385 38 12 47  3  0
 3  0      0 442228 111576 6628244    0    0     0 60796 2050 1401 35 12 51  2  0
 2  0      0 430160 111576 6639668    0    0     0     0 1070 1120 22  5 73  0  0
 6  0      0 396656 111576 6672168    0    0     0    88 1265 1097 28 10 63  0  0
 2  0      0 422028 111576 6632940    0    0     0 31112 1494 1320 24  9 66  2  0
 2  0      0 409932 111576 6644888    0    0     0    24  960  995 21  6 73  0  0
 3  0      0 396108 111576 6656912    0    0     0    84  997 1057 22  5 73  0  0
 2  0      0 384276 111576 6668344    0    0   516     0 1180 1112 22  6 71  0  0
 3  0      0 368916 111576 6690564    0    0     0   120 1092 1075 24  8 68  0  0
 3  0      0 402352 111576 6661728    0    0     0 31528 1750 1297 27  9 63  1  0
 4  0      0 390284 111576 6673448    0    0     0    24 1094 1051 21  6 73  0  0
procs -----------memory---------- ---swap-- -----io---- -system-- ------cpu-----
 r  b   swpd   free   buff  cache   si   so    bi    bo   in   cs us sy id wa st
 4  0      0 378216 111576 6685276    0    0     0   100 1180 1087 20  8 72  0  0
 4  0      0 366372 111576 6696668    0    0    52     0 1040 1020 21  6 73  0  0
 2  0      0 354280 111576 6707472    0    0     0     0 1025 1018 21  7 73  0  0
 5  0      0 353052 111576 6713584    0    0    76 31432 2047 1351 44 13 42  1  0
 5  0      0 254276 111576 6818308    0    0     0     0 1412 1078 61 17 23  0  0
 5  0      0 154232 111576 6915620    0    0     0 71092 1531 1218 61 14 23  3  0
 2  2      0 130864 111564 6943444    0    0     0 122952 2955 1689 57 16 22  4  0
 3  0      0 383052 111564 6694676    0    0     0 90856 2201 1638 36 14 44  7  0
 5  0      0 297404 111564 6778556    0    0   900 66916 1785 1440 49 13 35  3  0
 3  1      0 295364 111564 6777652    0    0     0 45340 1668 1287 41 12 45  2  0
 3  0      0 413932 111564 6651588    0    0     0 44960 1281 1313 21  8 69  2  0
 4  0      0 401584 111564 6663616    0    0     0     0 1013 1059 21  7 72  0  0
 5  0      0 389992 111564 6674968    0    0     0     0  926  964 22  6 73  0  0
 5  0      0 372604 111564 6698860    0    0     0    16 1017 1002 25  8 67  0  0
 5  0      0 386268 111564 6668296    0    0     0 31176 1637 1235 28  8 62  2  0
 5  0      0 373420 111564 6680508    0    0     0     0  964 1024 21  6 73  0  0
 5  0      0 361828 111564 6692036    0    0     0   108 1035 1048 20  7 72  0  0
 5  0      0 349480 111564 6702424    0    0     0     0 1090 1054 22  7 72  0  0
 5  0      0 337672 111564 6713176    0    0     0    72  997 1020 22  6 72  0  0
 3  0      0 367932 111564 6694296    0    0     0 31448 1590 1235 32 10 57  1  0
 3  0      0 355108 111564 6706276    0    0     0     4  982 1002 21  7 72  0  0
procs -----------memory---------- ---swap-- -----io---- -system-- ------cpu-----
 r  b   swpd   free   buff  cache   si   so    bi    bo   in   cs us sy id wa st
 3  0      0 343012 111564 6718352    0    0     0   104 1095 1045 21  7 72  0  0
 3  0      0 330416 111564 6730004    0    0   364     4  976 1010 21  6 72  0  0
 3  0      0 318348 111564 6741684    0    0   216     0  990 1050 20  8 73  0  0
 5  0      0 330460 111564 6724440    0    0     0 31368 1797 1303 35  9 55  1  0
 5  0      0 248812 111564 6825000    0    0  2388     8 1421 1075 63 15 22  0  0
 5  0      0 154088 111564 6914640    0    0   208    84 1356 1011 65 13 22  0  0
 5  0      0 117396 111560 6953024    0    0     0 261376 5209 2572 57 15 12 16  0
 6  0      0 115928 111540 6957164    0    0  1204 41972 1897 1256 62 15 21  2  0
 5  0      0 411432 111536 6655068    0    0   240 62716 2209 1515 39 15 43  3  0
 4  0      0 430444 111536 6632896    0    0   628 104704 2892 1635 47 15 31  6  0
 5  0      0 418176 111536 6647700    0    0     0     0 1200 1048 41 12 48  0  0
 3  0      0 362988 111536 6702364    0    0     0 66176 2029 1307 38 11 48  3  0
 3  0      0 306540 111536 6758024    0    0   932 66416 2199 1427 40 10 47  3  0
 2  0      0 431620 111536 6619344    0    0     0 10532 1288 1222 26  7 67  1  0
 4  0      0 396844 111536 6656400    0    0   796     0 1156 1091 30  9 62  0  0
 3  1      0 455500 111536 6611788    0    0     0 31108 1420 1232 23  8 67  2  0
 2  0      0 438908 111536 6624172    0    0  2014   184 1779 1993 22  7 71  0  0
 2  0      0 426308 111536 6636428    0    0   392    28 1179 1141 21  7 72  0  0
 2  0      0 413708 111536 6648676    0    0   608     0 1013 1086 19  9 72  0  0
 3  0      0 368868 111536 6684088    0    0  1995     0 1666 1819 29 10 61  0  0
 2  0      0 407228 111536 6641160    0    0     0 31192 1604 1340 24  8 66  2  0
procs -----------memory---------- ---swap-- -----io---- -system-- ------cpu-----
 r  b   swpd   free   buff  cache   si   so    bi    bo   in   cs us sy id wa st
 3  0      0 395636 111536 6652556    0    0     0    96 1004 1015 21  7 72  0  0
 2  0      0 383796 111536 6663856    0    0     0    20  963 1024 21  7 72  0  0
 2  0      0 372456 111536 6674764    0    0     0   148 1002 1002 21  7 72  0  0
 2  0      0 361368 111536 6685420    0    0     0     0  981 1048 20  7 73  0  0
 4  0      0 385832 111536 6680272    0    0     0 31228 1589 1230 42 10 46  2  0
 4  0      0 302468 111536 6764592    0    0     0   208 1338 1041 64 14 22  0  0
 4  0      0 211524 111540 6854216    0    0     0 48396 2071 1229 60 16 22  2  0
 4  0      0 118536 111540 6945492    0    0     0 90196 2403 1423 59 14 22  4  0
 2  1      0 122424 111528 6952544    0    0     0 163352 3516 1933 53 12 28  7  0
 3  0      0 395504 111528 6689236    0    0     0  3644 1393 1232 40 14 45  1  0
 3  0      0 361028 111528 6706228    0    0     0 97108 2519 1475 47 15 30  8  0
 9  0      0 305368 111528 6760548    0    0     8   632 1548 1221 43 11 46  1  0
 1  0      0 420296 111528 6628432    0    0     0 87580 2427 1626 33 12 52  3  0
 2  0      0 399104 111528 6640228    0    0     0    12 1044 1017 20  8 72  0  0
 2  0      0 386784 111528 6651768    0    0     0   232 1039 1021 19  8 73  0  0
 3  1      0 345020 111528 6695528    0    0     0 12272 1388 1217 32 10 57  1  0
 1  0      0 403996 111532 6645640    0    0     0 19104 1389 1244 20  8 71  1  0
 2  0      0 392112 111532 6656920    0    0     0    16  959 1032 21  7 72  0  0
 8  0      0 381928 111532 6668204    0    0     0    48  927  977 21  6 73  0  0
 2  0      0 370096 111532 6679700    0    0     0     8 1115 1067 22  6 72  0  0
 3  0      0 348928 111532 6699900    0    0  1036    24 1149 1073 25  8 67  0  0
procs -----------memory---------- ---swap-- -----io---- -system-- ------cpu-----
 r  b   swpd   free   buff  cache   si   so    bi    bo   in   cs us sy id wa st
 2  0      0 367992 111532 6672508    0    0     0 31332 1623 1355 29  9 60  1  0
 1  0      0 355964 111532 6684520    0    0     0     0 1081 1057 21  7 72  0  0
 4  0      0 344912 111532 6695252    0    0     0    24 1081 1090 22  6 72  0  0
 1  0      0 333104 111532 6706396    0    0     0     4  983 1014 21  7 73  0  0
 1  0      0 322776 111532 6717000    0    0     0     0 1013 1050 21  6 72  0  0
 4  0      0 350572 111532 6707912    0    0     0 31304 1788 1323 38 11 49  2  0
 3  0      0 281048 111532 6801892    0    0     0 37644 1769 1274 59 17 22  2  0
 4  0      0 192628 111532 6889376    0    0     0 75428 2277 1382 58 17 21  3  0
 4  1      0 127200 111528 6959316    0    0     0 83744 2440 1412 58 17 21  3  0
 3  0      0 124744 111520 6960304    0    0     0 112192 2697 1607 54 13 28  5  0
 4  0      0 385456 111520 6692968    0    0     0  7236 2431 1220 44 14 42  1  0
 2  0      0 351984 111520 6702816    0    0     0 97788 2728 1634 48 12 36  4  0
 1  0      0 435380 111520 6620944    0    0     0 35580 1910 1411 30 11 58  1  0
 1  0      0 423540 111520 6631816    0    0   272    20 1009 1069 21  7 72  0  0
 1  0      0 412212 111520 6642644    0    0     0     0  990 1089 21  6 72  0  0
 1  0      0 401152 111520 6653356    0    0     0     0 1049 1060 22  6 72  0  0
 1  0      0 420316 111520 6635180    0    0     0 31268 1528 1309 32  9 58  1  0
 1  0      0 406048 111520 6647744    0    0   100     0  918  978 21  7 73  0  0
 1  0      0 393484 111520 6659540    0    0     0   408 1012 1027 21  6 73  0  0
 1  0      0 383900 111520 6671244    0    0   196     0  902  964 21  7 73  0  0
 1  0      0 371116 111520 6683264    0    0     0     4  983 1023 22  6 72  0  0
procs -----------memory---------- ---swap-- -----io---- -system-- ------cpu-----
 r  b   swpd   free   buff  cache   si   so    bi    bo   in   cs us sy id wa st
 1  1      0 332308 111520 6727856    0    0     0  5416 1039 1016 30 10 60  1  0
 1  0      0 387412 111520 6677752    0    0     0 25912 1354 1266 21  7 70  2  0
 1  0      0 375600 111520 6689552    0    0     0     0  979 1009 21  7 72  0  0
 1  0      0 364548 111520 6700780    0    0     0    20  958 1033 21  7 72  0  0
 1  0      0 352240 111520 6712560    0    0     0     0  878  957 20  8 73  0  0
 2  0      0 326340 111520 6741436    0    0   724   124 1059 1054 26  8 65  0  0
 3  0      0 298256 111520 6765136    0    0    36 31232 1884 1289 55 13 30  1  0
 3  0      0 201516 111524 6860032    0    0     0 111864 2916 1709 56 16 23  4  0
 3  0      0 126176 111520 6935916    0    0     0 44568 1906 1224 59 17 22  2  0
 3  0      0 127332 111492 6943008    0    0     0 177240 3891 1719 63 15 14  8  0
 2  0      0 498152 111484 6564144    0    0     0 87512 2202 1561 48 16 32  4  0
 2  0      0 469272 111484 6591320    0    0     0 31164 1748 1247 54 13 32  1  0
 2  0      0 413076 111484 6647496    0    0     0 66056 1364 1258 37 13 47  2  0
 2  0      0 410408 111484 6634928    0    0     0 69044 1511 1501 39 10 48  4  0
 2  0      0 453660 111484 6608384    0    0  1666   124 1957 1957 41 14 45  0  0
 2  0      0 404528 111484 6655084    0    0     0 66184 1439 1331 36 12 47  4  0
 2  0      0 458428 111484 6597168    0    0     0 36788 1374 1185 39 12 47  2  0
 1  0      0 493124 111488 6550200    0    0  1667 31080 1901 2230 23  8 67  2  0
 1  0      0 481056 111488 6561400    0    0     0     0 1122 1110 22  6 72  0  0
 1  0      0 468992 111488 6572428    0    0   104   468 1173 1128 21  7 72  0  0
 1  0      0 458408 111488 6583128    0    0     0     0  941 1003 21  7 72  0  0
procs -----------memory---------- ---swap-- -----io---- -system-- ------cpu-----
 r  b   swpd   free   buff  cache   si   so    bi    bo   in   cs us sy id wa st
 2  0      0 449084 111488 6592988    0    0     0     0 1091 1143 21  7 72  0  0
 1  0      0 473468 111488 6573248    0    0     0 31344 1627 1263 33 10 56  2  0
 1  0      0 462424 111488 6584144    0    0   588     0 1141 1259 20  7 72  0  0
 1  0      0 451872 111488 6595040    0    0     0    84 1020 1030 21  7 73  0  0
 1  0      0 440820 111488 6605840    0    0     0    24 1068 1082 20  7 72  0  0
 1  0      0 430044 111488 6616036    0    0     0     4 1109 1027 21  8 71  0  0
 2  0      0 415688 111488 6632972    0    0     0   188 1007 1030 24  7 70  0  0
 3  0      0 403888 111488 6647528    0    0     0 31092 1707 1195 50 13 36  2  0
 3  0      0 323024 111488 6738844    0    0     0 53664 2189 1508 59 17 22  3  0
 2  1      0 233312 111488 6828052    0    0     0 91388 2385 1578 60 15 22  3  0
 3  0      0 143388 111488 6918508    0    0     0 76612 2432 1551 59 15 22  4  0
 4  5      0 131088 111472 6936812    0    0   156  8532 1436 1135 61 17 22  0  0
 4  0      0 454320 111472 6614216    0    0     0 195340 8037 3194 38 18 17 27  0
 1  1      0 441668 111476 6620476    0    0     0 39376 1648 1248 45 12 41  2  0
 2  0      0 393292 111476 6667584    0    0     0 57848 1873 1302 40 10 47  3  0
 2  0      0 501848 111476 6566044    0    0     0 64596 2134 1351 38 12 47  3  0
 2  0      0 451804 111476 6615148    0    0     0     0 1177 1043 42 11 47  0  0
 2  0      0 401412 111476 6665032    0    0     0 66584 2036 1408 38 11 46  5  0
 3  0      0 421320 111476 6638736    0    0     0 30844 1729 1280 49 15 34  1  0
 2  0      0 426952 111484 6628888    0    0     0 97308 2568 1570 41 11 44  4  0
 2  0      0 368740 111484 6686760    0    0     0     0 1151 1025 41 12 47  0  0
procs -----------memory---------- ---swap-- -----io---- -system-- ------cpu-----
 r  b   swpd   free   buff  cache   si   so    bi    bo   in   cs us sy id wa st
 2  0      0 318592 111484 6736244    0    0     0 66064 1909 1278 38 11 48  4  0
 1  0      0 478732 111484 6573280    0    0     0 40560 1675 1313 29 10 59  2  0
 1  0      0 468204 111484 6584004    0    0     0     8 1092 1054 22  6 72  0  0
 1  0      0 488068 111484 6564964    0    0     0 31176 1486 1245 32  9 58  2  0
 1  0      0 475220 111484 6577480    0    0  1020     0 1007 1041 20  8 72  0  0
 1  0      0 461648 111484 6589040    0    0  1732     0 1069 1087 21  6 72  0  0
 1  0      0 450336 111484 6600716    0    0     0   384 1156 1058 22  6 72  0  0
 1  0      0 438996 111484 6611904    0    0     0    24  976 1030 22  6 72  0  0
 1  1      0 398172 111484 6654984    0    0   556  3308 1144 1043 32  9 59  0  0
 3  0      0 385428 111484 6684368    0    0     0 27948 1841 1218 58 15 25  1  0
 3  0      0 289444 111484 6780128    0    0     0 71336 2292 1315 59 15 23  3  0
 3  0      0 189704 111488 6879436    0    0     0 89720 2815 1610 58 16 22  3  0
 1  2      0 129832 111484 6945564    0    0   864 143120 3506 1919 53 14 22 12  0
 2  0      0 409640 111484 6664248    0    0     0 17064 2354 1368 39 14 45  1  0
 2  0      0 376148 111484 6680128    0    0     0 97124 3065 1954 45 16 31  9  0
 2  0      0 319476 111484 6739400    0    0     0     8 1399 1192 42 11 47  0  0
 2  0      0 265800 111484 6792212    0    0  1016 66152 2174 1396 38 11 47  4  0
 1  0      0 434320 111484 6611184    0    0     0 67816 2254 1592 34 11 49  5  0
 1  0      0 422252 111484 6622836    0    0   980    28 1081 1093 22  7 72  0  0
 1  0      0 457352 111484 6603816    0    0     0 31176 1693 1309 33 10 56  2  0
 1  0      0 444600 111484 6615892    0    0     0     4 1003 1010 20  7 73  0  0
procs -----------memory---------- ---swap-- -----io---- -system-- ------cpu-----
 r  b   swpd   free   buff  cache   si   so    bi    bo   in   cs us sy id wa st
 1  0      0 432516 111484 6627652    0    0     0     0 1004 1032 22  6 73  0  0
 3  0      0 419948 111484 6639324    0    0     0   524 1273 1104 21  7 72  0  0
 1  0      0 408356 111484 6651008    0    0     0    20 1022 1038 20  7 73  0  0
 2  0      0 364508 111484 6692856    0    0     0   280 1117 1021 32  8 61  0  0
 1  0      0 410572 111484 6646044    0    0     0 30980 1627 1317 21  8 69  2  0
 1  0      0 398224 111484 6658192    0    0     0     8 1090 1068 21  7 73  0  0
 1  0      0 386128 111484 6670424    0    0     0    84 1100 1118 21  7 73  0  0
 1  0      0 373812 111484 6682048    0    0     0     0 1142 1097 21  7 72  0  0
 2  0      0 338532 111484 6716944    0    0     0    24 1203 1109 29  9 63  0  0
 3  0      0 322092 111484 6740040    0    0     0 31208 1831 1279 54 15 29  2  0
 3  0      0 213240 111484 6847480    0    0   108     0 1302  974 62 15 23  0  0
 3  0      0 124496 111484 6932588    0    0  2154 191688 4984 3024 54 19 19  8  0
 2  1      0 119400 111460 6950888    0    0     0 70600 2224 1338 60 15 22  3  0
 3  0      0 463428 111448 6589544    0    0  1028 85940 3056 1591 44 16 36  4  0
 2  0      0 445404 111448 6610796    0    0  1667 31196 2519 2046 56 14 28  2  0
 2  0      0 410916 111448 6651456    0    0     0 66040 2054 1353 38 11 47  3  0
 1  1      0 358500 111448 6704576    0    0   156 15840 1540 1156 41 11 47  1  0
 2  0      0 310900 111448 6751516    0    0     0 50732 1775 1229 39 11 47  3  0
 2  0      0 263524 111448 6798648    0    0   420 66064 2336 1577 38 13 46  3  0
 1  0      0 479920 111448 6571116    0    0     0 42340 1826 1353 40 10 48  2  0
 1  0      0 483704 111452 6551360    0    0     0 31124 1675 1293 32 10 56  2  0
procs -----------memory---------- ---swap-- -----io---- -system-- ------cpu-----
 r  b   swpd   free   buff  cache   si   so    bi    bo   in   cs us sy id wa st
 1  0      0 470180 111452 6563496    0    0     0    96 1041 1056 21  6 73  0  0
 2  0      0 460212 111452 6574280    0    0   360     4 1251 1200 22  6 71  0  0
 2  0      0 447864 111452 6586356    0    0   832     0 1063 1078 22  6 72  0  0
 1  0      0 436020 111452 6598452    0    0     0    28 1052 1071 22  6 72  0  0
 1  1      0 398976 111452 6642116    0    0     0 12504 1323 1116 31  9 60  1  0
 1  0      0 461488 111452 6591968    0    0     0 18972 1537 1438 22  7 70  2  0
 1  0      0 449952 111452 6603704    0    0   248    88 1128 1126 20  7 73  0  0
 1  0      0 438688 111452 6614816    0    0     0     0 1059 1099 22  6 72  0  0
 1  0      0 427008 111452 6626024    0    0     0     8 1182 1110 21  7 72  0  0
 2  0      0 405704 111452 6644244    0    0     0    20 1323 1321 26  7 67  0  0
 3  0      0 394564 111464 6652052    0    0     0 31324 1719 1223 48 14 36  1  0
 3  0      0 316956 111464 6742112    0    0     0    88 1413 1094 63 14 23  0  0
 3  0      0 238252 111464 6819368    0    0     0 128268 3087 1720 57 17 21  5  0
 3  0      0 145092 111464 6910204    0    0     0     0 1347  985 63 15 22  0  0
 4  0      0 133124 111452 6931248    0    0     0 137816 3488 2111 49 15 23 13  0
 3  0      0 453764 111444 6609048    0    0     0 85956 2706 1664 48 16 32  4  0
 1  1      0 432416 111448 6625456    0    0   304 40684 2554 1408 47 15 36  2  0
 2  0      0 494020 111448 6561808    0    0    36 95340 2786 1702 36 14 47  3  0
 2  0      0 440548 111448 6620364    0    0     0     0 1218 1034 42 11 47  0  0
 2  0      0 386132 111448 6673476    0    0     0 66076 2180 1380 37 13 47  3  0
 2  0      0 332988 111448 6726424    0    0   360 66476 2354 1464 39 12 46  3  0
procs -----------memory---------- ---swap-- -----io---- -system-- ------cpu-----
 r  b   swpd   free   buff  cache   si   so    bi    bo   in   cs us sy id wa st
 1  0      0 495220 111448 6555100    0    0     0 43520 2037 1496 36 13 49  2  0
 1  0      0 481144 111448 6567632    0    0     0     0 1016 1049 20  8 73  0  0
 1  0      0 469048 111448 6579508    0    0     0     0 1035 1058 21  7 72  0  0
 1  0      0 465700 111448 6590856    0    0     0     4 1116 1099 22  6 72  0  0
 1  0      0 453352 111448 6602580    0    0     0    20 1046 1086 21  7 72  0  0
 1  0      0 470404 111448 6584288    0    0     0 31268 1680 1278 32  8 59  1  0
 1  0      0 456324 111448 6597340    0    0     0    88 1118 1116 21  7 72  0  0
 1  0      0 443976 111448 6609624    0    0     0     0 1207 1139 21  7 71  0  0
 1  0      0 431640 111448 6621528    0    0   720     0 1155 1161 21  7 72  0  0
 1  0      0 419796 111448 6633212    0    0     0     0 1039 1066 21  7 72  0  0
 1  1      0 376704 111448 6675480    0    0     0  4796 1258 1161 33  9 57  0  0
 3  0      0 357924 111448 6697340    0    0     0 26824 1851 1225 59 16 24  1  0
 2  1      0 263292 111448 6790476    0    0     0  8192 1432 1027 63 14 22  1  0
 3  0      0 189880 111448 6862216    0    0     0 148888 2552 1882 50 15 23 12  0
 3  0      0 134504 111444 6927272    0    0     0 106708 2163 1553 59 15 21  5  0
 2  0      0 125260 111436 6930424    0    0     0 99744 2758 1696 59 13 24  4  0
 2  0      0 481440 111436 6575224    0    0     0 31312 5362 1293 53 16 30  1  0
 2  0      0 435116 111436 6627280    0    0     0 66620 2266 1421 38 11 47  4  0
 2  0      0 377700 111436 6684960    0    0     0     4 1311 1136 41 13 47  0  0
 3  0      0 322288 111436 6739268    0    0     0 66056 2308 1501 39 13 46  2  0
 2  0      0 455028 111436 6598576    0    0     0 37908 1864 1390 39 11 48  2  0
procs -----------memory---------- ---swap-- -----io---- -system-- ------cpu-----
 r  b   swpd   free   buff  cache   si   so    bi    bo   in   cs us sy id wa st
 3  0      0 405924 111436 6657236    0    0     0 66340 1915 1356 42 12 42  3  0
 2  0      0 376308 111436 6677844    0    0   844 31088 1951 1352 48 16 36  1  0
 1  1      0 319372 111436 6732348    0    0     0 71672 2067 1324 37 13 47  3  0
 1  0      0 480888 111436 6555944    0    0     0 29148 1508 1399 21  8 69  2  0
 2  0      0 468820 111440 6567588    0    0     0   100 1006 1026 20  7 73  0  0
 1  0      0 457984 111440 6578648    0    0     0    32 1114 1096 22  7 72  0  0
 1  0      0 480076 111440 6559152    0    0     0 31152 1601 1275 34  9 54  2  0
 1  0      0 467236 111440 6571384    0    0     0   288 1070 1052 21  7 72  0  0
 1  0      0 455648 111440 6583256    0    0  1666     0 1582 1765 22  7 71  0  0
 1  0      0 444088 111440 6594736    0    0     0   280 1247 1167 21  8 71  0  0
 1  0      0 431776 111440 6605732    0    0     0   108  991 1034 21  7 72  0  0
 3  0      0 454304 111440 6587172    0    0  1667 31384 2085 2079 34  9 55  2  0
 3  0      0 392600 111440 6677484    0    0     0     0 1458 1088 62 15 22  0  0
 3  0      0 313500 111448 6757248    0    0     0 121524 2759 1561 56 15 23  6  0
 3  0      0 231600 111448 6837960    0    0     0 94416 2539 1461 58 14 23  5  0
 3  0      0 138120 111452 6928888    0    0     0   104 1435 1068 62 16 22  0  0
 2  0      0 486396 111440 6578044    0    0     0 144608 3390 2069 53 14 26  7  0
 2  0      0 449748 111440 6601096    0    0     0 31160 2739 1232 52 17 30  2  0
 2  0      0 399384 111440 6653364    0    0     0 66048 2192 1486 39 11 46  3  0
 2  0      0 462852 111452 6589300    0    0     0 29540 1671 1283 40 11 47  1  0
 2  0      0 413992 111456 6637444    0    0     0 66836 2151 1414 39 11 46  3  0
procs -----------memory---------- ---swap-- -----io---- -system-- ------cpu-----
 r  b   swpd   free   buff  cache   si   so    bi    bo   in   cs us sy id wa st
 3  0      0 360568 111456 6690776    0    0     0    92 1284 1081 42 10 48  0  0
 2  0      0 477288 111464 6565168    0    0     0 76204 2257 1549 38  9 48  4  0
 1  0      0 507760 111464 6545756    0    0     0 31104 1654 1380 33  8 58  2  0
 1  0      0 497460 111464 6556804    0    0     0     0 1048 1060 20  7 72  0  0
 1  0      0 486276 111464 6568200    0    0     0     0 1159 1151 22  6 72  0  0
 1  0      0 473960 111464 6579780    0    0     0   456 1280 1176 20  8 72  0  0
 1  0      0 462380 111468 6591160    0    0     0   196 1168 1162 20  7 72  0  0
 1  0      0 472136 111468 6573316    0    0   292 31084 1729 1341 32  9 58  2  0
 3  0      0 459312 111468 6585832    0    0   336     0 1114 1111 19  8 73  0  0
 1  0      0 447216 111468 6597876    0    0     0   328 1239 1123 22  6 72  0  0
 1  0      0 435372 111468 6609452    0    0   736    80 1234 1186 20  7 72  0  0
 1  0      0 423560 111468 6620896    0    0    44     0 1067 1074 22  6 72  0  0
 2  0      0 388028 111468 6663672    0    0     0   308 1222 1136 31  9 60  0  0
 3  0      0 377312 111468 6697824    0    0     0 31000 1955 1301 59 15 24  1  0
 3  0      0 282812 111472 6790136    0    0   120 105764 2675 1537 57 14 23  6  0
 4  0      0 187812 111476 6884768    0    0   556 61972 2214 1313 59 15 22  4  0
 7  0      0 130480 111476 6948368    0    0     0 84372 2549 1568 61 15 21  3  0
 2  0      0 511132 111464 6567556    0    0     0 118172 2941 1778 48 15 26 10  0
 2  0      0 463288 111464 6594036    0    0    32 31200 3341 1354 52 15 31  2  0
 2  0      0 408908 111464 6647388    0    0     0 66572 2040 1360 40 10 47  3  0
 1  1      0 350728 111464 6701960    0    0   888 37248 2231 1391 40 11 47  2  0
procs -----------memory---------- ---swap-- -----io---- -system-- ------cpu-----
 r  b   swpd   free   buff  cache   si   so    bi    bo   in   cs us sy id wa st
 2  0      0 334608 111464 6714272    0    0     0 69416 2246 1453 39 10 47  4  0
 2  0      0 453764 111464 6604544    0    0     0  1824 1396 1209 41 12 47  0  0
 3  0      0 392556 111468 6665836    0    0    44 66116 2101 1356 45 11 40  4  0
 3  0      0 395572 111468 6672776    0    0   204 31076 1909 1329 46 14 38  1  0
 2  0      0 348980 111468 6718576    0    0    24 66060 2029 1297 38 11 48  4  0
 2  0      0 292800 111468 6773348    0    0     0    84 1316 1100 41 12 47  0  0
 1  0      0 503592 111468 6549956    0    0     0 92800 2461 1694 35 11 51  4  0
 1  0      0 491280 111468 6560728    0    0     0    32 1143 1120 22  6 72  0  0
 2  0      0 450456 111468 6599620    0    0     0   288 1256 1063 31 10 59  0  0
 1  0      0 492552 111468 6552140    0    0     0 31228 1582 1318 20  9 70  1  0
 1  0      0 479480 111468 6563040    0    0     0    84 1168 1125 21  7 72  0  0
 1  0      0 467888 111468 6574244    0    0     0     0 1061 1084 21  7 72  0  0
 1  0      0 455792 111468 6585752    0    0     0     0 1026 1053 21  7 72  0  0
 2  0      0 443448 111468 6597868    0    0     0    16 1235 1194 22  6 71  0  0
 5  0      0 442828 111468 6615420    0    0     0 31244 1807 1238 47 14 37  1  0
 3  0      0 349336 111468 6707888    0    0     0    88 1290  985 63 14 22  0  0
 3  0      0 272476 111468 6784448    0    0     0 125964 3270 1887 54 13 23 10  0
 1  2      0 193372 111468 6862520    0    0     0 89096 2442 1521 57 13 22  8  0
 3  1      0 126092 111472 6936640    0    0     0 74256 2697 1491 60 15 20  5  0
 3  0      0 421988 111472 6637728    0    0    40 100328 3385 1862 43 16 32  8  0
 2  0      0 405700 111472 6650048    0    0     0 97212 2718 1593 47 13 36  4  0
procs -----------memory---------- ---swap-- -----io---- -system-- ------cpu-----
 r  b   swpd   free   buff  cache   si   so    bi    bo   in   cs us sy id wa st
 2  0      0 350088 111472 6705360    0    0     0    48 1229 1069 41 11 47  0  0
 2  0      0 299688 111472 6756004    0    0     0 66092 1945 1370 39 11 47  4  0
 2  0      0 441028 111472 6611792    0    0     0 36384 1638 1237 39 12 48  2  0
 2  1      0 391188 111472 6664984    0    0     0 65944 2162 1364 40 11 47  2  0
 2  1      0 303000 111472 6751180    0    0     0  4392 1407 1119 53 13 33  1  0
 2  0      0 306380 111472 6743256    0    0  1666 93016 3033 2330 39 14 43  4  0
 1  1      0 246908 111472 6802616    0    0     0 14352 1420 1137 42 10 47  1  0
 2  0      0 328464 111472 6722832    0    0     0 86816 2341 1578 36 13 47  5  0
 1  0      0 438220 111472 6598200    0    0   548   576 1301 1301 21  8 71  0  0
 1  0      0 428032 111472 6608528    0    0  1119     8 1566 1707 22  7 71  0  0
 1  0      0 470788 111472 6587472    0    0     0 31252 1689 1387 34 11 52  3  0
 1  0      0 459732 111472 6597628    0    0     0     4 1078 1094 20  8 72  0  0
 1  0      0 448392 111472 6608604    0    0     0     0 1070 1081 20  7 73  0  0
 1  0      0 436808 111472 6620124    0    0     0    92 1095 1120 21  6 73  0  0
 1  0      0 426664 111472 6631328    0    0     0    24 1319 1294 21  7 72  0  0
 2  0      0 389960 111472 6664152    0    0     0   280 1236 1156 28  8 64  0  0
 3  0      0 373140 111472 6687340    0    0     0 31012 1808 1226 54 15 29  1  0
 3  0      0 294308 111472 6766916    0    0     0 92136 2423 1444 54 14 23  9  0
 3  0      0 208376 111472 6850416    0    0     0 41184 2250 1536 59 16 23  3  0
 3  0      0 119196 111472 6937332    0    0  1028 118696 2791 1516 60 13 23  5  0
 2  0      0 438568 111460 6617060    0    0     0 71612 3018 1772 50 15 32  3  0
procs -----------memory---------- ---swap-- -----io---- -system-- ------cpu-----
 r  b   swpd   free   buff  cache   si   so    bi    bo   in   cs us sy id wa st
 3  0      0 361116 111460 6702908    0    0     0     0 1260 1028 51 14 35  0  0
 2  0      0 356476 111460 6694628    0    0     0 97164 2626 1589 40 12 44  5  0
 2  0      0 302296 111460 6747740    0    0     0 66192 2092 1387 39 10 47  4  0
 2  0      0 243344 111460 6806684    0    0     0   284 1331 1135 41 13 47  0  0
 2  0      0 410032 111460 6641024    0    0   604 57868 2133 1579 39 12 46  3  0
 3  0      0 362152 111460 6693108    0    0     0 66112 2099 1566 40 11 46  3  0
 2  0      0 353552 111464 6715904    0    0     0 31104 1676 1085 53 14 33  1  0
 2  0      0 296632 111464 6771676    0    0     0 66540 2147 1320 39 11 47  3  0
 2  0      0 239440 111468 6828304    0    0     0 66336 2096 1470 40 11 47  3  0
 1  0      0 455036 111468 6603596    0    0     0 44760 1921 1342 37 10 51  2  0
 2  0      0 442468 111468 6615656    0    0     0     4  955 1011 21  7 72  0  0
 1  0      0 445328 111468 6596988    0    0     0 31188 1514 1240 31  8 59  1  0
 1  0      0 431468 111468 6609580    0    0     0    84 1143 1117 21  8 72  0  0
 1  0      0 419636 111468 6620260    0    0     0    12 1045 1050 21  7 72  0  0
 1  0      0 407068 111468 6632276    0    0     0     0  954 1019 21  6 73  0  0
 1  0      0 396260 111468 6643232    0    0     0    36  987 1034 21  6 73  0  0
 2  0      0 362020 111468 6683560    0    0     0   212 1228 1110 31 10 59  0  0
 3  0      0 342564 111468 6718652    0    0     0 31008 1874 1262 59 16 24  1  0
 3  0      0 243024 111468 6815276    0    0     0 138292 3217 1787 57 15 23  5  0
 2  1      0 132168 111468 6925876    0    0     0  8412 1495 1064 63 14 23  0  0
 3  0      0 430220 111464 6630944    0    0     0 173152 3969 2159 46 18 29  7  0
procs -----------memory---------- ---swap-- -----io---- -system-- ------cpu-----
 r  b   swpd   free   buff  cache   si   so    bi    bo   in   cs us sy id wa st
 3  0      0 367368 111464 6696672    0    0     0     0 1265 1049 44 12 43  0  0
 2  0      0 423160 111464 6620532    0    0     0 107088 2824 1916 48 14 34  5  0
 2  0      0 365212 111464 6678332    0    0     0    84 1299 1091 41 12 47  0  0
 2  0      0 319380 111464 6731288    0    0     0 66476 2216 1436 39 11 47  3  0
 2  0      0 400784 111464 6649664    0    0     0 54584 1917 1297 38 13 47  2  0
 2  0      0 342828 111464 6706980    0    0     0 66112 2122 1353 38 13 47  2  0
 2  0      0 316724 111464 6737440    0    0     0 31116 1876 1198 52 14 33  1  0
 4  0      0 259832 111464 6792768    0    0     0 66168 2265 1445 39 12 47  2  0
 2  0      0 206168 111464 6844904    0    0   768 66092 2079 1369 36 14 46  4  0
 2  0      0 144944 111464 6905836    0    0     0   212 1162  997 42 11 47  0  0
 2  0      0 124840 111460 6933592    0    0   256 66100 2206 1521 39 11 46  4  0
 2  0      0 459864 111452 6602256    0    0     0 55968 7738 1431 39 16 43  2  0
 2  0      0 502652 111452 6568080    0    0     0 31608 1545 1276 26  8 65  1  0
 3  0      0 490052 111452 6580508    0    0     0     0  958  994 20  7 73  0  0
 1  0      0 476976 111452 6592552    0    0     0     0 1144 1115 20  8 72  0  0
 1  0      0 464628 111452 6604608    0    0     0   212 1035 1083 20  7 72  0  0
 2  0      0 434896 111452 6631280    0    0     0    28 1039 1050 27  8 66  0  0
 3  0      0 406976 111452 6653356    0    0    44 31296 1856 1297 53 14 31  2  0
 3  0      0 307692 111452 6749884    0    0     0 60280 2311 1407 61 15 22  2  0
 3  0      0 214456 111452 6842508    0    0     0 119048 2940 1581 57 17 22  4  0
 3  1      0 127780 111452 6935156    0    0     0 29760 1715 1199 63 14 22  1  0
procs -----------memory---------- ---swap-- -----io---- -system-- ------cpu-----
 r  b   swpd   free   buff  cache   si   so    bi    bo   in   cs us sy id wa st
 2  0      0 416540 111448 6629900    0    0     0 118848 10003 1915 43 15 36  6  0
 2  0      0 387824 111448 6655712    0    0     0 97844 2482 1591 49 15 32  4  0
 2  0      0 325904 111448 6717128    0    0     0     0 1191 1039 41 12 47  0  0
 2  0      0 270304 111448 6771640    0    0  1666 66080 2700 2360 38 13 45  4  0
 2  0      0 429896 111448 6612184    0    0     0 51928 2075 1400 39 12 47  2  0
 2  1      0 377156 111448 6667460    0    0     0 25608 1539 1162 40 12 47  2  0
 7  0      0 293664 111452 6748436    0    0  1667 40588 2487 2095 52 14 32  2  0
 2  0      0 301716 111456 6735000    0    0     0 97176 2045 1534 39 12 44  6  0
 2  0      0 244768 111456 6791500    0    0     0     0 1155 1003 42 11 47  0  0
 2  0      0 197152 111456 6839028    0    0     0 66060 2062 1387 38 11 47  4  0
 1  1      0 144244 111456 6892064    0    0   468  7980 1319 1092 40 13 46  1  0
 1  0      0 419040 111456 6606572    0    0   932 57788 2186 1526 22  9 66  3  0
 1  0      0 441740 111456 6587172    0    0     0 31372 1564 1140 33 10 56  1  0
 1  0      0 427656 111456 6600084    0    0   820     0  943 1018 21  7 72  0  0
 1  0      0 415628 111456 6611952    0    0     0     0 1022 1043 21  7 72  0  0
 1  0      0 403308 111456 6623492    0    0     0     4  980 1056 20  7 72  0  0
 1  0      0 391968 111456 6634164    0    0   616     0  945 1034 20  8 72  0  0
 2  0      0 359604 111456 6674756    0    0   500   300 1296 1447 31 10 59  0  0
 3  0      0 339864 111456 6708192    0    0  1352 31008 1957 1305 60 14 24  1  0
 3  0      0 255948 111456 6791120    0    0     0 135724 2989 1678 55 15 23  6  0
 3  0      0 154656 111456 6891540    0    0     0   368 1397 1003 64 14 22  0  0
procs -----------memory---------- ---swap-- -----io---- -system-- ------cpu-----
 r  b   swpd   free   buff  cache   si   so    bi    bo   in   cs us sy id wa st
 3  0      0 116876 111452 6942260    0    0   700 157492 3567 2094 51 13 22 13  0
 2  0      0 421696 111444 6624052    0    0     0 39608 2285 1317 43 16 38  2  0
 2  1      0 403932 111444 6647372    0    0   604 97080 2718 1546 48 15 32  4  0
 3  0      0 348024 111444 6706268    0    0    28    48 1302 1117 38 14 47  0  0
 2  0      0 295132 111444 6756448    0    0     0 66060 2254 1398 37 13 47  3  0
 1  1      0 235156 111444 6815792    0    0     0 14544 1317 1072 40 12 47  1  0
 2  0      0 181228 111448 6868848    0    0     0 51888 1914 1335 38 12 47  2  0
 1  1      0 127344 111448 6930888    0    0     0 74532 2295 1386 43 12 41  4  0
 1  0      0 474540 111452 6574544    0    0     0 22832 3921 1264 21 11 67  1  0
 1  0      0 460992 111452 6586984    0    0     0     0 1029 1061 22  6 72  0  0
 1  0      0 447648 111452 6599024    0    0     0     0 1124 1101 21  7 72  0  0
 1  0      0 435552 111452 6610488    0    0     0   348 1202 1115 20  7 72  0  0
 2  0      0 404304 111452 6650556    0    0     0    24 1108 1033 30  8 62  0  0
 2  0      0 444940 111452 6603788    0    0     0 31260 1511 1279 21  8 69  2  0
 1  0      0 434368 111452 6615872    0    0     0     0 1096 1116 21  7 72  0  0
 1  0      0 422020 111452 6627620    0    0     0     4 1011 1061 20  8 72  0  0
 1  0      0 400612 111452 6638928    0    0   776   432 2142 2900 23  9 67  0  0
 2  0      0 379456 111452 6659000    0    0   732    48 1714 1685 26 10 64  0  0
 3  0      0 359312 111452 6676664    0    0     0 31180 2127 1467 51 15 32  2  0
 3  0      0 271140 111452 6773944    0    0   216     0 1468 1136 63 15 22  0  0
 3  0      0 196560 111452 6848456    0    0   512 135580 3263 1843 50 16 23 11  0
procs -----------memory---------- ---swap-- -----io---- -system-- ------cpu-----
 r  b   swpd   free   buff  cache   si   so    bi    bo   in   cs us sy id wa st
 3  0      0 129604 111452 6929224    0    0     0 104140 2940 1791 57 16 22  5  0
 3  0      0 120400 111428 6939088    0    0   896   224 1587 1215 64 14 21  0  0
 3  0      0 456300 111424 6594568    0    0     0 131240 3303 1728 47 17 31  6  0
 2  0      0 434020 111424 6604720    0    0   200 31216 1725 1187 46 13 40  2  0
 2  0      0 389488 111424 6655248    0    0     0 66040 2273 1532 39 12 47  2  0
 2  0      0 339592 111424 6703896    0    0     0 66840 2413 1536 40 10 47  3  0
 2  0      0 472816 111424 6564612    0    0   412 28116 1775 1356 40 12 47  1  0
 2  0      0 418008 111424 6619032    0    0     0     0 1228 1088 41 11 47  0  0
 2  1      0 350048 111424 6696568    0    0    56 85592 2338 1517 52 12 31  4  0
 2  0      0 360416 111424 6684012    0    0     0 77684 2437 1612 38 13 46  3  0
 3  0      0 485384 111424 6559156    0    0     0 14016 1446 1184 38 13 47  1  0
 2  1      0 437756 111424 6608568    0    0     0 63916 1948 1277 40 11 47  3  0
 3  0      0 385624 111424 6661548    0    0     0  2536 1392 1272 40 13 47  0  0
 3  0      0 336988 111424 6709760    0    0     0 66080 1863 1324 38 12 47  3  0
 3  0      0 321112 111424 6735508    0    0  1568 31084 1770 1290 52 14 33  1  0
 3  0      0 268992 111424 6786268    0    0     0 66376 2223 1470 40 11 46  3  0
 4  0      0 514300 111424 6531948    0    0     0 45428 1669 1384 26 10 62  2  0
 1  0      0 501480 111424 6543448    0    0     0     0  981 1053 22  6 72  0  0
 1  0      0 490140 111424 6554684    0    0     0   180 1047 1061 21  7 73  0  0
 2  0      0 467712 111424 6590716    0    0     0    28 1206 1093 30  9 61  0  0
 3  0      0 435280 111424 6612360    0    0     0 31216 1695 1117 56 16 27  1  0
procs -----------memory---------- ---swap-- -----io---- -system-- ------cpu-----
 r  b   swpd   free   buff  cache   si   so    bi    bo   in   cs us sy id wa st
 2  1      0 349644 111424 6694140    0    0  1666 110888 3157 2376 58 17 20  5  0
 6  0      0 260700 111424 6783288    0    0   608 19796 1562 1172 61 16 22  1  0
 3  0      0 174780 111424 6868992    0    0     0 128228 2731 1719 56 15 22  7  0
 2  0      0 436420 111432 6607132    0    0  2295 56392 2795 3682 44 16 35  5  0
 4  1      0 357796 111432 6691852    0    0     0 27048 1812 1209 50 15 32  3  0
 2  0      0 376164 111436 6677840    0    0   756 70544 2247 1530 38 12 46  4  0
 2  0      0 484684 111440 6567516    0    0     0 69952 2184 1524 39 12 46  3  0
 2  0      0 432836 111440 6618704    0    0     0   292 1269 1065 42 11 47  0  0
 2  0      0 388500 111440 6664360    0    0     0 66112 1974 1344 39 11 48  3  0
 2  0      0 333088 111440 6718212    0    0     0    80 1328 1100 41 13 46  0  0
 3  0      0 298844 111440 6746084    0    0     0 97296 2495 1530 48 16 30  6  0
 2  0      0 257848 111444 6787348    0    0     0 66180 1862 1370 36 13 47  3  0
 2  0      0 199144 111444 6845864    0    0     0   208 1259 1054 40 13 47  0  0
 2  0      0 148744 111444 6896756    0    0     0 66068 2111 1406 41  9 47  3  0
 1  1      0 119580 111444 6936084    0    0   772  8224 1394 1177 40 12 47  0  0
 2  0      0 504476 111436 6543604    0    0     0 87416 2566 1552 36 14 47  4  0
 1  0      0 519668 111436 6519936    0    0     0 31248 1927 1254 30 12 57  2  0
 1  0      0 507036 111436 6531992    0    0     0     0 1264 1205 20  8 72  0  0
 1  0      0 494700 111436 6544048    0    0     0   180 1259 1262 22  7 72  0  0
 1  0      0 482604 111436 6555960    0    0     0     4 1091 1112 21  6 73  0  0
 1  0      0 472736 111436 6567028    0    0     0    20 1139 1133 22  7 72  0  0
procs -----------memory---------- ---swap-- -----io---- -system-- ------cpu-----
 r  b   swpd   free   buff  cache   si   so    bi    bo   in   cs us sy id wa st
 3  0      0 473912 111436 6573500    0    0     0 31344 1887 1373 46 12 39  2  0
 3  0      0 392524 111436 6662396    0    0     0     4 1277  952 64 14 22  0  0
 3  0      0 304576 111436 6748292    0    0     0 126384 2912 1524 57 14 22  6  0
 2  1      0 213616 111436 6838048    0    0     0 113540 2722 1618 58 13 22  6  0
 2  0      0 129952 111436 6921932    0    0     0 48732 2008 1344 61 13 24  3  0
 3  0      0 411168 111436 6642540    0    0     0 39100 3939 1273 43 16 40  2  0
 2  0      0 400568 111436 6647972    0    0     0 97216 1970 1503 46 12 38  4  0
 2  0      0 337892 111436 6707616    0    0   876   264 1589 1219 44 11 46  0  0
 2  0      0 452952 111436 6588956    0    0    96 83532 1809 1608 37 12 47  4  0
 2  0      0 396576 111436 6649220    0    0    44    24 1206 1002 42 11 47  0  0
 2  0      0 342900 111436 6702776    0    0     0 66172 1589 1428 39 11 47  3  0
 2  0      0 314688 111436 6718104    0    0    44 97188 2109 1802 51 13 30  6  0
 2  0      0 266588 111436 6768940    0    0     0   272 1306 1089 41 12 47  0  0
 3  0      0 220288 111436 6816308    0    0     0 66076 1598 1429 38 11 47  3  0
 2  0      0 166360 111436 6870488    0    0     0   404 1425 1108 43 11 47  0  0
 2  0      0 129080 111436 6916056    0    0     0 66164 1648 1494 37 13 47  3  0
 2  0      0 446748 111436 6602016    0    0     0 42268 3005 1448 29 14 55  1  0
 1  0      0 479604 111436 6569212    0    0     0 31164 1653 1275 27  9 62  2  0
 1  0      0 466028 111436 6581544    0    0  1028   196 1375 1223 20  9 71  0  0
 1  0      0 453680 111436 6593484    0    0     0     0 1088 1122 21  6 73  0  0
 1  0      0 442024 111436 6605416    0    0     0    88 1069 1098 20  8 72  0  0
procs -----------memory---------- ---swap-- -----io---- -system-- ------cpu-----
 r  b   swpd   free   buff  cache   si   so    bi    bo   in   cs us sy id wa st
 2  0      0 429348 111436 6622740    0    0     0   120 1232 1166 23  7 70  0  0
 3  0      0 402188 111436 6643516    0    0    96 31216 1889 1355 52 11 35  2  0
 3  0      0 304448 111436 6746920    0    0   740     0 1392 1046 62 15 23  0  0
 3  0      0 216252 111436 6832768    0    0     0 151584 3282 1761 53 17 22  8  0
 3  0      0 122772 111436 6924580    0    0     0 129596 3372 1743 58 14 22  6  0
 2  0      0 441560 111428 6601720    0    0     0 56784 8547 1417 44 17 36  2  0
 3  0      0 358692 111428 6685412    0    0     0    44 1197  978 49 13 38  0  0
 2  0      0 363620 111432 6681288    0    0     0 97196 2917 1994 39 11 41  9  0
 3  0      0 306496 111432 6734944    0    0     0 66060 2085 1324 36 14 46  3  0
 2  0      0 249572 111432 6790800    0    0     0     0 1294 1117 39 13 47  0  0
 2  0      0 197156 111432 6842592    0    0     0 66148 2058 1410 39 10 47  4  0
 2  0      0 146004 111432 6892568    0    0     0 66156 2113 1477 39 11 47  3  0
 2  0      0 170596 111428 6874812    0    0     0 31500 1874 1207 53 16 30  2  0
 2  0      0 120484 111428 6923284    0    0   528 66068 2044 1306 38 12 47  3  0
 1  0      0 520344 111420 6511736    0    0     0 36272 1840 1311 33 10 56  2  0
 1  0      0 507224 111420 6523660    0    0     0     0 1302 1085 21  9 70  0  0
 1  0      0 494636 111420 6535756    0    0     0   124 1068 1056 20  8 72  0  0
 2  0      0 488296 111420 6537884    0    0     0 31240 1549 1181 29 10 60  1  0
 1  0      0 503492 111420 6530484    0    0  1666     0 1644 1912 21  8 71  0  0
 2  0      0 492012 111420 6542848    0    0     0    20 1107 1092 22  6 72  0  0
 1  0      0 479792 111420 6554776    0    0     0     0  919  954 21  7 73  0  0
procs -----------memory---------- ---swap-- -----io---- -system-- ------cpu-----
 r  b   swpd   free   buff  cache   si   so    bi    bo   in   cs us sy id wa st
 1  0      0 466836 111420 6567056    0    0  1667    84 1666 1910 20  9 71  0  0
 4  0      0 423116 111420 6610204    0    0     0  8420 1132 1012 33  8 58  0  0
 3  0      0 414068 111420 6634368    0    0     0 22804 1834 1186 60 15 24  1  0
 4  0      0 326624 111420 6720416    0    0     0 139428 2791 1785 58 15 23  5  0
 2  0      0 261120 111420 6789468    0    0     0 36472 1830 1334 50 11 37  2  0
 2  0      0 170928 111420 6878464    0    0     0 92268 2336 1589 40  9 47  4  0
 2  0      0 479124 111420 6564088    0    0     0 116880 2151 1742 31  9 53  7  0
 2  0      0 399388 111420 6658316    0    0     0     0 1468 1038 44  9 46  0  0
 2  0      0 318532 111420 6740180    0    0     0 126856 2541 1784 38 10 46  6  0
 2  0      0 228568 111420 6829720    0    0     0 131040 2465 1598 38 10 47  5  0
 2  0      0 134576 111420 6921328    0    0     0 63080 1674 1488 41 10 47  3  0
 1  0      0 467696 111420 6583204    0    0     0 62424 2138 1716 21  7 70  2  0
 1  0      0 430160 111420 6626740    0    0     0 66196 2095 1465 21  5 72  3  0
 0  1      0 379508 111420 6677356    0    0     0  7656 1047 1078 22  5 73  0  0
 0  1      0 341964 111420 6714080    0    0     0 87672 2566 1581 17  6 71  6  0
 4  0      0 469812 111420 6590796    0    0     0  8288 1615 1224 40 10 50  0  0
 2  0      0 405332 111420 6653784    0    0     0 132084 2544 1818 33 10 48  9  0
 2  0      0 318140 111420 6740044    0    0     0    20 1247 1033 43  9 48  0  0
 2  0      0 246572 111420 6811996    0    0     0 132532 3362 1955 36  8 47  9  0
 2  0      0 157392 111420 6900756    0    0   740   220 1402 1098 46  7 47  0  0
 2  0      0 129456 111412 6929500    0    0     0 132236 2770 1802 36 11 47  6  0
procs -----------memory---------- ---swap-- -----io---- -system-- ------cpu-----
 r  b   swpd   free   buff  cache   si   so    bi    bo   in   cs us sy id wa st
 2  0      0 126012 111400 6931808    0    0   384 79560 2258 1604 38  9 46  8  0
 2  0      0 132868 111392 6931568    0    0     0 52560 1683 1444 40  9 47  3  0
 2  0      0 118356 111380 6945000    0    0   328 132100 2746 1880 32 10 47 11  0
 2  0      0 129780 111360 6933504    0    0     0    20 1351 1126 44  9 47  0  0
 2  0      0 128148 111344 6934412    0    0     0 132484 3185 1815 38 11 46  4  0
 2  0      0 119332 111328 6942564    0    0     0 66096 2184 1432 42  9 47  2  0
 2  0      0 120388 111312 6941568    0    0     0 65976 2128 1409 42  9 46  2  0
 2  0      0 124732 111304 6937828    0    0     0 132412 2921 1783 37  9 46  8  0
 2  0      0 127056 111284 6935008    0    0     0    16 1242 1088 43 10 47  0  0
 2  0      0 125076 111280 6938464    0    0     0 132344 2940 1830 38 10 47  5  0
 1  0      0 540376 111268 6506052    0    0     0 112764 2712 1720 27  9 60  5  0
 2  0      0 1476972 111268 5568308    0    0     0     8 5683 1181 36 17 48  0  0
 0  2      0 1404144 111268 5638744    0    0     0 69708 1741 1451 37  9 48  6  0
 2  0      0 1327536 111268 5715524    0    0     0 62976 2006 1473 39 10 48  4  0
 2  0      0 1261540 111268 5781632    0    0     0 132040 2576 1834 35  8 47 10  0
 2  0      0 1172864 111268 5869788    0    0     0   348 1497 1166 45  8 47  0  0
 2  0      0 1106084 111268 5936136    0    0     0 132068 2506 1918 36  8 48  8  0
 2  0      0 1023680 111268 6018120    0    0     0     0 1152  997 44  8 47  0  0
 3  0      0 945312 111268 6096552    0    0     0 132048 2538 1841 39  9 47  6  0
 2  0      0 866972 111268 6173176    0    0     0 132072 2243 1600 39  8 48  5  0
