procs -----------memory---------- ---swap-- -----io---- -system-- ------cpu-----
 r  b   swpd   free   buff  cache   si   so    bi    bo   in   cs us sy id wa st
 2  0      0 1809340 111208 5322760    0    0    30   751   67   52  5  1 93  0  0
 3  0      0 1808864 111208 5322756    0    0    36     0  897 1127  1  1 98  0  0
 1  0      0 1781900 111224 5334232    0    0     0  1396 1859 1932 19  9 71  0  0
 1  0      0 1758716 111224 5345968    0    0   928     0 1455 1498 21  9 70  0  0
 1  0      0 1736792 111224 5356544    0    0     0     0 1187 1211 21  7 72  0  0
 1  0      0 1716128 111224 5366228    0    0   756    24 1327 1263 22  7 71  1  0
 2  0      0 1694960 111224 5376272    0    0     0   584 1322 1226 21  7 71  0  0
 2  0      0 1665228 111224 5391388    0    0     0   508 1356 1328 23  8 68  0  0
 1  0      0 1733248 111224 5366880    0    0  1404 31052 1692 1616 30 11 57  2  0
 1  0      0 1716240 111224 5377188    0    0     0    12 1258 1204 22  7 72  0  0
 1  0      0 1696536 111224 5387068    0    0  1008    24 1239 1236 20  8 72  0  0
 1  0      0 1675984 111224 5397308    0    0    44     0 1083 1100 21  7 72  0  0
 1  0      0 1659204 111224 5406436    0    0    44   144 1226 1217 22  7 71  0  0
 2  0      0 1639032 111224 5417208    0    0     0   480 1258 1205 21  9 70  0  0
 1  0      0 1657732 111228 5396404    0    0     0 31064 1401 1302 33 10 56  2  0
 1  0      0 1647692 111228 5407088    0    0     0     0 1119 1144 19  8 72  0  0
 1  0      0 1638908 111228 5417848    0    0     0    20 1177 1165 22  6 72  0  0
 1  0      0 1628072 111228 5428560    0    0     0    60 1146 1139 19  8 72  0  0
 1  0      0 1616736 111228 5439500    0    0     0     0 1104 1134 22  6 73  0  0
 2  0      0 1591796 111228 5467008    0    0   540   172 1231 1169 28  8 65  0  0
 1  0      0 1618828 111228 5432000    0    0     0 31024 1302 1305 25  9 65  2  0
procs -----------memory---------- ---swap-- -----io---- -system-- ------cpu-----
 r  b   swpd   free   buff  cache   si   so    bi    bo   in   cs us sy id wa st
 1  0      0 1606904 111228 5443428    0    0     0    24 1207 1179 22  6 72  0  0
 1  0      0 1596180 111228 5453744    0    0     0     0 1101 1093 21  7 72  0  0
 1  0      0 1585848 111228 5463760    0    0     0     0 1088 1111 22  6 72  0  0
 1  0      0 1574256 111228 5474732    0    0     0     0 1057 1066 20  7 73  0  0
 3  0      0 1594968 111232 5456408    0    0     0 31200 1590 1366 36 10 52  2  0
 3  0      0 1520632 111232 5537872    0    0     0   388 1558 1126 62 16 23  0  0
 1  0      0 1597536 111236 5466716    0    0     0 114280 2251 1662 41 14 40  5  0
 1  0      0 1585724 111236 5477672    0    0     0   372 1284 1210 23  7 70  0  0
 1  0      0 1574384 111236 5488580    0    0     0     0 1273 1176 21  7 72  0  0
 2  0      0 1560536 111236 5505360    0    0     0     0 1141 1128 22  8 70  0  0
 1  0      0 1585252 111236 5481808    0    0     0 31132 1379 1370 30  9 60  2  0
 1  0      0 1573444 111236 5493760    0    0     0    24 1111 1142 20  7 73  0  0
 1  0      0 1562824 111236 5504864    0    0     0     0 1190 1099 21  7 72  0  0
 2  0      0 1551844 111236 5515576    0    0     0   192 1186 1146 20  7 72  0  0
 2  0      0 1542048 111236 5525840    0    0     0     0 1090 1118 21  6 73  0  0
 1  1      0 1499212 111240 5568076    0    0     4  2360 1189 1078 32 10 58  0  0
 2  0      0 1544868 111240 5517232    0    0     0 28964 1367 1325 21  8 69  2  0
 1  0      0 1532552 111240 5528540    0    0     0    28 1052 1025 19  8 72  0  0
 1  0      0 1521464 111240 5539028    0    0     0   172 1112 1118 22  5 73  0  0
 1  0      0 1510376 111240 5549876    0    0     0     0 1070 1019 20  7 72  0  0
 2  0      0 1498784 111240 5561064    0    0     0     0 1148 1139 21  7 72  0  0
procs -----------memory---------- ---swap-- -----io---- -system-- ------cpu-----
 r  b   swpd   free   buff  cache   si   so    bi    bo   in   cs us sy id wa st
 1  0      0 1529580 111240 5541948    0    0     0 31148 1360 1293 32 10 56  2  0
 2  0      0 1516988 111240 5553600    0    0     0    68 1077 1082 20  7 73  0  0
 1  0      0 1506180 111240 5563960    0    0     0     8 1023 1058 21  6 72  0  0
 1  0      0 1498120 111240 5574420    0    0     0     0 1229 1163 21  7 72  0  0
 1  0      0 1488076 111240 5584444    0    0     0   172 1319 1334 22  7 70  0  0
 2  0      0 1464672 111240 5609772    0    0     0   192 1312 1237 27  9 65  0  0
 5  0      0 1431204 111240 5640236    0    0     0 31204 1558 1279 63 15 20  2  0
 4  0      0 1296416 111240 5770648    0    0     0 36728 1754 1314 82 15  1  1  0
 1  0      0 1477728 111240 5578888    0    0     0 187236 3771 2202 37 14 38 10  0
 2  0      0 1476216 111240 5589352    0    0     0     0 1119 1131 20  8 72  0  0
 1  0      0 1467648 111240 5599292    0    0     0   592 1127 1113 21  7 72  0  0
 1  0      0 1458072 111240 5608880    0    0     0    24 1188 1168 21  7 72  0  0
 1  0      0 1484452 111240 5589004    0    0     0 31264 1736 1261 32 11 55  2  0
 1  0      0 1473868 111240 5599416    0    0     0    84 1122 1136 21  7 72  0  0
 1  0      0 1460804 111240 5609680    0    0  1171     0 1567 1744 22  7 71  0  0
 1  0      0 1450992 111240 5619460    0    0   495    20 1436 1467 22  7 71  0  0
 1  0      0 1441416 111240 5628964    0    0     0     0 1103 1065 21  7 72  0  0
 1  0      0 1432092 111240 5638316    0    0     0   180 1056 1083 22  6 72  0  0
 1  0      0 1441940 111240 5617836    0    0  1171 31088 1828 1935 35 10 53  2  0
 1  0      0 1429132 111240 5628052    0    0   496     4 1454 1502 22  7 71  0  0
 1  0      0 1418044 111240 5639048    0    0     0   248 1167 1120 21  7 72  0  0
procs -----------memory---------- ---swap-- -----io---- -system-- ------cpu-----
 r  b   swpd   free   buff  cache   si   so    bi    bo   in   cs us sy id wa st
 1  1      0 1406708 111240 5650228    0    0     0     0 1100 1129 22  6 73  0  0
 1  0      0 1396124 111240 5660736    0    0     0    24 1070 1067 21  6 72  0  0
 3  0      0 1385540 111240 5672036    0    0     0   216 1280 1229 21  7 71  0  0
 4  0      0 1415800 111240 5651936    0    0     0 31076 1325 1210 32  9 57  2  0
 1  0      0 1404964 111240 5662612    0    0     0   220 1132 1112 19  9 73  0  0
 1  0      0 1395136 111240 5672152    0    0     0     4 1200 1145 23  6 71  0  0
 1  0      0 1384080 111240 5682448    0    0     0     0 1111 1154 22  6 72  0  0
 1  0      0 1372992 111240 5692984    0    0     0     0 1167 1150 22  7 71  0  0
 2  0      0 1354344 111240 5713348    0    0     0   160 1228 1239 24  8 68  0  0
 7  0      0 1325636 111240 5732596    0    0     0 31052 1617 1349 59 14 25  1  0
 7  0      0 1213244 111244 5850088    0    0     0 15720 1913 1365 83 17  0  0  0
 4  1      0 1094048 111244 5965376    0    0     0 104020 2829 1512 79 18  0  3  0
 2  0      0 1110924 111244 5942336    0    0     0 210608 3975 2642 55 17  3 26  0
 1  0      0 1352404 111244 5694768    0    0     0   132 1265 1180 20  9 70  0  0
 1  0      0 1340560 111244 5706164    0    0     0   456 1182 1147 21  7 72  0  0
 2  0      0 1326700 111244 5725524    0    0     0   224 1210 1094 25  7 68  0  0
 1  0      0 1357512 111244 5698128    0    0     0 31288 1643 1286 29 10 60  1  0
 1  0      0 1345476 111244 5710052    0    0     0     0 1246 1187 20  8 72  0  0
 1  0      0 1333884 111244 5721124    0    0     0     0 1151 1160 20  7 72  0  0
 1  0      0 1322544 111244 5732084    0    0     0    24 1094 1101 21  7 73  0  0
 1  0      0 1311960 111244 5742524    0    0     0     0 1170 1193 20  7 73  0  0
procs -----------memory---------- ---swap-- -----io---- -system-- ------cpu-----
 r  b   swpd   free   buff  cache   si   so    bi    bo   in   cs us sy id wa st
 2  0      0 1326800 111244 5726208    0    0     0 31392 1809 1401 33 10 55  2  0
 1  0      0 1313996 111244 5734400    0    0     0   208 1175 1175 20  7 73  0  0
 1  0      0 1302908 111244 5745044    0    0     0     0 1207 1172 20  9 72  0  0
 1  0      0 1291344 111244 5756252    0    0     0    36 1197 1159 21  7 72  0  0
 1  0      0 1280508 111244 5766636    0    0     0     0 1172 1160 22  6 72  0  0
 2  0      0 1269420 111244 5778492    0    0     0   168 1132 1191 22  6 72  0  0
 1  0      0 1293900 111244 5758560    0    0     0 31172 1804 1434 31 10 57  2  0
 1  0      0 1282056 111244 5770256    0    0     0     8 1228 1156 21  7 72  0  0
 1  0      0 1270240 111244 5781696    0    0     0    24 1171 1132 20  8 72  0  0
 1  0      0 1259152 111244 5792712    0    0     0    12 1184 1222 22  6 72  0  0
 1  0      0 1247564 111244 5804120    0    0     0     0 1223 1195 22  6 72  0  0
 1  1      0 1207752 111244 5846300    0    0     0 25044 1521 1210 33  9 57  1  0
 4  0      0 1158136 111244 5907460    0    0     0  9840 1760 1242 78 20  1  1  0
 2  0      0 1092868 111244 5962120    0    0     0 195840 3324 2142 66 17  6 11  0
 1  0      0 1249492 111244 5812520    0    0     0   456 1270 1202 22  7 71  0  0
 1  0      0 1239160 111244 5822800    0    0     0     0 1089 1115 21  8 72  0  0
 1  0      0 1228840 111244 5833012    0    0     0     0 1021 1040 22  6 72  0  0
 2  0      0 1248024 111244 5812580    0    0     0 31400 1644 1237 33 10 55  2  0
 2  0      0 1236468 111244 5823332    0    0     0     4 1167 1106 22  7 71  0  0
 1  0      0 1226924 111244 5832744    0    0     0    92 1059 1121 22  6 72  0  0
 1  0      0 1215360 111244 5843672    0    0     0    32 1048 1085 21  7 72  0  0
procs -----------memory---------- ---swap-- -----io---- -system-- ------cpu-----
 r  b   swpd   free   buff  cache   si   so    bi    bo   in   cs us sy id wa st
 1  0      0 1204280 111244 5854284    0    0     0     0 1173 1147 21  7 72  0  0
 1  0      0 1193696 111244 5864780    0    0     0   420 1144 1147 22  6 72  0  0
 1  0      0 1200764 111244 5845696    0    0     0 31064 1722 1330 31 11 56  2  0
 1  0      0 1189968 111244 5856080    0    0     0    20 1095 1108 22  6 72  0  0
 1  0      0 1179028 111244 5867036    0    0     0    32 1198 1167 22  6 72  0  0
 1  0      0 1168360 111244 5877256    0    0     0     0 1133 1088 22  6 72  0  0
 1  0      0 1157524 111244 5887856    0    0     0     0 1062 1086 19  8 73  0  0
 1  0      0 1147704 111244 5897324    0    0     0   352 1144 1124 22  6 72  0  0
 1  0      0 1178252 111244 5877740    0    0     0 31044 1689 1258 34 10 53  2  0
 1  0      0 1166940 111244 5888612    0    0     0   156 1168 1113 22  7 71  0  0
 1  0      0 1155852 111244 5899332    0    0     0     0 1048 1057 21  6 73  0  0
 1  0      0 1145520 111244 5909296    0    0     0     0 1096 1130 21  7 72  0  0
 1  0      0 1131924 111244 5919484    0    0  1666     0 1970 2142 23  7 70  0  0
 2  0      0 1118488 111244 5932596    0    0     0   464 1168 1124 24  6 70  0  0
 8  0      0 1118092 111244 5945664    0    0     0 31148 1476 1281 56 13 29  2  0
 6  0      0 1007980 111244 6064260    0    0     0     0 1431 1053 83 17  0  0  0
 6  0      0 892352 111244 6173488    0    0  1667 59132 2972 2168 81 17  0  2  0
 2  0      0 1008004 111248 6052264    0    0     0 255912 4157 2958 57 17  9 16  0
 1  0      0 1122600 111248 5931980    0    0     0   940 1302 1208 21  7 71  0  0
 1  0      0 1112772 111248 5941964    0    0     0     4 1048 1061 21  7 72  0  0
 6  0      0 1100856 111248 5952128    0    0     0    20 1107 1070 21  7 72  0  0
procs -----------memory---------- ---swap-- -----io---- -system-- ------cpu-----
 r  b   swpd   free   buff  cache   si   so    bi    bo   in   cs us sy id wa st
 2  0      0 1110564 111248 5931768    0    0     0 31200 1408 1241 36  8 54  2  0
 2  0      0 1099760 111248 5942144    0    0     0    44 1058 1066 21  6 72  0  0
 2  0      0 1089428 111248 5952616    0    0     0   180 1069 1049 21  7 72  0  0
 3  0      0 1079472 111248 5962932    0    0    52     0 1216 1213 21  8 71  0  0
 2  0      0 1069092 111248 5973228    0    0     0    32 1142 1106 20  7 72  0  0
 3  0      0 1058256 111248 5988112    0    0     0   184 1081 1077 23  7 70  0  0
 2  0      0 1088512 111248 5964700    0    0     0 31040 1390 1355 30 11 57  2  0
 1  0      0 1078216 111248 5976008    0    0     0     0 1217 1152 22  6 72  0  0
 1  0      0 1067128 111248 5987212    0    0     0   184 1141 1098 21  6 72  0  0
 1  0      0 1055284 111248 5999012    0    0     0    20 1052 1099 20  8 73  0  0
 1  0      0 1044700 111248 6009672    0    0     0    24 1175 1132 22  6 72  0  0
 1  1      0 999548 111248 6052284    0    0     0  5340 1354 1201 34 10 57  0  0
 1  0      0 1046800 111248 6000740    0    0     0 25876 1272 1316 21  8 70  2  0
 1  0      0 1035996 111248 6011620    0    0     0   296 1126 1098 21  7 72  0  0
 1  0      0 1025116 111248 6022484    0    0     0    36 1096 1072 21  7 73  0  0
 1  0      0 1015368 111248 6033264    0    0     0    24 1230 1150 21  7 72  0  0
 1  0      0 1005540 111248 6042932    0    0     0     0 1067 1070 21  7 72  0  0
 7  0      0 1023408 111248 6024576    0    0     0 31236 1415 1303 37 10 50  2  0
 7  0      0 903252 111248 6155632    0    0     0   340 1542 1148 86 14  0  0  0
 6  0      0 766696 111248 6287664    0    0     0 41504 2279 1303 82 18  0  0  0
 2  0      0 999328 111248 6045256    0    0     0 258320 5155 3276 45 14 14 26  0
procs -----------memory---------- ---swap-- -----io---- -system-- ------cpu-----
 r  b   swpd   free   buff  cache   si   so    bi    bo   in   cs us sy id wa st
 2  0      0 940972 111248 6100760    0    0     0    28 1260 1092 40 12 48  0  0
 2  0      0 894884 111248 6145880    0    0     0 66164 1590 1427 39 11 47  3  0
 1  0      0 979196 111248 6056064    0    0     0 52264 1534 1411 36 11 51  2  0
 1  0      0 1014148 111248 6036212    0    0     0 31156 1300 1212 33 10 56  1  0
 2  0      0 1003064 111248 6047076    0    0     0   168 1169 1115 22  6 72  0  0
 1  0      0 991000 111248 6057568    0    0     0    16 1287 1219 22  7 71  0  0
 1  0      0 980956 111248 6067548    0    0     0     0 1110 1115 21  6 73  0  0
 1  0      0 969872 111248 6077436    0    0     0    24 1089 1062 22  6 72  0  0
 1  0      0 960548 111248 6086972    0    0     0   156 1215 1146 23  6 72  0  0
 1  0      0 986928 111248 6067788    0    0     0 31224 1609 1238 33  9 57  1  0
 1  0      0 974872 111248 6079108    0    0     0     0 1057 1097 22  6 72  0  0
 1  0      0 963028 111248 6090500    0    0     0    24 1012 1013 21  7 72  0  0
 1  0      0 950484 111248 6102164    0    0     0    24 1240 1187 22  7 71  0  0
 1  0      0 938404 111248 6112864    0    0     0     0 1167 1100 21  6 72  0  0
 2  0      0 916512 111248 6136992    0    0     0   400 1150 1108 27  7 66  0  0
 1  0      0 952712 111248 6103872    0    0     0 31028 1557 1262 28  9 61  2  0
 1  0      0 940868 111248 6115420    0    0     0    28 1044 1060 22  6 73  0  0
 1  0      0 930032 111248 6126284    0    0     0     0 1059 1077 21  7 72  0  0
 1  0      0 918720 111248 6136916    0    0     0    52 1260 1234 21  7 72  0  0
 1  0      0 908644 111248 6146600    0    0     0    16 1091 1087 22  6 72  0  0
 2  0      0 870340 111248 6179692    0    0     0   432 1145 1115 31  9 61  0  0
procs -----------memory---------- ---swap-- -----io---- -system-- ------cpu-----
 r  b   swpd   free   buff  cache   si   so    bi    bo   in   cs us sy id wa st
 7  0      0 839388 111248 6221532    0    0     0 31044 1845 1394 71 17 10  1  0
 7  0      0 690204 111248 6366864    0    0     0 26388 2257 1438 84 16  0  0  0
 4  0      0 566232 111248 6488660    0    0     0 235960 5333 2547 74 17  1  8  0
 2  0      0 882340 111248 6179344    0    0     0 87288 2220 2063 38 14 42  5  0
 2  0      0 831688 111248 6228732    0    0     0 66152 2122 1373 37 13 47  3  0
 2  0      0 775492 111248 6283720    0    0     0   188 1300 1070 42 10 48  0  0
 3  0      0 865368 111248 6196148    0    0     0 63852 1967 1291 43 13 40  4  0
 2  0      0 863732 111248 6204660    0    0     0 31116 1645 1188 48 13 38  1  0
 2  0      0 813108 111248 6252344    0    0     0 66052 2165 1372 38 11 47  3  0
 2  0      0 903324 111248 6156992    0    0  1666 37120 2286 2335 25  9 64  2  0
 3  0      0 892236 111248 6167384    0    0     0   176  976  967 20  7 73  0  0
 1  0      0 880424 111248 6178020    0    0     0     0 1057 1098 21  6 72  0  0
 2  0      0 840368 111248 6213380    0    0     0   452 1304 1089 30  8 62  0  0
 1  0      0 874624 111248 6170120    0    0  1667 31200 2304 2215 23 10 65  2  0
 1  0      0 863540 111248 6180332    0    0     0     0 1249 1160 20  8 72  0  0
 1  0      0 852452 111248 6190700    0    0     0   236 1075 1087 20  7 73  0  0
 1  0      0 842372 111248 6200288    0    0     0     0 1067 1085 22  6 72  0  0
 1  0      0 832044 111248 6209980    0    0     0    40 1196 1156 23  6 71  0  0
 2  0      0 791976 111248 6249148    0    0     0   160 1388 1251 32  9 59  0  0
 1  0      0 854488 111248 6202460    0    0     0 31052 1483 1267 22  7 69  1  0
 1  0      0 842644 111248 6213788    0    0     0     0 1045 1037 22  6 73  0  0
procs -----------memory---------- ---swap-- -----io---- -system-- ------cpu-----
 r  b   swpd   free   buff  cache   si   so    bi    bo   in   cs us sy id wa st
 1  0      0 829796 111248 6224572    0    0     0   220 1198 1166 21  7 72  0  0
 1  0      0 817488 111248 6235512    0    0     0    20 1165 1127 21  7 72  0  0
 1  0      0 805392 111248 6245684    0    0     0    28 1043 1076 20  8 72  0  0
 7  0      0 799788 111248 6250648    0    0     0 31176 1672 1347 49 13 36  2  0
 6  0      0 686912 111248 6371848    0    0     0 12520 1864 1304 82 17  1  0  0
 6  0      0 561920 111248 6492472    0    0     0 85840 2449 1570 80 18  0  2  0
 2  0      0 818356 111256 6238464    0    0     0 237788 5746 3244 66 17 10  6  0
 2  0      0 769288 111256 6291032    0    0     0     0 1252 1079 40 13 47  0  0
 2  0      0 722920 111256 6337768    0    0     0 66184 2325 1543 40 11 46  3  0
 2  0      0 797780 111256 6263160    0    0     0 43060 1741 1277 38 12 47  3  0
 3  0      0 720668 111256 6342772    0    0     0   164 1422 1151 51 14 35  0  0
 2  0      0 731316 111260 6335624    0    0     0 97520 2316 1618 40 12 44  4  0
 1  0      0 812300 111260 6245792    0    0     0 27776 1485 1229 23  8 68  2  0
 1  0      0 801524 111260 6256152    0    0     0    24 1009 1002 21  6 72  0  0
 1  0      0 791196 111260 6266128    0    0     0     0 1023 1015 21  7 72  0  0
 1  0      0 781116 111260 6275956    0    0     0    64 1197 1113 22  8 70  0  0
 2  0      0 728196 111260 6317516    0    0     0 28888 1229 1195 33 10 56  1  0
 2  0      0 776496 111260 6265800    0    0     0  2708 1077 1146 22  7 71  0  0
 3  0      0 765992 111260 6276140    0    0     0     0 1068 1092 21  7 72  0  0
 4  0      0 755408 111260 6286744    0    0     0    20 1210 1149 21  7 71  0  0
 1  0      0 744068 111260 6297796    0    0   600     4 1018 1078 22  6 72  0  0
procs -----------memory---------- ---swap-- -----io---- -system-- ------cpu-----
 r  b   swpd   free   buff  cache   si   so    bi    bo   in   cs us sy id wa st
 1  0      0 734240 111260 6307860    0    0     0     0  985  988 21  7 73  0  0
 1  0      0 768648 111260 6287728    0    0     0 31244 1709 1354 33 10 55  2  0
 1  0      0 757340 111260 6298516    0    0     0     4 1042 1065 21  7 72  0  0
 1  0      0 746788 111260 6308304    0    0    48    20 1027 1066 22  6 72  0  0
 1  0      0 736736 111260 6318136    0    0     0     0  967 1025 22  6 72  0  0
 1  0      0 726908 111260 6327596    0    0     0    16 1176 1105 21  7 72  0  0
 1  0      0 716828 111260 6337524    0    0   208   172 1052 1071 20  8 72  0  0
 2  0      0 670460 111260 6377824    0    0  1008     0 1139 1067 34  9 57  0  0
 7  0      0 636312 111260 6428184    0    0   224 31036 1843 1384 76 16  6  2  0
 5  1      0 509052 111260 6550908    0    0   564 35220 2049 1414 79 18  2  1  0
 4  1      0 374764 111260 6679496    0    0   104 105124 3049 1622 79 17  1  3  0
 2  0      0 690284 111260 6358728    0    0     0 212972 4177 3063 35 15 26 23  0
 2  0      0 636384 111260 6410400    0    0   452   136 1324 1122 43 10 47  0  0
 1  1      0 595560 111260 6450988    0    0   704 78500 2153 1446 38 12 46  4  0
 3  0      0 641344 111260 6402940    0    0     0 15820 1484 1228 45 11 44  1  0
 2  0      0 652472 111260 6408648    0    0     0 97100 2461 1548 50 14 32  5  0
 3  0      0 602604 111260 6455304    0    0   548   652 1510 1229 41 13 45  0  0
 3  0      0 560016 111260 6498212    0    0   752 66228 1937 1527 40 11 46  4  0
 1  0      0 689392 111260 6353760    0    0     0 39292 1620 1274 35 10 54  2  0
 3  0      0 678920 111260 6363856    0    0     0     0 1057 1058 21  6 73  0  0
 1  0      0 668124 111260 6373472    0    0     0    32 1193 1136 21  7 71  0  0
procs -----------memory---------- ---swap-- -----io---- -system-- ------cpu-----
 r  b   swpd   free   buff  cache   si   so    bi    bo   in   cs us sy id wa st
 1  0      0 696164 111260 6354140    0    0     0 31156 1854 1426 34  9 56  1  0
 1  0      0 683848 111260 6365568    0    0  1328   364 1295 1215 21  7 71  1  0
 1  0      0 671756 111260 6376464    0    0     0     0 1216 1192 22  7 72  0  0
 1  0      0 659940 111260 6387532    0    0  1860     0 1654 1739 21  8 70  2  0
 1  0      0 649104 111260 6398072    0    0     0    28 1127 1129 21  7 72  0  0
 2  0      0 631464 111260 6413800    0    0     0   576 1192 1158 24  8 68  0  0
 1  0      0 661124 111260 6387576    0    0  1666 31192 2523 2422 31 10 57  2  0
 1  0      0 650292 111260 6398196    0    0   904     0 1179 1171 21  7 72  0  0
 2  0      0 639232 111260 6408796    0    0     0     0 1048 1126 22  6 72  0  0
 1  0      0 627672 111260 6419528    0    0     0     0 1018 1038 23  5 72  0  0
 1  0      0 613572 111260 6430220    0    0  1171    28 1654 1802 22  7 71  0  0
 2  0      0 583080 111260 6456212    0    0  2160   508 1476 1397 28  9 63  1  0
 7  0      0 573836 111260 6480216    0    0   848 31076 1841 1334 62 16 19  2  0
 8  0      0 438040 111260 6614924    0    0    32     0 1520 1144 86 13  0  0  0
 9  0      0 300700 111260 6746836    0    0    44 84968 2882 1958 79 19  0  2  0
 2  0      0 616452 111264 6437500    0    0   548 280844 5771 3379 49 18 20 13  0
 2  0      0 562908 111264 6490960    0    0    24   104 1334 1080 42 10 47  0  0
 2  0      0 515312 111264 6537308    0    0     0 66416 2192 1454 38 11 47  3  0
 2  0      0 461636 111264 6589220    0    0     0     0 1402 1187 42 11 47  0  0
 2  0      0 597660 111264 6455856    0    0  1092 96024 2838 1546 50 14 31  5  0
 2  0      0 546536 111264 6508056    0    0     0 66064 2028 1380 41  9 47  3  0
procs -----------memory---------- ---swap-- -----io---- -system-- ------cpu-----
 r  b   swpd   free   buff  cache   si   so    bi    bo   in   cs us sy id wa st
 1  0      0 620212 111264 6434380    0    0     0 19088 1412 1306 26  8 65  1  0
 1  0      0 609152 111264 6444916    0    0     0   364 1236 1166 21  7 72  0  0
 1  0      0 598848 111264 6454728    0    0     0     0 1060 1113 21  6 73  0  0
 2  0      0 584484 111264 6467208    0    0  1992     4 1249 1203 23  8 69  0  0
 1  0      0 606372 111268 6444396    0    0     0 31192 1549 1271 33  9 56  2  0
 1  0      0 595288 111268 6454532    0    0   128   324 1059 1093 21  7 71  0  0
 1  0      0 584452 111268 6464848    0    0     0   320 1156 1113 22  6 72  0  0
 1  0      0 573644 111268 6475280    0    0     0     0 1170 1143 22  7 72  0  0
 1  0      0 563564 111268 6484784    0    0     0     0 1020 1084 21  7 72  0  0
 2  0      0 553236 111268 6494656    0    0     0   308 1081 1158 22  7 71  0  0
 1  0      0 581192 111268 6475496    0    0     0 31092 1750 1328 35  8 55  2  0
 1  0      0 569632 111268 6486412    0    0     0   120 1115 1143 21  7 72  0  0
 1  0      0 558544 111268 6496912    0    0   112     4 1059 1094 21  7 72  0  0
 1  0      0 546984 111268 6507000    0    0     0     0 1158 1182 21  6 72  0  0
 1  0      0 536148 111268 6517216    0    0     0     0 1149 1146 21  7 72  0  0
 3  0      0 524556 111268 6527436    0    0     0   568 1164 1130 23  7 70  0  0
 7  0      0 515032 111268 6530224    0    0     0 31208 1826 1400 52 11 34  3  0
 7  0      0 402932 111268 6649348    0    0     0   248 1563 1197 84 16  0  0  0
 6  0      0 280460 111268 6770612    0    0     0 34608 2383 1403 83 17  0  0  0
 1  4      0 170336 111268 6873964    0    0   100 271504 4604 2584 68 19  0 13  0
 2  0      0 509048 111268 6547936    0    0     0 51812 2771 2180 42 12 37  8  0
procs -----------memory---------- ---swap-- -----io---- -system-- ------cpu-----
 r  b   swpd   free   buff  cache   si   so    bi    bo   in   cs us sy id wa st
 2  0      0 457420 111268 6598836    0    0     0     0 1243 1063 42 10 47  0  0
 2  0      0 412088 111268 6643592    0    0     0 66584 2009 1265 38 12 47  3  0
 2  0      0 512144 111272 6541680    0    0    84 70820 2371 1571 50 16 30  4  0
 1  1      0 460012 111272 6591004    0    0    84 16384 1508 1163 41 11 46  1  0
 2  0      0 422212 111272 6632616    0    0     0 49728 1894 1304 38 12 46  4  0
 1  1      0 374836 111272 6677196    0    0    88 56972 1708 1191 37 13 47  4  0
 1  0      0 508576 111272 6540120    0    0    80 18008 1460 1299 25  9 64  2  0
 2  0      0 498004 111272 6550220    0    0     0   208 1206 1078 21  8 71  0  0
 1  0      0 510192 111272 6529908    0    0     0 31104 1587 1251 32  9 56  2  0
 1  0      0 498852 111272 6540676    0    0     0   372 1094 1035 22  6 72  0  0
 2  0      0 486312 111272 6551592    0    0     0     0 1119 1091 22  6 72  0  0
 1  0      0 475980 111272 6561608    0    0    80    92 1068 1029 21  7 72  0  0
 1  0      0 465900 111272 6571324    0    0     0    28 1023 1052 22  6 72  0  0
 1  0      0 455064 111276 6581792    0    0     0   460 1091 1050 21  7 72  0  0
 1  0      0 487556 111276 6562364    0    0    72 31100 1715 1343 36  8 54  2  0
 1  0      0 476220 111276 6573108    0    0     0     0 1056 1052 22  6 72  0  0
 1  0      0 465132 111276 6583640    0    0     0     4 1005 1073 20  7 72  0  0
 1  0      0 453304 111276 6594836    0    0   980    24 1054 1064 21  7 71  0  0
 1  0      0 441992 111276 6605480    0    0    48   204 1155 1155 20  9 71  0  0
 2  0      0 418304 111276 6625692    0    0     0   388 1150 1073 24  9 68  0  0
 8  0      0 395964 111276 6657668    0    0     0 31148 1847 1414 63 15 21  1  0
procs -----------memory---------- ---swap-- -----io---- -system-- ------cpu-----
 r  b   swpd   free   buff  cache   si   so    bi    bo   in   cs us sy id wa st
 6  0      0 259892 111276 6790360    0    0     0 40672 2510 1495 85 15  0  0  0
 4  2      0 124568 111276 6921436    0    0     0 171160 3554 2159 79 18  1  2  0
 2  0      0 487088 111264 6565640    0    0    36 179484 7065 2744 51 21 22  5  0
 3  0      0 440068 111264 6614996    0    0   579     0 1547 1541 43 11 46  0  0
 2  0      0 396260 111264 6656968    0    0  1919 66128 2334 1758 39 12 45  4  0
 2  0      0 472392 111264 6566224    0    0     0 50544 1923 1444 39 11 47  3  0
 1  1      0 477020 111264 6581896    0    0   644 55700 1700 1299 55 13 29  3  0
 2  0      0 472676 111264 6584008    0    0     0 13704 1514 1265 39 13 47  1  0
 2  1      0 427596 111264 6623940    0    0  1667 55300 2539 2240 39 13 45  3  0
 2  0      0 379968 111264 6672072    0    0     0 10848 1430 1224 41 11 47  1  0
 3  0      0 333096 111264 6718436    0    0     0 66064 1835 1403 37 12 47  4  0
 1  0      0 467516 111264 6571940    0    0     0 40364 1997 1639 40 11 47  2  0
 3  0      0 431256 111264 6607836    0    0     0   444 1355 1157 29  9 62  0  0
 1  0      0 473732 111264 6563836    0    0     0 31516 1383 1393 23  7 68  1  0
 1  0      0 461316 111264 6574580    0    0     0     0 1033 1057 21  7 73  0  0
 1  0      0 450400 111264 6585348    0    0     0    44 1173 1208 19  9 72  0  0
 1  0      0 439532 111264 6595984    0    0     0     4 1129 1068 22  6 72  0  0
 1  0      0 426492 111264 6607352    0    0     0    92 1070 1122 20  7 73  0  0
 1  0      0 443184 111264 6588640    0    0     0 31284 1370 1346 32  9 57  1  0
 1  0      0 430836 111264 6600376    0    0     0    24 1125 1124 20  8 72  0  0
 1  0      0 419024 111264 6611576    0    0     0     0 1074 1078 21  7 72  0  0
procs -----------memory---------- ---swap-- -----io---- -system-- ------cpu-----
 r  b   swpd   free   buff  cache   si   so    bi    bo   in   cs us sy id wa st
 1  0      0 407580 111264 6622632    0    0     0     0 1033 1076 21  7 72  0  0
 1  0      0 396624 111264 6633396    0    0     0   300 1178 1157 21  7 72  0  0
 2  0      0 365884 111264 6671388    0    0     0   660 1315 1138 32  7 60  0  0
 9  0      0 333872 111264 6725508    0    0     0 31052 1887 1361 77 16  6  1  0
 6  0      0 187964 111264 6869392    0    0     0 26912 1853 1207 80 19  0  1  0
 4  0      0 133600 111260 6935724    0    0     0 299488 4561 2595 66 19  5 10  0
 2  0      0 442448 111260 6624748    0    0     0 23480 3133 1419 43 15 41  1  0
 1  1      0 393060 111260 6672160    0    0     0 49232 1375 1193 39 11 47  2  0
 2  0      0 351516 111260 6720536    0    0     0 17296 1522 1350 42 10 47  1  0
 3  0      0 424992 111260 6637428    0    0     0 60704 1529 1399 46 13 38  3  0
 2  0      0 410876 111260 6638904    0    0     0 31108 1781 1332 49 11 38  2  0
 2  0      0 363888 111260 6684904    0    0  1104 66060 1537 1391 39 11 46  4  0
 2  0      0 425396 111264 6621576    0    0     0 36604 1457 1355 39 11 48  2  0
 1  1      0 371288 111264 6675432    0    0    44 25600 1519 1155 39 13 47  1  0
 2  0      0 321140 111264 6727476    0    0    48 40736 2004 1403 39 12 46  3  0
 3  0      0 250592 111264 6800952    0    0     0 66108 2229 1423 47 12 38  3  0
 2  0      0 257940 111264 6806416    0    0     0 31084 1440 1303 45 13 41  2  0
 2  0      0 213112 111264 6851212    0    0   460 66616 2280 1477 38 12 45  4  0
 1  0      0 441300 111264 6610880    0    0   936 58140 2109 1541 36 11 49  3  0
 1  0      0 431184 111264 6620688    0    0     0   180 1083 1073 23  5 72  0  0
 1  0      0 421848 111264 6630484    0    0     0    24 1012 1053 21  7 72  0  0
procs -----------memory---------- ---swap-- -----io---- -system-- ------cpu-----
 r  b   swpd   free   buff  cache   si   so    bi    bo   in   cs us sy id wa st
 4  0      0 397524 111264 6650464    0    0     0     0 1029 1015 26  8 66  0  0
 2  0      0 421464 111264 6618888    0    0     0 31168 1431 1346 31  9 58  3  0
 1  0      0 411388 111264 6628504    0    0   800    88 1230 1167 20  9 71  0  0
 1  0      0 401308 111264 6637968    0    0     0   248 1108 1135 22  6 71  0  0
 1  0      0 391736 111264 6647224    0    0    44     0 1059 1071 23  6 72  0  0
 1  0      0 383676 111264 6656044    0    0    44    20 1190 1167 23  6 71  0  0
 1  0      0 374100 111264 6664972    0    0     0   536 1048 1071 22  5 72  0  0
 2  0      0 332272 111264 6706420    0    0    40  5344 1233 1105 35  9 55  0  0
 7  0      0 332012 111264 6734860    0    0   752 27664 1738 1354 75 17  6  2  0
 6  0      0 224920 111264 6837600    0    0     0     0 1503 1125 83 17  0  0  0
 4  1      0 133444 111260 6927772    0    0     0 106592 3188 1834 80 17  1  2  1
 7  0      0 128960 111248 6931980    0    0     0 216948 4026 2619 49 16 13 22  0
 2  0      0 429548 111248 6635468    0    0     0   140 3556 1085 39 16 45  0  0
 3  1      0 393164 111248 6678816    0    0     0 65920 2064 1398 39 12 46  3  0
 3  0      0 341280 111248 6729048    0    0     0   576 1332 1135 43 11 46  0  0
 2  0      0 301472 111248 6744092    0    0   988 97076 2338 1695 52 13 30  5  0
 1  0      0 440156 111248 6591212    0    0     0 20608 1577 1322 27 10 62  1  0
 1  0      0 429324 111248 6601508    0    0     0    84 1059 1089 20  7 72  0  0
 1  0      0 419496 111248 6611384    0    0     0     4  985 1003 22  6 72  0  0
 1  0      0 409920 111248 6620664    0    0     0     0 1094 1073 22  6 72  0  0
 1  0      0 400596 111248 6629912    0    0   100   212 1179 1116 21  7 71  0  0
procs -----------memory---------- ---swap-- -----io---- -system-- ------cpu-----
 r  b   swpd   free   buff  cache   si   so    bi    bo   in   cs us sy id wa st
 1  0      0 432608 111248 6609120    0    0     0 31756 1493 1247 35 11 52  3  0
 2  0      0 417532 111248 6618812    0    0  1666    84 1730 1974 22  9 69  0  0
 1  0      0 407956 111248 6627964    0    0   452     0 1147 1107 22  8 71  0  0
 1  0      0 398408 111248 6636984    0    0     0    16 1179 1133 23  7 70  0  0
 1  0      0 388580 111248 6646864    0    0     0     0 1077 1116 20  8 72  0  0
 1  0      0 377000 111248 6656340    0    0  1667   528 1844 2053 22  8 69  0  0
 2  0      0 341720 111252 6687792    0    0  1044    68 1170 1119 31  9 60  0  0
 1  0      0 392920 111256 6645344    0    0     0 31252 1620 1290 25  8 64  3  0
 1  0      0 382620 111256 6654896    0    0     0     0 1036 1034 20  8 72  0  0
 1  0      0 371028 111256 6664716    0    0    44     8 1191 1317 22  6 72  0  0
 1  0      0 358960 111256 6674592    0    0  1068   224 1289 1228 21  7 71  1  0
 1  0      0 348532 111256 6684224    0    0   944   272 1146 1141 21  7 72  0  0
 3  0      0 327476 111260 6702420    0    0   936   368 1197 1254 24  9 66  0  0
 7  0      0 347268 111260 6709624    0    0     0 31104 1405 1351 57 13 28  2  0
 7  0      0 219060 111260 6835408    0    0     0     8 1544 1247 83 17  0  0  0
 8  0      0 127644 111256 6925304    0    0     0 55696 2438 1349 82 16  1  2  0
 4  1      0 125432 111244 6933632    0    0     0 155408 3115 1866 77 21  0  2  0
 2  0      0 477628 111244 6571904    0    0     0 160004 3713 2037 39 16 31 15  0
 2  0      0 430288 111244 6620452    0    0     0     0 1215 1035 42 11 47  0  0
 4  0      0 387196 111244 6663980    0    0     0 66156 1928 1242 38 11 47  4  0
 3  0      0 323188 111244 6726428    0    0     0     0 1258 1016 49 11 40  0  0
procs -----------memory---------- ---swap-- -----io---- -system-- ------cpu-----
 r  b   swpd   free   buff  cache   si   so    bi    bo   in   cs us sy id wa st
 2  0      0 327892 111244 6723312    0    0     0 97516 2501 1634 44 14 36  5  0
 1  1      0 278780 111244 6770168    0    0    60 40508 1642 1232 40 11 47  2  0
 3  0      0 468536 111244 6579820    0    0     0 40404 1922 1417 38 14 47  2  0
 2  0      0 417408 111244 6630232    0    0     0     0 1211 1056 41 11 47  0  0
 2  0      0 379136 111244 6670476    0    0     0 66112 2217 1425 39 12 45  4  0
 6  1      0 331760 111244 6717780    0    0     0 21512 1400 1155 41 10 47  2  0
 2  0      0 317232 111244 6730324    0    0     0 76040 2314 1447 51 16 29  4  0
 1  0      0 483200 111244 6560512    0    0     0 42016 1512 1285 25 10 63  2  0
 2  0      0 471612 111244 6571548    0    0     0     0 1214 1151 23  6 72  0  0
 1  0      0 460300 111244 6582480    0    0     0     0 1008 1077 22  6 72  0  0
 1  0      0 449968 111248 6592544    0    0     0   272 1059 1084 21  7 73  0  0
 1  0      0 437904 111248 6602524    0    0     0     0 1121 1106 21  8 72  0  0
 1  0      0 462276 111248 6583228    0    0   336 31516 1631 1246 32 10 55  2  0
 1  0      0 450692 111248 6594648    0    0    24     8 1020 1065 21  7 72  0  0
 1  1      0 438848 111248 6606112    0    0     0    48  974 1034 22  6 72  0  0
 1  0      0 428796 111248 6615888    0    0     0    80 1189 1149 22  6 72  0  0
 2  0      0 418468 111248 6625624    0    0   552     0 1050 1067 22  6 72  0  0
 2  0      0 401080 111248 6640004    0    0     0   208 1015 1049 24  6 69  0  0
 7  0      0 398220 111248 6645516    0    0     0 31108 1582 1271 55 12 31  2  0
 8  0      0 287848 111248 6763560    0    0     0   176 1475 1199 85 15  0  0  0
 9  0      0 162856 111248 6885408    0    0     0    24 1464 1124 84 16  0  0  0
procs -----------memory---------- ---swap-- -----io---- -system-- ------cpu-----
 r  b   swpd   free   buff  cache   si   so    bi    bo   in   cs us sy id wa st
 4  0      0 133480 111232 6922540    0    0     0 242280 5537 2784 77 20  0  3  0
 3  0      0 471680 111232 6581804    0    0   800 128988 3699 1850 35 15 39 10  0
 2  0      0 424812 111232 6628200    0    0     0 66172 1919 1357 38 11 47  4  0
 2  0      0 373152 111232 6678376    0    0     0     0 1221 1051 41 12 47  0  0
 3  0      0 335856 111232 6716852    0    0     0 66088 2144 1397 38 11 46  4  0
 2  0      0 512616 111232 6544932    0    0    84 62060 2321 1684 51 15 29  5  0
 2  0      0 459760 111232 6594532    0    0     0   152 1391 1102 43 10 47  0  0
 2  0      0 418432 111232 6635564    0    0     0 66184 2160 1455 38 11 46  4  0
 2  0      0 371560 111232 6681424    0    0     0    28 1277 1092 43 10 47  0  0
 2  0      0 330232 111232 6722428    0    0     0 66072 1964 1436 39 10 47  4  0
 1  0      0 481612 111232 6557376    0    0     0 49128 1914 1403 38 11 48  3  0
 2  0      0 453408 111232 6587988    0    0     0   328 1310 1136 31  9 60  0  0
 2  0      0 486052 111236 6546236    0    0     0 31172 1501 1302 24  9 64  2  0
 1  0      0 475220 111236 6556528    0    0     0    16  977 1030 21  6 73  0  0
 1  0      0 464412 111236 6566260    0    0     0     4 1040 1094 22  5 73  0  0
 1  0      0 453352 111236 6576212    0    0     0     4 1068 1049 21  6 72  0  0
 1  0      0 442768 111236 6586272    0    0   804   324 1147 1140 21  7 72  0  0
 2  0      0 424624 111236 6602320    0    0     0   196 1011 1020 26  6 67  0  0
 1  0      0 471252 111236 6573556    0    0     0 31076 1565 1264 32 10 55  3  0
 1  0      0 462504 111236 6582952    0    0  1666    24 1790 1974 23  8 69  0  0
 1  0      0 458256 111236 6591876    0    0     0    12 1064 1054 22  6 72  0  0
procs -----------memory---------- ---swap-- -----io---- -system-- ------cpu-----
 r  b   swpd   free   buff  cache   si   so    bi    bo   in   cs us sy id wa st
 1  0      0 447936 111236 6600716    0    0     0   240 1087 1087 21  7 71  0  0
 1  0      0 439300 111236 6609420    0    0     0     0 1120 1091 22  6 71  0  0
 1  0      0 420740 111236 6618788    0    0  1667   224 1767 2008 22  8 70  0  0
 2  0      0 381176 111236 6651956    0    0     0    24 1135 1053 32  7 60  0  0
 8  0      0 348380 111236 6701968    0    0     0 31512 1811 1304 71 17 11  2  0
11  0      0 223136 111236 6823372    0    0     0    52 1683 1298 83 17  0  0  0
 2  2      0 128916 111232 6918304    0    0     0 99836 3483 2610 81 17  0  1  0
 2  0      0 499464 111220 6549880    0    0     0 263812 5267 3244 54 19 19  9  0
 2  0      0 454648 111220 6594560    0    0     0     0 2978 1017 43 13 45  0  0
 3  0      0 410800 111220 6635176    0    0    76 66696 2244 1548 36 14 45  5  0
 2  0      0 364228 111220 6687656    0    0     0     0 1289 1110 44 10 46  0  0
 2  1      0 287872 111220 6764608    0    0     0 72432 2139 1301 50 14 33  3  0
 2  0      0 501440 111220 6546344    0    0     0 68516 1919 1526 39 12 46  3  0
 2  0      0 449124 111220 6602160    0    0     0     0 1388 1131 40 13 47  0  0
 2  0      0 406568 111220 6644044    0    0    76 66116 1903 1300 37 11 47  4  0
 2  0      0 358688 111220 6691920    0    0     0 23600 1473 1165 43  9 47  1  0
 2  0      0 311564 111220 6738420    0    0     0 42556 1944 1380 41 11 47  1  0
 2  0      0 474128 111220 6576204    0    0     0 43792 1903 1359 36 11 51  2  0
 1  0      0 528244 111220 6531328    0    0     0 31352 1607 1296 24  9 65  2  0
 1  0      0 517660 111220 6541588    0    0     0   404 1160 1116 21  7 72  0  0
 1  0      0 503844 111220 6551208    0    0  1008    20 1214 1087 23  6 71  0  0
procs -----------memory---------- ---swap-- -----io---- -system-- ------cpu-----
 r  b   swpd   free   buff  cache   si   so    bi    bo   in   cs us sy id wa st
 1  0      0 493008 111220 6561280    0    0     0    92 1131 1127 21  7 72  0  0
 1  0      0 482676 111220 6571596    0    0     0     0 1063 1083 21  7 72  0  0
 3  0      0 452184 111220 6597192    0    0     0   464 1178 1111 27  9 64  0  0
 1  0      0 481736 111220 6561380    0    0     0 31088 1526 1282 27 10 61  2  0
 1  0      0 470928 111220 6571916    0    0    20    28 1010 1052 22  6 72  0  0
 1  0      0 460096 111220 6581724    0    0     0    92 1008 1042 21  6 72  0  0
 1  0      0 448784 111220 6592080    0    0     0     0 1161 1169 20  8 72  0  0
 1  0      0 437448 111220 6602412    0    0     0   196 1080 1053 22  6 72  0  0
 2  0      0 409224 111220 6631656    0    0     0   212 1073 1073 28  8 63  0  0
 7  0      0 390832 111220 6664236    0    0     0 31080 1915 1455 68 14 16  1  0
 8  0      0 254528 111220 6796480    0    0     0 21256 2057 1379 83 17  0  0  0
 6  2      0 117972 111220 6926852    0    0     0 32984 1991 1210 82 17  0  0  0
 2  0      0 470680 111216 6590608    0    0     0 289212 4870 3386 34 15 28 23  0
 2  0      0 417796 111216 6642600    0    0     0     0 1292 1075 42 11 46  0  0
 2  0      0 380280 111216 6686684    0    0     0 66904 1607 1426 38 13 46  3  0
 3  0      0 327864 111216 6738196    0    0     0    16 1210 1047 42 10 47  0  0
 2  0      0 290900 111220 6753724    0    0     0 97260 1963 1555 51 13 30  5  0
 2  0      0 419984 111220 6619320    0    0     0 29368 1458 1308 40 12 47  1  0
 2  0      0 370596 111224 6668604    0    0   864 66112 1670 1525 36 13 47  4  0
 2  0      0 313936 111224 6724180    0    0   552   664 1344 1107 41 12 47  0  0
 2  0      0 267064 111224 6771324    0    0     0 66192 1542 1392 38 12 47  3  0
procs -----------memory---------- ---swap-- -----io---- -system-- ------cpu-----
 r  b   swpd   free   buff  cache   si   so    bi    bo   in   cs us sy id wa st
 2  0      0 217168 111224 6820844    0    0     0 66232 1556 1537 40 10 47  3  0
 2  0      0 192720 111224 6845784    0    0     0 31084 1773 1339 54 14 31  2  0
 2  0      0 143616 111224 6893520    0    0    68 66036 1439 1358 39 10 47  4  0
 1  0      0 470712 111224 6569484    0    0   476 49864 1606 1387 37 12 49  2  0
 1  0      0 457820 111224 6580124    0    0     0     0 1421 1136 20  9 71  0  0
 1  0      0 446480 111224 6589984    0    0   520   108 1107 1094 22  5 72  0  0
 1  0      0 436652 111224 6599332    0    0     0     0 1052 1079 21  7 72  0  0
 1  0      0 471248 111224 6579076    0    0     0 31184 1794 1495 32 11 54  2  0
 1  0      0 459416 111224 6589836    0    0    40   300 1121 1101 21  7 72  0  0
 1  0      0 446848 111224 6601328    0    0   860     0 1217 1200 21  6 72  0  0
 1  0      0 434248 111224 6612176    0    0     0    88 1121 1169 22  6 72  0  0
 1  0      0 422464 111224 6622352    0    0     0    28 1185 1148 22  6 72  0  0
 2  0      0 397264 111224 6640992    0    0     0   264 1026 1077 24  7 70  0  0
 6  1      0 365780 111224 6678760    0    0     0 39256 1851 1335 63 13 23  1  0
 9  0      0 247088 111224 6797140    0    0   248  3460 1740 1203 82 17  0  0  0
 7  0      0 131196 111224 6908008    0    0     0 47280 2219 1305 81 17  0  1  0
 2  0      0 466596 111232 6568688    0    0  1171 276036 4850 3259 52 19 17 12  0
 2  0      0 424900 111232 6615716    0    0   495     0 1370 1224 44  9 47  0  0
 2  0      0 384728 111236 6654832    0    0     0 66176 2171 1285 39 11 46  4  0
 2  0      0 336344 111236 6703124    0    0     0   640 1385 1117 41 12 46  0  0
 2  0      0 336732 111244 6715280    0    0     0 97244 2501 1598 53 12 30  5  0
procs -----------memory---------- ---swap-- -----io---- -system-- ------cpu-----
 r  b   swpd   free   buff  cache   si   so    bi    bo   in   cs us sy id wa st
 2  0      0 462092 111248 6583724    0    0  1667 27180 2130 2102 41 12 45  2  0
 2  0      0 416324 111248 6633316    0    0     0    16 1219 1021 42 11 47  0  0
 2  0      0 372256 111248 6676392    0    0     0 66116 2209 1522 40 10 46  4  0
 1  1      0 318580 111248 6727532    0    0     0 19456 1464 1129 41 11 47  1  0
 2  0      0 275992 111252 6771288    0    0     0 46796 1798 1282 41  9 47  3  0
 3  0      0 192580 111252 6843132    0    0   160 66212 2140 1422 51 14 32  3  0
 1  0      0 459132 111260 6567996    0    0     0 43844 1871 1674 29 11 57  3  0
 3  0      0 448056 111260 6578332    0    0   124     0 1058 1051 21  7 73  0  0
 1  0      0 437472 111264 6588644    0    0     0   328 1148 1124 19  8 72  0  0
 1  0      0 426144 111264 6599188    0    0     0     8 1030 1094 23  5 72  0  0
 1  0      0 415056 111264 6609936    0    0     0   108 1216 1171 22  6 72  0  0
 1  0      0 444132 111268 6590256    0    0     0 31616 1831 1415 32 10 55  2  0
 1  0      0 431564 111272 6602084    0    0     0   188 1143 1137 20  8 72  0  0
 1  0      0 419724 111272 6613108    0    0     0   104 1094 1092 21  7 72  0  0
 1  0      0 408900 111272 6623652    0    0     0     4 1171 1161 20  8 72  0  0
 1  0      0 399324 111272 6633180    0    0     0    80 1041 1054 21  7 72  0  0
 1  0      0 387984 111272 6643348    0    0     0   200 1038 1080 21  7 72  0  0
 7  0      0 383244 111272 6647932    0    0     0 31240 1751 1361 50 12 36  2  0
 6  0      0 274412 111276 6770232    0    0     0 15376 1844 1294 84 16  0  0  0
 5  1      0 157484 111280 6884516    0    0     0 64924 1629 1285 84 16  0  0  0
 1  3      0 123300 111272 6915616    0    0     0 217372 3803 2324 66 18  7  9  0
procs -----------memory---------- ---swap-- -----io---- -system-- ------cpu-----
 r  b   swpd   free   buff  cache   si   so    bi    bo   in   cs us sy id wa st
 2  0      0 426352 111272 6607760    0    0     0 40624 2880 1515 40 15 41  4  0
 2  0      0 434412 111276 6590528    0    0     0 50212 1861 1425 42  9 47  3  0
 2  0      0 388048 111276 6638684    0    0     0   424 1337 1055 43  9 47  0  0
 3  0      0 343736 111276 6685968    0    0     0 66132 2109 1419 42 12 43  3  0
 2  0      0 355600 111280 6688976    0    0   572 31192 1782 1242 53 13 32  2  0
 3  0      0 325140 111280 6723712    0    0     0 66084 1443 1310 39 11 47  4  0
 3  0      0 277020 111280 6771736    0    0     0     0 1239 1037 43 10 47  0  0
 2  0      0 448412 111280 6598036    0    0     0 58084 1711 1483 39 11 46  3  0
 2  0      0 400392 111280 6647292    0    0     0     0 1355 1119 42 11 47  0  0
 1  0      0 450324 111288 6593700    0    0     0 56708 1403 1370 23  7 66  4  0
 3  0      0 407736 111288 6626776    0    0     0    88 1237 1085 33  8 59  0  0
 1  0      0 435756 111292 6582400    0    0     0 31160 1739 1423 26  8 64  2  0
 1  0      0 425424 111292 6591972    0    0     0   312 1249 1156 22  6 71  0  0
 1  0      0 416100 111292 6601208    0    0     0   280 1220 1164 22  7 72  0  0
 1  0      0 406048 111292 6610920    0    0     0     0 1179 1108 21  7 72  0  0
 1  0      0 396220 111292 6620356    0    0     0    88 1125 1124 21  6 72  0  0
 2  0      0 383368 111296 6635408    0    0     0   280 1156 1123 24  7 69  0  0
 1  0      0 415660 111296 6610844    0    0     0 31120 1656 1293 32  9 57  2  0
 1  0      0 404100 111296 6621808    0    0     0    24 1208 1145 22  6 72  0  0
 1  0      0 393024 111296 6632476    0    0     0   232 1174 1147 20  7 72  0  0
 1  0      0 382440 111296 6642964    0    0     0    88 1076 1075 20  8 72  0  0
procs -----------memory---------- ---swap-- -----io---- -system-- ------cpu-----
 r  b   swpd   free   buff  cache   si   so    bi    bo   in   cs us sy id wa st
 1  0      0 372612 111296 6652620    0    0   256     0 1150 1143 22  5 72  0  0
 2  0      0 351444 111296 6672560    0    0     0   228 1230 1142 26  8 67  0  0
 9  0      0 324948 111300 6689008    0    0     0 31436 1868 1408 61 14 23  1  0
10  0      0 213312 111300 6799148    0    0     0   208 1507 1122 81 18  0  0  0
 8  1      0 130432 111296 6903112    0    0   456 44708 2358 1404 81 18  1  0  0
 4  3      0 123932 111280 6909588    0    0     0 151288 2860 2113 69 19  2 10  0
 3  0      0 477624 111296 6565100    0    0   172 171936 3430 2434 35 16 37 12  0
 2  0      0 427940 111296 6611920    0    0     0   284 1508 1128 42 11 46  0  0
 2  0      0 384372 111296 6653972    0    0     0 66240 1649 1445 39 12 46  4  0
 2  0      0 337752 111296 6699448    0    0     0    84 1385 1155 43 10 47  0  0
 2  0      0 346080 111300 6707684    0    0     0 97360 2107 1625 53 14 28  4  0
 2  0      0 302268 111300 6748892    0    0     0     0 1229 1092 42 10 47  0  1
 3  0      0 499180 111308 6541456    0    0     0 76848 2011 1613 35 14 46  6  0
 2  0      0 461816 111308 6585472    0    0     0     4 1222 1038 42 11 47  0  0
 2  0      0 423284 111312 6624348    0    0  1666 66316 2500 2282 40 12 44  4  0
 2  0      0 377672 111312 6669020    0    0     0     0 1615 1331 49 12 39  0  0
 3  0      0 334848 111316 6710540    0    0     0 66340 2325 1626 38 10 46  5  0
 2  0      0 299240 111316 6728708    0    0     0 31536 1594 1251 54 14 30  2  0
 2  0      0 263652 111316 6766472    0    0  1667 66052 2579 2235 39 11 45  5  0
 2  0      0 215808 111316 6814288    0    0     0   120 1471 1189 41 13 46  0  0
 2  0      0 172268 111320 6859288    0    0     0 66236 2316 1698 39 11 46  3  0
procs -----------memory---------- ---swap-- -----io---- -system-- ------cpu-----
 r  b   swpd   free   buff  cache   si   so    bi    bo   in   cs us sy id wa st
 1  0      0 456352 111320 6559804    0    0     0 16848 1426 1319 24  9 67  1  0
 1  0      0 449176 111320 6569936    0    0     0   208 1297 1234 21  7 72  0  0
 7  0      0 417676 111320 6607344    0    0     0     0 1343 1165 37  9 54  0  0
 1  0      0 467344 111328 6560804    0    0     0 31224 1658 1496 33  8 57  2  0
 1  0      0 454504 111328 6572516    0    0     0    20 1102 1102 21  7 73  0  0
 1  0      0 443472 111328 6583564    0    0     0     0 1272 1215 20  8 72  0  0
 1  0      0 431880 111328 6594544    0    0     0   448 1240 1192 21  7 72  0  0
 1  0      0 420796 111328 6604836    0    0     0     0 1106 1151 20  7 72  0  0
 7  0      0 420468 111332 6619104    0    0     0 31320 1556 1302 52 13 33  2  0
10  0      0 306508 111332 6751668    0    0     0 32548 1746 1375 81 18  1  1  0
 6  0      0 155840 111332 6896628    0    0   688     0 1551 1134 81 19  0  0  0
 2  0      0 311472 111332 6736472    0    0     0 352688 7313 5089 45 17 11 26  0
 2  0      0 436896 111332 6609452    0    0     0     0 1905 1121 41 15 44  0  0
 2  0      0 397624 111336 6656856    0    0     0 66136 2048 1370 38 10 48  4  0
 2  0      0 346228 111336 6708048    0    0     0     0 1169  955 42 10 47  0  0
 3  0      0 326816 111336 6725172    0    0     0 97108 2700 1671 50 14 31  5  0
 1  1      0 275216 111336 6775652    0    0     0 30392 1803 1291 38 13 47  2  0
 2  0      0 488912 111336 6554936    0    0     0 67516 2043 1387 37 12 48  4  0
 2  0      0 442276 111336 6607076    0    0     0     0 1206 1020 42 11 47  0  0
 2  0      0 394396 111336 6654908    0    0     0 66092 2118 1409 37 12 47  4  0
 2  0      0 341476 111336 6706284    0    0     0     0 1316 1084 41 12 46  0  0
procs -----------memory---------- ---swap-- -----io---- -system-- ------cpu-----
 r  b   swpd   free   buff  cache   si   so    bi    bo   in   cs us sy id wa st
 2  0      0 336104 111336 6718628    0    0     0 97816 2726 1728 51 13 30  6  0
 2  0      0 281228 111336 6772584    0    0     0   256 1209 1028 43 10 47  0  0
 2  0      0 234104 111336 6819736    0    0     0 66060 1921 1492 38 11 47  4  0
 1  0      0 487256 111336 6564916    0    0     0 60552 2156 1478 31 12 54  2  0
 1  0      0 475944 111336 6575516    0    0     0     0 1027 1067 22  6 72  0  0
 1  0      0 464352 111336 6585576    0    0     0     0  996 1055 20  7 72  0  0
 1  0      0 480064 111336 6564596    0    0     0 31160 1683 1381 34 11 53  2  0
 1  0      0 468728 111336 6575308    0    0     0     4 1013 1048 22  6 73  0  0
 1  0      0 457388 111336 6585960    0    0     0     0 1046 1096 20  7 73  0  0
 9  0      0 446552 111336 6596180    0    0     0     0 1140 1123 21  7 72  0  0
 1  0      0 436724 111336 6605416    0    0     0   116 1090 1122 22  6 72  0  0
 3  0      0 426648 111336 6614416    0    0     0   840 1075 1016 21  6 72  0  0
 7  0      0 448968 111340 6599676    0    0  1300 31096 1610 1281 40 10 48  2  0
10  0      0 330676 111340 6726524    0    0     0     0 1473 1115 83 16  1  0  0
 7  0      0 195604 111340 6858100    0    0     0 19820 1984 1334 83 17  0  0  0
 1  3      0 121584 111336 6928884    0    0     0 323576 7551 3609 60 16  8 16  0
 2  0      0 424964 111340 6619128    0    0     0 24724 3165 1931 37 17 43  2  0
 2  0      0 380360 111340 6662000    0    0     0 66140 2057 1305 38 11 47  4  0
 2  0      0 327728 111340 6716260    0    0     0     0 1217 1069 42 10 47  0  0
 3  0      0 270300 111340 6770248    0    0     0 66068 2055 1328 44 11 41  4  0
 2  0      0 254988 111344 6778356    0    0     0 31484 1913 1452 51 12 35  2  0
procs -----------memory---------- ---swap-- -----io---- -system-- ------cpu-----
 r  b   swpd   free   buff  cache   si   so    bi    bo   in   cs us sy id wa st
 2  0      0 431516 111344 6598652    0    0     0 57692 1685 1297 36 13 47  4  0
 2  0      0 382164 111344 6648520    0    0     0 15396 1318 1091 41 11 47  1  0
 2  0      0 341604 111344 6688184    0    0     0 50716 1904 1312 41 11 46  3  0
 1  1      0 294984 111344 6733064    0    0     0 63480 1936 1300 39 10 47  3  0
 2  0      0 248112 111344 6780268    0    0   100  3268 1534 1173 41 11 47  1  0
 2  0      0 234988 111344 6792096    0    0     0 97240 2869 1753 50 15 29  6  0
 2  0      0 198612 111344 6840472    0    0     0     4 1257 1010 42 10 47  0  0
 2  0      0 166104 111344 6881736    0    0     0 66068 1899 1442 39 10 47  4  0
 2  0      0 119988 111344 6930024    0    0     0    44 1237 1044 42 10 47  0  0
 1  0      0 443764 111344 6592988    0    0     0 46992 1867 1474 23  9 65  4  0
 1  0      0 433464 111344 6602516    0    0     0     0 1063 1074 21  7 72  0  0
 2  0      0 393448 111344 6634420    0    0  1666    24 1792 2033 30  9 61  0  0
 1  0      0 427568 111344 6592436    0    0     0 31176 1594 1294 25  8 65  2  0
 1  0      0 416228 111344 6603292    0    0     0     8 1096 1134 21  7 72  0  0
 1  0      0 404564 111344 6614072    0    0     0     0 1038 1061 19  8 73  0  0
 1  0      0 394388 111344 6624584    0    0  2211   376 1934 2073 22  7 70  0  0
 1  0      0 383832 111344 6634620    0    0     0    36 1235 1167 21  7 72  0  0
11  0      0 420236 111344 6615940    0    0     0 31360 1858 1433 38 10 51  2  0
 6  0      0 307172 111344 6748300    0    0   644  7744 1767 1310 81 18  1  0  0
 7  0      0 165296 111344 6886116    0    0     0     0 1474 1119 82 18  0  0  0
 2  0      0 247812 111332 6801920    0    0     0 323600 5788 3569 58 20 12 10  0
procs -----------memory---------- ---swap-- -----io---- -system-- ------cpu-----
 r  b   swpd   free   buff  cache   si   so    bi    bo   in   cs us sy id wa st
 2  0      0 424084 111332 6628148    0    0   884     0 3077 1252 40 16 45  0  0
 2  0      0 376264 111332 6676096    0    0   788 66172 1469 1381 39 11 47  3  0
 3  0      0 321624 111332 6729216    0    0     0     0 1313 1119 40 13 47  0  0
 2  0      0 296932 111332 6739560    0    0   832 97088 2696 1708 51 15 29  5  0
 2  0      0 245588 111332 6789716    0    0   340   944 1390 1142 41 12 47  1  0
 2  0      0 196232 111332 6839644    0    0   656 66188 2149 1566 38 13 46  2  0
 2  0      0 141832 111332 6893776    0    0    64 66108 2290 1519 39 10 47  3  0
 2  0      0 401956 111332 6630936    0    0     0 12268 1486 1243 40 12 48  1  0
 2  0      0 356612 111332 6675308    0    0  1120 66096 2156 1398 38 12 46  4  0
 2  0      0 356744 111332 6691832    0    0     0 31208 1845 1241 55 14 29  2  0
 3  0      0 313684 111332 6734160    0    0     0 66048 1393 1289 38 12 47  3  0
 2  0      0 264544 111332 6782992    0    0   208   164 1258 1045 42 10 47  0  0
 2  0      0 219940 111332 6827348    0    0   992 66076 1539 1450 38 12 47  3  0
 2  0      0 170308 111332 6875472    0    0     0     0 1359 1144 43 10 47  0  0
 2  0      0 133772 111332 6916708    0    0     0 66536 1522 1473 38 12 47  4  0
 3  0      0 117208 111324 6941456    0    0  2248     4 1345 1108 51 14 35  0  0
 1  1      0 149636 111320 6894184    0    0    60 113628 2146 1703 39 14 40  7  0
 1  0      0 526256 111320 6512444    0    0     0  7552 2379 1228 20 12 67  1  0
 1  0      0 516456 111320 6521968    0    0     0     0 1048 1075 20  7 72  0  0
 1  0      0 505620 111320 6532280    0    0   960    84 1064 1101 23  5 72  0  0
 1  0      0 495036 111320 6542288    0    0   192     4 1264 1170 21  8 71  0  0
procs -----------memory---------- ---swap-- -----io---- -system-- ------cpu-----
 r  b   swpd   free   buff  cache   si   so    bi    bo   in   cs us sy id wa st
 2  0      0 468600 111320 6568792    0    0   640    60 1180 1217 28  8 63  0  0
 7  0      0 450612 111320 6601516    0    0   372 31300 1640 1310 69 13 17  2  0
 7  0      0 323024 111320 6733008    0    0     0    24 1539 1160 85 15  0  0  0
 2  1      0 206096 111320 6847896    0    0     0 208440 4464 2306 72 18  3  6  0
 2  0      0 484472 111320 6571608    0    0     0 108836 2273 1944 38 13 42  7  0
 2  0      0 435108 111320 6621284    0    0   760 66136 2238 1544 39 12 46  3  0
 2  0      0 383480 111320 6673012    0    0     0     0 1349 1129 43 10 47  0  0
 3  0      0 316700 111320 6735404    0    0     0 66076 2068 1397 43 14 41  3  0
 2  0      0 305196 111320 6740212    0    0     0 31268 1416 1209 48 12 39  2  0
 2  0      0 253092 111320 6791272    0    0   908 66144 2226 1486 38 12 46  3  0
 2  0      0 198408 111320 6845444    0    0     0 66120 2193 1511 38 12 47  2  0
 1  0      0 480560 111320 6554200    0    0     0 26556 1520 1211 31 11 58  1  0
 1  0      0 469028 111320 6565088    0    0     0     0 1120 1081 21  7 72  0  0
 1  1      0 432752 111320 6607792    0    0     0 20532 1276 1187 32 10 57  1  0
 1  0      0 481240 111320 6556524    0    0     0 11560 1276 1212 21  7 70  2  0
 1  0      0 468900 111320 6567996    0    0   652     0 1021 1083 20  7 72  0  0
 1  0      0 458064 111320 6578712    0    0   212     0 1108 1078 21  7 72  0  0
 1  0      0 447228 111320 6588984    0    0     0    12  991 1027 21  6 72  0  0
 2  0      0 435172 111320 6599312    0    0   780    24 1019 1072 22  5 72  0  0
 1  0      0 461200 111320 6580172    0    0   200 31464 1282 1235 32  9 57  2  0
 1  0      0 448140 111320 6592120    0    0     0   184 1265 1223 21  7 71  0  0
procs -----------memory---------- ---swap-- -----io---- -system-- ------cpu-----
 r  b   swpd   free   buff  cache   si   so    bi    bo   in   cs us sy id wa st
 1  0      0 423724 111320 6603508    0    0   620   276 2732 2791 25  9 65  0  0
 1  0      0 413428 111320 6614540    0    0   160     0 1403 1351 21  9 71  0  0
 1  0      0 402232 111320 6625168    0    0     0     0 1427 1350 21  8 71  0  0
 2  0      0 364320 111320 6662732    0    0   856   112 1528 1325 32 10 58  0  0
 7  0      0 334036 111320 6713692    0    0   212 31436 1971 1361 73 18  7  2  0
 7  0      0 200980 111320 6839184    0    0     0     0 1694 1406 83 17  0  0  0
 4  1      0 129444 111312 6914044    0    0     0 140816 3204 2081 77 18  1  4  0
 3  0      0 477752 111308 6563596    0    0     0 227352 4691 2354 47 18 20 15  0
 3  0      0 418300 111308 6618432    0    0  1666   544 2056 2060 42 12 46  0  0
 2  0      0 379424 111308 6669016    0    0     0 66268 2203 1425 40 11 47  2  0
 3  0      0 311412 111308 6737304    0    0     0 66264 2659 1724 45 15 38  2  0
 2  0      0 315696 111308 6739772    0    0     0 31052 1448 1258 46 13 40  1  0
 2  0      0 486488 111308 6560644    0    0  1200 63000 2291 1636 38 12 46  4  0
 2  0      0 432424 111308 6613700    0    0  1119     0 1783 1753 43 11 46  0  0
 2  0      0 390592 111308 6660008    0    0     0 66244 2045 1384 40 10 47  3  0
 1  1      0 339968 111308 6710316    0    0     0 17592 1491 1129 40 12 47  1  0
 3  0      0 267900 111308 6775340    0    0     0 48656 1924 1336 48 13 37  2  0
 2  0      0 267032 111308 6772336    0    0     0 97140 2496 1697 42 14 40  4  0
 2  0      0 217720 111308 6820832    0    0     0   356 1257 1104 41 11 47  0  0
 2  0      0 166324 111308 6871156    0    0     0 66320 2111 1450 39 11 47  3  0
 2  0      0 127332 111308 6923352    0    0     0   216 1400 1174 43 10 47  0  0
procs -----------memory---------- ---swap-- -----io---- -system-- ------cpu-----
 r  b   swpd   free   buff  cache   si   so    bi    bo   in   cs us sy id wa st
 1  0      0 487984 111308 6558372    0    0     0 71100 2249 1459 23 12 61  4  0
 1  1      0 446180 111308 6600440    0    0     0  5764 1261 1110 34  8 57  0  0
 1  0      0 501532 111308 6548572    0    0     0 25400 1329 1344 20  9 69  2  0
 1  0      0 490192 111308 6559192    0    0     0    96 1042 1040 22  6 72  0  0
 1  0      0 479116 111308 6569540    0    0     0    24 1031 1033 20  8 72  0  0
 1  0      0 468532 111308 6579744    0    0     0     0 1112 1090 22  6 72  0  0
 1  0      0 458704 111308 6589144    0    0     0   284 1158 1087 22  6 72  0  0
 2  0      0 421160 111308 6628020    0    0     0   552 1237 1049 31 11 58  0  0
 8  0      0 387720 111308 6659468    0    0     0 31356 1752 1315 74 14 10  3  0
 9  0      0 264744 111308 6778292    0    0     0    24 1438 1097 83 16  1  0  0
 5  2      0 150084 111308 6891616    0    0     0 107108 2012 1529 84 16  0  0  0
 2  0      0 127412 111300 6911180    0    0     0 266676 4810 2976 61 19  9 11  0
 1  0      0 479624 111300 6557020    0    0    12 16112 8300 1252 29 13 57  1  0
 1  0      0 445108 111300 6591200    0    0     0 66088 1331 1433 19  5 72  3  0
 1  0      0 404312 111300 6632184    0    0     0    80  995 1017 22  6 72  0  0
 1  0      0 372124 111300 6666420    0    0     0 66132 1306 1355 20  5 72  3  0
 1  0      0 449756 111300 6575424    0    0     0 48160 1219 1325 19  5 72  3  0
 1  0      0 507776 111300 6528488    0    0     0   188 1009 1053 21  7 72  0  0
 1  0      0 469236 111300 6566800    0    0     0 66628 1609 1378 20  5 72  3  0
 2  0      0 426444 111300 6611848    0    0     0    84 1166 1169 22  6 72  0  0
 2  0      0 388644 111300 6649092    0    0     0 66124 1891 1314 19  5 72  3  0
procs -----------memory---------- ---swap-- -----io---- -system-- ------cpu-----
 r  b   swpd   free   buff  cache   si   so    bi    bo   in   cs us sy id wa st
 0  1      0 352104 111300 6685456    0    0     0 65532 1754 1318 19  4 73  4  0
 1  0      0 312304 111300 6724256    0    0     0   524 1167 1127 23  5 71  0  0
 1  0      0 277080 111300 6758468    0    0     0 66260 1985 1552 19  6 70  5  0
 4  0      0 523400 111304 6530288    0    0     0 20864 1863 1433 61 14 24  1  0
 4  0      0 388648 111304 6669328    0    0     0     0 1485 1039 83 17  0  0  0
 4  0      0 598300 111304 6445768    0    0     0 263848 4569 3318 31 10 24 34  0
 8  0      0 479640 111304 6576504    0    0     0     0 1507 1160 85 14  0  0  0
 8  0      0 339288 111304 6712744    0    0     0   392 1552 1199 84 16  0  0  0
10  0      0 196152 111304 6849440    0    0     0   368 1720 1302 84 15  0  0  0
 8  0      0 123860 111296 6924440    0    0     0 132276 3058 1968 82 17  1  0  0
 6  2      0 129436 111272 6919388    0    0     0 364328 5958 3853 68 19  3 10  0
10  0      0 126184 111252 6930700    0    0     0 31812 1633 1386 84 15  1  0  0
10  0      0 130632 111228 6922212    0    0     0   300 1692 1294 83 17  0  0  0
 8  0      0 120844 111200 6925840    0    0     0 138380 3027 1960 77 20  1  2  0
 1  1      0 128948 111176 6916864    0    0     0 294596 5745 2900 65 17  7 11  0
 2  0      0 1308256 111168 5721412    0    0     0 158252 4932 2086 30 22 40  8  0
 8  0      0 1200568 111168 5831924    0    0     0    16 2466 1261 83 15  1  0  0
 9  0      0 1071304 111168 5959532    0    0     0   256 1531 1152 85 15  0  0  0
10  0      0 945840 111168 6080676    0    0     0    76 1478 1170 86 13  1  0  0
 7  1      0 845544 111168 6192168    0    0     0 181552 4301 2428 82 16  1  1  0
 7  1      0 723360 111168 6308660    0    0     0 154304 4211 2303 82 17  0  1  0
procs -----------memory---------- ---swap-- -----io---- -system-- ------cpu-----
 r  b   swpd   free   buff  cache   si   so    bi    bo   in   cs us sy id wa st
 8  0      0 604448 111168 6426876    0    0     0 192852 4163 2530 80 18  0  1  0
 7  0      0 473156 111168 6554652    0    0     0 54992 2383 1483 85 14  0  1  0
 1  2      0 373908 111168 6654408    0    0     0 257780 5020 2660 73 14  4  8  1
