procs -----------memory---------- ---swap-- -----io---- -system-- ------cpu-----
 r  b   swpd   free   buff  cache   si   so    bi    bo   in   cs us sy id wa st
 1  0      0 1503620 110596 5619456    0    0    30   847    5   56  5  2 93  0  0
 2  0      0 1502876 110596 5619216    0    0  1666     0 1734 2053  2  2 96  0  0
 1  0      0 1485248 110600 5629328    0    0     4  1228 1743 2003 21  9 70  0  0
 1  0      0 1463608 110600 5639320    0    0     0   116 1288 1321 20  9 70  0  0
 1  0      0 1442692 110600 5649476    0    0     0     0 1047 1124 23  5 72  0  0
 1  0      0 1423040 110600 5658988    0    0     0   388 1058 1079 21  7 72  0  0
 4  0      0 1407712 110600 5668124    0    0  1667     0 2014 2217 24  7 70  0  0
 1  0      0 1388084 110604 5677528    0    0     0   216 1187 1182 21  8 71  0  0
 2  0      0 1342724 110604 5713512    0    0     0    84 1319 1307 34  9 58  0  0
 1  0      0 1437532 110604 5666064    0    0     0 31104 1730 1311 24  8 66  2  0
 1  0      0 1416644 110604 5675732    0    0     0     0 1069 1090 21  7 72  0  0
 1  0      0 1398248 110604 5684572    0    0     0   608 1186 1186 21  6 71  1  0
 1  0      0 1380164 110604 5693884    0    0     0    44 1153 1175 22  7 71  0  0
 1  0      0 1361268 110604 5702892    0    0     0    84 1045 1061 20  7 72  0  0
 1  0      0 1346112 110604 5711736    0    0     0     0 1243 1194 21  7 71  0  0
 1  0      0 1364852 110604 5690996    0    0     0 31156 1473 1323 35  9 54  3  0
 1  0      0 1354556 110604 5701364    0    0     0   288 1122 1143 21  7 72  0  0
 1  0      0 1344548 110604 5711636    0    0     0     0 1146 1128 22  7 72  0  0
 1  0      0 1334644 110604 5721436    0    0     0     0 1052 1109 20  7 72  0  0
 1  0      0 1325428 110604 5730952    0    0     0    88 1056 1062 21  7 72  0  0
 1  0      0 1317704 110604 5740036    0    0     0   308 1172 1146 21  7 71  0  0
procs -----------memory---------- ---swap-- -----io---- -system-- ------cpu-----
 r  b   swpd   free   buff  cache   si   so    bi    bo   in   cs us sy id wa st
 2  0      0 1286004 110604 5772552    0    0     0   252 1260 1099 35  8 58  0  0
 2  0      0 1324632 110604 5727716    0    0     0 31144 1594 1442 24  8 65  2  0
 1  0      0 1314364 110604 5737532    0    0     0     0 1206 1110 22  7 71  0  0
 1  0      0 1305068 110604 5746712    0    0     0    92 1074 1104 22  6 72  0  0
 2  0      0 1294768 110604 5756020    0    0     0     0 1028 1045 22  5 72  0  0
 1  0      0 1285728 110604 5764644    0    0     0    52 1181 1142 21  7 71  0  0
 1  0      0 1275912 110604 5773944    0    0     0   264 1043 1054 21  7 72  0  0
 3  0      0 1298360 110604 5756280    0    0     0 31072 2188 1397 40 11 49  0  0
 3  0      0 1230604 110604 5825784    0    0     0   508 1460  990 63 14 23  0  0
 1  1      0 1168612 110604 5883652    0    0     0 102136 2237 1415 54 13 27  6  0
 2  0      0 1262152 110860 5772288    0    0  4004 12300 2588 2083 31 12 51  6  0
 1  0      0 1266756 110860 5782020    0    0   468     4 1236 1171 24  7 68  0  0
 1  0      0 1255684 110860 5792028    0    0     0    28 1251 1272 22  6 71  0  0
 2  0      0 1238044 110860 5809008    0    0     0    88 1309 1203 25  7 68  0  0
 1  0      0 1274856 110860 5782332    0    0     0 31508 1636 1294 30  9 59  1  0
 1  0      0 1265824 110860 5793256    0    0     0    12 1453 1420 23  6 71  0  0
 1  0      0 1254736 110860 5804040    0    0     0     0 1090 1084 22  5 72  0  0
 1  0      0 1244404 110860 5814500    0    0     0    12 1153 1166 22  5 72  0  0
 1  0      0 1235268 110860 5823580    0    0     0   108 1237 1190 21  7 71  0  0
 2  0      0 1214956 110860 5847596    0    0     0   260 1168 1109 27  8 65  0  0
 1  0      0 1240180 110860 5813896    0    0     0 31036 1635 1343 27  9 62  2  0
procs -----------memory---------- ---swap-- -----io---- -system-- ------cpu-----
 r  b   swpd   free   buff  cache   si   so    bi    bo   in   cs us sy id wa st
 1  0      0 1228112 110860 5825404    0    0     0   440 1285 1233 22  6 72  0  0
 1  0      0 1216532 110860 5836468    0    0     0     0 1050 1105 22  6 72  0  0
 1  0      0 1206204 110860 5846516    0    0     0     4 1071 1087 21  7 72  0  0
 1  0      0 1196124 110860 5855904    0    0     0   112 1180 1118 23  6 71  0  0
 2  0      0 1171680 110860 5884288    0    0     0   296 1150 1078 29  8 63  0  0
 1  0      0 1215988 110860 5844456    0    0     0 31056 1682 1255 28  7 63  2  0
 1  0      0 1205724 110860 5854644    0    0     0     0 1111 1085 21  7 72  0  0
 1  0      0 1196320 110860 5863756    0    0     0     0 1036 1026 21  6 72  0  0
 1  0      0 1188340 110860 5871996    0    0     0    92 1196 1152 22  7 71  0  0
 1  0      0 1179864 110860 5880656    0    0     0    16 1041 1026 21  7 72  0  0
 1  0      0 1170756 110860 5889988    0    0     0   448 1061 1059 22  7 71  0  0
 2  0      0 1130448 110860 5929668    0    0     0     0 1269 1173 37 10 54  0  0
 5  0      0 1096696 110860 5955544    0    0     0 31792 2019 1401 73 16  9  3  0
 4  0      0 1005472 110860 6054976    0    0     0 36276 1959 1315 82 16  0  2  0
 1  0      0 1179456 110860 5876472    0    0     0 187928 4199 2104 55 17 19  9  0
 1  0      0 1167880 110860 5886928    0    0     0   328 1066 1047 21  6 72  0  0
 1  0      0 1157044 110860 5897444    0    0     0     0 1027 1083 21  6 73  0  0
 1  0      0 1145732 110860 5908060    0    0     0     0 1133 1116 22  6 72  0  0
 1  0      0 1166628 110860 5888612    0    0     0 31316 1636 1275 33 10 55  2  0
 2  0      0 1153780 110860 5899644    0    0  1666     0 1663 1879 22  7 71  0  0
 1  0      0 1143816 110860 5909948    0    0     0    20 1223 1193 22  7 71  0  0
procs -----------memory---------- ---swap-- -----io---- -system-- ------cpu-----
 r  b   swpd   free   buff  cache   si   so    bi    bo   in   cs us sy id wa st
 1  0      0 1132264 110860 5920484    0    0     0     0 1021 1032 20  7 72  0  0
 1  0      0 1121684 110860 5931380    0    0     0     0 1185 1152 21  7 72  0  0
 2  0      0 1106484 110860 5950956    0    0     0   300 1079 1039 24  8 69  0  0
 1  0      0 1126016 110860 5922240    0    0  1171 31072 2092 2066 28 11 59  2  0
 1  0      0 1115688 110860 5932108    0    0   496   280 1492 1458 21  8 71  0  0
 1  0      0 1105104 110860 5942264    0    0     0     0 1034 1053 21  7 72  0  0
 1  0      0 1096040 110860 5951956    0    0     0     0 1033 1057 21  7 72  0  0
 1  0      0 1085736 110860 5962060    0    0     0     0 1177 1128 23  6 71  0  0
 1  0      0 1074904 110860 5971716    0    0     0   428 1099 1059 22  6 72  0  0
 1  0      0 1093604 110860 5952280    0    0     0 31060 1684 1341 33 10 54  2  0
 1  0      0 1083064 110860 5963376    0    0     0    28 1164 1080 22  6 72  0  0
 2  0      0 1071512 110860 5974196    0    0     0     0 1035 1026 20  7 73  0  0
 1  0      0 1060620 110860 5985388    0    0     0     0 1138 1069 21  8 72  0  0
 1  0      0 1049636 110860 5995268    0    0     0   240 1185 1104 20  9 71  0  0
 2  0      0 1036284 110860 6010756    0    0     0   324 1216 1156 25  7 68  0  0
 7  0      0 1041340 110860 6016856    0    0     0 31160 2016 1448 55 13 30  2  0
 8  0      0 939028 110860 6126924    0    0     0 15632 1524 1170 82 17  1  1  0
 6  0      0 821612 110860 6244664    0    0     0     0 1505 1114 83 17  0  0  0
 2  2      0 725352 110860 6332092    0    0     0 246132 4426 2777 65 18  2 15  0
 1  0      0 1063660 110860 5994636    0    0     0 68688 2376 2117 23  8 62  6  0
 2  0      0 1053844 110860 6004072    0    0     0     0 1066 1084 21  7 72  0  0
procs -----------memory---------- ---swap-- -----io---- -system-- ------cpu-----
 r  b   swpd   free   buff  cache   si   so    bi    bo   in   cs us sy id wa st
 1  0      0 1044548 110860 6013036    0    0     0    28 1216 1170 22  6 71  0  0
 6  0      0 994652 110860 6054104    0    0     0  7324 1271 1111 36  8 56  1  0
 1  0      0 1046108 110860 6001976    0    0     0 24656 1666 1402 22  7 69  2  0
 2  0      0 1034768 110860 6012216    0    0     0    40 1151 1088 21  7 71  0  0
 1  0      0 1024436 110860 6022624    0    0     0   116 1085 1110 21  6 72  0  0
 1  0      0 1014360 110860 6032284    0    0     0    24 1209 1151 21  8 71  0  0
 1  0      0 1004788 110860 6041756    0    0     0     0 1058 1090 20  7 72  0  0
 2  0      0 972284 110860 6072764    0    0     0   400 1164 1071 30  8 61  0  0
 1  0      0 1017696 110860 6032088    0    0     0 31140 1359 1400 26  7 66  1  0
 1  0      0 1006380 110860 6043060    0    0     0   104 1146 1125 22  6 72  0  0
 5  0      0 996112 110860 6053548    0    0     0     0 1057 1079 22  6 72  0  0
 1  0      0 986060 110860 6063212    0    0     0    20 1060 1048 22  6 72  0  0
 1  0      0 978008 110860 6072440    0    0     0    88 1221 1182 23  6 71  0  0
 2  0      0 956592 110860 6096472    0    0     0   328 1164 1065 27  9 64  0  0
 1  0      0 984360 110860 6060460    0    0     0 31204 1467 1345 28  9 60  3  0
 1  0      0 974280 110860 6070512    0    0     0     0 1297 1173 22  7 71  0  0
 1  0      0 964200 110860 6080552    0    0     0    28 1138 1121 20  8 72  0  0
 1  0      0 954372 110860 6090336    0    0     0    88 1091 1084 21  7 72  0  0
 1  0      0 944040 110860 6100408    0    0     0     0 1241 1169 20  8 71  0  0
 2  0      0 930196 110860 6115928    0    0     0   292 1100 1036 22  9 69  0  0
 5  0      0 927952 110860 6136572    0    0     0 34356 1617 1340 57 14 28  2  0
procs -----------memory---------- ---swap-- -----io---- -system-- ------cpu-----
 r  b   swpd   free   buff  cache   si   so    bi    bo   in   cs us sy id wa st
 5  0      0 814300 110860 6246732    0    0     0 46728 1791 1388 81 16  0  3  0
 1  0      0 952008 110860 6107116    0    0     0 149600 3239 2102 49 15 17 18  0
 3  0      0 941676 110860 6117284    0    0     0   144 1118 1117 21  7 72  0  0
 1  0      0 931848 110860 6127008    0    0     0   108 1243 1224 21  7 72  0  0
 1  0      0 921516 110860 6135812    0    0     0     4 1066 1109 22  6 72  0  0
 2  1      0 872880 110860 6175764    0    0     0 30880 1379 1270 39 10 49  2  0
 1  0      0 919708 110864 6123652    0    0     8   368 1437 1356 21  8 70  1  0
 1  0      0 909628 110864 6133072    0    0     0   104 1060 1086 22  5 72  0  0
 1  0      0 900064 110864 6142688    0    0     0    72 1078 1099 22  6 72  0  0
 1  0      0 889504 110864 6152796    0    0     0     0 1202 1173 20  8 72  0  0
 2  0      0 879676 110864 6162352    0    0     0     4 1032 1038 22  5 73  0  0
 2  0      0 856020 110864 6194356    0    0     0   932 1303 1121 32  8 60  1  0
 3  0      0 900140 110864 6152092    0    0     0 31168 1502 1407 26  7 66  1  0
 1  0      0 889856 110864 6162340    0    0     0     8 1087 1094 21  7 72  0  0
 1  0      0 879308 110864 6172492    0    0     0   100 1114 1085 21  7 72  0  0
 1  0      0 869256 110864 6182164    0    0     0     0 1239 1182 21  8 71  0  0
 2  0      0 860436 110864 6190740    0    0    52     8 1428 1398 23  6 71  0  0
 2  0      0 842556 110864 6211236    0    0  1614   392 1904 2072 27  8 65  0  0
 1  0      0 863272 110864 6181648    0    0     0 31100 1715 1293 28 10 61  2  0
 2  0      0 851208 110864 6192656    0    0     0    84 1097 1111 21  7 72  0  0
 1  0      0 840120 110864 6203276    0    0     0     0 1054 1055 22  6 72  0  0
procs -----------memory---------- ---swap-- -----io---- -system-- ------cpu-----
 r  b   swpd   free   buff  cache   si   so    bi    bo   in   cs us sy id wa st
 1  0      0 828528 110864 6213848    0    0     0    52 1245 1167 20  8 72  0  0
 1  0      0 819020 110864 6223992    0    0  1667    88 1793 1999 23  7 71  0  0
 2  0      0 790328 110864 6259524    0    0     0   300 1155 1093 31  7 62  0  0
 7  0      0 766652 110864 6306328    0    0     0 31136 1879 1311 74 17  8  1  0
 6  0      0 633876 110864 6434392    0    0     0 55820 2615 1462 82 18  0  0  0
 3  3      0 520252 110864 6542136    0    0     0 175840 3483 2030 72 20  0  8  0
 1  0      0 826400 110868 6229960    0    0     0 84820 3084 2257 20  9 64  7  0
 1  0      0 812108 110868 6241140    0    0     0    32 1145 1094 22  6 72  0  0
 1  0      0 801020 110868 6251256    0    0     0    92 1154 1146 22  6 72  0  0
 1  0      0 810512 110868 6231644    0    0     0 31180 1655 1318 32 10 56  2  0
 1  0      0 798196 110868 6242600    0    0     0     0 1113 1151 21  7 72  0  0
 1  0      0 787108 110868 6253288    0    0     0     0 1238 1190 21  7 72  0  0
 1  0      0 777032 110868 6262912    0    0     0    92 1096 1159 21  6 72  0  0
 1  0      0 766196 110868 6273224    0    0     0   104 1085 1108 22  6 72  0  0
 1  0      0 756624 110868 6282824    0    0     0   248 1202 1203 20  9 72  0  0
 1  0      0 787636 110868 6262604    0    0     0 31056 1342 1327 34  9 55  2  0
 1  0      0 777084 110868 6272364    0    0     0     4 1203 1239 22  6 72  0  0
 1  0      0 766248 110868 6282764    0    0     0   136 1233 1154 23  6 71  0  0
 1  0      0 756176 110868 6292128    0    0     0   124 1241 1243 22  6 72  0  0
 1  0      0 746632 110868 6301676    0    0     0     0 1073 1113 22  5 72  0  0
 1  0      0 737560 110868 6311224    0    0     0   280 1297 1291 22  6 72  0  0
procs -----------memory---------- ---swap-- -----io---- -system-- ------cpu-----
 r  b   swpd   free   buff  cache   si   so    bi    bo   in   cs us sy id wa st
 1  2      0 696520 110868 6353116    0    0     0 24672 1350 1257 34 10 55  2  0
 1  0      0 743160 110868 6302624    0    0     0  6924 1348 1385 20  8 70  2  0
 1  0      0 731848 110868 6313520    0    0     0     0 1195 1176 21  7 71  0  0
 1  0      0 720764 110868 6323852    0    0     0    96 1124 1173 20  8 72  0  0
 1  0      0 709676 110868 6334932    0    0     0     0 1051 1101 21  6 73  0  0
 1  0      0 698840 110868 6345356    0    0     0     0 1219 1241 22  7 72  0  0
 6  0      0 691556 110868 6370144    0    0     0 31356 1760 1422 56 13 30  2  0
 6  0      0 566564 110868 6503968    0    0     0 40888 2069 1286 79 18  2  2  0
 4  2      0 434048 110868 6629120    0    0     0 77252 1835 1333 81 17  0  1  0
 2  0      0 701264 110868 6364644    0    0     0 181564 3796 2478 33 15 36 15  0
 1  1      0 645192 110868 6417272    0    0     0 46084 1644 1133 39 11 47  2  0
 2  0      0 592524 110868 6471352    0    0     0 20420 1675 1293 41 11 47  1  0
 2  0      0 679484 110872 6380692    0    0     0 51720 1801 1366 34  9 55  2  0
 1  0      0 708800 110872 6342432    0    0     0 31188 1526 1328 25  9 63  3  0
 2  0      0 697460 110872 6353784    0    0     0   448 1192 1099 19  9 72  0  0
 1  0      0 686372 110872 6365016    0    0     0     0 1060 1079 20  8 72  0  0
 1  0      0 674528 110872 6376476    0    0     0   124 1015 1017 22  5 72  0  0
 2  0      0 662464 110872 6387248    0    0     0     0 1151 1102 22  6 72  0  0
 2  0      0 685684 110872 6368456    0    0     0 31440 1549 1247 33  9 57  1  0
 1  0      0 674628 110872 6379880    0    0     0    20 1080 1114 21  7 72  0  0
 1  0      0 667352 110872 6390588    0    0     0     0 1188 1123 20  8 72  0  0
procs -----------memory---------- ---swap-- -----io---- -system-- ------cpu-----
 r  b   swpd   free   buff  cache   si   so    bi    bo   in   cs us sy id wa st
 1  0      0 655536 110872 6401268    0    0     0     0 1018 1056 21  6 72  0  0
 1  0      0 645204 110872 6410852    0    0     0    92 1120 1116 22  6 72  0  0
 2  0      0 633652 110872 6421172    0    0     0   288 1248 1170 22  7 71  0  0
 1  0      0 639720 110872 6400840    0    0     0 31112 1602 1241 31 11 57  2  0
 1  0      0 628164 110872 6411872    0    0     0    32 1058 1072 20  7 73  0  0
 1  0      0 619788 110872 6422364    0    0     0     0 1047 1045 21  7 72  0  0
 1  0      0 607816 110872 6432868    0    0     0    88 1172 1130 21  8 71  0  0
 1  0      0 596228 110872 6443284    0    0     0    48 1000 1005 22  6 73  0  0
 2  0      0 572572 110872 6473808    0    0     0   352 1116 1067 28  8 64  0  0
 8  0      0 543896 110876 6524320    0    0     0 31048 1899 1275 68 17 14  2  0
 7  0      0 400260 110880 6662860    0    0     0 25928 2022 1291 82 17  1  0  0
 4  0      0 274512 110884 6787028    0    0     0 153636 3606 2013 78 16  1  5  0
 2  0      0 590284 110888 6471440    0    0     0 170328 3838 2399 36 14 40  9  0
 3  0      0 537444 110888 6522424    0    0     0 17512 1384 1108 42  9 47  1  0
 2  0      0 485544 110892 6569796    0    0  1666 48808 2415 2197 41 12 45  3  0
 3  0      0 570128 110896 6493740    0    0     0 51248 1948 1340 42 10 45  3  0
 1  1      0 532600 110896 6510716    0    0     0 84452 2328 1425 56 11 29  4  0
 2  0      0 538124 110900 6498856    0    0     0 50156 1765 1271 39 11 47  3  0
 1  0      0 573620 110900 6459272    0    0     0    72 1167 1127 21  8 71  0  0
 1  0      0 562576 110900 6469916    0    0  1667     0 1744 1960 23  6 71  0  0
 1  0      0 550764 110900 6480716    0    0     0    28 1153 1148 22  6 72  0  0
procs -----------memory---------- ---swap-- -----io---- -system-- ------cpu-----
 r  b   swpd   free   buff  cache   si   so    bi    bo   in   cs us sy id wa st
 2  0      0 531440 110900 6506148    0    0     0   360 1428 1237 28  9 63  0  0
 1  0      0 577164 110904 6470500    0    0     0 31204 1621 1315 27 10 61  2  0
 1  0      0 566608 110904 6480304    0    0     0    96 1076 1071 21  6 73  0  0
 1  0      0 557540 110904 6490084    0    0     0     0 1050 1084 20  7 72  0  0
 1  0      0 547100 110904 6500292    0    0     0    16 1230 1126 22  6 71  0  0
 1  0      0 536952 110908 6509968    0    0     0    28 1037 1050 20  7 72  0  0
 2  0      0 517828 110908 6529440    0    0     0   592 1125 1080 25  8 67  0  0
 1  0      0 547992 110912 6499704    0    0     0 31228 1694 1303 29 10 60  2  0
 3  0      0 536932 110912 6510172    0    0     0   264 1006  989 22  5 73  0  0
 1  0      0 525844 110912 6521252    0    0     0     0 1100 1130 20  7 73  0  0
 1  0      0 513500 110912 6532388    0    0     0    44 1119 1115 21  7 72  0  0
 1  0      0 500852 110912 6543888    0    0     0   100 1098 1128 20  7 73  0  0
 2  0      0 458848 110912 6585428    0    0     0   468 1230 1077 32  9 59  0  0
 8  0      0 409944 110912 6634952    0    0     0 31124 2201 1641 76 17  5  1  0
 6  0      0 281968 110912 6768128    0    0     0 26964 1860 1297 83 16  0  1  0
 2  1      0 155220 110912 6896316    0    0     0 313412 6487 3387 72 19  2  7  0
 2  0      0 469828 110912 6584448    0    0     0  9260 4656 1480 40 14 46  1  0
 2  0      0 423744 110916 6627624    0    0     0 66764 2076 1441 39 11 46  4  0
 2  0      0 374352 110916 6675252    0    0     0   100 1239 1057 42 11 47  0  0
 3  0      0 446552 110916 6610624    0    0     0 50300 2082 1469 47 13 36  3  0
 1  1      0 442380 110916 6609816    0    0     0 48848 1800 1310 47 12 38  2  0
procs -----------memory---------- ---swap-- -----io---- -system-- ------cpu-----
 r  b   swpd   free   buff  cache   si   so    bi    bo   in   cs us sy id wa st
 1  0      0 506684 110920 6543740    0    0     0 63528 1937 1481 30  8 58  3  0
 1  0      0 495372 110920 6554376    0    0     0     0 1260 1178 22  6 72  0  0
 1  0      0 484032 110920 6565164    0    0     0   304 1197 1151 20  7 72  0  0
 1  0      0 470972 110920 6576200    0    0     0     0 1246 1185 21  8 71  0  0
 1  1      0 419312 110920 6618764    0    0     0 16272 1383 1201 33  9 58  1  0
 1  0      0 467052 110920 6568376    0    0     0 14924 1384 1271 21  7 71  1  0
 1  0      0 455212 110920 6579476    0    0     0    88 1274 1220 22  6 71  0  0
 1  0      0 443400 110920 6590116    0    0     0   400 1158 1116 21  7 73  0  0
 1  0      0 431308 110920 6601056    0    0     0     4 1122 1164 20  7 72  0  0
 2  0      0 416692 110920 6613864    0    0     0     0 1298 1204 22  7 71  0  0
 1  0      0 445892 110924 6592500    0    0     0 31284 1698 1275 30 11 58  2  0
 1  0      0 433320 110924 6604336    0    0     0   104 1159 1134 20  7 72  0  0
 1  0      0 430980 110924 6615508    0    0     0   196 1334 1242 22  6 72  0  0
 1  0      0 418924 110924 6625828    0    0     0     4 1140 1151 21  7 72  0  0
 1  0      0 406088 110924 6635476    0    0     0     0 1281 1230 21  7 71  0  0
 2  0      0 376156 110924 6658908    0    0     0   228 1166 1127 29  6 65  0  0
 8  0      0 373252 110924 6679140    0    0     0 31164 1846 1382 59 15 24  2  0
13  0      0 240988 110924 6806564    0    0     0   172 1643 1233 84 15  0  0  0
 5  0      0 116504 110920 6927276    0    0     4 64928 3285 1777 83 17  0  0  0
 3  0      0 503308 110900 6551204    0    0     0 322312 7693 4388 53 19 13 15  0
 2  0      0 461404 110900 6598108    0    0     0     0 1694 1182 41 13 45  0  0
procs -----------memory---------- ---swap-- -----io---- -system-- ------cpu-----
 r  b   swpd   free   buff  cache   si   so    bi    bo   in   cs us sy id wa st
 2  0      0 420108 110900 6637776    0    0     0 66168 1431 1322 40  8 48  4  0
 2  0      0 364444 110900 6690536    0    0     0     0 1399 1175 42 11 46  0  0
 3  0      0 318088 110900 6736800    0    0     0 66072 1568 1432 39 13 44  4  0
 4  0      0 474812 110900 6560960    0    0     0 65340 2213 1705 51 14 31  5  0
 2  0      0 428288 110900 6613400    0    0     0     0 1206 1049 42 10 47  0  0
 2  0      0 395024 110904 6657924    0    0     0 66132 1572 1424 40 10 46  4  0
 2  0      0 345388 110904 6706048    0    0     0     0 1289 1074 43  9 47  0  0
 1  0      0 464784 110904 6578260    0    0     0 87656 1702 1589 32 13 50  5  0
 1  0      0 453696 110904 6588716    0    0     0   560 1209 1117 21  7 72  0  0
 2  0      0 480824 110904 6569176    0    0     0 31276 1636 1305 33  9 57  1  0
 1  0      0 469008 110904 6580860    0    0     0     0 1070 1028 21  6 73  0  0
 1  0      0 451152 110904 6591748    0    0  1666    32 2012 2219 22  8 70  0  0
 1  0      0 440072 110904 6602308    0    0     0     0 1042 1031 22  6 72  0  0
 1  0      0 429236 110904 6612860    0    0     0    84 1168 1119 22  6 72  0  0
 2  0      0 395244 110904 6643408    0    0     0   260 1286 1118 29  8 63  0  0
 1  0      0 431448 110904 6603840    0    0     0 31076 1513 1227 24  9 66  2  0
 2  0      0 419896 110904 6614608    0    0  1667     0 1901 2017 22  7 70  0  0
 1  0      0 409312 110904 6625140    0    0     0     0 1125 1086 20  7 72  0  0
 1  0      0 398984 110904 6634864    0    0     0   384 1098 1054 21  7 72  0  0
 1  0      0 389184 110904 6644252    0    0     0    24 1244 1173 23  6 71  0  0
 2  0      0 369024 110904 6667180    0    0     0   312 1115 1043 27  8 65  0  0
procs -----------memory---------- ---swap-- -----io---- -system-- ------cpu-----
 r  b   swpd   free   buff  cache   si   so    bi    bo   in   cs us sy id wa st
 8  0      0 369448 110904 6677532    0    0     0 31080 1683 1352 59 14 24  3  0
 7  0      0 244244 110904 6807264    0    0     0 24348 2078 1475 83 17  0  0  0
 3  4      0 121800 110904 6927444    0    0     0 136104 3104 2101 77 16  2  5  0
 2  0      0 470028 110620 6572940    0    0     0 187948 4188 2370 54 20 16 10  0
 2  0      0 415052 110620 6626960    0    0     0    20 1878 1136 42 14 45  0  0
 2  0      0 365696 110620 6677464    0    0     0 66164 1456 1320 37 12 48  4  0
 3  0      0 433012 110624 6604476    0    0     0 46124 1554 1438 40 14 44  2  0
 2  0      0 426524 110628 6621248    0    0     0 31132 1811 1222 51 14 33  2  0
 2  0      0 376664 110628 6670108    0    0     0 66904 1615 1415 39 11 47  3  0
 2  0      0 324424 110628 6718028    0    0     0 66136 1488 1334 40 10 47  4  0
 2  0      0 273656 110628 6770964    0    0     0   156 1929 1796 42 12 45  0  0
 1  0      0 454604 110628 6590576    0    0     0 43532 1639 1626 27  8 63  2  0
 2  0      0 437472 110628 6609012    0    0     0     0 1304 1197 25  8 68  0  0
 1  0      0 455876 110628 6582296    0    0     0 31284 1737 1432 28  9 61  2  0
 1  0      0 444536 110628 6593940    0    0     0     0 1112 1088 21  7 72  0  0
 1  0      0 432188 110628 6606112    0    0     0    16 1210 1115 20  8 72  0  0
 2  0      0 420120 110628 6617688    0    0     0     0 1094 1076 21  7 72  0  0
 1  0      0 408532 110628 6628780    0    0     0     8 1030 1013 20  7 73  0  0
 1  0      0 431744 110628 6608980    0    0     0 31892 1869 1404 35  9 54  1  0
 1  0      0 420432 110628 6619832    0    0     0     0 1096 1067 22  5 73  0  0
 1  0      0 409848 110628 6630548    0    0     0    28 1069 1091 21  7 72  0  0
procs -----------memory---------- ---swap-- -----io---- -system-- ------cpu-----
 r  b   swpd   free   buff  cache   si   so    bi    bo   in   cs us sy id wa st
 2  0      0 399160 110628 6641048    0    0     0     0 1104 1100 20  7 72  0  0
 1  0      0 389440 110628 6651332    0    0     0     0 1164 1114 20  7 72  0  0
 2  0      0 375580 110628 6665960    0    0     0   324 1128 1094 23  6 71  0  0
 7  0      0 343340 110636 6690976    0    0     0 33256 1822 1316 56 14 28  2  0
 6  0      0 217900 110636 6829464    0    0     0     0 1584 1141 81 19  0  0  0
 6  0      0 127948 110636 6917904    0    0     0 160936 4434 2132 77 20  1  2  0
 2  0      0 442820 110632 6605264    0    0     0 161968 5153 2171 46 18 29  7  0
 2  0      0 383796 110632 6661704    0    0     0    84 1443 1172 43 10 47  0  0
 2  0      0 342472 110632 6708636    0    0     0 67280 2362 1435 38 12 47  3  0
 4  0      0 390020 110636 6655528    0    0     0 35304 1803 1249 44 12 42  2  0
 2  0      0 389732 110644 6662896    0    0     0 97228 2753 1593 48 13 35  5  0
 2  0      0 335080 110644 6716080    0    0     0     0 1360 1160 41 11 47  0  0
 2  0      0 284960 110644 6765220    0    0     0 66180 1983 1318 39 10 47  4  0
 2  0      0 231284 110644 6817232    0    0     0 24576 1499 1199 39 12 47  2  0
 1  0      0 414552 110644 6612972    0    0     0 50560 1820 1450 26  9 62  3  0
 2  0      0 376100 110644 6645916    0    0     0     0 1159 1081 30  8 62  0  0
 1  0      0 422996 110652 6602528    0    0     0 31144 1617 1304 25  9 63  2  0
 1  0      0 413448 110652 6611860    0    0     0     0 1080 1101 20  8 72  0  0
 1  0      0 403368 110652 6621344    0    0     0   504 1147 1089 22  6 72  0  0
 1  0      0 395080 110652 6630376    0    0     0     0 1151 1121 22  6 72  0  0
 1  0      0 384320 110652 6639968    0    0     0     0 1154 1088 23  5 72  0  0
procs -----------memory---------- ---swap-- -----io---- -system-- ------cpu-----
 r  b   swpd   free   buff  cache   si   so    bi    bo   in   cs us sy id wa st
 1  0      0 374240 110652 6649756    0    0     0   348 1095 1104 21  7 73  0  0
 2  0      0 400668 110652 6629964    0    0     0 31132 1647 1294 32 10 56  2  0
 1  0      0 389016 110652 6640968    0    0     0   184 1227 1121 21  8 72  0  0
 1  0      0 377040 110652 6652584    0    0     0     4 1093 1080 21  7 72  0  0
 1  0      0 365688 110652 6663260    0    0     0     0 1048 1027 21  6 72  0  0
 1  0      0 357700 110652 6672776    0    0     0     0 1215 1094 22  7 71  0  0
 2  0      0 345856 110652 6683764    0    0     0   252 1207 1188 24  6 70  0  0
 7  0      0 361016 110660 6685500    0    0     0 31232 1664 1288 54 13 31  2  0
 7  0      0 244924 110660 6801844    0    0   547  6288 1873 1721 83 17  0  0  0
 6  0      0 130292 110656 6917568    0    0  1119 51712 3094 1800 82 18  0  0  0
 2  0      0 445360 110632 6592936    0    0     0 271156 5410 2727 57 18 14 10  0
 2  0      0 379900 110632 6649376    0    0     0    28 3185 1049 42 12 46  0  0
 2  0      0 340772 110644 6700052    0    0     0 66836 2362 1558 38 12 47  3  0
 2  1      0 286300 110644 6748960    0    0   548 49680 2290 1598 40 10 47  3  0
 2  0      0 442696 110648 6585088    0    0  1119 81196 2973 2219 51 15 30  4  0
 2  0      0 389412 110648 6641520    0    0     0     0 1237 1070 41 12 47  0  0
 2  0      0 343044 110648 6685520    0    0     0 66100 2226 1483 39 11 46  4  0
 2  0      0 301464 110648 6736968    0    0     0    96 1229 1040 42 10 47  0  0
 2  0      0 256360 110648 6786004    0    0     0 66348 2181 1429 37 12 47  3  0
 1  0      0 412288 110648 6613064    0    0     0 35388 1654 1389 22  9 67  2  0
 3  0      0 432104 110648 6592828    0    0     0 31096 1500 1232 31 10 57  2  0
procs -----------memory---------- ---swap-- -----io---- -system-- ------cpu-----
 r  b   swpd   free   buff  cache   si   so    bi    bo   in   cs us sy id wa st
 1  0      0 420820 110648 6603724    0    0     0     0  976 1010 21  6 72  0  0
 1  0      0 409748 110648 6615492    0    0     0   108 1198 1158 21  7 72  0  0
 1  0      0 403952 110648 6626532    0    0     0     0 1138 1101 20  8 72  0  0
 1  0      0 401032 110648 6637628    0    0     0     8 1100 1105 20  7 72  0  0
 2  0      0 385096 110648 6656468    0    0     0   196 1083 1075 25  7 67  0  0
 1  0      0 407316 110648 6628048    0    0     0 31076 1710 1299 30 10 59  1  0
 1  1      0 395752 110648 6638824    0    0     0   140 1149 1105 22  6 72  0  0
 1  0      0 385420 110648 6648188    0    0     0     4 1330 1319 22  6 71  0  0
 2  0      0 374836 110648 6657912    0    0     0     0 1255 1157 22  7 70  0  0
 1  0      0 364256 110648 6667600    0    0     0     8 1131 1078 20  8 72  0  0
 2  0      0 353928 110648 6676984    0    0     0   236 1120 1101 22  7 71  0  0
 7  0      0 362428 110648 6686064    0    0     0 31096 1506 1311 52 12 34  2  0
 6  0      0 231928 110648 6825616    0    0     0  5016 1634 1212 84 15  1  0  0
 4  1      0 125868 110592 6929044    0    0     0 113812 2582 1509 79 18  0  3  0
 2  0      0 437696 110592 6616376    0    0     0 209180 5033 2349 45 18 28  9  0
 2  0      0 397440 110592 6665212    0    0     0    12 1400 1140 41 12 46  0  0
 2  0      0 355108 110592 6708812    0    0     0 66188 1942 1333 39 10 47  4  0
 1  1      0 309276 110592 6751824    0    0     0 41140 1766 1290 41 10 46  2  0
 3  0      0 376728 110592 6679432    0    0     0 14196 1684 1303 49 13 38  1  0
 2  0      0 370116 110592 6673672    0    0     0 97228 2290 1546 44 15 35  6  0
 2  0      0 324536 110592 6719488    0    0     0     4 1216 1012 42 11 47  0  0
procs -----------memory---------- ---swap-- -----io---- -system-- ------cpu-----
 r  b   swpd   free   buff  cache   si   so    bi    bo   in   cs us sy id wa st
 3  0      0 286232 110592 6756144    0    0     0 66072 2100 1418 40  9 46  4  0
 2  0      0 242384 110592 6800920    0    0     0    88 1296 1106 43 10 47  0  0
 2  0      0 199544 110592 6843240    0    0     0 66136 1954 1426 39 11 47  3  0
 1  0      0 400780 110592 6630152    0    0     0 23684 1546 1228 32 10 56  1  0
 2  0      0 370344 110592 6666276    0    0     0     0 1383 1171 35  9 56  0  0
 1  0      0 413652 110592 6619300    0    0     0 31116 1417 1241 24  8 66  3  0
 1  0      0 403096 110592 6629552    0    0     0    92 1023 1062 21  7 72  0  0
 1  0      0 393016 110592 6638880    0    0     0     0 1284 1162 21  8 71  0  0
 1  0      0 383692 110592 6648236    0    0     0    32 1159 1149 21  7 72  0  0
 1  0      0 373868 110592 6657192    0    0     0     0 1027 1059 22  6 72  0  0
 2  0      0 363040 110592 6672452    0    0     0   224 1100 1104 25  7 68  0  0
 1  0      0 399600 110592 6645028    0    0     0 31200 1635 1308 32 11 55  2  0
 1  0      0 390056 110592 6654688    0    0     0     0  984 1026 22  6 72  0  0
 1  0      0 380008 110592 6663896    0    0     0    20  997 1051 20  8 72  0  0
 1  0      0 370244 110592 6672860    0    0     0     0 1091 1079 22  6 72  0  0
 1  0      0 360768 110592 6681868    0    0     0     4  984 1041 23  5 72  0  0
 1  0      0 351384 110592 6691448    0    0     0   284  986 1040 22  6 72  0  0
 2  0      0 321180 110592 6730064    0    0     0     0 1096 1021 33  8 59  0  0
 6  0      0 269364 110592 6781796    0    0   236 40292 1995 1458 76 16  6  1  0
 8  0      0 135580 110592 6911256    0    0     0    20 1398 1051 83 17  0  0  0
 0  1      0 125032 110576 6917656    0    0     0 251176 4658 2504 70 17  2 11  0
procs -----------memory---------- ---swap-- -----io---- -system-- ------cpu-----
 r  b   swpd   free   buff  cache   si   so    bi    bo   in   cs us sy id wa st
 2  0      0 435784 110580 6619892    0    0     0 71600 3432 1718 37 14 44  5  0
 2  0      0 385536 110580 6667680    0    0     0 67496 2243 1529 39 11 47  3  0
 1  1      0 335640 110580 6719900    0    0     0 32768 1583 1216 40 11 47  2  0
 3  0      0 382432 110580 6672140    0    0     0 13668 1563 1247 51 12 36  1  0
 3  0      0 390700 110580 6662376    0    0     0 97160 2550 1545 39 14 44  4  0
 2  0      0 334284 110584 6716448    0    0     0    32 1292 1161 43 10 47  0  0
 2  0      0 283728 110584 6765140    0    0  1666 66188 2853 2281 39 12 45  3  0
 2  0      0 234616 110584 6813064    0    0     0 66116 2132 1429 39  9 47  4  0
 1  0      0 437440 110584 6599596    0    0     0 38352 1745 1352 37 11 49  2  0
 2  0      0 401436 110584 6632068    0    0     0    32 1180 1134 31  7 62  0  0
 1  0      0 442880 110584 6591064    0    0     0 31156 1680 1382 25  9 64  3  0
 1  0      0 426020 110584 6601916    0    0  1667   172 1901 2056 20  8 71  0  0
 1  0      0 414964 110584 6612052    0    0     0     0 1090 1078 23  5 72  0  0
 1  0      0 401392 110584 6622508    0    0     0     0 1152 1127 20  8 72  0  0
 1  0      0 391060 110584 6631740    0    0     0    32 1203 1106 21  7 72  0  0
 2  0      0 358080 110584 6667016    0    0     0   208 1233 1117 31  9 60  0  0
 1  0      0 405768 110584 6622300    0    0     0 31232 1573 1285 25  7 66  2  0
 1  0      0 394428 110584 6633068    0    0     0     0 1192 1102 22  7 72  0  0
 1  0      0 382872 110584 6644200    0    0     0     0 1120 1093 19  8 72  0  0
 1  0      0 370776 110584 6655156    0    0     0     0 1074 1086 21  6 73  0  0
 1  0      0 359252 110584 6665876    0    0     0    32 1198 1137 23  6 72  0  0
procs -----------memory---------- ---swap-- -----io---- -system-- ------cpu-----
 r  b   swpd   free   buff  cache   si   so    bi    bo   in   cs us sy id wa st
 8  0      0 357144 110584 6672088    0    0     0 31264 1763 1356 45 12 41  1  0
 6  0      0 233024 110584 6809616    0    0     0 13524 1893 1275 84 16  0  0  0
 7  1      0 123440 110584 6916956    0    0     0 106280 3502 1851 80 19  0  1  0
 2  0      0 449556 110572 6575700    0    0     0 216476 3884 2785 55 19 10 16  0
 2  0      0 420012 110572 6622200    0    0     0   252 1860 1302 43 12 45  0  0
 2  0      0 385028 110576 6660692    0    0     0 66084 2031 1390 41  9 47  3  0
 2  0      0 445640 110580 6598344    0    0   680 27092 1942 1335 39 13 46  2  0
 3  0      0 376004 110580 6672536    0    0     0     0 1382 1036 54 12 34  0  0
 2  0      0 387216 110580 6662628    0    0     0 97132 2450 1546 41 13 40  6  0
 5  0      0 335336 110580 6712812    0    0     0     0 1258 1010 41 11 47  0  0
 1  0      0 459292 110580 6581660    0    0     0 64532 1913 1365 25  8 64  3  0
 1  0      0 449492 110580 6590944    0    0     0    84 1300 1203 22  7 71  0  0
 1  0      0 440168 110580 6600308    0    0     0     8 1065 1053 21  7 72  0  0
 2  0      0 418020 110580 6623296    0    0     0     0 1193 1166 28  7 65  0  0
 1  0      0 455264 110580 6588996    0    0     0 31176 1469 1407 28 10 59  2  0
 1  0      0 444712 110580 6599456    0    0     0    32 1158 1168 21  7 72  0  0
 1  0      0 434416 110580 6609492    0    0     0    96 1139 1170 22  5 72  0  0
 1  0      0 423356 110580 6619372    0    0     0     0 1294 1209 23  6 72  0  0
 1  0      0 413536 110580 6628932    0    0     0     4 1259 1233 22  6 71  0  0
 2  0      0 398948 110580 6642620    0    0     0   212 1153 1148 23  7 70  0  0
 1  0      0 417868 110580 6618156    0    0     0 31076 1356 1294 31 10 57  2  0
procs -----------memory---------- ---swap-- -----io---- -system-- ------cpu-----
 r  b   swpd   free   buff  cache   si   so    bi    bo   in   cs us sy id wa st
 1  0      0 406052 110580 6629252    0    0     0   512 1368 1233 22  7 71  0  0
 1  0      0 394460 110580 6640136    0    0     0     0 1150 1154 21  6 72  0  0
 1  0      0 382616 110580 6651172    0    0     0     0 1175 1151 21  7 72  0  0
 2  0      0 369304 110580 6662004    0    0     0     0 1306 1213 21  7 72  0  0
 2  0      0 340040 110580 6696216    0    0     0   360 1217 1152 30  8 63  0  0
 8  0      0 302996 110580 6756328    0    0     0 31168 1586 1349 71 18  9  2  0
 8  0      0 159860 110580 6893348    0    0     0     0 1528 1179 81 15  3  0  0
 4  0      0 118360 110568 6942776    0    0     0 231360 5361 2438 77 18  1  5  0
 2  0      0 472552 110564 6590032    0    0     0 134060 3801 1983 36 16 38 10  0
 1  1      0 419768 110564 6641460    0    0     0 40960 1692 1238 40 11 47  2  0
 2  0      0 368900 110564 6691336    0    0     0 25592 1839 1316 40 12 46  2  0
 3  0      0 295876 110564 6755968    0    0     0 66308 2246 1403 47 11 39  3  0
 2  0      0 469136 110564 6572572    0    0     0 63736 1881 1550 43 16 38  3  0
 2  0      0 413004 110564 6626444    0    0     0     4 1378 1119 40 14 46  0  0
 2  0      0 367396 110564 6676336    0    0     0 66088 2044 1398 38 13 47  3  0
 3  0      0 317536 110564 6724108    0    0     0 66092 2052 1331 38 11 47  3  0
 3  0      0 264112 110564 6776472    0    0     0   116 1223 1019 43 10 47  0  0
 3  0      0 207412 110564 6834488    0    0     0 66904 2125 1354 45 12 39  4  0
 1  0      0 481128 110568 6559760    0    0     0 56652 1572 1357 32 10 55  2  0
 1  0      0 468584 110568 6570324    0    0     0     0 1183 1112 22  7 71  0  0
 1  0      0 456240 110568 6581636    0    0     0    16 1011 1028 20  7 72  0  0
procs -----------memory---------- ---swap-- -----io---- -system-- ------cpu-----
 r  b   swpd   free   buff  cache   si   so    bi    bo   in   cs us sy id wa st
 1  0      0 444144 110568 6593100    0    0   248   396 1089 1081 20  8 72  1  0
 1  0      0 432300 110568 6604312    0    0     0    20 1155 1129 22  6 72  0  0
 1  0      0 464992 110568 6584416    0    0    36 31368 1278 1205 35 10 54  2  0
 1  0      0 448308 110568 6595596    0    0  2266     4 1685 1947 21  8 70  0  0
 1  0      0 438028 110568 6605388    0    0     0    16 1132 1062 21  7 71  0  0
 1  0      0 427444 110568 6615080    0    0   608     0 1012 1056 22  7 71  0  0
 2  0      0 416608 110568 6625020    0    0     0    24  969 1000 21  6 73  0  0
 1  0      0 405024 110568 6635236    0    0  1048   160 1072 1067 20  8 72  0  0
 7  0      0 419424 110568 6615420    0    0  1667 31068 1943 2158 35 12 51  2  0
 8  0      0 307584 110568 6734856    0    0     0     4 1459 1166 81 18  1  0  0
 6  0      0 184860 110568 6855104    0    0     0 39220 2109 1368 84 15  0  0  0
 4  0      0 119424 110564 6928072    0    0     0 129356 3686 2018 78 20  0  1  0
 3  0      0 489452 110556 6562316    0    0   752 193392 5778 2672 38 15 23 23  0
 2  0      0 429344 110556 6617492    0    0     0     0 1704 1059 41 12 46  0  0
 2  0      0 378220 110556 6667356    0    0     0 66252 2014 1380 36 13 47  4  0
 3  0      0 325300 110556 6718136    0    0   204 45028 1783 1269 41 12 45  2  0
 2  0      0 501620 110556 6544348    0    0     0 84704 2017 1484 51 15 30  4  0
 2  0      0 453148 110556 6599324    0    0     0    20 1117  994 42 10 47  0  0
 2  0      0 404512 110556 6647316    0    0     0 66116 1855 1289 39 11 47  3  0
 2  0      0 357672 110556 6696972    0    0     0     0 1150  990 40 12 47  0  0
 1  0      0 478924 110556 6563692    0    0     0 72772 2078 1471 29 10 56  4  0
procs -----------memory---------- ---swap-- -----io---- -system-- ------cpu-----
 r  b   swpd   free   buff  cache   si   so    bi    bo   in   cs us sy id wa st
 1  0      0 467504 110556 6573136    0    0     0     0  983 1040 20  8 72  0  0
 1  0      0 468548 110556 6552744    0    0     0 31180 1449 1464 33 11 55  2  0
 1  0      0 468224 110556 6563584    0    0     0    24 1153 1144 22  6 71  0  0
 1  0      0 463184 110556 6573672    0    0     0     4 1090 1076 22  6 72  0  0
 1  0      0 453104 110556 6583812    0    0     0    84 1306 1199 20  8 71  0  0
 2  0      0 443280 110556 6595424    0    0   720     0 1175 1152 21  6 72  0  0
 2  0      0 425920 110556 6615628    0    0     0   864 1336 1100 24  9 67  0  0
 1  0      0 453836 110556 6586764    0    0     0 31088 1474 1360 28 10 61  1  0
 1  0      0 442752 110556 6597352    0    0     0     4 1058 1068 21  6 72  0  0
 1  0      0 432424 110556 6607108    0    0     0    84 1061 1078 21  7 72  0  0
 1  0      0 422596 110556 6616840    0    0     0   324 1263 1135 22  6 72  0  0
 1  0      0 412544 110556 6626936    0    0     0     0 1082 1101 22  6 72  0  0
 2  0      0 399204 110556 6639292    0    0     0   284 1098 1075 23  7 70  0  0
 7  0      0 396568 110556 6646816    0    0     0 31112 1820 1436 54 13 32  2  0
12  0      0 272616 110556 6771372    0    0     0    24 1498 1153 84 16  0  0  0
 8  0      0 143592 110556 6895868    0    0     0    92 1600 1227 82 17  2  0  0
 2  1      0 118732 110528 6923680    0    0     0 334704 5254 3221 66 19  4 10  0
 2  0      0 465640 110532 6582348    0    0     0 40272 3343 1488 39 15 44  2  0
 3  0      0 425176 110532 6625496    0    0     0 66216 1577 1399 39 10 47  4  0
 2  0      0 368980 110532 6681032    0    0     0     4 1263 1082 43  9 47  0  0
 3  0      0 289348 110532 6759912    0    0     0 66720 1723 1385 51 12 34  3  0
procs -----------memory---------- ---swap-- -----io---- -system-- ------cpu-----
 r  b   swpd   free   buff  cache   si   so    bi    bo   in   cs us sy id wa st
 2  0      0 486720 110532 6566916    0    0     0 60880 2042 1546 41 12 45  3  0
 2  0      0 438912 110532 6615780    0    0     0 66096 1487 1339 37 12 47  4  0
 2  0      0 385264 110532 6668880    0    0     0     4 1288 1124 41 11 48  0  0
 2  0      0 338896 110532 6714748    0    0     0 66104 1462 1378 40 10 47  3  0
 2  0      0 288748 110532 6763972    0    0     0    92 1399 1171 43 10 46  0  0
 3  0      0 210628 110532 6833848    0    0     0 66124 1496 1338 47 13 36  5  0
 1  0      0 484144 110536 6540968    0    0     0 80520 1914 1596 34 14 49  4  0
 1  0      0 472552 110536 6551252    0    0     0     0 1137 1156 22  6 72  0  0
 1  0      0 460708 110536 6562556    0    0     0   116 1083 1160 22  6 72  0  0
 1  0      0 449116 110536 6573764    0    0     0    88 1081 1155 22  6 72  0  0
 1  0      0 437524 110536 6585188    0    0     0     0 1205 1219 22  6 72  0  0
 1  0      0 480304 110540 6566572    0    0     0 31256 1673 1221 34  9 56  2  0
 1  0      0 467232 110540 6578924    0    0   504     0 1165 1152 21  6 72  0  0
 1  0      0 456144 110540 6589664    0    0     0     0 1188 1130 23  5 72  0  0
 1  0      0 444832 110540 6600536    0    0     0   116 1251 1173 21  7 72  0  0
 1  0      0 433504 110540 6611200    0    0  1180     0 1288 1214 22  6 71  0  0
 2  0      0 388696 110540 6650856    0    0     0   224 1232 1123 33  9 59  0  0
11  0      0 323272 110540 6720372    0    0     0 31044 1934 1358 74 17  7  1  0
 7  0      0 174844 110540 6864656    0    0     0    16 1514 1158 81 19  0  0  0
 3  3      0 138632 110524 6905888    0    0     0 233256 4315 2539 69 22  0  9  0
 2  0      0 490764 110524 6552868    0    0     0 137916 7320 2446 33 16 37 14  0
procs -----------memory---------- ---swap-- -----io---- -system-- ------cpu-----
 r  b   swpd   free   buff  cache   si   so    bi    bo   in   cs us sy id wa st
 2  0      0 438024 110524 6601676    0    0  1666     0 1959 2060 43 12 45  0  0
 2  0      0 404320 110524 6640156    0    0     0 66864 2574 1875 37 12 43  8  0
 3  0      0 342080 110524 6702060    0    0     0    28 1362 1115 48 12 40  0  0
 2  0      0 347716 110524 6701076    0    0     0 97212 2597 1666 46 14 36  5  0
 1  1      0 297852 110524 6750052    0    0     0  3188 1387 1127 44 10 46  0  0
 2  0      0 491928 110528 6536648    0    0  1171 88308 3112 2319 36 12 46  6  0
 2  0      0 453336 110528 6582624    0    0   496     4 1348 1269 43  9 47  0  0
 2  0      0 411504 110528 6623772    0    0     0 66124 2055 1439 38 12 46  3  0
 2  0      0 365672 110528 6675380    0    0     0   332 3090 3313 43 16 42  0  0
 2  0      0 347204 110528 6688120    0    0     0 97800 3067 2250 53 15 27  5  0
 3  0      0 288804 110528 6742704    0    0     0     0 1482 1183 41 13 46  0  0
 2  0      0 244488 110528 6785400    0    0     0 66056 2092 1475 38 12 46  4  0
 1  0      0 485420 110528 6541372    0    0     0 37108 1690 1453 27 10 61  2  0
 1  0      0 477136 110532 6550816    0    0     0     8 1201 1206 21  8 71  0  0
 1  0      0 468064 110532 6559588    0    0     0   112 1065 1099 20  7 72  0  0
 2  0      0 431020 110532 6600416    0    0     0    32 1169 1086 34  9 58  0  0
 1  0      0 477704 110532 6550248    0    0     0 31268 1742 1430 21  8 69  2  0
 1  0      0 467120 110532 6560564    0    0  1340     4 1260 1270 22  7 71  1  0
 1  0      0 456564 110532 6570468    0    0   244     4 1105 1108 22  6 72  0  0
 1  0      0 445484 110532 6580288    0    0     0    92 1293 1252 22  7 71  0  0
 1  0      0 434688 110532 6590636    0    0     0    32 1068 1123 20  8 72  0  0
procs -----------memory---------- ---swap-- -----io---- -system-- ------cpu-----
 r  b   swpd   free   buff  cache   si   so    bi    bo   in   cs us sy id wa st
 1  1      0 397900 110532 6633132    0    0   516 14620 1557 1326 35  8 56  1  0
 6  0      0 376200 110532 6680680    0    0     0 16732 1754 1296 80 16  3  1  0
11  0      0 244432 110532 6808948    0    0     0    76 1452 1136 84 16  0  0  0
 4  2      0 126544 110532 6917588    0    0     0 112888 3164 1614 78 19  0  3  0
 4  0      0 462768 110532 6578292    0    0     0 243688 4146 2905 42 16 26 16  0
 2  0      0 419312 110532 6632064    0    0     0    20 1637 1070 43 12 45  0  0
 2  0      0 378268 110532 6680668    0    0     0 66836 2351 1534 39 12 46  3  0
 3  0      0 322352 110532 6733088    0    0     0 66116 2042 1391 38 13 47  2  0
 2  0      0 290508 110532 6755268    0    0     0 31244 1763 1236 52 15 31  2  0
 2  0      0 236876 110532 6805748    0    0   228 66624 2357 1456 38 13 47  3  0
 2  0      0 184460 110532 6856496    0    0     0    28 1245 1099 42 10 47  0  0
 3  0      0 141872 110532 6899176    0    0     0 66068 1978 1354 40  9 47  3  0
 2  0      0 416832 110532 6618660    0    0     0 26000 1706 1345 40 11 47  2  0
 2  0      0 371276 110532 6661664    0    0     0 66260 1939 1461 41  9 47  3  0
 2  0      0 361816 110532 6680348    0    0     0 31100 1911 1321 54 16 29  2  0
 2  0      0 317092 110532 6724100    0    0     0 66056 1975 1312 37 12 47  4  0
 2  0      0 263948 110532 6775184    0    0     0    28 1345 1148 42 11 47  0  0
 2  0      0 212036 110532 6826744    0    0     0 66096 2344 1609 41 10 46  3  0
 1  1      0 155592 110532 6880376    0    0     0 36856 1763 1277 41 10 47  2  0
 2  0      0 451508 110532 6590752    0    0     0 62620 2385 1524 35 13 48  3  0
 1  0      0 449292 110532 6572224    0    0     0 31132 2033 1430 31 10 58  2  0
procs -----------memory---------- ---swap-- -----io---- -system-- ------cpu-----
 r  b   swpd   free   buff  cache   si   so    bi    bo   in   cs us sy id wa st
 1  0      0 437372 110532 6583468    0    0     0    20 1091 1073 20  8 72  0  0
 1  0      0 426868 110532 6593568    0    0     0    12 1152 1140 21  6 72  0  0
 1  0      0 415024 110532 6603800    0    0   316     0 1281 1179 21  7 71  0  0
 1  0      0 404440 110532 6613732    0    0   696     8 1200 1145 20  8 72  0  0
 2  0      0 395128 110532 6629428    0    0    48   160 1196 1146 24  7 69  0  0
12  0      0 395184 110532 6653556    0    0     0 31088 1749 1292 56 16 25  2  0
 8  0      0 274476 110532 6777100    0    0   100 15072 1823 1186 84 14  2  0  0
 7  0      0 141448 110532 6904940    0    0     0     0 1517 1148 83 15  2  0  0
 2  0      0 456948 110528 6592888    0    0     0 323284 5502 3272 43 14 24 18  0
 2  0      0 400412 110528 6647456    0    0     0     0 3382 1078 42 12 46  0  0
 2  0      0 351976 110528 6698512    0    0     0 66804 2326 1523 38 11 47  3  0
 3  1      0 299344 110528 6749292    0    0     0 52256 1838 1303 39 11 47  3  0
 2  0      0 270300 110528 6767116    0    0     0 44936 1716 1324 53 15 30  2  0
 2  0      0 221120 110528 6814344    0    0     0 66280 2025 1444 38 12 47  3  0
 1  1      0 174248 110528 6861076    0    0     0  1024 1306 1108 43 10 47  0  0
 2  0      0 412920 110528 6621332    0    0     0 46288 1931 1387 36 13 47  4  0
 2  0      0 364820 110528 6668740    0    0    32 49340 1766 1233 40 10 47  2  0
 2  0      0 319236 110528 6713572    0    0     0 17108 1443 1216 41 11 47  1  0
 3  0      0 257772 110528 6772088    0    0     0 66088 2214 1504 45 13 38  4  0
 2  0      0 234444 110528 6779404    0    0  1666 31568 2257 2378 51 12 35  2  0
 2  0      0 188356 110528 6825000    0    0     0 66048 1963 1363 39 10 48  4  0
procs -----------memory---------- ---swap-- -----io---- -system-- ------cpu-----
 r  b   swpd   free   buff  cache   si   so    bi    bo   in   cs us sy id wa st
 2  0      0 135940 110528 6876908    0    0     0   260 1282 1093 43 10 47  0  0
 2  0      0 129156 110528 6901584    0    0     0 66160 2219 1584 38 12 46  3  0
 2  0      0 116344 110520 6917876    0    0     0     0 1199 1075 42 10 47  0  0
 2  0      0 470608 110516 6554624    0    0  1667 72428 4383 2354 26 15 54  5  0
 1  0      0 491816 110516 6532392    0    0     0 31164 1421 1320 32 11 54  2  0
 1  0      0 480256 110516 6543548    0    0     0     4 1050 1064 20  7 73  0  0
 1  0      0 469168 110516 6554236    0    0     0   212 1271 1192 21  8 72  0  0
 1  0      0 457840 110516 6565076    0    0     0    20 1088 1083 21  7 72  0  0
 1  0      0 447876 110516 6575808    0    0   840   340 1163 1118 21  7 71  1  0
 2  0      0 418784 110516 6604912    0    0  1008   248 1325 1174 28  9 63  0  0
 7  0      0 383528 110516 6645280    0    0     0 31072 1669 1343 68 15 15  2  0
 6  0      0 273156 110516 6769236    0    0     0   204 1488 1119 84 15  1  0  0
 2  2      0 148224 110516 6885720    0    0   212 157080 3817 2045 75 17  3  6  0
 2  0      0 447220 110516 6585136    0    0     0 172828 3966 2520 35 14 34 16  0
 2  0      0 396000 110516 6635508    0    0     0     0 1406 1212 43 10 47  0  0
 3  0      0 352156 110516 6677896    0    0     0 66152 2088 1328 38 11 47  4  0
 2  0      0 308308 110516 6729792    0    0     0   204 1306 1106 42 10 48  0  0
 2  0      0 298396 110516 6748732    0    0     0 97164 2509 1528 52 13 31  5  0
 2  0      0 248196 110516 6795608    0    0     0 66064 1994 1403 38 11 47  3  0
 2  0      0 198836 110516 6843252    0    0     0     4 1254 1078 41 11 47  0  0
 1  0      0 451964 110516 6579508    0    0     0 55924 3294 1558 27 13 57  3  0
procs -----------memory---------- ---swap-- -----io---- -system-- ------cpu-----
 r  b   swpd   free   buff  cache   si   so    bi    bo   in   cs us sy id wa st
 1  0      0 441160 110516 6589396    0    0     0     0  981 1030 22  6 72  0  0
 1  0      0 431332 110516 6598900    0    0   516   392 1192 1194 22  7 72  0  0
 1  0      0 449316 110516 6578000    0    0     0 31260 1658 1433 34  9 55  2  0
 1  0      0 439744 110516 6588464    0    0     0   332 1156 1158 22  6 72  0  0
 1  0      0 438720 110516 6599376    0    0     0     0 1182 1173 22  7 71  0  0
 1  0      0 426876 110516 6610616    0    0     0     8 1042 1102 21  6 73  0  0
 2  0      0 415328 110516 6621620    0    0     0   240 1121 1045 21  6 72  0  0
 2  0      0 401732 110516 6632360    0    0     0   352 1277 1229 21  7 72  0  0
 1  0      0 408652 110516 6613320    0    0     0 31096 1484 1176 30 10 58  2  0
 1  0      0 396304 110516 6625172    0    0     0     4  989 1052 20  7 73  0  0
 1  0      0 384164 110516 6637112    0    0     0   120 1087 1065 20  7 72  0  0
 1  0      0 372932 110516 6648196    0    0     0   244 1096 1106 21  7 72  0  0
 1  0      0 362272 110516 6658452    0    0     0     4 1171 1131 22  7 72  0  0
 2  0      0 331884 110516 6697220    0    0     0   228 1141 1080 32 10 58  0  0
 7  0      0 294356 110516 6750128    0    0   552 31020 1766 1385 78 15  6  1  0
15  0      0 161580 110516 6876136    0    0   184     0 1543 1229 84 16  0  0  0
 3  2      0 126212 110500 6914800    0    0     0 162852 3946 2037 78 20  1  1  0
 2  0      0 494840 110496 6546060    0    0     0 215200 5814 2720 37 18 32 13  0
 2  0      0 442732 110496 6595436    0    0   584   476 1421 1154 42 11 46  0  0
 3  0      0 396616 110496 6640912    0    0     0 66220 2261 1586 40 10 47  3  0
 3  0      0 326344 110496 6712228    0    0     0     4 1481 1147 53 13 34  0  0
procs -----------memory---------- ---swap-- -----io---- -system-- ------cpu-----
 r  b   swpd   free   buff  cache   si   so    bi    bo   in   cs us sy id wa st
 1  1      0 339612 110496 6698888    0    0     0 119508 2458 1717 39 14 40  7  0
 2  0      0 469764 110500 6568324    0    0  1152   448 1427 1247 42 11 46  1  0
 1  1      0 429696 110500 6606452    0    0     0 66120 1835 1447 37 12 46  4  0
 2  0      0 387360 110500 6650472    0    0     0    16 1342 1102 44 10 47  0  0
 2  0      0 345788 110500 6692724    0    0     0 66076 1944 1395 38 11 47  4  0
 2  0      0 294672 110500 6741548    0    0     0     4 1266 1100 42 11 47  0  0
 2  0      0 279068 110500 6751324    0    0   688 97008 2756 1862 51 13 28  8  0
 2  0      0 229712 110500 6801460    0    0     0   252 1231 1032 44  9 47  0  0
 2  0      0 190176 110500 6839860    0    0     0 66380 2008 1511 39 10 47  4  0
 2  0      0 140084 110500 6888532    0    0     0    28 1318 1140 44 10 47  0  0
 1  0      0 481856 110500 6550440    0    0     0 63212 2119 1453 26 14 56  4  0
 1  0      0 471300 110500 6560744    0    0   540    60 1129 1103 21  7 72  0  0
 1  0      0 499528 110504 6541032    0    0     0 31212 1762 1308 34 10 54  2  0
 1  0      0 488192 110504 6551792    0    0     0   216 1150 1107 22  7 72  0  0
 1  0      0 477104 110504 6562548    0    0     0    24 1217 1259 22  7 71  0  0
 1  0      0 466308 110504 6572888    0    0     0     4 1242 1180 22  6 72  0  0
 1  0      0 454728 110504 6583532    0    0  1666   160 1781 2046 22  7 71  0  0
 1  0      0 442884 110504 6593780    0    0     0   224 1160 1129 21  6 72  0  0
 7  0      0 415204 110508 6620136    0    0     0 31060 1960 1523 54 15 30  1  0
 8  0      0 279920 110508 6762968    0    0     0   260 1476 1130 83 17  0  0  0
 5  0      0 144372 110508 6894184    0    0     0 110748 2900 1985 81 17  1  1  0
procs -----------memory---------- ---swap-- -----io---- -system-- ------cpu-----
 r  b   swpd   free   buff  cache   si   so    bi    bo   in   cs us sy id wa st
 3  0      0 499456 110516 6529420    0    0  2359 258424 5345 3566 51 20 21  8  0
 2  0      0 451900 110516 6578840    0    0     0     4 10716 1117 43 12 45  0  0
 2  0      0 413276 110516 6624484    0    0   524 66740 1725 1515 39 11 46  4  0
 3  0      0 363128 110516 6674028    0    0     0     0 1195 1012 41 11 48  0  0
 2  0      0 346028 110516 6689300    0    0     0 97704 2527 1535 49 12 34  5  0
 2  0      0 303444 110516 6741540    0    0    92     0 1364 1142 41 12 47  0  0
 2  0      0 511836 110520 6527836    0    0     0 91140 2420 1500 35 12 48  5  0
 2  0      0 461924 110520 6584332    0    0    36     4 1219 1108 42 11 47  0  0
 2  0      0 418832 110520 6630800    0    0     0 66112 2091 1359 38 11 47  4  0
 2  0      0 363172 110520 6685612    0    0     0   252 1255 1148 42 11 47  0  0
 2  1      0 271204 110520 6764272    0    0     0 92704 2164 1522 51 14 30  5  0
 2  0      0 283024 110528 6747864    0    0     0 70520 2060 1474 39 11 46  4  0
 2  0      0 226580 110528 6802544    0    0   920   420 1243 1121 42 11 47  0  0
 3  0      0 182756 110528 6846768    0    0     0 66176 2170 1534 38 11 47  3  0
 2  0      0 126096 110528 6901800    0    0     0    12 1228 1067 42 12 47  0  0
 2  0      0 490020 110524 6536056    0    0     0 77424 2210 1572 28 14 54  4  0
 1  1      0 452784 110524 6577628    0    0     0 17408 1436 1164 34 11 54  1  0
 1  0      0 511100 110524 6525004    0    0     0 13740 1235 1191 20  8 70  1  0
 1  0      0 501272 110524 6534848    0    0     0     4  965  984 20  8 72  0  0
 1  0      0 491472 110524 6544012    0    0     0     0 1100 1096 22  6 72  0  0
 1  0      0 483156 110524 6552608    0    0     0    24 1007 1055 23  5 72  0  0
procs -----------memory---------- ---swap-- -----io---- -system-- ------cpu-----
 r  b   swpd   free   buff  cache   si   so    bi    bo   in   cs us sy id wa st
 1  0      0 474084 110524 6561604    0    0     0   216 1023 1035 22  6 72  0  0
 3  0      0 459720 110524 6575036    0    0     0   172 1218 1126 25  7 68  0  0
 7  0      0 439580 110524 6585788    0    0     0 31092 1676 1305 54 13 30  2  0
15  0      0 311840 110524 6726052    0    0     0     4 1428 1150 81 19  0  0  0
 7  0      0 169996 110524 6861872    0    0     0 104596 2633 1660 79 21  0  0  0
 2  0      0 480380 110516 6549220    0    0     0 257992 5204 3062 51 17 19 12  0
 2  0      0 434216 110516 6600700    0    0   988   344 2650 1171 41 13 45  0  0
 2  0      0 384880 110516 6646748    0    0     0 66720 2172 1512 39 11 47  3  0
 2  0      0 341284 110516 6695360    0    0  2560     0 1268 1148 42 11 46  0  0
 2  1      0 267988 110516 6771816    0    0    24 77372 2236 1382 53 13 29  4  0
 1  1      0 288948 110516 6757720    0    0     0 28100 1418 1229 43 10 45  2  0
 2  0      0 507784 110520 6542904    0    0   972 81312 2172 1522 36 12 47  5  0
 2  0      0 453992 110520 6596548    0    0   196   192 1389 1177 41 13 46  0  0
 2  0      0 401536 110520 6642464    0    0   652 66132 2028 1322 39 11 46  4  0
 2  0      0 347132 110520 6696172    0    0     0    88 1274 1125 43 10 47  0  0
 3  0      0 264980 110520 6769944    0    0     0 66068 2170 1463 48 12 36  3  0
 2  0      0 276792 110520 6762184    0    0  1020 97184 2305 1752 43 11 39  7  0
 2  0      0 224912 110520 6813584    0    0     0   668 1329 1051 41 12 47  0  0
 2  0      0 182828 110520 6856224    0    0   832 66152 2316 1530 38 13 46  3  0
 1  0      0 470832 110520 6554276    0    0     0 28272 1498 1229 28 10 60  2  0
 2  0      0 460280 110520 6563600    0    0   384     0 1137 1108 22  6 72  0  0
procs -----------memory---------- ---swap-- -----io---- -system-- ------cpu-----
 r  b   swpd   free   buff  cache   si   so    bi    bo   in   cs us sy id wa st
 4  0      0 437224 110520 6587656    0    0   324    16 1251 1087 27  8 65  0  0
 1  0      0 479756 110528 6554340    0    0   612 31172 1606 1303 26 10 61  2  0
 1  0      0 466924 110528 6565844    0    0   340     4 1233 1163 21  8 71  0  0
 1  0      0 454452 110528 6576776    0    0     0     4 1245 1256 20  8 72  0  0
 1  0      0 443896 110528 6587128    0    0     0     4 1107 1070 21  7 72  0  0
 1  0      0 434828 110528 6597100    0    0     0     0 1239 1184 22  5 72  0  0
 2  0      0 385688 110528 6636900    0    0     0   836 1430 1178 31  9 59  0  0
 8  0      0 364432 110532 6682668    0    0     0 31176 1892 1417 77 16  6  1  0
 6  0      0 249016 110532 6793560    0    0     0 35012 2093 1428 82 16  1  1  0
 6  0      0 125812 110532 6909224    0    0     0 49152 2045 1309 78 16  1  5  0
 3  0      0 413260 110528 6619996    0    0     0 273368 4556 2863 44 16 19 21  0
 2  0      0 441992 110528 6598428    0    0     0   336 1894 1129 41 14 44  0  0
 2  0      0 396924 110532 6642464    0    0     0 66392 1556 1551 38 11 47  3  0
 2  0      0 346864 110532 6692564    0    0  1666     8 2159 2186 43 12 45  0  0
 3  0      0 289408 110532 6751904    0    0     0 66064 1557 1432 45 13 39  3  0
 2  0      0 281688 110536 6756952    0    0     8 31272 1770 1306 49 12 38  1  0
 2  0      0 239660 110536 6798016    0    0     0 66056 1569 1399 37 11 47  5  0
 3  0      0 448184 110536 6581340    0    0     0 27324 1356 1248 37 13 48  2  0
 2  0      0 400372 110536 6624484    0    0  1171     0 1799 1838 44 11 45  0  0
 2  0      0 370028 110536 6664284    0    0   496 66360 1725 1617 38 11 46  5  0
 2  0      0 322404 110536 6710948    0    0     0    64 1342 1149 43 10 47  0  0
procs -----------memory---------- ---swap-- -----io---- -system-- ------cpu-----
 r  b   swpd   free   buff  cache   si   so    bi    bo   in   cs us sy id wa st
 3  0      0 256636 110536 6780924    0    0     0 66112 1564 1322 53 13 30  4  0
 2  0      0 278156 110536 6768432    0    0     0 31516 1797 1261 41 13 44  2  0
 3  0      0 236100 110536 6809560    0    0     0 66172 1578 1413 37 13 46  3  0
 1  1      0 185448 110536 6857980    0    0   980 49388 1520 1261 39 12 46  3  0
 1  0      0 466332 110536 6567064    0    0     0 37680 1668 1613 31 11 57  2  0
 1  0      0 455524 110536 6577644    0    0     0     0 1019 1022 20  7 72  0  0
 1  0      0 463904 110536 6558316    0    0     0 31140 1618 1336 32  8 57  3  0
 1  0      0 450860 110536 6569968    0    0     0    16 1194 1132 21  7 72  0  0
 1  0      0 449500 110536 6580520    0    0     0   148 1041 1113 21  7 72  0  0
 1  0      0 438160 110536 6591504    0    0     0   300 1039 1082 22  5 73  0  0
 1  0      0 427368 110536 6602408    0    0     0     0 1236 1249 23  6 72  0  0
 2  0      0 409480 110536 6620440    0    0     0   508 1038 1063 24  6 69  0  0
 7  0      0 389376 110540 6659052    0    0     0 31060 1922 1480 61 15 23  1  0
15  0      0 247032 110540 6803832    0    0     0 21572 1788 1273 82 18  0  0  0
 5  0      0 127108 110540 6920740    0    0     0 176808 3757 2342 76 20  1  4  0
 2  0      0 446368 110544 6606016    0    0     0 146680 4439 2200 43 17 27 13  0
 1  0      0 414924 110544 6621756    0    0     0 16560 1400 1242 26  6 68  1  0
 1  0      0 386992 110544 6654016    0    0   476 66080 1782 1368 21  5 71  4  0
 1  0      0 349472 110544 6690812    0    0     0    20 1186 1166 22  6 71  0  0
 0  1      0 317972 110548 6721128    0    0     0 71272 1686 1346 19  5 72  4  0
 1  0      0 465368 110548 6572552    0    0     0 17884 1343 1275 22  5 72  1  0
procs -----------memory---------- ---swap-- -----io---- -system-- ------cpu-----
 r  b   swpd   free   buff  cache   si   so    bi    bo   in   cs us sy id wa st
 0  1      0 428196 110548 6606704    0    0   136 37896 1489 1281 21  6 71  3  0
 1  0      0 473760 110552 6559264    0    0     0 34924 1504 1355 19  6 73  3  0
 1  0      0 434464 110552 6597504    0    0     0 66104 1792 1346 18  7 73  3  0
 5  0      0 503732 110556 6519020    0    0     0 40468 1792 1631 23  7 68  2  0
 5  0      0 378844 110556 6672576    0    0     0  6396 1682 1135 83 15  1  0  0
 0  1      0 261676 110560 6784344    0    0     0 264432 4299 2988 58 13  6 23  0
 1  0      0 486348 110560 6556264    0    0     0    44 1231 1129 21  7 72  0  0
 1  0      0 456644 110560 6592444    0    0     0 66140 1204 1349 18  5 73  4  0
 1  0      0 408008 110560 6639636    0    0     0    24 1232 1179 21  7 72  0  0
 1  0      0 365168 110560 6680924    0    0   736 66252 1452 1501 20  6 71  3  0
 1  0      0 324608 110560 6720196    0    0    36 66352 1377 1387 18  6 72  4  0
 1  0      0 276728 110560 6766724    0    0     0   480 1303 1231 24  4 72  0  0
 1  0      0 234140 110560 6809176    0    0     0 66192 1300 1354 18  5 73  3  0
24  0      0 464356 110564 6551720    0    0     0 40468 2788 2961 54 12 31  3  0
23  0      0 313804 110564 6704500    0    0     0    20 1525 1647 83 16  0  0  0
24  0      0 153312 110564 6862524    0    0     0     0 1507 1628 84 15  0  0  0
25  0      0 116680 110472 6898060    0    0     0   172 1566 1661 84 16  0  0  0
26  1      0 114556 110452 6887304    0    0  1220 233436 7200 3191 80 19  1  0  0
25  2      0 128564 110432 6848724    0    0   840 355120 9398 2924 81 19  0  0  0
25  0      0 125168 110356 6836808    0    0  2600 54084 2814 1912 86 14  0  0  0
25  0      0 122448 110332 6832960    0    0     0     0 1547 1564 87 13  0  0  0
procs -----------memory---------- ---swap-- -----io---- -system-- ------cpu-----
 r  b   swpd   free   buff  cache   si   so    bi    bo   in   cs us sy id wa st
24  0      0 121308 110300 6827732    0    0     0   148 1648 1640 88 12  0  0  0
25  0      0 131556 110252 6808616    0    0     0   704 2071 1779 85 14  1  0  0
22  1      0 120520 110268 6871344    0    0   352 174716 5956 2998 82 18  1  0  0
 2  1      0 121752 110248 6880480    0    0     0 402156 9251 5844 60 21  4 16  0
13  0      0 1620116 110252 5389488    0    0     0 213460 5893 4745 18 19 37 26  0
10  0      0 1473660 110252 5533980    0    0     0     0 20579 1247 80 20  0  0  0
10  0      0 1319496 110252 5681516    0    0   612     0 1717 1343 84 16  0  0  0
11  0      0 1164516 110252 5829856    0    0     0   804 1790 1368 83 17  1  0  0
 3  5      0 1030204 110252 5974072    0    0    60 218292 5718 2980 78 19  1  3  0
